

================================================================
== Vivado HLS Report for 'TrotterUnit5S_0_s'
================================================================
* Date:           Mon Jun 28 22:48:50 2021

* Version:        2020.1 (Build 2897737 on Wed May 27 20:21:37 MDT 2020)
* Project:        SQA-HLS
* Solution:       solution1
* Product family: zynq
* Target device:  xc7z020-clg400-1


================================================================
== Performance Estimates
================================================================
+ Timing: 
    * Summary: 
    +--------+----------+----------+------------+
    |  Clock |  Target  | Estimated| Uncertainty|
    +--------+----------+----------+------------+
    |ap_clk  | 10.00 ns | 8.317 ns |   1.25 ns  |
    +--------+----------+----------+------------+

+ Latency: 
    * Summary: 
    +---------+---------+-----------+----------+-----+-----+---------+
    |  Latency (cycles) |  Latency (absolute)  |  Interval | Pipeline|
    |   min   |   max   |    min    |    max   | min | max |   Type  |
    +---------+---------+-----------+----------+-----+-----+---------+
    |        1|       59| 10.000 ns | 0.590 us |    1|   59|   none  |
    +---------+---------+-----------+----------+-----+-----+---------+

    + Detail: 
        * Instance: 
        N/A

        * Loop: 
        N/A



================================================================
== Utilization Estimates
================================================================
* Summary: 
+-----------------+---------+-------+--------+-------+-----+
|       Name      | BRAM_18K| DSP48E|   FF   |  LUT  | URAM|
+-----------------+---------+-------+--------+-------+-----+
|DSP              |        -|      1|       -|      -|    -|
|Expression       |        -|      -|       0|   2372|    -|
|FIFO             |        -|      -|       -|      -|    -|
|Instance         |        -|      7|     619|   1340|    -|
|Memory           |        -|      -|       -|      -|    -|
|Multiplexer      |        -|      -|       -|    634|    -|
|Register         |        -|      -|     980|      -|    -|
+-----------------+---------+-------+--------+-------+-----+
|Total            |        0|      8|    1599|   4346|    0|
+-----------------+---------+-------+--------+-------+-----+
|Available        |      280|    220|  106400|  53200|    0|
+-----------------+---------+-------+--------+-------+-----+
|Utilization (%)  |        0|      3|       1|      8|    0|
+-----------------+---------+-------+--------+-------+-----+

+ Detail: 
    * Instance: 
    +-------------------------+----------------------+---------+-------+-----+-----+-----+
    |         Instance        |        Module        | BRAM_18K| DSP48E|  FF | LUT | URAM|
    +-------------------------+----------------------+---------+-------+-----+-----+-----+
    |QuantumMonteCarlobkb_U1  |QuantumMonteCarlobkb  |        0|      2|  205|  390|    0|
    |QuantumMonteCarlocud_U2  |QuantumMonteCarlocud  |        0|      2|  205|  390|    0|
    |QuantumMonteCarlodEe_U3  |QuantumMonteCarlodEe  |        0|      3|  143|  321|    0|
    |QuantumMonteCarloeOg_U4  |QuantumMonteCarloeOg  |        0|      0|   66|  239|    0|
    +-------------------------+----------------------+---------+-------+-----+-----+-----+
    |Total                    |                      |        0|      7|  619| 1340|    0|
    +-------------------------+----------------------+---------+-------+-----+-----+-----+

    * DSP48E: 
    +-------------------------+----------------------+-----------+
    |         Instance        |        Module        | Expression|
    +-------------------------+----------------------+-----------+
    |QuantumMonteCarlofYi_U5  |QuantumMonteCarlofYi  |  i0 * i1  |
    +-------------------------+----------------------+-----------+

    * Memory: 
    N/A

    * FIFO: 
    N/A

    * Expression: 
    +----------------------------+----------+-------+---+----+------------+------------+
    |        Variable Name       | Operation| DSP48E| FF| LUT| Bitwidth P0| Bitwidth P1|
    +----------------------------+----------+-------+---+----+------------+------------+
    |add_ln58_10_fu_1100_p2      |     +    |      0|  0|  13|          11|           4|
    |add_ln58_11_fu_1154_p2      |     +    |      0|  0|  13|          11|           4|
    |add_ln58_12_fu_1208_p2      |     +    |      0|  0|  13|          11|           4|
    |add_ln58_13_fu_1228_p2      |     +    |      0|  0|  13|          11|           4|
    |add_ln58_14_fu_1242_p2      |     +    |      0|  0|  13|          11|           4|
    |add_ln58_1_fu_614_p2        |     +    |      0|  0|  13|          11|           1|
    |add_ln58_2_fu_668_p2        |     +    |      0|  0|  13|          11|           2|
    |add_ln58_3_fu_722_p2        |     +    |      0|  0|  13|          11|           2|
    |add_ln58_4_fu_776_p2        |     +    |      0|  0|  13|          11|           3|
    |add_ln58_5_fu_830_p2        |     +    |      0|  0|  13|          11|           3|
    |add_ln58_6_fu_884_p2        |     +    |      0|  0|  13|          11|           3|
    |add_ln58_7_fu_938_p2        |     +    |      0|  0|  13|          11|           3|
    |add_ln58_8_fu_992_p2        |     +    |      0|  0|  13|          11|           4|
    |add_ln58_9_fu_1046_p2       |     +    |      0|  0|  13|          11|           4|
    |add_ln58_fu_1256_p2         |     +    |      0|  0|  13|          11|           4|
    |add_ln73_fu_1270_p2         |     +    |      0|  0|  13|          11|           5|
    |and_ln40_fu_1448_p2         |    and   |      0|  0|   2|           1|           1|
    |and_ln51_fu_544_p2          |    and   |      0|  0|   2|           1|           1|
    |and_ln59_106_fu_648_p2      |    and   |      0|  0|   2|           1|           1|
    |and_ln59_107_fu_702_p2      |    and   |      0|  0|   2|           1|           1|
    |and_ln59_108_fu_756_p2      |    and   |      0|  0|   2|           1|           1|
    |and_ln59_109_fu_810_p2      |    and   |      0|  0|   2|           1|           1|
    |and_ln59_110_fu_864_p2      |    and   |      0|  0|   2|           1|           1|
    |and_ln59_111_fu_918_p2      |    and   |      0|  0|   2|           1|           1|
    |and_ln59_112_fu_972_p2      |    and   |      0|  0|   2|           1|           1|
    |and_ln59_113_fu_1026_p2     |    and   |      0|  0|   2|           1|           1|
    |and_ln59_114_fu_1080_p2     |    and   |      0|  0|   2|           1|           1|
    |and_ln59_115_fu_1134_p2     |    and   |      0|  0|   2|           1|           1|
    |and_ln59_116_fu_1188_p2     |    and   |      0|  0|   2|           1|           1|
    |and_ln59_117_fu_1298_p2     |    and   |      0|  0|   2|           1|           1|
    |and_ln59_118_fu_1337_p2     |    and   |      0|  0|   2|           1|           1|
    |and_ln59_119_fu_1376_p2     |    and   |      0|  0|   2|           1|           1|
    |and_ln59_120_fu_1415_p2     |    and   |      0|  0|   2|           1|           1|
    |and_ln59_fu_594_p2          |    and   |      0|  0|   2|           1|           1|
    |and_ln93_8_fu_1577_p2       |    and   |      0|  0|   2|           1|           1|
    |and_ln93_fu_1571_p2         |    and   |      0|  0|   2|           1|           1|
    |icmp_ln50_fu_532_p2         |   icmp   |      0|  0|  18|          32|           1|
    |icmp_ln51_fu_538_p2         |   icmp   |      0|  0|  18|          32|          32|
    |icmp_ln58_10_fu_1109_p2     |   icmp   |      0|  0|  18|          32|          32|
    |icmp_ln58_11_fu_1163_p2     |   icmp   |      0|  0|  18|          32|          32|
    |icmp_ln58_12_fu_1217_p2     |   icmp   |      0|  0|  18|          32|          32|
    |icmp_ln58_13_fu_1237_p2     |   icmp   |      0|  0|  18|          32|          32|
    |icmp_ln58_14_fu_1251_p2     |   icmp   |      0|  0|  18|          32|          32|
    |icmp_ln58_15_fu_1265_p2     |   icmp   |      0|  0|  18|          32|          32|
    |icmp_ln58_1_fu_623_p2       |   icmp   |      0|  0|  18|          32|          32|
    |icmp_ln58_2_fu_677_p2       |   icmp   |      0|  0|  18|          32|          32|
    |icmp_ln58_3_fu_731_p2       |   icmp   |      0|  0|  18|          32|          32|
    |icmp_ln58_4_fu_785_p2       |   icmp   |      0|  0|  18|          32|          32|
    |icmp_ln58_5_fu_839_p2       |   icmp   |      0|  0|  18|          32|          32|
    |icmp_ln58_6_fu_893_p2       |   icmp   |      0|  0|  18|          32|          32|
    |icmp_ln58_7_fu_947_p2       |   icmp   |      0|  0|  18|          32|          32|
    |icmp_ln58_8_fu_1001_p2      |   icmp   |      0|  0|  18|          32|          32|
    |icmp_ln58_9_fu_1055_p2      |   icmp   |      0|  0|  18|          32|          32|
    |icmp_ln58_fu_571_p2         |   icmp   |      0|  0|  18|          32|          32|
    |icmp_ln73_fu_1279_p2        |   icmp   |      0|  0|  18|          32|          32|
    |icmp_ln93_22_fu_1545_p2     |   icmp   |      0|  0|  18|          23|           1|
    |icmp_ln93_23_fu_1551_p2     |   icmp   |      0|  0|  11|           8|           2|
    |icmp_ln93_24_fu_1557_p2     |   icmp   |      0|  0|  18|          23|           1|
    |icmp_ln93_fu_1539_p2        |   icmp   |      0|  0|  11|           8|           2|
    |or_ln93_8_fu_1567_p2        |    or    |      0|  0|   2|           1|           1|
    |or_ln93_fu_1563_p2          |    or    |      0|  0|   2|           1|           1|
    |dHTmp_51_fu_1453_p3         |  select  |      0|  0|  32|           1|          32|
    |dHTmp_52_fu_1461_p3         |  select  |      0|  0|  32|           1|          32|
    |dHTmp_55_fu_1482_p3         |  select  |      0|  0|  32|           1|          32|
    |select_ln58_106_fu_661_p3   |  select  |      0|  0|  32|           1|          32|
    |select_ln58_107_fu_715_p3   |  select  |      0|  0|  32|           1|          32|
    |select_ln58_108_fu_769_p3   |  select  |      0|  0|  32|           1|          32|
    |select_ln58_109_fu_823_p3   |  select  |      0|  0|  32|           1|          32|
    |select_ln58_110_fu_877_p3   |  select  |      0|  0|  32|           1|          32|
    |select_ln58_111_fu_931_p3   |  select  |      0|  0|  32|           1|          32|
    |select_ln58_112_fu_985_p3   |  select  |      0|  0|  32|           1|          32|
    |select_ln58_113_fu_1039_p3  |  select  |      0|  0|  32|           1|          32|
    |select_ln58_114_fu_1093_p3  |  select  |      0|  0|  32|           1|          32|
    |select_ln58_115_fu_1147_p3  |  select  |      0|  0|  32|           1|          32|
    |select_ln58_116_fu_1201_p3  |  select  |      0|  0|  32|           1|          32|
    |select_ln58_117_fu_1311_p3  |  select  |      0|  0|  32|           1|          32|
    |select_ln58_118_fu_1350_p3  |  select  |      0|  0|  32|           1|          32|
    |select_ln58_119_fu_1389_p3  |  select  |      0|  0|  32|           1|          32|
    |select_ln58_120_fu_1428_p3  |  select  |      0|  0|  32|           1|          32|
    |select_ln58_fu_607_p3       |  select  |      0|  0|  32|           1|          32|
    |select_ln59_106_fu_653_p3   |  select  |      0|  0|  32|           1|          32|
    |select_ln59_107_fu_707_p3   |  select  |      0|  0|  32|           1|          32|
    |select_ln59_108_fu_761_p3   |  select  |      0|  0|  32|           1|          32|
    |select_ln59_109_fu_815_p3   |  select  |      0|  0|  32|           1|          32|
    |select_ln59_110_fu_869_p3   |  select  |      0|  0|  32|           1|          32|
    |select_ln59_111_fu_923_p3   |  select  |      0|  0|  32|           1|          32|
    |select_ln59_112_fu_977_p3   |  select  |      0|  0|  32|           1|          32|
    |select_ln59_113_fu_1031_p3  |  select  |      0|  0|  32|           1|          32|
    |select_ln59_114_fu_1085_p3  |  select  |      0|  0|  32|           1|          32|
    |select_ln59_115_fu_1139_p3  |  select  |      0|  0|  32|           1|          32|
    |select_ln59_116_fu_1193_p3  |  select  |      0|  0|  32|           1|          32|
    |select_ln59_117_fu_1303_p3  |  select  |      0|  0|  32|           1|          32|
    |select_ln59_118_fu_1342_p3  |  select  |      0|  0|  32|           1|          32|
    |select_ln59_119_fu_1381_p3  |  select  |      0|  0|  32|           1|          32|
    |select_ln59_120_fu_1420_p3  |  select  |      0|  0|  32|           1|          32|
    |select_ln59_fu_599_p3       |  select  |      0|  0|  32|           1|          32|
    |trotters_d0                 |    xor   |      0|  0|   2|           1|           2|
    |xor_ln62_106_fu_638_p2      |    xor   |      0|  0|  33|          32|          33|
    |xor_ln62_107_fu_692_p2      |    xor   |      0|  0|  33|          32|          33|
    |xor_ln62_108_fu_746_p2      |    xor   |      0|  0|  33|          32|          33|
    |xor_ln62_109_fu_800_p2      |    xor   |      0|  0|  33|          32|          33|
    |xor_ln62_110_fu_854_p2      |    xor   |      0|  0|  33|          32|          33|
    |xor_ln62_111_fu_908_p2      |    xor   |      0|  0|  33|          32|          33|
    |xor_ln62_112_fu_962_p2      |    xor   |      0|  0|  33|          32|          33|
    |xor_ln62_113_fu_1016_p2     |    xor   |      0|  0|  33|          32|          33|
    |xor_ln62_114_fu_1070_p2     |    xor   |      0|  0|  33|          32|          33|
    |xor_ln62_115_fu_1124_p2     |    xor   |      0|  0|  33|          32|          33|
    |xor_ln62_116_fu_1178_p2     |    xor   |      0|  0|  33|          32|          33|
    |xor_ln62_117_fu_1288_p2     |    xor   |      0|  0|  33|          32|          33|
    |xor_ln62_118_fu_1327_p2     |    xor   |      0|  0|  33|          32|          33|
    |xor_ln62_119_fu_1366_p2     |    xor   |      0|  0|  33|          32|          33|
    |xor_ln62_120_fu_1405_p2     |    xor   |      0|  0|  33|          32|          33|
    |xor_ln62_fu_584_p2          |    xor   |      0|  0|  33|          32|          33|
    |xor_ln79_8_fu_1443_p2       |    xor   |      0|  0|   2|           1|           2|
    |xor_ln79_fu_1439_p2         |    xor   |      0|  0|   2|           1|           1|
    |xor_ln89_fu_1472_p2         |    xor   |      0|  0|  33|          32|          33|
    |xor_ln93_fu_1493_p2         |    xor   |      0|  0|  33|          32|          33|
    +----------------------------+----------+-------+---+----+------------+------------+
    |Total                       |          |      0|  0|2372|        1482|        2378|
    +----------------------------+----------+-------+---+----+------------+------------+

    * Multiplexer: 
    +------------------------------------+-----+-----------+-----+-----------+
    |                Name                | LUT | Input Size| Bits| Total Bits|
    +------------------------------------+-----+-----------+-----+-----------+
    |JcoupLocal_address0                 |   85|         17|   10|        170|
    |ap_NS_fsm                           |  261|         61|    1|         61|
    |ap_phi_mux_phi_ln105_phi_fu_467_p8  |    9|          2|   32|         64|
    |ap_return                           |    9|          2|   32|         64|
    |grp_fu_477_opcode                   |   15|          3|    2|          6|
    |grp_fu_477_p0                       |   56|         13|   32|        416|
    |grp_fu_477_p1                       |   65|         16|   32|        512|
    |grp_fu_485_p0                       |   15|          3|   32|         96|
    |grp_fu_485_p1                       |   15|          3|   32|         96|
    |phi_ln105_reg_464                   |   15|          3|   32|         96|
    |trotters_address0                   |   89|         18|   10|        180|
    +------------------------------------+-----+-----------+-----+-----------+
    |Total                               |  634|        141|  247|       1761|
    +------------------------------------+-----+-----------+-----+-----------+

    * Register: 
    +----------------------------+----+----+-----+-----------+
    |            Name            | FF | LUT| Bits| Const Bits|
    +----------------------------+----+----+-----+-----------+
    |add_ln58_13_reg_1978        |  11|   0|   11|          0|
    |add_ln58_14_reg_1989        |  11|   0|   11|          0|
    |add_ln58_reg_2000           |  11|   0|   11|          0|
    |and_ln51_reg_1692           |   1|   0|    1|          0|
    |ap_CS_fsm                   |  60|   0|   60|          0|
    |ap_return_preg              |  32|   0|   32|          0|
    |constraint_load_reg_1706    |   1|   0|    1|          0|
    |dHTmp_52_reg_2086           |  32|   0|   32|          0|
    |icmp_ln58_10_reg_1920       |   1|   0|    1|          0|
    |icmp_ln58_11_reg_1941       |   1|   0|    1|          0|
    |icmp_ln58_12_reg_1962       |   1|   0|    1|          0|
    |icmp_ln58_13_reg_1983       |   1|   0|    1|          0|
    |icmp_ln58_14_reg_1994       |   1|   0|    1|          0|
    |icmp_ln58_15_reg_2005       |   1|   0|    1|          0|
    |icmp_ln58_1_reg_1731        |   1|   0|    1|          0|
    |icmp_ln58_2_reg_1752        |   1|   0|    1|          0|
    |icmp_ln58_3_reg_1773        |   1|   0|    1|          0|
    |icmp_ln58_4_reg_1794        |   1|   0|    1|          0|
    |icmp_ln58_5_reg_1815        |   1|   0|    1|          0|
    |icmp_ln58_6_reg_1836        |   1|   0|    1|          0|
    |icmp_ln58_7_reg_1857        |   1|   0|    1|          0|
    |icmp_ln58_8_reg_1878        |   1|   0|    1|          0|
    |icmp_ln58_9_reg_1899        |   1|   0|    1|          0|
    |icmp_ln58_reg_1710          |   1|   0|    1|          0|
    |icmp_ln73_reg_2011          |   1|   0|    1|          0|
    |icmp_ln93_22_reg_2112       |   1|   0|    1|          0|
    |icmp_ln93_23_reg_2117       |   1|   0|    1|          0|
    |icmp_ln93_24_reg_2122       |   1|   0|    1|          0|
    |icmp_ln93_reg_2107          |   1|   0|    1|          0|
    |j_cast2_reg_1687            |  11|   0|   32|         21|
    |phi_ln105_reg_464           |  32|   0|   32|          0|
    |reg_494                     |  32|   0|   32|          0|
    |reg_501                     |  32|   0|   32|          0|
    |reg_507                     |  32|   0|   32|          0|
    |reg_513                     |  32|   0|   32|          0|
    |reg_519                     |  32|   0|   32|          0|
    |select_ln58_106_reg_1747    |  32|   0|   32|          0|
    |select_ln58_107_reg_1768    |  32|   0|   32|          0|
    |select_ln58_108_reg_1789    |  32|   0|   32|          0|
    |select_ln58_109_reg_1810    |  32|   0|   32|          0|
    |select_ln58_110_reg_1831    |  32|   0|   32|          0|
    |select_ln58_111_reg_1852    |  32|   0|   32|          0|
    |select_ln58_112_reg_1873    |  32|   0|   32|          0|
    |select_ln58_113_reg_1894    |  32|   0|   32|          0|
    |select_ln58_114_reg_1915    |  32|   0|   32|          0|
    |select_ln58_115_reg_1936    |  32|   0|   32|          0|
    |select_ln58_116_reg_1957    |  32|   0|   32|          0|
    |select_ln58_117_reg_2015    |  32|   0|   32|          0|
    |select_ln58_118_reg_2030    |  32|   0|   32|          0|
    |select_ln58_119_reg_2045    |  32|   0|   32|          0|
    |select_ln58_120_reg_2060    |  32|   0|   32|          0|
    |select_ln58_reg_1726        |  32|   0|   32|          0|
    |this_spin_reg_2091          |   1|   0|    1|          0|
    |tmp_17_reg_1696             |   9|   0|    9|          0|
    |tmp_5_reg_2065              |  32|   0|   32|          0|
    |tmp_7_reg_2070              |  32|   0|   32|          0|
    |trotters_addr_128_reg_2075  |  10|   0|   10|          0|
    |xor_ln79_reg_2080           |   1|   0|    1|          0|
    +----------------------------+----+----+-----+-----------+
    |Total                       | 980|   0| 1001|         21|
    +----------------------------+----+----+-----+-----------+



================================================================
== Interface
================================================================
* Summary: 
+---------------------+-----+-----+------------+------------------+--------------+
|      RTL Ports      | Dir | Bits|  Protocol  |   Source Object  |    C Type    |
+---------------------+-----+-----+------------+------------------+--------------+
|ap_clk               |  in |    1| ap_ctrl_hs | TrotterUnit5S<0> | return value |
|ap_rst               |  in |    1| ap_ctrl_hs | TrotterUnit5S<0> | return value |
|ap_start             |  in |    1| ap_ctrl_hs | TrotterUnit5S<0> | return value |
|ap_done              | out |    1| ap_ctrl_hs | TrotterUnit5S<0> | return value |
|ap_idle              | out |    1| ap_ctrl_hs | TrotterUnit5S<0> | return value |
|ap_ready             | out |    1| ap_ctrl_hs | TrotterUnit5S<0> | return value |
|ap_return            | out |   32| ap_ctrl_hs | TrotterUnit5S<0> | return value |
|nTrot                |  in |   32|   ap_none  |       nTrot      |    scalar    |
|nSpin                |  in |   32|   ap_none  |       nSpin      |    scalar    |
|i                    |  in |   11|   ap_none  |         i        |    scalar    |
|j                    |  in |   11|   ap_none  |         j        |    scalar    |
|trotters_address0    | out |   10|  ap_memory |     trotters     |     array    |
|trotters_ce0         | out |    1|  ap_memory |     trotters     |     array    |
|trotters_we0         | out |    1|  ap_memory |     trotters     |     array    |
|trotters_d0          | out |    1|  ap_memory |     trotters     |     array    |
|trotters_q0          |  in |    1|  ap_memory |     trotters     |     array    |
|up_trotter           |  in |    1|   ap_none  |    up_trotter    |    scalar    |
|down_trotter         |  in |    1|   ap_none  |   down_trotter   |    scalar    |
|p_read               |  in |   32|   ap_none  |      p_read      |    scalar    |
|dH_read              |  in |   32|   ap_none  |      dH_read     |    scalar    |
|hNext                |  in |   32|   ap_none  |       hNext      |    scalar    |
|Beta                 |  in |   32|   ap_none  |       Beta       |    scalar    |
|dHTunnel             |  in |   32|   ap_none  |     dHTunnel     |    scalar    |
|JcoupLocal_address0  | out |   10|  ap_memory |    JcoupLocal    |     array    |
|JcoupLocal_ce0       | out |    1|  ap_memory |    JcoupLocal    |     array    |
|JcoupLocal_q0        |  in |   32|  ap_memory |    JcoupLocal    |     array    |
|logRandNumber        |  in |   32|   ap_none  |   logRandNumber  |    scalar    |
|constraint_address0  | out |    7|  ap_memory |    constraint    |     array    |
|constraint_ce0       | out |    1|  ap_memory |    constraint    |     array    |
|constraint_q0        |  in |    1|  ap_memory |    constraint    |     array    |
+---------------------+-----+-----+------------+------------------+--------------+

