

================================================================
== Vitis HLS Report for 'QuantumMonteCarloU50_Pipeline_READ_TROTTERS'
================================================================
* Date:           Tue Aug 24 11:36:45 2021

* Version:        2021.1 (Build 3247384 on Thu Jun 10 19:36:07 MDT 2021)
* Project:        QuantumMonteCarloU50
* Solution:       solution (Vitis Kernel Flow Target)
* Product family: virtexuplus
* Target device:  xcu50-fsvh2104-2-e


================================================================
== Performance Estimates
================================================================
+ Timing: 
    * Summary: 
    +--------+---------+----------+------------+
    |  Clock |  Target | Estimated| Uncertainty|
    +--------+---------+----------+------------+
    |ap_clk  |  3.33 ns|  2.433 ns|     0.90 ns|
    +--------+---------+----------+------------+

+ Latency: 
    * Summary: 
    +---------+---------+----------+----------+-----+-----+---------+
    |  Latency (cycles) |  Latency (absolute) |  Interval | Pipeline|
    |   min   |   max   |    min   |    max   | min | max |   Type  |
    +---------+---------+----------+----------+-----+-----+---------+
    |       42|       42|  0.140 us|  0.140 us|   42|   42|       no|
    +---------+---------+----------+----------+-----+-----+---------+

    + Detail: 
        * Instance: 
        N/A

        * Loop: 
        +-----------------+---------+---------+----------+-----------+-----------+------+----------+
        |                 |  Latency (cycles) | Iteration|  Initiation Interval  | Trip |          |
        |    Loop Name    |   min   |   max   |  Latency |  achieved |   target  | Count| Pipelined|
        +-----------------+---------+---------+----------+-----------+-----------+------+----------+
        |- READ_TROTTERS  |       40|       40|        10|          8|          1|     4|       yes|
        +-----------------+---------+---------+----------+-----------+-----------+------+----------+

============================================================
+ Verbose Summary: Synthesis Manager
============================================================
InlineROM: 1
ExposeGlobal: 0
============================================================
+ Verbose Summary: CDFG Model
============================================================
IsTopModel: 0
ResetActiveHigh: 1
IsCombinational: 0
IsDatapathOnly: 0
HasWiredReturn: 1
HasMFsm: 2
HasVarLatency: 1
IsPipeline: 0
IsRtlPipelined: 0
IsInstanceOverlapped: 0
IsDontTouch: 0
HasImplIP: 0
IsGatedGlobalClock: 0

+ Individual pipeline summary: 
  * Pipeline-0: initiation interval (II) = 8, depth = 10


============================================================
+ Verbose Summary: Schedule
============================================================
* Number of FSM states : 10
* Pipeline : 1
  Pipeline-0 : II = 8, D = 10, States = { 1 2 3 4 5 6 7 8 9 10 }
* Dataflow Pipeline: 0

* FSM state transitions: 
1 --> 2 
2 --> 3 
3 --> 4 
4 --> 5 
5 --> 6 
6 --> 7 
7 --> 8 
8 --> 9 
9 --> 10 
10 --> 

* FSM state operations: 

State 1 <SV = 0> <Delay = 0.95>
ST_1 : Operation 13 [1/1] (0.00ns)   --->   "%t = alloca i32 1"   --->   Operation 13 'alloca' 't' <Predicate = true> <Delay = 0.00>
ST_1 : Operation 14 [1/1] (0.00ns)   --->   "%sext_ln198_read = read i58 @_ssdm_op_Read.ap_auto.i58, i58 %sext_ln198"   --->   Operation 14 'read' 'sext_ln198_read' <Predicate = true> <Delay = 0.00>
ST_1 : Operation 15 [1/1] (0.00ns)   --->   "%sext_ln198_cast = sext i58 %sext_ln198_read"   --->   Operation 15 'sext' 'sext_ln198_cast' <Predicate = true> <Delay = 0.00>
ST_1 : Operation 16 [1/1] (0.00ns)   --->   "%specmemcore_ln0 = specmemcore void @_ssdm_op_SpecMemCore, i512 %trottersLocal_V_3, i64 666, i64 22, i64 18446744073709551615"   --->   Operation 16 'specmemcore' 'specmemcore_ln0' <Predicate = true> <Delay = 0.00>
ST_1 : Operation 17 [1/1] (0.00ns)   --->   "%specmemcore_ln0 = specmemcore void @_ssdm_op_SpecMemCore, i512 %trottersLocal_V_2, i64 666, i64 22, i64 18446744073709551615"   --->   Operation 17 'specmemcore' 'specmemcore_ln0' <Predicate = true> <Delay = 0.00>
ST_1 : Operation 18 [1/1] (0.00ns)   --->   "%specmemcore_ln0 = specmemcore void @_ssdm_op_SpecMemCore, i512 %trottersLocal_V_1, i64 666, i64 22, i64 18446744073709551615"   --->   Operation 18 'specmemcore' 'specmemcore_ln0' <Predicate = true> <Delay = 0.00>
ST_1 : Operation 19 [1/1] (0.00ns)   --->   "%specmemcore_ln0 = specmemcore void @_ssdm_op_SpecMemCore, i512 %trottersLocal_V_0, i64 666, i64 22, i64 18446744073709551615"   --->   Operation 19 'specmemcore' 'specmemcore_ln0' <Predicate = true> <Delay = 0.00>
ST_1 : Operation 20 [1/1] (0.00ns)   --->   "%specinterface_ln0 = specinterface void @_ssdm_op_SpecInterface, i512 %gmem0, void @empty_1, i32 0, i32 0, void @empty_2, i32 64, i32 0, void @empty_15, void @empty_16, void @empty_2, i32 16, i32 16, i32 16, i32 16, void @empty_2, void @empty_2"   --->   Operation 20 'specinterface' 'specinterface_ln0' <Predicate = true> <Delay = 0.00>
ST_1 : Operation 21 [1/1] (0.38ns)   --->   "%store_ln0 = store i3 0, i3 %t"   --->   Operation 21 'store' 'store_ln0' <Predicate = true> <Delay = 0.38>
ST_1 : Operation 22 [1/1] (0.00ns)   --->   "%br_ln0 = br void"   --->   Operation 22 'br' 'br_ln0' <Predicate = true> <Delay = 0.00>
ST_1 : Operation 23 [1/1] (0.00ns)   --->   "%t_2 = load i3 %t" [/home/edci/workspace/SQA_kernels/src/qmc.cpp:202]   --->   Operation 23 'load' 't_2' <Predicate = true> <Delay = 0.00>
ST_1 : Operation 24 [1/1] (0.49ns)   --->   "%icmp_ln198 = icmp_eq  i3 %t_2, i3 4" [/home/edci/workspace/SQA_kernels/src/qmc.cpp:198]   --->   Operation 24 'icmp' 'icmp_ln198' <Predicate = true> <Delay = 0.49> <CoreInst = "Cmp">   --->   Core 9 'Cmp' <Latency = 0> <II = 1> <Delay = 0.49> <FuncUnit> <Opcode : 'icmp'> <InPorts = 2> <OutPorts = 1>
ST_1 : Operation 25 [1/1] (0.57ns)   --->   "%add_ln198 = add i3 %t_2, i3 1" [/home/edci/workspace/SQA_kernels/src/qmc.cpp:198]   --->   Operation 25 'add' 'add_ln198' <Predicate = true> <Delay = 0.57> <CoreInst = "Adder">   --->   Core 1 'Adder' <Latency = 0> <II = 1> <Delay = 0.57> <FuncUnit> <Opcode : 'add' 'sub'> <InPorts = 2> <OutPorts = 1>
ST_1 : Operation 26 [1/1] (0.00ns)   --->   "%br_ln198 = br i1 %icmp_ln198, void %.split17, void %codeRepl.exitStub" [/home/edci/workspace/SQA_kernels/src/qmc.cpp:198]   --->   Operation 26 'br' 'br_ln198' <Predicate = true> <Delay = 0.00>
ST_1 : Operation 27 [1/1] (0.00ns)   --->   "%trunc_ln202 = trunc i3 %t_2" [/home/edci/workspace/SQA_kernels/src/qmc.cpp:202]   --->   Operation 27 'trunc' 'trunc_ln202' <Predicate = (!icmp_ln198)> <Delay = 0.00>
ST_1 : Operation 28 [1/1] (0.65ns)   --->   "%switch_ln202 = switch i2 %trunc_ln202, void %branch31, i2 0, void %branch28, i2 1, void %branch29, i2 2, void %branch30" [/home/edci/workspace/SQA_kernels/src/qmc.cpp:202]   --->   Operation 28 'switch' 'switch_ln202' <Predicate = (!icmp_ln198)> <Delay = 0.65>
ST_1 : Operation 29 [1/1] (0.38ns)   --->   "%store_ln198 = store i3 %add_ln198, i3 %t" [/home/edci/workspace/SQA_kernels/src/qmc.cpp:198]   --->   Operation 29 'store' 'store_ln198' <Predicate = (!icmp_ln198)> <Delay = 0.38>
ST_1 : Operation 30 [1/1] (0.00ns)   --->   "%br_ln0 = br void"   --->   Operation 30 'br' 'br_ln0' <Predicate = (!icmp_ln198)> <Delay = 0.00>

State 2 <SV = 1> <Delay = 2.43>
ST_2 : Operation 31 [1/1] (0.00ns)   --->   "%gmem0_addr = getelementptr i512 %gmem0, i64 %sext_ln198_cast" [/home/edci/workspace/SQA_kernels/src/qmc.cpp:198]   --->   Operation 31 'getelementptr' 'gmem0_addr' <Predicate = true> <Delay = 0.00>
ST_2 : Operation 32 [1/1] (2.43ns)   --->   "%gmem0_addr_read = read i512 @_ssdm_op_Read.m_axi.p1i512, i512 %gmem0_addr" [/home/edci/workspace/SQA_kernels/src/qmc.cpp:202]   --->   Operation 32 'read' 'gmem0_addr_read' <Predicate = (!icmp_ln198)> <Delay = 2.43> <CoreInst = "m_axi">   --->   Core 121 'm_axi' <Latency = 6> <II = 1> <Delay = 1.00> <Adapter> <Opcode : 'read' 'write' 'readreq' 'writereq' 'writeresp'>

State 3 <SV = 2> <Delay = 2.43>
ST_3 : Operation 33 [1/1] (0.00ns)   --->   "%trottersLocal_V_3_addr_14 = getelementptr i512 %trottersLocal_V_3, i64 0, i64 0" [/home/edci/workspace/SQA_kernels/src/qmc.cpp:202]   --->   Operation 33 'getelementptr' 'trottersLocal_V_3_addr_14' <Predicate = true> <Delay = 0.00>
ST_3 : Operation 34 [1/1] (0.00ns)   --->   "%trottersLocal_V_2_addr_14 = getelementptr i512 %trottersLocal_V_2, i64 0, i64 0" [/home/edci/workspace/SQA_kernels/src/qmc.cpp:202]   --->   Operation 34 'getelementptr' 'trottersLocal_V_2_addr_14' <Predicate = true> <Delay = 0.00>
ST_3 : Operation 35 [1/1] (0.00ns)   --->   "%trottersLocal_V_1_addr_14 = getelementptr i512 %trottersLocal_V_1, i64 0, i64 0" [/home/edci/workspace/SQA_kernels/src/qmc.cpp:202]   --->   Operation 35 'getelementptr' 'trottersLocal_V_1_addr_14' <Predicate = true> <Delay = 0.00>
ST_3 : Operation 36 [1/1] (0.00ns)   --->   "%trottersLocal_V_0_addr_14 = getelementptr i512 %trottersLocal_V_0, i64 0, i64 0" [/home/edci/workspace/SQA_kernels/src/qmc.cpp:202]   --->   Operation 36 'getelementptr' 'trottersLocal_V_0_addr_14' <Predicate = true> <Delay = 0.00>
ST_3 : Operation 37 [1/1] (2.43ns)   --->   "%gmem0_addr_read_1 = read i512 @_ssdm_op_Read.m_axi.p1i512, i512 %gmem0_addr" [/home/edci/workspace/SQA_kernels/src/qmc.cpp:202]   --->   Operation 37 'read' 'gmem0_addr_read_1' <Predicate = (!icmp_ln198)> <Delay = 2.43> <CoreInst = "m_axi">   --->   Core 121 'm_axi' <Latency = 6> <II = 1> <Delay = 1.00> <Adapter> <Opcode : 'read' 'write' 'readreq' 'writereq' 'writeresp'>
ST_3 : Operation 38 [1/1] (1.20ns)   --->   "%store_ln202 = store i512 %gmem0_addr_read, i3 %trottersLocal_V_2_addr_14" [/home/edci/workspace/SQA_kernels/src/qmc.cpp:202]   --->   Operation 38 'store' 'store_ln202' <Predicate = (!icmp_ln198 & trunc_ln202 == 2)> <Delay = 1.20> <CoreInst = "RAM_2P_BRAM">   --->   Core 94 'RAM_2P_BRAM' <Latency = 1> <II = 1> <Delay = 1.20> <Storage> <Opcode : 'load' 'store'> <Ports = 2> <Width = 512> <Depth = 8> <RAM>
ST_3 : Operation 39 [1/1] (1.20ns)   --->   "%store_ln202 = store i512 %gmem0_addr_read, i3 %trottersLocal_V_1_addr_14" [/home/edci/workspace/SQA_kernels/src/qmc.cpp:202]   --->   Operation 39 'store' 'store_ln202' <Predicate = (!icmp_ln198 & trunc_ln202 == 1)> <Delay = 1.20> <CoreInst = "RAM_2P_BRAM">   --->   Core 94 'RAM_2P_BRAM' <Latency = 1> <II = 1> <Delay = 1.20> <Storage> <Opcode : 'load' 'store'> <Ports = 2> <Width = 512> <Depth = 8> <RAM>
ST_3 : Operation 40 [1/1] (1.20ns)   --->   "%store_ln202 = store i512 %gmem0_addr_read, i3 %trottersLocal_V_0_addr_14" [/home/edci/workspace/SQA_kernels/src/qmc.cpp:202]   --->   Operation 40 'store' 'store_ln202' <Predicate = (!icmp_ln198 & trunc_ln202 == 0)> <Delay = 1.20> <CoreInst = "RAM_2P_BRAM">   --->   Core 94 'RAM_2P_BRAM' <Latency = 1> <II = 1> <Delay = 1.20> <Storage> <Opcode : 'load' 'store'> <Ports = 2> <Width = 512> <Depth = 8> <RAM>
ST_3 : Operation 41 [1/1] (1.20ns)   --->   "%store_ln202 = store i512 %gmem0_addr_read, i3 %trottersLocal_V_3_addr_14" [/home/edci/workspace/SQA_kernels/src/qmc.cpp:202]   --->   Operation 41 'store' 'store_ln202' <Predicate = (!icmp_ln198 & trunc_ln202 == 3)> <Delay = 1.20> <CoreInst = "RAM_2P_BRAM">   --->   Core 94 'RAM_2P_BRAM' <Latency = 1> <II = 1> <Delay = 1.20> <Storage> <Opcode : 'load' 'store'> <Ports = 2> <Width = 512> <Depth = 8> <RAM>

State 4 <SV = 3> <Delay = 2.43>
ST_4 : Operation 42 [1/1] (0.00ns)   --->   "%trottersLocal_V_3_addr_13 = getelementptr i512 %trottersLocal_V_3, i64 0, i64 1" [/home/edci/workspace/SQA_kernels/src/qmc.cpp:202]   --->   Operation 42 'getelementptr' 'trottersLocal_V_3_addr_13' <Predicate = true> <Delay = 0.00>
ST_4 : Operation 43 [1/1] (0.00ns)   --->   "%trottersLocal_V_2_addr_13 = getelementptr i512 %trottersLocal_V_2, i64 0, i64 1" [/home/edci/workspace/SQA_kernels/src/qmc.cpp:202]   --->   Operation 43 'getelementptr' 'trottersLocal_V_2_addr_13' <Predicate = true> <Delay = 0.00>
ST_4 : Operation 44 [1/1] (0.00ns)   --->   "%trottersLocal_V_1_addr_13 = getelementptr i512 %trottersLocal_V_1, i64 0, i64 1" [/home/edci/workspace/SQA_kernels/src/qmc.cpp:202]   --->   Operation 44 'getelementptr' 'trottersLocal_V_1_addr_13' <Predicate = true> <Delay = 0.00>
ST_4 : Operation 45 [1/1] (0.00ns)   --->   "%trottersLocal_V_0_addr_13 = getelementptr i512 %trottersLocal_V_0, i64 0, i64 1" [/home/edci/workspace/SQA_kernels/src/qmc.cpp:202]   --->   Operation 45 'getelementptr' 'trottersLocal_V_0_addr_13' <Predicate = true> <Delay = 0.00>
ST_4 : Operation 46 [1/1] (2.43ns)   --->   "%gmem0_addr_read_2 = read i512 @_ssdm_op_Read.m_axi.p1i512, i512 %gmem0_addr" [/home/edci/workspace/SQA_kernels/src/qmc.cpp:202]   --->   Operation 46 'read' 'gmem0_addr_read_2' <Predicate = (!icmp_ln198)> <Delay = 2.43> <CoreInst = "m_axi">   --->   Core 121 'm_axi' <Latency = 6> <II = 1> <Delay = 1.00> <Adapter> <Opcode : 'read' 'write' 'readreq' 'writereq' 'writeresp'>
ST_4 : Operation 47 [1/1] (1.20ns)   --->   "%store_ln202 = store i512 %gmem0_addr_read_1, i3 %trottersLocal_V_2_addr_13" [/home/edci/workspace/SQA_kernels/src/qmc.cpp:202]   --->   Operation 47 'store' 'store_ln202' <Predicate = (!icmp_ln198 & trunc_ln202 == 2)> <Delay = 1.20> <CoreInst = "RAM_2P_BRAM">   --->   Core 94 'RAM_2P_BRAM' <Latency = 1> <II = 1> <Delay = 1.20> <Storage> <Opcode : 'load' 'store'> <Ports = 2> <Width = 512> <Depth = 8> <RAM>
ST_4 : Operation 48 [1/1] (1.20ns)   --->   "%store_ln202 = store i512 %gmem0_addr_read_1, i3 %trottersLocal_V_1_addr_13" [/home/edci/workspace/SQA_kernels/src/qmc.cpp:202]   --->   Operation 48 'store' 'store_ln202' <Predicate = (!icmp_ln198 & trunc_ln202 == 1)> <Delay = 1.20> <CoreInst = "RAM_2P_BRAM">   --->   Core 94 'RAM_2P_BRAM' <Latency = 1> <II = 1> <Delay = 1.20> <Storage> <Opcode : 'load' 'store'> <Ports = 2> <Width = 512> <Depth = 8> <RAM>
ST_4 : Operation 49 [1/1] (1.20ns)   --->   "%store_ln202 = store i512 %gmem0_addr_read_1, i3 %trottersLocal_V_0_addr_13" [/home/edci/workspace/SQA_kernels/src/qmc.cpp:202]   --->   Operation 49 'store' 'store_ln202' <Predicate = (!icmp_ln198 & trunc_ln202 == 0)> <Delay = 1.20> <CoreInst = "RAM_2P_BRAM">   --->   Core 94 'RAM_2P_BRAM' <Latency = 1> <II = 1> <Delay = 1.20> <Storage> <Opcode : 'load' 'store'> <Ports = 2> <Width = 512> <Depth = 8> <RAM>
ST_4 : Operation 50 [1/1] (1.20ns)   --->   "%store_ln202 = store i512 %gmem0_addr_read_1, i3 %trottersLocal_V_3_addr_13" [/home/edci/workspace/SQA_kernels/src/qmc.cpp:202]   --->   Operation 50 'store' 'store_ln202' <Predicate = (!icmp_ln198 & trunc_ln202 == 3)> <Delay = 1.20> <CoreInst = "RAM_2P_BRAM">   --->   Core 94 'RAM_2P_BRAM' <Latency = 1> <II = 1> <Delay = 1.20> <Storage> <Opcode : 'load' 'store'> <Ports = 2> <Width = 512> <Depth = 8> <RAM>

State 5 <SV = 4> <Delay = 2.43>
ST_5 : Operation 51 [1/1] (0.00ns)   --->   "%trottersLocal_V_3_addr_12 = getelementptr i512 %trottersLocal_V_3, i64 0, i64 2" [/home/edci/workspace/SQA_kernels/src/qmc.cpp:202]   --->   Operation 51 'getelementptr' 'trottersLocal_V_3_addr_12' <Predicate = true> <Delay = 0.00>
ST_5 : Operation 52 [1/1] (0.00ns)   --->   "%trottersLocal_V_2_addr_12 = getelementptr i512 %trottersLocal_V_2, i64 0, i64 2" [/home/edci/workspace/SQA_kernels/src/qmc.cpp:202]   --->   Operation 52 'getelementptr' 'trottersLocal_V_2_addr_12' <Predicate = true> <Delay = 0.00>
ST_5 : Operation 53 [1/1] (0.00ns)   --->   "%trottersLocal_V_1_addr_12 = getelementptr i512 %trottersLocal_V_1, i64 0, i64 2" [/home/edci/workspace/SQA_kernels/src/qmc.cpp:202]   --->   Operation 53 'getelementptr' 'trottersLocal_V_1_addr_12' <Predicate = true> <Delay = 0.00>
ST_5 : Operation 54 [1/1] (0.00ns)   --->   "%trottersLocal_V_0_addr_12 = getelementptr i512 %trottersLocal_V_0, i64 0, i64 2" [/home/edci/workspace/SQA_kernels/src/qmc.cpp:202]   --->   Operation 54 'getelementptr' 'trottersLocal_V_0_addr_12' <Predicate = true> <Delay = 0.00>
ST_5 : Operation 55 [1/1] (2.43ns)   --->   "%gmem0_addr_read_3 = read i512 @_ssdm_op_Read.m_axi.p1i512, i512 %gmem0_addr" [/home/edci/workspace/SQA_kernels/src/qmc.cpp:202]   --->   Operation 55 'read' 'gmem0_addr_read_3' <Predicate = (!icmp_ln198)> <Delay = 2.43> <CoreInst = "m_axi">   --->   Core 121 'm_axi' <Latency = 6> <II = 1> <Delay = 1.00> <Adapter> <Opcode : 'read' 'write' 'readreq' 'writereq' 'writeresp'>
ST_5 : Operation 56 [1/1] (1.20ns)   --->   "%store_ln202 = store i512 %gmem0_addr_read_2, i3 %trottersLocal_V_2_addr_12" [/home/edci/workspace/SQA_kernels/src/qmc.cpp:202]   --->   Operation 56 'store' 'store_ln202' <Predicate = (!icmp_ln198 & trunc_ln202 == 2)> <Delay = 1.20> <CoreInst = "RAM_2P_BRAM">   --->   Core 94 'RAM_2P_BRAM' <Latency = 1> <II = 1> <Delay = 1.20> <Storage> <Opcode : 'load' 'store'> <Ports = 2> <Width = 512> <Depth = 8> <RAM>
ST_5 : Operation 57 [1/1] (1.20ns)   --->   "%store_ln202 = store i512 %gmem0_addr_read_2, i3 %trottersLocal_V_1_addr_12" [/home/edci/workspace/SQA_kernels/src/qmc.cpp:202]   --->   Operation 57 'store' 'store_ln202' <Predicate = (!icmp_ln198 & trunc_ln202 == 1)> <Delay = 1.20> <CoreInst = "RAM_2P_BRAM">   --->   Core 94 'RAM_2P_BRAM' <Latency = 1> <II = 1> <Delay = 1.20> <Storage> <Opcode : 'load' 'store'> <Ports = 2> <Width = 512> <Depth = 8> <RAM>
ST_5 : Operation 58 [1/1] (1.20ns)   --->   "%store_ln202 = store i512 %gmem0_addr_read_2, i3 %trottersLocal_V_0_addr_12" [/home/edci/workspace/SQA_kernels/src/qmc.cpp:202]   --->   Operation 58 'store' 'store_ln202' <Predicate = (!icmp_ln198 & trunc_ln202 == 0)> <Delay = 1.20> <CoreInst = "RAM_2P_BRAM">   --->   Core 94 'RAM_2P_BRAM' <Latency = 1> <II = 1> <Delay = 1.20> <Storage> <Opcode : 'load' 'store'> <Ports = 2> <Width = 512> <Depth = 8> <RAM>
ST_5 : Operation 59 [1/1] (1.20ns)   --->   "%store_ln202 = store i512 %gmem0_addr_read_2, i3 %trottersLocal_V_3_addr_12" [/home/edci/workspace/SQA_kernels/src/qmc.cpp:202]   --->   Operation 59 'store' 'store_ln202' <Predicate = (!icmp_ln198 & trunc_ln202 == 3)> <Delay = 1.20> <CoreInst = "RAM_2P_BRAM">   --->   Core 94 'RAM_2P_BRAM' <Latency = 1> <II = 1> <Delay = 1.20> <Storage> <Opcode : 'load' 'store'> <Ports = 2> <Width = 512> <Depth = 8> <RAM>

State 6 <SV = 5> <Delay = 2.43>
ST_6 : Operation 60 [1/1] (0.00ns)   --->   "%trottersLocal_V_3_addr_11 = getelementptr i512 %trottersLocal_V_3, i64 0, i64 3" [/home/edci/workspace/SQA_kernels/src/qmc.cpp:202]   --->   Operation 60 'getelementptr' 'trottersLocal_V_3_addr_11' <Predicate = true> <Delay = 0.00>
ST_6 : Operation 61 [1/1] (0.00ns)   --->   "%trottersLocal_V_2_addr_11 = getelementptr i512 %trottersLocal_V_2, i64 0, i64 3" [/home/edci/workspace/SQA_kernels/src/qmc.cpp:202]   --->   Operation 61 'getelementptr' 'trottersLocal_V_2_addr_11' <Predicate = true> <Delay = 0.00>
ST_6 : Operation 62 [1/1] (0.00ns)   --->   "%trottersLocal_V_1_addr_11 = getelementptr i512 %trottersLocal_V_1, i64 0, i64 3" [/home/edci/workspace/SQA_kernels/src/qmc.cpp:202]   --->   Operation 62 'getelementptr' 'trottersLocal_V_1_addr_11' <Predicate = true> <Delay = 0.00>
ST_6 : Operation 63 [1/1] (0.00ns)   --->   "%trottersLocal_V_0_addr_11 = getelementptr i512 %trottersLocal_V_0, i64 0, i64 3" [/home/edci/workspace/SQA_kernels/src/qmc.cpp:202]   --->   Operation 63 'getelementptr' 'trottersLocal_V_0_addr_11' <Predicate = true> <Delay = 0.00>
ST_6 : Operation 64 [1/1] (2.43ns)   --->   "%gmem0_addr_read_4 = read i512 @_ssdm_op_Read.m_axi.p1i512, i512 %gmem0_addr" [/home/edci/workspace/SQA_kernels/src/qmc.cpp:202]   --->   Operation 64 'read' 'gmem0_addr_read_4' <Predicate = (!icmp_ln198)> <Delay = 2.43> <CoreInst = "m_axi">   --->   Core 121 'm_axi' <Latency = 6> <II = 1> <Delay = 1.00> <Adapter> <Opcode : 'read' 'write' 'readreq' 'writereq' 'writeresp'>
ST_6 : Operation 65 [1/1] (1.20ns)   --->   "%store_ln202 = store i512 %gmem0_addr_read_3, i3 %trottersLocal_V_2_addr_11" [/home/edci/workspace/SQA_kernels/src/qmc.cpp:202]   --->   Operation 65 'store' 'store_ln202' <Predicate = (!icmp_ln198 & trunc_ln202 == 2)> <Delay = 1.20> <CoreInst = "RAM_2P_BRAM">   --->   Core 94 'RAM_2P_BRAM' <Latency = 1> <II = 1> <Delay = 1.20> <Storage> <Opcode : 'load' 'store'> <Ports = 2> <Width = 512> <Depth = 8> <RAM>
ST_6 : Operation 66 [1/1] (1.20ns)   --->   "%store_ln202 = store i512 %gmem0_addr_read_3, i3 %trottersLocal_V_1_addr_11" [/home/edci/workspace/SQA_kernels/src/qmc.cpp:202]   --->   Operation 66 'store' 'store_ln202' <Predicate = (!icmp_ln198 & trunc_ln202 == 1)> <Delay = 1.20> <CoreInst = "RAM_2P_BRAM">   --->   Core 94 'RAM_2P_BRAM' <Latency = 1> <II = 1> <Delay = 1.20> <Storage> <Opcode : 'load' 'store'> <Ports = 2> <Width = 512> <Depth = 8> <RAM>
ST_6 : Operation 67 [1/1] (1.20ns)   --->   "%store_ln202 = store i512 %gmem0_addr_read_3, i3 %trottersLocal_V_0_addr_11" [/home/edci/workspace/SQA_kernels/src/qmc.cpp:202]   --->   Operation 67 'store' 'store_ln202' <Predicate = (!icmp_ln198 & trunc_ln202 == 0)> <Delay = 1.20> <CoreInst = "RAM_2P_BRAM">   --->   Core 94 'RAM_2P_BRAM' <Latency = 1> <II = 1> <Delay = 1.20> <Storage> <Opcode : 'load' 'store'> <Ports = 2> <Width = 512> <Depth = 8> <RAM>
ST_6 : Operation 68 [1/1] (1.20ns)   --->   "%store_ln202 = store i512 %gmem0_addr_read_3, i3 %trottersLocal_V_3_addr_11" [/home/edci/workspace/SQA_kernels/src/qmc.cpp:202]   --->   Operation 68 'store' 'store_ln202' <Predicate = (!icmp_ln198 & trunc_ln202 == 3)> <Delay = 1.20> <CoreInst = "RAM_2P_BRAM">   --->   Core 94 'RAM_2P_BRAM' <Latency = 1> <II = 1> <Delay = 1.20> <Storage> <Opcode : 'load' 'store'> <Ports = 2> <Width = 512> <Depth = 8> <RAM>

State 7 <SV = 6> <Delay = 2.43>
ST_7 : Operation 69 [1/1] (0.00ns)   --->   "%trottersLocal_V_3_addr_10 = getelementptr i512 %trottersLocal_V_3, i64 0, i64 4" [/home/edci/workspace/SQA_kernels/src/qmc.cpp:202]   --->   Operation 69 'getelementptr' 'trottersLocal_V_3_addr_10' <Predicate = true> <Delay = 0.00>
ST_7 : Operation 70 [1/1] (0.00ns)   --->   "%trottersLocal_V_2_addr_10 = getelementptr i512 %trottersLocal_V_2, i64 0, i64 4" [/home/edci/workspace/SQA_kernels/src/qmc.cpp:202]   --->   Operation 70 'getelementptr' 'trottersLocal_V_2_addr_10' <Predicate = true> <Delay = 0.00>
ST_7 : Operation 71 [1/1] (0.00ns)   --->   "%trottersLocal_V_1_addr_10 = getelementptr i512 %trottersLocal_V_1, i64 0, i64 4" [/home/edci/workspace/SQA_kernels/src/qmc.cpp:202]   --->   Operation 71 'getelementptr' 'trottersLocal_V_1_addr_10' <Predicate = true> <Delay = 0.00>
ST_7 : Operation 72 [1/1] (0.00ns)   --->   "%trottersLocal_V_0_addr_10 = getelementptr i512 %trottersLocal_V_0, i64 0, i64 4" [/home/edci/workspace/SQA_kernels/src/qmc.cpp:202]   --->   Operation 72 'getelementptr' 'trottersLocal_V_0_addr_10' <Predicate = true> <Delay = 0.00>
ST_7 : Operation 73 [1/1] (2.43ns)   --->   "%gmem0_addr_read_5 = read i512 @_ssdm_op_Read.m_axi.p1i512, i512 %gmem0_addr" [/home/edci/workspace/SQA_kernels/src/qmc.cpp:202]   --->   Operation 73 'read' 'gmem0_addr_read_5' <Predicate = (!icmp_ln198)> <Delay = 2.43> <CoreInst = "m_axi">   --->   Core 121 'm_axi' <Latency = 6> <II = 1> <Delay = 1.00> <Adapter> <Opcode : 'read' 'write' 'readreq' 'writereq' 'writeresp'>
ST_7 : Operation 74 [1/1] (1.20ns)   --->   "%store_ln202 = store i512 %gmem0_addr_read_4, i3 %trottersLocal_V_2_addr_10" [/home/edci/workspace/SQA_kernels/src/qmc.cpp:202]   --->   Operation 74 'store' 'store_ln202' <Predicate = (!icmp_ln198 & trunc_ln202 == 2)> <Delay = 1.20> <CoreInst = "RAM_2P_BRAM">   --->   Core 94 'RAM_2P_BRAM' <Latency = 1> <II = 1> <Delay = 1.20> <Storage> <Opcode : 'load' 'store'> <Ports = 2> <Width = 512> <Depth = 8> <RAM>
ST_7 : Operation 75 [1/1] (1.20ns)   --->   "%store_ln202 = store i512 %gmem0_addr_read_4, i3 %trottersLocal_V_1_addr_10" [/home/edci/workspace/SQA_kernels/src/qmc.cpp:202]   --->   Operation 75 'store' 'store_ln202' <Predicate = (!icmp_ln198 & trunc_ln202 == 1)> <Delay = 1.20> <CoreInst = "RAM_2P_BRAM">   --->   Core 94 'RAM_2P_BRAM' <Latency = 1> <II = 1> <Delay = 1.20> <Storage> <Opcode : 'load' 'store'> <Ports = 2> <Width = 512> <Depth = 8> <RAM>
ST_7 : Operation 76 [1/1] (1.20ns)   --->   "%store_ln202 = store i512 %gmem0_addr_read_4, i3 %trottersLocal_V_0_addr_10" [/home/edci/workspace/SQA_kernels/src/qmc.cpp:202]   --->   Operation 76 'store' 'store_ln202' <Predicate = (!icmp_ln198 & trunc_ln202 == 0)> <Delay = 1.20> <CoreInst = "RAM_2P_BRAM">   --->   Core 94 'RAM_2P_BRAM' <Latency = 1> <II = 1> <Delay = 1.20> <Storage> <Opcode : 'load' 'store'> <Ports = 2> <Width = 512> <Depth = 8> <RAM>
ST_7 : Operation 77 [1/1] (1.20ns)   --->   "%store_ln202 = store i512 %gmem0_addr_read_4, i3 %trottersLocal_V_3_addr_10" [/home/edci/workspace/SQA_kernels/src/qmc.cpp:202]   --->   Operation 77 'store' 'store_ln202' <Predicate = (!icmp_ln198 & trunc_ln202 == 3)> <Delay = 1.20> <CoreInst = "RAM_2P_BRAM">   --->   Core 94 'RAM_2P_BRAM' <Latency = 1> <II = 1> <Delay = 1.20> <Storage> <Opcode : 'load' 'store'> <Ports = 2> <Width = 512> <Depth = 8> <RAM>

State 8 <SV = 7> <Delay = 2.43>
ST_8 : Operation 78 [1/1] (0.00ns)   --->   "%trottersLocal_V_3_addr_9 = getelementptr i512 %trottersLocal_V_3, i64 0, i64 5" [/home/edci/workspace/SQA_kernels/src/qmc.cpp:202]   --->   Operation 78 'getelementptr' 'trottersLocal_V_3_addr_9' <Predicate = true> <Delay = 0.00>
ST_8 : Operation 79 [1/1] (0.00ns)   --->   "%trottersLocal_V_2_addr_9 = getelementptr i512 %trottersLocal_V_2, i64 0, i64 5" [/home/edci/workspace/SQA_kernels/src/qmc.cpp:202]   --->   Operation 79 'getelementptr' 'trottersLocal_V_2_addr_9' <Predicate = true> <Delay = 0.00>
ST_8 : Operation 80 [1/1] (0.00ns)   --->   "%trottersLocal_V_1_addr_9 = getelementptr i512 %trottersLocal_V_1, i64 0, i64 5" [/home/edci/workspace/SQA_kernels/src/qmc.cpp:202]   --->   Operation 80 'getelementptr' 'trottersLocal_V_1_addr_9' <Predicate = true> <Delay = 0.00>
ST_8 : Operation 81 [1/1] (0.00ns)   --->   "%trottersLocal_V_0_addr_9 = getelementptr i512 %trottersLocal_V_0, i64 0, i64 5" [/home/edci/workspace/SQA_kernels/src/qmc.cpp:202]   --->   Operation 81 'getelementptr' 'trottersLocal_V_0_addr_9' <Predicate = true> <Delay = 0.00>
ST_8 : Operation 82 [1/1] (2.43ns)   --->   "%gmem0_addr_read_6 = read i512 @_ssdm_op_Read.m_axi.p1i512, i512 %gmem0_addr" [/home/edci/workspace/SQA_kernels/src/qmc.cpp:202]   --->   Operation 82 'read' 'gmem0_addr_read_6' <Predicate = (!icmp_ln198)> <Delay = 2.43> <CoreInst = "m_axi">   --->   Core 121 'm_axi' <Latency = 6> <II = 1> <Delay = 1.00> <Adapter> <Opcode : 'read' 'write' 'readreq' 'writereq' 'writeresp'>
ST_8 : Operation 83 [1/1] (1.20ns)   --->   "%store_ln202 = store i512 %gmem0_addr_read_5, i3 %trottersLocal_V_2_addr_9" [/home/edci/workspace/SQA_kernels/src/qmc.cpp:202]   --->   Operation 83 'store' 'store_ln202' <Predicate = (!icmp_ln198 & trunc_ln202 == 2)> <Delay = 1.20> <CoreInst = "RAM_2P_BRAM">   --->   Core 94 'RAM_2P_BRAM' <Latency = 1> <II = 1> <Delay = 1.20> <Storage> <Opcode : 'load' 'store'> <Ports = 2> <Width = 512> <Depth = 8> <RAM>
ST_8 : Operation 84 [1/1] (1.20ns)   --->   "%store_ln202 = store i512 %gmem0_addr_read_5, i3 %trottersLocal_V_1_addr_9" [/home/edci/workspace/SQA_kernels/src/qmc.cpp:202]   --->   Operation 84 'store' 'store_ln202' <Predicate = (!icmp_ln198 & trunc_ln202 == 1)> <Delay = 1.20> <CoreInst = "RAM_2P_BRAM">   --->   Core 94 'RAM_2P_BRAM' <Latency = 1> <II = 1> <Delay = 1.20> <Storage> <Opcode : 'load' 'store'> <Ports = 2> <Width = 512> <Depth = 8> <RAM>
ST_8 : Operation 85 [1/1] (1.20ns)   --->   "%store_ln202 = store i512 %gmem0_addr_read_5, i3 %trottersLocal_V_0_addr_9" [/home/edci/workspace/SQA_kernels/src/qmc.cpp:202]   --->   Operation 85 'store' 'store_ln202' <Predicate = (!icmp_ln198 & trunc_ln202 == 0)> <Delay = 1.20> <CoreInst = "RAM_2P_BRAM">   --->   Core 94 'RAM_2P_BRAM' <Latency = 1> <II = 1> <Delay = 1.20> <Storage> <Opcode : 'load' 'store'> <Ports = 2> <Width = 512> <Depth = 8> <RAM>
ST_8 : Operation 86 [1/1] (1.20ns)   --->   "%store_ln202 = store i512 %gmem0_addr_read_5, i3 %trottersLocal_V_3_addr_9" [/home/edci/workspace/SQA_kernels/src/qmc.cpp:202]   --->   Operation 86 'store' 'store_ln202' <Predicate = (!icmp_ln198 & trunc_ln202 == 3)> <Delay = 1.20> <CoreInst = "RAM_2P_BRAM">   --->   Core 94 'RAM_2P_BRAM' <Latency = 1> <II = 1> <Delay = 1.20> <Storage> <Opcode : 'load' 'store'> <Ports = 2> <Width = 512> <Depth = 8> <RAM>

State 9 <SV = 8> <Delay = 2.43>
ST_9 : Operation 87 [1/1] (0.00ns)   --->   "%trottersLocal_V_3_addr = getelementptr i512 %trottersLocal_V_3, i64 0, i64 7" [/home/edci/workspace/SQA_kernels/src/qmc.cpp:202]   --->   Operation 87 'getelementptr' 'trottersLocal_V_3_addr' <Predicate = true> <Delay = 0.00>
ST_9 : Operation 88 [1/1] (0.00ns)   --->   "%trottersLocal_V_3_addr_8 = getelementptr i512 %trottersLocal_V_3, i64 0, i64 6" [/home/edci/workspace/SQA_kernels/src/qmc.cpp:202]   --->   Operation 88 'getelementptr' 'trottersLocal_V_3_addr_8' <Predicate = true> <Delay = 0.00>
ST_9 : Operation 89 [1/1] (0.00ns)   --->   "%trottersLocal_V_2_addr = getelementptr i512 %trottersLocal_V_2, i64 0, i64 7" [/home/edci/workspace/SQA_kernels/src/qmc.cpp:202]   --->   Operation 89 'getelementptr' 'trottersLocal_V_2_addr' <Predicate = true> <Delay = 0.00>
ST_9 : Operation 90 [1/1] (0.00ns)   --->   "%trottersLocal_V_2_addr_8 = getelementptr i512 %trottersLocal_V_2, i64 0, i64 6" [/home/edci/workspace/SQA_kernels/src/qmc.cpp:202]   --->   Operation 90 'getelementptr' 'trottersLocal_V_2_addr_8' <Predicate = true> <Delay = 0.00>
ST_9 : Operation 91 [1/1] (0.00ns)   --->   "%trottersLocal_V_1_addr = getelementptr i512 %trottersLocal_V_1, i64 0, i64 7" [/home/edci/workspace/SQA_kernels/src/qmc.cpp:202]   --->   Operation 91 'getelementptr' 'trottersLocal_V_1_addr' <Predicate = true> <Delay = 0.00>
ST_9 : Operation 92 [1/1] (0.00ns)   --->   "%trottersLocal_V_1_addr_8 = getelementptr i512 %trottersLocal_V_1, i64 0, i64 6" [/home/edci/workspace/SQA_kernels/src/qmc.cpp:202]   --->   Operation 92 'getelementptr' 'trottersLocal_V_1_addr_8' <Predicate = true> <Delay = 0.00>
ST_9 : Operation 93 [1/1] (0.00ns)   --->   "%trottersLocal_V_0_addr = getelementptr i512 %trottersLocal_V_0, i64 0, i64 7" [/home/edci/workspace/SQA_kernels/src/qmc.cpp:202]   --->   Operation 93 'getelementptr' 'trottersLocal_V_0_addr' <Predicate = true> <Delay = 0.00>
ST_9 : Operation 94 [1/1] (0.00ns)   --->   "%trottersLocal_V_0_addr_8 = getelementptr i512 %trottersLocal_V_0, i64 0, i64 6" [/home/edci/workspace/SQA_kernels/src/qmc.cpp:202]   --->   Operation 94 'getelementptr' 'trottersLocal_V_0_addr_8' <Predicate = true> <Delay = 0.00>
ST_9 : Operation 95 [1/1] (0.00ns)   --->   "%empty = speclooptripcount i32 @_ssdm_op_SpecLoopTripCount, i64 4, i64 4, i64 4"   --->   Operation 95 'speclooptripcount' 'empty' <Predicate = true> <Delay = 0.00>
ST_9 : Operation 96 [1/1] (0.00ns)   --->   "%specpipeline_ln198 = specpipeline void @_ssdm_op_SpecPipeline, i32 4294967295, i32 0, i32 0, i32 0, void @empty_2" [/home/edci/workspace/SQA_kernels/src/qmc.cpp:198]   --->   Operation 96 'specpipeline' 'specpipeline_ln198' <Predicate = (!icmp_ln198)> <Delay = 0.00>
ST_9 : Operation 97 [1/1] (0.00ns)   --->   "%specloopname_ln198 = specloopname void @_ssdm_op_SpecLoopName, void @empty_24" [/home/edci/workspace/SQA_kernels/src/qmc.cpp:198]   --->   Operation 97 'specloopname' 'specloopname_ln198' <Predicate = (!icmp_ln198)> <Delay = 0.00>
ST_9 : Operation 98 [1/1] (2.43ns)   --->   "%gmem0_addr_read_7 = read i512 @_ssdm_op_Read.m_axi.p1i512, i512 %gmem0_addr" [/home/edci/workspace/SQA_kernels/src/qmc.cpp:202]   --->   Operation 98 'read' 'gmem0_addr_read_7' <Predicate = (!icmp_ln198)> <Delay = 2.43> <CoreInst = "m_axi">   --->   Core 121 'm_axi' <Latency = 6> <II = 1> <Delay = 1.00> <Adapter> <Opcode : 'read' 'write' 'readreq' 'writereq' 'writeresp'>
ST_9 : Operation 99 [1/1] (1.20ns)   --->   "%store_ln202 = store i512 %gmem0_addr_read_6, i3 %trottersLocal_V_2_addr_8" [/home/edci/workspace/SQA_kernels/src/qmc.cpp:202]   --->   Operation 99 'store' 'store_ln202' <Predicate = (!icmp_ln198 & trunc_ln202 == 2)> <Delay = 1.20> <CoreInst = "RAM_2P_BRAM">   --->   Core 94 'RAM_2P_BRAM' <Latency = 1> <II = 1> <Delay = 1.20> <Storage> <Opcode : 'load' 'store'> <Ports = 2> <Width = 512> <Depth = 8> <RAM>
ST_9 : Operation 100 [1/1] (1.20ns)   --->   "%store_ln202 = store i512 %gmem0_addr_read_6, i3 %trottersLocal_V_1_addr_8" [/home/edci/workspace/SQA_kernels/src/qmc.cpp:202]   --->   Operation 100 'store' 'store_ln202' <Predicate = (!icmp_ln198 & trunc_ln202 == 1)> <Delay = 1.20> <CoreInst = "RAM_2P_BRAM">   --->   Core 94 'RAM_2P_BRAM' <Latency = 1> <II = 1> <Delay = 1.20> <Storage> <Opcode : 'load' 'store'> <Ports = 2> <Width = 512> <Depth = 8> <RAM>
ST_9 : Operation 101 [1/1] (1.20ns)   --->   "%store_ln202 = store i512 %gmem0_addr_read_6, i3 %trottersLocal_V_0_addr_8" [/home/edci/workspace/SQA_kernels/src/qmc.cpp:202]   --->   Operation 101 'store' 'store_ln202' <Predicate = (!icmp_ln198 & trunc_ln202 == 0)> <Delay = 1.20> <CoreInst = "RAM_2P_BRAM">   --->   Core 94 'RAM_2P_BRAM' <Latency = 1> <II = 1> <Delay = 1.20> <Storage> <Opcode : 'load' 'store'> <Ports = 2> <Width = 512> <Depth = 8> <RAM>
ST_9 : Operation 102 [1/1] (1.20ns)   --->   "%store_ln202 = store i512 %gmem0_addr_read_6, i3 %trottersLocal_V_3_addr_8" [/home/edci/workspace/SQA_kernels/src/qmc.cpp:202]   --->   Operation 102 'store' 'store_ln202' <Predicate = (!icmp_ln198 & trunc_ln202 == 3)> <Delay = 1.20> <CoreInst = "RAM_2P_BRAM">   --->   Core 94 'RAM_2P_BRAM' <Latency = 1> <II = 1> <Delay = 1.20> <Storage> <Opcode : 'load' 'store'> <Ports = 2> <Width = 512> <Depth = 8> <RAM>
ST_9 : Operation 111 [1/1] (0.00ns)   --->   "%ret_ln0 = ret"   --->   Operation 111 'ret' 'ret_ln0' <Predicate = (icmp_ln198)> <Delay = 0.00>

State 10 <SV = 9> <Delay = 1.20>
ST_10 : Operation 103 [1/1] (1.20ns)   --->   "%store_ln202 = store i512 %gmem0_addr_read_7, i3 %trottersLocal_V_2_addr" [/home/edci/workspace/SQA_kernels/src/qmc.cpp:202]   --->   Operation 103 'store' 'store_ln202' <Predicate = (!icmp_ln198 & trunc_ln202 == 2)> <Delay = 1.20> <CoreInst = "RAM_2P_BRAM">   --->   Core 94 'RAM_2P_BRAM' <Latency = 1> <II = 1> <Delay = 1.20> <Storage> <Opcode : 'load' 'store'> <Ports = 2> <Width = 512> <Depth = 8> <RAM>
ST_10 : Operation 104 [1/1] (0.00ns)   --->   "%br_ln0 = br void %.split172754"   --->   Operation 104 'br' 'br_ln0' <Predicate = (!icmp_ln198 & trunc_ln202 == 2)> <Delay = 0.00>
ST_10 : Operation 105 [1/1] (1.20ns)   --->   "%store_ln202 = store i512 %gmem0_addr_read_7, i3 %trottersLocal_V_1_addr" [/home/edci/workspace/SQA_kernels/src/qmc.cpp:202]   --->   Operation 105 'store' 'store_ln202' <Predicate = (!icmp_ln198 & trunc_ln202 == 1)> <Delay = 1.20> <CoreInst = "RAM_2P_BRAM">   --->   Core 94 'RAM_2P_BRAM' <Latency = 1> <II = 1> <Delay = 1.20> <Storage> <Opcode : 'load' 'store'> <Ports = 2> <Width = 512> <Depth = 8> <RAM>
ST_10 : Operation 106 [1/1] (0.00ns)   --->   "%br_ln0 = br void %.split172754"   --->   Operation 106 'br' 'br_ln0' <Predicate = (!icmp_ln198 & trunc_ln202 == 1)> <Delay = 0.00>
ST_10 : Operation 107 [1/1] (1.20ns)   --->   "%store_ln202 = store i512 %gmem0_addr_read_7, i3 %trottersLocal_V_0_addr" [/home/edci/workspace/SQA_kernels/src/qmc.cpp:202]   --->   Operation 107 'store' 'store_ln202' <Predicate = (!icmp_ln198 & trunc_ln202 == 0)> <Delay = 1.20> <CoreInst = "RAM_2P_BRAM">   --->   Core 94 'RAM_2P_BRAM' <Latency = 1> <II = 1> <Delay = 1.20> <Storage> <Opcode : 'load' 'store'> <Ports = 2> <Width = 512> <Depth = 8> <RAM>
ST_10 : Operation 108 [1/1] (0.00ns)   --->   "%br_ln0 = br void %.split172754"   --->   Operation 108 'br' 'br_ln0' <Predicate = (!icmp_ln198 & trunc_ln202 == 0)> <Delay = 0.00>
ST_10 : Operation 109 [1/1] (1.20ns)   --->   "%store_ln202 = store i512 %gmem0_addr_read_7, i3 %trottersLocal_V_3_addr" [/home/edci/workspace/SQA_kernels/src/qmc.cpp:202]   --->   Operation 109 'store' 'store_ln202' <Predicate = (!icmp_ln198 & trunc_ln202 == 3)> <Delay = 1.20> <CoreInst = "RAM_2P_BRAM">   --->   Core 94 'RAM_2P_BRAM' <Latency = 1> <II = 1> <Delay = 1.20> <Storage> <Opcode : 'load' 'store'> <Ports = 2> <Width = 512> <Depth = 8> <RAM>
ST_10 : Operation 110 [1/1] (0.00ns)   --->   "%br_ln0 = br void %.split172754"   --->   Operation 110 'br' 'br_ln0' <Predicate = (!icmp_ln198 & trunc_ln202 == 3)> <Delay = 0.00>


============================================================
+ Verbose Summary: Binding
============================================================
STG Binding: 
---------------- STG Properties BEGIN ----------------
- Is combinational: 0
- Is one-state seq: 0
- Is datapath-only: 0
- Is pipelined: 0
- Is top level: 0
Port [ Return ] is wired: 1; IO mode=ap_ctrl_hs:ce=0
Port [ trottersLocal_V_3]:  wired=1; compound=1; hidden=0; nouse=0; global=0; static=0; extern=0; dir=1; type=1; pingpong=0; private_global=0; MemPort=[30]; IO mode=ap_memory:ce=0
Port [ trottersLocal_V_2]:  wired=1; compound=1; hidden=0; nouse=0; global=0; static=0; extern=0; dir=1; type=1; pingpong=0; private_global=0; MemPort=[30]; IO mode=ap_memory:ce=0
Port [ trottersLocal_V_1]:  wired=1; compound=1; hidden=0; nouse=0; global=0; static=0; extern=0; dir=1; type=1; pingpong=0; private_global=0; MemPort=[30]; IO mode=ap_memory:ce=0
Port [ gmem0]:  wired=1; compound=1; hidden=0; nouse=0; global=0; static=0; extern=0; dir=0; type=4; pingpong=0; private_global=0; IO mode=m_axi:ce=0
Port [ sext_ln198]:  wired=1; compound=0; hidden=0; nouse=0; global=0; static=0; extern=0; dir=0; type=0; pingpong=0; private_global=0; IO mode=ap_none:ce=0
Port [ trottersLocal_V_0]:  wired=1; compound=1; hidden=0; nouse=0; global=0; static=0; extern=0; dir=1; type=1; pingpong=0; private_global=0; MemPort=[30]; IO mode=ap_memory:ce=0
---------------- STG Properties END ------------------

---------------- Datapath Model BEGIN ----------------

<LifeTime>
<method=bitvector/>
t                         (alloca           ) [ 01000000000]
sext_ln198_read           (read             ) [ 00000000000]
sext_ln198_cast           (sext             ) [ 00100000000]
specmemcore_ln0           (specmemcore      ) [ 00000000000]
specmemcore_ln0           (specmemcore      ) [ 00000000000]
specmemcore_ln0           (specmemcore      ) [ 00000000000]
specmemcore_ln0           (specmemcore      ) [ 00000000000]
specinterface_ln0         (specinterface    ) [ 00000000000]
store_ln0                 (store            ) [ 00000000000]
br_ln0                    (br               ) [ 00000000000]
t_2                       (load             ) [ 00000000000]
icmp_ln198                (icmp             ) [ 01111111111]
add_ln198                 (add              ) [ 00000000000]
br_ln198                  (br               ) [ 00000000000]
trunc_ln202               (trunc            ) [ 01111111111]
switch_ln202              (switch           ) [ 00000000000]
store_ln198               (store            ) [ 00000000000]
br_ln0                    (br               ) [ 00000000000]
gmem0_addr                (getelementptr    ) [ 01011111110]
gmem0_addr_read           (read             ) [ 00010000000]
trottersLocal_V_3_addr_14 (getelementptr    ) [ 00000000000]
trottersLocal_V_2_addr_14 (getelementptr    ) [ 00000000000]
trottersLocal_V_1_addr_14 (getelementptr    ) [ 00000000000]
trottersLocal_V_0_addr_14 (getelementptr    ) [ 00000000000]
gmem0_addr_read_1         (read             ) [ 00001000000]
store_ln202               (store            ) [ 00000000000]
store_ln202               (store            ) [ 00000000000]
store_ln202               (store            ) [ 00000000000]
store_ln202               (store            ) [ 00000000000]
trottersLocal_V_3_addr_13 (getelementptr    ) [ 00000000000]
trottersLocal_V_2_addr_13 (getelementptr    ) [ 00000000000]
trottersLocal_V_1_addr_13 (getelementptr    ) [ 00000000000]
trottersLocal_V_0_addr_13 (getelementptr    ) [ 00000000000]
gmem0_addr_read_2         (read             ) [ 00000100000]
store_ln202               (store            ) [ 00000000000]
store_ln202               (store            ) [ 00000000000]
store_ln202               (store            ) [ 00000000000]
store_ln202               (store            ) [ 00000000000]
trottersLocal_V_3_addr_12 (getelementptr    ) [ 00000000000]
trottersLocal_V_2_addr_12 (getelementptr    ) [ 00000000000]
trottersLocal_V_1_addr_12 (getelementptr    ) [ 00000000000]
trottersLocal_V_0_addr_12 (getelementptr    ) [ 00000000000]
gmem0_addr_read_3         (read             ) [ 00000010000]
store_ln202               (store            ) [ 00000000000]
store_ln202               (store            ) [ 00000000000]
store_ln202               (store            ) [ 00000000000]
store_ln202               (store            ) [ 00000000000]
trottersLocal_V_3_addr_11 (getelementptr    ) [ 00000000000]
trottersLocal_V_2_addr_11 (getelementptr    ) [ 00000000000]
trottersLocal_V_1_addr_11 (getelementptr    ) [ 00000000000]
trottersLocal_V_0_addr_11 (getelementptr    ) [ 00000000000]
gmem0_addr_read_4         (read             ) [ 00000001000]
store_ln202               (store            ) [ 00000000000]
store_ln202               (store            ) [ 00000000000]
store_ln202               (store            ) [ 00000000000]
store_ln202               (store            ) [ 00000000000]
trottersLocal_V_3_addr_10 (getelementptr    ) [ 00000000000]
trottersLocal_V_2_addr_10 (getelementptr    ) [ 00000000000]
trottersLocal_V_1_addr_10 (getelementptr    ) [ 00000000000]
trottersLocal_V_0_addr_10 (getelementptr    ) [ 00000000000]
gmem0_addr_read_5         (read             ) [ 00000000100]
store_ln202               (store            ) [ 00000000000]
store_ln202               (store            ) [ 00000000000]
store_ln202               (store            ) [ 00000000000]
store_ln202               (store            ) [ 00000000000]
trottersLocal_V_3_addr_9  (getelementptr    ) [ 00000000000]
trottersLocal_V_2_addr_9  (getelementptr    ) [ 00000000000]
trottersLocal_V_1_addr_9  (getelementptr    ) [ 00000000000]
trottersLocal_V_0_addr_9  (getelementptr    ) [ 00000000000]
gmem0_addr_read_6         (read             ) [ 01000000010]
store_ln202               (store            ) [ 00000000000]
store_ln202               (store            ) [ 00000000000]
store_ln202               (store            ) [ 00000000000]
store_ln202               (store            ) [ 00000000000]
trottersLocal_V_3_addr    (getelementptr    ) [ 00100000001]
trottersLocal_V_3_addr_8  (getelementptr    ) [ 00000000000]
trottersLocal_V_2_addr    (getelementptr    ) [ 00100000001]
trottersLocal_V_2_addr_8  (getelementptr    ) [ 00000000000]
trottersLocal_V_1_addr    (getelementptr    ) [ 00100000001]
trottersLocal_V_1_addr_8  (getelementptr    ) [ 00000000000]
trottersLocal_V_0_addr    (getelementptr    ) [ 00100000001]
trottersLocal_V_0_addr_8  (getelementptr    ) [ 00000000000]
empty                     (speclooptripcount) [ 00000000000]
specpipeline_ln198        (specpipeline     ) [ 00000000000]
specloopname_ln198        (specloopname     ) [ 00000000000]
gmem0_addr_read_7         (read             ) [ 00100000001]
store_ln202               (store            ) [ 00000000000]
store_ln202               (store            ) [ 00000000000]
store_ln202               (store            ) [ 00000000000]
store_ln202               (store            ) [ 00000000000]
store_ln202               (store            ) [ 00000000000]
br_ln0                    (br               ) [ 00000000000]
store_ln202               (store            ) [ 00000000000]
br_ln0                    (br               ) [ 00000000000]
store_ln202               (store            ) [ 00000000000]
br_ln0                    (br               ) [ 00000000000]
store_ln202               (store            ) [ 00000000000]
br_ln0                    (br               ) [ 00000000000]
ret_ln0                   (ret              ) [ 00000000000]
</LifeTime>

<model>

<comp_list>
<comp id="0" class="1000" name="trottersLocal_V_3">
<pin_list>
<pin id="1" dir="1" index="0" bw="1" slack="0"/>
</pin_list>
<bind>
<StgValue><ssdm name="trottersLocal_V_3"/><MemPortTyVec>3 0 </MemPortTyVec>
</StgValue>
</bind>
</comp>

<comp id="2" class="1000" name="trottersLocal_V_2">
<pin_list>
<pin id="3" dir="1" index="0" bw="1" slack="0"/>
</pin_list>
<bind>
<StgValue><ssdm name="trottersLocal_V_2"/><MemPortTyVec>3 0 </MemPortTyVec>
</StgValue>
</bind>
</comp>

<comp id="4" class="1000" name="trottersLocal_V_1">
<pin_list>
<pin id="5" dir="1" index="0" bw="1" slack="0"/>
</pin_list>
<bind>
<StgValue><ssdm name="trottersLocal_V_1"/><MemPortTyVec>3 0 </MemPortTyVec>
</StgValue>
</bind>
</comp>

<comp id="6" class="1000" name="gmem0">
<pin_list>
<pin id="7" dir="1" index="0" bw="1" slack="0"/>
</pin_list>
<bind>
<StgValue><ssdm name="gmem0"/></StgValue>
</bind>
</comp>

<comp id="8" class="1000" name="sext_ln198">
<pin_list>
<pin id="9" dir="1" index="0" bw="1" slack="0"/>
</pin_list>
<bind>
<StgValue><ssdm name="sext_ln198"/></StgValue>
</bind>
</comp>

<comp id="10" class="1000" name="trottersLocal_V_0">
<pin_list>
<pin id="11" dir="1" index="0" bw="1" slack="0"/>
</pin_list>
<bind>
<StgValue><ssdm name="trottersLocal_V_0"/><MemPortTyVec>3 0 </MemPortTyVec>
</StgValue>
</bind>
</comp>

<comp id="12" class="1001" name="const_12">
<pin_list>
<pin id="13" dir="1" index="0" bw="1" slack="0"/>
</pin_list>
<bind>
<StgValue><ssdm name=""/></StgValue>
</bind>
</comp>

<comp id="14" class="1001" name="const_14">
<pin_list>
<pin id="15" dir="1" index="0" bw="1" slack="0"/>
</pin_list>
<bind>
<StgValue><ssdm name="_ssdm_op_Read.ap_auto.i58"/></StgValue>
</bind>
</comp>

<comp id="16" class="1001" name="const_16">
<pin_list>
<pin id="17" dir="1" index="0" bw="1" slack="2147483647"/>
</pin_list>
<bind>
<StgValue><ssdm name="_ssdm_op_SpecMemCore"/></StgValue>
</bind>
</comp>

<comp id="18" class="1001" name="const_18">
<pin_list>
<pin id="19" dir="1" index="0" bw="1" slack="2147483647"/>
</pin_list>
<bind>
<StgValue><ssdm name=""/></StgValue>
</bind>
</comp>

<comp id="20" class="1001" name="const_20">
<pin_list>
<pin id="21" dir="1" index="0" bw="1" slack="2147483647"/>
</pin_list>
<bind>
<StgValue><ssdm name=""/></StgValue>
</bind>
</comp>

<comp id="22" class="1001" name="const_22">
<pin_list>
<pin id="23" dir="1" index="0" bw="1" slack="2147483647"/>
</pin_list>
<bind>
<StgValue><ssdm name=""/></StgValue>
</bind>
</comp>

<comp id="24" class="1001" name="const_24">
<pin_list>
<pin id="25" dir="1" index="0" bw="1" slack="2147483647"/>
</pin_list>
<bind>
<StgValue><ssdm name="_ssdm_op_SpecInterface"/></StgValue>
</bind>
</comp>

<comp id="26" class="1001" name="const_26">
<pin_list>
<pin id="27" dir="1" index="0" bw="1" slack="2147483647"/>
</pin_list>
<bind>
<StgValue><ssdm name="empty_1"/></StgValue>
</bind>
</comp>

<comp id="28" class="1001" name="const_28">
<pin_list>
<pin id="29" dir="1" index="0" bw="1" slack="2147483647"/>
</pin_list>
<bind>
<StgValue><ssdm name=""/></StgValue>
</bind>
</comp>

<comp id="30" class="1001" name="const_30">
<pin_list>
<pin id="31" dir="1" index="0" bw="1" slack="2147483647"/>
</pin_list>
<bind>
<StgValue><ssdm name="empty_2"/></StgValue>
</bind>
</comp>

<comp id="32" class="1001" name="const_32">
<pin_list>
<pin id="33" dir="1" index="0" bw="1" slack="2147483647"/>
</pin_list>
<bind>
<StgValue><ssdm name=""/></StgValue>
</bind>
</comp>

<comp id="34" class="1001" name="const_34">
<pin_list>
<pin id="35" dir="1" index="0" bw="1" slack="2147483647"/>
</pin_list>
<bind>
<StgValue><ssdm name="empty_15"/></StgValue>
</bind>
</comp>

<comp id="36" class="1001" name="const_36">
<pin_list>
<pin id="37" dir="1" index="0" bw="1" slack="2147483647"/>
</pin_list>
<bind>
<StgValue><ssdm name="empty_16"/></StgValue>
</bind>
</comp>

<comp id="38" class="1001" name="const_38">
<pin_list>
<pin id="39" dir="1" index="0" bw="1" slack="2147483647"/>
</pin_list>
<bind>
<StgValue><ssdm name=""/></StgValue>
</bind>
</comp>

<comp id="40" class="1001" name="const_40">
<pin_list>
<pin id="41" dir="1" index="0" bw="1" slack="0"/>
</pin_list>
<bind>
<StgValue><ssdm name=""/></StgValue>
</bind>
</comp>

<comp id="42" class="1001" name="const_42">
<pin_list>
<pin id="43" dir="1" index="0" bw="1" slack="0"/>
</pin_list>
<bind>
<StgValue><ssdm name=""/></StgValue>
</bind>
</comp>

<comp id="44" class="1001" name="const_44">
<pin_list>
<pin id="45" dir="1" index="0" bw="1" slack="0"/>
</pin_list>
<bind>
<StgValue><ssdm name=""/></StgValue>
</bind>
</comp>

<comp id="46" class="1001" name="const_46">
<pin_list>
<pin id="47" dir="1" index="0" bw="1" slack="2147483647"/>
</pin_list>
<bind>
<StgValue><ssdm name=""/></StgValue>
</bind>
</comp>

<comp id="48" class="1001" name="const_48">
<pin_list>
<pin id="49" dir="1" index="0" bw="1" slack="2147483647"/>
</pin_list>
<bind>
<StgValue><ssdm name=""/></StgValue>
</bind>
</comp>

<comp id="50" class="1001" name="const_50">
<pin_list>
<pin id="51" dir="1" index="0" bw="1" slack="2147483647"/>
</pin_list>
<bind>
<StgValue><ssdm name=""/></StgValue>
</bind>
</comp>

<comp id="52" class="1001" name="const_52">
<pin_list>
<pin id="53" dir="1" index="0" bw="1" slack="0"/>
</pin_list>
<bind>
<StgValue><ssdm name="_ssdm_op_Read.m_axi.p1i512"/></StgValue>
</bind>
</comp>

<comp id="54" class="1001" name="const_54">
<pin_list>
<pin id="55" dir="1" index="0" bw="1" slack="0"/>
</pin_list>
<bind>
<StgValue><ssdm name=""/></StgValue>
</bind>
</comp>

<comp id="56" class="1001" name="const_56">
<pin_list>
<pin id="57" dir="1" index="0" bw="1" slack="0"/>
</pin_list>
<bind>
<StgValue><ssdm name=""/></StgValue>
</bind>
</comp>

<comp id="58" class="1001" name="const_58">
<pin_list>
<pin id="59" dir="1" index="0" bw="1" slack="0"/>
</pin_list>
<bind>
<StgValue><ssdm name=""/></StgValue>
</bind>
</comp>

<comp id="60" class="1001" name="const_60">
<pin_list>
<pin id="61" dir="1" index="0" bw="1" slack="0"/>
</pin_list>
<bind>
<StgValue><ssdm name=""/></StgValue>
</bind>
</comp>

<comp id="62" class="1001" name="const_62">
<pin_list>
<pin id="63" dir="1" index="0" bw="1" slack="0"/>
</pin_list>
<bind>
<StgValue><ssdm name=""/></StgValue>
</bind>
</comp>

<comp id="64" class="1001" name="const_64">
<pin_list>
<pin id="65" dir="1" index="0" bw="1" slack="0"/>
</pin_list>
<bind>
<StgValue><ssdm name=""/></StgValue>
</bind>
</comp>

<comp id="66" class="1001" name="const_66">
<pin_list>
<pin id="67" dir="1" index="0" bw="1" slack="0"/>
</pin_list>
<bind>
<StgValue><ssdm name=""/></StgValue>
</bind>
</comp>

<comp id="68" class="1001" name="const_68">
<pin_list>
<pin id="69" dir="1" index="0" bw="1" slack="0"/>
</pin_list>
<bind>
<StgValue><ssdm name=""/></StgValue>
</bind>
</comp>

<comp id="70" class="1001" name="const_70">
<pin_list>
<pin id="71" dir="1" index="0" bw="1" slack="2147483647"/>
</pin_list>
<bind>
<StgValue><ssdm name="_ssdm_op_SpecLoopTripCount"/></StgValue>
</bind>
</comp>

<comp id="72" class="1001" name="const_72">
<pin_list>
<pin id="73" dir="1" index="0" bw="1" slack="2147483647"/>
</pin_list>
<bind>
<StgValue><ssdm name="_ssdm_op_SpecPipeline"/></StgValue>
</bind>
</comp>

<comp id="74" class="1001" name="const_74">
<pin_list>
<pin id="75" dir="1" index="0" bw="1" slack="2147483647"/>
</pin_list>
<bind>
<StgValue><ssdm name=""/></StgValue>
</bind>
</comp>

<comp id="76" class="1001" name="const_76">
<pin_list>
<pin id="77" dir="1" index="0" bw="1" slack="2147483647"/>
</pin_list>
<bind>
<StgValue><ssdm name="_ssdm_op_SpecLoopName"/></StgValue>
</bind>
</comp>

<comp id="78" class="1001" name="const_78">
<pin_list>
<pin id="79" dir="1" index="0" bw="1" slack="2147483647"/>
</pin_list>
<bind>
<StgValue><ssdm name="empty_24"/></StgValue>
</bind>
</comp>

<comp id="80" class="1004" name="t_fu_80">
<pin_list>
<pin id="81" dir="0" index="0" bw="1" slack="0"/>
<pin id="82" dir="1" index="1" bw="3" slack="0"/>
</pin_list>
<bind>
<opcode="alloca(26) " fcode="alloca"/>
<opset="t/1 "/>
</bind>
</comp>

<comp id="84" class="1004" name="sext_ln198_read_read_fu_84">
<pin_list>
<pin id="85" dir="0" index="0" bw="58" slack="0"/>
<pin id="86" dir="0" index="1" bw="58" slack="0"/>
<pin id="87" dir="1" index="2" bw="58" slack="0"/>
</pin_list>
<bind>
<opcode="read(1150) " fcode="read"/>
<opset="sext_ln198_read/1 "/>
</bind>
</comp>

<comp id="90" class="1004" name="grp_read_fu_90">
<pin_list>
<pin id="91" dir="0" index="0" bw="512" slack="0"/>
<pin id="92" dir="0" index="1" bw="512" slack="0"/>
<pin id="93" dir="1" index="2" bw="512" slack="1"/>
</pin_list>
<bind>
<opcode="read(1150) " fcode="read"/>
<opset="gmem0_addr_read/2 gmem0_addr_read_1/3 gmem0_addr_read_2/4 gmem0_addr_read_3/5 gmem0_addr_read_4/6 gmem0_addr_read_5/7 gmem0_addr_read_6/8 gmem0_addr_read_7/9 "/>
</bind>
</comp>

<comp id="95" class="1004" name="trottersLocal_V_3_addr_14_gep_fu_95">
<pin_list>
<pin id="96" dir="0" index="0" bw="512" slack="0"/>
<pin id="97" dir="0" index="1" bw="1" slack="0"/>
<pin id="98" dir="0" index="2" bw="1" slack="0"/>
<pin id="99" dir="1" index="3" bw="3" slack="0"/>
</pin_list>
<bind>
<opcode="getelementptr(29) " fcode="getelementptr"/>
<opset="trottersLocal_V_3_addr_14/3 "/>
</bind>
</comp>

<comp id="103" class="1004" name="trottersLocal_V_2_addr_14_gep_fu_103">
<pin_list>
<pin id="104" dir="0" index="0" bw="512" slack="0"/>
<pin id="105" dir="0" index="1" bw="1" slack="0"/>
<pin id="106" dir="0" index="2" bw="1" slack="0"/>
<pin id="107" dir="1" index="3" bw="3" slack="0"/>
</pin_list>
<bind>
<opcode="getelementptr(29) " fcode="getelementptr"/>
<opset="trottersLocal_V_2_addr_14/3 "/>
</bind>
</comp>

<comp id="111" class="1004" name="trottersLocal_V_1_addr_14_gep_fu_111">
<pin_list>
<pin id="112" dir="0" index="0" bw="512" slack="0"/>
<pin id="113" dir="0" index="1" bw="1" slack="0"/>
<pin id="114" dir="0" index="2" bw="1" slack="0"/>
<pin id="115" dir="1" index="3" bw="3" slack="0"/>
</pin_list>
<bind>
<opcode="getelementptr(29) " fcode="getelementptr"/>
<opset="trottersLocal_V_1_addr_14/3 "/>
</bind>
</comp>

<comp id="119" class="1004" name="trottersLocal_V_0_addr_14_gep_fu_119">
<pin_list>
<pin id="120" dir="0" index="0" bw="512" slack="0"/>
<pin id="121" dir="0" index="1" bw="1" slack="0"/>
<pin id="122" dir="0" index="2" bw="1" slack="0"/>
<pin id="123" dir="1" index="3" bw="3" slack="0"/>
</pin_list>
<bind>
<opcode="getelementptr(29) " fcode="getelementptr"/>
<opset="trottersLocal_V_0_addr_14/3 "/>
</bind>
</comp>

<comp id="127" class="1004" name="grp_access_fu_127">
<pin_list>
<pin id="128" dir="0" index="0" bw="3" slack="2147483647"/>
<pin id="129" dir="0" index="1" bw="512" slack="2147483647"/>
<pin id="130" dir="0" index="2" bw="0" slack="0"/>
<pin id="132" dir="0" index="4" bw="3" slack="1"/>
<pin id="133" dir="0" index="5" bw="512" slack="2147483647"/>
<pin id="134" dir="0" index="6" bw="0" slack="2147483647"/>
<pin id="131" dir="1" index="3" bw="512" slack="2147483647"/>
<pin id="135" dir="1" index="7" bw="512" slack="2147483647"/>
</pin_list>
<bind>
<opcode="store(28) " fcode="store"/>
<opset="store_ln202/3 store_ln202/4 store_ln202/5 store_ln202/6 store_ln202/7 store_ln202/8 store_ln202/9 store_ln202/10 "/>
</bind>
</comp>

<comp id="137" class="1004" name="grp_access_fu_137">
<pin_list>
<pin id="138" dir="0" index="0" bw="3" slack="2147483647"/>
<pin id="139" dir="0" index="1" bw="512" slack="2147483647"/>
<pin id="140" dir="0" index="2" bw="0" slack="0"/>
<pin id="142" dir="0" index="4" bw="3" slack="1"/>
<pin id="143" dir="0" index="5" bw="512" slack="2147483647"/>
<pin id="144" dir="0" index="6" bw="0" slack="2147483647"/>
<pin id="141" dir="1" index="3" bw="512" slack="2147483647"/>
<pin id="145" dir="1" index="7" bw="512" slack="2147483647"/>
</pin_list>
<bind>
<opcode="store(28) " fcode="store"/>
<opset="store_ln202/3 store_ln202/4 store_ln202/5 store_ln202/6 store_ln202/7 store_ln202/8 store_ln202/9 store_ln202/10 "/>
</bind>
</comp>

<comp id="147" class="1004" name="grp_access_fu_147">
<pin_list>
<pin id="148" dir="0" index="0" bw="3" slack="2147483647"/>
<pin id="149" dir="0" index="1" bw="512" slack="2147483647"/>
<pin id="150" dir="0" index="2" bw="0" slack="0"/>
<pin id="152" dir="0" index="4" bw="3" slack="1"/>
<pin id="153" dir="0" index="5" bw="512" slack="2147483647"/>
<pin id="154" dir="0" index="6" bw="0" slack="2147483647"/>
<pin id="151" dir="1" index="3" bw="512" slack="2147483647"/>
<pin id="155" dir="1" index="7" bw="512" slack="2147483647"/>
</pin_list>
<bind>
<opcode="store(28) " fcode="store"/>
<opset="store_ln202/3 store_ln202/4 store_ln202/5 store_ln202/6 store_ln202/7 store_ln202/8 store_ln202/9 store_ln202/10 "/>
</bind>
</comp>

<comp id="157" class="1004" name="grp_access_fu_157">
<pin_list>
<pin id="158" dir="0" index="0" bw="3" slack="2147483647"/>
<pin id="159" dir="0" index="1" bw="512" slack="2147483647"/>
<pin id="160" dir="0" index="2" bw="0" slack="0"/>
<pin id="162" dir="0" index="4" bw="3" slack="1"/>
<pin id="163" dir="0" index="5" bw="512" slack="2147483647"/>
<pin id="164" dir="0" index="6" bw="0" slack="2147483647"/>
<pin id="161" dir="1" index="3" bw="512" slack="2147483647"/>
<pin id="165" dir="1" index="7" bw="512" slack="2147483647"/>
</pin_list>
<bind>
<opcode="store(28) " fcode="store"/>
<opset="store_ln202/3 store_ln202/4 store_ln202/5 store_ln202/6 store_ln202/7 store_ln202/8 store_ln202/9 store_ln202/10 "/>
</bind>
</comp>

<comp id="167" class="1004" name="trottersLocal_V_3_addr_13_gep_fu_167">
<pin_list>
<pin id="168" dir="0" index="0" bw="512" slack="0"/>
<pin id="169" dir="0" index="1" bw="1" slack="0"/>
<pin id="170" dir="0" index="2" bw="1" slack="0"/>
<pin id="171" dir="1" index="3" bw="3" slack="0"/>
</pin_list>
<bind>
<opcode="getelementptr(29) " fcode="getelementptr"/>
<opset="trottersLocal_V_3_addr_13/4 "/>
</bind>
</comp>

<comp id="175" class="1004" name="trottersLocal_V_2_addr_13_gep_fu_175">
<pin_list>
<pin id="176" dir="0" index="0" bw="512" slack="0"/>
<pin id="177" dir="0" index="1" bw="1" slack="0"/>
<pin id="178" dir="0" index="2" bw="1" slack="0"/>
<pin id="179" dir="1" index="3" bw="3" slack="0"/>
</pin_list>
<bind>
<opcode="getelementptr(29) " fcode="getelementptr"/>
<opset="trottersLocal_V_2_addr_13/4 "/>
</bind>
</comp>

<comp id="183" class="1004" name="trottersLocal_V_1_addr_13_gep_fu_183">
<pin_list>
<pin id="184" dir="0" index="0" bw="512" slack="0"/>
<pin id="185" dir="0" index="1" bw="1" slack="0"/>
<pin id="186" dir="0" index="2" bw="1" slack="0"/>
<pin id="187" dir="1" index="3" bw="3" slack="0"/>
</pin_list>
<bind>
<opcode="getelementptr(29) " fcode="getelementptr"/>
<opset="trottersLocal_V_1_addr_13/4 "/>
</bind>
</comp>

<comp id="191" class="1004" name="trottersLocal_V_0_addr_13_gep_fu_191">
<pin_list>
<pin id="192" dir="0" index="0" bw="512" slack="0"/>
<pin id="193" dir="0" index="1" bw="1" slack="0"/>
<pin id="194" dir="0" index="2" bw="1" slack="0"/>
<pin id="195" dir="1" index="3" bw="3" slack="0"/>
</pin_list>
<bind>
<opcode="getelementptr(29) " fcode="getelementptr"/>
<opset="trottersLocal_V_0_addr_13/4 "/>
</bind>
</comp>

<comp id="203" class="1004" name="trottersLocal_V_3_addr_12_gep_fu_203">
<pin_list>
<pin id="204" dir="0" index="0" bw="512" slack="0"/>
<pin id="205" dir="0" index="1" bw="1" slack="0"/>
<pin id="206" dir="0" index="2" bw="3" slack="0"/>
<pin id="207" dir="1" index="3" bw="3" slack="0"/>
</pin_list>
<bind>
<opcode="getelementptr(29) " fcode="getelementptr"/>
<opset="trottersLocal_V_3_addr_12/5 "/>
</bind>
</comp>

<comp id="211" class="1004" name="trottersLocal_V_2_addr_12_gep_fu_211">
<pin_list>
<pin id="212" dir="0" index="0" bw="512" slack="0"/>
<pin id="213" dir="0" index="1" bw="1" slack="0"/>
<pin id="214" dir="0" index="2" bw="3" slack="0"/>
<pin id="215" dir="1" index="3" bw="3" slack="0"/>
</pin_list>
<bind>
<opcode="getelementptr(29) " fcode="getelementptr"/>
<opset="trottersLocal_V_2_addr_12/5 "/>
</bind>
</comp>

<comp id="219" class="1004" name="trottersLocal_V_1_addr_12_gep_fu_219">
<pin_list>
<pin id="220" dir="0" index="0" bw="512" slack="0"/>
<pin id="221" dir="0" index="1" bw="1" slack="0"/>
<pin id="222" dir="0" index="2" bw="3" slack="0"/>
<pin id="223" dir="1" index="3" bw="3" slack="0"/>
</pin_list>
<bind>
<opcode="getelementptr(29) " fcode="getelementptr"/>
<opset="trottersLocal_V_1_addr_12/5 "/>
</bind>
</comp>

<comp id="227" class="1004" name="trottersLocal_V_0_addr_12_gep_fu_227">
<pin_list>
<pin id="228" dir="0" index="0" bw="512" slack="0"/>
<pin id="229" dir="0" index="1" bw="1" slack="0"/>
<pin id="230" dir="0" index="2" bw="3" slack="0"/>
<pin id="231" dir="1" index="3" bw="3" slack="0"/>
</pin_list>
<bind>
<opcode="getelementptr(29) " fcode="getelementptr"/>
<opset="trottersLocal_V_0_addr_12/5 "/>
</bind>
</comp>

<comp id="239" class="1004" name="trottersLocal_V_3_addr_11_gep_fu_239">
<pin_list>
<pin id="240" dir="0" index="0" bw="512" slack="0"/>
<pin id="241" dir="0" index="1" bw="1" slack="0"/>
<pin id="242" dir="0" index="2" bw="3" slack="0"/>
<pin id="243" dir="1" index="3" bw="3" slack="0"/>
</pin_list>
<bind>
<opcode="getelementptr(29) " fcode="getelementptr"/>
<opset="trottersLocal_V_3_addr_11/6 "/>
</bind>
</comp>

<comp id="247" class="1004" name="trottersLocal_V_2_addr_11_gep_fu_247">
<pin_list>
<pin id="248" dir="0" index="0" bw="512" slack="0"/>
<pin id="249" dir="0" index="1" bw="1" slack="0"/>
<pin id="250" dir="0" index="2" bw="3" slack="0"/>
<pin id="251" dir="1" index="3" bw="3" slack="0"/>
</pin_list>
<bind>
<opcode="getelementptr(29) " fcode="getelementptr"/>
<opset="trottersLocal_V_2_addr_11/6 "/>
</bind>
</comp>

<comp id="255" class="1004" name="trottersLocal_V_1_addr_11_gep_fu_255">
<pin_list>
<pin id="256" dir="0" index="0" bw="512" slack="0"/>
<pin id="257" dir="0" index="1" bw="1" slack="0"/>
<pin id="258" dir="0" index="2" bw="3" slack="0"/>
<pin id="259" dir="1" index="3" bw="3" slack="0"/>
</pin_list>
<bind>
<opcode="getelementptr(29) " fcode="getelementptr"/>
<opset="trottersLocal_V_1_addr_11/6 "/>
</bind>
</comp>

<comp id="263" class="1004" name="trottersLocal_V_0_addr_11_gep_fu_263">
<pin_list>
<pin id="264" dir="0" index="0" bw="512" slack="0"/>
<pin id="265" dir="0" index="1" bw="1" slack="0"/>
<pin id="266" dir="0" index="2" bw="3" slack="0"/>
<pin id="267" dir="1" index="3" bw="3" slack="0"/>
</pin_list>
<bind>
<opcode="getelementptr(29) " fcode="getelementptr"/>
<opset="trottersLocal_V_0_addr_11/6 "/>
</bind>
</comp>

<comp id="275" class="1004" name="trottersLocal_V_3_addr_10_gep_fu_275">
<pin_list>
<pin id="276" dir="0" index="0" bw="512" slack="0"/>
<pin id="277" dir="0" index="1" bw="1" slack="0"/>
<pin id="278" dir="0" index="2" bw="4" slack="0"/>
<pin id="279" dir="1" index="3" bw="3" slack="0"/>
</pin_list>
<bind>
<opcode="getelementptr(29) " fcode="getelementptr"/>
<opset="trottersLocal_V_3_addr_10/7 "/>
</bind>
</comp>

<comp id="283" class="1004" name="trottersLocal_V_2_addr_10_gep_fu_283">
<pin_list>
<pin id="284" dir="0" index="0" bw="512" slack="0"/>
<pin id="285" dir="0" index="1" bw="1" slack="0"/>
<pin id="286" dir="0" index="2" bw="4" slack="0"/>
<pin id="287" dir="1" index="3" bw="3" slack="0"/>
</pin_list>
<bind>
<opcode="getelementptr(29) " fcode="getelementptr"/>
<opset="trottersLocal_V_2_addr_10/7 "/>
</bind>
</comp>

<comp id="291" class="1004" name="trottersLocal_V_1_addr_10_gep_fu_291">
<pin_list>
<pin id="292" dir="0" index="0" bw="512" slack="0"/>
<pin id="293" dir="0" index="1" bw="1" slack="0"/>
<pin id="294" dir="0" index="2" bw="4" slack="0"/>
<pin id="295" dir="1" index="3" bw="3" slack="0"/>
</pin_list>
<bind>
<opcode="getelementptr(29) " fcode="getelementptr"/>
<opset="trottersLocal_V_1_addr_10/7 "/>
</bind>
</comp>

<comp id="299" class="1004" name="trottersLocal_V_0_addr_10_gep_fu_299">
<pin_list>
<pin id="300" dir="0" index="0" bw="512" slack="0"/>
<pin id="301" dir="0" index="1" bw="1" slack="0"/>
<pin id="302" dir="0" index="2" bw="4" slack="0"/>
<pin id="303" dir="1" index="3" bw="3" slack="0"/>
</pin_list>
<bind>
<opcode="getelementptr(29) " fcode="getelementptr"/>
<opset="trottersLocal_V_0_addr_10/7 "/>
</bind>
</comp>

<comp id="311" class="1004" name="trottersLocal_V_3_addr_9_gep_fu_311">
<pin_list>
<pin id="312" dir="0" index="0" bw="512" slack="0"/>
<pin id="313" dir="0" index="1" bw="1" slack="0"/>
<pin id="314" dir="0" index="2" bw="4" slack="0"/>
<pin id="315" dir="1" index="3" bw="3" slack="0"/>
</pin_list>
<bind>
<opcode="getelementptr(29) " fcode="getelementptr"/>
<opset="trottersLocal_V_3_addr_9/8 "/>
</bind>
</comp>

<comp id="319" class="1004" name="trottersLocal_V_2_addr_9_gep_fu_319">
<pin_list>
<pin id="320" dir="0" index="0" bw="512" slack="0"/>
<pin id="321" dir="0" index="1" bw="1" slack="0"/>
<pin id="322" dir="0" index="2" bw="4" slack="0"/>
<pin id="323" dir="1" index="3" bw="3" slack="0"/>
</pin_list>
<bind>
<opcode="getelementptr(29) " fcode="getelementptr"/>
<opset="trottersLocal_V_2_addr_9/8 "/>
</bind>
</comp>

<comp id="327" class="1004" name="trottersLocal_V_1_addr_9_gep_fu_327">
<pin_list>
<pin id="328" dir="0" index="0" bw="512" slack="0"/>
<pin id="329" dir="0" index="1" bw="1" slack="0"/>
<pin id="330" dir="0" index="2" bw="4" slack="0"/>
<pin id="331" dir="1" index="3" bw="3" slack="0"/>
</pin_list>
<bind>
<opcode="getelementptr(29) " fcode="getelementptr"/>
<opset="trottersLocal_V_1_addr_9/8 "/>
</bind>
</comp>

<comp id="335" class="1004" name="trottersLocal_V_0_addr_9_gep_fu_335">
<pin_list>
<pin id="336" dir="0" index="0" bw="512" slack="0"/>
<pin id="337" dir="0" index="1" bw="1" slack="0"/>
<pin id="338" dir="0" index="2" bw="4" slack="0"/>
<pin id="339" dir="1" index="3" bw="3" slack="0"/>
</pin_list>
<bind>
<opcode="getelementptr(29) " fcode="getelementptr"/>
<opset="trottersLocal_V_0_addr_9/8 "/>
</bind>
</comp>

<comp id="347" class="1004" name="trottersLocal_V_3_addr_gep_fu_347">
<pin_list>
<pin id="348" dir="0" index="0" bw="512" slack="0"/>
<pin id="349" dir="0" index="1" bw="1" slack="0"/>
<pin id="350" dir="0" index="2" bw="4" slack="0"/>
<pin id="351" dir="1" index="3" bw="3" slack="1"/>
</pin_list>
<bind>
<opcode="getelementptr(29) " fcode="getelementptr"/>
<opset="trottersLocal_V_3_addr/9 "/>
</bind>
</comp>

<comp id="355" class="1004" name="trottersLocal_V_3_addr_8_gep_fu_355">
<pin_list>
<pin id="356" dir="0" index="0" bw="512" slack="0"/>
<pin id="357" dir="0" index="1" bw="1" slack="0"/>
<pin id="358" dir="0" index="2" bw="4" slack="0"/>
<pin id="359" dir="1" index="3" bw="3" slack="0"/>
</pin_list>
<bind>
<opcode="getelementptr(29) " fcode="getelementptr"/>
<opset="trottersLocal_V_3_addr_8/9 "/>
</bind>
</comp>

<comp id="363" class="1004" name="trottersLocal_V_2_addr_gep_fu_363">
<pin_list>
<pin id="364" dir="0" index="0" bw="512" slack="0"/>
<pin id="365" dir="0" index="1" bw="1" slack="0"/>
<pin id="366" dir="0" index="2" bw="4" slack="0"/>
<pin id="367" dir="1" index="3" bw="3" slack="1"/>
</pin_list>
<bind>
<opcode="getelementptr(29) " fcode="getelementptr"/>
<opset="trottersLocal_V_2_addr/9 "/>
</bind>
</comp>

<comp id="371" class="1004" name="trottersLocal_V_2_addr_8_gep_fu_371">
<pin_list>
<pin id="372" dir="0" index="0" bw="512" slack="0"/>
<pin id="373" dir="0" index="1" bw="1" slack="0"/>
<pin id="374" dir="0" index="2" bw="4" slack="0"/>
<pin id="375" dir="1" index="3" bw="3" slack="0"/>
</pin_list>
<bind>
<opcode="getelementptr(29) " fcode="getelementptr"/>
<opset="trottersLocal_V_2_addr_8/9 "/>
</bind>
</comp>

<comp id="379" class="1004" name="trottersLocal_V_1_addr_gep_fu_379">
<pin_list>
<pin id="380" dir="0" index="0" bw="512" slack="0"/>
<pin id="381" dir="0" index="1" bw="1" slack="0"/>
<pin id="382" dir="0" index="2" bw="4" slack="0"/>
<pin id="383" dir="1" index="3" bw="3" slack="1"/>
</pin_list>
<bind>
<opcode="getelementptr(29) " fcode="getelementptr"/>
<opset="trottersLocal_V_1_addr/9 "/>
</bind>
</comp>

<comp id="387" class="1004" name="trottersLocal_V_1_addr_8_gep_fu_387">
<pin_list>
<pin id="388" dir="0" index="0" bw="512" slack="0"/>
<pin id="389" dir="0" index="1" bw="1" slack="0"/>
<pin id="390" dir="0" index="2" bw="4" slack="0"/>
<pin id="391" dir="1" index="3" bw="3" slack="0"/>
</pin_list>
<bind>
<opcode="getelementptr(29) " fcode="getelementptr"/>
<opset="trottersLocal_V_1_addr_8/9 "/>
</bind>
</comp>

<comp id="395" class="1004" name="trottersLocal_V_0_addr_gep_fu_395">
<pin_list>
<pin id="396" dir="0" index="0" bw="512" slack="0"/>
<pin id="397" dir="0" index="1" bw="1" slack="0"/>
<pin id="398" dir="0" index="2" bw="4" slack="0"/>
<pin id="399" dir="1" index="3" bw="3" slack="1"/>
</pin_list>
<bind>
<opcode="getelementptr(29) " fcode="getelementptr"/>
<opset="trottersLocal_V_0_addr/9 "/>
</bind>
</comp>

<comp id="403" class="1004" name="trottersLocal_V_0_addr_8_gep_fu_403">
<pin_list>
<pin id="404" dir="0" index="0" bw="512" slack="0"/>
<pin id="405" dir="0" index="1" bw="1" slack="0"/>
<pin id="406" dir="0" index="2" bw="4" slack="0"/>
<pin id="407" dir="1" index="3" bw="3" slack="0"/>
</pin_list>
<bind>
<opcode="getelementptr(29) " fcode="getelementptr"/>
<opset="trottersLocal_V_0_addr_8/9 "/>
</bind>
</comp>

<comp id="415" class="1005" name="reg_415">
<pin_list>
<pin id="416" dir="0" index="0" bw="512" slack="1"/>
<pin id="417" dir="1" index="1" bw="512" slack="1"/>
</pin_list>
<bind>
<opset="gmem0_addr_read gmem0_addr_read_1 gmem0_addr_read_2 gmem0_addr_read_3 gmem0_addr_read_4 gmem0_addr_read_5 gmem0_addr_read_6 gmem0_addr_read_7 "/>
</bind>
</comp>

<comp id="423" class="1004" name="sext_ln198_cast_fu_423">
<pin_list>
<pin id="424" dir="0" index="0" bw="58" slack="0"/>
<pin id="425" dir="1" index="1" bw="64" slack="1"/>
</pin_list>
<bind>
<opcode="sext(35) " fcode="sext"/>
<opset="sext_ln198_cast/1 "/>
</bind>
</comp>

<comp id="427" class="1004" name="store_ln0_store_fu_427">
<pin_list>
<pin id="428" dir="0" index="0" bw="1" slack="0"/>
<pin id="429" dir="0" index="1" bw="3" slack="0"/>
<pin id="430" dir="1" index="2" bw="0" slack="2147483647"/>
</pin_list>
<bind>
<opcode="store(28) " fcode="store"/>
<opset="store_ln0/1 "/>
</bind>
</comp>

<comp id="432" class="1004" name="t_2_load_fu_432">
<pin_list>
<pin id="433" dir="0" index="0" bw="3" slack="0"/>
<pin id="434" dir="1" index="1" bw="3" slack="0"/>
</pin_list>
<bind>
<opcode="load(27) " fcode="load"/>
<opset="t_2/1 "/>
</bind>
</comp>

<comp id="435" class="1004" name="icmp_ln198_fu_435">
<pin_list>
<pin id="436" dir="0" index="0" bw="3" slack="0"/>
<pin id="437" dir="0" index="1" bw="3" slack="0"/>
<pin id="438" dir="1" index="2" bw="1" slack="1"/>
</pin_list>
<bind>
<opcode="icmp(45) " fcode="icmp"/>
<opset="icmp_ln198/1 "/>
</bind>
</comp>

<comp id="441" class="1004" name="add_ln198_fu_441">
<pin_list>
<pin id="442" dir="0" index="0" bw="3" slack="0"/>
<pin id="443" dir="0" index="1" bw="1" slack="0"/>
<pin id="444" dir="1" index="2" bw="3" slack="0"/>
</pin_list>
<bind>
<opcode="add(8) " fcode="add"/>
<opset="add_ln198/1 "/>
</bind>
</comp>

<comp id="447" class="1004" name="trunc_ln202_fu_447">
<pin_list>
<pin id="448" dir="0" index="0" bw="3" slack="0"/>
<pin id="449" dir="1" index="1" bw="2" slack="2"/>
</pin_list>
<bind>
<opcode="trunc(33) " fcode="trunc"/>
<opset="trunc_ln202/1 "/>
</bind>
</comp>

<comp id="451" class="1004" name="store_ln198_store_fu_451">
<pin_list>
<pin id="452" dir="0" index="0" bw="3" slack="0"/>
<pin id="453" dir="0" index="1" bw="3" slack="0"/>
<pin id="454" dir="1" index="2" bw="0" slack="2147483647"/>
</pin_list>
<bind>
<opcode="store(28) " fcode="store"/>
<opset="store_ln198/1 "/>
</bind>
</comp>

<comp id="456" class="1004" name="gmem0_addr_fu_456">
<pin_list>
<pin id="457" dir="0" index="0" bw="512" slack="0"/>
<pin id="458" dir="0" index="1" bw="58" slack="1"/>
<pin id="459" dir="1" index="2" bw="512" slack="0"/>
</pin_list>
<bind>
<opcode="getelementptr(29) " fcode="getelementptr"/>
<opset="gmem0_addr/2 "/>
</bind>
</comp>

<comp id="462" class="1005" name="t_reg_462">
<pin_list>
<pin id="463" dir="0" index="0" bw="3" slack="0"/>
<pin id="464" dir="1" index="1" bw="3" slack="0"/>
</pin_list>
<bind>
<opset="t "/>
</bind>
</comp>

<comp id="469" class="1005" name="sext_ln198_cast_reg_469">
<pin_list>
<pin id="470" dir="0" index="0" bw="64" slack="1"/>
<pin id="471" dir="1" index="1" bw="64" slack="1"/>
</pin_list>
<bind>
<opset="sext_ln198_cast "/>
</bind>
</comp>

<comp id="474" class="1005" name="icmp_ln198_reg_474">
<pin_list>
<pin id="475" dir="0" index="0" bw="1" slack="1"/>
<pin id="476" dir="1" index="1" bw="1" slack="2147483647"/>
</pin_list>
<bind>
<opset="icmp_ln198 "/>
</bind>
</comp>

<comp id="478" class="1005" name="trunc_ln202_reg_478">
<pin_list>
<pin id="479" dir="0" index="0" bw="2" slack="2"/>
<pin id="480" dir="1" index="1" bw="2" slack="2147483647"/>
</pin_list>
<bind>
<opset="trunc_ln202 "/>
</bind>
</comp>

<comp id="482" class="1005" name="gmem0_addr_reg_482">
<pin_list>
<pin id="483" dir="0" index="0" bw="512" slack="1"/>
<pin id="484" dir="1" index="1" bw="512" slack="1"/>
</pin_list>
<bind>
<opset="gmem0_addr "/>
</bind>
</comp>

<comp id="487" class="1005" name="trottersLocal_V_3_addr_reg_487">
<pin_list>
<pin id="488" dir="0" index="0" bw="3" slack="1"/>
<pin id="489" dir="1" index="1" bw="3" slack="1"/>
</pin_list>
<bind>
<opset="trottersLocal_V_3_addr "/>
</bind>
</comp>

<comp id="492" class="1005" name="trottersLocal_V_2_addr_reg_492">
<pin_list>
<pin id="493" dir="0" index="0" bw="3" slack="1"/>
<pin id="494" dir="1" index="1" bw="3" slack="1"/>
</pin_list>
<bind>
<opset="trottersLocal_V_2_addr "/>
</bind>
</comp>

<comp id="497" class="1005" name="trottersLocal_V_1_addr_reg_497">
<pin_list>
<pin id="498" dir="0" index="0" bw="3" slack="1"/>
<pin id="499" dir="1" index="1" bw="3" slack="1"/>
</pin_list>
<bind>
<opset="trottersLocal_V_1_addr "/>
</bind>
</comp>

<comp id="502" class="1005" name="trottersLocal_V_0_addr_reg_502">
<pin_list>
<pin id="503" dir="0" index="0" bw="3" slack="1"/>
<pin id="504" dir="1" index="1" bw="3" slack="1"/>
</pin_list>
<bind>
<opset="trottersLocal_V_0_addr "/>
</bind>
</comp>

</comp_list>

<net_list>
<net id="83"><net_src comp="12" pin="0"/><net_sink comp="80" pin=0"/></net>

<net id="88"><net_src comp="14" pin="0"/><net_sink comp="84" pin=0"/></net>

<net id="89"><net_src comp="8" pin="0"/><net_sink comp="84" pin=1"/></net>

<net id="94"><net_src comp="52" pin="0"/><net_sink comp="90" pin=0"/></net>

<net id="100"><net_src comp="0" pin="0"/><net_sink comp="95" pin=0"/></net>

<net id="101"><net_src comp="54" pin="0"/><net_sink comp="95" pin=1"/></net>

<net id="102"><net_src comp="54" pin="0"/><net_sink comp="95" pin=2"/></net>

<net id="108"><net_src comp="2" pin="0"/><net_sink comp="103" pin=0"/></net>

<net id="109"><net_src comp="54" pin="0"/><net_sink comp="103" pin=1"/></net>

<net id="110"><net_src comp="54" pin="0"/><net_sink comp="103" pin=2"/></net>

<net id="116"><net_src comp="4" pin="0"/><net_sink comp="111" pin=0"/></net>

<net id="117"><net_src comp="54" pin="0"/><net_sink comp="111" pin=1"/></net>

<net id="118"><net_src comp="54" pin="0"/><net_sink comp="111" pin=2"/></net>

<net id="124"><net_src comp="10" pin="0"/><net_sink comp="119" pin=0"/></net>

<net id="125"><net_src comp="54" pin="0"/><net_sink comp="119" pin=1"/></net>

<net id="126"><net_src comp="54" pin="0"/><net_sink comp="119" pin=2"/></net>

<net id="136"><net_src comp="103" pin="3"/><net_sink comp="127" pin=2"/></net>

<net id="146"><net_src comp="111" pin="3"/><net_sink comp="137" pin=2"/></net>

<net id="156"><net_src comp="119" pin="3"/><net_sink comp="147" pin=2"/></net>

<net id="166"><net_src comp="95" pin="3"/><net_sink comp="157" pin=2"/></net>

<net id="172"><net_src comp="0" pin="0"/><net_sink comp="167" pin=0"/></net>

<net id="173"><net_src comp="54" pin="0"/><net_sink comp="167" pin=1"/></net>

<net id="174"><net_src comp="56" pin="0"/><net_sink comp="167" pin=2"/></net>

<net id="180"><net_src comp="2" pin="0"/><net_sink comp="175" pin=0"/></net>

<net id="181"><net_src comp="54" pin="0"/><net_sink comp="175" pin=1"/></net>

<net id="182"><net_src comp="56" pin="0"/><net_sink comp="175" pin=2"/></net>

<net id="188"><net_src comp="4" pin="0"/><net_sink comp="183" pin=0"/></net>

<net id="189"><net_src comp="54" pin="0"/><net_sink comp="183" pin=1"/></net>

<net id="190"><net_src comp="56" pin="0"/><net_sink comp="183" pin=2"/></net>

<net id="196"><net_src comp="10" pin="0"/><net_sink comp="191" pin=0"/></net>

<net id="197"><net_src comp="54" pin="0"/><net_sink comp="191" pin=1"/></net>

<net id="198"><net_src comp="56" pin="0"/><net_sink comp="191" pin=2"/></net>

<net id="199"><net_src comp="175" pin="3"/><net_sink comp="127" pin=2"/></net>

<net id="200"><net_src comp="183" pin="3"/><net_sink comp="137" pin=2"/></net>

<net id="201"><net_src comp="191" pin="3"/><net_sink comp="147" pin=2"/></net>

<net id="202"><net_src comp="167" pin="3"/><net_sink comp="157" pin=2"/></net>

<net id="208"><net_src comp="0" pin="0"/><net_sink comp="203" pin=0"/></net>

<net id="209"><net_src comp="54" pin="0"/><net_sink comp="203" pin=1"/></net>

<net id="210"><net_src comp="58" pin="0"/><net_sink comp="203" pin=2"/></net>

<net id="216"><net_src comp="2" pin="0"/><net_sink comp="211" pin=0"/></net>

<net id="217"><net_src comp="54" pin="0"/><net_sink comp="211" pin=1"/></net>

<net id="218"><net_src comp="58" pin="0"/><net_sink comp="211" pin=2"/></net>

<net id="224"><net_src comp="4" pin="0"/><net_sink comp="219" pin=0"/></net>

<net id="225"><net_src comp="54" pin="0"/><net_sink comp="219" pin=1"/></net>

<net id="226"><net_src comp="58" pin="0"/><net_sink comp="219" pin=2"/></net>

<net id="232"><net_src comp="10" pin="0"/><net_sink comp="227" pin=0"/></net>

<net id="233"><net_src comp="54" pin="0"/><net_sink comp="227" pin=1"/></net>

<net id="234"><net_src comp="58" pin="0"/><net_sink comp="227" pin=2"/></net>

<net id="235"><net_src comp="211" pin="3"/><net_sink comp="127" pin=2"/></net>

<net id="236"><net_src comp="219" pin="3"/><net_sink comp="137" pin=2"/></net>

<net id="237"><net_src comp="227" pin="3"/><net_sink comp="147" pin=2"/></net>

<net id="238"><net_src comp="203" pin="3"/><net_sink comp="157" pin=2"/></net>

<net id="244"><net_src comp="0" pin="0"/><net_sink comp="239" pin=0"/></net>

<net id="245"><net_src comp="54" pin="0"/><net_sink comp="239" pin=1"/></net>

<net id="246"><net_src comp="60" pin="0"/><net_sink comp="239" pin=2"/></net>

<net id="252"><net_src comp="2" pin="0"/><net_sink comp="247" pin=0"/></net>

<net id="253"><net_src comp="54" pin="0"/><net_sink comp="247" pin=1"/></net>

<net id="254"><net_src comp="60" pin="0"/><net_sink comp="247" pin=2"/></net>

<net id="260"><net_src comp="4" pin="0"/><net_sink comp="255" pin=0"/></net>

<net id="261"><net_src comp="54" pin="0"/><net_sink comp="255" pin=1"/></net>

<net id="262"><net_src comp="60" pin="0"/><net_sink comp="255" pin=2"/></net>

<net id="268"><net_src comp="10" pin="0"/><net_sink comp="263" pin=0"/></net>

<net id="269"><net_src comp="54" pin="0"/><net_sink comp="263" pin=1"/></net>

<net id="270"><net_src comp="60" pin="0"/><net_sink comp="263" pin=2"/></net>

<net id="271"><net_src comp="247" pin="3"/><net_sink comp="127" pin=2"/></net>

<net id="272"><net_src comp="255" pin="3"/><net_sink comp="137" pin=2"/></net>

<net id="273"><net_src comp="263" pin="3"/><net_sink comp="147" pin=2"/></net>

<net id="274"><net_src comp="239" pin="3"/><net_sink comp="157" pin=2"/></net>

<net id="280"><net_src comp="0" pin="0"/><net_sink comp="275" pin=0"/></net>

<net id="281"><net_src comp="54" pin="0"/><net_sink comp="275" pin=1"/></net>

<net id="282"><net_src comp="62" pin="0"/><net_sink comp="275" pin=2"/></net>

<net id="288"><net_src comp="2" pin="0"/><net_sink comp="283" pin=0"/></net>

<net id="289"><net_src comp="54" pin="0"/><net_sink comp="283" pin=1"/></net>

<net id="290"><net_src comp="62" pin="0"/><net_sink comp="283" pin=2"/></net>

<net id="296"><net_src comp="4" pin="0"/><net_sink comp="291" pin=0"/></net>

<net id="297"><net_src comp="54" pin="0"/><net_sink comp="291" pin=1"/></net>

<net id="298"><net_src comp="62" pin="0"/><net_sink comp="291" pin=2"/></net>

<net id="304"><net_src comp="10" pin="0"/><net_sink comp="299" pin=0"/></net>

<net id="305"><net_src comp="54" pin="0"/><net_sink comp="299" pin=1"/></net>

<net id="306"><net_src comp="62" pin="0"/><net_sink comp="299" pin=2"/></net>

<net id="307"><net_src comp="283" pin="3"/><net_sink comp="127" pin=2"/></net>

<net id="308"><net_src comp="291" pin="3"/><net_sink comp="137" pin=2"/></net>

<net id="309"><net_src comp="299" pin="3"/><net_sink comp="147" pin=2"/></net>

<net id="310"><net_src comp="275" pin="3"/><net_sink comp="157" pin=2"/></net>

<net id="316"><net_src comp="0" pin="0"/><net_sink comp="311" pin=0"/></net>

<net id="317"><net_src comp="54" pin="0"/><net_sink comp="311" pin=1"/></net>

<net id="318"><net_src comp="64" pin="0"/><net_sink comp="311" pin=2"/></net>

<net id="324"><net_src comp="2" pin="0"/><net_sink comp="319" pin=0"/></net>

<net id="325"><net_src comp="54" pin="0"/><net_sink comp="319" pin=1"/></net>

<net id="326"><net_src comp="64" pin="0"/><net_sink comp="319" pin=2"/></net>

<net id="332"><net_src comp="4" pin="0"/><net_sink comp="327" pin=0"/></net>

<net id="333"><net_src comp="54" pin="0"/><net_sink comp="327" pin=1"/></net>

<net id="334"><net_src comp="64" pin="0"/><net_sink comp="327" pin=2"/></net>

<net id="340"><net_src comp="10" pin="0"/><net_sink comp="335" pin=0"/></net>

<net id="341"><net_src comp="54" pin="0"/><net_sink comp="335" pin=1"/></net>

<net id="342"><net_src comp="64" pin="0"/><net_sink comp="335" pin=2"/></net>

<net id="343"><net_src comp="319" pin="3"/><net_sink comp="127" pin=2"/></net>

<net id="344"><net_src comp="327" pin="3"/><net_sink comp="137" pin=2"/></net>

<net id="345"><net_src comp="335" pin="3"/><net_sink comp="147" pin=2"/></net>

<net id="346"><net_src comp="311" pin="3"/><net_sink comp="157" pin=2"/></net>

<net id="352"><net_src comp="0" pin="0"/><net_sink comp="347" pin=0"/></net>

<net id="353"><net_src comp="54" pin="0"/><net_sink comp="347" pin=1"/></net>

<net id="354"><net_src comp="66" pin="0"/><net_sink comp="347" pin=2"/></net>

<net id="360"><net_src comp="0" pin="0"/><net_sink comp="355" pin=0"/></net>

<net id="361"><net_src comp="54" pin="0"/><net_sink comp="355" pin=1"/></net>

<net id="362"><net_src comp="68" pin="0"/><net_sink comp="355" pin=2"/></net>

<net id="368"><net_src comp="2" pin="0"/><net_sink comp="363" pin=0"/></net>

<net id="369"><net_src comp="54" pin="0"/><net_sink comp="363" pin=1"/></net>

<net id="370"><net_src comp="66" pin="0"/><net_sink comp="363" pin=2"/></net>

<net id="376"><net_src comp="2" pin="0"/><net_sink comp="371" pin=0"/></net>

<net id="377"><net_src comp="54" pin="0"/><net_sink comp="371" pin=1"/></net>

<net id="378"><net_src comp="68" pin="0"/><net_sink comp="371" pin=2"/></net>

<net id="384"><net_src comp="4" pin="0"/><net_sink comp="379" pin=0"/></net>

<net id="385"><net_src comp="54" pin="0"/><net_sink comp="379" pin=1"/></net>

<net id="386"><net_src comp="66" pin="0"/><net_sink comp="379" pin=2"/></net>

<net id="392"><net_src comp="4" pin="0"/><net_sink comp="387" pin=0"/></net>

<net id="393"><net_src comp="54" pin="0"/><net_sink comp="387" pin=1"/></net>

<net id="394"><net_src comp="68" pin="0"/><net_sink comp="387" pin=2"/></net>

<net id="400"><net_src comp="10" pin="0"/><net_sink comp="395" pin=0"/></net>

<net id="401"><net_src comp="54" pin="0"/><net_sink comp="395" pin=1"/></net>

<net id="402"><net_src comp="66" pin="0"/><net_sink comp="395" pin=2"/></net>

<net id="408"><net_src comp="10" pin="0"/><net_sink comp="403" pin=0"/></net>

<net id="409"><net_src comp="54" pin="0"/><net_sink comp="403" pin=1"/></net>

<net id="410"><net_src comp="68" pin="0"/><net_sink comp="403" pin=2"/></net>

<net id="411"><net_src comp="371" pin="3"/><net_sink comp="127" pin=2"/></net>

<net id="412"><net_src comp="387" pin="3"/><net_sink comp="137" pin=2"/></net>

<net id="413"><net_src comp="403" pin="3"/><net_sink comp="147" pin=2"/></net>

<net id="414"><net_src comp="355" pin="3"/><net_sink comp="157" pin=2"/></net>

<net id="418"><net_src comp="90" pin="2"/><net_sink comp="415" pin=0"/></net>

<net id="419"><net_src comp="415" pin="1"/><net_sink comp="127" pin=4"/></net>

<net id="420"><net_src comp="415" pin="1"/><net_sink comp="137" pin=4"/></net>

<net id="421"><net_src comp="415" pin="1"/><net_sink comp="147" pin=4"/></net>

<net id="422"><net_src comp="415" pin="1"/><net_sink comp="157" pin=4"/></net>

<net id="426"><net_src comp="84" pin="2"/><net_sink comp="423" pin=0"/></net>

<net id="431"><net_src comp="40" pin="0"/><net_sink comp="427" pin=0"/></net>

<net id="439"><net_src comp="432" pin="1"/><net_sink comp="435" pin=0"/></net>

<net id="440"><net_src comp="42" pin="0"/><net_sink comp="435" pin=1"/></net>

<net id="445"><net_src comp="432" pin="1"/><net_sink comp="441" pin=0"/></net>

<net id="446"><net_src comp="44" pin="0"/><net_sink comp="441" pin=1"/></net>

<net id="450"><net_src comp="432" pin="1"/><net_sink comp="447" pin=0"/></net>

<net id="455"><net_src comp="441" pin="2"/><net_sink comp="451" pin=0"/></net>

<net id="460"><net_src comp="6" pin="0"/><net_sink comp="456" pin=0"/></net>

<net id="461"><net_src comp="456" pin="2"/><net_sink comp="90" pin=1"/></net>

<net id="465"><net_src comp="80" pin="1"/><net_sink comp="462" pin=0"/></net>

<net id="466"><net_src comp="462" pin="1"/><net_sink comp="427" pin=1"/></net>

<net id="467"><net_src comp="462" pin="1"/><net_sink comp="432" pin=0"/></net>

<net id="468"><net_src comp="462" pin="1"/><net_sink comp="451" pin=1"/></net>

<net id="472"><net_src comp="423" pin="1"/><net_sink comp="469" pin=0"/></net>

<net id="473"><net_src comp="469" pin="1"/><net_sink comp="456" pin=1"/></net>

<net id="477"><net_src comp="435" pin="2"/><net_sink comp="474" pin=0"/></net>

<net id="481"><net_src comp="447" pin="1"/><net_sink comp="478" pin=0"/></net>

<net id="485"><net_src comp="456" pin="2"/><net_sink comp="482" pin=0"/></net>

<net id="486"><net_src comp="482" pin="1"/><net_sink comp="90" pin=1"/></net>

<net id="490"><net_src comp="347" pin="3"/><net_sink comp="487" pin=0"/></net>

<net id="491"><net_src comp="487" pin="1"/><net_sink comp="157" pin=2"/></net>

<net id="495"><net_src comp="363" pin="3"/><net_sink comp="492" pin=0"/></net>

<net id="496"><net_src comp="492" pin="1"/><net_sink comp="127" pin=2"/></net>

<net id="500"><net_src comp="379" pin="3"/><net_sink comp="497" pin=0"/></net>

<net id="501"><net_src comp="497" pin="1"/><net_sink comp="137" pin=2"/></net>

<net id="505"><net_src comp="395" pin="3"/><net_sink comp="502" pin=0"/></net>

<net id="506"><net_src comp="502" pin="1"/><net_sink comp="147" pin=2"/></net>

</net_list>

</model> 
---------------- Datapath Model END ------------------

* FSMD analyzer results:
  - Output states:
	Port: trottersLocal_V_3 | {3 4 5 6 7 8 9 10 }
	Port: trottersLocal_V_2 | {3 4 5 6 7 8 9 10 }
	Port: trottersLocal_V_1 | {3 4 5 6 7 8 9 10 }
	Port: trottersLocal_V_0 | {3 4 5 6 7 8 9 10 }
 - Input state : 
	Port: QuantumMonteCarloU50_Pipeline_READ_TROTTERS : gmem0 | {2 3 4 5 6 7 8 9 }
	Port: QuantumMonteCarloU50_Pipeline_READ_TROTTERS : sext_ln198 | {1 }
  - Chain level:
	State 1
		store_ln0 : 1
		t_2 : 1
		icmp_ln198 : 2
		add_ln198 : 2
		br_ln198 : 3
		trunc_ln202 : 2
		switch_ln202 : 3
		store_ln198 : 3
	State 2
		gmem0_addr_read : 1
	State 3
		store_ln202 : 1
		store_ln202 : 1
		store_ln202 : 1
		store_ln202 : 1
	State 4
		store_ln202 : 1
		store_ln202 : 1
		store_ln202 : 1
		store_ln202 : 1
	State 5
		store_ln202 : 1
		store_ln202 : 1
		store_ln202 : 1
		store_ln202 : 1
	State 6
		store_ln202 : 1
		store_ln202 : 1
		store_ln202 : 1
		store_ln202 : 1
	State 7
		store_ln202 : 1
		store_ln202 : 1
		store_ln202 : 1
		store_ln202 : 1
	State 8
		store_ln202 : 1
		store_ln202 : 1
		store_ln202 : 1
		store_ln202 : 1
	State 9
		store_ln202 : 1
		store_ln202 : 1
		store_ln202 : 1
		store_ln202 : 1
	State 10


============================================================
+ Verbose Summary: Datapath Resource usage 
============================================================

* Functional unit list:
|----------|----------------------------|---------|---------|
| Operation|       Functional Unit      |    FF   |   LUT   |
|----------|----------------------------|---------|---------|
|    add   |      add_ln198_fu_441      |    0    |    10   |
|----------|----------------------------|---------|---------|
|   icmp   |      icmp_ln198_fu_435     |    0    |    8    |
|----------|----------------------------|---------|---------|
|   read   | sext_ln198_read_read_fu_84 |    0    |    0    |
|          |       grp_read_fu_90       |    0    |    0    |
|----------|----------------------------|---------|---------|
|   sext   |   sext_ln198_cast_fu_423   |    0    |    0    |
|----------|----------------------------|---------|---------|
|   trunc  |     trunc_ln202_fu_447     |    0    |    0    |
|----------|----------------------------|---------|---------|
|   Total  |                            |    0    |    18   |
|----------|----------------------------|---------|---------|

Memories:
N/A

* Register list:
+------------------------------+--------+
|                              |   FF   |
+------------------------------+--------+
|      gmem0_addr_reg_482      |   512  |
|      icmp_ln198_reg_474      |    1   |
|            reg_415           |   512  |
|    sext_ln198_cast_reg_469   |   64   |
|           t_reg_462          |    3   |
|trottersLocal_V_0_addr_reg_502|    3   |
|trottersLocal_V_1_addr_reg_497|    3   |
|trottersLocal_V_2_addr_reg_492|    3   |
|trottersLocal_V_3_addr_reg_487|    3   |
|      trunc_ln202_reg_478     |    2   |
+------------------------------+--------+
|             Total            |  1106  |
+------------------------------+--------+

* Multiplexer (MUX) list: 
|-------------------|------|------|------|--------||---------||---------|
|        Comp       |  Pin | Size |  BW  | S x BW ||  Delay  ||   LUT   |
|-------------------|------|------|------|--------||---------||---------|
|   grp_read_fu_90  |  p1  |   2  |  512 |  1024  ||    9    |
| grp_access_fu_127 |  p2  |   8  |   0  |    0   ||    43   |
| grp_access_fu_137 |  p2  |   8  |   0  |    0   ||    43   |
| grp_access_fu_147 |  p2  |   8  |   0  |    0   ||    43   |
| grp_access_fu_157 |  p2  |   8  |   0  |    0   ||    43   |
|-------------------|------|------|------|--------||---------||---------|
|       Total       |      |      |      |  1024  || 2.72357 ||   181   |
|-------------------|------|------|------|--------||---------||---------|



* Summary:
+-----------+--------+--------+--------+
|           |  Delay |   FF   |   LUT  |
+-----------+--------+--------+--------+
|  Function |    -   |    0   |   18   |
|   Memory  |    -   |    -   |    -   |
|Multiplexer|    2   |    -   |   181  |
|  Register |    -   |  1106  |    -   |
+-----------+--------+--------+--------+
|   Total   |    2   |  1106  |   199  |
+-----------+--------+--------+--------+
