

================================================================
== Vitis HLS Report for 'Run'
================================================================
* Date:           Sat Sep 25 08:48:07 2021

* Version:        2021.1 (Build 3247384 on Thu Jun 10 19:36:33 MDT 2021)
* Project:        SQA-Vitis
* Solution:       solution1 (Vitis Kernel Flow Target)
* Product family: virtexuplus
* Target device:  xcvu35p-fsvh2892-2-e


================================================================
== Performance Estimates
================================================================
+ Timing: 
    * Summary: 
    +--------+---------+----------+------------+
    |  Clock |  Target | Estimated| Uncertainty|
    +--------+---------+----------+------------+
    |ap_clk  |  3.33 ns|  2.885 ns|     0.90 ns|
    +--------+---------+----------+------------+

+ Latency: 
    * Summary: 
    +---------+---------+----------+----------+-----+-----+---------+
    |  Latency (cycles) |  Latency (absolute) |  Interval | Pipeline|
    |   min   |   max   |    min   |    max   | min | max |   Type  |
    +---------+---------+----------+----------+-----+-----+---------+
    |      260|      260|  0.867 us|  0.867 us|  260|  260|       no|
    +---------+---------+----------+----------+-----+-----+---------+

    + Detail: 
        * Instance: 
        +--------------------------------+---------------------+---------+---------+----------+----------+-----+-----+---------+
        |                                |                     |  Latency (cycles) |  Latency (absolute) |  Interval | Pipeline|
        |            Instance            |        Module       |   min   |   max   |    min   |    max   | min | max |   Type  |
        +--------------------------------+---------------------+---------+---------+----------+----------+-----+-----+---------+
        |grp_Run_Pipeline_SUM_UP_fu_663  |Run_Pipeline_SUM_UP  |      184|      184|  0.613 us|  0.613 us|  184|  184|       no|
        +--------------------------------+---------------------+---------+---------+----------+----------+-----+-----+---------+

        * Loop: 
        N/A



================================================================
== Utilization Estimates
================================================================
* Summary: 
+---------------------+---------+------+---------+--------+-----+
|         Name        | BRAM_18K|  DSP |    FF   |   LUT  | URAM|
+---------------------+---------+------+---------+--------+-----+
|DSP                  |        -|     -|        -|       -|    -|
|Expression           |        -|     -|        -|       -|    -|
|FIFO                 |        -|     -|        -|       -|    -|
|Instance             |        -|   128|    28722|   19223|    -|
|Memory               |        0|     -|       32|      33|    0|
|Multiplexer          |        -|     -|        -|    1405|    -|
|Register             |        -|     -|     1454|       -|    -|
+---------------------+---------+------+---------+--------+-----+
|Total                |        0|   128|    30208|   20661|    0|
+---------------------+---------+------+---------+--------+-----+
|Available SLR        |     1344|  2976|   871680|  435840|  320|
+---------------------+---------+------+---------+--------+-----+
|Utilization SLR (%)  |        0|     4|        3|       4|    0|
+---------------------+---------+------+---------+--------+-----+
|Available            |     2688|  5952|  1743360|  871680|  640|
+---------------------+---------+------+---------+--------+-----+
|Utilization (%)      |        0|     2|        1|       2|    0|
+---------------------+---------+------+---------+--------+-----+

+ Detail: 
    * Instance: 
    +------------------------------------+--------------------------------+---------+-----+-------+-------+-----+
    |              Instance              |             Module             | BRAM_18K| DSP |   FF  |  LUT  | URAM|
    +------------------------------------+--------------------------------+---------+-----+-------+-------+-----+
    |grp_Run_Pipeline_SUM_UP_fu_663      |Run_Pipeline_SUM_UP             |        0|  118|  27132|  18233|    0|
    |fadd_32ns_32ns_32_7_full_dsp_1_U89  |fadd_32ns_32ns_32_7_full_dsp_1  |        0|    2|    318|    198|    0|
    |fadd_32ns_32ns_32_7_full_dsp_1_U90  |fadd_32ns_32ns_32_7_full_dsp_1  |        0|    2|    318|    198|    0|
    |fadd_32ns_32ns_32_7_full_dsp_1_U91  |fadd_32ns_32ns_32_7_full_dsp_1  |        0|    2|    318|    198|    0|
    |fadd_32ns_32ns_32_7_full_dsp_1_U92  |fadd_32ns_32ns_32_7_full_dsp_1  |        0|    2|    318|    198|    0|
    |fadd_32ns_32ns_32_7_full_dsp_1_U93  |fadd_32ns_32ns_32_7_full_dsp_1  |        0|    2|    318|    198|    0|
    +------------------------------------+--------------------------------+---------+-----+-------+-------+-----+
    |Total                               |                                |        0|  128|  28722|  19223|    0|
    +------------------------------------+--------------------------------+---------+-----+-------+-------+-----+

    * DSP: 
    N/A

    * Memory: 
    +----------+------------+---------+----+----+-----+------+-----+------+-------------+
    |  Memory  |   Module   | BRAM_18K| FF | LUT| URAM| Words| Bits| Banks| W*Bits*Banks|
    +----------+------------+---------+----+----+-----+------+-----+------+-------------+
    |dh_tmp_U  |Run_dh_tmp  |        0|  32|  33|    0|    64|   32|     1|         2048|
    +----------+------------+---------+----+----+-----+------+-----+------+-------------+
    |Total     |            |        0|  32|  33|    0|    64|   32|     1|         2048|
    +----------+------------+---------+----+----+-----+------+-----+------+-------------+

    * FIFO: 
    N/A

    * Expression: 
    N/A

    * Multiplexer: 
    +-----------------+-----+-----------+-----+-----------+
    |       Name      | LUT | Input Size| Bits| Total Bits|
    +-----------------+-----+-----------+-----+-----------+
    |ap_NS_fsm        |  364|         78|    1|         78|
    |ap_return        |    9|          2|   32|         64|
    |dh_tmp_address0  |  201|         46|    6|        276|
    |dh_tmp_address1  |  193|         44|    6|        264|
    |dh_tmp_ce0       |   14|          3|    1|          3|
    |dh_tmp_d0        |   65|         12|   32|        384|
    |dh_tmp_d1        |   65|         12|   32|        384|
    |dh_tmp_we0       |   14|          3|    1|          3|
    |grp_fu_677_ce    |    9|          2|    1|          2|
    |grp_fu_677_p0    |   81|         17|   32|        544|
    |grp_fu_677_p1    |   97|         20|   32|        640|
    |grp_fu_681_ce    |    9|          2|    1|          2|
    |grp_fu_681_p0    |   49|          9|   32|        288|
    |grp_fu_681_p1    |   54|         10|   32|        320|
    |grp_fu_685_ce    |    9|          2|    1|          2|
    |grp_fu_685_p0    |   31|          6|   32|        192|
    |grp_fu_685_p1    |   31|          6|   32|        192|
    |grp_fu_689_ce    |    9|          2|    1|          2|
    |grp_fu_689_p0    |   26|          5|   32|        160|
    |grp_fu_689_p1    |   26|          5|   32|        160|
    |grp_fu_693_ce    |    9|          2|    1|          2|
    |grp_fu_693_p0    |   20|          4|   32|        128|
    |grp_fu_693_p1    |   20|          4|   32|        128|
    +-----------------+-----+-----------+-----+-----------+
    |Total            | 1405|        296|  436|       4218|
    +-----------------+-----+-----------+-----+-----------+

    * Register: 
    +---------------------------------------------+----+----+-----+-----------+
    |                     Name                    | FF | LUT| Bits| Const Bits|
    +---------------------------------------------+----+----+-----+-----------+
    |add3_i_i_i_i_i_10_reg_1278                   |  32|   0|   32|          0|
    |add3_i_i_i_i_i_12_reg_1273                   |  32|   0|   32|          0|
    |add3_i_i_i_i_i_5_reg_1258                    |  32|   0|   32|          0|
    |add3_i_i_i_i_i_i_10_reg_1081                 |  32|   0|   32|          0|
    |add3_i_i_i_i_i_i_11_reg_1097                 |  32|   0|   32|          0|
    |add3_i_i_i_i_i_i_12_reg_1114                 |  32|   0|   32|          0|
    |add3_i_i_i_i_i_i_15_reg_1151                 |  32|   0|   32|          0|
    |add3_i_i_i_i_i_i_16_reg_1167                 |  32|   0|   32|          0|
    |add3_i_i_i_i_i_i_17_reg_1184                 |  32|   0|   32|          0|
    |add3_i_i_i_i_i_i_18_reg_1200                 |  32|   0|   32|          0|
    |add3_i_i_i_i_i_i_19_reg_1216                 |  32|   0|   32|          0|
    |add3_i_i_i_i_i_i_20_reg_1232                 |  32|   0|   32|          0|
    |add3_i_i_i_i_i_i_9_reg_1054                  |  32|   0|   32|          0|
    |ap_CS_fsm                                    |  77|   0|   77|          0|
    |ap_return_preg                               |  32|   0|   32|          0|
    |grp_Run_Pipeline_SUM_UP_fu_663_ap_start_reg  |   1|   0|    1|          0|
    |reg_697                                      |  32|   0|   32|          0|
    |reg_702                                      |  32|   0|   32|          0|
    |reg_707                                      |  32|   0|   32|          0|
    |reg_712                                      |  32|   0|   32|          0|
    |reg_717                                      |  32|   0|   32|          0|
    |reg_722                                      |  32|   0|   32|          0|
    |reg_727                                      |  32|   0|   32|          0|
    |reg_732                                      |  32|   0|   32|          0|
    |reg_737                                      |  32|   0|   32|          0|
    |reg_742                                      |  32|   0|   32|          0|
    |reg_747                                      |  32|   0|   32|          0|
    |reg_752                                      |  32|   0|   32|          0|
    |reg_757                                      |  32|   0|   32|          0|
    |reg_762                                      |  32|   0|   32|          0|
    |reg_767                                      |  32|   0|   32|          0|
    |reg_775                                      |  32|   0|   32|          0|
    |reg_784                                      |  32|   0|   32|          0|
    |reg_794                                      |  32|   0|   32|          0|
    |reg_802                                      |  32|   0|   32|          0|
    |reg_810                                      |  32|   0|   32|          0|
    |reg_817                                      |  32|   0|   32|          0|
    |reg_825                                      |  32|   0|   32|          0|
    |reg_832                                      |  32|   0|   32|          0|
    |reg_839                                      |  32|   0|   32|          0|
    |reg_846                                      |  32|   0|   32|          0|
    |reg_854                                      |  32|   0|   32|          0|
    |reg_860                                      |  32|   0|   32|          0|
    |reg_866                                      |  32|   0|   32|          0|
    |reg_871                                      |  32|   0|   32|          0|
    +---------------------------------------------+----+----+-----+-----------+
    |Total                                        |1454|   0| 1454|          0|
    +---------------------------------------------+----+----+-----+-----------+



================================================================
== Interface
================================================================
* Summary: 
+--------------------------+-----+------+------------+-----------------+--------------+
|         RTL Ports        | Dir | Bits |  Protocol  |  Source Object  |    C Type    |
+--------------------------+-----+------+------------+-----------------+--------------+
|ap_clk                    |   in|     1|  ap_ctrl_hs|              Run|  return value|
|ap_rst                    |   in|     1|  ap_ctrl_hs|              Run|  return value|
|ap_start                  |   in|     1|  ap_ctrl_hs|              Run|  return value|
|ap_done                   |  out|     1|  ap_ctrl_hs|              Run|  return value|
|ap_idle                   |  out|     1|  ap_ctrl_hs|              Run|  return value|
|ap_ready                  |  out|     1|  ap_ctrl_hs|              Run|  return value|
|ap_return                 |  out|    32|  ap_ctrl_hs|              Run|  return value|
|trotters_local_address0   |  out|     6|   ap_memory|   trotters_local|         array|
|trotters_local_ce0        |  out|     1|   ap_memory|   trotters_local|         array|
|trotters_local_q0         |   in|    64|   ap_memory|   trotters_local|         array|
|trotters_local1_address0  |  out|     6|   ap_memory|  trotters_local1|         array|
|trotters_local1_ce0       |  out|     1|   ap_memory|  trotters_local1|         array|
|trotters_local1_q0        |   in|    64|   ap_memory|  trotters_local1|         array|
|jcoup_local_address0      |  out|     6|   ap_memory|      jcoup_local|         array|
|jcoup_local_ce0           |  out|     1|   ap_memory|      jcoup_local|         array|
|jcoup_local_q0            |   in|  2048|   ap_memory|      jcoup_local|         array|
|jcoup_local2_address0     |  out|     6|   ap_memory|     jcoup_local2|         array|
|jcoup_local2_ce0          |  out|     1|   ap_memory|     jcoup_local2|         array|
|jcoup_local2_q0           |   in|  2048|   ap_memory|     jcoup_local2|         array|
+--------------------------+-----+------+------------+-----------------+--------------+

