

================================================================
== Vitis HLS Report for 'QuantumMonteCarlo'
================================================================
* Date:           Mon Aug  9 13:04:34 2021

* Version:        2021.1 (Build 3247384 on Thu Jun 10 19:36:33 MDT 2021)
* Project:        SQA-Vitis
* Solution:       solution1 (Vivado IP Flow Target)
* Product family: virtexuplus
* Target device:  xcvu35p-fsvh2892-2-e


================================================================
== Performance Estimates
================================================================
+ Timing: 
    * Summary: 
    +--------+----------+----------+------------+
    |  Clock |  Target  | Estimated| Uncertainty|
    +--------+----------+----------+------------+
    |ap_clk  |  10.00 ns|  8.141 ns|     2.70 ns|
    +--------+----------+----------+------------+

+ Latency: 
    * Summary: 
    +---------+---------+----------+-----------+--------+---------+---------+
    |  Latency (cycles) |  Latency (absolute)  |     Interval     | Pipeline|
    |   min   |   max   |    min   |    max    |   min  |   max   |   Type  |
    +---------+---------+----------+-----------+--------+---------+---------+
    |   106576|  1028851|  1.066 ms|  10.289 ms|  106577|  1028852|       no|
    +---------+---------+----------+-----------+--------+---------+---------+

    + Detail: 
        * Instance: 
        +-------------------------------------------------------+-------------------------------------------+---------+---------+-----------+-----------+-----+-----+---------+
        |                                                       |                                           |  Latency (cycles) |   Latency (absolute)  |  Interval | Pipeline|
        |                        Instance                       |                   Module                  |   min   |   max   |    min    |    max    | min | max |   Type  |
        +-------------------------------------------------------+-------------------------------------------+---------+---------+-----------+-----------+-----+-----+---------+
        |grp_QuantumMonteCarlo_Pipeline_READ_NEW_JCOUP_fu_1196  |QuantumMonteCarlo_Pipeline_READ_NEW_JCOUP  |       34|       34|   0.340 us|   0.340 us|   34|   34|       no|
        |grp_TrotterUnit_fu_1210                                |TrotterUnit                                |        1|       48|  10.000 ns|   0.480 us|    1|   48|       no|
        |grp_TrotterUnit_fu_1246                                |TrotterUnit                                |        1|       48|  10.000 ns|   0.480 us|    1|   48|       no|
        |grp_TrotterUnit_fu_1282                                |TrotterUnit                                |        1|       48|  10.000 ns|   0.480 us|    1|   48|       no|
        |grp_TrotterUnit_fu_1318                                |TrotterUnit                                |        1|       48|  10.000 ns|   0.480 us|    1|   48|       no|
        |grp_TrotterUnitFinal_fu_1354                           |TrotterUnitFinal                           |        1|        9|  10.000 ns|  90.000 ns|    1|    9|       no|
        |grp_TrotterUnitFinal_fu_1388                           |TrotterUnitFinal                           |        1|        9|  10.000 ns|  90.000 ns|    1|    9|       no|
        |grp_TrotterUnitFinal_fu_1422                           |TrotterUnitFinal                           |        1|        9|  10.000 ns|  90.000 ns|    1|    9|       no|
        |grp_TrotterUnitFinal_fu_1456                           |TrotterUnitFinal                           |        1|        9|  10.000 ns|  90.000 ns|    1|    9|       no|
        |grp_QuantumMonteCarlo_Pipeline_SHIFT_JCOUP_fu_1490     |QuantumMonteCarlo_Pipeline_SHIFT_JCOUP     |        6|        6|  60.000 ns|  60.000 ns|    6|    6|       no|
        +-------------------------------------------------------+-------------------------------------------+---------+---------+-----------+-----------+-----+-----+---------+

        * Loop: 
        +--------------+---------+---------+----------+-----------+-----------+------+----------+
        |              |  Latency (cycles) | Iteration|  Initiation Interval  | Trip |          |
        |   Loop Name  |   min   |   max   |  Latency |  achieved |   target  | Count| Pipelined|
        +--------------+---------+---------+----------+-----------+-----------+------+----------+
        |- LOOP_STAGE  |   106574|  1028849|  26 ~ 251|          -|          -|  4099|        no|
        | + LOOP_STEP  |       12|      200|    3 ~ 50|          -|          -|     4|        no|
        +--------------+---------+---------+----------+-----------+-----------+------+----------+



================================================================
== Utilization Estimates
================================================================
* Summary: 
+---------------------+---------+------+---------+--------+-----+
|         Name        | BRAM_18K|  DSP |    FF   |   LUT  | URAM|
+---------------------+---------+------+---------+--------+-----+
|DSP                  |        -|     -|        -|       -|    -|
|Expression           |        -|     -|        0|    7355|    -|
|FIFO                 |        -|     -|        -|       -|    -|
|Instance             |        0|   543|   351268|  142204|    5|
|Memory               |      256|     -|        0|       0|    -|
|Multiplexer          |        -|     -|        -|    3234|    -|
|Register             |        -|     -|      553|       -|    -|
+---------------------+---------+------+---------+--------+-----+
|Total                |      256|   543|   351821|  152793|    5|
+---------------------+---------+------+---------+--------+-----+
|Available SLR        |     1344|  2976|   871680|  435840|  320|
+---------------------+---------+------+---------+--------+-----+
|Utilization SLR (%)  |       19|    18|       40|      35|    1|
+---------------------+---------+------+---------+--------+-----+
|Available            |     2688|  5952|  1743360|  871680|  640|
+---------------------+---------+------+---------+--------+-----+
|Utilization (%)      |        9|     9|       20|      17|   ~0|
+---------------------+---------+------+---------+--------+-----+

+ Detail: 
    * Instance: 
    +-------------------------------------------------------+-------------------------------------------+---------+-----+-------+-------+-----+
    |                        Instance                       |                   Module                  | BRAM_18K| DSP |   FF  |  LUT  | URAM|
    +-------------------------------------------------------+-------------------------------------------+---------+-----+-------+-------+-----+
    |grp_QuantumMonteCarlo_Pipeline_READ_NEW_JCOUP_fu_1196  |QuantumMonteCarlo_Pipeline_READ_NEW_JCOUP  |        0|    0|     15|    108|    0|
    |grp_QuantumMonteCarlo_Pipeline_SHIFT_JCOUP_fu_1490     |QuantumMonteCarlo_Pipeline_SHIFT_JCOUP     |        0|    0|     41|     57|    0|
    |grp_TrotterUnit_fu_1210                                |TrotterUnit                                |        0|  128|  86100|  32956|    0|
    |grp_TrotterUnit_fu_1246                                |TrotterUnit                                |        0|  128|  86100|  32956|    0|
    |grp_TrotterUnit_fu_1282                                |TrotterUnit                                |        0|  128|  86100|  32956|    0|
    |grp_TrotterUnit_fu_1318                                |TrotterUnit                                |        0|  128|  86100|  32956|    0|
    |grp_TrotterUnitFinal_fu_1354                           |TrotterUnitFinal                           |        0|    7|    903|   1845|    0|
    |grp_TrotterUnitFinal_fu_1388                           |TrotterUnitFinal                           |        0|    7|    903|   1845|    0|
    |grp_TrotterUnitFinal_fu_1422                           |TrotterUnitFinal                           |        0|    7|    903|   1845|    0|
    |grp_TrotterUnitFinal_fu_1456                           |TrotterUnitFinal                           |        0|    7|    903|   1845|    0|
    |control_s_axi_U                                        |control_s_axi                              |        0|    0|   3072|   2758|    5|
    |fmul_32ns_32ns_32_2_max_dsp_1_U157                     |fmul_32ns_32ns_32_2_max_dsp_1              |        0|    3|    128|     77|    0|
    +-------------------------------------------------------+-------------------------------------------+---------+-----+-------+-------+-----+
    |Total                                                  |                                           |        0|  543| 351268| 142204|    5|
    +-------------------------------------------------------+-------------------------------------------+---------+-----+-------+-------+-----+

    * DSP: 
    N/A

    * Memory: 
    +------------------+----------------+---------+---+----+-----+------+------+------+-------------+
    |      Memory      |     Module     | BRAM_18K| FF| LUT| URAM| Words| Bits | Banks| W*Bits*Banks|
    +------------------+----------------+---------+---+----+-----+------+------+------+-------------+
    |JcoupLocal_0_0_U  |JcoupLocal_0_0  |        8|  0|   0|    0|     4|  4096|     1|        16384|
    |JcoupLocal_0_1_U  |JcoupLocal_0_0  |        8|  0|   0|    0|     4|  4096|     1|        16384|
    |JcoupLocal_0_2_U  |JcoupLocal_0_0  |        8|  0|   0|    0|     4|  4096|     1|        16384|
    |JcoupLocal_0_3_U  |JcoupLocal_0_0  |        8|  0|   0|    0|     4|  4096|     1|        16384|
    |JcoupLocal_0_4_U  |JcoupLocal_0_0  |        8|  0|   0|    0|     4|  4096|     1|        16384|
    |JcoupLocal_0_5_U  |JcoupLocal_0_0  |        8|  0|   0|    0|     4|  4096|     1|        16384|
    |JcoupLocal_0_6_U  |JcoupLocal_0_0  |        8|  0|   0|    0|     4|  4096|     1|        16384|
    |JcoupLocal_0_7_U  |JcoupLocal_0_0  |        8|  0|   0|    0|     4|  4096|     1|        16384|
    |JcoupLocal_1_0_U  |JcoupLocal_0_0  |        8|  0|   0|    0|     4|  4096|     1|        16384|
    |JcoupLocal_1_1_U  |JcoupLocal_0_0  |        8|  0|   0|    0|     4|  4096|     1|        16384|
    |JcoupLocal_1_2_U  |JcoupLocal_0_0  |        8|  0|   0|    0|     4|  4096|     1|        16384|
    |JcoupLocal_1_3_U  |JcoupLocal_0_0  |        8|  0|   0|    0|     4|  4096|     1|        16384|
    |JcoupLocal_1_4_U  |JcoupLocal_0_0  |        8|  0|   0|    0|     4|  4096|     1|        16384|
    |JcoupLocal_1_5_U  |JcoupLocal_0_0  |        8|  0|   0|    0|     4|  4096|     1|        16384|
    |JcoupLocal_1_6_U  |JcoupLocal_0_0  |        8|  0|   0|    0|     4|  4096|     1|        16384|
    |JcoupLocal_1_7_U  |JcoupLocal_0_0  |        8|  0|   0|    0|     4|  4096|     1|        16384|
    |JcoupLocal_2_0_U  |JcoupLocal_0_0  |        8|  0|   0|    0|     4|  4096|     1|        16384|
    |JcoupLocal_2_1_U  |JcoupLocal_0_0  |        8|  0|   0|    0|     4|  4096|     1|        16384|
    |JcoupLocal_2_2_U  |JcoupLocal_0_0  |        8|  0|   0|    0|     4|  4096|     1|        16384|
    |JcoupLocal_2_3_U  |JcoupLocal_0_0  |        8|  0|   0|    0|     4|  4096|     1|        16384|
    |JcoupLocal_2_4_U  |JcoupLocal_0_0  |        8|  0|   0|    0|     4|  4096|     1|        16384|
    |JcoupLocal_2_5_U  |JcoupLocal_0_0  |        8|  0|   0|    0|     4|  4096|     1|        16384|
    |JcoupLocal_2_6_U  |JcoupLocal_0_0  |        8|  0|   0|    0|     4|  4096|     1|        16384|
    |JcoupLocal_2_7_U  |JcoupLocal_0_0  |        8|  0|   0|    0|     4|  4096|     1|        16384|
    |JcoupLocal_3_0_U  |JcoupLocal_0_0  |        8|  0|   0|    0|     4|  4096|     1|        16384|
    |JcoupLocal_3_1_U  |JcoupLocal_0_0  |        8|  0|   0|    0|     4|  4096|     1|        16384|
    |JcoupLocal_3_2_U  |JcoupLocal_0_0  |        8|  0|   0|    0|     4|  4096|     1|        16384|
    |JcoupLocal_3_3_U  |JcoupLocal_0_0  |        8|  0|   0|    0|     4|  4096|     1|        16384|
    |JcoupLocal_3_4_U  |JcoupLocal_0_0  |        8|  0|   0|    0|     4|  4096|     1|        16384|
    |JcoupLocal_3_5_U  |JcoupLocal_0_0  |        8|  0|   0|    0|     4|  4096|     1|        16384|
    |JcoupLocal_3_6_U  |JcoupLocal_0_0  |        8|  0|   0|    0|     4|  4096|     1|        16384|
    |JcoupLocal_3_7_U  |JcoupLocal_0_0  |        8|  0|   0|    0|     4|  4096|     1|        16384|
    +------------------+----------------+---------+---+----+-----+------+------+------+-------------+
    |Total             |                |      256|  0|   0|    0|   128|131072|    32|       524288|
    +------------------+----------------+---------+---+----+-----+------+------+------+-------------+

    * FIFO: 
    N/A

    * Expression: 
    +----------------------------------+----------+----+---+-----+------------+------------+
    |           Variable Name          | Operation| DSP| FF| LUT | Bitwidth P0| Bitwidth P1|
    +----------------------------------+----------+----+---+-----+------------+------------+
    |add_ln219_2_fu_1864_p2            |         +|   0|  0|   17|          10|           2|
    |add_ln219_4_fu_2074_p2            |         +|   0|  0|   17|          10|           3|
    |add_ln219_6_fu_2114_p2            |         +|   0|  0|   17|          10|           3|
    |offset_1_fu_1561_p2               |         +|   0|  0|   19|          12|           2|
    |offset_2_fu_1629_p2               |         +|   0|  0|   19|          12|           3|
    |offset_3_fu_2109_p2               |         +|   0|  0|   19|          12|           3|
    |packOffset_5_fu_2583_p2           |         +|   0|  0|   10|           3|           1|
    |spinOffset_1_fu_1858_p2           |         +|   0|  0|   14|           7|           2|
    |spinOffset_2_fu_2171_p2           |         +|   0|  0|   14|           7|           3|
    |spinOffset_3_fu_2366_p2           |         +|   0|  0|   14|           7|           3|
    |stage_2_fu_1546_p2                |         +|   0|  0|   20|          13|           1|
    |ap_block_state8_on_subcall_done   |       and|   0|  0|    2|           1|           1|
    |icmp_ln210_fu_1540_p2             |      icmp|   0|  0|   12|          13|          13|
    |icmp_ln253_fu_2577_p2             |      icmp|   0|  0|    9|           3|           4|
    |icmp_ln819_10_fu_1688_p2          |      icmp|   0|  0|    9|           3|           4|
    |icmp_ln819_11_fu_1694_p2          |      icmp|   0|  0|    8|           3|           3|
    |icmp_ln819_12_fu_1700_p2          |      icmp|   0|  0|    8|           3|           3|
    |icmp_ln819_13_fu_1880_p2          |      icmp|   0|  0|    8|           3|           1|
    |icmp_ln819_14_fu_1886_p2          |      icmp|   0|  0|    8|           3|           1|
    |icmp_ln819_15_fu_1892_p2          |      icmp|   0|  0|    8|           3|           2|
    |icmp_ln819_16_fu_1898_p2          |      icmp|   0|  0|    8|           3|           2|
    |icmp_ln819_17_fu_1904_p2          |      icmp|   0|  0|    9|           3|           4|
    |icmp_ln819_18_fu_1910_p2          |      icmp|   0|  0|    8|           3|           3|
    |icmp_ln819_19_fu_1916_p2          |      icmp|   0|  0|    8|           3|           3|
    |icmp_ln819_20_fu_2176_p2          |      icmp|   0|  0|    8|           3|           1|
    |icmp_ln819_21_fu_2181_p2          |      icmp|   0|  0|    8|           3|           1|
    |icmp_ln819_22_fu_2186_p2          |      icmp|   0|  0|    8|           3|           2|
    |icmp_ln819_23_fu_2191_p2          |      icmp|   0|  0|    8|           3|           2|
    |icmp_ln819_24_fu_2196_p2          |      icmp|   0|  0|    9|           3|           4|
    |icmp_ln819_25_fu_2201_p2          |      icmp|   0|  0|    8|           3|           3|
    |icmp_ln819_26_fu_2206_p2          |      icmp|   0|  0|    8|           3|           3|
    |icmp_ln819_27_fu_2371_p2          |      icmp|   0|  0|    8|           3|           1|
    |icmp_ln819_28_fu_2376_p2          |      icmp|   0|  0|    8|           3|           1|
    |icmp_ln819_29_fu_2381_p2          |      icmp|   0|  0|    8|           3|           2|
    |icmp_ln819_30_fu_2386_p2          |      icmp|   0|  0|    8|           3|           2|
    |icmp_ln819_31_fu_2391_p2          |      icmp|   0|  0|    9|           3|           4|
    |icmp_ln819_32_fu_2396_p2          |      icmp|   0|  0|    8|           3|           3|
    |icmp_ln819_33_fu_2401_p2          |      icmp|   0|  0|    8|           3|           3|
    |icmp_ln819_7_fu_1670_p2           |      icmp|   0|  0|    8|           3|           1|
    |icmp_ln819_8_fu_1676_p2           |      icmp|   0|  0|    8|           3|           2|
    |icmp_ln819_9_fu_1682_p2           |      icmp|   0|  0|    8|           3|           2|
    |icmp_ln819_fu_1664_p2             |      icmp|   0|  0|    8|           3|           1|
    |ap_block_state10_on_subcall_done  |        or|   0|  0|    2|           1|           1|
    |ap_block_state11_on_subcall_done  |        or|   0|  0|    2|           1|           1|
    |or_ln819_10_fu_2247_p2            |        or|   0|  0|    2|           1|           1|
    |or_ln819_11_fu_2269_p2            |        or|   0|  0|    2|           1|           1|
    |or_ln819_12_fu_2414_p2            |        or|   0|  0|    2|           1|           1|
    |or_ln819_13_fu_2428_p2            |        or|   0|  0|    2|           1|           1|
    |or_ln819_14_fu_2442_p2            |        or|   0|  0|    2|           1|           1|
    |or_ln819_15_fu_2464_p2            |        or|   0|  0|    2|           1|           1|
    |or_ln819_1_fu_1728_p2             |        or|   0|  0|    2|           1|           1|
    |or_ln819_2_fu_1742_p2             |        or|   0|  0|    2|           1|           1|
    |or_ln819_3_fu_1764_p2             |        or|   0|  0|    2|           1|           1|
    |or_ln819_4_fu_1930_p2             |        or|   0|  0|    2|           1|           1|
    |or_ln819_5_fu_1944_p2             |        or|   0|  0|    2|           1|           1|
    |or_ln819_6_fu_1958_p2             |        or|   0|  0|    2|           1|           1|
    |or_ln819_7_fu_1980_p2             |        or|   0|  0|    2|           1|           1|
    |or_ln819_8_fu_2219_p2             |        or|   0|  0|    2|           1|           1|
    |or_ln819_9_fu_2233_p2             |        or|   0|  0|    2|           1|           1|
    |or_ln819_fu_1714_p2               |        or|   0|  0|    2|           1|           1|
    |p_Val2_10_fu_2050_p3              |    select|   0|  0|  123|           1|         128|
    |p_Val2_12_fu_2339_p3              |    select|   0|  0|  123|           1|         128|
    |p_Val2_14_fu_2534_p3              |    select|   0|  0|  123|           1|         128|
    |p_Val2_s_fu_1834_p3               |    select|   0|  0|  123|           1|         128|
    |select_ln819_10_fu_1756_p3        |    select|   0|  0|  123|           1|         128|
    |select_ln819_11_fu_1770_p3        |    select|   0|  0|  123|           1|         128|
    |select_ln819_12_fu_1778_p3        |    select|   0|  0|  123|           1|         128|
    |select_ln819_13_fu_1786_p3        |    select|   0|  0|  123|           1|         128|
    |select_ln819_14_fu_1794_p3        |    select|   0|  0|  123|           1|         128|
    |select_ln819_15_fu_1802_p3        |    select|   0|  0|  123|           1|         128|
    |select_ln819_16_fu_1810_p3        |    select|   0|  0|  123|           1|         128|
    |select_ln819_17_fu_1818_p3        |    select|   0|  0|  123|           1|         128|
    |select_ln819_18_fu_1826_p3        |    select|   0|  0|  123|           1|         128|
    |select_ln819_20_fu_1922_p3        |    select|   0|  0|  123|           1|         128|
    |select_ln819_21_fu_1936_p3        |    select|   0|  0|  123|           1|         128|
    |select_ln819_22_fu_1950_p3        |    select|   0|  0|  123|           1|         128|
    |select_ln819_23_fu_1964_p3        |    select|   0|  0|  123|           1|         128|
    |select_ln819_24_fu_1972_p3        |    select|   0|  0|  123|           1|         128|
    |select_ln819_25_fu_1986_p3        |    select|   0|  0|  123|           1|         128|
    |select_ln819_26_fu_1994_p3        |    select|   0|  0|  123|           1|         128|
    |select_ln819_27_fu_2002_p3        |    select|   0|  0|  123|           1|         128|
    |select_ln819_28_fu_2010_p3        |    select|   0|  0|  123|           1|         128|
    |select_ln819_29_fu_2018_p3        |    select|   0|  0|  123|           1|         128|
    |select_ln819_30_fu_2026_p3        |    select|   0|  0|  123|           1|         128|
    |select_ln819_31_fu_2034_p3        |    select|   0|  0|  123|           1|         128|
    |select_ln819_32_fu_2042_p3        |    select|   0|  0|  123|           1|         128|
    |select_ln819_34_fu_2211_p3        |    select|   0|  0|  123|           1|         128|
    |select_ln819_35_fu_2225_p3        |    select|   0|  0|  123|           1|         128|
    |select_ln819_36_fu_2239_p3        |    select|   0|  0|  123|           1|         128|
    |select_ln819_37_fu_2253_p3        |    select|   0|  0|  123|           1|         128|
    |select_ln819_38_fu_2261_p3        |    select|   0|  0|  123|           1|         128|
    |select_ln819_39_fu_2275_p3        |    select|   0|  0|  123|           1|         128|
    |select_ln819_40_fu_2283_p3        |    select|   0|  0|  123|           1|         128|
    |select_ln819_41_fu_2291_p3        |    select|   0|  0|  123|           1|         128|
    |select_ln819_42_fu_2299_p3        |    select|   0|  0|  123|           1|         128|
    |select_ln819_43_fu_2307_p3        |    select|   0|  0|  123|           1|         128|
    |select_ln819_44_fu_2315_p3        |    select|   0|  0|  123|           1|         128|
    |select_ln819_45_fu_2323_p3        |    select|   0|  0|  123|           1|         128|
    |select_ln819_46_fu_2331_p3        |    select|   0|  0|  123|           1|         128|
    |select_ln819_48_fu_2406_p3        |    select|   0|  0|  123|           1|         128|
    |select_ln819_49_fu_2420_p3        |    select|   0|  0|  123|           1|         128|
    |select_ln819_50_fu_2434_p3        |    select|   0|  0|  123|           1|         128|
    |select_ln819_51_fu_2448_p3        |    select|   0|  0|  123|           1|         128|
    |select_ln819_52_fu_2456_p3        |    select|   0|  0|  123|           1|         128|
    |select_ln819_53_fu_2470_p3        |    select|   0|  0|  123|           1|         128|
    |select_ln819_54_fu_2478_p3        |    select|   0|  0|  123|           1|         128|
    |select_ln819_55_fu_2486_p3        |    select|   0|  0|  123|           1|         128|
    |select_ln819_56_fu_2494_p3        |    select|   0|  0|  123|           1|         128|
    |select_ln819_57_fu_2502_p3        |    select|   0|  0|  123|           1|         128|
    |select_ln819_58_fu_2510_p3        |    select|   0|  0|  123|           1|         128|
    |select_ln819_59_fu_2518_p3        |    select|   0|  0|  123|           1|         128|
    |select_ln819_60_fu_2526_p3        |    select|   0|  0|  123|           1|         128|
    |select_ln819_7_fu_1720_p3         |    select|   0|  0|  123|           1|         128|
    |select_ln819_8_fu_1734_p3         |    select|   0|  0|  123|           1|         128|
    |select_ln819_9_fu_1748_p3         |    select|   0|  0|  123|           1|         128|
    |select_ln819_fu_1706_p3           |    select|   0|  0|  123|           1|         128|
    +----------------------------------+----------+----+---+-----+------------+------------+
    |Total                             |          |   0|  0| 7355|         278|        7294|
    +----------------------------------+----------+----+---+-----+------------+------------+

    * Multiplexer: 
    +-----------------------------+----+-----------+-----+-----------+
    |             Name            | LUT| Input Size| Bits| Total Bits|
    +-----------------------------+----+-----------+-----+-----------+
    |JcoupLocal_0_0_address0      |  14|          3|    2|          6|
    |JcoupLocal_0_0_ce0           |  14|          3|    1|          3|
    |JcoupLocal_0_0_ce1           |   9|          2|    1|          2|
    |JcoupLocal_0_0_we1           |   9|          2|    1|          2|
    |JcoupLocal_0_1_address0      |  14|          3|    2|          6|
    |JcoupLocal_0_1_ce0           |  14|          3|    1|          3|
    |JcoupLocal_0_1_ce1           |   9|          2|    1|          2|
    |JcoupLocal_0_1_we1           |   9|          2|    1|          2|
    |JcoupLocal_0_2_address0      |  14|          3|    2|          6|
    |JcoupLocal_0_2_ce0           |  14|          3|    1|          3|
    |JcoupLocal_0_2_ce1           |   9|          2|    1|          2|
    |JcoupLocal_0_2_we1           |   9|          2|    1|          2|
    |JcoupLocal_0_3_address0      |  14|          3|    2|          6|
    |JcoupLocal_0_3_ce0           |  14|          3|    1|          3|
    |JcoupLocal_0_3_ce1           |   9|          2|    1|          2|
    |JcoupLocal_0_3_we1           |   9|          2|    1|          2|
    |JcoupLocal_0_4_address0      |  14|          3|    2|          6|
    |JcoupLocal_0_4_ce0           |  14|          3|    1|          3|
    |JcoupLocal_0_4_ce1           |   9|          2|    1|          2|
    |JcoupLocal_0_4_we1           |   9|          2|    1|          2|
    |JcoupLocal_0_5_address0      |  14|          3|    2|          6|
    |JcoupLocal_0_5_ce0           |  14|          3|    1|          3|
    |JcoupLocal_0_5_ce1           |   9|          2|    1|          2|
    |JcoupLocal_0_5_we1           |   9|          2|    1|          2|
    |JcoupLocal_0_6_address0      |  14|          3|    2|          6|
    |JcoupLocal_0_6_ce0           |  14|          3|    1|          3|
    |JcoupLocal_0_6_ce1           |   9|          2|    1|          2|
    |JcoupLocal_0_6_we1           |   9|          2|    1|          2|
    |JcoupLocal_0_7_address0      |  14|          3|    2|          6|
    |JcoupLocal_0_7_ce0           |  14|          3|    1|          3|
    |JcoupLocal_0_7_ce1           |   9|          2|    1|          2|
    |JcoupLocal_0_7_we1           |   9|          2|    1|          2|
    |JcoupLocal_1_0_address0      |  14|          3|    2|          6|
    |JcoupLocal_1_0_ce0           |  14|          3|    1|          3|
    |JcoupLocal_1_0_ce1           |   9|          2|    1|          2|
    |JcoupLocal_1_0_we1           |   9|          2|    1|          2|
    |JcoupLocal_1_1_address0      |  14|          3|    2|          6|
    |JcoupLocal_1_1_ce0           |  14|          3|    1|          3|
    |JcoupLocal_1_1_ce1           |   9|          2|    1|          2|
    |JcoupLocal_1_1_we1           |   9|          2|    1|          2|
    |JcoupLocal_1_2_address0      |  14|          3|    2|          6|
    |JcoupLocal_1_2_ce0           |  14|          3|    1|          3|
    |JcoupLocal_1_2_ce1           |   9|          2|    1|          2|
    |JcoupLocal_1_2_we1           |   9|          2|    1|          2|
    |JcoupLocal_1_3_address0      |  14|          3|    2|          6|
    |JcoupLocal_1_3_ce0           |  14|          3|    1|          3|
    |JcoupLocal_1_3_ce1           |   9|          2|    1|          2|
    |JcoupLocal_1_3_we1           |   9|          2|    1|          2|
    |JcoupLocal_1_4_address0      |  14|          3|    2|          6|
    |JcoupLocal_1_4_ce0           |  14|          3|    1|          3|
    |JcoupLocal_1_4_ce1           |   9|          2|    1|          2|
    |JcoupLocal_1_4_we1           |   9|          2|    1|          2|
    |JcoupLocal_1_5_address0      |  14|          3|    2|          6|
    |JcoupLocal_1_5_ce0           |  14|          3|    1|          3|
    |JcoupLocal_1_5_ce1           |   9|          2|    1|          2|
    |JcoupLocal_1_5_we1           |   9|          2|    1|          2|
    |JcoupLocal_1_6_address0      |  14|          3|    2|          6|
    |JcoupLocal_1_6_ce0           |  14|          3|    1|          3|
    |JcoupLocal_1_6_ce1           |   9|          2|    1|          2|
    |JcoupLocal_1_6_we1           |   9|          2|    1|          2|
    |JcoupLocal_1_7_address0      |  14|          3|    2|          6|
    |JcoupLocal_1_7_ce0           |  14|          3|    1|          3|
    |JcoupLocal_1_7_ce1           |   9|          2|    1|          2|
    |JcoupLocal_1_7_we1           |   9|          2|    1|          2|
    |JcoupLocal_2_0_address0      |  14|          3|    2|          6|
    |JcoupLocal_2_0_ce0           |  14|          3|    1|          3|
    |JcoupLocal_2_0_ce1           |   9|          2|    1|          2|
    |JcoupLocal_2_0_we1           |   9|          2|    1|          2|
    |JcoupLocal_2_1_address0      |  14|          3|    2|          6|
    |JcoupLocal_2_1_ce0           |  14|          3|    1|          3|
    |JcoupLocal_2_1_ce1           |   9|          2|    1|          2|
    |JcoupLocal_2_1_we1           |   9|          2|    1|          2|
    |JcoupLocal_2_2_address0      |  14|          3|    2|          6|
    |JcoupLocal_2_2_ce0           |  14|          3|    1|          3|
    |JcoupLocal_2_2_ce1           |   9|          2|    1|          2|
    |JcoupLocal_2_2_we1           |   9|          2|    1|          2|
    |JcoupLocal_2_3_address0      |  14|          3|    2|          6|
    |JcoupLocal_2_3_ce0           |  14|          3|    1|          3|
    |JcoupLocal_2_3_ce1           |   9|          2|    1|          2|
    |JcoupLocal_2_3_we1           |   9|          2|    1|          2|
    |JcoupLocal_2_4_address0      |  14|          3|    2|          6|
    |JcoupLocal_2_4_ce0           |  14|          3|    1|          3|
    |JcoupLocal_2_4_ce1           |   9|          2|    1|          2|
    |JcoupLocal_2_4_we1           |   9|          2|    1|          2|
    |JcoupLocal_2_5_address0      |  14|          3|    2|          6|
    |JcoupLocal_2_5_ce0           |  14|          3|    1|          3|
    |JcoupLocal_2_5_ce1           |   9|          2|    1|          2|
    |JcoupLocal_2_5_we1           |   9|          2|    1|          2|
    |JcoupLocal_2_6_address0      |  14|          3|    2|          6|
    |JcoupLocal_2_6_ce0           |  14|          3|    1|          3|
    |JcoupLocal_2_6_ce1           |   9|          2|    1|          2|
    |JcoupLocal_2_6_we1           |   9|          2|    1|          2|
    |JcoupLocal_2_7_address0      |  14|          3|    2|          6|
    |JcoupLocal_2_7_ce0           |  14|          3|    1|          3|
    |JcoupLocal_2_7_ce1           |   9|          2|    1|          2|
    |JcoupLocal_2_7_we1           |   9|          2|    1|          2|
    |JcoupLocal_3_0_ce0           |   9|          2|    1|          2|
    |JcoupLocal_3_0_ce1           |   9|          2|    1|          2|
    |JcoupLocal_3_0_we1           |   9|          2|    1|          2|
    |JcoupLocal_3_1_ce0           |   9|          2|    1|          2|
    |JcoupLocal_3_1_ce1           |   9|          2|    1|          2|
    |JcoupLocal_3_1_we1           |   9|          2|    1|          2|
    |JcoupLocal_3_2_ce0           |   9|          2|    1|          2|
    |JcoupLocal_3_2_ce1           |   9|          2|    1|          2|
    |JcoupLocal_3_2_we1           |   9|          2|    1|          2|
    |JcoupLocal_3_3_ce0           |   9|          2|    1|          2|
    |JcoupLocal_3_3_ce1           |   9|          2|    1|          2|
    |JcoupLocal_3_3_we1           |   9|          2|    1|          2|
    |JcoupLocal_3_4_ce0           |   9|          2|    1|          2|
    |JcoupLocal_3_4_ce1           |   9|          2|    1|          2|
    |JcoupLocal_3_4_we1           |   9|          2|    1|          2|
    |JcoupLocal_3_5_ce0           |   9|          2|    1|          2|
    |JcoupLocal_3_5_ce1           |   9|          2|    1|          2|
    |JcoupLocal_3_5_we1           |   9|          2|    1|          2|
    |JcoupLocal_3_6_ce0           |   9|          2|    1|          2|
    |JcoupLocal_3_6_ce1           |   9|          2|    1|          2|
    |JcoupLocal_3_6_we1           |   9|          2|    1|          2|
    |JcoupLocal_3_7_ce0           |   9|          2|    1|          2|
    |JcoupLocal_3_7_ce1           |   9|          2|    1|          2|
    |JcoupLocal_3_7_we1           |   9|          2|    1|          2|
    |Jcoup_V_TREADY_int_regslice  |   9|          2|    1|          2|
    |ap_NS_fsm                    |  65|         12|    1|         12|
    |dH_0_0_reg_1175              |   9|          2|   32|         64|
    |dH_1_0_reg_1165              |   9|          2|   32|         64|
    |dH_2_0_reg_1155              |   9|          2|   32|         64|
    |dH_3_0_reg_1145              |   9|          2|   32|         64|
    |h_address0                   |  26|          5|   12|         60|
    |packOffset_4_reg_1185        |   9|          2|    3|          6|
    |stage_fu_292                 |   9|          2|   13|         26|
    |trotters_0_0_address0        |  26|          5|    2|         10|
    |trotters_0_0_ce0             |  20|          4|    1|          4|
    |trotters_0_0_we0             |   9|          2|    1|          2|
    |trotters_0_1_address0        |  26|          5|    2|         10|
    |trotters_0_1_ce0             |  20|          4|    1|          4|
    |trotters_0_1_we0             |   9|          2|    1|          2|
    |trotters_0_2_address0        |  26|          5|    2|         10|
    |trotters_0_2_ce0             |  20|          4|    1|          4|
    |trotters_0_2_we0             |   9|          2|    1|          2|
    |trotters_0_3_address0        |  26|          5|    2|         10|
    |trotters_0_3_ce0             |  20|          4|    1|          4|
    |trotters_0_3_we0             |   9|          2|    1|          2|
    |trotters_0_4_address0        |  26|          5|    2|         10|
    |trotters_0_4_ce0             |  20|          4|    1|          4|
    |trotters_0_4_we0             |   9|          2|    1|          2|
    |trotters_0_5_address0        |  26|          5|    2|         10|
    |trotters_0_5_ce0             |  20|          4|    1|          4|
    |trotters_0_5_we0             |   9|          2|    1|          2|
    |trotters_0_6_address0        |  26|          5|    2|         10|
    |trotters_0_6_ce0             |  20|          4|    1|          4|
    |trotters_0_6_we0             |   9|          2|    1|          2|
    |trotters_0_7_address0        |  26|          5|    2|         10|
    |trotters_0_7_ce0             |  20|          4|    1|          4|
    |trotters_0_7_we0             |   9|          2|    1|          2|
    |trotters_1_0_address0        |  26|          5|    2|         10|
    |trotters_1_0_ce0             |  20|          4|    1|          4|
    |trotters_1_0_we0             |   9|          2|    1|          2|
    |trotters_1_1_address0        |  26|          5|    2|         10|
    |trotters_1_1_ce0             |  20|          4|    1|          4|
    |trotters_1_1_we0             |   9|          2|    1|          2|
    |trotters_1_2_address0        |  26|          5|    2|         10|
    |trotters_1_2_ce0             |  20|          4|    1|          4|
    |trotters_1_2_we0             |   9|          2|    1|          2|
    |trotters_1_3_address0        |  26|          5|    2|         10|
    |trotters_1_3_ce0             |  20|          4|    1|          4|
    |trotters_1_3_we0             |   9|          2|    1|          2|
    |trotters_1_4_address0        |  26|          5|    2|         10|
    |trotters_1_4_ce0             |  20|          4|    1|          4|
    |trotters_1_4_we0             |   9|          2|    1|          2|
    |trotters_1_5_address0        |  26|          5|    2|         10|
    |trotters_1_5_ce0             |  20|          4|    1|          4|
    |trotters_1_5_we0             |   9|          2|    1|          2|
    |trotters_1_6_address0        |  26|          5|    2|         10|
    |trotters_1_6_ce0             |  20|          4|    1|          4|
    |trotters_1_6_we0             |   9|          2|    1|          2|
    |trotters_1_7_address0        |  26|          5|    2|         10|
    |trotters_1_7_ce0             |  20|          4|    1|          4|
    |trotters_1_7_we0             |   9|          2|    1|          2|
    |trotters_2_0_address0        |  26|          5|    2|         10|
    |trotters_2_0_ce0             |  20|          4|    1|          4|
    |trotters_2_0_we0             |   9|          2|    1|          2|
    |trotters_2_1_address0        |  26|          5|    2|         10|
    |trotters_2_1_ce0             |  20|          4|    1|          4|
    |trotters_2_1_we0             |   9|          2|    1|          2|
    |trotters_2_2_address0        |  26|          5|    2|         10|
    |trotters_2_2_ce0             |  20|          4|    1|          4|
    |trotters_2_2_we0             |   9|          2|    1|          2|
    |trotters_2_3_address0        |  26|          5|    2|         10|
    |trotters_2_3_ce0             |  20|          4|    1|          4|
    |trotters_2_3_we0             |   9|          2|    1|          2|
    |trotters_2_4_address0        |  26|          5|    2|         10|
    |trotters_2_4_ce0             |  20|          4|    1|          4|
    |trotters_2_4_we0             |   9|          2|    1|          2|
    |trotters_2_5_address0        |  26|          5|    2|         10|
    |trotters_2_5_ce0             |  20|          4|    1|          4|
    |trotters_2_5_we0             |   9|          2|    1|          2|
    |trotters_2_6_address0        |  26|          5|    2|         10|
    |trotters_2_6_ce0             |  20|          4|    1|          4|
    |trotters_2_6_we0             |   9|          2|    1|          2|
    |trotters_2_7_address0        |  26|          5|    2|         10|
    |trotters_2_7_ce0             |  20|          4|    1|          4|
    |trotters_2_7_we0             |   9|          2|    1|          2|
    |trotters_3_0_address0        |  26|          5|    2|         10|
    |trotters_3_0_ce0             |  20|          4|    1|          4|
    |trotters_3_0_we0             |   9|          2|    1|          2|
    |trotters_3_1_address0        |  26|          5|    2|         10|
    |trotters_3_1_ce0             |  20|          4|    1|          4|
    |trotters_3_1_we0             |   9|          2|    1|          2|
    |trotters_3_2_address0        |  26|          5|    2|         10|
    |trotters_3_2_ce0             |  20|          4|    1|          4|
    |trotters_3_2_we0             |   9|          2|    1|          2|
    |trotters_3_3_address0        |  26|          5|    2|         10|
    |trotters_3_3_ce0             |  20|          4|    1|          4|
    |trotters_3_3_we0             |   9|          2|    1|          2|
    |trotters_3_4_address0        |  26|          5|    2|         10|
    |trotters_3_4_ce0             |  20|          4|    1|          4|
    |trotters_3_4_we0             |   9|          2|    1|          2|
    |trotters_3_5_address0        |  26|          5|    2|         10|
    |trotters_3_5_ce0             |  20|          4|    1|          4|
    |trotters_3_5_we0             |   9|          2|    1|          2|
    |trotters_3_6_address0        |  26|          5|    2|         10|
    |trotters_3_6_ce0             |  20|          4|    1|          4|
    |trotters_3_6_we0             |   9|          2|    1|          2|
    |trotters_3_7_address0        |  26|          5|    2|         10|
    |trotters_3_7_ce0             |  20|          4|    1|          4|
    |trotters_3_7_we0             |   9|          2|    1|          2|
    +-----------------------------+----+-----------+-----+-----------+
    |Total                        |3234|        671|  430|       1234|
    +-----------------------------+----+-----------+-----+-----------+

    * Register: 
    +--------------------------------------------------------------------+----+----+-----+-----------+
    |                                Name                                | FF | LUT| Bits| Const Bits|
    +--------------------------------------------------------------------+----+----+-----+-----------+
    |Beta_read_reg_2600                                                  |  32|   0|   32|          0|
    |ap_CS_fsm                                                           |  11|   0|   11|          0|
    |dHTunnel_reg_2613                                                   |  32|   0|   32|          0|
    |dH_0_0_reg_1175                                                     |  32|   0|   32|          0|
    |dH_0_reg_3091                                                       |  32|   0|   32|          0|
    |dH_1_0_reg_1165                                                     |  32|   0|   32|          0|
    |dH_1_reg_3096                                                       |  32|   0|   32|          0|
    |dH_2_0_reg_1155                                                     |  32|   0|   32|          0|
    |dH_2_reg_3116                                                       |  32|   0|   32|          0|
    |dH_3_0_reg_1145                                                     |  32|   0|   32|          0|
    |dH_3_reg_3136                                                       |  32|   0|   32|          0|
    |grp_QuantumMonteCarlo_Pipeline_READ_NEW_JCOUP_fu_1196_ap_start_reg  |   1|   0|    1|          0|
    |grp_QuantumMonteCarlo_Pipeline_SHIFT_JCOUP_fu_1490_ap_start_reg     |   1|   0|    1|          0|
    |grp_TrotterUnitFinal_fu_1354_ap_start_reg                           |   1|   0|    1|          0|
    |grp_TrotterUnitFinal_fu_1388_ap_start_reg                           |   1|   0|    1|          0|
    |grp_TrotterUnitFinal_fu_1422_ap_start_reg                           |   1|   0|    1|          0|
    |grp_TrotterUnitFinal_fu_1456_ap_start_reg                           |   1|   0|    1|          0|
    |grp_TrotterUnit_fu_1210_ap_start_reg                                |   1|   0|    1|          0|
    |grp_TrotterUnit_fu_1246_ap_start_reg                                |   1|   0|    1|          0|
    |grp_TrotterUnit_fu_1282_ap_start_reg                                |   1|   0|    1|          0|
    |grp_TrotterUnit_fu_1318_ap_start_reg                                |   1|   0|    1|          0|
    |h_load_1_reg_2834                                                   |  32|   0|   32|          0|
    |h_load_2_reg_2984                                                   |  32|   0|   32|          0|
    |h_load_reg_2653                                                     |  32|   0|   32|          0|
    |offset_reg_2641                                                     |  12|   0|   12|          0|
    |p_Result_10_reg_2882                                                |   1|   0|    1|          0|
    |p_Result_11_reg_2887                                                |   1|   0|    1|          0|
    |p_Result_12_reg_3106                                                |   1|   0|    1|          0|
    |p_Result_13_reg_3111                                                |   1|   0|    1|          0|
    |p_Result_14_reg_3126                                                |   1|   0|    1|          0|
    |p_Result_15_reg_3131                                                |   1|   0|    1|          0|
    |p_Result_9_reg_2867                                                 |   1|   0|    1|          0|
    |p_Result_s_reg_2862                                                 |   1|   0|    1|          0|
    |packOffset_1_reg_2658                                               |   2|   0|    2|          0|
    |packOffset_2_reg_2839                                               |   2|   0|    2|          0|
    |packOffset_3_reg_2989                                               |   2|   0|    2|          0|
    |packOffset_4_reg_1185                                               |   3|   0|    3|          0|
    |packOffset_5_reg_3156                                               |   3|   0|    3|          0|
    |packOffset_reg_2669                                                 |   2|   0|    2|          0|
    |spinOffset_1_reg_2872                                               |   7|   0|    7|          0|
    |spinOffset_2_reg_3101                                               |   7|   0|    7|          0|
    |spinOffset_3_reg_3121                                               |   7|   0|    7|          0|
    |spinOffset_reg_2850                                                 |   7|   0|    7|          0|
    |stage_1_reg_2621                                                    |  13|   0|   13|          0|
    |stage_2_reg_2636                                                    |  13|   0|   13|          0|
    |stage_fu_292                                                        |  13|   0|   13|          0|
    |strmOffset_1_reg_2877                                               |   3|   0|    3|          0|
    |strmOffset_2_reg_2892                                               |   3|   0|    3|          0|
    |strmOffset_3_reg_2994                                               |   3|   0|    3|          0|
    |strmOffset_reg_2857                                                 |   3|   0|    3|          0|
    |tmp_reg_3141                                                        |   1|   0|    1|          0|
    |trunc_ln253_reg_3145                                                |   2|   0|    2|          0|
    +--------------------------------------------------------------------+----+----+-----+-----------+
    |Total                                                               | 553|   0|  553|          0|
    +--------------------------------------------------------------------+----+----+-----+-----------+



================================================================
== Interface
================================================================
* Summary: 
+-----------------------+-----+------+------------+-------------------+--------------+
|       RTL Ports       | Dir | Bits |  Protocol  |   Source Object   |    C Type    |
+-----------------------+-----+------+------------+-------------------+--------------+
|s_axi_control_AWVALID  |   in|     1|       s_axi|            control|         array|
|s_axi_control_AWREADY  |  out|     1|       s_axi|            control|         array|
|s_axi_control_AWADDR   |   in|    17|       s_axi|            control|         array|
|s_axi_control_WVALID   |   in|     1|       s_axi|            control|         array|
|s_axi_control_WREADY   |  out|     1|       s_axi|            control|         array|
|s_axi_control_WDATA    |   in|    32|       s_axi|            control|         array|
|s_axi_control_WSTRB    |   in|     4|       s_axi|            control|         array|
|s_axi_control_ARVALID  |   in|     1|       s_axi|            control|         array|
|s_axi_control_ARREADY  |  out|     1|       s_axi|            control|         array|
|s_axi_control_ARADDR   |   in|    17|       s_axi|            control|         array|
|s_axi_control_RVALID   |  out|     1|       s_axi|            control|         array|
|s_axi_control_RREADY   |   in|     1|       s_axi|            control|         array|
|s_axi_control_RDATA    |  out|    32|       s_axi|            control|         array|
|s_axi_control_RRESP    |  out|     2|       s_axi|            control|         array|
|s_axi_control_BVALID   |  out|     1|       s_axi|            control|         array|
|s_axi_control_BREADY   |   in|     1|       s_axi|            control|         array|
|s_axi_control_BRESP    |  out|     2|       s_axi|            control|         array|
|ap_clk                 |   in|     1|  ap_ctrl_hs|  QuantumMonteCarlo|  return value|
|ap_rst_n               |   in|     1|  ap_ctrl_hs|  QuantumMonteCarlo|  return value|
|interrupt              |  out|     1|  ap_ctrl_hs|  QuantumMonteCarlo|  return value|
|Jcoup_V_TDATA          |   in|  4096|        axis|            Jcoup_V|       pointer|
|Jcoup_V_TVALID         |   in|     1|        axis|            Jcoup_V|       pointer|
|Jcoup_V_TREADY         |  out|     1|        axis|            Jcoup_V|       pointer|
+-----------------------+-----+------+------------+-------------------+--------------+

