

================================================================
== Vitis HLS Report for 'TrotterUnitFinal'
================================================================
* Date:           Mon Aug  9 13:04:20 2021

* Version:        2021.1 (Build 3247384 on Thu Jun 10 19:36:33 MDT 2021)
* Project:        SQA-Vitis
* Solution:       solution1 (Vivado IP Flow Target)
* Product family: virtexuplus
* Target device:  xcvu35p-fsvh2892-2-e


================================================================
== Performance Estimates
================================================================
+ Timing: 
    * Summary: 
    +--------+----------+----------+------------+
    |  Clock |  Target  | Estimated| Uncertainty|
    +--------+----------+----------+------------+
    |ap_clk  |  10.00 ns|  7.219 ns|     2.70 ns|
    +--------+----------+----------+------------+

+ Latency: 
    * Summary: 
    +---------+---------+-----------+-----------+-----+-----+---------+
    |  Latency (cycles) |   Latency (absolute)  |  Interval | Pipeline|
    |   min   |   max   |    min    |    max    | min | max |   Type  |
    +---------+---------+-----------+-----------+-----+-----+---------+
    |        1|        9|  10.000 ns|  90.000 ns|    1|    9|       no|
    +---------+---------+-----------+-----------+-----+-----+---------+

    + Detail: 
        * Instance: 
        N/A

        * Loop: 
        N/A



================================================================
== Utilization Estimates
================================================================
* Summary: 
+---------------------+---------+------+---------+--------+-----+
|         Name        | BRAM_18K|  DSP |    FF   |   LUT  | URAM|
+---------------------+---------+------+---------+--------+-----+
|DSP                  |        -|     -|        -|       -|    -|
|Expression           |        -|     -|        0|    1145|    -|
|FIFO                 |        -|     -|        -|       -|    -|
|Instance             |        -|     7|      482|     529|    -|
|Memory               |        -|     -|        -|       -|    -|
|Multiplexer          |        -|     -|        -|     171|    -|
|Register             |        -|     -|      421|       -|    -|
+---------------------+---------+------+---------+--------+-----+
|Total                |        0|     7|      903|    1845|    0|
+---------------------+---------+------+---------+--------+-----+
|Available SLR        |     1344|  2976|   871680|  435840|  320|
+---------------------+---------+------+---------+--------+-----+
|Utilization SLR (%)  |        0|    ~0|       ~0|      ~0|    0|
+---------------------+---------+------+---------+--------+-----+
|Available            |     2688|  5952|  1743360|  871680|  640|
+---------------------+---------+------+---------+--------+-----+
|Utilization (%)      |        0|    ~0|       ~0|      ~0|    0|
+---------------------+---------+------+---------+--------+-----+

+ Detail: 
    * Instance: 
    +------------------------------------+--------------------------------+---------+----+-----+-----+-----+
    |              Instance              |             Module             | BRAM_18K| DSP|  FF | LUT | URAM|
    +------------------------------------+--------------------------------+---------+----+-----+-----+-----+
    |fadd_32ns_32ns_32_3_full_dsp_1_U98  |fadd_32ns_32ns_32_3_full_dsp_1  |        0|   2|  177|  226|    0|
    |fcmp_32ns_32ns_1_1_no_dsp_1_U101    |fcmp_32ns_32ns_1_1_no_dsp_1     |        0|   0|    0|    0|    0|
    |fdiv_32ns_32ns_32_6_no_dsp_1_U100   |fdiv_32ns_32ns_32_6_no_dsp_1    |        0|   0|    0|    0|    0|
    |fmul_32ns_32ns_32_2_max_dsp_1_U99   |fmul_32ns_32ns_32_2_max_dsp_1   |        0|   3|  128|   77|    0|
    |fsub_32ns_32ns_32_3_full_dsp_1_U97  |fsub_32ns_32ns_32_3_full_dsp_1  |        0|   2|  177|  226|    0|
    +------------------------------------+--------------------------------+---------+----+-----+-----+-----+
    |Total                               |                                |        0|   7|  482|  529|    0|
    +------------------------------------+--------------------------------+---------+----+-----+-----+-----+

    * DSP: 
    N/A

    * Memory: 
    N/A

    * FIFO: 
    N/A

    * Expression: 
    +--------------------------+----------+----+---+-----+------------+------------+
    |       Variable Name      | Operation| DSP| FF| LUT | Bitwidth P0| Bitwidth P1|
    +--------------------------+----------+----+---+-----+------------+------------+
    |and_ln116_fu_378_p2       |       and|   0|  0|    2|           1|           1|
    |and_ln128_1_fu_603_p2     |       and|   0|  0|    2|           1|           1|
    |and_ln128_fu_597_p2       |       and|   0|  0|    2|           1|           1|
    |inside_fu_342_p2          |       and|   0|  0|    2|           1|           1|
    |icmp_ln107_1_fu_336_p2    |      icmp|   0|  0|   12|          13|          13|
    |icmp_ln107_fu_316_p2      |      icmp|   0|  0|   12|          13|          13|
    |icmp_ln128_1_fu_567_p2    |      icmp|   0|  0|   16|          23|           1|
    |icmp_ln128_2_fu_579_p2    |      icmp|   0|  0|   11|           8|           2|
    |icmp_ln128_3_fu_585_p2    |      icmp|   0|  0|   16|          23|           1|
    |icmp_ln128_fu_561_p2      |      icmp|   0|  0|   11|           8|           2|
    |icmp_ln819_1_fu_421_p2    |      icmp|   0|  0|    8|           3|           1|
    |icmp_ln819_2_fu_434_p2    |      icmp|   0|  0|    8|           3|           2|
    |icmp_ln819_3_fu_447_p2    |      icmp|   0|  0|    8|           3|           2|
    |icmp_ln819_4_fu_460_p2    |      icmp|   0|  0|    9|           3|           4|
    |icmp_ln819_5_fu_473_p2    |      icmp|   0|  0|    8|           3|           3|
    |icmp_ln819_6_fu_486_p2    |      icmp|   0|  0|    8|           3|           3|
    |icmp_ln819_fu_408_p2      |      icmp|   0|  0|    8|           3|           1|
    |or_ln128_1_fu_591_p2      |        or|   0|  0|    2|           1|           1|
    |or_ln128_fu_573_p2        |        or|   0|  0|    2|           1|           1|
    |dHTmp_1_fu_519_p3         |    select|   0|  0|   32|           1|          32|
    |p_Val2_s_fu_491_p3        |    select|   0|  0|  123|           1|         128|
    |select_ln1049_fu_391_p3   |    select|   0|  0|   32|           1|          32|
    |select_ln116_fu_383_p3    |    select|   0|  0|   32|           1|          32|
    |select_ln819_1_fu_426_p3  |    select|   0|  0|  123|           1|         128|
    |select_ln819_2_fu_439_p3  |    select|   0|  0|  123|           1|         128|
    |select_ln819_3_fu_452_p3  |    select|   0|  0|  123|           1|         128|
    |select_ln819_4_fu_465_p3  |    select|   0|  0|  123|           1|         128|
    |select_ln819_5_fu_478_p3  |    select|   0|  0|  123|           1|         128|
    |select_ln819_fu_413_p3    |    select|   0|  0|  123|           1|         128|
    |p_Repl2_s_fu_609_p2       |       xor|   0|  0|    2|           1|           2|
    |xor_ln1049_1_fu_373_p2    |       xor|   0|  0|    2|           1|           2|
    |xor_ln1049_fu_348_p2      |       xor|   0|  0|    2|           1|           1|
    |xor_ln107_fu_322_p2       |       xor|   0|  0|    2|           1|           2|
    |xor_ln125_fu_509_p2       |       xor|   0|  0|   33|          32|          33|
    +--------------------------+----------+----+---+-----+------------+------------+
    |Total                     |          |   0|  0| 1145|         161|        1086|
    +--------------------------+----------+----+---+-----+------------+------------+

    * Multiplexer: 
    +-----------------------+----+-----------+-----+-----------+
    |          Name         | LUT| Input Size| Bits| Total Bits|
    +-----------------------+----+-----------+-----+-----------+
    |ap_NS_fsm              |  59|         11|    1|         11|
    |trotters_0_0_address0  |  14|          3|    2|          6|
    |trotters_0_1_address0  |  14|          3|    2|          6|
    |trotters_0_2_address0  |  14|          3|    2|          6|
    |trotters_0_3_address0  |  14|          3|    2|          6|
    |trotters_0_4_address0  |  14|          3|    2|          6|
    |trotters_0_5_address0  |  14|          3|    2|          6|
    |trotters_0_6_address0  |  14|          3|    2|          6|
    |trotters_0_7_address0  |  14|          3|    2|          6|
    +-----------------------+----+-----------+-----+-----------+
    |Total                  | 171|         35|   17|         59|
    +-----------------------+----+-----------+-----+-----------+

    * Register: 
    +---------------------------+-----+----+-----+-----------+
    |            Name           |  FF | LUT| Bits| Const Bits|
    +---------------------------+-----+----+-----+-----------+
    |and_ln128_1_reg_760        |    1|   0|    1|          0|
    |ap_CS_fsm                  |   10|   0|   10|          0|
    |dHTmp_reg_748              |   32|   0|   32|          0|
    |div_reg_754                |   32|   0|   32|          0|
    |iSpin_cast1_reg_661        |    7|   0|   32|         25|
    |inside_reg_667             |    1|   0|    1|          0|
    |logRand_0_load_reg_682     |   32|   0|   32|          0|
    |p_Result_1_reg_742         |    1|   0|    1|          0|
    |p_Result_s_reg_764         |  128|   0|  128|          0|
    |p_Val2_s_reg_737           |  128|   0|  128|          0|
    |select_ln1049_reg_692      |   32|   0|   32|          0|
    |trotters_0_0_addr_reg_702  |    2|   0|    2|          0|
    |trotters_0_1_addr_reg_707  |    2|   0|    2|          0|
    |trotters_0_2_addr_reg_712  |    2|   0|    2|          0|
    |trotters_0_3_addr_reg_717  |    2|   0|    2|          0|
    |trotters_0_4_addr_reg_722  |    2|   0|    2|          0|
    |trotters_0_5_addr_reg_727  |    2|   0|    2|          0|
    |trotters_0_6_addr_reg_732  |    2|   0|    2|          0|
    |trotters_0_7_addr_reg_697  |    2|   0|    2|          0|
    |xor_ln1049_reg_671         |    1|   0|    1|          0|
    +---------------------------+-----+----+-----+-----------+
    |Total                      |  421|   0|  446|         25|
    +---------------------------+-----+----+-----+-----------+



================================================================
== Interface
================================================================
* Summary: 
+-----------------------+-----+-----+------------+------------------+--------------+
|       RTL Ports       | Dir | Bits|  Protocol  |   Source Object  |    C Type    |
+-----------------------+-----+-----+------------+------------------+--------------+
|ap_clk                 |   in|    1|  ap_ctrl_hs|  TrotterUnitFinal|  return value|
|ap_rst                 |   in|    1|  ap_ctrl_hs|  TrotterUnitFinal|  return value|
|ap_start               |   in|    1|  ap_ctrl_hs|  TrotterUnitFinal|  return value|
|ap_done                |  out|    1|  ap_ctrl_hs|  TrotterUnitFinal|  return value|
|ap_idle                |  out|    1|  ap_ctrl_hs|  TrotterUnitFinal|  return value|
|ap_ready               |  out|    1|  ap_ctrl_hs|  TrotterUnitFinal|  return value|
|t                      |   in|    2|     ap_none|                 t|        scalar|
|stage                  |   in|   13|     ap_none|             stage|        scalar|
|iPack                  |   in|    2|     ap_none|             iPack|        scalar|
|iStrm                  |   in|    3|     ap_none|             iStrm|        scalar|
|iSpin                  |   in|    7|     ap_none|             iSpin|        scalar|
|trotters_0_0_address0  |  out|    2|   ap_memory|      trotters_0_0|         array|
|trotters_0_0_ce0       |  out|    1|   ap_memory|      trotters_0_0|         array|
|trotters_0_0_we0       |  out|    1|   ap_memory|      trotters_0_0|         array|
|trotters_0_0_d0        |  out|  128|   ap_memory|      trotters_0_0|         array|
|trotters_0_0_q0        |   in|  128|   ap_memory|      trotters_0_0|         array|
|trotters_0_1_address0  |  out|    2|   ap_memory|      trotters_0_1|         array|
|trotters_0_1_ce0       |  out|    1|   ap_memory|      trotters_0_1|         array|
|trotters_0_1_we0       |  out|    1|   ap_memory|      trotters_0_1|         array|
|trotters_0_1_d0        |  out|  128|   ap_memory|      trotters_0_1|         array|
|trotters_0_1_q0        |   in|  128|   ap_memory|      trotters_0_1|         array|
|trotters_0_2_address0  |  out|    2|   ap_memory|      trotters_0_2|         array|
|trotters_0_2_ce0       |  out|    1|   ap_memory|      trotters_0_2|         array|
|trotters_0_2_we0       |  out|    1|   ap_memory|      trotters_0_2|         array|
|trotters_0_2_d0        |  out|  128|   ap_memory|      trotters_0_2|         array|
|trotters_0_2_q0        |   in|  128|   ap_memory|      trotters_0_2|         array|
|trotters_0_3_address0  |  out|    2|   ap_memory|      trotters_0_3|         array|
|trotters_0_3_ce0       |  out|    1|   ap_memory|      trotters_0_3|         array|
|trotters_0_3_we0       |  out|    1|   ap_memory|      trotters_0_3|         array|
|trotters_0_3_d0        |  out|  128|   ap_memory|      trotters_0_3|         array|
|trotters_0_3_q0        |   in|  128|   ap_memory|      trotters_0_3|         array|
|trotters_0_4_address0  |  out|    2|   ap_memory|      trotters_0_4|         array|
|trotters_0_4_ce0       |  out|    1|   ap_memory|      trotters_0_4|         array|
|trotters_0_4_we0       |  out|    1|   ap_memory|      trotters_0_4|         array|
|trotters_0_4_d0        |  out|  128|   ap_memory|      trotters_0_4|         array|
|trotters_0_4_q0        |   in|  128|   ap_memory|      trotters_0_4|         array|
|trotters_0_5_address0  |  out|    2|   ap_memory|      trotters_0_5|         array|
|trotters_0_5_ce0       |  out|    1|   ap_memory|      trotters_0_5|         array|
|trotters_0_5_we0       |  out|    1|   ap_memory|      trotters_0_5|         array|
|trotters_0_5_d0        |  out|  128|   ap_memory|      trotters_0_5|         array|
|trotters_0_5_q0        |   in|  128|   ap_memory|      trotters_0_5|         array|
|trotters_0_6_address0  |  out|    2|   ap_memory|      trotters_0_6|         array|
|trotters_0_6_ce0       |  out|    1|   ap_memory|      trotters_0_6|         array|
|trotters_0_6_we0       |  out|    1|   ap_memory|      trotters_0_6|         array|
|trotters_0_6_d0        |  out|  128|   ap_memory|      trotters_0_6|         array|
|trotters_0_6_q0        |   in|  128|   ap_memory|      trotters_0_6|         array|
|trotters_0_7_address0  |  out|    2|   ap_memory|      trotters_0_7|         array|
|trotters_0_7_ce0       |  out|    1|   ap_memory|      trotters_0_7|         array|
|trotters_0_7_we0       |  out|    1|   ap_memory|      trotters_0_7|         array|
|trotters_0_7_d0        |  out|  128|   ap_memory|      trotters_0_7|         array|
|trotters_0_7_q0        |   in|  128|   ap_memory|      trotters_0_7|         array|
|dH                     |   in|   32|     ap_none|                dH|        scalar|
|upSpin                 |   in|    1|     ap_none|            upSpin|        scalar|
|downSpin               |   in|    1|     ap_none|          downSpin|        scalar|
|Beta                   |   in|   32|     ap_none|              Beta|        scalar|
|dHTunnel               |   in|   32|     ap_none|          dHTunnel|        scalar|
|logRand_0_address0     |  out|   12|   ap_memory|         logRand_0|         array|
|logRand_0_ce0          |  out|    1|   ap_memory|         logRand_0|         array|
|logRand_0_q0           |   in|   32|   ap_memory|         logRand_0|         array|
+-----------------------+-----+-----+------------+------------------+--------------+

