

================================================================
== Vitis HLS Report for 'QuantumMonteCarlo_Pipeline_READ_NEW_JCOUP'
================================================================
* Date:           Tue Aug  3 12:44:56 2021

* Version:        2021.1 (Build 3247384 on Thu Jun 10 19:36:33 MDT 2021)
* Project:        SQA-Vitis
* Solution:       solution1 (Vivado IP Flow Target)
* Product family: virtexuplus
* Target device:  xcvu35p-fsvh2892-2-e


================================================================
== Performance Estimates
================================================================
+ Timing: 
    * Summary: 
    +--------+----------+----------+------------+
    |  Clock |  Target  | Estimated| Uncertainty|
    +--------+----------+----------+------------+
    |ap_clk  |  10.00 ns|  1.365 ns|     2.70 ns|
    +--------+----------+----------+------------+

+ Latency: 
    * Summary: 
    +---------+---------+----------+----------+-----+-----+---------+
    |  Latency (cycles) |  Latency (absolute) |  Interval | Pipeline|
    |   min   |   max   |    min   |    max   | min | max |   Type  |
    +---------+---------+----------+----------+-----+-----+---------+
    |      258|      258|  2.580 us|  2.580 us|  258|  258|       no|
    +---------+---------+----------+----------+-----+-----+---------+

    + Detail: 
        * Instance: 
        N/A

        * Loop: 
        +------------------+---------+---------+----------+-----------+-----------+------+----------+
        |                  |  Latency (cycles) | Iteration|  Initiation Interval  | Trip |          |
        |     Loop Name    |   min   |   max   |  Latency |  achieved |   target  | Count| Pipelined|
        +------------------+---------+---------+----------+-----------+-----------+------+----------+
        |- READ_NEW_JCOUP  |      256|      256|         8|          8|          1|    32|       yes|
        +------------------+---------+---------+----------+-----------+-----------+------+----------+



================================================================
== Utilization Estimates
================================================================
* Summary: 
+---------------------+---------+------+---------+--------+-----+
|         Name        | BRAM_18K|  DSP |    FF   |   LUT  | URAM|
+---------------------+---------+------+---------+--------+-----+
|DSP                  |        -|     -|        -|       -|    -|
|Expression           |        -|     -|        0|      27|    -|
|FIFO                 |        -|     -|        -|       -|    -|
|Instance             |        -|     -|        -|       -|    -|
|Memory               |        -|     -|        -|       -|    -|
|Multiplexer          |        -|     -|        -|      85|    -|
|Register             |        -|     -|       21|       -|    -|
+---------------------+---------+------+---------+--------+-----+
|Total                |        0|     0|       21|     112|    0|
+---------------------+---------+------+---------+--------+-----+
|Available SLR        |     1344|  2976|   871680|  435840|  320|
+---------------------+---------+------+---------+--------+-----+
|Utilization SLR (%)  |        0|     0|       ~0|      ~0|    0|
+---------------------+---------+------+---------+--------+-----+
|Available            |     2688|  5952|  1743360|  871680|  640|
+---------------------+---------+------+---------+--------+-----+
|Utilization (%)      |        0|     0|       ~0|      ~0|    0|
+---------------------+---------+------+---------+--------+-----+

+ Detail: 
    * Instance: 
    N/A

    * DSP: 
    N/A

    * Memory: 
    N/A

    * FIFO: 
    N/A

    * Expression: 
    +----------------------------------+----------+----+---+----+------------+------------+
    |           Variable Name          | Operation| DSP| FF| LUT| Bitwidth P0| Bitwidth P1|
    +----------------------------------+----------+----+---+----+------------+------------+
    |add_ln232_fu_228_p2               |         +|   0|  0|  13|           6|           1|
    |ap_condition_237                  |       and|   0|  0|   2|           1|           1|
    |icmp_ln232_fu_222_p2              |      icmp|   0|  0|  10|           6|           7|
    |ap_block_state1_pp0_stage0_iter0  |        or|   0|  0|   2|           1|           1|
    +----------------------------------+----------+----+---+----+------------+------------+
    |Total                             |          |   0|  0|  27|          14|          10|
    +----------------------------------+----------+----+---+----+------------+------------+

    * Multiplexer: 
    +-----------------------+----+-----------+-----+-----------+
    |          Name         | LUT| Input Size| Bits| Total Bits|
    +-----------------------+----+-----------+-----+-----------+
    |Jcoup_V_TDATA_blk_n    |   9|          2|    1|          2|
    |ap_NS_fsm              |  49|          9|    1|          9|
    |ap_done_int            |   9|          2|    1|          2|
    |ap_sig_allocacmp_jc_2  |   9|          2|    6|         12|
    |jc_fu_60               |   9|          2|    6|         12|
    +-----------------------+----+-----------+-----+-----------+
    |Total                  |  85|         17|   15|         37|
    +-----------------------+----+-----------+-----+-----------+

    * Register: 
    +--------------------+---+----+-----+-----------+
    |        Name        | FF| LUT| Bits| Const Bits|
    +--------------------+---+----+-----+-----------+
    |ap_CS_fsm           |  8|   0|    8|          0|
    |ap_done_reg         |  1|   0|    1|          0|
    |jc_fu_60            |  6|   0|    6|          0|
    |zext_ln232_reg_254  |  6|   0|   64|         58|
    +--------------------+---+----+-----+-----------+
    |Total               | 21|   0|   79|         58|
    +--------------------+---+----+-----+-----------+



================================================================
== Interface
================================================================
* Summary: 
+-------------------------+-----+------+------------+-------------------------------------------+--------------+
|        RTL Ports        | Dir | Bits |  Protocol  |               Source Object               |    C Type    |
+-------------------------+-----+------+------------+-------------------------------------------+--------------+
|ap_clk                   |   in|     1|  ap_ctrl_hs|  QuantumMonteCarlo_Pipeline_READ_NEW_JCOUP|  return value|
|ap_rst                   |   in|     1|  ap_ctrl_hs|  QuantumMonteCarlo_Pipeline_READ_NEW_JCOUP|  return value|
|ap_start                 |   in|     1|  ap_ctrl_hs|  QuantumMonteCarlo_Pipeline_READ_NEW_JCOUP|  return value|
|ap_done                  |  out|     1|  ap_ctrl_hs|  QuantumMonteCarlo_Pipeline_READ_NEW_JCOUP|  return value|
|ap_idle                  |  out|     1|  ap_ctrl_hs|  QuantumMonteCarlo_Pipeline_READ_NEW_JCOUP|  return value|
|ap_ready                 |  out|     1|  ap_ctrl_hs|  QuantumMonteCarlo_Pipeline_READ_NEW_JCOUP|  return value|
|Jcoup_V_TVALID           |   in|     1|        axis|                                    Jcoup_V|       pointer|
|Jcoup_V_TDATA            |   in|  4096|        axis|                                    Jcoup_V|       pointer|
|Jcoup_V_TREADY           |  out|     1|        axis|                                    Jcoup_V|       pointer|
|JcoupLocal_0_0_address1  |  out|     5|   ap_memory|                             JcoupLocal_0_0|         array|
|JcoupLocal_0_0_ce1       |  out|     1|   ap_memory|                             JcoupLocal_0_0|         array|
|JcoupLocal_0_0_we1       |  out|     1|   ap_memory|                             JcoupLocal_0_0|         array|
|JcoupLocal_0_0_d1        |  out|  4096|   ap_memory|                             JcoupLocal_0_0|         array|
|JcoupLocal_0_1_address1  |  out|     5|   ap_memory|                             JcoupLocal_0_1|         array|
|JcoupLocal_0_1_ce1       |  out|     1|   ap_memory|                             JcoupLocal_0_1|         array|
|JcoupLocal_0_1_we1       |  out|     1|   ap_memory|                             JcoupLocal_0_1|         array|
|JcoupLocal_0_1_d1        |  out|  4096|   ap_memory|                             JcoupLocal_0_1|         array|
|JcoupLocal_0_2_address1  |  out|     5|   ap_memory|                             JcoupLocal_0_2|         array|
|JcoupLocal_0_2_ce1       |  out|     1|   ap_memory|                             JcoupLocal_0_2|         array|
|JcoupLocal_0_2_we1       |  out|     1|   ap_memory|                             JcoupLocal_0_2|         array|
|JcoupLocal_0_2_d1        |  out|  4096|   ap_memory|                             JcoupLocal_0_2|         array|
|JcoupLocal_0_3_address1  |  out|     5|   ap_memory|                             JcoupLocal_0_3|         array|
|JcoupLocal_0_3_ce1       |  out|     1|   ap_memory|                             JcoupLocal_0_3|         array|
|JcoupLocal_0_3_we1       |  out|     1|   ap_memory|                             JcoupLocal_0_3|         array|
|JcoupLocal_0_3_d1        |  out|  4096|   ap_memory|                             JcoupLocal_0_3|         array|
|JcoupLocal_0_4_address1  |  out|     5|   ap_memory|                             JcoupLocal_0_4|         array|
|JcoupLocal_0_4_ce1       |  out|     1|   ap_memory|                             JcoupLocal_0_4|         array|
|JcoupLocal_0_4_we1       |  out|     1|   ap_memory|                             JcoupLocal_0_4|         array|
|JcoupLocal_0_4_d1        |  out|  4096|   ap_memory|                             JcoupLocal_0_4|         array|
|JcoupLocal_0_5_address1  |  out|     5|   ap_memory|                             JcoupLocal_0_5|         array|
|JcoupLocal_0_5_ce1       |  out|     1|   ap_memory|                             JcoupLocal_0_5|         array|
|JcoupLocal_0_5_we1       |  out|     1|   ap_memory|                             JcoupLocal_0_5|         array|
|JcoupLocal_0_5_d1        |  out|  4096|   ap_memory|                             JcoupLocal_0_5|         array|
|JcoupLocal_0_6_address1  |  out|     5|   ap_memory|                             JcoupLocal_0_6|         array|
|JcoupLocal_0_6_ce1       |  out|     1|   ap_memory|                             JcoupLocal_0_6|         array|
|JcoupLocal_0_6_we1       |  out|     1|   ap_memory|                             JcoupLocal_0_6|         array|
|JcoupLocal_0_6_d1        |  out|  4096|   ap_memory|                             JcoupLocal_0_6|         array|
|JcoupLocal_0_7_address1  |  out|     5|   ap_memory|                             JcoupLocal_0_7|         array|
|JcoupLocal_0_7_ce1       |  out|     1|   ap_memory|                             JcoupLocal_0_7|         array|
|JcoupLocal_0_7_we1       |  out|     1|   ap_memory|                             JcoupLocal_0_7|         array|
|JcoupLocal_0_7_d1        |  out|  4096|   ap_memory|                             JcoupLocal_0_7|         array|
+-------------------------+-----+------+------------+-------------------------------------------+--------------+

