

================================================================
== Vitis HLS Report for 'TrotterUnitFinal'
================================================================
* Date:           Tue Aug  3 12:45:22 2021

* Version:        2021.1 (Build 3247384 on Thu Jun 10 19:36:33 MDT 2021)
* Project:        SQA-Vitis
* Solution:       solution1 (Vivado IP Flow Target)
* Product family: virtexuplus
* Target device:  xcvu35p-fsvh2892-2-e


================================================================
== Performance Estimates
================================================================
+ Timing: 
    * Summary: 
    +--------+----------+----------+------------+
    |  Clock |  Target  | Estimated| Uncertainty|
    +--------+----------+----------+------------+
    |ap_clk  |  10.00 ns|  6.992 ns|     2.70 ns|
    +--------+----------+----------+------------+

+ Latency: 
    * Summary: 
    +---------+---------+-----------+-----------+-----+-----+---------+
    |  Latency (cycles) |   Latency (absolute)  |  Interval | Pipeline|
    |   min   |   max   |    min    |    max    | min | max |   Type  |
    +---------+---------+-----------+-----------+-----+-----+---------+
    |        1|        8|  10.000 ns|  80.000 ns|    1|    8|       no|
    +---------+---------+-----------+-----------+-----+-----+---------+

    + Detail: 
        * Instance: 
        N/A

        * Loop: 
        N/A



================================================================
== Utilization Estimates
================================================================
* Summary: 
+---------------------+---------+------+---------+--------+-----+
|         Name        | BRAM_18K|  DSP |    FF   |   LUT  | URAM|
+---------------------+---------+------+---------+--------+-----+
|DSP                  |        -|     -|        -|       -|    -|
|Expression           |        -|     -|        0|    2708|    -|
|FIFO                 |        -|     -|        -|       -|    -|
|Instance             |        -|     7|      482|     529|    -|
|Memory               |        -|     -|        -|       -|    -|
|Multiplexer          |        -|     -|        -|      96|    -|
|Register             |        -|     -|      509|       -|    -|
+---------------------+---------+------+---------+--------+-----+
|Total                |        0|     7|      991|    3333|    0|
+---------------------+---------+------+---------+--------+-----+
|Available SLR        |     1344|  2976|   871680|  435840|  320|
+---------------------+---------+------+---------+--------+-----+
|Utilization SLR (%)  |        0|    ~0|       ~0|      ~0|    0|
+---------------------+---------+------+---------+--------+-----+
|Available            |     2688|  5952|  1743360|  871680|  640|
+---------------------+---------+------+---------+--------+-----+
|Utilization (%)      |        0|    ~0|       ~0|      ~0|    0|
+---------------------+---------+------+---------+--------+-----+

+ Detail: 
    * Instance: 
    +------------------------------------+--------------------------------+---------+----+-----+-----+-----+
    |              Instance              |             Module             | BRAM_18K| DSP|  FF | LUT | URAM|
    +------------------------------------+--------------------------------+---------+----+-----+-----+-----+
    |fadd_32ns_32ns_32_3_full_dsp_1_U91  |fadd_32ns_32ns_32_3_full_dsp_1  |        0|   2|  177|  226|    0|
    |fcmp_32ns_32ns_1_1_no_dsp_1_U94     |fcmp_32ns_32ns_1_1_no_dsp_1     |        0|   0|    0|    0|    0|
    |fmul_32ns_32ns_32_2_max_dsp_1_U93   |fmul_32ns_32ns_32_2_max_dsp_1   |        0|   3|  128|   77|    0|
    |fsub_32ns_32ns_32_3_full_dsp_1_U92  |fsub_32ns_32ns_32_3_full_dsp_1  |        0|   2|  177|  226|    0|
    +------------------------------------+--------------------------------+---------+----+-----+-----+-----+
    |Total                               |                                |        0|   7|  482|  529|    0|
    +------------------------------------+--------------------------------+---------+----+-----+-----+-----+

    * DSP: 
    N/A

    * Memory: 
    N/A

    * FIFO: 
    N/A

    * Expression: 
    +------------------------+----------+----+---+-----+------------+------------+
    |      Variable Name     | Operation| DSP| FF| LUT | Bitwidth P0| Bitwidth P1|
    +------------------------+----------+----+---+-----+------------+------------+
    |add_ln112_fu_276_p2     |         +|   0|  0|   15|           8|           1|
    |sub_ln112_fu_314_p2     |         -|   0|  0|  135|         128|         128|
    |and_ln112_fu_320_p2     |       and|   0|  0|  128|         128|         128|
    |and_ln134_1_fu_463_p2   |       and|   0|  0|    2|           1|           1|
    |and_ln134_fu_457_p2     |       and|   0|  0|    2|           1|           1|
    |and_ln135_fu_488_p2     |       and|   0|  0|  128|         128|         128|
    |inside_fu_226_p2        |       and|   0|  0|    2|           1|           1|
    |icmp_ln107_1_fu_220_p2  |      icmp|   0|  0|   13|          16|          16|
    |icmp_ln107_fu_200_p2    |      icmp|   0|  0|   13|          16|          16|
    |icmp_ln134_1_fu_441_p2  |      icmp|   0|  0|   16|          23|           1|
    |icmp_ln134_2_fu_401_p2  |      icmp|   0|  0|   11|           8|           2|
    |icmp_ln134_3_fu_407_p2  |      icmp|   0|  0|   16|          23|           1|
    |icmp_ln134_fu_435_p2    |      icmp|   0|  0|   11|           8|           2|
    |lshr_ln112_fu_324_p2    |      lshr|   0|  0|  423|         128|         128|
    |or_ln116_fu_241_p2      |        or|   0|  0|    2|           1|           1|
    |or_ln118_fu_247_p2      |        or|   0|  0|    2|           1|           1|
    |or_ln134_1_fu_453_p2    |        or|   0|  0|    2|           1|           1|
    |or_ln134_fu_447_p2      |        or|   0|  0|    2|           1|           1|
    |or_ln135_fu_493_p2      |        or|   0|  0|  128|         128|         128|
    |dHTmp_2_fu_353_p3       |    select|   0|  0|   32|           1|          32|
    |select_ln112_fu_300_p3  |    select|   0|  0|  123|           1|           1|
    |select_ln116_fu_258_p3  |    select|   0|  0|   32|           1|          32|
    |select_ln118_fu_251_p3  |    select|   0|  0|   32|           1|          32|
    |shl_ln112_1_fu_308_p2   |       shl|   0|  0|  423|           1|         128|
    |shl_ln112_fu_286_p2     |       shl|   0|  0|  423|           1|         128|
    |shl_ln135_fu_478_p2     |       shl|   0|  0|  423|         128|         128|
    |xor_ln107_fu_206_p2     |       xor|   0|  0|    2|           1|           2|
    |xor_ln116_1_fu_236_p2   |       xor|   0|  0|    2|           1|           2|
    |xor_ln116_fu_232_p2     |       xor|   0|  0|    2|           1|           1|
    |xor_ln134_fu_365_p2     |       xor|   0|  0|   33|          32|          33|
    |xor_ln135_1_fu_483_p2   |       xor|   0|  0|  128|         128|           2|
    |xor_ln135_fu_469_p2     |       xor|   0|  0|    2|           1|           2|
    +------------------------+----------+----+---+-----+------------+------------+
    |Total                   |          |   0|  0| 2708|        1047|        1209|
    +------------------------+----------+----+---+-----+------------+------------+

    * Multiplexer: 
    +---------------------+----+-----------+-----+-----------+
    |         Name        | LUT| Input Size| Bits| Total Bits|
    +---------------------+----+-----------+-----+-----------+
    |ap_NS_fsm            |  54|         10|    1|         10|
    |grp_fu_182_p0        |  14|          3|   32|         96|
    |grp_fu_182_p1        |  14|          3|   32|         96|
    |trotters_0_address0  |  14|          3|    8|         24|
    +---------------------+----+-----------+-----+-----------+
    |Total                |  96|         19|   73|        226|
    +---------------------+----+-----------+-----+-----------+

    * Register: 
    +-------------------------+-----+----+-----+-----------+
    |           Name          |  FF | LUT| Bits| Const Bits|
    +-------------------------+-----+----+-----+-----------+
    |and_ln134_1_reg_610      |    1|   0|    1|          0|
    |ap_CS_fsm                |    9|   0|    9|          0|
    |icmp_ln134_2_reg_600     |    1|   0|    1|          0|
    |icmp_ln134_3_reg_605     |    1|   0|    1|          0|
    |inside_reg_543           |    1|   0|    1|          0|
    |logRand_0_load_reg_595   |   32|   0|   32|          0|
    |or_ln135_reg_614         |  128|   0|  128|          0|
    |reg_191                  |   32|   0|   32|          0|
    |select_ln116_reg_547     |   32|   0|   32|          0|
    |sub_ln112_reg_569        |  128|   0|  128|          0|
    |this_spin_reg_575        |    1|   0|    1|          0|
    |trotters_0_addr_reg_552  |    8|   0|    8|          0|
    |trotters_0_load_reg_557  |  128|   0|  128|          0|
    |zext_ln112_1_reg_563     |    7|   0|  128|        121|
    +-------------------------+-----+----+-----+-----------+
    |Total                    |  509|   0|  630|        121|
    +-------------------------+-----+----+-----+-----------+



================================================================
== Interface
================================================================
* Summary: 
+---------------------+-----+-----+------------+------------------+--------------+
|      RTL Ports      | Dir | Bits|  Protocol  |   Source Object  |    C Type    |
+---------------------+-----+-----+------------+------------------+--------------+
|ap_clk               |   in|    1|  ap_ctrl_hs|  TrotterUnitFinal|  return value|
|ap_rst               |   in|    1|  ap_ctrl_hs|  TrotterUnitFinal|  return value|
|ap_start             |   in|    1|  ap_ctrl_hs|  TrotterUnitFinal|  return value|
|ap_done              |  out|    1|  ap_ctrl_hs|  TrotterUnitFinal|  return value|
|ap_idle              |  out|    1|  ap_ctrl_hs|  TrotterUnitFinal|  return value|
|ap_ready             |  out|    1|  ap_ctrl_hs|  TrotterUnitFinal|  return value|
|t                    |   in|    2|     ap_none|                 t|        scalar|
|stage                |   in|   16|     ap_none|             stage|        scalar|
|iPack                |   in|    8|     ap_none|             iPack|        scalar|
|iSpin                |   in|    7|     ap_none|             iSpin|        scalar|
|trotters_0_address0  |  out|    8|   ap_memory|        trotters_0|         array|
|trotters_0_ce0       |  out|    1|   ap_memory|        trotters_0|         array|
|trotters_0_we0       |  out|    1|   ap_memory|        trotters_0|         array|
|trotters_0_d0        |  out|  128|   ap_memory|        trotters_0|         array|
|trotters_0_q0        |   in|  128|   ap_memory|        trotters_0|         array|
|p_read               |   in|   32|     ap_none|            p_read|        scalar|
|upSpin               |   in|    1|     ap_none|            upSpin|        scalar|
|downSpin             |   in|    1|     ap_none|          downSpin|        scalar|
|Beta                 |   in|   32|     ap_none|              Beta|        scalar|
|dHTunnel             |   in|   32|     ap_none|          dHTunnel|        scalar|
|logRand_0_address0   |  out|   15|   ap_memory|         logRand_0|         array|
|logRand_0_ce0        |  out|    1|   ap_memory|         logRand_0|         array|
|logRand_0_q0         |   in|   32|   ap_memory|         logRand_0|         array|
+---------------------+-----+-----+------------+------------------+--------------+

