

================================================================
== Vitis HLS Report for 'QuantumMonteCarloU50_Pipeline_WRITE_TROTTERS_VITIS_LOOP_372_3'
================================================================
* Date:           Wed Sep 15 18:47:56 2021

* Version:        2021.1 (Build 3247384 on Thu Jun 10 19:36:33 MDT 2021)
* Project:        SQA-Vitis
* Solution:       solution1 (Vitis Kernel Flow Target)
* Product family: virtexuplus
* Target device:  xcvu35p-fsvh2892-2-e


================================================================
== Performance Estimates
================================================================
+ Timing: 
    * Summary: 
    +--------+---------+----------+------------+
    |  Clock |  Target | Estimated| Uncertainty|
    +--------+---------+----------+------------+
    |ap_clk  |  3.33 ns|  2.433 ns|     0.90 ns|
    +--------+---------+----------+------------+

+ Latency: 
    * Summary: 
    +---------+---------+----------+----------+------+------+---------+
    |  Latency (cycles) |  Latency (absolute) |   Interval  | Pipeline|
    |   min   |   max   |    min   |    max   |  min |  max |   Type  |
    +---------+---------+----------+----------+------+------+---------+
    |     1027|     1027|  3.423 us|  3.423 us|  1027|  1027|       no|
    +---------+---------+----------+----------+------+------+---------+

    + Detail: 
        * Instance: 
        N/A

        * Loop: 
        +-----------------------------------+---------+---------+----------+-----------+-----------+------+----------+
        |                                   |  Latency (cycles) | Iteration|  Initiation Interval  | Trip |          |
        |             Loop Name             |   min   |   max   |  Latency |  achieved |   target  | Count| Pipelined|
        +-----------------------------------+---------+---------+----------+-----------+-----------+------+----------+
        |- WRITE_TROTTERS_VITIS_LOOP_372_3  |     1025|     1025|         3|          1|          1|  1024|       yes|
        +-----------------------------------+---------+---------+----------+-----------+-----------+------+----------+



================================================================
== Utilization Estimates
================================================================
* Summary: 
+---------------------+---------+------+---------+--------+-----+
|         Name        | BRAM_18K|  DSP |    FF   |   LUT  | URAM|
+---------------------+---------+------+---------+--------+-----+
|DSP                  |        -|     -|        -|       -|    -|
|Expression           |        -|     -|        0|     930|    -|
|FIFO                 |        -|     -|        -|       -|    -|
|Instance             |        -|     -|        0|      43|    -|
|Memory               |        -|     -|        -|       -|    -|
|Multiplexer          |        -|     -|        -|      81|    -|
|Register             |        -|     -|     1041|       -|    -|
+---------------------+---------+------+---------+--------+-----+
|Total                |        0|     0|     1041|    1054|    0|
+---------------------+---------+------+---------+--------+-----+
|Available SLR        |     1344|  2976|   871680|  435840|  320|
+---------------------+---------+------+---------+--------+-----+
|Utilization SLR (%)  |        0|     0|       ~0|      ~0|    0|
+---------------------+---------+------+---------+--------+-----+
|Available            |     2688|  5952|  1743360|  871680|  640|
+---------------------+---------+------+---------+--------+-----+
|Utilization (%)      |        0|     0|       ~0|      ~0|    0|
+---------------------+---------+------+---------+--------+-----+

+ Detail: 
    * Instance: 
    +--------------------+---------------+---------+----+---+----+-----+
    |      Instance      |     Module    | BRAM_18K| DSP| FF| LUT| URAM|
    +--------------------+---------------+---------+----+---+----+-----+
    |mux_84_16_1_1_U121  |mux_84_16_1_1  |        0|   0|  0|  43|    0|
    +--------------------+---------------+---------+----+---+----+-----+
    |Total               |               |        0|   0|  0|  43|    0|
    +--------------------+---------------+---------+----+---+----+-----+

    * DSP: 
    N/A

    * Memory: 
    N/A

    * FIFO: 
    N/A

    * Expression: 
    +---------------------------+----------+----+---+-----+------------+------------+
    |       Variable Name       | Operation| DSP| FF| LUT | Bitwidth P0| Bitwidth P1|
    +---------------------------+----------+----+---+-----+------------+------------+
    |add_ln371_1_fu_356_p2      |         +|   0|  0|   10|           3|           1|
    |add_ln371_fu_263_p2        |         +|   0|  0|   18|          11|           1|
    |add_ln373_fu_322_p2        |         +|   0|  0|   16|           9|           1|
    |ap_block_pp0_stage0_11001  |       and|   0|  0|    2|           1|           1|
    |ap_block_state3_io         |       and|   0|  0|    2|           1|           1|
    |icmp_ln371_fu_257_p2       |      icmp|   0|  0|   12|          11|          12|
    |icmp_ln372_fu_272_p2       |      icmp|   0|  0|   11|           9|          10|
    |icmp_ln375_fu_316_p2       |      icmp|   0|  0|    9|           5|           2|
    |select_ln371_1_fu_349_p3   |    select|   0|  0|  418|           1|           1|
    |select_ln371_2_fu_362_p3   |    select|   0|  0|    3|           1|           3|
    |select_ln371_fu_278_p3     |    select|   0|  0|    9|           1|           1|
    |select_ln375_fu_432_p3     |    select|   0|  0|  418|           1|           1|
    |ap_enable_pp0              |       xor|   0|  0|    2|           1|           2|
    +---------------------------+----------+----+---+-----+------------+------------+
    |Total                      |          |   0|  0|  930|          55|          37|
    +---------------------------+----------+----+---+-----+------------+------------+

    * Multiplexer: 
    +---------------------------------------+----+-----------+-----+-----------+
    |                  Name                 | LUT| Input Size| Bits| Total Bits|
    +---------------------------------------+----+-----------+-----+-----------+
    |ap_done_int                            |   9|          2|    1|          2|
    |ap_enable_reg_pp0_iter2                |   9|          2|    1|          2|
    |ap_sig_allocacmp_indvar_flatten7_load  |   9|          2|   11|         22|
    |ap_sig_allocacmp_packOfst_load         |   9|          2|    9|         18|
    |gmem_blk_n_W                           |   9|          2|    1|          2|
    |indvar_flatten7_fu_108                 |   9|          2|   11|         22|
    |packOfst_fu_100                        |   9|          2|    9|         18|
    |phi_ln375_fu_96                        |   9|          2|  496|        992|
    |t_fu_104                               |   9|          2|    3|          6|
    +---------------------------------------+----+-----------+-----+-----------+
    |Total                                  |  81|         18|  542|       1084|
    +---------------------------------------+----+-----------+-----+-----------+

    * Register: 
    +----------------------------------+-----+----+-----+-----------+
    |               Name               |  FF | LUT| Bits| Const Bits|
    +----------------------------------+-----+----+-----+-----------+
    |ap_CS_fsm                         |    1|   0|    1|          0|
    |ap_done_reg                       |    1|   0|    1|          0|
    |ap_enable_reg_pp0_iter1           |    1|   0|    1|          0|
    |ap_enable_reg_pp0_iter2           |    1|   0|    1|          0|
    |ap_loop_exit_ready_pp0_iter1_reg  |    1|   0|    1|          0|
    |icmp_ln371_reg_482                |    1|   0|    1|          0|
    |icmp_ln372_reg_486                |    1|   0|    1|          0|
    |icmp_ln375_reg_537                |    1|   0|    1|          0|
    |icmp_ln375_reg_537_pp0_iter1_reg  |    1|   0|    1|          0|
    |indvar_flatten7_fu_108            |   11|   0|   11|          0|
    |or_ln_reg_547                     |  512|   0|  512|          0|
    |packOfst_fu_100                   |    9|   0|    9|          0|
    |phi_ln375_fu_96                   |  496|   0|  496|          0|
    |t_fu_104                          |    3|   0|    3|          0|
    |trunc_ln375_reg_492               |    1|   0|    1|          0|
    +----------------------------------+-----+----+-----+-----------+
    |Total                             | 1041|   0| 1041|          0|
    +----------------------------------+-----+----+-----+-----------+



================================================================
== Interface
================================================================
* Summary: 
+------------------------------+-----+-----+------------+---------------------------------------------------------------+--------------+
|           RTL Ports          | Dir | Bits|  Protocol  |                         Source Object                         |    C Type    |
+------------------------------+-----+-----+------------+---------------------------------------------------------------+--------------+
|ap_clk                        |   in|    1|  ap_ctrl_hs|  QuantumMonteCarloU50_Pipeline_WRITE_TROTTERS_VITIS_LOOP_372_3|  return value|
|ap_rst                        |   in|    1|  ap_ctrl_hs|  QuantumMonteCarloU50_Pipeline_WRITE_TROTTERS_VITIS_LOOP_372_3|  return value|
|ap_start                      |   in|    1|  ap_ctrl_hs|  QuantumMonteCarloU50_Pipeline_WRITE_TROTTERS_VITIS_LOOP_372_3|  return value|
|ap_done                       |  out|    1|  ap_ctrl_hs|  QuantumMonteCarloU50_Pipeline_WRITE_TROTTERS_VITIS_LOOP_372_3|  return value|
|ap_idle                       |  out|    1|  ap_ctrl_hs|  QuantumMonteCarloU50_Pipeline_WRITE_TROTTERS_VITIS_LOOP_372_3|  return value|
|ap_ready                      |  out|    1|  ap_ctrl_hs|  QuantumMonteCarloU50_Pipeline_WRITE_TROTTERS_VITIS_LOOP_372_3|  return value|
|m_axi_gmem_AWVALID            |  out|    1|       m_axi|                                                           gmem|       pointer|
|m_axi_gmem_AWREADY            |   in|    1|       m_axi|                                                           gmem|       pointer|
|m_axi_gmem_AWADDR             |  out|   64|       m_axi|                                                           gmem|       pointer|
|m_axi_gmem_AWID               |  out|    1|       m_axi|                                                           gmem|       pointer|
|m_axi_gmem_AWLEN              |  out|   32|       m_axi|                                                           gmem|       pointer|
|m_axi_gmem_AWSIZE             |  out|    3|       m_axi|                                                           gmem|       pointer|
|m_axi_gmem_AWBURST            |  out|    2|       m_axi|                                                           gmem|       pointer|
|m_axi_gmem_AWLOCK             |  out|    2|       m_axi|                                                           gmem|       pointer|
|m_axi_gmem_AWCACHE            |  out|    4|       m_axi|                                                           gmem|       pointer|
|m_axi_gmem_AWPROT             |  out|    3|       m_axi|                                                           gmem|       pointer|
|m_axi_gmem_AWQOS              |  out|    4|       m_axi|                                                           gmem|       pointer|
|m_axi_gmem_AWREGION           |  out|    4|       m_axi|                                                           gmem|       pointer|
|m_axi_gmem_AWUSER             |  out|    1|       m_axi|                                                           gmem|       pointer|
|m_axi_gmem_WVALID             |  out|    1|       m_axi|                                                           gmem|       pointer|
|m_axi_gmem_WREADY             |   in|    1|       m_axi|                                                           gmem|       pointer|
|m_axi_gmem_WDATA              |  out|  512|       m_axi|                                                           gmem|       pointer|
|m_axi_gmem_WSTRB              |  out|   64|       m_axi|                                                           gmem|       pointer|
|m_axi_gmem_WLAST              |  out|    1|       m_axi|                                                           gmem|       pointer|
|m_axi_gmem_WID                |  out|    1|       m_axi|                                                           gmem|       pointer|
|m_axi_gmem_WUSER              |  out|    1|       m_axi|                                                           gmem|       pointer|
|m_axi_gmem_ARVALID            |  out|    1|       m_axi|                                                           gmem|       pointer|
|m_axi_gmem_ARREADY            |   in|    1|       m_axi|                                                           gmem|       pointer|
|m_axi_gmem_ARADDR             |  out|   64|       m_axi|                                                           gmem|       pointer|
|m_axi_gmem_ARID               |  out|    1|       m_axi|                                                           gmem|       pointer|
|m_axi_gmem_ARLEN              |  out|   32|       m_axi|                                                           gmem|       pointer|
|m_axi_gmem_ARSIZE             |  out|    3|       m_axi|                                                           gmem|       pointer|
|m_axi_gmem_ARBURST            |  out|    2|       m_axi|                                                           gmem|       pointer|
|m_axi_gmem_ARLOCK             |  out|    2|       m_axi|                                                           gmem|       pointer|
|m_axi_gmem_ARCACHE            |  out|    4|       m_axi|                                                           gmem|       pointer|
|m_axi_gmem_ARPROT             |  out|    3|       m_axi|                                                           gmem|       pointer|
|m_axi_gmem_ARQOS              |  out|    4|       m_axi|                                                           gmem|       pointer|
|m_axi_gmem_ARREGION           |  out|    4|       m_axi|                                                           gmem|       pointer|
|m_axi_gmem_ARUSER             |  out|    1|       m_axi|                                                           gmem|       pointer|
|m_axi_gmem_RVALID             |   in|    1|       m_axi|                                                           gmem|       pointer|
|m_axi_gmem_RREADY             |  out|    1|       m_axi|                                                           gmem|       pointer|
|m_axi_gmem_RDATA              |   in|  512|       m_axi|                                                           gmem|       pointer|
|m_axi_gmem_RLAST              |   in|    1|       m_axi|                                                           gmem|       pointer|
|m_axi_gmem_RID                |   in|    1|       m_axi|                                                           gmem|       pointer|
|m_axi_gmem_RUSER              |   in|    1|       m_axi|                                                           gmem|       pointer|
|m_axi_gmem_RRESP              |   in|    2|       m_axi|                                                           gmem|       pointer|
|m_axi_gmem_BVALID             |   in|    1|       m_axi|                                                           gmem|       pointer|
|m_axi_gmem_BREADY             |  out|    1|       m_axi|                                                           gmem|       pointer|
|m_axi_gmem_BRESP              |   in|    2|       m_axi|                                                           gmem|       pointer|
|m_axi_gmem_BID                |   in|    1|       m_axi|                                                           gmem|       pointer|
|m_axi_gmem_BUSER              |   in|    1|       m_axi|                                                           gmem|       pointer|
|sext_ln286                    |   in|   58|     ap_none|                                                     sext_ln286|        scalar|
|trottersLocal_V_0_0_address0  |  out|    7|   ap_memory|                                            trottersLocal_V_0_0|         array|
|trottersLocal_V_0_0_ce0       |  out|    1|   ap_memory|                                            trottersLocal_V_0_0|         array|
|trottersLocal_V_0_0_q0        |   in|   16|   ap_memory|                                            trottersLocal_V_0_0|         array|
|trottersLocal_V_0_1_address0  |  out|    7|   ap_memory|                                            trottersLocal_V_0_1|         array|
|trottersLocal_V_0_1_ce0       |  out|    1|   ap_memory|                                            trottersLocal_V_0_1|         array|
|trottersLocal_V_0_1_q0        |   in|   16|   ap_memory|                                            trottersLocal_V_0_1|         array|
|trottersLocal_V_1_0_address0  |  out|    7|   ap_memory|                                            trottersLocal_V_1_0|         array|
|trottersLocal_V_1_0_ce0       |  out|    1|   ap_memory|                                            trottersLocal_V_1_0|         array|
|trottersLocal_V_1_0_q0        |   in|   16|   ap_memory|                                            trottersLocal_V_1_0|         array|
|trottersLocal_V_1_1_address0  |  out|    7|   ap_memory|                                            trottersLocal_V_1_1|         array|
|trottersLocal_V_1_1_ce0       |  out|    1|   ap_memory|                                            trottersLocal_V_1_1|         array|
|trottersLocal_V_1_1_q0        |   in|   16|   ap_memory|                                            trottersLocal_V_1_1|         array|
|trottersLocal_V_2_0_address0  |  out|    7|   ap_memory|                                            trottersLocal_V_2_0|         array|
|trottersLocal_V_2_0_ce0       |  out|    1|   ap_memory|                                            trottersLocal_V_2_0|         array|
|trottersLocal_V_2_0_q0        |   in|   16|   ap_memory|                                            trottersLocal_V_2_0|         array|
|trottersLocal_V_2_1_address0  |  out|    7|   ap_memory|                                            trottersLocal_V_2_1|         array|
|trottersLocal_V_2_1_ce0       |  out|    1|   ap_memory|                                            trottersLocal_V_2_1|         array|
|trottersLocal_V_2_1_q0        |   in|   16|   ap_memory|                                            trottersLocal_V_2_1|         array|
|trottersLocal_V_3_0_address0  |  out|    7|   ap_memory|                                            trottersLocal_V_3_0|         array|
|trottersLocal_V_3_0_ce0       |  out|    1|   ap_memory|                                            trottersLocal_V_3_0|         array|
|trottersLocal_V_3_0_q0        |   in|   16|   ap_memory|                                            trottersLocal_V_3_0|         array|
|trottersLocal_V_3_1_address0  |  out|    7|   ap_memory|                                            trottersLocal_V_3_1|         array|
|trottersLocal_V_3_1_ce0       |  out|    1|   ap_memory|                                            trottersLocal_V_3_1|         array|
|trottersLocal_V_3_1_q0        |   in|   16|   ap_memory|                                            trottersLocal_V_3_1|         array|
+------------------------------+-----+-----+------------+---------------------------------------------------------------+--------------+

