

================================================================
== Vitis HLS Report for 'Run'
================================================================
* Date:           Sat Sep 25 08:54:44 2021

* Version:        2021.1 (Build 3247384 on Thu Jun 10 19:36:33 MDT 2021)
* Project:        SQA-Vitis
* Solution:       solution1 (Vitis Kernel Flow Target)
* Product family: virtexuplus
* Target device:  xcvu35p-fsvh2892-2-e


================================================================
== Performance Estimates
================================================================
+ Timing: 
    * Summary: 
    +--------+---------+----------+------------+
    |  Clock |  Target | Estimated| Uncertainty|
    +--------+---------+----------+------------+
    |ap_clk  |  3.33 ns|  3.028 ns|     0.90 ns|
    +--------+---------+----------+------------+

+ Latency: 
    * Summary: 
    +---------+---------+----------+----------+-----+-----+---------+
    |  Latency (cycles) |  Latency (absolute) |  Interval | Pipeline|
    |   min   |   max   |    min   |    max   | min | max |   Type  |
    +---------+---------+----------+----------+-----+-----+---------+
    |      754|      754|  2.513 us|  2.513 us|  754|  754|       no|
    +---------+---------+----------+----------+-----+-----+---------+

    + Detail: 
        * Instance: 
        +---------------------------------+---------------------+---------+---------+----------+----------+-----+-----+---------+
        |                                 |                     |  Latency (cycles) |  Latency (absolute) |  Interval | Pipeline|
        |             Instance            |        Module       |   min   |   max   |    min   |    max   | min | max |   Type  |
        +---------------------------------+---------------------+---------+---------+----------+----------+-----+-----+---------+
        |grp_Run_Pipeline_SUM_UP_fu_2583  |Run_Pipeline_SUM_UP  |      568|      568|  1.893 us|  1.893 us|  568|  568|       no|
        +---------------------------------+---------------------+---------+---------+----------+----------+-----+-----+---------+

        * Loop: 
        N/A



================================================================
== Utilization Estimates
================================================================
* Summary: 
+---------------------+---------+------+---------+--------+-----+
|         Name        | BRAM_18K|  DSP |    FF   |   LUT  | URAM|
+---------------------+---------+------+---------+--------+-----+
|DSP                  |        -|     -|        -|       -|    -|
|Expression           |        -|     -|        -|       -|    -|
|FIFO                 |        -|     -|        -|       -|    -|
|Instance             |        -|   128|    28728|   19227|    -|
|Memory               |        1|     -|        0|       0|    0|
|Multiplexer          |        -|     -|        -|    3854|    -|
|Register             |        -|     -|     3132|       -|    -|
+---------------------+---------+------+---------+--------+-----+
|Total                |        1|   128|    31860|   23081|    0|
+---------------------+---------+------+---------+--------+-----+
|Available SLR        |     1344|  2976|   871680|  435840|  320|
+---------------------+---------+------+---------+--------+-----+
|Utilization SLR (%)  |       ~0|     4|        3|       5|    0|
+---------------------+---------+------+---------+--------+-----+
|Available            |     2688|  5952|  1743360|  871680|  640|
+---------------------+---------+------+---------+--------+-----+
|Utilization (%)      |       ~0|     2|        1|       2|    0|
+---------------------+---------+------+---------+--------+-----+

+ Detail: 
    * Instance: 
    +------------------------------------+--------------------------------+---------+-----+-------+-------+-----+
    |              Instance              |             Module             | BRAM_18K| DSP |   FF  |  LUT  | URAM|
    +------------------------------------+--------------------------------+---------+-----+-------+-------+-----+
    |grp_Run_Pipeline_SUM_UP_fu_2583     |Run_Pipeline_SUM_UP             |        0|  120|  27456|  18435|    0|
    |fadd_32ns_32ns_32_7_full_dsp_1_U89  |fadd_32ns_32ns_32_7_full_dsp_1  |        0|    2|    318|    198|    0|
    |fadd_32ns_32ns_32_7_full_dsp_1_U90  |fadd_32ns_32ns_32_7_full_dsp_1  |        0|    2|    318|    198|    0|
    |fadd_32ns_32ns_32_7_full_dsp_1_U91  |fadd_32ns_32ns_32_7_full_dsp_1  |        0|    2|    318|    198|    0|
    |fadd_32ns_32ns_32_7_full_dsp_1_U92  |fadd_32ns_32ns_32_7_full_dsp_1  |        0|    2|    318|    198|    0|
    +------------------------------------+--------------------------------+---------+-----+-------+-------+-----+
    |Total                               |                                |        0|  128|  28728|  19227|    0|
    +------------------------------------+--------------------------------+---------+-----+-------+-------+-----+

    * DSP: 
    N/A

    * Memory: 
    +----------+------------+---------+---+----+-----+------+-----+------+-------------+
    |  Memory  |   Module   | BRAM_18K| FF| LUT| URAM| Words| Bits| Banks| W*Bits*Banks|
    +----------+------------+---------+---+----+-----+------+-----+------+-------------+
    |dh_tmp_U  |Run_dh_tmp  |        1|  0|   0|    0|   256|   32|     1|         8192|
    +----------+------------+---------+---+----+-----+------+-----+------+-------------+
    |Total     |            |        1|  0|   0|    0|   256|   32|     1|         8192|
    +----------+------------+---------+---+----+-----+------+-----+------+-------------+

    * FIFO: 
    N/A

    * Expression: 
    N/A

    * Multiplexer: 
    +-----------------+-----+-----------+-----+-----------+
    |       Name      | LUT | Input Size| Bits| Total Bits|
    +-----------------+-----+-----------+-----+-----------+
    |ap_NS_fsm        |  995|        188|    1|        188|
    |ap_return        |    9|          2|   32|         64|
    |dh_tmp_address0  |  856|        162|    8|       1296|
    |dh_tmp_address1  |  845|        160|    8|       1280|
    |dh_tmp_ce0       |   14|          3|    1|          3|
    |dh_tmp_d0        |  152|         33|   32|       1056|
    |dh_tmp_d1        |  148|         32|   32|       1024|
    |dh_tmp_we0       |   14|          3|    1|          3|
    |grp_fu_2597_ce   |    9|          2|    1|          2|
    |grp_fu_2597_p0   |   97|         20|   32|        640|
    |grp_fu_2597_p1   |   97|         20|   32|        640|
    |grp_fu_2601_ce   |    9|          2|    1|          2|
    |grp_fu_2601_p0   |  177|         40|   32|       1280|
    |grp_fu_2601_p1   |  185|         42|   32|       1344|
    |grp_fu_2605_ce   |    9|          2|    1|          2|
    |grp_fu_2605_p0   |   49|          9|   32|        288|
    |grp_fu_2605_p1   |  152|         33|   32|       1056|
    |grp_fu_2609_ce   |    9|          2|    1|          2|
    |grp_fu_2609_p0   |   14|          3|   32|         96|
    |grp_fu_2609_p1   |   14|          3|   32|         96|
    +-----------------+-----+-----------+-----+-----------+
    |Total            | 3854|        761|  375|      10362|
    +-----------------+-----+-----------+-----+-----------+

    * Register: 
    +----------------------------------------------+-----+----+-----+-----------+
    |                     Name                     |  FF | LUT| Bits| Const Bits|
    +----------------------------------------------+-----+----+-----+-----------+
    |add3_i_i_i_1_reg_4245                         |   32|   0|   32|          0|
    |add3_i_i_i_i_i_i_i_i_100_reg_4270             |   32|   0|   32|          0|
    |add3_i_i_i_i_i_i_i_i_104_reg_4317             |   32|   0|   32|          0|
    |add3_i_i_i_i_i_i_i_i_108_reg_4364             |   32|   0|   32|          0|
    |add3_i_i_i_i_i_i_i_i_111_reg_4401             |   32|   0|   32|          0|
    |add3_i_i_i_i_i_i_i_i_112_reg_4416             |   32|   0|   32|          0|
    |add3_i_i_i_i_i_i_i_i_115_reg_4453             |   32|   0|   32|          0|
    |add3_i_i_i_i_i_i_i_i_116_reg_4468             |   32|   0|   32|          0|
    |add3_i_i_i_i_i_i_i_i_12_reg_3220              |   32|   0|   32|          0|
    |add3_i_i_i_i_i_i_i_i_16_reg_3267              |   32|   0|   32|          0|
    |add3_i_i_i_i_i_i_i_i_20_reg_3314              |   32|   0|   32|          0|
    |add3_i_i_i_i_i_i_i_i_24_reg_3361              |   32|   0|   32|          0|
    |add3_i_i_i_i_i_i_i_i_28_reg_3408              |   32|   0|   32|          0|
    |add3_i_i_i_i_i_i_i_i_30_reg_3435              |   32|   0|   32|          0|
    |add3_i_i_i_i_i_i_i_i_32_reg_3461              |   32|   0|   32|          0|
    |add3_i_i_i_i_i_i_i_i_36_reg_3508              |   32|   0|   32|          0|
    |add3_i_i_i_i_i_i_i_i_40_reg_3555              |   32|   0|   32|          0|
    |add3_i_i_i_i_i_i_i_i_44_reg_3602              |   32|   0|   32|          0|
    |add3_i_i_i_i_i_i_i_i_48_reg_3649              |   32|   0|   32|          0|
    |add3_i_i_i_i_i_i_i_i_52_reg_3696              |   32|   0|   32|          0|
    |add3_i_i_i_i_i_i_i_i_56_reg_3743              |   32|   0|   32|          0|
    |add3_i_i_i_i_i_i_i_i_60_reg_3790              |   32|   0|   32|          0|
    |add3_i_i_i_i_i_i_i_i_64_reg_3837              |   32|   0|   32|          0|
    |add3_i_i_i_i_i_i_i_i_68_reg_3889              |   32|   0|   32|          0|
    |add3_i_i_i_i_i_i_i_i_72_reg_3936              |   32|   0|   32|          0|
    |add3_i_i_i_i_i_i_i_i_76_reg_3983              |   32|   0|   32|          0|
    |add3_i_i_i_i_i_i_i_i_80_reg_4030              |   32|   0|   32|          0|
    |add3_i_i_i_i_i_i_i_i_84_reg_4077              |   32|   0|   32|          0|
    |add3_i_i_i_i_i_i_i_i_88_reg_4124              |   32|   0|   32|          0|
    |add3_i_i_i_i_i_i_i_i_92_reg_4171              |   32|   0|   32|          0|
    |add3_i_i_i_i_i_i_i_i_96_reg_4218              |   32|   0|   32|          0|
    |add3_i_i_i_reg_3864                           |   32|   0|   32|          0|
    |ap_CS_fsm                                     |  187|   0|  187|          0|
    |ap_return_preg                                |   32|   0|   32|          0|
    |grp_Run_Pipeline_SUM_UP_fu_2583_ap_start_reg  |    1|   0|    1|          0|
    |reg_2613                                      |   32|   0|   32|          0|
    |reg_2618                                      |   32|   0|   32|          0|
    |reg_2623                                      |   32|   0|   32|          0|
    |reg_2628                                      |   32|   0|   32|          0|
    |reg_2633                                      |   32|   0|   32|          0|
    |reg_2638                                      |   32|   0|   32|          0|
    |reg_2643                                      |   32|   0|   32|          0|
    |reg_2648                                      |   32|   0|   32|          0|
    |reg_2653                                      |   32|   0|   32|          0|
    |reg_2658                                      |   32|   0|   32|          0|
    |reg_2663                                      |   32|   0|   32|          0|
    |reg_2668                                      |   32|   0|   32|          0|
    |reg_2673                                      |   32|   0|   32|          0|
    |reg_2678                                      |   32|   0|   32|          0|
    |reg_2683                                      |   32|   0|   32|          0|
    |reg_2691                                      |   32|   0|   32|          0|
    |reg_2699                                      |   32|   0|   32|          0|
    |reg_2709                                      |   32|   0|   32|          0|
    |reg_2717                                      |   32|   0|   32|          0|
    |reg_2724                                      |   32|   0|   32|          0|
    |reg_2731                                      |   32|   0|   32|          0|
    |reg_2739                                      |   32|   0|   32|          0|
    |reg_2746                                      |   32|   0|   32|          0|
    |reg_2756                                      |   32|   0|   32|          0|
    |reg_2763                                      |   32|   0|   32|          0|
    |reg_2772                                      |   32|   0|   32|          0|
    |reg_2779                                      |   32|   0|   32|          0|
    |reg_2786                                      |   32|   0|   32|          0|
    |reg_2794                                      |   32|   0|   32|          0|
    |reg_2800                                      |   32|   0|   32|          0|
    |reg_2807                                      |   32|   0|   32|          0|
    |reg_2813                                      |   32|   0|   32|          0|
    |reg_2820                                      |   32|   0|   32|          0|
    |reg_2827                                      |   32|   0|   32|          0|
    |reg_2834                                      |   32|   0|   32|          0|
    |reg_2840                                      |   32|   0|   32|          0|
    |reg_2848                                      |   32|   0|   32|          0|
    |reg_2855                                      |   32|   0|   32|          0|
    |reg_2860                                      |   32|   0|   32|          0|
    |reg_2867                                      |   32|   0|   32|          0|
    |reg_2874                                      |   32|   0|   32|          0|
    |reg_2881                                      |   32|   0|   32|          0|
    |reg_2888                                      |   32|   0|   32|          0|
    |reg_2894                                      |   32|   0|   32|          0|
    |reg_2901                                      |   32|   0|   32|          0|
    |reg_2908                                      |   32|   0|   32|          0|
    |reg_2914                                      |   32|   0|   32|          0|
    |reg_2921                                      |   32|   0|   32|          0|
    |reg_2928                                      |   32|   0|   32|          0|
    |reg_2935                                      |   32|   0|   32|          0|
    |reg_2942                                      |   32|   0|   32|          0|
    |reg_2949                                      |   32|   0|   32|          0|
    |reg_2956                                      |   32|   0|   32|          0|
    |reg_2963                                      |   32|   0|   32|          0|
    |reg_2970                                      |   32|   0|   32|          0|
    |reg_2977                                      |   32|   0|   32|          0|
    |reg_2984                                      |   32|   0|   32|          0|
    |reg_2991                                      |   32|   0|   32|          0|
    |reg_2998                                      |   32|   0|   32|          0|
    +----------------------------------------------+-----+----+-----+-----------+
    |Total                                         | 3132|   0| 3132|          0|
    +----------------------------------------------+-----+----+-----+-----------+



================================================================
== Interface
================================================================
* Summary: 
+--------------------------+-----+------+------------+-----------------+--------------+
|         RTL Ports        | Dir | Bits |  Protocol  |  Source Object  |    C Type    |
+--------------------------+-----+------+------------+-----------------+--------------+
|ap_clk                    |   in|     1|  ap_ctrl_hs|              Run|  return value|
|ap_rst                    |   in|     1|  ap_ctrl_hs|              Run|  return value|
|ap_start                  |   in|     1|  ap_ctrl_hs|              Run|  return value|
|ap_done                   |  out|     1|  ap_ctrl_hs|              Run|  return value|
|ap_idle                   |  out|     1|  ap_ctrl_hs|              Run|  return value|
|ap_ready                  |  out|     1|  ap_ctrl_hs|              Run|  return value|
|ap_return                 |  out|    32|  ap_ctrl_hs|              Run|  return value|
|trotters_local_address0   |  out|     8|   ap_memory|   trotters_local|         array|
|trotters_local_ce0        |  out|     1|   ap_memory|   trotters_local|         array|
|trotters_local_q0         |   in|    64|   ap_memory|   trotters_local|         array|
|trotters_local1_address0  |  out|     8|   ap_memory|  trotters_local1|         array|
|trotters_local1_ce0       |  out|     1|   ap_memory|  trotters_local1|         array|
|trotters_local1_q0        |   in|    64|   ap_memory|  trotters_local1|         array|
|jcoup_local_address0      |  out|     8|   ap_memory|      jcoup_local|         array|
|jcoup_local_ce0           |  out|     1|   ap_memory|      jcoup_local|         array|
|jcoup_local_q0            |   in|  2048|   ap_memory|      jcoup_local|         array|
|jcoup_local2_address0     |  out|     8|   ap_memory|     jcoup_local2|         array|
|jcoup_local2_ce0          |  out|     1|   ap_memory|     jcoup_local2|         array|
|jcoup_local2_q0           |   in|  2048|   ap_memory|     jcoup_local2|         array|
+--------------------------+-----+------+------------+-----------------+--------------+

