

================================================================
== Vitis HLS Report for 'QuantumMonteCarloU50_Pipeline_WRITE_TROTTERS_WRITE_TROTTERS_1'
================================================================
* Date:           Sat Sep 25 09:41:06 2021

* Version:        2021.1 (Build 3247384 on Thu Jun 10 19:36:33 MDT 2021)
* Project:        SQA-Vitis
* Solution:       solution1 (Vitis Kernel Flow Target)
* Product family: virtexuplus
* Target device:  xcvu35p-fsvh2892-2-e


================================================================
== Performance Estimates
================================================================
+ Timing: 
    * Summary: 
    +--------+---------+----------+------------+
    |  Clock |  Target | Estimated| Uncertainty|
    +--------+---------+----------+------------+
    |ap_clk  |  3.33 ns|  2.433 ns|     0.90 ns|
    +--------+---------+----------+------------+

+ Latency: 
    * Summary: 
    +---------+---------+----------+----------+------+------+---------+
    |  Latency (cycles) |  Latency (absolute) |   Interval  | Pipeline|
    |   min   |   max   |    min   |    max   |  min |  max |   Type  |
    +---------+---------+----------+----------+------+------+---------+
    |     2052|     2052|  6.839 us|  6.839 us|  2052|  2052|       no|
    +---------+---------+----------+----------+------+------+---------+

    + Detail: 
        * Instance: 
        N/A

        * Loop: 
        +-----------------------------------+---------+---------+----------+-----------+-----------+------+----------+
        |                                   |  Latency (cycles) | Iteration|  Initiation Interval  | Trip |          |
        |             Loop Name             |   min   |   max   |  Latency |  achieved |   target  | Count| Pipelined|
        +-----------------------------------+---------+---------+----------+-----------+-----------+------+----------+
        |- WRITE_TROTTERS_WRITE_TROTTERS_1  |     2050|     2050|         4|          1|          1|  2048|       yes|
        +-----------------------------------+---------+---------+----------+-----------+-----------+------+----------+



================================================================
== Utilization Estimates
================================================================
* Summary: 
+---------------------+---------+------+---------+--------+-----+
|         Name        | BRAM_18K|  DSP |    FF   |   LUT  | URAM|
+---------------------+---------+------+---------+--------+-----+
|DSP                  |        -|     -|        -|       -|    -|
|Expression           |        -|     -|        0|     873|    -|
|FIFO                 |        -|     -|        -|       -|    -|
|Instance             |        -|     -|        0|      65|    -|
|Memory               |        -|     -|        -|       -|    -|
|Multiplexer          |        -|     -|        -|      81|    -|
|Register             |        -|     -|     1126|      32|    -|
+---------------------+---------+------+---------+--------+-----+
|Total                |        0|     0|     1126|    1051|    0|
+---------------------+---------+------+---------+--------+-----+
|Available SLR        |     1344|  2976|   871680|  435840|  320|
+---------------------+---------+------+---------+--------+-----+
|Utilization SLR (%)  |        0|     0|       ~0|      ~0|    0|
+---------------------+---------+------+---------+--------+-----+
|Available            |     2688|  5952|  1743360|  871680|  640|
+---------------------+---------+------+---------+--------+-----+
|Utilization (%)      |        0|     0|       ~0|      ~0|    0|
+---------------------+---------+------+---------+--------+-----+

+ Detail: 
    * Instance: 
    +---------------------+----------------+---------+----+---+----+-----+
    |       Instance      |     Module     | BRAM_18K| DSP| FF| LUT| URAM|
    +---------------------+----------------+---------+----+---+----+-----+
    |mux_165_64_1_1_U144  |mux_165_64_1_1  |        0|   0|  0|  65|    0|
    +---------------------+----------------+---------+----+---+----+-----+
    |Total                |                |        0|   0|  0|  65|    0|
    +---------------------+----------------+---------+----+---+----+-----+

    * DSP: 
    N/A

    * Memory: 
    N/A

    * FIFO: 
    N/A

    * Expression: 
    +---------------------------+----------+----+---+-----+------------+------------+
    |       Variable Name       | Operation| DSP| FF| LUT | Bitwidth P0| Bitwidth P1|
    +---------------------------+----------+----+---+-----+------------+------------+
    |add_ln351_1_fu_469_p2      |         +|   0|  0|   12|           4|           1|
    |add_ln351_fu_383_p2        |         +|   0|  0|   19|          12|           1|
    |add_ln353_fu_450_p2        |         +|   0|  0|   16|           9|           1|
    |ap_block_pp0_stage0_11001  |       and|   0|  0|    2|           1|           1|
    |ap_block_state4_io         |       and|   0|  0|    2|           1|           1|
    |icmp_ln351_fu_377_p2       |      icmp|   0|  0|   12|          12|          13|
    |icmp_ln353_fu_392_p2       |      icmp|   0|  0|   11|           9|          10|
    |icmp_ln355_fu_444_p2       |      icmp|   0|  0|    8|           3|           2|
    |select_ln351_1_fu_548_p3   |    select|   0|  0|  388|           1|           1|
    |select_ln351_2_fu_475_p3   |    select|   0|  0|    4|           1|           4|
    |select_ln351_fu_398_p3     |    select|   0|  0|    9|           1|           1|
    |select_ln355_fu_579_p3     |    select|   0|  0|  388|           1|           1|
    |ap_enable_pp0              |       xor|   0|  0|    2|           1|           2|
    +---------------------------+----------+----+---+-----+------------+------------+
    |Total                      |          |   0|  0|  873|          56|          39|
    +---------------------------+----------+----+---+-----+------------+------------+

    * Multiplexer: 
    +---------------------------------------+----+-----------+-----+-----------+
    |                  Name                 | LUT| Input Size| Bits| Total Bits|
    +---------------------------------------+----+-----------+-----+-----------+
    |ap_done_int                            |   9|          2|    1|          2|
    |ap_enable_reg_pp0_iter3                |   9|          2|    1|          2|
    |ap_sig_allocacmp_indvar_flatten7_load  |   9|          2|   12|         24|
    |ap_sig_allocacmp_ofst_load             |   9|          2|    9|         18|
    |gmem0_blk_n_W                          |   9|          2|    1|          2|
    |indvar_flatten7_fu_124                 |   9|          2|   12|         24|
    |ofst_fu_116                            |   9|          2|    9|         18|
    |phi_ln355_fu_112                       |   9|          2|  448|        896|
    |t_fu_120                               |   9|          2|    4|          8|
    +---------------------------------------+----+-----------+-----+-----------+
    |Total                                  |  81|         18|  497|        994|
    +---------------------------------------+----+-----------+-----+-----------+

    * Register: 
    +----------------------------------+-----+----+-----+-----------+
    |               Name               |  FF | LUT| Bits| Const Bits|
    +----------------------------------+-----+----+-----+-----------+
    |ap_CS_fsm                         |    1|   0|    1|          0|
    |ap_done_reg                       |    1|   0|    1|          0|
    |ap_enable_reg_pp0_iter1           |    1|   0|    1|          0|
    |ap_enable_reg_pp0_iter2           |    1|   0|    1|          0|
    |ap_enable_reg_pp0_iter3           |    1|   0|    1|          0|
    |ap_loop_exit_ready_pp0_iter1_reg  |    1|   0|    1|          0|
    |ap_loop_exit_ready_pp0_iter2_reg  |    1|   0|    1|          0|
    |icmp_ln351_reg_624                |    1|   0|    1|          0|
    |icmp_ln351_reg_624_pp0_iter1_reg  |    1|   0|    1|          0|
    |icmp_ln353_reg_628                |    1|   0|    1|          0|
    |icmp_ln353_reg_628_pp0_iter1_reg  |    1|   0|    1|          0|
    |icmp_ln355_reg_719                |    1|   0|    1|          0|
    |indvar_flatten7_fu_124            |   12|   0|   12|          0|
    |ofst_fu_116                       |    9|   0|    9|          0|
    |or_ln_reg_735                     |  512|   0|  512|          0|
    |phi_ln355_fu_112                  |  448|   0|  448|          0|
    |t_fu_120                          |    4|   0|    4|          0|
    |tmp_reg_724                       |   64|   0|   64|          0|
    |trunc_ln355_reg_634               |    1|   0|    1|          0|
    |icmp_ln355_reg_719                |   64|  32|    1|          0|
    +----------------------------------+-----+----+-----+-----------+
    |Total                             | 1126|  32| 1063|          0|
    +----------------------------------+-----+----+-----+-----------+



================================================================
== Interface
================================================================
* Summary: 
+-------------------------------+-----+-----+------------+---------------------------------------------------------------+--------------+
|           RTL Ports           | Dir | Bits|  Protocol  |                         Source Object                         |    C Type    |
+-------------------------------+-----+-----+------------+---------------------------------------------------------------+--------------+
|ap_clk                         |   in|    1|  ap_ctrl_hs|  QuantumMonteCarloU50_Pipeline_WRITE_TROTTERS_WRITE_TROTTERS_1|  return value|
|ap_rst                         |   in|    1|  ap_ctrl_hs|  QuantumMonteCarloU50_Pipeline_WRITE_TROTTERS_WRITE_TROTTERS_1|  return value|
|ap_start                       |   in|    1|  ap_ctrl_hs|  QuantumMonteCarloU50_Pipeline_WRITE_TROTTERS_WRITE_TROTTERS_1|  return value|
|ap_done                        |  out|    1|  ap_ctrl_hs|  QuantumMonteCarloU50_Pipeline_WRITE_TROTTERS_WRITE_TROTTERS_1|  return value|
|ap_idle                        |  out|    1|  ap_ctrl_hs|  QuantumMonteCarloU50_Pipeline_WRITE_TROTTERS_WRITE_TROTTERS_1|  return value|
|ap_ready                       |  out|    1|  ap_ctrl_hs|  QuantumMonteCarloU50_Pipeline_WRITE_TROTTERS_WRITE_TROTTERS_1|  return value|
|m_axi_gmem0_AWVALID            |  out|    1|       m_axi|                                                          gmem0|       pointer|
|m_axi_gmem0_AWREADY            |   in|    1|       m_axi|                                                          gmem0|       pointer|
|m_axi_gmem0_AWADDR             |  out|   64|       m_axi|                                                          gmem0|       pointer|
|m_axi_gmem0_AWID               |  out|    1|       m_axi|                                                          gmem0|       pointer|
|m_axi_gmem0_AWLEN              |  out|   32|       m_axi|                                                          gmem0|       pointer|
|m_axi_gmem0_AWSIZE             |  out|    3|       m_axi|                                                          gmem0|       pointer|
|m_axi_gmem0_AWBURST            |  out|    2|       m_axi|                                                          gmem0|       pointer|
|m_axi_gmem0_AWLOCK             |  out|    2|       m_axi|                                                          gmem0|       pointer|
|m_axi_gmem0_AWCACHE            |  out|    4|       m_axi|                                                          gmem0|       pointer|
|m_axi_gmem0_AWPROT             |  out|    3|       m_axi|                                                          gmem0|       pointer|
|m_axi_gmem0_AWQOS              |  out|    4|       m_axi|                                                          gmem0|       pointer|
|m_axi_gmem0_AWREGION           |  out|    4|       m_axi|                                                          gmem0|       pointer|
|m_axi_gmem0_AWUSER             |  out|    1|       m_axi|                                                          gmem0|       pointer|
|m_axi_gmem0_WVALID             |  out|    1|       m_axi|                                                          gmem0|       pointer|
|m_axi_gmem0_WREADY             |   in|    1|       m_axi|                                                          gmem0|       pointer|
|m_axi_gmem0_WDATA              |  out|  512|       m_axi|                                                          gmem0|       pointer|
|m_axi_gmem0_WSTRB              |  out|   64|       m_axi|                                                          gmem0|       pointer|
|m_axi_gmem0_WLAST              |  out|    1|       m_axi|                                                          gmem0|       pointer|
|m_axi_gmem0_WID                |  out|    1|       m_axi|                                                          gmem0|       pointer|
|m_axi_gmem0_WUSER              |  out|    1|       m_axi|                                                          gmem0|       pointer|
|m_axi_gmem0_ARVALID            |  out|    1|       m_axi|                                                          gmem0|       pointer|
|m_axi_gmem0_ARREADY            |   in|    1|       m_axi|                                                          gmem0|       pointer|
|m_axi_gmem0_ARADDR             |  out|   64|       m_axi|                                                          gmem0|       pointer|
|m_axi_gmem0_ARID               |  out|    1|       m_axi|                                                          gmem0|       pointer|
|m_axi_gmem0_ARLEN              |  out|   32|       m_axi|                                                          gmem0|       pointer|
|m_axi_gmem0_ARSIZE             |  out|    3|       m_axi|                                                          gmem0|       pointer|
|m_axi_gmem0_ARBURST            |  out|    2|       m_axi|                                                          gmem0|       pointer|
|m_axi_gmem0_ARLOCK             |  out|    2|       m_axi|                                                          gmem0|       pointer|
|m_axi_gmem0_ARCACHE            |  out|    4|       m_axi|                                                          gmem0|       pointer|
|m_axi_gmem0_ARPROT             |  out|    3|       m_axi|                                                          gmem0|       pointer|
|m_axi_gmem0_ARQOS              |  out|    4|       m_axi|                                                          gmem0|       pointer|
|m_axi_gmem0_ARREGION           |  out|    4|       m_axi|                                                          gmem0|       pointer|
|m_axi_gmem0_ARUSER             |  out|    1|       m_axi|                                                          gmem0|       pointer|
|m_axi_gmem0_RVALID             |   in|    1|       m_axi|                                                          gmem0|       pointer|
|m_axi_gmem0_RREADY             |  out|    1|       m_axi|                                                          gmem0|       pointer|
|m_axi_gmem0_RDATA              |   in|  512|       m_axi|                                                          gmem0|       pointer|
|m_axi_gmem0_RLAST              |   in|    1|       m_axi|                                                          gmem0|       pointer|
|m_axi_gmem0_RID                |   in|    1|       m_axi|                                                          gmem0|       pointer|
|m_axi_gmem0_RUSER              |   in|    1|       m_axi|                                                          gmem0|       pointer|
|m_axi_gmem0_RRESP              |   in|    2|       m_axi|                                                          gmem0|       pointer|
|m_axi_gmem0_BVALID             |   in|    1|       m_axi|                                                          gmem0|       pointer|
|m_axi_gmem0_BREADY             |  out|    1|       m_axi|                                                          gmem0|       pointer|
|m_axi_gmem0_BRESP              |   in|    2|       m_axi|                                                          gmem0|       pointer|
|m_axi_gmem0_BID                |   in|    1|       m_axi|                                                          gmem0|       pointer|
|m_axi_gmem0_BUSER              |   in|    1|       m_axi|                                                          gmem0|       pointer|
|sext_ln260                     |   in|   58|     ap_none|                                                     sext_ln260|        scalar|
|trotters_local_V_0_0_address0  |  out|    7|   ap_memory|                                           trotters_local_V_0_0|         array|
|trotters_local_V_0_0_ce0       |  out|    1|   ap_memory|                                           trotters_local_V_0_0|         array|
|trotters_local_V_0_0_q0        |   in|   64|   ap_memory|                                           trotters_local_V_0_0|         array|
|trotters_local_V_0_1_address0  |  out|    7|   ap_memory|                                           trotters_local_V_0_1|         array|
|trotters_local_V_0_1_ce0       |  out|    1|   ap_memory|                                           trotters_local_V_0_1|         array|
|trotters_local_V_0_1_q0        |   in|   64|   ap_memory|                                           trotters_local_V_0_1|         array|
|trotters_local_V_1_0_address0  |  out|    7|   ap_memory|                                           trotters_local_V_1_0|         array|
|trotters_local_V_1_0_ce0       |  out|    1|   ap_memory|                                           trotters_local_V_1_0|         array|
|trotters_local_V_1_0_q0        |   in|   64|   ap_memory|                                           trotters_local_V_1_0|         array|
|trotters_local_V_1_1_address0  |  out|    7|   ap_memory|                                           trotters_local_V_1_1|         array|
|trotters_local_V_1_1_ce0       |  out|    1|   ap_memory|                                           trotters_local_V_1_1|         array|
|trotters_local_V_1_1_q0        |   in|   64|   ap_memory|                                           trotters_local_V_1_1|         array|
|trotters_local_V_2_0_address0  |  out|    7|   ap_memory|                                           trotters_local_V_2_0|         array|
|trotters_local_V_2_0_ce0       |  out|    1|   ap_memory|                                           trotters_local_V_2_0|         array|
|trotters_local_V_2_0_q0        |   in|   64|   ap_memory|                                           trotters_local_V_2_0|         array|
|trotters_local_V_2_1_address0  |  out|    7|   ap_memory|                                           trotters_local_V_2_1|         array|
|trotters_local_V_2_1_ce0       |  out|    1|   ap_memory|                                           trotters_local_V_2_1|         array|
|trotters_local_V_2_1_q0        |   in|   64|   ap_memory|                                           trotters_local_V_2_1|         array|
|trotters_local_V_3_0_address0  |  out|    7|   ap_memory|                                           trotters_local_V_3_0|         array|
|trotters_local_V_3_0_ce0       |  out|    1|   ap_memory|                                           trotters_local_V_3_0|         array|
|trotters_local_V_3_0_q0        |   in|   64|   ap_memory|                                           trotters_local_V_3_0|         array|
|trotters_local_V_3_1_address0  |  out|    7|   ap_memory|                                           trotters_local_V_3_1|         array|
|trotters_local_V_3_1_ce0       |  out|    1|   ap_memory|                                           trotters_local_V_3_1|         array|
|trotters_local_V_3_1_q0        |   in|   64|   ap_memory|                                           trotters_local_V_3_1|         array|
|trotters_local_V_4_0_address0  |  out|    7|   ap_memory|                                           trotters_local_V_4_0|         array|
|trotters_local_V_4_0_ce0       |  out|    1|   ap_memory|                                           trotters_local_V_4_0|         array|
|trotters_local_V_4_0_q0        |   in|   64|   ap_memory|                                           trotters_local_V_4_0|         array|
|trotters_local_V_4_1_address0  |  out|    7|   ap_memory|                                           trotters_local_V_4_1|         array|
|trotters_local_V_4_1_ce0       |  out|    1|   ap_memory|                                           trotters_local_V_4_1|         array|
|trotters_local_V_4_1_q0        |   in|   64|   ap_memory|                                           trotters_local_V_4_1|         array|
|trotters_local_V_5_0_address0  |  out|    7|   ap_memory|                                           trotters_local_V_5_0|         array|
|trotters_local_V_5_0_ce0       |  out|    1|   ap_memory|                                           trotters_local_V_5_0|         array|
|trotters_local_V_5_0_q0        |   in|   64|   ap_memory|                                           trotters_local_V_5_0|         array|
|trotters_local_V_5_1_address0  |  out|    7|   ap_memory|                                           trotters_local_V_5_1|         array|
|trotters_local_V_5_1_ce0       |  out|    1|   ap_memory|                                           trotters_local_V_5_1|         array|
|trotters_local_V_5_1_q0        |   in|   64|   ap_memory|                                           trotters_local_V_5_1|         array|
|trotters_local_V_6_0_address0  |  out|    7|   ap_memory|                                           trotters_local_V_6_0|         array|
|trotters_local_V_6_0_ce0       |  out|    1|   ap_memory|                                           trotters_local_V_6_0|         array|
|trotters_local_V_6_0_q0        |   in|   64|   ap_memory|                                           trotters_local_V_6_0|         array|
|trotters_local_V_6_1_address0  |  out|    7|   ap_memory|                                           trotters_local_V_6_1|         array|
|trotters_local_V_6_1_ce0       |  out|    1|   ap_memory|                                           trotters_local_V_6_1|         array|
|trotters_local_V_6_1_q0        |   in|   64|   ap_memory|                                           trotters_local_V_6_1|         array|
|trotters_local_V_7_0_address0  |  out|    7|   ap_memory|                                           trotters_local_V_7_0|         array|
|trotters_local_V_7_0_ce0       |  out|    1|   ap_memory|                                           trotters_local_V_7_0|         array|
|trotters_local_V_7_0_q0        |   in|   64|   ap_memory|                                           trotters_local_V_7_0|         array|
|trotters_local_V_7_1_address0  |  out|    7|   ap_memory|                                           trotters_local_V_7_1|         array|
|trotters_local_V_7_1_ce0       |  out|    1|   ap_memory|                                           trotters_local_V_7_1|         array|
|trotters_local_V_7_1_q0        |   in|   64|   ap_memory|                                           trotters_local_V_7_1|         array|
+-------------------------------+-----+-----+------------+---------------------------------------------------------------+--------------+

