

================================================================
== Vitis HLS Report for 'RunFinal'
================================================================
* Date:           Sat Sep 25 09:41:04 2021

* Version:        2021.1 (Build 3247384 on Thu Jun 10 19:36:33 MDT 2021)
* Project:        SQA-Vitis
* Solution:       solution1 (Vitis Kernel Flow Target)
* Product family: virtexuplus
* Target device:  xcvu35p-fsvh2892-2-e


================================================================
== Performance Estimates
================================================================
+ Timing: 
    * Summary: 
    +--------+---------+----------+------------+
    |  Clock |  Target | Estimated| Uncertainty|
    +--------+---------+----------+------------+
    |ap_clk  |  3.33 ns|  2.342 ns|     0.90 ns|
    +--------+---------+----------+------------+

+ Latency: 
    * Summary: 
    +---------+---------+----------+-----------+-----+-----+---------+
    |  Latency (cycles) |  Latency (absolute)  |  Interval | Pipeline|
    |   min   |   max   |    min   |    max    | min | max |   Type  |
    +---------+---------+----------+-----------+-----+-----+---------+
    |        1|       22|  3.333 ns|  73.326 ns|    1|   22|       no|
    +---------+---------+----------+-----------+-----+-----+---------+

    + Detail: 
        * Instance: 
        N/A

        * Loop: 
        N/A



================================================================
== Utilization Estimates
================================================================
* Summary: 
+---------------------+---------+------+---------+--------+-----+
|         Name        | BRAM_18K|  DSP |    FF   |   LUT  | URAM|
+---------------------+---------+------+---------+--------+-----+
|DSP                  |        -|     -|        -|       -|    -|
|Expression           |        -|     -|        0|     255|    -|
|FIFO                 |        -|     -|        -|       -|    -|
|Instance             |        -|     5|      461|     276|    -|
|Memory               |        -|     -|        -|       -|    -|
|Multiplexer          |        -|     -|        -|     202|    -|
|Register             |        -|     -|      339|       -|    -|
+---------------------+---------+------+---------+--------+-----+
|Total                |        0|     5|      800|     733|    0|
+---------------------+---------+------+---------+--------+-----+
|Available SLR        |     1344|  2976|   871680|  435840|  320|
+---------------------+---------+------+---------+--------+-----+
|Utilization SLR (%)  |        0|    ~0|       ~0|      ~0|    0|
+---------------------+---------+------+---------+--------+-----+
|Available            |     2688|  5952|  1743360|  871680|  640|
+---------------------+---------+------+---------+--------+-----+
|Utilization (%)      |        0|    ~0|       ~0|      ~0|    0|
+---------------------+---------+------+---------+--------+-----+

+ Detail: 
    * Instance: 
    +-------------------------------------+--------------------------------+---------+----+-----+-----+-----+
    |               Instance              |             Module             | BRAM_18K| DSP|  FF | LUT | URAM|
    +-------------------------------------+--------------------------------+---------+----+-----+-----+-----+
    |fadd_32ns_32ns_32_7_full_dsp_1_U107  |fadd_32ns_32ns_32_7_full_dsp_1  |        0|   2|  318|  198|    0|
    |fcmp_32ns_32ns_1_2_no_dsp_1_U110     |fcmp_32ns_32ns_1_2_no_dsp_1     |        0|   0|    0|    0|    0|
    |fdiv_32ns_32ns_32_12_no_dsp_1_U109   |fdiv_32ns_32ns_32_12_no_dsp_1   |        0|   0|    0|    0|    0|
    |fmul_32ns_32ns_32_4_max_dsp_1_U108   |fmul_32ns_32ns_32_4_max_dsp_1   |        0|   3|  143|   78|    0|
    +-------------------------------------+--------------------------------+---------+----+-----+-----+-----+
    |Total                                |                                |        0|   5|  461|  276|    0|
    +-------------------------------------+--------------------------------+---------+----+-----+-----+-----+

    * DSP: 
    N/A

    * Memory: 
    N/A

    * FIFO: 
    N/A

    * Expression: 
    +------------------------+----------+----+---+----+------------+------------+
    |      Variable Name     | Operation| DSP| FF| LUT| Bitwidth P0| Bitwidth P1|
    +------------------------+----------+----+---+----+------------+------------+
    |and_ln178_fu_240_p2     |       and|   0|  0|   2|           1|           1|
    |and_ln202_1_fu_411_p2   |       and|   0|  0|   2|           1|           1|
    |and_ln202_fu_405_p2     |       and|   0|  0|   2|           1|           1|
    |icmp_ln178_1_fu_234_p2  |      icmp|   0|  0|  12|          15|          15|
    |icmp_ln178_fu_214_p2    |      icmp|   0|  0|  12|          15|          15|
    |icmp_ln202_1_fu_379_p2  |      icmp|   0|  0|  16|          23|           1|
    |icmp_ln202_2_fu_385_p2  |      icmp|   0|  0|  11|           8|           2|
    |icmp_ln202_3_fu_391_p2  |      icmp|   0|  0|  16|          23|           1|
    |icmp_ln202_fu_373_p2    |      icmp|   0|  0|  11|           8|           2|
    |or_ln202_1_fu_401_p2    |        or|   0|  0|   2|           1|           1|
    |or_ln202_fu_397_p2      |        or|   0|  0|   2|           1|           1|
    |dh_tmp_1_fu_258_p3      |    select|   0|  0|  32|           1|          32|
    |dh_tmp_5_fu_329_p3      |    select|   0|  0|  32|           1|          32|
    |p_Val2_s_fu_283_p3      |    select|   0|  0|  63|           1|          64|
    |select_ln187_fu_246_p3  |    select|   0|  0|  32|           1|          32|
    |p_Repl2_s_fu_309_p2     |       xor|   0|  0|   2|           1|           2|
    |r_fu_417_p2             |       xor|   0|  0|   2|           1|           2|
    |xor_ln1049_fu_254_p2    |       xor|   0|  0|   2|           1|           1|
    |xor_ln178_fu_220_p2     |       xor|   0|  0|   2|           1|           2|
    +------------------------+----------+----+---+----+------------+------------+
    |Total                   |          |   0|  0| 255|         105|         208|
    +------------------------+----------+----+---+----+------------+------------+

    * Multiplexer: 
    +--------------------------+-----+-----------+-----+-----------+
    |           Name           | LUT | Input Size| Bits| Total Bits|
    +--------------------------+-----+-----------+-----+-----------+
    |ap_NS_fsm                 |  118|         24|    1|         24|
    |grp_fu_176_p0             |   14|          3|   32|         96|
    |grp_fu_176_p1             |   14|          3|   32|         96|
    |grp_fu_180_p0             |   14|          3|   32|         96|
    |grp_fu_180_p1             |   14|          3|   32|         96|
    |trotters_local1_address0  |   14|          3|    7|         21|
    |trotters_local_address0   |   14|          3|    7|         21|
    +--------------------------+-----+-----------+-----+-----------+
    |Total                     |  202|         42|  143|        450|
    +--------------------------+-----+-----------+-----+-----------+

    * Register: 
    +------------------------------+----+----+-----+-----------+
    |             Name             | FF | LUT| Bits| Const Bits|
    +------------------------------+----+----+-----+-----------+
    |and_ln178_reg_477             |   1|   0|    1|          0|
    |and_ln202_1_reg_547           |   1|   0|    1|          0|
    |ap_CS_fsm                     |  23|   0|   23|          0|
    |dh_tmp_1_reg_486              |  32|   0|   32|          0|
    |div_reg_491                   |  32|   0|   32|          0|
    |icmp_ln202_1_reg_532          |   1|   0|    1|          0|
    |icmp_ln202_2_reg_537          |   1|   0|    1|          0|
    |icmp_ln202_3_reg_542          |   1|   0|    1|          0|
    |icmp_ln202_reg_527            |   1|   0|    1|          0|
    |p_Result_128_reg_516          |   1|   0|    1|          0|
    |p_Result_s_reg_551            |  64|   0|   64|          0|
    |p_Val2_s_reg_511              |  64|   0|   64|          0|
    |reg_196                       |  32|   0|   32|          0|
    |reg_200                       |  32|   0|   32|          0|
    |select_ln187_reg_481          |  32|   0|   32|          0|
    |state_i_spin_cast_reg_471     |   6|   0|   32|         26|
    |trotters_local1_addr_reg_506  |   7|   0|    7|          0|
    |trotters_local_addr_reg_501   |   7|   0|    7|          0|
    |trunc_ln819_reg_496           |   1|   0|    1|          0|
    +------------------------------+----+----+-----+-----------+
    |Total                         | 339|   0|  365|         26|
    +------------------------------+----+----+-----+-----------+



================================================================
== Interface
================================================================
* Summary: 
+--------------------------+-----+-----+------------+----------------------+--------------+
|         RTL Ports        | Dir | Bits|  Protocol  |     Source Object    |    C Type    |
+--------------------------+-----+-----+------------+----------------------+--------------+
|ap_clk                    |   in|    1|  ap_ctrl_hs|              RunFinal|  return value|
|ap_rst                    |   in|    1|  ap_ctrl_hs|              RunFinal|  return value|
|ap_start                  |   in|    1|  ap_ctrl_hs|              RunFinal|  return value|
|ap_done                   |  out|    1|  ap_ctrl_hs|              RunFinal|  return value|
|ap_idle                   |  out|    1|  ap_ctrl_hs|              RunFinal|  return value|
|ap_ready                  |  out|    1|  ap_ctrl_hs|              RunFinal|  return value|
|stage                     |   in|   15|     ap_none|                 stage|        scalar|
|info_t_offset             |   in|    3|     ap_none|         info_t_offset|        scalar|
|info_beta                 |   in|   32|     ap_none|             info_beta|        scalar|
|info_dh_tunnel            |   in|   32|     ap_none|        info_dh_tunnel|        scalar|
|info_neg_dh_tunnel        |   in|   32|     ap_none|    info_neg_dh_tunnel|        scalar|
|state_i_pack              |   in|    8|     ap_none|          state_i_pack|        scalar|
|state_i_spin              |   in|    6|     ap_none|          state_i_spin|        scalar|
|state_up_spin             |   in|    1|     ap_none|         state_up_spin|        scalar|
|state_down_spin           |   in|    1|     ap_none|       state_down_spin|        scalar|
|state_h_local             |   in|   32|     ap_none|         state_h_local|        scalar|
|state_log_rand_local      |   in|   32|     ap_none|  state_log_rand_local|        scalar|
|dh                        |   in|   32|     ap_none|                    dh|        scalar|
|trotters_local_address0   |  out|    7|   ap_memory|        trotters_local|         array|
|trotters_local_ce0        |  out|    1|   ap_memory|        trotters_local|         array|
|trotters_local_we0        |  out|    1|   ap_memory|        trotters_local|         array|
|trotters_local_d0         |  out|   64|   ap_memory|        trotters_local|         array|
|trotters_local_q0         |   in|   64|   ap_memory|        trotters_local|         array|
|trotters_local1_address0  |  out|    7|   ap_memory|       trotters_local1|         array|
|trotters_local1_ce0       |  out|    1|   ap_memory|       trotters_local1|         array|
|trotters_local1_we0       |  out|    1|   ap_memory|       trotters_local1|         array|
|trotters_local1_d0        |  out|   64|   ap_memory|       trotters_local1|         array|
|trotters_local1_q0        |   in|   64|   ap_memory|       trotters_local1|         array|
+--------------------------+-----+-----+------------+----------------------+--------------+

