

================================================================
== Vitis HLS Report for 'QuantumMonteCarloU50'
================================================================
* Date:           Tue Aug 24 17:36:49 2021

* Version:        2021.1 (Build 3247384 on Thu Jun 10 19:36:07 MDT 2021)
* Project:        QuantumMonteCarloU50
* Solution:       solution (Vitis Kernel Flow Target)
* Product family: virtexuplus
* Target device:  xcu50-fsvh2104-2-e


================================================================
== Performance Estimates
================================================================
+ Timing: 
    * Summary: 
    +--------+---------+----------+------------+
    |  Clock |  Target | Estimated| Uncertainty|
    +--------+---------+----------+------------+
    |ap_clk  |  3.33 ns|  2.614 ns|     0.90 ns|
    +--------+---------+----------+------------+

+ Latency: 
    * Summary: 
    +---------+---------+----------+-----------+---------+---------+---------+
    |  Latency (cycles) |  Latency (absolute)  |      Interval     | Pipeline|
    |   min   |   max   |    min   |    max    |   min   |   max   |   Type  |
    +---------+---------+----------+-----------+---------+---------+---------+
    |  1408156|  5667017|  4.693 ms|  18.888 ms|  1408157|  5667018|       no|
    +---------+---------+----------+-----------+---------+---------+---------+

    + Detail: 
        * Instance: 
        +--------------------------------------------------------------------------+---------------------------------------------------------------+---------+---------+----------+-----------+------+------+---------+
        |                                                                          |                                                               |  Latency (cycles) |  Latency (absolute)  |   Interval  | Pipeline|
        |                                 Instance                                 |                             Module                            |   min   |   max   |    min   |    max    |  min |  max |   Type  |
        +--------------------------------------------------------------------------+---------------------------------------------------------------+---------+---------+----------+-----------+------+------+---------+
        |grp_QuantumMonteCarloU50_Pipeline_READ_TROTTERS_VITIS_LOOP_195_1_fu_536   |QuantumMonteCarloU50_Pipeline_READ_TROTTERS_VITIS_LOOP_195_1   |     1027|     1027|  3.423 us|   3.423 us|  1027|  1027|       no|
        |grp_QuantumMonteCarloU50_Pipeline_READ_NEW_JCOUP_fu_547                   |QuantumMonteCarloU50_Pipeline_READ_NEW_JCOUP                   |      259|      259|  0.863 us|   0.863 us|   259|   259|       no|
        |grp_TrotterUnit_fu_555                                                    |TrotterUnit                                                    |        1|      356|  3.333 ns|   1.187 us|     1|   356|       no|
        |grp_TrotterUnit_fu_569                                                    |TrotterUnit                                                    |        1|      356|  3.333 ns|   1.187 us|     1|   356|       no|
        |grp_TrotterUnit_fu_583                                                    |TrotterUnit                                                    |        1|      356|  3.333 ns|   1.187 us|     1|   356|       no|
        |grp_TrotterUnit_fu_597                                                    |TrotterUnit                                                    |        1|      356|  3.333 ns|   1.187 us|     1|   356|       no|
        |grp_TrotterUnitFinal_fu_611                                               |TrotterUnitFinal                                               |        1|       15|  3.333 ns|  49.995 ns|     1|    15|       no|
        |grp_TrotterUnitFinal_fu_628                                               |TrotterUnitFinal                                               |        1|       15|  3.333 ns|  49.995 ns|     1|    15|       no|
        |grp_TrotterUnitFinal_fu_645                                               |TrotterUnitFinal                                               |        1|       15|  3.333 ns|  49.995 ns|     1|    15|       no|
        |grp_TrotterUnitFinal_fu_662                                               |TrotterUnitFinal                                               |        1|       15|  3.333 ns|  49.995 ns|     1|    15|       no|
        |grp_QuantumMonteCarloU50_Pipeline_SHIFT_JCOUP_fu_679                      |QuantumMonteCarloU50_Pipeline_SHIFT_JCOUP                      |      258|      258|  0.860 us|   0.860 us|   258|   258|       no|
        |grp_QuantumMonteCarloU50_Pipeline_WRITE_TROTTERS_VITIS_LOOP_281_3_fu_687  |QuantumMonteCarloU50_Pipeline_WRITE_TROTTERS_VITIS_LOOP_281_3  |     1028|     1028|  3.426 us|   3.426 us|  1028|  1028|       no|
        +--------------------------------------------------------------------------+---------------------------------------------------------------+---------+---------+----------+-----------+------+------+---------+

        * Loop: 
        +--------------+---------+---------+------------+-----------+-----------+------+----------+
        |              |  Latency (cycles) |  Iteration |  Initiation Interval  | Trip |          |
        |   Loop Name  |   min   |   max   |   Latency  |  achieved |   target  | Count| Pipelined|
        +--------------+---------+---------+------------+-----------+-----------+------+----------+
        |- LOOP_STAGE  |  1405957|  5664818|  343 ~ 1382|          -|          -|  4099|        no|
        | + LOOP_STEP  |        6|      716|     3 ~ 358|          -|          -|     2|        no|
        +--------------+---------+---------+------------+-----------+-----------+------+----------+



================================================================
== Utilization Estimates
================================================================
* Summary: 
+---------------------+---------+------+---------+--------+-----+
|         Name        | BRAM_18K|  DSP |    FF   |   LUT  | URAM|
+---------------------+---------+------+---------+--------+-----+
|DSP                  |        -|     -|        -|       -|    -|
|Expression           |        -|     -|        0|   18286|    -|
|FIFO                 |        -|     -|        -|       -|    -|
|Instance             |      120|   543|   508308|  276405|    0|
|Memory               |       36|     -|        0|       0|    0|
|Multiplexer          |        -|     -|        -|    2695|    -|
|Register             |        -|     -|     5918|       -|    -|
+---------------------+---------+------+---------+--------+-----+
|Total                |      156|   543|   514226|  297386|    0|
+---------------------+---------+------+---------+--------+-----+
|Available SLR        |     1344|  2976|   871680|  435840|  320|
+---------------------+---------+------+---------+--------+-----+
|Utilization SLR (%)  |       11|    18|       58|      68|    0|
+---------------------+---------+------+---------+--------+-----+
|Available            |     2688|  5952|  1743360|  871680|  640|
+---------------------+---------+------+---------+--------+-----+
|Utilization (%)      |        5|     9|       29|      34|    0|
+---------------------+---------+------+---------+--------+-----+

+ Detail: 
    * Instance: 
    +--------------------------------------------------------------------------+---------------------------------------------------------------+---------+-----+--------+-------+-----+
    |                                 Instance                                 |                             Module                            | BRAM_18K| DSP |   FF   |  LUT  | URAM|
    +--------------------------------------------------------------------------+---------------------------------------------------------------+---------+-----+--------+-------+-----+
    |grp_QuantumMonteCarloU50_Pipeline_READ_NEW_JCOUP_fu_547                   |QuantumMonteCarloU50_Pipeline_READ_NEW_JCOUP                   |        0|    0|     545|     78|    0|
    |grp_QuantumMonteCarloU50_Pipeline_READ_TROTTERS_VITIS_LOOP_195_1_fu_536   |QuantumMonteCarloU50_Pipeline_READ_TROTTERS_VITIS_LOOP_195_1   |        0|    0|    1060|    609|    0|
    |grp_QuantumMonteCarloU50_Pipeline_SHIFT_JCOUP_fu_679                      |QuantumMonteCarloU50_Pipeline_SHIFT_JCOUP                      |        0|    0|      37|     65|    0|
    |grp_QuantumMonteCarloU50_Pipeline_WRITE_TROTTERS_VITIS_LOOP_281_3_fu_687  |QuantumMonteCarloU50_Pipeline_WRITE_TROTTERS_VITIS_LOOP_281_3  |        0|    0|    1123|   1063|    0|
    |grp_TrotterUnit_fu_555                                                    |TrotterUnit                                                    |        0|  128|  123830|  66077|    0|
    |grp_TrotterUnit_fu_569                                                    |TrotterUnit                                                    |        0|  128|  123830|  66077|    0|
    |grp_TrotterUnit_fu_583                                                    |TrotterUnit                                                    |        0|  128|  123830|  66077|    0|
    |grp_TrotterUnit_fu_597                                                    |TrotterUnit                                                    |        0|  128|  123830|  66077|    0|
    |grp_TrotterUnitFinal_fu_611                                               |TrotterUnitFinal                                               |        0|    7|    1007|    796|    0|
    |grp_TrotterUnitFinal_fu_628                                               |TrotterUnitFinal                                               |        0|    7|    1007|    796|    0|
    |grp_TrotterUnitFinal_fu_645                                               |TrotterUnitFinal                                               |        0|    7|    1007|    796|    0|
    |grp_TrotterUnitFinal_fu_662                                               |TrotterUnitFinal                                               |        0|    7|    1007|    796|    0|
    |control_s_axi_U                                                           |control_s_axi                                                  |        0|    0|     392|    680|    0|
    |fmul_32ns_32ns_32_4_max_dsp_1_U115                                        |fmul_32ns_32ns_32_4_max_dsp_1                                  |        0|    3|     143|     78|    0|
    |gmem0_m_axi_U                                                             |gmem0_m_axi                                                    |       30|    0|    1415|   1585|    0|
    |gmem1_m_axi_U                                                             |gmem1_m_axi                                                    |       30|    0|    1415|   1585|    0|
    |gmem2_m_axi_U                                                             |gmem2_m_axi                                                    |       30|    0|    1415|   1585|    0|
    |gmem3_m_axi_U                                                             |gmem3_m_axi                                                    |       30|    0|    1415|   1585|    0|
    +--------------------------------------------------------------------------+---------------------------------------------------------------+---------+-----+--------+-------+-----+
    |Total                                                                     |                                                               |      120|  543|  508308| 276405|    0|
    +--------------------------------------------------------------------------+---------------------------------------------------------------+---------+-----+--------+-------+-----+

    * DSP: 
    N/A

    * Memory: 
    +---------------------+-------------------+---------+---+----+-----+------+-----+------+-------------+
    |        Memory       |       Module      | BRAM_18K| FF| LUT| URAM| Words| Bits| Banks| W*Bits*Banks|
    +---------------------+-------------------+---------+---+----+-----+------+-----+------+-------------+
    |JcoupLocal_0_U       |JcoupLocal_0       |        8|  0|   0|    0|   256|  512|     1|       131072|
    |JcoupLocal_1_U       |JcoupLocal_0       |        8|  0|   0|    0|   256|  512|     1|       131072|
    |JcoupLocal_2_U       |JcoupLocal_0       |        8|  0|   0|    0|   256|  512|     1|       131072|
    |JcoupLocal_3_U       |JcoupLocal_0       |        8|  0|   0|    0|   256|  512|     1|       131072|
    |trottersLocal_V_0_U  |trottersLocal_V_0  |        1|  0|   0|    0|   256|   16|     1|         4096|
    |trottersLocal_V_1_U  |trottersLocal_V_0  |        1|  0|   0|    0|   256|   16|     1|         4096|
    |trottersLocal_V_2_U  |trottersLocal_V_0  |        1|  0|   0|    0|   256|   16|     1|         4096|
    |trottersLocal_V_3_U  |trottersLocal_V_0  |        1|  0|   0|    0|   256|   16|     1|         4096|
    +---------------------+-------------------+---------+---+----+-----+------+-----+------+-------------+
    |Total                |                   |       36|  0|   0|    0|  2048| 2112|     8|       540672|
    +---------------------+-------------------+---------+---+----+-----+------+-----+------+-------------+

    * FIFO: 
    N/A

    * Expression: 
    +-----------------------------------+----------+----+---+------+------------+------------+
    |           Variable Name           | Operation| DSP| FF|  LUT | Bitwidth P0| Bitwidth P1|
    +-----------------------------------+----------+----+---+------+------------+------------+
    |Ofst_1_fu_817_p2                   |         +|   0|  0|    19|          12|           2|
    |Ofst_2_fu_912_p2                   |         +|   0|  0|    19|          12|           3|
    |Ofst_3_fu_987_p2                   |         +|   0|  0|    19|          12|           3|
    |add_ln214_fu_745_p2                |         +|   0|  0|    20|          13|           1|
    |add_ln223_fu_1239_p2               |         +|   0|  0|    71|          64|          64|
    |add_ln234_1_fu_848_p2              |         +|   0|  0|    71|          64|          64|
    |add_ln234_2_fu_943_p2              |         +|   0|  0|    71|          64|          64|
    |add_ln234_3_fu_1018_p2             |         +|   0|  0|    71|          64|          64|
    |add_ln234_4_fu_1117_p2             |         +|   0|  0|    13|           6|           6|
    |add_ln234_5_fu_1176_p2             |         +|   0|  0|    13|           6|           6|
    |add_ln234_6_fu_1276_p2             |         +|   0|  0|    13|           6|           6|
    |add_ln234_7_fu_1340_p2             |         +|   0|  0|    13|           6|           6|
    |add_ln234_fu_767_p2                |         +|   0|  0|    71|          64|          64|
    |add_ln235_1_fu_1143_p2             |         +|   0|  0|    13|           6|           6|
    |add_ln235_2_fu_877_p2              |         +|   0|  0|    71|          64|          64|
    |add_ln235_3_fu_1202_p2             |         +|   0|  0|    13|           6|           6|
    |add_ln235_4_fu_972_p2              |         +|   0|  0|    71|          64|          64|
    |add_ln235_5_fu_1302_p2             |         +|   0|  0|    13|           6|           6|
    |add_ln235_6_fu_1051_p2             |         +|   0|  0|    71|          64|          64|
    |add_ln235_7_fu_1345_p2             |         +|   0|  0|    13|           6|           6|
    |add_ln235_fu_782_p2                |         +|   0|  0|    71|          64|          64|
    |packOfst_5_fu_1559_p2              |         +|   0|  0|    16|           9|           8|
    |spinOfst_1_fu_1375_p2              |         +|   0|  0|    12|           4|           2|
    |spinOfst_2_fu_1406_p2              |         +|   0|  0|    12|           4|           3|
    |spinOfst_3_fu_1437_p2              |         +|   0|  0|    12|           4|           3|
    |step_1_fu_1553_p2                  |         +|   0|  0|    20|          13|          12|
    |ap_block_state149_io               |       and|   0|  0|     2|           1|           1|
    |ap_block_state220_on_subcall_done  |       and|   0|  0|     2|           1|           1|
    |icmp_ln214_fu_739_p2               |      icmp|   0|  0|    12|          13|          13|
    |lshr_ln234_1_fu_1193_p2            |      lshr|   0|  0|  2171|         512|         512|
    |lshr_ln234_2_fu_1293_p2            |      lshr|   0|  0|  2171|         512|         512|
    |lshr_ln234_3_fu_1473_p2            |      lshr|   0|  0|  2171|         512|         512|
    |lshr_ln234_fu_1134_p2              |      lshr|   0|  0|  2171|         512|         512|
    |lshr_ln235_1_fu_1219_p2            |      lshr|   0|  0|  2171|         512|         512|
    |lshr_ln235_2_fu_1319_p2            |      lshr|   0|  0|  2171|         512|         512|
    |lshr_ln235_3_fu_1497_p2            |      lshr|   0|  0|  2171|         512|         512|
    |lshr_ln235_fu_1160_p2              |      lshr|   0|  0|  2171|         512|         512|
    |ap_block_state1                    |        or|   0|  0|     2|           1|           1|
    |ap_block_state145                  |        or|   0|  0|     2|           1|           1|
    |ap_block_state222_on_subcall_done  |        or|   0|  0|     2|           1|           1|
    |ap_block_state223_on_subcall_done  |        or|   0|  0|     2|           1|           1|
    |ap_block_state75_io                |        or|   0|  0|     2|           1|           1|
    +-----------------------------------+----------+----+---+------+------------+------------+
    |Total                              |          |   0|  0| 18286|        4823|        4777|
    +-----------------------------------+----------+----+---+------+------------+------------+

    * Multiplexer: 
    +----------------------------+------+-----------+-----+-----------+
    |            Name            |  LUT | Input Size| Bits| Total Bits|
    +----------------------------+------+-----------+-----+-----------+
    |JcoupLocal_0_address0       |    14|          3|    8|         24|
    |JcoupLocal_0_ce0            |    14|          3|    1|          3|
    |JcoupLocal_0_ce1            |     9|          2|    1|          2|
    |JcoupLocal_0_we1            |     9|          2|    1|          2|
    |JcoupLocal_1_address0       |    14|          3|    8|         24|
    |JcoupLocal_1_ce0            |    14|          3|    1|          3|
    |JcoupLocal_1_ce1            |     9|          2|    1|          2|
    |JcoupLocal_1_we1            |     9|          2|    1|          2|
    |JcoupLocal_2_address0       |    14|          3|    8|         24|
    |JcoupLocal_2_ce0            |    14|          3|    1|          3|
    |JcoupLocal_2_ce1            |     9|          2|    1|          2|
    |JcoupLocal_2_we1            |     9|          2|    1|          2|
    |JcoupLocal_3_ce0            |     9|          2|    1|          2|
    |JcoupLocal_3_ce1            |     9|          2|    1|          2|
    |JcoupLocal_3_we1            |     9|          2|    1|          2|
    |ap_NS_fsm                   |  1564|        295|    1|        295|
    |ap_done                     |     9|          2|    1|          2|
    |dH_0_0_reg_504              |     9|          2|   32|         64|
    |dH_1_0_reg_494              |     9|          2|   32|         64|
    |dH_2_0_reg_484              |     9|          2|   32|         64|
    |dH_3_0_reg_474              |     9|          2|   32|         64|
    |gmem0_ARADDR                |    14|          3|   64|        192|
    |gmem0_ARBURST               |     9|          2|    2|          4|
    |gmem0_ARCACHE               |     9|          2|    4|          8|
    |gmem0_ARID                  |     9|          2|    1|          2|
    |gmem0_ARLEN                 |    14|          3|   32|         96|
    |gmem0_ARLOCK                |     9|          2|    2|          4|
    |gmem0_ARPROT                |     9|          2|    3|          6|
    |gmem0_ARQOS                 |     9|          2|    4|          8|
    |gmem0_ARREGION              |     9|          2|    4|          8|
    |gmem0_ARSIZE                |     9|          2|    3|          6|
    |gmem0_ARUSER                |     9|          2|    1|          2|
    |gmem0_ARVALID               |    14|          3|    1|          3|
    |gmem0_AWADDR                |    14|          3|   64|        192|
    |gmem0_AWBURST               |     9|          2|    2|          4|
    |gmem0_AWCACHE               |     9|          2|    4|          8|
    |gmem0_AWID                  |     9|          2|    1|          2|
    |gmem0_AWLEN                 |    14|          3|   32|         96|
    |gmem0_AWLOCK                |     9|          2|    2|          4|
    |gmem0_AWPROT                |     9|          2|    3|          6|
    |gmem0_AWQOS                 |     9|          2|    4|          8|
    |gmem0_AWREGION              |     9|          2|    4|          8|
    |gmem0_AWSIZE                |     9|          2|    3|          6|
    |gmem0_AWUSER                |     9|          2|    1|          2|
    |gmem0_AWVALID               |    14|          3|    1|          3|
    |gmem0_BREADY                |    14|          3|    1|          3|
    |gmem0_RREADY                |     9|          2|    1|          2|
    |gmem0_WVALID                |     9|          2|    1|          2|
    |gmem0_blk_n_AR              |     9|          2|    1|          2|
    |gmem0_blk_n_AW              |     9|          2|    1|          2|
    |gmem0_blk_n_B               |     9|          2|    1|          2|
    |gmem1_ARADDR                |    14|          3|   64|        192|
    |gmem1_ARBURST               |     9|          2|    2|          4|
    |gmem1_ARCACHE               |     9|          2|    4|          8|
    |gmem1_ARID                  |     9|          2|    1|          2|
    |gmem1_ARLEN                 |    14|          3|   32|         96|
    |gmem1_ARLOCK                |     9|          2|    2|          4|
    |gmem1_ARPROT                |     9|          2|    3|          6|
    |gmem1_ARQOS                 |     9|          2|    4|          8|
    |gmem1_ARREGION              |     9|          2|    4|          8|
    |gmem1_ARSIZE                |     9|          2|    3|          6|
    |gmem1_ARUSER                |     9|          2|    1|          2|
    |gmem1_ARVALID               |    14|          3|    1|          3|
    |gmem1_RREADY                |     9|          2|    1|          2|
    |gmem1_blk_n_AR              |     9|          2|    1|          2|
    |gmem2_ARADDR                |    26|          5|   64|        320|
    |gmem2_blk_n_AR              |     9|          2|    1|          2|
    |gmem2_blk_n_R               |     9|          2|    1|          2|
    |gmem3_ARADDR                |    26|          5|   64|        320|
    |gmem3_blk_n_AR              |     9|          2|    1|          2|
    |gmem3_blk_n_R               |     9|          2|    1|          2|
    |packOfst_4_reg_514          |     9|          2|    9|         18|
    |stage_fu_198                |     9|          2|   13|         26|
    |step_reg_525                |     9|          2|   13|         26|
    |trottersLocal_V_0_address0  |    31|          6|    8|         48|
    |trottersLocal_V_0_ce0       |    31|          6|    1|          6|
    |trottersLocal_V_0_d0        |    14|          3|   16|         48|
    |trottersLocal_V_0_we0       |    14|          3|    1|          3|
    |trottersLocal_V_1_address0  |    31|          6|    8|         48|
    |trottersLocal_V_1_ce0       |    31|          6|    1|          6|
    |trottersLocal_V_1_d0        |    14|          3|   16|         48|
    |trottersLocal_V_1_we0       |    14|          3|    1|          3|
    |trottersLocal_V_2_address0  |    31|          6|    8|         48|
    |trottersLocal_V_2_ce0       |    31|          6|    1|          6|
    |trottersLocal_V_2_d0        |    14|          3|   16|         48|
    |trottersLocal_V_2_we0       |    14|          3|    1|          3|
    |trottersLocal_V_3_address0  |    31|          6|    8|         48|
    |trottersLocal_V_3_ce0       |    31|          6|    1|          6|
    |trottersLocal_V_3_d0        |    14|          3|   16|         48|
    |trottersLocal_V_3_we0       |    14|          3|    1|          3|
    +----------------------------+------+-----------+-----+-----------+
    |Total                       |  2695|        535|  808|       2824|
    +----------------------------+------+-----------+-----+-----------+

    * Register: 
    +---------------------------------------------------------------------------------------+-----+----+-----+-----------+
    |                                          Name                                         |  FF | LUT| Bits| Const Bits|
    +---------------------------------------------------------------------------------------+-----+----+-----+-----------+
    |Ofst_reg_1666                                                                          |   12|   0|   12|          0|
    |add_ln214_reg_1661                                                                     |   13|   0|   13|          0|
    |add_ln223_reg_1853                                                                     |   64|   0|   64|          0|
    |add_ln234_7_reg_1918                                                                   |    6|   0|    6|          0|
    |add_ln235_7_reg_1928                                                                   |    6|   0|    6|          0|
    |ap_CS_fsm                                                                              |  294|   0|  294|          0|
    |ap_done_reg                                                                            |    1|   0|    1|          0|
    |ap_rst_n_inv                                                                           |    1|   0|    1|          0|
    |ap_rst_reg_1                                                                           |    1|   0|    1|          0|
    |ap_rst_reg_2                                                                           |    1|   0|    1|          0|
    |bitcast_ln235_1_reg_1973                                                               |   32|   0|   32|          0|
    |bitcast_ln235_2_reg_1998                                                               |   32|   0|   32|          0|
    |bitcast_ln235_3_reg_2023                                                               |   32|   0|   32|          0|
    |bitcast_ln235_reg_1948                                                                 |   32|   0|   32|          0|
    |dHTunnel_reg_1622                                                                      |   32|   0|   32|          0|
    |dH_0_0_reg_504                                                                         |   32|   0|   32|          0|
    |dH_0_reg_1943                                                                          |   32|   0|   32|          0|
    |dH_1_0_reg_494                                                                         |   32|   0|   32|          0|
    |dH_1_reg_1968                                                                          |   32|   0|   32|          0|
    |dH_2_0_reg_484                                                                         |   32|   0|   32|          0|
    |dH_2_reg_1993                                                                          |   32|   0|   32|          0|
    |dH_3_0_reg_474                                                                         |   32|   0|   32|          0|
    |dH_3_reg_2018                                                                          |   32|   0|   32|          0|
    |gmem0_addr_reg_1583                                                                    |   64|   0|   64|          0|
    |gmem2_addr_1_read_reg_1823                                                             |  512|   0|  512|          0|
    |gmem2_addr_2_read_reg_1843                                                             |  512|   0|  512|          0|
    |gmem2_addr_3_read_reg_1913                                                             |  512|   0|  512|          0|
    |gmem2_addr_read_reg_1794                                                               |  512|   0|  512|          0|
    |gmem3_addr_1_read_reg_1828                                                             |  512|   0|  512|          0|
    |gmem3_addr_2_read_reg_1848                                                             |  512|   0|  512|          0|
    |gmem3_addr_3_read_reg_1923                                                             |  512|   0|  512|          0|
    |gmem3_addr_read_reg_1799                                                               |  512|   0|  512|          0|
    |grp_QuantumMonteCarloU50_Pipeline_READ_NEW_JCOUP_fu_547_ap_start_reg                   |    1|   0|    1|          0|
    |grp_QuantumMonteCarloU50_Pipeline_READ_TROTTERS_VITIS_LOOP_195_1_fu_536_ap_start_reg   |    1|   0|    1|          0|
    |grp_QuantumMonteCarloU50_Pipeline_SHIFT_JCOUP_fu_679_ap_start_reg                      |    1|   0|    1|          0|
    |grp_QuantumMonteCarloU50_Pipeline_WRITE_TROTTERS_VITIS_LOOP_281_3_fu_687_ap_start_reg  |    1|   0|    1|          0|
    |grp_TrotterUnitFinal_fu_611_ap_start_reg                                               |    1|   0|    1|          0|
    |grp_TrotterUnitFinal_fu_628_ap_start_reg                                               |    1|   0|    1|          0|
    |grp_TrotterUnitFinal_fu_645_ap_start_reg                                               |    1|   0|    1|          0|
    |grp_TrotterUnitFinal_fu_662_ap_start_reg                                               |    1|   0|    1|          0|
    |grp_TrotterUnit_fu_555_ap_start_reg                                                    |    1|   0|    1|          0|
    |grp_TrotterUnit_fu_569_ap_start_reg                                                    |    1|   0|    1|          0|
    |grp_TrotterUnit_fu_583_ap_start_reg                                                    |    1|   0|    1|          0|
    |grp_TrotterUnit_fu_597_ap_start_reg                                                    |    1|   0|    1|          0|
    |p_Result_129_reg_1938                                                                  |    1|   0|    1|          0|
    |p_Result_130_reg_1958                                                                  |    1|   0|    1|          0|
    |p_Result_131_reg_1963                                                                  |    1|   0|    1|          0|
    |p_Result_132_reg_1983                                                                  |    1|   0|    1|          0|
    |p_Result_133_reg_1988                                                                  |    1|   0|    1|          0|
    |p_Result_134_reg_2008                                                                  |    1|   0|    1|          0|
    |p_Result_135_reg_2013                                                                  |    1|   0|    1|          0|
    |p_Result_s_reg_1933                                                                    |    1|   0|    1|          0|
    |packOfst_1_reg_1695                                                                    |    8|   0|    8|          0|
    |packOfst_2_reg_1728                                                                    |    8|   0|    8|          0|
    |packOfst_3_reg_1749                                                                    |    8|   0|    8|          0|
    |packOfst_4_reg_514                                                                     |    9|   0|    9|          0|
    |packOfst_5_reg_2058                                                                    |    9|   0|    9|          0|
    |packOfst_reg_1858                                                                      |    8|   0|    8|          0|
    |spinOfst_1_reg_1953                                                                    |    4|   0|    4|          0|
    |spinOfst_2_reg_1978                                                                    |    4|   0|    4|          0|
    |spinOfst_3_reg_2003                                                                    |    4|   0|    4|          0|
    |spinOfst_reg_1804                                                                      |    4|   0|    4|          0|
    |stage_1_reg_1646                                                                       |   13|   0|   13|          0|
    |stage_fu_198                                                                           |   13|   0|   13|          0|
    |step_1_reg_2053                                                                        |   13|   0|   13|          0|
    |step_reg_525                                                                           |   13|   0|   13|          0|
    |tmp_reg_2028                                                                           |    1|   0|    1|          0|
    |trunc_ln234_11_reg_1760                                                                |   58|   0|   58|          0|
    |trunc_ln234_12_reg_1755                                                                |    4|   0|    4|          0|
    |trunc_ln234_1_reg_1813                                                                 |   32|   0|   32|          0|
    |trunc_ln234_2_reg_1701                                                                 |    4|   0|    4|          0|
    |trunc_ln234_3_reg_1833                                                                 |   32|   0|   32|          0|
    |trunc_ln234_5_reg_1734                                                                 |    4|   0|    4|          0|
    |trunc_ln234_6_reg_1673                                                                 |   58|   0|   58|          0|
    |trunc_ln234_7_reg_1893                                                                 |   32|   0|   32|          0|
    |trunc_ln234_8_reg_1706                                                                 |   58|   0|   58|          0|
    |trunc_ln234_reg_1630                                                                   |    6|   0|    6|          0|
    |trunc_ln234_s_reg_1739                                                                 |   58|   0|   58|          0|
    |trunc_ln235_1_reg_1818                                                                 |   32|   0|   32|          0|
    |trunc_ln235_2_reg_1838                                                                 |   32|   0|   32|          0|
    |trunc_ln235_3_reg_1898                                                                 |   32|   0|   32|          0|
    |trunc_ln235_4_reg_1678                                                                 |   58|   0|   58|          0|
    |trunc_ln235_6_reg_1744                                                                 |   58|   0|   58|          0|
    |trunc_ln235_8_reg_1765                                                                 |   58|   0|   58|          0|
    |trunc_ln235_reg_1638                                                                   |    6|   0|    6|          0|
    |trunc_ln249_reg_2045                                                                   |    8|   0|    8|          0|
    |trunc_ln7_reg_1711                                                                     |   58|   0|   58|          0|
    |trunc_ln8_reg_2032                                                                     |   58|   0|   58|          0|
    |trunc_ln_reg_1576                                                                      |   58|   0|   58|          0|
    +---------------------------------------------------------------------------------------+-----+----+-----+-----------+
    |Total                                                                                  | 5918|   0| 5918|          0|
    +---------------------------------------------------------------------------------------+-----+----+-----+-----------+



================================================================
== Interface
================================================================
* Summary: 
+-----------------------+-----+-----+---------------+----------------------+--------------+
|       RTL Ports       | Dir | Bits|    Protocol   |     Source Object    |    C Type    |
+-----------------------+-----+-----+---------------+----------------------+--------------+
|s_axi_control_AWVALID  |   in|    1|          s_axi|               control|        scalar|
|s_axi_control_AWREADY  |  out|    1|          s_axi|               control|        scalar|
|s_axi_control_AWADDR   |   in|    7|          s_axi|               control|        scalar|
|s_axi_control_WVALID   |   in|    1|          s_axi|               control|        scalar|
|s_axi_control_WREADY   |  out|    1|          s_axi|               control|        scalar|
|s_axi_control_WDATA    |   in|   32|          s_axi|               control|        scalar|
|s_axi_control_WSTRB    |   in|    4|          s_axi|               control|        scalar|
|s_axi_control_ARVALID  |   in|    1|          s_axi|               control|        scalar|
|s_axi_control_ARREADY  |  out|    1|          s_axi|               control|        scalar|
|s_axi_control_ARADDR   |   in|    7|          s_axi|               control|        scalar|
|s_axi_control_RVALID   |  out|    1|          s_axi|               control|        scalar|
|s_axi_control_RREADY   |   in|    1|          s_axi|               control|        scalar|
|s_axi_control_RDATA    |  out|   32|          s_axi|               control|        scalar|
|s_axi_control_RRESP    |  out|    2|          s_axi|               control|        scalar|
|s_axi_control_BVALID   |  out|    1|          s_axi|               control|        scalar|
|s_axi_control_BREADY   |   in|    1|          s_axi|               control|        scalar|
|s_axi_control_BRESP    |  out|    2|          s_axi|               control|        scalar|
|ap_clk                 |   in|    1|  ap_ctrl_chain|  QuantumMonteCarloU50|  return value|
|ap_rst_n               |   in|    1|  ap_ctrl_chain|  QuantumMonteCarloU50|  return value|
|interrupt              |  out|    1|  ap_ctrl_chain|  QuantumMonteCarloU50|  return value|
|m_axi_gmem0_AWVALID    |  out|    1|          m_axi|                 gmem0|       pointer|
|m_axi_gmem0_AWREADY    |   in|    1|          m_axi|                 gmem0|       pointer|
|m_axi_gmem0_AWADDR     |  out|   64|          m_axi|                 gmem0|       pointer|
|m_axi_gmem0_AWID       |  out|    1|          m_axi|                 gmem0|       pointer|
|m_axi_gmem0_AWLEN      |  out|    8|          m_axi|                 gmem0|       pointer|
|m_axi_gmem0_AWSIZE     |  out|    3|          m_axi|                 gmem0|       pointer|
|m_axi_gmem0_AWBURST    |  out|    2|          m_axi|                 gmem0|       pointer|
|m_axi_gmem0_AWLOCK     |  out|    2|          m_axi|                 gmem0|       pointer|
|m_axi_gmem0_AWCACHE    |  out|    4|          m_axi|                 gmem0|       pointer|
|m_axi_gmem0_AWPROT     |  out|    3|          m_axi|                 gmem0|       pointer|
|m_axi_gmem0_AWQOS      |  out|    4|          m_axi|                 gmem0|       pointer|
|m_axi_gmem0_AWREGION   |  out|    4|          m_axi|                 gmem0|       pointer|
|m_axi_gmem0_AWUSER     |  out|    1|          m_axi|                 gmem0|       pointer|
|m_axi_gmem0_WVALID     |  out|    1|          m_axi|                 gmem0|       pointer|
|m_axi_gmem0_WREADY     |   in|    1|          m_axi|                 gmem0|       pointer|
|m_axi_gmem0_WDATA      |  out|  512|          m_axi|                 gmem0|       pointer|
|m_axi_gmem0_WSTRB      |  out|   64|          m_axi|                 gmem0|       pointer|
|m_axi_gmem0_WLAST      |  out|    1|          m_axi|                 gmem0|       pointer|
|m_axi_gmem0_WID        |  out|    1|          m_axi|                 gmem0|       pointer|
|m_axi_gmem0_WUSER      |  out|    1|          m_axi|                 gmem0|       pointer|
|m_axi_gmem0_ARVALID    |  out|    1|          m_axi|                 gmem0|       pointer|
|m_axi_gmem0_ARREADY    |   in|    1|          m_axi|                 gmem0|       pointer|
|m_axi_gmem0_ARADDR     |  out|   64|          m_axi|                 gmem0|       pointer|
|m_axi_gmem0_ARID       |  out|    1|          m_axi|                 gmem0|       pointer|
|m_axi_gmem0_ARLEN      |  out|    8|          m_axi|                 gmem0|       pointer|
|m_axi_gmem0_ARSIZE     |  out|    3|          m_axi|                 gmem0|       pointer|
|m_axi_gmem0_ARBURST    |  out|    2|          m_axi|                 gmem0|       pointer|
|m_axi_gmem0_ARLOCK     |  out|    2|          m_axi|                 gmem0|       pointer|
|m_axi_gmem0_ARCACHE    |  out|    4|          m_axi|                 gmem0|       pointer|
|m_axi_gmem0_ARPROT     |  out|    3|          m_axi|                 gmem0|       pointer|
|m_axi_gmem0_ARQOS      |  out|    4|          m_axi|                 gmem0|       pointer|
|m_axi_gmem0_ARREGION   |  out|    4|          m_axi|                 gmem0|       pointer|
|m_axi_gmem0_ARUSER     |  out|    1|          m_axi|                 gmem0|       pointer|
|m_axi_gmem0_RVALID     |   in|    1|          m_axi|                 gmem0|       pointer|
|m_axi_gmem0_RREADY     |  out|    1|          m_axi|                 gmem0|       pointer|
|m_axi_gmem0_RDATA      |   in|  512|          m_axi|                 gmem0|       pointer|
|m_axi_gmem0_RLAST      |   in|    1|          m_axi|                 gmem0|       pointer|
|m_axi_gmem0_RID        |   in|    1|          m_axi|                 gmem0|       pointer|
|m_axi_gmem0_RUSER      |   in|    1|          m_axi|                 gmem0|       pointer|
|m_axi_gmem0_RRESP      |   in|    2|          m_axi|                 gmem0|       pointer|
|m_axi_gmem0_BVALID     |   in|    1|          m_axi|                 gmem0|       pointer|
|m_axi_gmem0_BREADY     |  out|    1|          m_axi|                 gmem0|       pointer|
|m_axi_gmem0_BRESP      |   in|    2|          m_axi|                 gmem0|       pointer|
|m_axi_gmem0_BID        |   in|    1|          m_axi|                 gmem0|       pointer|
|m_axi_gmem0_BUSER      |   in|    1|          m_axi|                 gmem0|       pointer|
|m_axi_gmem1_AWVALID    |  out|    1|          m_axi|                 gmem1|       pointer|
|m_axi_gmem1_AWREADY    |   in|    1|          m_axi|                 gmem1|       pointer|
|m_axi_gmem1_AWADDR     |  out|   64|          m_axi|                 gmem1|       pointer|
|m_axi_gmem1_AWID       |  out|    1|          m_axi|                 gmem1|       pointer|
|m_axi_gmem1_AWLEN      |  out|    8|          m_axi|                 gmem1|       pointer|
|m_axi_gmem1_AWSIZE     |  out|    3|          m_axi|                 gmem1|       pointer|
|m_axi_gmem1_AWBURST    |  out|    2|          m_axi|                 gmem1|       pointer|
|m_axi_gmem1_AWLOCK     |  out|    2|          m_axi|                 gmem1|       pointer|
|m_axi_gmem1_AWCACHE    |  out|    4|          m_axi|                 gmem1|       pointer|
|m_axi_gmem1_AWPROT     |  out|    3|          m_axi|                 gmem1|       pointer|
|m_axi_gmem1_AWQOS      |  out|    4|          m_axi|                 gmem1|       pointer|
|m_axi_gmem1_AWREGION   |  out|    4|          m_axi|                 gmem1|       pointer|
|m_axi_gmem1_AWUSER     |  out|    1|          m_axi|                 gmem1|       pointer|
|m_axi_gmem1_WVALID     |  out|    1|          m_axi|                 gmem1|       pointer|
|m_axi_gmem1_WREADY     |   in|    1|          m_axi|                 gmem1|       pointer|
|m_axi_gmem1_WDATA      |  out|  512|          m_axi|                 gmem1|       pointer|
|m_axi_gmem1_WSTRB      |  out|   64|          m_axi|                 gmem1|       pointer|
|m_axi_gmem1_WLAST      |  out|    1|          m_axi|                 gmem1|       pointer|
|m_axi_gmem1_WID        |  out|    1|          m_axi|                 gmem1|       pointer|
|m_axi_gmem1_WUSER      |  out|    1|          m_axi|                 gmem1|       pointer|
|m_axi_gmem1_ARVALID    |  out|    1|          m_axi|                 gmem1|       pointer|
|m_axi_gmem1_ARREADY    |   in|    1|          m_axi|                 gmem1|       pointer|
|m_axi_gmem1_ARADDR     |  out|   64|          m_axi|                 gmem1|       pointer|
|m_axi_gmem1_ARID       |  out|    1|          m_axi|                 gmem1|       pointer|
|m_axi_gmem1_ARLEN      |  out|    8|          m_axi|                 gmem1|       pointer|
|m_axi_gmem1_ARSIZE     |  out|    3|          m_axi|                 gmem1|       pointer|
|m_axi_gmem1_ARBURST    |  out|    2|          m_axi|                 gmem1|       pointer|
|m_axi_gmem1_ARLOCK     |  out|    2|          m_axi|                 gmem1|       pointer|
|m_axi_gmem1_ARCACHE    |  out|    4|          m_axi|                 gmem1|       pointer|
|m_axi_gmem1_ARPROT     |  out|    3|          m_axi|                 gmem1|       pointer|
|m_axi_gmem1_ARQOS      |  out|    4|          m_axi|                 gmem1|       pointer|
|m_axi_gmem1_ARREGION   |  out|    4|          m_axi|                 gmem1|       pointer|
|m_axi_gmem1_ARUSER     |  out|    1|          m_axi|                 gmem1|       pointer|
|m_axi_gmem1_RVALID     |   in|    1|          m_axi|                 gmem1|       pointer|
|m_axi_gmem1_RREADY     |  out|    1|          m_axi|                 gmem1|       pointer|
|m_axi_gmem1_RDATA      |   in|  512|          m_axi|                 gmem1|       pointer|
|m_axi_gmem1_RLAST      |   in|    1|          m_axi|                 gmem1|       pointer|
|m_axi_gmem1_RID        |   in|    1|          m_axi|                 gmem1|       pointer|
|m_axi_gmem1_RUSER      |   in|    1|          m_axi|                 gmem1|       pointer|
|m_axi_gmem1_RRESP      |   in|    2|          m_axi|                 gmem1|       pointer|
|m_axi_gmem1_BVALID     |   in|    1|          m_axi|                 gmem1|       pointer|
|m_axi_gmem1_BREADY     |  out|    1|          m_axi|                 gmem1|       pointer|
|m_axi_gmem1_BRESP      |   in|    2|          m_axi|                 gmem1|       pointer|
|m_axi_gmem1_BID        |   in|    1|          m_axi|                 gmem1|       pointer|
|m_axi_gmem1_BUSER      |   in|    1|          m_axi|                 gmem1|       pointer|
|m_axi_gmem2_AWVALID    |  out|    1|          m_axi|                 gmem2|       pointer|
|m_axi_gmem2_AWREADY    |   in|    1|          m_axi|                 gmem2|       pointer|
|m_axi_gmem2_AWADDR     |  out|   64|          m_axi|                 gmem2|       pointer|
|m_axi_gmem2_AWID       |  out|    1|          m_axi|                 gmem2|       pointer|
|m_axi_gmem2_AWLEN      |  out|    8|          m_axi|                 gmem2|       pointer|
|m_axi_gmem2_AWSIZE     |  out|    3|          m_axi|                 gmem2|       pointer|
|m_axi_gmem2_AWBURST    |  out|    2|          m_axi|                 gmem2|       pointer|
|m_axi_gmem2_AWLOCK     |  out|    2|          m_axi|                 gmem2|       pointer|
|m_axi_gmem2_AWCACHE    |  out|    4|          m_axi|                 gmem2|       pointer|
|m_axi_gmem2_AWPROT     |  out|    3|          m_axi|                 gmem2|       pointer|
|m_axi_gmem2_AWQOS      |  out|    4|          m_axi|                 gmem2|       pointer|
|m_axi_gmem2_AWREGION   |  out|    4|          m_axi|                 gmem2|       pointer|
|m_axi_gmem2_AWUSER     |  out|    1|          m_axi|                 gmem2|       pointer|
|m_axi_gmem2_WVALID     |  out|    1|          m_axi|                 gmem2|       pointer|
|m_axi_gmem2_WREADY     |   in|    1|          m_axi|                 gmem2|       pointer|
|m_axi_gmem2_WDATA      |  out|  512|          m_axi|                 gmem2|       pointer|
|m_axi_gmem2_WSTRB      |  out|   64|          m_axi|                 gmem2|       pointer|
|m_axi_gmem2_WLAST      |  out|    1|          m_axi|                 gmem2|       pointer|
|m_axi_gmem2_WID        |  out|    1|          m_axi|                 gmem2|       pointer|
|m_axi_gmem2_WUSER      |  out|    1|          m_axi|                 gmem2|       pointer|
|m_axi_gmem2_ARVALID    |  out|    1|          m_axi|                 gmem2|       pointer|
|m_axi_gmem2_ARREADY    |   in|    1|          m_axi|                 gmem2|       pointer|
|m_axi_gmem2_ARADDR     |  out|   64|          m_axi|                 gmem2|       pointer|
|m_axi_gmem2_ARID       |  out|    1|          m_axi|                 gmem2|       pointer|
|m_axi_gmem2_ARLEN      |  out|    8|          m_axi|                 gmem2|       pointer|
|m_axi_gmem2_ARSIZE     |  out|    3|          m_axi|                 gmem2|       pointer|
|m_axi_gmem2_ARBURST    |  out|    2|          m_axi|                 gmem2|       pointer|
|m_axi_gmem2_ARLOCK     |  out|    2|          m_axi|                 gmem2|       pointer|
|m_axi_gmem2_ARCACHE    |  out|    4|          m_axi|                 gmem2|       pointer|
|m_axi_gmem2_ARPROT     |  out|    3|          m_axi|                 gmem2|       pointer|
|m_axi_gmem2_ARQOS      |  out|    4|          m_axi|                 gmem2|       pointer|
|m_axi_gmem2_ARREGION   |  out|    4|          m_axi|                 gmem2|       pointer|
|m_axi_gmem2_ARUSER     |  out|    1|          m_axi|                 gmem2|       pointer|
|m_axi_gmem2_RVALID     |   in|    1|          m_axi|                 gmem2|       pointer|
|m_axi_gmem2_RREADY     |  out|    1|          m_axi|                 gmem2|       pointer|
|m_axi_gmem2_RDATA      |   in|  512|          m_axi|                 gmem2|       pointer|
|m_axi_gmem2_RLAST      |   in|    1|          m_axi|                 gmem2|       pointer|
|m_axi_gmem2_RID        |   in|    1|          m_axi|                 gmem2|       pointer|
|m_axi_gmem2_RUSER      |   in|    1|          m_axi|                 gmem2|       pointer|
|m_axi_gmem2_RRESP      |   in|    2|          m_axi|                 gmem2|       pointer|
|m_axi_gmem2_BVALID     |   in|    1|          m_axi|                 gmem2|       pointer|
|m_axi_gmem2_BREADY     |  out|    1|          m_axi|                 gmem2|       pointer|
|m_axi_gmem2_BRESP      |   in|    2|          m_axi|                 gmem2|       pointer|
|m_axi_gmem2_BID        |   in|    1|          m_axi|                 gmem2|       pointer|
|m_axi_gmem2_BUSER      |   in|    1|          m_axi|                 gmem2|       pointer|
|m_axi_gmem3_AWVALID    |  out|    1|          m_axi|                 gmem3|       pointer|
|m_axi_gmem3_AWREADY    |   in|    1|          m_axi|                 gmem3|       pointer|
|m_axi_gmem3_AWADDR     |  out|   64|          m_axi|                 gmem3|       pointer|
|m_axi_gmem3_AWID       |  out|    1|          m_axi|                 gmem3|       pointer|
|m_axi_gmem3_AWLEN      |  out|    8|          m_axi|                 gmem3|       pointer|
|m_axi_gmem3_AWSIZE     |  out|    3|          m_axi|                 gmem3|       pointer|
|m_axi_gmem3_AWBURST    |  out|    2|          m_axi|                 gmem3|       pointer|
|m_axi_gmem3_AWLOCK     |  out|    2|          m_axi|                 gmem3|       pointer|
|m_axi_gmem3_AWCACHE    |  out|    4|          m_axi|                 gmem3|       pointer|
|m_axi_gmem3_AWPROT     |  out|    3|          m_axi|                 gmem3|       pointer|
|m_axi_gmem3_AWQOS      |  out|    4|          m_axi|                 gmem3|       pointer|
|m_axi_gmem3_AWREGION   |  out|    4|          m_axi|                 gmem3|       pointer|
|m_axi_gmem3_AWUSER     |  out|    1|          m_axi|                 gmem3|       pointer|
|m_axi_gmem3_WVALID     |  out|    1|          m_axi|                 gmem3|       pointer|
|m_axi_gmem3_WREADY     |   in|    1|          m_axi|                 gmem3|       pointer|
|m_axi_gmem3_WDATA      |  out|  512|          m_axi|                 gmem3|       pointer|
|m_axi_gmem3_WSTRB      |  out|   64|          m_axi|                 gmem3|       pointer|
|m_axi_gmem3_WLAST      |  out|    1|          m_axi|                 gmem3|       pointer|
|m_axi_gmem3_WID        |  out|    1|          m_axi|                 gmem3|       pointer|
|m_axi_gmem3_WUSER      |  out|    1|          m_axi|                 gmem3|       pointer|
|m_axi_gmem3_ARVALID    |  out|    1|          m_axi|                 gmem3|       pointer|
|m_axi_gmem3_ARREADY    |   in|    1|          m_axi|                 gmem3|       pointer|
|m_axi_gmem3_ARADDR     |  out|   64|          m_axi|                 gmem3|       pointer|
|m_axi_gmem3_ARID       |  out|    1|          m_axi|                 gmem3|       pointer|
|m_axi_gmem3_ARLEN      |  out|    8|          m_axi|                 gmem3|       pointer|
|m_axi_gmem3_ARSIZE     |  out|    3|          m_axi|                 gmem3|       pointer|
|m_axi_gmem3_ARBURST    |  out|    2|          m_axi|                 gmem3|       pointer|
|m_axi_gmem3_ARLOCK     |  out|    2|          m_axi|                 gmem3|       pointer|
|m_axi_gmem3_ARCACHE    |  out|    4|          m_axi|                 gmem3|       pointer|
|m_axi_gmem3_ARPROT     |  out|    3|          m_axi|                 gmem3|       pointer|
|m_axi_gmem3_ARQOS      |  out|    4|          m_axi|                 gmem3|       pointer|
|m_axi_gmem3_ARREGION   |  out|    4|          m_axi|                 gmem3|       pointer|
|m_axi_gmem3_ARUSER     |  out|    1|          m_axi|                 gmem3|       pointer|
|m_axi_gmem3_RVALID     |   in|    1|          m_axi|                 gmem3|       pointer|
|m_axi_gmem3_RREADY     |  out|    1|          m_axi|                 gmem3|       pointer|
|m_axi_gmem3_RDATA      |   in|  512|          m_axi|                 gmem3|       pointer|
|m_axi_gmem3_RLAST      |   in|    1|          m_axi|                 gmem3|       pointer|
|m_axi_gmem3_RID        |   in|    1|          m_axi|                 gmem3|       pointer|
|m_axi_gmem3_RUSER      |   in|    1|          m_axi|                 gmem3|       pointer|
|m_axi_gmem3_RRESP      |   in|    2|          m_axi|                 gmem3|       pointer|
|m_axi_gmem3_BVALID     |   in|    1|          m_axi|                 gmem3|       pointer|
|m_axi_gmem3_BREADY     |  out|    1|          m_axi|                 gmem3|       pointer|
|m_axi_gmem3_BRESP      |   in|    2|          m_axi|                 gmem3|       pointer|
|m_axi_gmem3_BID        |   in|    1|          m_axi|                 gmem3|       pointer|
|m_axi_gmem3_BUSER      |   in|    1|          m_axi|                 gmem3|       pointer|
+-----------------------+-----+-----+---------------+----------------------+--------------+

