

================================================================
== Vitis HLS Report for 'QuantumMonteCarloU50_Pipeline_WRITE_TROTTERS_VITIS_LOOP_304_7'
================================================================
* Date:           Tue Aug 24 10:56:20 2021

* Version:        2021.1 (Build 3247384 on Thu Jun 10 19:36:07 MDT 2021)
* Project:        QuantumMonteCarloU50
* Solution:       solution (Vitis Kernel Flow Target)
* Product family: virtexuplus
* Target device:  xcu50-fsvh2104-2-e


================================================================
== Performance Estimates
================================================================
+ Timing: 
    * Summary: 
    +--------+---------+----------+------------+
    |  Clock |  Target | Estimated| Uncertainty|
    +--------+---------+----------+------------+
    |ap_clk  |  3.33 ns|  2.433 ns|     0.90 ns|
    +--------+---------+----------+------------+

+ Latency: 
    * Summary: 
    +---------+---------+----------+----------+-----+-----+---------+
    |  Latency (cycles) |  Latency (absolute) |  Interval | Pipeline|
    |   min   |   max   |    min   |    max   | min | max |   Type  |
    +---------+---------+----------+----------+-----+-----+---------+
    |      102|      102|  0.340 us|  0.340 us|  102|  102|       no|
    +---------+---------+----------+----------+-----+-----+---------+

    + Detail: 
        * Instance: 
        N/A

        * Loop: 
        +-----------------------------------+---------+---------+----------+-----------+-----------+------+----------+
        |                                   |  Latency (cycles) | Iteration|  Initiation Interval  | Trip |          |
        |             Loop Name             |   min   |   max   |  Latency |  achieved |   target  | Count| Pipelined|
        +-----------------------------------+---------+---------+----------+-----------+-----------+------+----------+
        |- WRITE_TROTTERS_VITIS_LOOP_304_7  |       33|       33|         3|          1|          1|    32|       yes|
        +-----------------------------------+---------+---------+----------+-----------+-----------+------+----------+

============================================================
+ Verbose Summary: Synthesis Manager
============================================================
InlineROM: 1
ExposeGlobal: 0
============================================================
+ Verbose Summary: CDFG Model
============================================================
IsTopModel: 0
ResetActiveHigh: 1
IsCombinational: 0
IsDatapathOnly: 0
HasWiredReturn: 1
HasMFsm: 2
HasVarLatency: 1
IsPipeline: 0
IsRtlPipelined: 0
IsInstanceOverlapped: 0
IsDontTouch: 0
HasImplIP: 0
IsGatedGlobalClock: 0

+ Individual pipeline summary: 
  * Pipeline-0: initiation interval (II) = 1, depth = 3


============================================================
+ Verbose Summary: Schedule
============================================================
* Number of FSM states : 72
* Pipeline : 1
  Pipeline-0 : II = 1, D = 3, States = { 2 3 4 }
* Dataflow Pipeline: 0

* FSM state transitions: 
1 --> 2 
2 --> 5 3 
3 --> 4 
4 --> 2 
5 --> 6 
6 --> 7 
7 --> 8 
8 --> 9 
9 --> 10 
10 --> 11 
11 --> 12 
12 --> 13 
13 --> 14 
14 --> 15 
15 --> 16 
16 --> 17 
17 --> 18 
18 --> 19 
19 --> 20 
20 --> 21 
21 --> 22 
22 --> 23 
23 --> 24 
24 --> 25 
25 --> 26 
26 --> 27 
27 --> 28 
28 --> 29 
29 --> 30 
30 --> 31 
31 --> 32 
32 --> 33 
33 --> 34 
34 --> 35 
35 --> 36 
36 --> 37 
37 --> 38 
38 --> 39 
39 --> 40 
40 --> 41 
41 --> 42 
42 --> 43 
43 --> 44 
44 --> 45 
45 --> 46 
46 --> 47 
47 --> 48 
48 --> 49 
49 --> 50 
50 --> 51 
51 --> 52 
52 --> 53 
53 --> 54 
54 --> 55 
55 --> 56 
56 --> 57 
57 --> 58 
58 --> 59 
59 --> 60 
60 --> 61 
61 --> 62 
62 --> 63 
63 --> 64 
64 --> 65 
65 --> 66 
66 --> 67 
67 --> 68 
68 --> 69 
69 --> 70 
70 --> 71 
71 --> 72 
72 --> 

* FSM state operations: 

State 1 <SV = 0> <Delay = 2.43>
ST_1 : Operation 73 [1/1] (0.00ns)   --->   "%packOfst = alloca i32 1"   --->   Operation 73 'alloca' 'packOfst' <Predicate = true> <Delay = 0.00>
ST_1 : Operation 74 [1/1] (0.00ns)   --->   "%t = alloca i32 1"   --->   Operation 74 'alloca' 't' <Predicate = true> <Delay = 0.00>
ST_1 : Operation 75 [1/1] (0.00ns)   --->   "%indvar_flatten21 = alloca i32 1"   --->   Operation 75 'alloca' 'indvar_flatten21' <Predicate = true> <Delay = 0.00>
ST_1 : Operation 76 [1/1] (0.00ns)   --->   "%trotters3 = read i64 @_ssdm_op_Read.ap_auto.i64, i64 %trotters"   --->   Operation 76 'read' 'trotters3' <Predicate = true> <Delay = 0.00>
ST_1 : Operation 77 [1/1] (0.00ns)   --->   "%sext_ln819_read = read i58 @_ssdm_op_Read.ap_auto.i58, i58 %sext_ln819"   --->   Operation 77 'read' 'sext_ln819_read' <Predicate = true> <Delay = 0.00>
ST_1 : Operation 78 [1/1] (0.00ns)   --->   "%sext_ln819_cast = sext i58 %sext_ln819_read"   --->   Operation 78 'sext' 'sext_ln819_cast' <Predicate = true> <Delay = 0.00>
ST_1 : Operation 79 [1/1] (0.00ns)   --->   "%specmemcore_ln0 = specmemcore void @_ssdm_op_SpecMemCore, i512 %trottersLocal_V_3, i64 666, i64 22, i64 18446744073709551615"   --->   Operation 79 'specmemcore' 'specmemcore_ln0' <Predicate = true> <Delay = 0.00>
ST_1 : Operation 80 [1/1] (0.00ns)   --->   "%specmemcore_ln0 = specmemcore void @_ssdm_op_SpecMemCore, i512 %trottersLocal_V_2, i64 666, i64 22, i64 18446744073709551615"   --->   Operation 80 'specmemcore' 'specmemcore_ln0' <Predicate = true> <Delay = 0.00>
ST_1 : Operation 81 [1/1] (0.00ns)   --->   "%specmemcore_ln0 = specmemcore void @_ssdm_op_SpecMemCore, i512 %trottersLocal_V_1, i64 666, i64 22, i64 18446744073709551615"   --->   Operation 81 'specmemcore' 'specmemcore_ln0' <Predicate = true> <Delay = 0.00>
ST_1 : Operation 82 [1/1] (0.00ns)   --->   "%specmemcore_ln0 = specmemcore void @_ssdm_op_SpecMemCore, i512 %trottersLocal_V_0, i64 666, i64 22, i64 18446744073709551615"   --->   Operation 82 'specmemcore' 'specmemcore_ln0' <Predicate = true> <Delay = 0.00>
ST_1 : Operation 83 [1/1] (0.00ns)   --->   "%specinterface_ln0 = specinterface void @_ssdm_op_SpecInterface, i512 %gmem0, void @empty_4, i32 0, i32 0, void @empty_5, i32 64, i32 0, void @empty_6, void @empty_16, void @empty_5, i32 16, i32 16, i32 16, i32 16, void @empty_5, void @empty_5"   --->   Operation 83 'specinterface' 'specinterface_ln0' <Predicate = true> <Delay = 0.00>
ST_1 : Operation 84 [1/1] (0.00ns)   --->   "%gmem0_addr = getelementptr i512 %gmem0, i64 %sext_ln819_cast"   --->   Operation 84 'getelementptr' 'gmem0_addr' <Predicate = true> <Delay = 0.00>
ST_1 : Operation 85 [1/1] (2.43ns)   --->   "%p_wr_req = writereq i1 @_ssdm_op_WriteReq.m_axi.i512P1A, i512 %gmem0_addr, i32 32"   --->   Operation 85 'writereq' 'p_wr_req' <Predicate = true> <Delay = 2.43> <CoreInst = "m_axi">   --->   Core 121 'm_axi' <Latency = 5> <II = 1> <Delay = 1.00> <Adapter> <Opcode : 'read' 'write' 'readreq' 'writereq' 'writeresp'>
ST_1 : Operation 86 [1/1] (0.38ns)   --->   "%store_ln0 = store i6 0, i6 %indvar_flatten21"   --->   Operation 86 'store' 'store_ln0' <Predicate = true> <Delay = 0.38>
ST_1 : Operation 87 [1/1] (0.38ns)   --->   "%store_ln0 = store i3 0, i3 %t"   --->   Operation 87 'store' 'store_ln0' <Predicate = true> <Delay = 0.38>
ST_1 : Operation 88 [1/1] (0.38ns)   --->   "%store_ln0 = store i4 0, i4 %packOfst"   --->   Operation 88 'store' 'store_ln0' <Predicate = true> <Delay = 0.38>
ST_1 : Operation 89 [1/1] (0.00ns)   --->   "%br_ln0 = br void %.preheader.preheader"   --->   Operation 89 'br' 'br_ln0' <Predicate = true> <Delay = 0.00>

State 2 <SV = 1> <Delay = 2.20>
ST_2 : Operation 90 [1/1] (0.00ns)   --->   "%indvar_flatten21_load = load i6 %indvar_flatten21" [/home/edci/workspace/SQA_kernels/src/qmc.cpp:303]   --->   Operation 90 'load' 'indvar_flatten21_load' <Predicate = true> <Delay = 0.00>
ST_2 : Operation 91 [1/1] (0.61ns)   --->   "%icmp_ln303 = icmp_eq  i6 %indvar_flatten21_load, i6 32" [/home/edci/workspace/SQA_kernels/src/qmc.cpp:303]   --->   Operation 91 'icmp' 'icmp_ln303' <Predicate = true> <Delay = 0.61> <CoreInst = "Cmp">   --->   Core 9 'Cmp' <Latency = 0> <II = 1> <Delay = 0.65> <FuncUnit> <Opcode : 'icmp'> <InPorts = 2> <OutPorts = 1>
ST_2 : Operation 92 [1/1] (0.70ns)   --->   "%add_ln303 = add i6 %indvar_flatten21_load, i6 1" [/home/edci/workspace/SQA_kernels/src/qmc.cpp:303]   --->   Operation 92 'add' 'add_ln303' <Predicate = true> <Delay = 0.70> <CoreInst = "Adder">   --->   Core 1 'Adder' <Latency = 0> <II = 1> <Delay = 0.57> <FuncUnit> <Opcode : 'add' 'sub'> <InPorts = 2> <OutPorts = 1>
ST_2 : Operation 93 [1/1] (0.00ns)   --->   "%br_ln303 = br i1 %icmp_ln303, void %.preheader, void %.exitStub" [/home/edci/workspace/SQA_kernels/src/qmc.cpp:303]   --->   Operation 93 'br' 'br_ln303' <Predicate = true> <Delay = 0.00>
ST_2 : Operation 94 [1/1] (0.00ns)   --->   "%packOfst_load = load i4 %packOfst" [/home/edci/workspace/SQA_kernels/src/qmc.cpp:304]   --->   Operation 94 'load' 'packOfst_load' <Predicate = (!icmp_ln303)> <Delay = 0.00>
ST_2 : Operation 95 [1/1] (0.65ns)   --->   "%icmp_ln304 = icmp_eq  i4 %packOfst_load, i4 8" [/home/edci/workspace/SQA_kernels/src/qmc.cpp:304]   --->   Operation 95 'icmp' 'icmp_ln304' <Predicate = (!icmp_ln303)> <Delay = 0.65> <CoreInst = "Cmp">   --->   Core 9 'Cmp' <Latency = 0> <II = 1> <Delay = 0.65> <FuncUnit> <Opcode : 'icmp'> <InPorts = 2> <OutPorts = 1>
ST_2 : Operation 96 [1/1] (0.35ns)   --->   "%select_ln303 = select i1 %icmp_ln304, i4 0, i4 %packOfst_load" [/home/edci/workspace/SQA_kernels/src/qmc.cpp:303]   --->   Operation 96 'select' 'select_ln303' <Predicate = (!icmp_ln303)> <Delay = 0.35> <CoreInst = "Sel">   --->   Core 73 'Sel' <Latency = 0> <II = 1> <Delay = 0.27> <FuncUnit> <Opcode : 'select'> <InPorts = 3> <OutPorts = 1>
ST_2 : Operation 97 [1/1] (0.00ns)   --->   "%zext_ln304 = zext i4 %select_ln303" [/home/edci/workspace/SQA_kernels/src/qmc.cpp:304]   --->   Operation 97 'zext' 'zext_ln304' <Predicate = (!icmp_ln303)> <Delay = 0.00>
ST_2 : Operation 98 [1/1] (0.00ns)   --->   "%trottersLocal_V_0_addr = getelementptr i512 %trottersLocal_V_0, i64 0, i64 %zext_ln304"   --->   Operation 98 'getelementptr' 'trottersLocal_V_0_addr' <Predicate = (!icmp_ln303)> <Delay = 0.00>
ST_2 : Operation 99 [2/2] (1.20ns)   --->   "%trottersLocal_V_0_load = load i3 %trottersLocal_V_0_addr"   --->   Operation 99 'load' 'trottersLocal_V_0_load' <Predicate = (!icmp_ln303)> <Delay = 1.20> <CoreInst = "RAM_2P_BRAM">   --->   Core 94 'RAM_2P_BRAM' <Latency = 1> <II = 1> <Delay = 1.20> <Storage> <Opcode : 'load' 'store'> <Ports = 2> <Width = 512> <Depth = 8> <RAM>
ST_2 : Operation 100 [1/1] (0.00ns)   --->   "%trottersLocal_V_1_addr = getelementptr i512 %trottersLocal_V_1, i64 0, i64 %zext_ln304"   --->   Operation 100 'getelementptr' 'trottersLocal_V_1_addr' <Predicate = (!icmp_ln303)> <Delay = 0.00>
ST_2 : Operation 101 [2/2] (1.20ns)   --->   "%trottersLocal_V_1_load = load i3 %trottersLocal_V_1_addr"   --->   Operation 101 'load' 'trottersLocal_V_1_load' <Predicate = (!icmp_ln303)> <Delay = 1.20> <CoreInst = "RAM_2P_BRAM">   --->   Core 94 'RAM_2P_BRAM' <Latency = 1> <II = 1> <Delay = 1.20> <Storage> <Opcode : 'load' 'store'> <Ports = 2> <Width = 512> <Depth = 8> <RAM>
ST_2 : Operation 102 [1/1] (0.00ns)   --->   "%trottersLocal_V_2_addr = getelementptr i512 %trottersLocal_V_2, i64 0, i64 %zext_ln304"   --->   Operation 102 'getelementptr' 'trottersLocal_V_2_addr' <Predicate = (!icmp_ln303)> <Delay = 0.00>
ST_2 : Operation 103 [2/2] (1.20ns)   --->   "%trottersLocal_V_2_load = load i3 %trottersLocal_V_2_addr"   --->   Operation 103 'load' 'trottersLocal_V_2_load' <Predicate = (!icmp_ln303)> <Delay = 1.20> <CoreInst = "RAM_2P_BRAM">   --->   Core 94 'RAM_2P_BRAM' <Latency = 1> <II = 1> <Delay = 1.20> <Storage> <Opcode : 'load' 'store'> <Ports = 2> <Width = 512> <Depth = 8> <RAM>
ST_2 : Operation 104 [1/1] (0.00ns)   --->   "%trottersLocal_V_3_addr = getelementptr i512 %trottersLocal_V_3, i64 0, i64 %zext_ln304"   --->   Operation 104 'getelementptr' 'trottersLocal_V_3_addr' <Predicate = (!icmp_ln303)> <Delay = 0.00>
ST_2 : Operation 105 [2/2] (1.20ns)   --->   "%trottersLocal_V_3_load = load i3 %trottersLocal_V_3_addr"   --->   Operation 105 'load' 'trottersLocal_V_3_load' <Predicate = (!icmp_ln303)> <Delay = 1.20> <CoreInst = "RAM_2P_BRAM">   --->   Core 94 'RAM_2P_BRAM' <Latency = 1> <II = 1> <Delay = 1.20> <Storage> <Opcode : 'load' 'store'> <Ports = 2> <Width = 512> <Depth = 8> <RAM>
ST_2 : Operation 106 [1/1] (0.70ns)   --->   "%add_ln305 = add i4 %select_ln303, i4 1" [/home/edci/workspace/SQA_kernels/src/qmc.cpp:305]   --->   Operation 106 'add' 'add_ln305' <Predicate = (!icmp_ln303)> <Delay = 0.70> <CoreInst = "Adder">   --->   Core 1 'Adder' <Latency = 0> <II = 1> <Delay = 0.57> <FuncUnit> <Opcode : 'add' 'sub'> <InPorts = 2> <OutPorts = 1>
ST_2 : Operation 107 [1/1] (0.38ns)   --->   "%store_ln303 = store i6 %add_ln303, i6 %indvar_flatten21" [/home/edci/workspace/SQA_kernels/src/qmc.cpp:303]   --->   Operation 107 'store' 'store_ln303' <Predicate = (!icmp_ln303)> <Delay = 0.38>
ST_2 : Operation 108 [1/1] (0.38ns)   --->   "%store_ln305 = store i4 %add_ln305, i4 %packOfst" [/home/edci/workspace/SQA_kernels/src/qmc.cpp:305]   --->   Operation 108 'store' 'store_ln305' <Predicate = (!icmp_ln303)> <Delay = 0.38>

State 3 <SV = 2> <Delay = 1.65>
ST_3 : Operation 109 [1/1] (0.00ns)   --->   "%t_load = load i3 %t" [/home/edci/workspace/SQA_kernels/src/qmc.cpp:303]   --->   Operation 109 'load' 't_load' <Predicate = true> <Delay = 0.00>
ST_3 : Operation 110 [1/1] (0.57ns)   --->   "%add_ln303_1 = add i3 %t_load, i3 1" [/home/edci/workspace/SQA_kernels/src/qmc.cpp:303]   --->   Operation 110 'add' 'add_ln303_1' <Predicate = (icmp_ln304)> <Delay = 0.57> <CoreInst = "Adder">   --->   Core 1 'Adder' <Latency = 0> <II = 1> <Delay = 0.57> <FuncUnit> <Opcode : 'add' 'sub'> <InPorts = 2> <OutPorts = 1>
ST_3 : Operation 111 [1/1] (0.27ns)   --->   "%select_ln303_1 = select i1 %icmp_ln304, i3 %add_ln303_1, i3 %t_load" [/home/edci/workspace/SQA_kernels/src/qmc.cpp:303]   --->   Operation 111 'select' 'select_ln303_1' <Predicate = true> <Delay = 0.27> <CoreInst = "Sel">   --->   Core 73 'Sel' <Latency = 0> <II = 1> <Delay = 0.27> <FuncUnit> <Opcode : 'select'> <InPorts = 3> <OutPorts = 1>
ST_3 : Operation 112 [1/1] (0.00ns)   --->   "%trunc_ln303 = trunc i3 %select_ln303_1" [/home/edci/workspace/SQA_kernels/src/qmc.cpp:303]   --->   Operation 112 'trunc' 'trunc_ln303' <Predicate = true> <Delay = 0.00>
ST_3 : Operation 113 [1/2] (1.20ns)   --->   "%trottersLocal_V_0_load = load i3 %trottersLocal_V_0_addr"   --->   Operation 113 'load' 'trottersLocal_V_0_load' <Predicate = true> <Delay = 1.20> <CoreInst = "RAM_2P_BRAM">   --->   Core 94 'RAM_2P_BRAM' <Latency = 1> <II = 1> <Delay = 1.20> <Storage> <Opcode : 'load' 'store'> <Ports = 2> <Width = 512> <Depth = 8> <RAM>
ST_3 : Operation 114 [1/2] (1.20ns)   --->   "%trottersLocal_V_1_load = load i3 %trottersLocal_V_1_addr"   --->   Operation 114 'load' 'trottersLocal_V_1_load' <Predicate = true> <Delay = 1.20> <CoreInst = "RAM_2P_BRAM">   --->   Core 94 'RAM_2P_BRAM' <Latency = 1> <II = 1> <Delay = 1.20> <Storage> <Opcode : 'load' 'store'> <Ports = 2> <Width = 512> <Depth = 8> <RAM>
ST_3 : Operation 115 [1/2] (1.20ns)   --->   "%trottersLocal_V_2_load = load i3 %trottersLocal_V_2_addr"   --->   Operation 115 'load' 'trottersLocal_V_2_load' <Predicate = true> <Delay = 1.20> <CoreInst = "RAM_2P_BRAM">   --->   Core 94 'RAM_2P_BRAM' <Latency = 1> <II = 1> <Delay = 1.20> <Storage> <Opcode : 'load' 'store'> <Ports = 2> <Width = 512> <Depth = 8> <RAM>
ST_3 : Operation 116 [1/2] (1.20ns)   --->   "%trottersLocal_V_3_load = load i3 %trottersLocal_V_3_addr"   --->   Operation 116 'load' 'trottersLocal_V_3_load' <Predicate = true> <Delay = 1.20> <CoreInst = "RAM_2P_BRAM">   --->   Core 94 'RAM_2P_BRAM' <Latency = 1> <II = 1> <Delay = 1.20> <Storage> <Opcode : 'load' 'store'> <Ports = 2> <Width = 512> <Depth = 8> <RAM>
ST_3 : Operation 117 [1/1] (0.45ns)   --->   "%p_Val2_s = mux i512 @_ssdm_op_Mux.ap_auto.4i512.i2, i512 %trottersLocal_V_0_load, i512 %trottersLocal_V_1_load, i512 %trottersLocal_V_2_load, i512 %trottersLocal_V_3_load, i2 %trunc_ln303"   --->   Operation 117 'mux' 'p_Val2_s' <Predicate = true> <Delay = 0.45> <CoreInst = "Multiplexer">   --->   Core 76 'Multiplexer' <Latency = 0> <II = 1> <Delay = 0.45> <FuncUnit> <Opcode : 'mux'> <InPorts = 2> <OutPorts = 1>
ST_3 : Operation 118 [1/1] (0.38ns)   --->   "%store_ln303 = store i3 %select_ln303_1, i3 %t" [/home/edci/workspace/SQA_kernels/src/qmc.cpp:303]   --->   Operation 118 'store' 'store_ln303' <Predicate = true> <Delay = 0.38>

State 4 <SV = 3> <Delay = 2.43>
ST_4 : Operation 119 [1/1] (0.00ns)   --->   "%specloopname_ln0 = specloopname void @_ssdm_op_SpecLoopName, void @WRITE_TROTTERS_VITIS_LOOP_304_7_str"   --->   Operation 119 'specloopname' 'specloopname_ln0' <Predicate = true> <Delay = 0.00>
ST_4 : Operation 120 [1/1] (0.00ns)   --->   "%empty = speclooptripcount i32 @_ssdm_op_SpecLoopTripCount, i64 32, i64 32, i64 32"   --->   Operation 120 'speclooptripcount' 'empty' <Predicate = true> <Delay = 0.00>
ST_4 : Operation 121 [1/1] (0.00ns)   --->   "%specpipeline_ln304 = specpipeline void @_ssdm_op_SpecPipeline, i32 4294967295, i32 0, i32 0, i32 0, void @empty_5" [/home/edci/workspace/SQA_kernels/src/qmc.cpp:304]   --->   Operation 121 'specpipeline' 'specpipeline_ln304' <Predicate = true> <Delay = 0.00>
ST_4 : Operation 122 [1/1] (0.00ns)   --->   "%specloopname_ln304 = specloopname void @_ssdm_op_SpecLoopName, void @empty_9" [/home/edci/workspace/SQA_kernels/src/qmc.cpp:304]   --->   Operation 122 'specloopname' 'specloopname_ln304' <Predicate = true> <Delay = 0.00>
ST_4 : Operation 123 [1/1] (2.43ns)   --->   "%write_ln849 = write void @_ssdm_op_Write.m_axi.i512P1A, i512 %gmem0_addr, i512 %p_Val2_s, i64 18446744073709551615"   --->   Operation 123 'write' 'write_ln849' <Predicate = true> <Delay = 2.43> <CoreInst = "m_axi">   --->   Core 121 'm_axi' <Latency = 5> <II = 1> <Delay = 1.00> <Adapter> <Opcode : 'read' 'write' 'readreq' 'writereq' 'writeresp'>
ST_4 : Operation 124 [1/1] (0.00ns)   --->   "%br_ln0 = br void %.preheader.preheader"   --->   Operation 124 'br' 'br_ln0' <Predicate = true> <Delay = 0.00>

State 5 <SV = 2> <Delay = 2.43>
ST_5 : Operation 125 [68/68] (2.43ns)   --->   "%p_wr_resp = writeresp i1 @_ssdm_op_WriteResp.m_axi.i512P1A, i512 %gmem0_addr"   --->   Operation 125 'writeresp' 'p_wr_resp' <Predicate = true> <Delay = 2.43> <CoreInst = "m_axi">   --->   Core 121 'm_axi' <Latency = 3> <II = 1> <Delay = 1.00> <Adapter> <Opcode : 'read' 'write' 'readreq' 'writereq' 'writeresp'>

State 6 <SV = 3> <Delay = 2.43>
ST_6 : Operation 126 [67/68] (2.43ns)   --->   "%p_wr_resp = writeresp i1 @_ssdm_op_WriteResp.m_axi.i512P1A, i512 %gmem0_addr"   --->   Operation 126 'writeresp' 'p_wr_resp' <Predicate = true> <Delay = 2.43> <CoreInst = "m_axi">   --->   Core 121 'm_axi' <Latency = 3> <II = 1> <Delay = 1.00> <Adapter> <Opcode : 'read' 'write' 'readreq' 'writereq' 'writeresp'>

State 7 <SV = 4> <Delay = 2.43>
ST_7 : Operation 127 [66/68] (2.43ns)   --->   "%p_wr_resp = writeresp i1 @_ssdm_op_WriteResp.m_axi.i512P1A, i512 %gmem0_addr"   --->   Operation 127 'writeresp' 'p_wr_resp' <Predicate = true> <Delay = 2.43> <CoreInst = "m_axi">   --->   Core 121 'm_axi' <Latency = 3> <II = 1> <Delay = 1.00> <Adapter> <Opcode : 'read' 'write' 'readreq' 'writereq' 'writeresp'>

State 8 <SV = 5> <Delay = 2.43>
ST_8 : Operation 128 [65/68] (2.43ns)   --->   "%p_wr_resp = writeresp i1 @_ssdm_op_WriteResp.m_axi.i512P1A, i512 %gmem0_addr"   --->   Operation 128 'writeresp' 'p_wr_resp' <Predicate = true> <Delay = 2.43> <CoreInst = "m_axi">   --->   Core 121 'm_axi' <Latency = 3> <II = 1> <Delay = 1.00> <Adapter> <Opcode : 'read' 'write' 'readreq' 'writereq' 'writeresp'>

State 9 <SV = 6> <Delay = 2.43>
ST_9 : Operation 129 [64/68] (2.43ns)   --->   "%p_wr_resp = writeresp i1 @_ssdm_op_WriteResp.m_axi.i512P1A, i512 %gmem0_addr"   --->   Operation 129 'writeresp' 'p_wr_resp' <Predicate = true> <Delay = 2.43> <CoreInst = "m_axi">   --->   Core 121 'm_axi' <Latency = 3> <II = 1> <Delay = 1.00> <Adapter> <Opcode : 'read' 'write' 'readreq' 'writereq' 'writeresp'>

State 10 <SV = 7> <Delay = 2.43>
ST_10 : Operation 130 [63/68] (2.43ns)   --->   "%p_wr_resp = writeresp i1 @_ssdm_op_WriteResp.m_axi.i512P1A, i512 %gmem0_addr"   --->   Operation 130 'writeresp' 'p_wr_resp' <Predicate = true> <Delay = 2.43> <CoreInst = "m_axi">   --->   Core 121 'm_axi' <Latency = 3> <II = 1> <Delay = 1.00> <Adapter> <Opcode : 'read' 'write' 'readreq' 'writereq' 'writeresp'>

State 11 <SV = 8> <Delay = 2.43>
ST_11 : Operation 131 [62/68] (2.43ns)   --->   "%p_wr_resp = writeresp i1 @_ssdm_op_WriteResp.m_axi.i512P1A, i512 %gmem0_addr"   --->   Operation 131 'writeresp' 'p_wr_resp' <Predicate = true> <Delay = 2.43> <CoreInst = "m_axi">   --->   Core 121 'm_axi' <Latency = 3> <II = 1> <Delay = 1.00> <Adapter> <Opcode : 'read' 'write' 'readreq' 'writereq' 'writeresp'>

State 12 <SV = 9> <Delay = 2.43>
ST_12 : Operation 132 [61/68] (2.43ns)   --->   "%p_wr_resp = writeresp i1 @_ssdm_op_WriteResp.m_axi.i512P1A, i512 %gmem0_addr"   --->   Operation 132 'writeresp' 'p_wr_resp' <Predicate = true> <Delay = 2.43> <CoreInst = "m_axi">   --->   Core 121 'm_axi' <Latency = 3> <II = 1> <Delay = 1.00> <Adapter> <Opcode : 'read' 'write' 'readreq' 'writereq' 'writeresp'>

State 13 <SV = 10> <Delay = 2.43>
ST_13 : Operation 133 [60/68] (2.43ns)   --->   "%p_wr_resp = writeresp i1 @_ssdm_op_WriteResp.m_axi.i512P1A, i512 %gmem0_addr"   --->   Operation 133 'writeresp' 'p_wr_resp' <Predicate = true> <Delay = 2.43> <CoreInst = "m_axi">   --->   Core 121 'm_axi' <Latency = 3> <II = 1> <Delay = 1.00> <Adapter> <Opcode : 'read' 'write' 'readreq' 'writereq' 'writeresp'>

State 14 <SV = 11> <Delay = 2.43>
ST_14 : Operation 134 [59/68] (2.43ns)   --->   "%p_wr_resp = writeresp i1 @_ssdm_op_WriteResp.m_axi.i512P1A, i512 %gmem0_addr"   --->   Operation 134 'writeresp' 'p_wr_resp' <Predicate = true> <Delay = 2.43> <CoreInst = "m_axi">   --->   Core 121 'm_axi' <Latency = 3> <II = 1> <Delay = 1.00> <Adapter> <Opcode : 'read' 'write' 'readreq' 'writereq' 'writeresp'>

State 15 <SV = 12> <Delay = 2.43>
ST_15 : Operation 135 [58/68] (2.43ns)   --->   "%p_wr_resp = writeresp i1 @_ssdm_op_WriteResp.m_axi.i512P1A, i512 %gmem0_addr"   --->   Operation 135 'writeresp' 'p_wr_resp' <Predicate = true> <Delay = 2.43> <CoreInst = "m_axi">   --->   Core 121 'm_axi' <Latency = 3> <II = 1> <Delay = 1.00> <Adapter> <Opcode : 'read' 'write' 'readreq' 'writereq' 'writeresp'>

State 16 <SV = 13> <Delay = 2.43>
ST_16 : Operation 136 [57/68] (2.43ns)   --->   "%p_wr_resp = writeresp i1 @_ssdm_op_WriteResp.m_axi.i512P1A, i512 %gmem0_addr"   --->   Operation 136 'writeresp' 'p_wr_resp' <Predicate = true> <Delay = 2.43> <CoreInst = "m_axi">   --->   Core 121 'm_axi' <Latency = 3> <II = 1> <Delay = 1.00> <Adapter> <Opcode : 'read' 'write' 'readreq' 'writereq' 'writeresp'>

State 17 <SV = 14> <Delay = 2.43>
ST_17 : Operation 137 [56/68] (2.43ns)   --->   "%p_wr_resp = writeresp i1 @_ssdm_op_WriteResp.m_axi.i512P1A, i512 %gmem0_addr"   --->   Operation 137 'writeresp' 'p_wr_resp' <Predicate = true> <Delay = 2.43> <CoreInst = "m_axi">   --->   Core 121 'm_axi' <Latency = 3> <II = 1> <Delay = 1.00> <Adapter> <Opcode : 'read' 'write' 'readreq' 'writereq' 'writeresp'>

State 18 <SV = 15> <Delay = 2.43>
ST_18 : Operation 138 [55/68] (2.43ns)   --->   "%p_wr_resp = writeresp i1 @_ssdm_op_WriteResp.m_axi.i512P1A, i512 %gmem0_addr"   --->   Operation 138 'writeresp' 'p_wr_resp' <Predicate = true> <Delay = 2.43> <CoreInst = "m_axi">   --->   Core 121 'm_axi' <Latency = 3> <II = 1> <Delay = 1.00> <Adapter> <Opcode : 'read' 'write' 'readreq' 'writereq' 'writeresp'>

State 19 <SV = 16> <Delay = 2.43>
ST_19 : Operation 139 [54/68] (2.43ns)   --->   "%p_wr_resp = writeresp i1 @_ssdm_op_WriteResp.m_axi.i512P1A, i512 %gmem0_addr"   --->   Operation 139 'writeresp' 'p_wr_resp' <Predicate = true> <Delay = 2.43> <CoreInst = "m_axi">   --->   Core 121 'm_axi' <Latency = 3> <II = 1> <Delay = 1.00> <Adapter> <Opcode : 'read' 'write' 'readreq' 'writereq' 'writeresp'>

State 20 <SV = 17> <Delay = 2.43>
ST_20 : Operation 140 [53/68] (2.43ns)   --->   "%p_wr_resp = writeresp i1 @_ssdm_op_WriteResp.m_axi.i512P1A, i512 %gmem0_addr"   --->   Operation 140 'writeresp' 'p_wr_resp' <Predicate = true> <Delay = 2.43> <CoreInst = "m_axi">   --->   Core 121 'm_axi' <Latency = 3> <II = 1> <Delay = 1.00> <Adapter> <Opcode : 'read' 'write' 'readreq' 'writereq' 'writeresp'>

State 21 <SV = 18> <Delay = 2.43>
ST_21 : Operation 141 [52/68] (2.43ns)   --->   "%p_wr_resp = writeresp i1 @_ssdm_op_WriteResp.m_axi.i512P1A, i512 %gmem0_addr"   --->   Operation 141 'writeresp' 'p_wr_resp' <Predicate = true> <Delay = 2.43> <CoreInst = "m_axi">   --->   Core 121 'm_axi' <Latency = 3> <II = 1> <Delay = 1.00> <Adapter> <Opcode : 'read' 'write' 'readreq' 'writereq' 'writeresp'>

State 22 <SV = 19> <Delay = 2.43>
ST_22 : Operation 142 [51/68] (2.43ns)   --->   "%p_wr_resp = writeresp i1 @_ssdm_op_WriteResp.m_axi.i512P1A, i512 %gmem0_addr"   --->   Operation 142 'writeresp' 'p_wr_resp' <Predicate = true> <Delay = 2.43> <CoreInst = "m_axi">   --->   Core 121 'm_axi' <Latency = 3> <II = 1> <Delay = 1.00> <Adapter> <Opcode : 'read' 'write' 'readreq' 'writereq' 'writeresp'>

State 23 <SV = 20> <Delay = 2.43>
ST_23 : Operation 143 [50/68] (2.43ns)   --->   "%p_wr_resp = writeresp i1 @_ssdm_op_WriteResp.m_axi.i512P1A, i512 %gmem0_addr"   --->   Operation 143 'writeresp' 'p_wr_resp' <Predicate = true> <Delay = 2.43> <CoreInst = "m_axi">   --->   Core 121 'm_axi' <Latency = 3> <II = 1> <Delay = 1.00> <Adapter> <Opcode : 'read' 'write' 'readreq' 'writereq' 'writeresp'>

State 24 <SV = 21> <Delay = 2.43>
ST_24 : Operation 144 [49/68] (2.43ns)   --->   "%p_wr_resp = writeresp i1 @_ssdm_op_WriteResp.m_axi.i512P1A, i512 %gmem0_addr"   --->   Operation 144 'writeresp' 'p_wr_resp' <Predicate = true> <Delay = 2.43> <CoreInst = "m_axi">   --->   Core 121 'm_axi' <Latency = 3> <II = 1> <Delay = 1.00> <Adapter> <Opcode : 'read' 'write' 'readreq' 'writereq' 'writeresp'>

State 25 <SV = 22> <Delay = 2.43>
ST_25 : Operation 145 [48/68] (2.43ns)   --->   "%p_wr_resp = writeresp i1 @_ssdm_op_WriteResp.m_axi.i512P1A, i512 %gmem0_addr"   --->   Operation 145 'writeresp' 'p_wr_resp' <Predicate = true> <Delay = 2.43> <CoreInst = "m_axi">   --->   Core 121 'm_axi' <Latency = 3> <II = 1> <Delay = 1.00> <Adapter> <Opcode : 'read' 'write' 'readreq' 'writereq' 'writeresp'>

State 26 <SV = 23> <Delay = 2.43>
ST_26 : Operation 146 [47/68] (2.43ns)   --->   "%p_wr_resp = writeresp i1 @_ssdm_op_WriteResp.m_axi.i512P1A, i512 %gmem0_addr"   --->   Operation 146 'writeresp' 'p_wr_resp' <Predicate = true> <Delay = 2.43> <CoreInst = "m_axi">   --->   Core 121 'm_axi' <Latency = 3> <II = 1> <Delay = 1.00> <Adapter> <Opcode : 'read' 'write' 'readreq' 'writereq' 'writeresp'>

State 27 <SV = 24> <Delay = 2.43>
ST_27 : Operation 147 [46/68] (2.43ns)   --->   "%p_wr_resp = writeresp i1 @_ssdm_op_WriteResp.m_axi.i512P1A, i512 %gmem0_addr"   --->   Operation 147 'writeresp' 'p_wr_resp' <Predicate = true> <Delay = 2.43> <CoreInst = "m_axi">   --->   Core 121 'm_axi' <Latency = 3> <II = 1> <Delay = 1.00> <Adapter> <Opcode : 'read' 'write' 'readreq' 'writereq' 'writeresp'>

State 28 <SV = 25> <Delay = 2.43>
ST_28 : Operation 148 [45/68] (2.43ns)   --->   "%p_wr_resp = writeresp i1 @_ssdm_op_WriteResp.m_axi.i512P1A, i512 %gmem0_addr"   --->   Operation 148 'writeresp' 'p_wr_resp' <Predicate = true> <Delay = 2.43> <CoreInst = "m_axi">   --->   Core 121 'm_axi' <Latency = 3> <II = 1> <Delay = 1.00> <Adapter> <Opcode : 'read' 'write' 'readreq' 'writereq' 'writeresp'>

State 29 <SV = 26> <Delay = 2.43>
ST_29 : Operation 149 [44/68] (2.43ns)   --->   "%p_wr_resp = writeresp i1 @_ssdm_op_WriteResp.m_axi.i512P1A, i512 %gmem0_addr"   --->   Operation 149 'writeresp' 'p_wr_resp' <Predicate = true> <Delay = 2.43> <CoreInst = "m_axi">   --->   Core 121 'm_axi' <Latency = 3> <II = 1> <Delay = 1.00> <Adapter> <Opcode : 'read' 'write' 'readreq' 'writereq' 'writeresp'>

State 30 <SV = 27> <Delay = 2.43>
ST_30 : Operation 150 [43/68] (2.43ns)   --->   "%p_wr_resp = writeresp i1 @_ssdm_op_WriteResp.m_axi.i512P1A, i512 %gmem0_addr"   --->   Operation 150 'writeresp' 'p_wr_resp' <Predicate = true> <Delay = 2.43> <CoreInst = "m_axi">   --->   Core 121 'm_axi' <Latency = 3> <II = 1> <Delay = 1.00> <Adapter> <Opcode : 'read' 'write' 'readreq' 'writereq' 'writeresp'>

State 31 <SV = 28> <Delay = 2.43>
ST_31 : Operation 151 [42/68] (2.43ns)   --->   "%p_wr_resp = writeresp i1 @_ssdm_op_WriteResp.m_axi.i512P1A, i512 %gmem0_addr"   --->   Operation 151 'writeresp' 'p_wr_resp' <Predicate = true> <Delay = 2.43> <CoreInst = "m_axi">   --->   Core 121 'm_axi' <Latency = 3> <II = 1> <Delay = 1.00> <Adapter> <Opcode : 'read' 'write' 'readreq' 'writereq' 'writeresp'>

State 32 <SV = 29> <Delay = 2.43>
ST_32 : Operation 152 [41/68] (2.43ns)   --->   "%p_wr_resp = writeresp i1 @_ssdm_op_WriteResp.m_axi.i512P1A, i512 %gmem0_addr"   --->   Operation 152 'writeresp' 'p_wr_resp' <Predicate = true> <Delay = 2.43> <CoreInst = "m_axi">   --->   Core 121 'm_axi' <Latency = 3> <II = 1> <Delay = 1.00> <Adapter> <Opcode : 'read' 'write' 'readreq' 'writereq' 'writeresp'>

State 33 <SV = 30> <Delay = 2.43>
ST_33 : Operation 153 [40/68] (2.43ns)   --->   "%p_wr_resp = writeresp i1 @_ssdm_op_WriteResp.m_axi.i512P1A, i512 %gmem0_addr"   --->   Operation 153 'writeresp' 'p_wr_resp' <Predicate = true> <Delay = 2.43> <CoreInst = "m_axi">   --->   Core 121 'm_axi' <Latency = 3> <II = 1> <Delay = 1.00> <Adapter> <Opcode : 'read' 'write' 'readreq' 'writereq' 'writeresp'>

State 34 <SV = 31> <Delay = 2.43>
ST_34 : Operation 154 [39/68] (2.43ns)   --->   "%p_wr_resp = writeresp i1 @_ssdm_op_WriteResp.m_axi.i512P1A, i512 %gmem0_addr"   --->   Operation 154 'writeresp' 'p_wr_resp' <Predicate = true> <Delay = 2.43> <CoreInst = "m_axi">   --->   Core 121 'm_axi' <Latency = 3> <II = 1> <Delay = 1.00> <Adapter> <Opcode : 'read' 'write' 'readreq' 'writereq' 'writeresp'>

State 35 <SV = 32> <Delay = 2.43>
ST_35 : Operation 155 [38/68] (2.43ns)   --->   "%p_wr_resp = writeresp i1 @_ssdm_op_WriteResp.m_axi.i512P1A, i512 %gmem0_addr"   --->   Operation 155 'writeresp' 'p_wr_resp' <Predicate = true> <Delay = 2.43> <CoreInst = "m_axi">   --->   Core 121 'm_axi' <Latency = 3> <II = 1> <Delay = 1.00> <Adapter> <Opcode : 'read' 'write' 'readreq' 'writereq' 'writeresp'>

State 36 <SV = 33> <Delay = 2.43>
ST_36 : Operation 156 [37/68] (2.43ns)   --->   "%p_wr_resp = writeresp i1 @_ssdm_op_WriteResp.m_axi.i512P1A, i512 %gmem0_addr"   --->   Operation 156 'writeresp' 'p_wr_resp' <Predicate = true> <Delay = 2.43> <CoreInst = "m_axi">   --->   Core 121 'm_axi' <Latency = 3> <II = 1> <Delay = 1.00> <Adapter> <Opcode : 'read' 'write' 'readreq' 'writereq' 'writeresp'>

State 37 <SV = 34> <Delay = 2.43>
ST_37 : Operation 157 [36/68] (2.43ns)   --->   "%p_wr_resp = writeresp i1 @_ssdm_op_WriteResp.m_axi.i512P1A, i512 %gmem0_addr"   --->   Operation 157 'writeresp' 'p_wr_resp' <Predicate = true> <Delay = 2.43> <CoreInst = "m_axi">   --->   Core 121 'm_axi' <Latency = 3> <II = 1> <Delay = 1.00> <Adapter> <Opcode : 'read' 'write' 'readreq' 'writereq' 'writeresp'>

State 38 <SV = 35> <Delay = 2.43>
ST_38 : Operation 158 [35/68] (2.43ns)   --->   "%p_wr_resp = writeresp i1 @_ssdm_op_WriteResp.m_axi.i512P1A, i512 %gmem0_addr"   --->   Operation 158 'writeresp' 'p_wr_resp' <Predicate = true> <Delay = 2.43> <CoreInst = "m_axi">   --->   Core 121 'm_axi' <Latency = 3> <II = 1> <Delay = 1.00> <Adapter> <Opcode : 'read' 'write' 'readreq' 'writereq' 'writeresp'>

State 39 <SV = 36> <Delay = 2.43>
ST_39 : Operation 159 [34/68] (2.43ns)   --->   "%p_wr_resp = writeresp i1 @_ssdm_op_WriteResp.m_axi.i512P1A, i512 %gmem0_addr"   --->   Operation 159 'writeresp' 'p_wr_resp' <Predicate = true> <Delay = 2.43> <CoreInst = "m_axi">   --->   Core 121 'm_axi' <Latency = 3> <II = 1> <Delay = 1.00> <Adapter> <Opcode : 'read' 'write' 'readreq' 'writereq' 'writeresp'>

State 40 <SV = 37> <Delay = 2.43>
ST_40 : Operation 160 [33/68] (2.43ns)   --->   "%p_wr_resp = writeresp i1 @_ssdm_op_WriteResp.m_axi.i512P1A, i512 %gmem0_addr"   --->   Operation 160 'writeresp' 'p_wr_resp' <Predicate = true> <Delay = 2.43> <CoreInst = "m_axi">   --->   Core 121 'm_axi' <Latency = 3> <II = 1> <Delay = 1.00> <Adapter> <Opcode : 'read' 'write' 'readreq' 'writereq' 'writeresp'>

State 41 <SV = 38> <Delay = 2.43>
ST_41 : Operation 161 [32/68] (2.43ns)   --->   "%p_wr_resp = writeresp i1 @_ssdm_op_WriteResp.m_axi.i512P1A, i512 %gmem0_addr"   --->   Operation 161 'writeresp' 'p_wr_resp' <Predicate = true> <Delay = 2.43> <CoreInst = "m_axi">   --->   Core 121 'm_axi' <Latency = 3> <II = 1> <Delay = 1.00> <Adapter> <Opcode : 'read' 'write' 'readreq' 'writereq' 'writeresp'>

State 42 <SV = 39> <Delay = 2.43>
ST_42 : Operation 162 [31/68] (2.43ns)   --->   "%p_wr_resp = writeresp i1 @_ssdm_op_WriteResp.m_axi.i512P1A, i512 %gmem0_addr"   --->   Operation 162 'writeresp' 'p_wr_resp' <Predicate = true> <Delay = 2.43> <CoreInst = "m_axi">   --->   Core 121 'm_axi' <Latency = 3> <II = 1> <Delay = 1.00> <Adapter> <Opcode : 'read' 'write' 'readreq' 'writereq' 'writeresp'>

State 43 <SV = 40> <Delay = 2.43>
ST_43 : Operation 163 [30/68] (2.43ns)   --->   "%p_wr_resp = writeresp i1 @_ssdm_op_WriteResp.m_axi.i512P1A, i512 %gmem0_addr"   --->   Operation 163 'writeresp' 'p_wr_resp' <Predicate = true> <Delay = 2.43> <CoreInst = "m_axi">   --->   Core 121 'm_axi' <Latency = 3> <II = 1> <Delay = 1.00> <Adapter> <Opcode : 'read' 'write' 'readreq' 'writereq' 'writeresp'>

State 44 <SV = 41> <Delay = 2.43>
ST_44 : Operation 164 [29/68] (2.43ns)   --->   "%p_wr_resp = writeresp i1 @_ssdm_op_WriteResp.m_axi.i512P1A, i512 %gmem0_addr"   --->   Operation 164 'writeresp' 'p_wr_resp' <Predicate = true> <Delay = 2.43> <CoreInst = "m_axi">   --->   Core 121 'm_axi' <Latency = 3> <II = 1> <Delay = 1.00> <Adapter> <Opcode : 'read' 'write' 'readreq' 'writereq' 'writeresp'>

State 45 <SV = 42> <Delay = 2.43>
ST_45 : Operation 165 [28/68] (2.43ns)   --->   "%p_wr_resp = writeresp i1 @_ssdm_op_WriteResp.m_axi.i512P1A, i512 %gmem0_addr"   --->   Operation 165 'writeresp' 'p_wr_resp' <Predicate = true> <Delay = 2.43> <CoreInst = "m_axi">   --->   Core 121 'm_axi' <Latency = 3> <II = 1> <Delay = 1.00> <Adapter> <Opcode : 'read' 'write' 'readreq' 'writereq' 'writeresp'>

State 46 <SV = 43> <Delay = 2.43>
ST_46 : Operation 166 [27/68] (2.43ns)   --->   "%p_wr_resp = writeresp i1 @_ssdm_op_WriteResp.m_axi.i512P1A, i512 %gmem0_addr"   --->   Operation 166 'writeresp' 'p_wr_resp' <Predicate = true> <Delay = 2.43> <CoreInst = "m_axi">   --->   Core 121 'm_axi' <Latency = 3> <II = 1> <Delay = 1.00> <Adapter> <Opcode : 'read' 'write' 'readreq' 'writereq' 'writeresp'>

State 47 <SV = 44> <Delay = 2.43>
ST_47 : Operation 167 [26/68] (2.43ns)   --->   "%p_wr_resp = writeresp i1 @_ssdm_op_WriteResp.m_axi.i512P1A, i512 %gmem0_addr"   --->   Operation 167 'writeresp' 'p_wr_resp' <Predicate = true> <Delay = 2.43> <CoreInst = "m_axi">   --->   Core 121 'm_axi' <Latency = 3> <II = 1> <Delay = 1.00> <Adapter> <Opcode : 'read' 'write' 'readreq' 'writereq' 'writeresp'>

State 48 <SV = 45> <Delay = 2.43>
ST_48 : Operation 168 [25/68] (2.43ns)   --->   "%p_wr_resp = writeresp i1 @_ssdm_op_WriteResp.m_axi.i512P1A, i512 %gmem0_addr"   --->   Operation 168 'writeresp' 'p_wr_resp' <Predicate = true> <Delay = 2.43> <CoreInst = "m_axi">   --->   Core 121 'm_axi' <Latency = 3> <II = 1> <Delay = 1.00> <Adapter> <Opcode : 'read' 'write' 'readreq' 'writereq' 'writeresp'>

State 49 <SV = 46> <Delay = 2.43>
ST_49 : Operation 169 [24/68] (2.43ns)   --->   "%p_wr_resp = writeresp i1 @_ssdm_op_WriteResp.m_axi.i512P1A, i512 %gmem0_addr"   --->   Operation 169 'writeresp' 'p_wr_resp' <Predicate = true> <Delay = 2.43> <CoreInst = "m_axi">   --->   Core 121 'm_axi' <Latency = 3> <II = 1> <Delay = 1.00> <Adapter> <Opcode : 'read' 'write' 'readreq' 'writereq' 'writeresp'>

State 50 <SV = 47> <Delay = 2.43>
ST_50 : Operation 170 [23/68] (2.43ns)   --->   "%p_wr_resp = writeresp i1 @_ssdm_op_WriteResp.m_axi.i512P1A, i512 %gmem0_addr"   --->   Operation 170 'writeresp' 'p_wr_resp' <Predicate = true> <Delay = 2.43> <CoreInst = "m_axi">   --->   Core 121 'm_axi' <Latency = 3> <II = 1> <Delay = 1.00> <Adapter> <Opcode : 'read' 'write' 'readreq' 'writereq' 'writeresp'>

State 51 <SV = 48> <Delay = 2.43>
ST_51 : Operation 171 [22/68] (2.43ns)   --->   "%p_wr_resp = writeresp i1 @_ssdm_op_WriteResp.m_axi.i512P1A, i512 %gmem0_addr"   --->   Operation 171 'writeresp' 'p_wr_resp' <Predicate = true> <Delay = 2.43> <CoreInst = "m_axi">   --->   Core 121 'm_axi' <Latency = 3> <II = 1> <Delay = 1.00> <Adapter> <Opcode : 'read' 'write' 'readreq' 'writereq' 'writeresp'>

State 52 <SV = 49> <Delay = 2.43>
ST_52 : Operation 172 [21/68] (2.43ns)   --->   "%p_wr_resp = writeresp i1 @_ssdm_op_WriteResp.m_axi.i512P1A, i512 %gmem0_addr"   --->   Operation 172 'writeresp' 'p_wr_resp' <Predicate = true> <Delay = 2.43> <CoreInst = "m_axi">   --->   Core 121 'm_axi' <Latency = 3> <II = 1> <Delay = 1.00> <Adapter> <Opcode : 'read' 'write' 'readreq' 'writereq' 'writeresp'>

State 53 <SV = 50> <Delay = 2.43>
ST_53 : Operation 173 [20/68] (2.43ns)   --->   "%p_wr_resp = writeresp i1 @_ssdm_op_WriteResp.m_axi.i512P1A, i512 %gmem0_addr"   --->   Operation 173 'writeresp' 'p_wr_resp' <Predicate = true> <Delay = 2.43> <CoreInst = "m_axi">   --->   Core 121 'm_axi' <Latency = 3> <II = 1> <Delay = 1.00> <Adapter> <Opcode : 'read' 'write' 'readreq' 'writereq' 'writeresp'>

State 54 <SV = 51> <Delay = 2.43>
ST_54 : Operation 174 [19/68] (2.43ns)   --->   "%p_wr_resp = writeresp i1 @_ssdm_op_WriteResp.m_axi.i512P1A, i512 %gmem0_addr"   --->   Operation 174 'writeresp' 'p_wr_resp' <Predicate = true> <Delay = 2.43> <CoreInst = "m_axi">   --->   Core 121 'm_axi' <Latency = 3> <II = 1> <Delay = 1.00> <Adapter> <Opcode : 'read' 'write' 'readreq' 'writereq' 'writeresp'>

State 55 <SV = 52> <Delay = 2.43>
ST_55 : Operation 175 [18/68] (2.43ns)   --->   "%p_wr_resp = writeresp i1 @_ssdm_op_WriteResp.m_axi.i512P1A, i512 %gmem0_addr"   --->   Operation 175 'writeresp' 'p_wr_resp' <Predicate = true> <Delay = 2.43> <CoreInst = "m_axi">   --->   Core 121 'm_axi' <Latency = 3> <II = 1> <Delay = 1.00> <Adapter> <Opcode : 'read' 'write' 'readreq' 'writereq' 'writeresp'>

State 56 <SV = 53> <Delay = 2.43>
ST_56 : Operation 176 [17/68] (2.43ns)   --->   "%p_wr_resp = writeresp i1 @_ssdm_op_WriteResp.m_axi.i512P1A, i512 %gmem0_addr"   --->   Operation 176 'writeresp' 'p_wr_resp' <Predicate = true> <Delay = 2.43> <CoreInst = "m_axi">   --->   Core 121 'm_axi' <Latency = 3> <II = 1> <Delay = 1.00> <Adapter> <Opcode : 'read' 'write' 'readreq' 'writereq' 'writeresp'>

State 57 <SV = 54> <Delay = 2.43>
ST_57 : Operation 177 [16/68] (2.43ns)   --->   "%p_wr_resp = writeresp i1 @_ssdm_op_WriteResp.m_axi.i512P1A, i512 %gmem0_addr"   --->   Operation 177 'writeresp' 'p_wr_resp' <Predicate = true> <Delay = 2.43> <CoreInst = "m_axi">   --->   Core 121 'm_axi' <Latency = 3> <II = 1> <Delay = 1.00> <Adapter> <Opcode : 'read' 'write' 'readreq' 'writereq' 'writeresp'>

State 58 <SV = 55> <Delay = 2.43>
ST_58 : Operation 178 [15/68] (2.43ns)   --->   "%p_wr_resp = writeresp i1 @_ssdm_op_WriteResp.m_axi.i512P1A, i512 %gmem0_addr"   --->   Operation 178 'writeresp' 'p_wr_resp' <Predicate = true> <Delay = 2.43> <CoreInst = "m_axi">   --->   Core 121 'm_axi' <Latency = 3> <II = 1> <Delay = 1.00> <Adapter> <Opcode : 'read' 'write' 'readreq' 'writereq' 'writeresp'>

State 59 <SV = 56> <Delay = 2.43>
ST_59 : Operation 179 [14/68] (2.43ns)   --->   "%p_wr_resp = writeresp i1 @_ssdm_op_WriteResp.m_axi.i512P1A, i512 %gmem0_addr"   --->   Operation 179 'writeresp' 'p_wr_resp' <Predicate = true> <Delay = 2.43> <CoreInst = "m_axi">   --->   Core 121 'm_axi' <Latency = 3> <II = 1> <Delay = 1.00> <Adapter> <Opcode : 'read' 'write' 'readreq' 'writereq' 'writeresp'>

State 60 <SV = 57> <Delay = 2.43>
ST_60 : Operation 180 [13/68] (2.43ns)   --->   "%p_wr_resp = writeresp i1 @_ssdm_op_WriteResp.m_axi.i512P1A, i512 %gmem0_addr"   --->   Operation 180 'writeresp' 'p_wr_resp' <Predicate = true> <Delay = 2.43> <CoreInst = "m_axi">   --->   Core 121 'm_axi' <Latency = 3> <II = 1> <Delay = 1.00> <Adapter> <Opcode : 'read' 'write' 'readreq' 'writereq' 'writeresp'>

State 61 <SV = 58> <Delay = 2.43>
ST_61 : Operation 181 [12/68] (2.43ns)   --->   "%p_wr_resp = writeresp i1 @_ssdm_op_WriteResp.m_axi.i512P1A, i512 %gmem0_addr"   --->   Operation 181 'writeresp' 'p_wr_resp' <Predicate = true> <Delay = 2.43> <CoreInst = "m_axi">   --->   Core 121 'm_axi' <Latency = 3> <II = 1> <Delay = 1.00> <Adapter> <Opcode : 'read' 'write' 'readreq' 'writereq' 'writeresp'>

State 62 <SV = 59> <Delay = 2.43>
ST_62 : Operation 182 [11/68] (2.43ns)   --->   "%p_wr_resp = writeresp i1 @_ssdm_op_WriteResp.m_axi.i512P1A, i512 %gmem0_addr"   --->   Operation 182 'writeresp' 'p_wr_resp' <Predicate = true> <Delay = 2.43> <CoreInst = "m_axi">   --->   Core 121 'm_axi' <Latency = 3> <II = 1> <Delay = 1.00> <Adapter> <Opcode : 'read' 'write' 'readreq' 'writereq' 'writeresp'>

State 63 <SV = 60> <Delay = 2.43>
ST_63 : Operation 183 [10/68] (2.43ns)   --->   "%p_wr_resp = writeresp i1 @_ssdm_op_WriteResp.m_axi.i512P1A, i512 %gmem0_addr"   --->   Operation 183 'writeresp' 'p_wr_resp' <Predicate = true> <Delay = 2.43> <CoreInst = "m_axi">   --->   Core 121 'm_axi' <Latency = 3> <II = 1> <Delay = 1.00> <Adapter> <Opcode : 'read' 'write' 'readreq' 'writereq' 'writeresp'>

State 64 <SV = 61> <Delay = 2.43>
ST_64 : Operation 184 [9/68] (2.43ns)   --->   "%p_wr_resp = writeresp i1 @_ssdm_op_WriteResp.m_axi.i512P1A, i512 %gmem0_addr"   --->   Operation 184 'writeresp' 'p_wr_resp' <Predicate = true> <Delay = 2.43> <CoreInst = "m_axi">   --->   Core 121 'm_axi' <Latency = 3> <II = 1> <Delay = 1.00> <Adapter> <Opcode : 'read' 'write' 'readreq' 'writereq' 'writeresp'>

State 65 <SV = 62> <Delay = 2.43>
ST_65 : Operation 185 [8/68] (2.43ns)   --->   "%p_wr_resp = writeresp i1 @_ssdm_op_WriteResp.m_axi.i512P1A, i512 %gmem0_addr"   --->   Operation 185 'writeresp' 'p_wr_resp' <Predicate = true> <Delay = 2.43> <CoreInst = "m_axi">   --->   Core 121 'm_axi' <Latency = 3> <II = 1> <Delay = 1.00> <Adapter> <Opcode : 'read' 'write' 'readreq' 'writereq' 'writeresp'>

State 66 <SV = 63> <Delay = 2.43>
ST_66 : Operation 186 [7/68] (2.43ns)   --->   "%p_wr_resp = writeresp i1 @_ssdm_op_WriteResp.m_axi.i512P1A, i512 %gmem0_addr"   --->   Operation 186 'writeresp' 'p_wr_resp' <Predicate = true> <Delay = 2.43> <CoreInst = "m_axi">   --->   Core 121 'm_axi' <Latency = 3> <II = 1> <Delay = 1.00> <Adapter> <Opcode : 'read' 'write' 'readreq' 'writereq' 'writeresp'>

State 67 <SV = 64> <Delay = 2.43>
ST_67 : Operation 187 [6/68] (2.43ns)   --->   "%p_wr_resp = writeresp i1 @_ssdm_op_WriteResp.m_axi.i512P1A, i512 %gmem0_addr"   --->   Operation 187 'writeresp' 'p_wr_resp' <Predicate = true> <Delay = 2.43> <CoreInst = "m_axi">   --->   Core 121 'm_axi' <Latency = 3> <II = 1> <Delay = 1.00> <Adapter> <Opcode : 'read' 'write' 'readreq' 'writereq' 'writeresp'>

State 68 <SV = 65> <Delay = 2.43>
ST_68 : Operation 188 [5/68] (2.43ns)   --->   "%p_wr_resp = writeresp i1 @_ssdm_op_WriteResp.m_axi.i512P1A, i512 %gmem0_addr"   --->   Operation 188 'writeresp' 'p_wr_resp' <Predicate = true> <Delay = 2.43> <CoreInst = "m_axi">   --->   Core 121 'm_axi' <Latency = 3> <II = 1> <Delay = 1.00> <Adapter> <Opcode : 'read' 'write' 'readreq' 'writereq' 'writeresp'>

State 69 <SV = 66> <Delay = 2.43>
ST_69 : Operation 189 [4/68] (2.43ns)   --->   "%p_wr_resp = writeresp i1 @_ssdm_op_WriteResp.m_axi.i512P1A, i512 %gmem0_addr"   --->   Operation 189 'writeresp' 'p_wr_resp' <Predicate = true> <Delay = 2.43> <CoreInst = "m_axi">   --->   Core 121 'm_axi' <Latency = 3> <II = 1> <Delay = 1.00> <Adapter> <Opcode : 'read' 'write' 'readreq' 'writereq' 'writeresp'>

State 70 <SV = 67> <Delay = 2.43>
ST_70 : Operation 190 [3/68] (2.43ns)   --->   "%p_wr_resp = writeresp i1 @_ssdm_op_WriteResp.m_axi.i512P1A, i512 %gmem0_addr"   --->   Operation 190 'writeresp' 'p_wr_resp' <Predicate = true> <Delay = 2.43> <CoreInst = "m_axi">   --->   Core 121 'm_axi' <Latency = 3> <II = 1> <Delay = 1.00> <Adapter> <Opcode : 'read' 'write' 'readreq' 'writereq' 'writeresp'>

State 71 <SV = 68> <Delay = 2.43>
ST_71 : Operation 191 [2/68] (2.43ns)   --->   "%p_wr_resp = writeresp i1 @_ssdm_op_WriteResp.m_axi.i512P1A, i512 %gmem0_addr"   --->   Operation 191 'writeresp' 'p_wr_resp' <Predicate = true> <Delay = 2.43> <CoreInst = "m_axi">   --->   Core 121 'm_axi' <Latency = 3> <II = 1> <Delay = 1.00> <Adapter> <Opcode : 'read' 'write' 'readreq' 'writereq' 'writeresp'>

State 72 <SV = 69> <Delay = 2.43>
ST_72 : Operation 192 [1/68] (2.43ns)   --->   "%p_wr_resp = writeresp i1 @_ssdm_op_WriteResp.m_axi.i512P1A, i512 %gmem0_addr"   --->   Operation 192 'writeresp' 'p_wr_resp' <Predicate = true> <Delay = 2.43> <CoreInst = "m_axi">   --->   Core 121 'm_axi' <Latency = 3> <II = 1> <Delay = 1.00> <Adapter> <Opcode : 'read' 'write' 'readreq' 'writereq' 'writeresp'>
ST_72 : Operation 193 [1/1] (0.00ns)   --->   "%ret_ln0 = ret"   --->   Operation 193 'ret' 'ret_ln0' <Predicate = true> <Delay = 0.00>


============================================================
+ Verbose Summary: Binding
============================================================
STG Binding: 
---------------- STG Properties BEGIN ----------------
- Is combinational: 0
- Is one-state seq: 0
- Is datapath-only: 0
- Is pipelined: 0
- Is top level: 0
Port [ Return ] is wired: 1; IO mode=ap_ctrl_hs:ce=0
Port [ gmem0]:  wired=1; compound=1; hidden=0; nouse=0; global=0; static=0; extern=0; dir=1; type=4; pingpong=0; private_global=0; IO mode=m_axi:ce=0
Port [ sext_ln819]:  wired=1; compound=0; hidden=0; nouse=0; global=0; static=0; extern=0; dir=0; type=0; pingpong=0; private_global=0; IO mode=ap_none:ce=0
Port [ trotters]:  wired=1; compound=0; hidden=0; nouse=0; global=0; static=0; extern=0; dir=0; type=0; pingpong=0; private_global=0; IO mode=ap_none:ce=0
Port [ trottersLocal_V_0]:  wired=1; compound=1; hidden=0; nouse=0; global=0; static=0; extern=0; dir=0; type=1; pingpong=0; private_global=0; MemPort=[13]; IO mode=ap_memory:ce=0
Port [ trottersLocal_V_1]:  wired=1; compound=1; hidden=0; nouse=0; global=0; static=0; extern=0; dir=0; type=1; pingpong=0; private_global=0; MemPort=[13]; IO mode=ap_memory:ce=0
Port [ trottersLocal_V_2]:  wired=1; compound=1; hidden=0; nouse=0; global=0; static=0; extern=0; dir=0; type=1; pingpong=0; private_global=0; MemPort=[13]; IO mode=ap_memory:ce=0
Port [ trottersLocal_V_3]:  wired=1; compound=1; hidden=0; nouse=0; global=0; static=0; extern=0; dir=0; type=1; pingpong=0; private_global=0; MemPort=[13]; IO mode=ap_memory:ce=0
---------------- STG Properties END ------------------

---------------- Datapath Model BEGIN ----------------

<LifeTime>
<method=bitvector/>
packOfst               (alloca           ) [ 0111100000000000000000000000000000000000000000000000000000000000000000000]
t                      (alloca           ) [ 0111100000000000000000000000000000000000000000000000000000000000000000000]
indvar_flatten21       (alloca           ) [ 0111100000000000000000000000000000000000000000000000000000000000000000000]
trotters3              (read             ) [ 0000000000000000000000000000000000000000000000000000000000000000000000000]
sext_ln819_read        (read             ) [ 0000000000000000000000000000000000000000000000000000000000000000000000000]
sext_ln819_cast        (sext             ) [ 0000000000000000000000000000000000000000000000000000000000000000000000000]
specmemcore_ln0        (specmemcore      ) [ 0000000000000000000000000000000000000000000000000000000000000000000000000]
specmemcore_ln0        (specmemcore      ) [ 0000000000000000000000000000000000000000000000000000000000000000000000000]
specmemcore_ln0        (specmemcore      ) [ 0000000000000000000000000000000000000000000000000000000000000000000000000]
specmemcore_ln0        (specmemcore      ) [ 0000000000000000000000000000000000000000000000000000000000000000000000000]
specinterface_ln0      (specinterface    ) [ 0000000000000000000000000000000000000000000000000000000000000000000000000]
gmem0_addr             (getelementptr    ) [ 0011111111111111111111111111111111111111111111111111111111111111111111111]
p_wr_req               (writereq         ) [ 0000000000000000000000000000000000000000000000000000000000000000000000000]
store_ln0              (store            ) [ 0000000000000000000000000000000000000000000000000000000000000000000000000]
store_ln0              (store            ) [ 0000000000000000000000000000000000000000000000000000000000000000000000000]
store_ln0              (store            ) [ 0000000000000000000000000000000000000000000000000000000000000000000000000]
br_ln0                 (br               ) [ 0000000000000000000000000000000000000000000000000000000000000000000000000]
indvar_flatten21_load  (load             ) [ 0000000000000000000000000000000000000000000000000000000000000000000000000]
icmp_ln303             (icmp             ) [ 0011100000000000000000000000000000000000000000000000000000000000000000000]
add_ln303              (add              ) [ 0000000000000000000000000000000000000000000000000000000000000000000000000]
br_ln303               (br               ) [ 0000000000000000000000000000000000000000000000000000000000000000000000000]
packOfst_load          (load             ) [ 0000000000000000000000000000000000000000000000000000000000000000000000000]
icmp_ln304             (icmp             ) [ 0011000000000000000000000000000000000000000000000000000000000000000000000]
select_ln303           (select           ) [ 0000000000000000000000000000000000000000000000000000000000000000000000000]
zext_ln304             (zext             ) [ 0000000000000000000000000000000000000000000000000000000000000000000000000]
trottersLocal_V_0_addr (getelementptr    ) [ 0011000000000000000000000000000000000000000000000000000000000000000000000]
trottersLocal_V_1_addr (getelementptr    ) [ 0011000000000000000000000000000000000000000000000000000000000000000000000]
trottersLocal_V_2_addr (getelementptr    ) [ 0011000000000000000000000000000000000000000000000000000000000000000000000]
trottersLocal_V_3_addr (getelementptr    ) [ 0011000000000000000000000000000000000000000000000000000000000000000000000]
add_ln305              (add              ) [ 0000000000000000000000000000000000000000000000000000000000000000000000000]
store_ln303            (store            ) [ 0000000000000000000000000000000000000000000000000000000000000000000000000]
store_ln305            (store            ) [ 0000000000000000000000000000000000000000000000000000000000000000000000000]
t_load                 (load             ) [ 0000000000000000000000000000000000000000000000000000000000000000000000000]
add_ln303_1            (add              ) [ 0000000000000000000000000000000000000000000000000000000000000000000000000]
select_ln303_1         (select           ) [ 0000000000000000000000000000000000000000000000000000000000000000000000000]
trunc_ln303            (trunc            ) [ 0000000000000000000000000000000000000000000000000000000000000000000000000]
trottersLocal_V_0_load (load             ) [ 0000000000000000000000000000000000000000000000000000000000000000000000000]
trottersLocal_V_1_load (load             ) [ 0000000000000000000000000000000000000000000000000000000000000000000000000]
trottersLocal_V_2_load (load             ) [ 0000000000000000000000000000000000000000000000000000000000000000000000000]
trottersLocal_V_3_load (load             ) [ 0000000000000000000000000000000000000000000000000000000000000000000000000]
p_Val2_s               (mux              ) [ 0010100000000000000000000000000000000000000000000000000000000000000000000]
store_ln303            (store            ) [ 0000000000000000000000000000000000000000000000000000000000000000000000000]
specloopname_ln0       (specloopname     ) [ 0000000000000000000000000000000000000000000000000000000000000000000000000]
empty                  (speclooptripcount) [ 0000000000000000000000000000000000000000000000000000000000000000000000000]
specpipeline_ln304     (specpipeline     ) [ 0000000000000000000000000000000000000000000000000000000000000000000000000]
specloopname_ln304     (specloopname     ) [ 0000000000000000000000000000000000000000000000000000000000000000000000000]
write_ln849            (write            ) [ 0000000000000000000000000000000000000000000000000000000000000000000000000]
br_ln0                 (br               ) [ 0000000000000000000000000000000000000000000000000000000000000000000000000]
p_wr_resp              (writeresp        ) [ 0000000000000000000000000000000000000000000000000000000000000000000000000]
ret_ln0                (ret              ) [ 0000000000000000000000000000000000000000000000000000000000000000000000000]
</LifeTime>

<model>

<comp_list>
<comp id="0" class="1000" name="gmem0">
<pin_list>
<pin id="1" dir="1" index="0" bw="1" slack="0"/>
</pin_list>
<bind>
<StgValue><ssdm name="gmem0"/></StgValue>
</bind>
</comp>

<comp id="2" class="1000" name="sext_ln819">
<pin_list>
<pin id="3" dir="1" index="0" bw="1" slack="0"/>
</pin_list>
<bind>
<StgValue><ssdm name="sext_ln819"/></StgValue>
</bind>
</comp>

<comp id="4" class="1000" name="trotters">
<pin_list>
<pin id="5" dir="1" index="0" bw="1" slack="0"/>
</pin_list>
<bind>
<StgValue><ssdm name="trotters"/></StgValue>
</bind>
</comp>

<comp id="6" class="1000" name="trottersLocal_V_0">
<pin_list>
<pin id="7" dir="1" index="0" bw="1" slack="0"/>
</pin_list>
<bind>
<StgValue><ssdm name="trottersLocal_V_0"/><MemPortTyVec>1 3 </MemPortTyVec>
</StgValue>
</bind>
</comp>

<comp id="8" class="1000" name="trottersLocal_V_1">
<pin_list>
<pin id="9" dir="1" index="0" bw="1" slack="0"/>
</pin_list>
<bind>
<StgValue><ssdm name="trottersLocal_V_1"/><MemPortTyVec>1 3 </MemPortTyVec>
</StgValue>
</bind>
</comp>

<comp id="10" class="1000" name="trottersLocal_V_2">
<pin_list>
<pin id="11" dir="1" index="0" bw="1" slack="0"/>
</pin_list>
<bind>
<StgValue><ssdm name="trottersLocal_V_2"/><MemPortTyVec>1 3 </MemPortTyVec>
</StgValue>
</bind>
</comp>

<comp id="12" class="1000" name="trottersLocal_V_3">
<pin_list>
<pin id="13" dir="1" index="0" bw="1" slack="0"/>
</pin_list>
<bind>
<StgValue><ssdm name="trottersLocal_V_3"/><MemPortTyVec>1 3 </MemPortTyVec>
</StgValue>
</bind>
</comp>

<comp id="14" class="1001" name="const_14">
<pin_list>
<pin id="15" dir="1" index="0" bw="1" slack="0"/>
</pin_list>
<bind>
<StgValue><ssdm name=""/></StgValue>
</bind>
</comp>

<comp id="16" class="1001" name="const_16">
<pin_list>
<pin id="17" dir="1" index="0" bw="1" slack="0"/>
</pin_list>
<bind>
<StgValue><ssdm name="_ssdm_op_Read.ap_auto.i64"/></StgValue>
</bind>
</comp>

<comp id="18" class="1001" name="const_18">
<pin_list>
<pin id="19" dir="1" index="0" bw="1" slack="0"/>
</pin_list>
<bind>
<StgValue><ssdm name="_ssdm_op_Read.ap_auto.i58"/></StgValue>
</bind>
</comp>

<comp id="20" class="1001" name="const_20">
<pin_list>
<pin id="21" dir="1" index="0" bw="1" slack="2147483647"/>
</pin_list>
<bind>
<StgValue><ssdm name="_ssdm_op_SpecMemCore"/></StgValue>
</bind>
</comp>

<comp id="22" class="1001" name="const_22">
<pin_list>
<pin id="23" dir="1" index="0" bw="1" slack="2147483647"/>
</pin_list>
<bind>
<StgValue><ssdm name=""/></StgValue>
</bind>
</comp>

<comp id="24" class="1001" name="const_24">
<pin_list>
<pin id="25" dir="1" index="0" bw="1" slack="2147483647"/>
</pin_list>
<bind>
<StgValue><ssdm name=""/></StgValue>
</bind>
</comp>

<comp id="26" class="1001" name="const_26">
<pin_list>
<pin id="27" dir="1" index="0" bw="1" slack="0"/>
</pin_list>
<bind>
<StgValue><ssdm name=""/></StgValue>
</bind>
</comp>

<comp id="28" class="1001" name="const_28">
<pin_list>
<pin id="29" dir="1" index="0" bw="1" slack="2147483647"/>
</pin_list>
<bind>
<StgValue><ssdm name="_ssdm_op_SpecInterface"/></StgValue>
</bind>
</comp>

<comp id="30" class="1001" name="const_30">
<pin_list>
<pin id="31" dir="1" index="0" bw="1" slack="2147483647"/>
</pin_list>
<bind>
<StgValue><ssdm name="empty_4"/></StgValue>
</bind>
</comp>

<comp id="32" class="1001" name="const_32">
<pin_list>
<pin id="33" dir="1" index="0" bw="1" slack="2147483647"/>
</pin_list>
<bind>
<StgValue><ssdm name=""/></StgValue>
</bind>
</comp>

<comp id="34" class="1001" name="const_34">
<pin_list>
<pin id="35" dir="1" index="0" bw="1" slack="2147483647"/>
</pin_list>
<bind>
<StgValue><ssdm name="empty_5"/></StgValue>
</bind>
</comp>

<comp id="36" class="1001" name="const_36">
<pin_list>
<pin id="37" dir="1" index="0" bw="1" slack="2147483647"/>
</pin_list>
<bind>
<StgValue><ssdm name=""/></StgValue>
</bind>
</comp>

<comp id="38" class="1001" name="const_38">
<pin_list>
<pin id="39" dir="1" index="0" bw="1" slack="2147483647"/>
</pin_list>
<bind>
<StgValue><ssdm name="empty_6"/></StgValue>
</bind>
</comp>

<comp id="40" class="1001" name="const_40">
<pin_list>
<pin id="41" dir="1" index="0" bw="1" slack="2147483647"/>
</pin_list>
<bind>
<StgValue><ssdm name="empty_16"/></StgValue>
</bind>
</comp>

<comp id="42" class="1001" name="const_42">
<pin_list>
<pin id="43" dir="1" index="0" bw="1" slack="2147483647"/>
</pin_list>
<bind>
<StgValue><ssdm name=""/></StgValue>
</bind>
</comp>

<comp id="44" class="1001" name="const_44">
<pin_list>
<pin id="45" dir="1" index="0" bw="1" slack="0"/>
</pin_list>
<bind>
<StgValue><ssdm name="_ssdm_op_WriteReq.m_axi.i512P1A"/></StgValue>
</bind>
</comp>

<comp id="46" class="1001" name="const_46">
<pin_list>
<pin id="47" dir="1" index="0" bw="1" slack="0"/>
</pin_list>
<bind>
<StgValue><ssdm name=""/></StgValue>
</bind>
</comp>

<comp id="48" class="1001" name="const_48">
<pin_list>
<pin id="49" dir="1" index="0" bw="1" slack="0"/>
</pin_list>
<bind>
<StgValue><ssdm name=""/></StgValue>
</bind>
</comp>

<comp id="50" class="1001" name="const_50">
<pin_list>
<pin id="51" dir="1" index="0" bw="1" slack="0"/>
</pin_list>
<bind>
<StgValue><ssdm name=""/></StgValue>
</bind>
</comp>

<comp id="52" class="1001" name="const_52">
<pin_list>
<pin id="53" dir="1" index="0" bw="1" slack="0"/>
</pin_list>
<bind>
<StgValue><ssdm name=""/></StgValue>
</bind>
</comp>

<comp id="54" class="1001" name="const_54">
<pin_list>
<pin id="55" dir="1" index="0" bw="1" slack="0"/>
</pin_list>
<bind>
<StgValue><ssdm name=""/></StgValue>
</bind>
</comp>

<comp id="56" class="1001" name="const_56">
<pin_list>
<pin id="57" dir="1" index="0" bw="1" slack="0"/>
</pin_list>
<bind>
<StgValue><ssdm name=""/></StgValue>
</bind>
</comp>

<comp id="58" class="1001" name="const_58">
<pin_list>
<pin id="59" dir="1" index="0" bw="1" slack="0"/>
</pin_list>
<bind>
<StgValue><ssdm name=""/></StgValue>
</bind>
</comp>

<comp id="60" class="1001" name="const_60">
<pin_list>
<pin id="61" dir="1" index="0" bw="1" slack="0"/>
</pin_list>
<bind>
<StgValue><ssdm name=""/></StgValue>
</bind>
</comp>

<comp id="62" class="1001" name="const_62">
<pin_list>
<pin id="63" dir="1" index="0" bw="1" slack="0"/>
</pin_list>
<bind>
<StgValue><ssdm name=""/></StgValue>
</bind>
</comp>

<comp id="64" class="1001" name="const_64">
<pin_list>
<pin id="65" dir="1" index="0" bw="1" slack="0"/>
</pin_list>
<bind>
<StgValue><ssdm name=""/></StgValue>
</bind>
</comp>

<comp id="66" class="1001" name="const_66">
<pin_list>
<pin id="67" dir="1" index="0" bw="1" slack="0"/>
</pin_list>
<bind>
<StgValue><ssdm name="_ssdm_op_Mux.ap_auto.4i512.i2"/></StgValue>
</bind>
</comp>

<comp id="68" class="1001" name="const_68">
<pin_list>
<pin id="69" dir="1" index="0" bw="1" slack="2147483647"/>
</pin_list>
<bind>
<StgValue><ssdm name="_ssdm_op_SpecLoopName"/></StgValue>
</bind>
</comp>

<comp id="70" class="1001" name="const_70">
<pin_list>
<pin id="71" dir="1" index="0" bw="1" slack="2147483647"/>
</pin_list>
<bind>
<StgValue><ssdm name="WRITE_TROTTERS_VITIS_LOOP_304_7_str"/></StgValue>
</bind>
</comp>

<comp id="72" class="1001" name="const_72">
<pin_list>
<pin id="73" dir="1" index="0" bw="1" slack="2147483647"/>
</pin_list>
<bind>
<StgValue><ssdm name="_ssdm_op_SpecLoopTripCount"/></StgValue>
</bind>
</comp>

<comp id="74" class="1001" name="const_74">
<pin_list>
<pin id="75" dir="1" index="0" bw="1" slack="2147483647"/>
</pin_list>
<bind>
<StgValue><ssdm name=""/></StgValue>
</bind>
</comp>

<comp id="76" class="1001" name="const_76">
<pin_list>
<pin id="77" dir="1" index="0" bw="1" slack="2147483647"/>
</pin_list>
<bind>
<StgValue><ssdm name="_ssdm_op_SpecPipeline"/></StgValue>
</bind>
</comp>

<comp id="78" class="1001" name="const_78">
<pin_list>
<pin id="79" dir="1" index="0" bw="1" slack="2147483647"/>
</pin_list>
<bind>
<StgValue><ssdm name=""/></StgValue>
</bind>
</comp>

<comp id="80" class="1001" name="const_80">
<pin_list>
<pin id="81" dir="1" index="0" bw="1" slack="2147483647"/>
</pin_list>
<bind>
<StgValue><ssdm name="empty_9"/></StgValue>
</bind>
</comp>

<comp id="82" class="1001" name="const_82">
<pin_list>
<pin id="83" dir="1" index="0" bw="1" slack="0"/>
</pin_list>
<bind>
<StgValue><ssdm name="_ssdm_op_Write.m_axi.i512P1A"/></StgValue>
</bind>
</comp>

<comp id="84" class="1001" name="const_84">
<pin_list>
<pin id="85" dir="1" index="0" bw="1" slack="0"/>
</pin_list>
<bind>
<StgValue><ssdm name="_ssdm_op_WriteResp.m_axi.i512P1A"/></StgValue>
</bind>
</comp>

<comp id="86" class="1004" name="packOfst_fu_86">
<pin_list>
<pin id="87" dir="0" index="0" bw="1" slack="0"/>
<pin id="88" dir="1" index="1" bw="4" slack="0"/>
</pin_list>
<bind>
<opcode="alloca(26) " fcode="alloca"/>
<opset="packOfst/1 "/>
</bind>
</comp>

<comp id="90" class="1004" name="t_fu_90">
<pin_list>
<pin id="91" dir="0" index="0" bw="1" slack="0"/>
<pin id="92" dir="1" index="1" bw="3" slack="0"/>
</pin_list>
<bind>
<opcode="alloca(26) " fcode="alloca"/>
<opset="t/1 "/>
</bind>
</comp>

<comp id="94" class="1004" name="indvar_flatten21_fu_94">
<pin_list>
<pin id="95" dir="0" index="0" bw="1" slack="0"/>
<pin id="96" dir="1" index="1" bw="6" slack="0"/>
</pin_list>
<bind>
<opcode="alloca(26) " fcode="alloca"/>
<opset="indvar_flatten21/1 "/>
</bind>
</comp>

<comp id="98" class="1004" name="trotters3_read_fu_98">
<pin_list>
<pin id="99" dir="0" index="0" bw="64" slack="0"/>
<pin id="100" dir="0" index="1" bw="64" slack="0"/>
<pin id="101" dir="1" index="2" bw="64" slack="2147483647"/>
</pin_list>
<bind>
<opcode="read(1150) " fcode="read"/>
<opset="trotters3/1 "/>
</bind>
</comp>

<comp id="104" class="1004" name="sext_ln819_read_read_fu_104">
<pin_list>
<pin id="105" dir="0" index="0" bw="58" slack="0"/>
<pin id="106" dir="0" index="1" bw="58" slack="0"/>
<pin id="107" dir="1" index="2" bw="58" slack="0"/>
</pin_list>
<bind>
<opcode="read(1150) " fcode="read"/>
<opset="sext_ln819_read/1 "/>
</bind>
</comp>

<comp id="110" class="1004" name="grp_writeresp_fu_110">
<pin_list>
<pin id="111" dir="0" index="0" bw="1" slack="0"/>
<pin id="112" dir="0" index="1" bw="512" slack="0"/>
<pin id="113" dir="0" index="2" bw="7" slack="0"/>
<pin id="114" dir="1" index="3" bw="1" slack="2147483647"/>
</pin_list>
<bind>
<opcode="writereq(1155) writeresp(1158) " fcode="writeresp"/>
<opset="p_wr_req/1 p_wr_resp/5 "/>
</bind>
</comp>

<comp id="117" class="1004" name="write_ln849_write_fu_117">
<pin_list>
<pin id="118" dir="0" index="0" bw="0" slack="0"/>
<pin id="119" dir="0" index="1" bw="512" slack="3"/>
<pin id="120" dir="0" index="2" bw="512" slack="1"/>
<pin id="121" dir="0" index="3" bw="1" slack="0"/>
<pin id="122" dir="1" index="4" bw="0" slack="2147483647"/>
</pin_list>
<bind>
<opcode="write(1151) " fcode="write"/>
<opset="write_ln849/4 "/>
</bind>
</comp>

<comp id="126" class="1004" name="trottersLocal_V_0_addr_gep_fu_126">
<pin_list>
<pin id="127" dir="0" index="0" bw="512" slack="0"/>
<pin id="128" dir="0" index="1" bw="1" slack="0"/>
<pin id="129" dir="0" index="2" bw="4" slack="0"/>
<pin id="130" dir="1" index="3" bw="3" slack="0"/>
</pin_list>
<bind>
<opcode="getelementptr(29) " fcode="getelementptr"/>
<opset="trottersLocal_V_0_addr/2 "/>
</bind>
</comp>

<comp id="133" class="1004" name="grp_access_fu_133">
<pin_list>
<pin id="134" dir="0" index="0" bw="3" slack="0"/>
<pin id="135" dir="0" index="1" bw="512" slack="2147483647"/>
<pin id="136" dir="0" index="2" bw="0" slack="2147483647"/>
<pin id="137" dir="1" index="3" bw="512" slack="0"/>
</pin_list>
<bind>
<opcode="load(27) " fcode="load"/>
<opset="trottersLocal_V_0_load/2 "/>
</bind>
</comp>

<comp id="139" class="1004" name="trottersLocal_V_1_addr_gep_fu_139">
<pin_list>
<pin id="140" dir="0" index="0" bw="512" slack="0"/>
<pin id="141" dir="0" index="1" bw="1" slack="0"/>
<pin id="142" dir="0" index="2" bw="4" slack="0"/>
<pin id="143" dir="1" index="3" bw="3" slack="0"/>
</pin_list>
<bind>
<opcode="getelementptr(29) " fcode="getelementptr"/>
<opset="trottersLocal_V_1_addr/2 "/>
</bind>
</comp>

<comp id="146" class="1004" name="grp_access_fu_146">
<pin_list>
<pin id="147" dir="0" index="0" bw="3" slack="0"/>
<pin id="148" dir="0" index="1" bw="512" slack="2147483647"/>
<pin id="149" dir="0" index="2" bw="0" slack="2147483647"/>
<pin id="150" dir="1" index="3" bw="512" slack="0"/>
</pin_list>
<bind>
<opcode="load(27) " fcode="load"/>
<opset="trottersLocal_V_1_load/2 "/>
</bind>
</comp>

<comp id="152" class="1004" name="trottersLocal_V_2_addr_gep_fu_152">
<pin_list>
<pin id="153" dir="0" index="0" bw="512" slack="0"/>
<pin id="154" dir="0" index="1" bw="1" slack="0"/>
<pin id="155" dir="0" index="2" bw="4" slack="0"/>
<pin id="156" dir="1" index="3" bw="3" slack="0"/>
</pin_list>
<bind>
<opcode="getelementptr(29) " fcode="getelementptr"/>
<opset="trottersLocal_V_2_addr/2 "/>
</bind>
</comp>

<comp id="159" class="1004" name="grp_access_fu_159">
<pin_list>
<pin id="160" dir="0" index="0" bw="3" slack="0"/>
<pin id="161" dir="0" index="1" bw="512" slack="2147483647"/>
<pin id="162" dir="0" index="2" bw="0" slack="2147483647"/>
<pin id="163" dir="1" index="3" bw="512" slack="0"/>
</pin_list>
<bind>
<opcode="load(27) " fcode="load"/>
<opset="trottersLocal_V_2_load/2 "/>
</bind>
</comp>

<comp id="165" class="1004" name="trottersLocal_V_3_addr_gep_fu_165">
<pin_list>
<pin id="166" dir="0" index="0" bw="512" slack="0"/>
<pin id="167" dir="0" index="1" bw="1" slack="0"/>
<pin id="168" dir="0" index="2" bw="4" slack="0"/>
<pin id="169" dir="1" index="3" bw="3" slack="0"/>
</pin_list>
<bind>
<opcode="getelementptr(29) " fcode="getelementptr"/>
<opset="trottersLocal_V_3_addr/2 "/>
</bind>
</comp>

<comp id="172" class="1004" name="grp_access_fu_172">
<pin_list>
<pin id="173" dir="0" index="0" bw="3" slack="0"/>
<pin id="174" dir="0" index="1" bw="512" slack="2147483647"/>
<pin id="175" dir="0" index="2" bw="0" slack="2147483647"/>
<pin id="176" dir="1" index="3" bw="512" slack="0"/>
</pin_list>
<bind>
<opcode="load(27) " fcode="load"/>
<opset="trottersLocal_V_3_load/2 "/>
</bind>
</comp>

<comp id="178" class="1004" name="sext_ln819_cast_fu_178">
<pin_list>
<pin id="179" dir="0" index="0" bw="58" slack="0"/>
<pin id="180" dir="1" index="1" bw="64" slack="0"/>
</pin_list>
<bind>
<opcode="sext(35) " fcode="sext"/>
<opset="sext_ln819_cast/1 "/>
</bind>
</comp>

<comp id="182" class="1004" name="gmem0_addr_fu_182">
<pin_list>
<pin id="183" dir="0" index="0" bw="512" slack="0"/>
<pin id="184" dir="0" index="1" bw="58" slack="0"/>
<pin id="185" dir="1" index="2" bw="512" slack="0"/>
</pin_list>
<bind>
<opcode="getelementptr(29) " fcode="getelementptr"/>
<opset="gmem0_addr/1 "/>
</bind>
</comp>

<comp id="189" class="1004" name="store_ln0_store_fu_189">
<pin_list>
<pin id="190" dir="0" index="0" bw="1" slack="0"/>
<pin id="191" dir="0" index="1" bw="6" slack="0"/>
<pin id="192" dir="1" index="2" bw="0" slack="2147483647"/>
</pin_list>
<bind>
<opcode="store(28) " fcode="store"/>
<opset="store_ln0/1 "/>
</bind>
</comp>

<comp id="194" class="1004" name="store_ln0_store_fu_194">
<pin_list>
<pin id="195" dir="0" index="0" bw="1" slack="0"/>
<pin id="196" dir="0" index="1" bw="3" slack="0"/>
<pin id="197" dir="1" index="2" bw="0" slack="2147483647"/>
</pin_list>
<bind>
<opcode="store(28) " fcode="store"/>
<opset="store_ln0/1 "/>
</bind>
</comp>

<comp id="199" class="1004" name="store_ln0_store_fu_199">
<pin_list>
<pin id="200" dir="0" index="0" bw="1" slack="0"/>
<pin id="201" dir="0" index="1" bw="4" slack="0"/>
<pin id="202" dir="1" index="2" bw="0" slack="2147483647"/>
</pin_list>
<bind>
<opcode="store(28) " fcode="store"/>
<opset="store_ln0/1 "/>
</bind>
</comp>

<comp id="204" class="1004" name="indvar_flatten21_load_load_fu_204">
<pin_list>
<pin id="205" dir="0" index="0" bw="6" slack="1"/>
<pin id="206" dir="1" index="1" bw="6" slack="0"/>
</pin_list>
<bind>
<opcode="load(27) " fcode="load"/>
<opset="indvar_flatten21_load/2 "/>
</bind>
</comp>

<comp id="207" class="1004" name="icmp_ln303_fu_207">
<pin_list>
<pin id="208" dir="0" index="0" bw="6" slack="0"/>
<pin id="209" dir="0" index="1" bw="6" slack="0"/>
<pin id="210" dir="1" index="2" bw="1" slack="2147483647"/>
</pin_list>
<bind>
<opcode="icmp(45) " fcode="icmp"/>
<opset="icmp_ln303/2 "/>
</bind>
</comp>

<comp id="213" class="1004" name="add_ln303_fu_213">
<pin_list>
<pin id="214" dir="0" index="0" bw="6" slack="0"/>
<pin id="215" dir="0" index="1" bw="1" slack="0"/>
<pin id="216" dir="1" index="2" bw="6" slack="0"/>
</pin_list>
<bind>
<opcode="add(8) " fcode="add"/>
<opset="add_ln303/2 "/>
</bind>
</comp>

<comp id="219" class="1004" name="packOfst_load_load_fu_219">
<pin_list>
<pin id="220" dir="0" index="0" bw="4" slack="1"/>
<pin id="221" dir="1" index="1" bw="4" slack="0"/>
</pin_list>
<bind>
<opcode="load(27) " fcode="load"/>
<opset="packOfst_load/2 "/>
</bind>
</comp>

<comp id="222" class="1004" name="icmp_ln304_fu_222">
<pin_list>
<pin id="223" dir="0" index="0" bw="4" slack="0"/>
<pin id="224" dir="0" index="1" bw="4" slack="0"/>
<pin id="225" dir="1" index="2" bw="1" slack="0"/>
</pin_list>
<bind>
<opcode="icmp(45) " fcode="icmp"/>
<opset="icmp_ln304/2 "/>
</bind>
</comp>

<comp id="228" class="1004" name="select_ln303_fu_228">
<pin_list>
<pin id="229" dir="0" index="0" bw="1" slack="0"/>
<pin id="230" dir="0" index="1" bw="1" slack="0"/>
<pin id="231" dir="0" index="2" bw="4" slack="0"/>
<pin id="232" dir="1" index="3" bw="4" slack="0"/>
</pin_list>
<bind>
<opcode="select(49) " fcode="select"/>
<opset="select_ln303/2 "/>
</bind>
</comp>

<comp id="236" class="1004" name="zext_ln304_fu_236">
<pin_list>
<pin id="237" dir="0" index="0" bw="4" slack="0"/>
<pin id="238" dir="1" index="1" bw="64" slack="0"/>
</pin_list>
<bind>
<opcode="zext(34) " fcode="zext"/>
<opset="zext_ln304/2 "/>
</bind>
</comp>

<comp id="244" class="1004" name="add_ln305_fu_244">
<pin_list>
<pin id="245" dir="0" index="0" bw="4" slack="0"/>
<pin id="246" dir="0" index="1" bw="1" slack="0"/>
<pin id="247" dir="1" index="2" bw="4" slack="0"/>
</pin_list>
<bind>
<opcode="add(8) " fcode="add"/>
<opset="add_ln305/2 "/>
</bind>
</comp>

<comp id="250" class="1004" name="store_ln303_store_fu_250">
<pin_list>
<pin id="251" dir="0" index="0" bw="6" slack="0"/>
<pin id="252" dir="0" index="1" bw="6" slack="1"/>
<pin id="253" dir="1" index="2" bw="0" slack="2147483647"/>
</pin_list>
<bind>
<opcode="store(28) " fcode="store"/>
<opset="store_ln303/2 "/>
</bind>
</comp>

<comp id="255" class="1004" name="store_ln305_store_fu_255">
<pin_list>
<pin id="256" dir="0" index="0" bw="4" slack="0"/>
<pin id="257" dir="0" index="1" bw="4" slack="1"/>
<pin id="258" dir="1" index="2" bw="0" slack="2147483647"/>
</pin_list>
<bind>
<opcode="store(28) " fcode="store"/>
<opset="store_ln305/2 "/>
</bind>
</comp>

<comp id="260" class="1004" name="t_load_load_fu_260">
<pin_list>
<pin id="261" dir="0" index="0" bw="3" slack="2"/>
<pin id="262" dir="1" index="1" bw="3" slack="0"/>
</pin_list>
<bind>
<opcode="load(27) " fcode="load"/>
<opset="t_load/3 "/>
</bind>
</comp>

<comp id="263" class="1004" name="add_ln303_1_fu_263">
<pin_list>
<pin id="264" dir="0" index="0" bw="3" slack="0"/>
<pin id="265" dir="0" index="1" bw="1" slack="0"/>
<pin id="266" dir="1" index="2" bw="3" slack="0"/>
</pin_list>
<bind>
<opcode="add(8) " fcode="add"/>
<opset="add_ln303_1/3 "/>
</bind>
</comp>

<comp id="269" class="1004" name="select_ln303_1_fu_269">
<pin_list>
<pin id="270" dir="0" index="0" bw="1" slack="1"/>
<pin id="271" dir="0" index="1" bw="3" slack="0"/>
<pin id="272" dir="0" index="2" bw="3" slack="0"/>
<pin id="273" dir="1" index="3" bw="3" slack="0"/>
</pin_list>
<bind>
<opcode="select(49) " fcode="select"/>
<opset="select_ln303_1/3 "/>
</bind>
</comp>

<comp id="276" class="1004" name="trunc_ln303_fu_276">
<pin_list>
<pin id="277" dir="0" index="0" bw="3" slack="0"/>
<pin id="278" dir="1" index="1" bw="2" slack="0"/>
</pin_list>
<bind>
<opcode="trunc(33) " fcode="trunc"/>
<opset="trunc_ln303/3 "/>
</bind>
</comp>

<comp id="280" class="1004" name="p_Val2_s_fu_280">
<pin_list>
<pin id="281" dir="0" index="0" bw="512" slack="0"/>
<pin id="282" dir="0" index="1" bw="512" slack="0"/>
<pin id="283" dir="0" index="2" bw="512" slack="0"/>
<pin id="284" dir="0" index="3" bw="512" slack="0"/>
<pin id="285" dir="0" index="4" bw="512" slack="0"/>
<pin id="286" dir="0" index="5" bw="2" slack="0"/>
<pin id="287" dir="1" index="6" bw="512" slack="1"/>
</pin_list>
<bind>
<opcode="mux(1196) " fcode="mux"/>
<opset="p_Val2_s/3 "/>
</bind>
</comp>

<comp id="294" class="1004" name="store_ln303_store_fu_294">
<pin_list>
<pin id="295" dir="0" index="0" bw="3" slack="0"/>
<pin id="296" dir="0" index="1" bw="3" slack="2"/>
<pin id="297" dir="1" index="2" bw="0" slack="2147483647"/>
</pin_list>
<bind>
<opcode="store(28) " fcode="store"/>
<opset="store_ln303/3 "/>
</bind>
</comp>

<comp id="299" class="1005" name="packOfst_reg_299">
<pin_list>
<pin id="300" dir="0" index="0" bw="4" slack="0"/>
<pin id="301" dir="1" index="1" bw="4" slack="0"/>
</pin_list>
<bind>
<opset="packOfst "/>
</bind>
</comp>

<comp id="306" class="1005" name="t_reg_306">
<pin_list>
<pin id="307" dir="0" index="0" bw="3" slack="0"/>
<pin id="308" dir="1" index="1" bw="3" slack="0"/>
</pin_list>
<bind>
<opset="t "/>
</bind>
</comp>

<comp id="313" class="1005" name="indvar_flatten21_reg_313">
<pin_list>
<pin id="314" dir="0" index="0" bw="6" slack="0"/>
<pin id="315" dir="1" index="1" bw="6" slack="0"/>
</pin_list>
<bind>
<opset="indvar_flatten21 "/>
</bind>
</comp>

<comp id="320" class="1005" name="gmem0_addr_reg_320">
<pin_list>
<pin id="321" dir="0" index="0" bw="512" slack="2"/>
<pin id="322" dir="1" index="1" bw="512" slack="2"/>
</pin_list>
<bind>
<opset="gmem0_addr "/>
</bind>
</comp>

<comp id="329" class="1005" name="icmp_ln304_reg_329">
<pin_list>
<pin id="330" dir="0" index="0" bw="1" slack="1"/>
<pin id="331" dir="1" index="1" bw="1" slack="1"/>
</pin_list>
<bind>
<opset="icmp_ln304 "/>
</bind>
</comp>

<comp id="334" class="1005" name="trottersLocal_V_0_addr_reg_334">
<pin_list>
<pin id="335" dir="0" index="0" bw="3" slack="1"/>
<pin id="336" dir="1" index="1" bw="3" slack="1"/>
</pin_list>
<bind>
<opset="trottersLocal_V_0_addr "/>
</bind>
</comp>

<comp id="339" class="1005" name="trottersLocal_V_1_addr_reg_339">
<pin_list>
<pin id="340" dir="0" index="0" bw="3" slack="1"/>
<pin id="341" dir="1" index="1" bw="3" slack="1"/>
</pin_list>
<bind>
<opset="trottersLocal_V_1_addr "/>
</bind>
</comp>

<comp id="344" class="1005" name="trottersLocal_V_2_addr_reg_344">
<pin_list>
<pin id="345" dir="0" index="0" bw="3" slack="1"/>
<pin id="346" dir="1" index="1" bw="3" slack="1"/>
</pin_list>
<bind>
<opset="trottersLocal_V_2_addr "/>
</bind>
</comp>

<comp id="349" class="1005" name="trottersLocal_V_3_addr_reg_349">
<pin_list>
<pin id="350" dir="0" index="0" bw="3" slack="1"/>
<pin id="351" dir="1" index="1" bw="3" slack="1"/>
</pin_list>
<bind>
<opset="trottersLocal_V_3_addr "/>
</bind>
</comp>

<comp id="354" class="1005" name="p_Val2_s_reg_354">
<pin_list>
<pin id="355" dir="0" index="0" bw="512" slack="1"/>
<pin id="356" dir="1" index="1" bw="512" slack="1"/>
</pin_list>
<bind>
<opset="p_Val2_s "/>
</bind>
</comp>

</comp_list>

<net_list>
<net id="89"><net_src comp="14" pin="0"/><net_sink comp="86" pin=0"/></net>

<net id="93"><net_src comp="14" pin="0"/><net_sink comp="90" pin=0"/></net>

<net id="97"><net_src comp="14" pin="0"/><net_sink comp="94" pin=0"/></net>

<net id="102"><net_src comp="16" pin="0"/><net_sink comp="98" pin=0"/></net>

<net id="103"><net_src comp="4" pin="0"/><net_sink comp="98" pin=1"/></net>

<net id="108"><net_src comp="18" pin="0"/><net_sink comp="104" pin=0"/></net>

<net id="109"><net_src comp="2" pin="0"/><net_sink comp="104" pin=1"/></net>

<net id="115"><net_src comp="44" pin="0"/><net_sink comp="110" pin=0"/></net>

<net id="116"><net_src comp="46" pin="0"/><net_sink comp="110" pin=2"/></net>

<net id="123"><net_src comp="82" pin="0"/><net_sink comp="117" pin=0"/></net>

<net id="124"><net_src comp="26" pin="0"/><net_sink comp="117" pin=3"/></net>

<net id="125"><net_src comp="84" pin="0"/><net_sink comp="110" pin=0"/></net>

<net id="131"><net_src comp="6" pin="0"/><net_sink comp="126" pin=0"/></net>

<net id="132"><net_src comp="60" pin="0"/><net_sink comp="126" pin=1"/></net>

<net id="138"><net_src comp="126" pin="3"/><net_sink comp="133" pin=0"/></net>

<net id="144"><net_src comp="8" pin="0"/><net_sink comp="139" pin=0"/></net>

<net id="145"><net_src comp="60" pin="0"/><net_sink comp="139" pin=1"/></net>

<net id="151"><net_src comp="139" pin="3"/><net_sink comp="146" pin=0"/></net>

<net id="157"><net_src comp="10" pin="0"/><net_sink comp="152" pin=0"/></net>

<net id="158"><net_src comp="60" pin="0"/><net_sink comp="152" pin=1"/></net>

<net id="164"><net_src comp="152" pin="3"/><net_sink comp="159" pin=0"/></net>

<net id="170"><net_src comp="12" pin="0"/><net_sink comp="165" pin=0"/></net>

<net id="171"><net_src comp="60" pin="0"/><net_sink comp="165" pin=1"/></net>

<net id="177"><net_src comp="165" pin="3"/><net_sink comp="172" pin=0"/></net>

<net id="181"><net_src comp="104" pin="2"/><net_sink comp="178" pin=0"/></net>

<net id="186"><net_src comp="0" pin="0"/><net_sink comp="182" pin=0"/></net>

<net id="187"><net_src comp="178" pin="1"/><net_sink comp="182" pin=1"/></net>

<net id="188"><net_src comp="182" pin="2"/><net_sink comp="110" pin=1"/></net>

<net id="193"><net_src comp="48" pin="0"/><net_sink comp="189" pin=0"/></net>

<net id="198"><net_src comp="50" pin="0"/><net_sink comp="194" pin=0"/></net>

<net id="203"><net_src comp="52" pin="0"/><net_sink comp="199" pin=0"/></net>

<net id="211"><net_src comp="204" pin="1"/><net_sink comp="207" pin=0"/></net>

<net id="212"><net_src comp="54" pin="0"/><net_sink comp="207" pin=1"/></net>

<net id="217"><net_src comp="204" pin="1"/><net_sink comp="213" pin=0"/></net>

<net id="218"><net_src comp="56" pin="0"/><net_sink comp="213" pin=1"/></net>

<net id="226"><net_src comp="219" pin="1"/><net_sink comp="222" pin=0"/></net>

<net id="227"><net_src comp="58" pin="0"/><net_sink comp="222" pin=1"/></net>

<net id="233"><net_src comp="222" pin="2"/><net_sink comp="228" pin=0"/></net>

<net id="234"><net_src comp="52" pin="0"/><net_sink comp="228" pin=1"/></net>

<net id="235"><net_src comp="219" pin="1"/><net_sink comp="228" pin=2"/></net>

<net id="239"><net_src comp="228" pin="3"/><net_sink comp="236" pin=0"/></net>

<net id="240"><net_src comp="236" pin="1"/><net_sink comp="126" pin=2"/></net>

<net id="241"><net_src comp="236" pin="1"/><net_sink comp="139" pin=2"/></net>

<net id="242"><net_src comp="236" pin="1"/><net_sink comp="152" pin=2"/></net>

<net id="243"><net_src comp="236" pin="1"/><net_sink comp="165" pin=2"/></net>

<net id="248"><net_src comp="228" pin="3"/><net_sink comp="244" pin=0"/></net>

<net id="249"><net_src comp="62" pin="0"/><net_sink comp="244" pin=1"/></net>

<net id="254"><net_src comp="213" pin="2"/><net_sink comp="250" pin=0"/></net>

<net id="259"><net_src comp="244" pin="2"/><net_sink comp="255" pin=0"/></net>

<net id="267"><net_src comp="260" pin="1"/><net_sink comp="263" pin=0"/></net>

<net id="268"><net_src comp="64" pin="0"/><net_sink comp="263" pin=1"/></net>

<net id="274"><net_src comp="263" pin="2"/><net_sink comp="269" pin=1"/></net>

<net id="275"><net_src comp="260" pin="1"/><net_sink comp="269" pin=2"/></net>

<net id="279"><net_src comp="269" pin="3"/><net_sink comp="276" pin=0"/></net>

<net id="288"><net_src comp="66" pin="0"/><net_sink comp="280" pin=0"/></net>

<net id="289"><net_src comp="133" pin="3"/><net_sink comp="280" pin=1"/></net>

<net id="290"><net_src comp="146" pin="3"/><net_sink comp="280" pin=2"/></net>

<net id="291"><net_src comp="159" pin="3"/><net_sink comp="280" pin=3"/></net>

<net id="292"><net_src comp="172" pin="3"/><net_sink comp="280" pin=4"/></net>

<net id="293"><net_src comp="276" pin="1"/><net_sink comp="280" pin=5"/></net>

<net id="298"><net_src comp="269" pin="3"/><net_sink comp="294" pin=0"/></net>

<net id="302"><net_src comp="86" pin="1"/><net_sink comp="299" pin=0"/></net>

<net id="303"><net_src comp="299" pin="1"/><net_sink comp="199" pin=1"/></net>

<net id="304"><net_src comp="299" pin="1"/><net_sink comp="219" pin=0"/></net>

<net id="305"><net_src comp="299" pin="1"/><net_sink comp="255" pin=1"/></net>

<net id="309"><net_src comp="90" pin="1"/><net_sink comp="306" pin=0"/></net>

<net id="310"><net_src comp="306" pin="1"/><net_sink comp="194" pin=1"/></net>

<net id="311"><net_src comp="306" pin="1"/><net_sink comp="260" pin=0"/></net>

<net id="312"><net_src comp="306" pin="1"/><net_sink comp="294" pin=1"/></net>

<net id="316"><net_src comp="94" pin="1"/><net_sink comp="313" pin=0"/></net>

<net id="317"><net_src comp="313" pin="1"/><net_sink comp="189" pin=1"/></net>

<net id="318"><net_src comp="313" pin="1"/><net_sink comp="204" pin=0"/></net>

<net id="319"><net_src comp="313" pin="1"/><net_sink comp="250" pin=1"/></net>

<net id="323"><net_src comp="182" pin="2"/><net_sink comp="320" pin=0"/></net>

<net id="324"><net_src comp="320" pin="1"/><net_sink comp="117" pin=1"/></net>

<net id="325"><net_src comp="320" pin="1"/><net_sink comp="110" pin=1"/></net>

<net id="332"><net_src comp="222" pin="2"/><net_sink comp="329" pin=0"/></net>

<net id="333"><net_src comp="329" pin="1"/><net_sink comp="269" pin=0"/></net>

<net id="337"><net_src comp="126" pin="3"/><net_sink comp="334" pin=0"/></net>

<net id="338"><net_src comp="334" pin="1"/><net_sink comp="133" pin=0"/></net>

<net id="342"><net_src comp="139" pin="3"/><net_sink comp="339" pin=0"/></net>

<net id="343"><net_src comp="339" pin="1"/><net_sink comp="146" pin=0"/></net>

<net id="347"><net_src comp="152" pin="3"/><net_sink comp="344" pin=0"/></net>

<net id="348"><net_src comp="344" pin="1"/><net_sink comp="159" pin=0"/></net>

<net id="352"><net_src comp="165" pin="3"/><net_sink comp="349" pin=0"/></net>

<net id="353"><net_src comp="349" pin="1"/><net_sink comp="172" pin=0"/></net>

<net id="357"><net_src comp="280" pin="6"/><net_sink comp="354" pin=0"/></net>

<net id="358"><net_src comp="354" pin="1"/><net_sink comp="117" pin=2"/></net>

</net_list>

</model> 
---------------- Datapath Model END ------------------

* FSMD analyzer results:
  - Output states:
	Port: gmem0 | {1 4 5 6 7 8 9 10 11 12 13 14 15 16 17 18 19 20 21 22 23 24 25 26 27 28 29 30 31 32 33 34 35 36 37 38 39 40 41 42 43 44 45 46 47 48 49 50 51 52 53 54 55 56 57 58 59 60 61 62 63 64 65 66 67 68 69 70 71 72 }
 - Input state : 
	Port: QuantumMonteCarloU50_Pipeline_WRITE_TROTTERS_VITIS_LOOP_304_7 : sext_ln819 | {1 }
	Port: QuantumMonteCarloU50_Pipeline_WRITE_TROTTERS_VITIS_LOOP_304_7 : trotters | {1 }
	Port: QuantumMonteCarloU50_Pipeline_WRITE_TROTTERS_VITIS_LOOP_304_7 : trottersLocal_V_0 | {2 3 }
	Port: QuantumMonteCarloU50_Pipeline_WRITE_TROTTERS_VITIS_LOOP_304_7 : trottersLocal_V_1 | {2 3 }
	Port: QuantumMonteCarloU50_Pipeline_WRITE_TROTTERS_VITIS_LOOP_304_7 : trottersLocal_V_2 | {2 3 }
	Port: QuantumMonteCarloU50_Pipeline_WRITE_TROTTERS_VITIS_LOOP_304_7 : trottersLocal_V_3 | {2 3 }
  - Chain level:
	State 1
		gmem0_addr : 1
		p_wr_req : 2
		store_ln0 : 1
		store_ln0 : 1
		store_ln0 : 1
	State 2
		icmp_ln303 : 1
		add_ln303 : 1
		br_ln303 : 2
		icmp_ln304 : 1
		select_ln303 : 2
		zext_ln304 : 3
		trottersLocal_V_0_addr : 4
		trottersLocal_V_0_load : 5
		trottersLocal_V_1_addr : 4
		trottersLocal_V_1_load : 5
		trottersLocal_V_2_addr : 4
		trottersLocal_V_2_load : 5
		trottersLocal_V_3_addr : 4
		trottersLocal_V_3_load : 5
		add_ln305 : 3
		store_ln303 : 2
		store_ln305 : 4
	State 3
		add_ln303_1 : 1
		select_ln303_1 : 2
		trunc_ln303 : 3
		p_Val2_s : 4
		store_ln303 : 3
	State 4
	State 5
	State 6
	State 7
	State 8
	State 9
	State 10
	State 11
	State 12
	State 13
	State 14
	State 15
	State 16
	State 17
	State 18
	State 19
	State 20
	State 21
	State 22
	State 23
	State 24
	State 25
	State 26
	State 27
	State 28
	State 29
	State 30
	State 31
	State 32
	State 33
	State 34
	State 35
	State 36
	State 37
	State 38
	State 39
	State 40
	State 41
	State 42
	State 43
	State 44
	State 45
	State 46
	State 47
	State 48
	State 49
	State 50
	State 51
	State 52
	State 53
	State 54
	State 55
	State 56
	State 57
	State 58
	State 59
	State 60
	State 61
	State 62
	State 63
	State 64
	State 65
	State 66
	State 67
	State 68
	State 69
	State 70
	State 71
	State 72


============================================================
+ Verbose Summary: Datapath Resource usage 
============================================================

* Functional unit list:
|----------|-----------------------------|---------|---------|
| Operation|       Functional Unit       |    FF   |   LUT   |
|----------|-----------------------------|---------|---------|
|          |       add_ln303_fu_213      |    0    |    13   |
|    add   |       add_ln305_fu_244      |    0    |    12   |
|          |      add_ln303_1_fu_263     |    0    |    10   |
|----------|-----------------------------|---------|---------|
|    mux   |       p_Val2_s_fu_280       |    0    |    20   |
|----------|-----------------------------|---------|---------|
|   icmp   |      icmp_ln303_fu_207      |    0    |    10   |
|          |      icmp_ln304_fu_222      |    0    |    9    |
|----------|-----------------------------|---------|---------|
|  select  |     select_ln303_fu_228     |    0    |    4    |
|          |    select_ln303_1_fu_269    |    0    |    3    |
|----------|-----------------------------|---------|---------|
|   read   |     trotters3_read_fu_98    |    0    |    0    |
|          | sext_ln819_read_read_fu_104 |    0    |    0    |
|----------|-----------------------------|---------|---------|
| writeresp|     grp_writeresp_fu_110    |    0    |    0    |
|----------|-----------------------------|---------|---------|
|   write  |   write_ln849_write_fu_117  |    0    |    0    |
|----------|-----------------------------|---------|---------|
|   sext   |    sext_ln819_cast_fu_178   |    0    |    0    |
|----------|-----------------------------|---------|---------|
|   zext   |      zext_ln304_fu_236      |    0    |    0    |
|----------|-----------------------------|---------|---------|
|   trunc  |      trunc_ln303_fu_276     |    0    |    0    |
|----------|-----------------------------|---------|---------|
|   Total  |                             |    0    |    81   |
|----------|-----------------------------|---------|---------|

Memories:
N/A

* Register list:
+------------------------------+--------+
|                              |   FF   |
+------------------------------+--------+
|      gmem0_addr_reg_320      |   512  |
|      icmp_ln304_reg_329      |    1   |
|   indvar_flatten21_reg_313   |    6   |
|       p_Val2_s_reg_354       |   512  |
|       packOfst_reg_299       |    4   |
|           t_reg_306          |    3   |
|trottersLocal_V_0_addr_reg_334|    3   |
|trottersLocal_V_1_addr_reg_339|    3   |
|trottersLocal_V_2_addr_reg_344|    3   |
|trottersLocal_V_3_addr_reg_349|    3   |
+------------------------------+--------+
|             Total            |  1050  |
+------------------------------+--------+

* Multiplexer (MUX) list: 
|----------------------|------|------|------|--------||---------||---------|
|         Comp         |  Pin | Size |  BW  | S x BW ||  Delay  ||   LUT   |
|----------------------|------|------|------|--------||---------||---------|
| grp_writeresp_fu_110 |  p0  |   2  |   1  |    2   |
| grp_writeresp_fu_110 |  p1  |   2  |  512 |  1024  ||    9    |
|   grp_access_fu_133  |  p0  |   2  |   3  |    6   ||    9    |
|   grp_access_fu_146  |  p0  |   2  |   3  |    6   ||    9    |
|   grp_access_fu_159  |  p0  |   2  |   3  |    6   ||    9    |
|   grp_access_fu_172  |  p0  |   2  |   3  |    6   ||    9    |
|----------------------|------|------|------|--------||---------||---------|
|         Total        |      |      |      |  1050  ||  2.322  ||    45   |
|----------------------|------|------|------|--------||---------||---------|



* Summary:
+-----------+--------+--------+--------+
|           |  Delay |   FF   |   LUT  |
+-----------+--------+--------+--------+
|  Function |    -   |    0   |   81   |
|   Memory  |    -   |    -   |    -   |
|Multiplexer|    2   |    -   |   45   |
|  Register |    -   |  1050  |    -   |
+-----------+--------+--------+--------+
|   Total   |    2   |  1050  |   126  |
+-----------+--------+--------+--------+
