

================================================================
== Vitis HLS Report for 'QuantumMonteCarloU50_Pipeline_READ_NEW_JCOUP'
================================================================
* Date:           Tue Aug 24 17:29:47 2021

* Version:        2021.1 (Build 3247384 on Thu Jun 10 19:36:07 MDT 2021)
* Project:        QuantumMonteCarloU50
* Solution:       solution (Vitis Kernel Flow Target)
* Product family: virtexuplus
* Target device:  xcu50-fsvh2104-2-e


================================================================
== Performance Estimates
================================================================
+ Timing: 
    * Summary: 
    +--------+---------+----------+------------+
    |  Clock |  Target | Estimated| Uncertainty|
    +--------+---------+----------+------------+
    |ap_clk  |  3.33 ns|  2.433 ns|     0.90 ns|
    +--------+---------+----------+------------+

+ Latency: 
    * Summary: 
    +---------+---------+----------+----------+-----+-----+---------+
    |  Latency (cycles) |  Latency (absolute) |  Interval | Pipeline|
    |   min   |   max   |    min   |    max   | min | max |   Type  |
    +---------+---------+----------+----------+-----+-----+---------+
    |      259|      259|  0.863 us|  0.863 us|  259|  259|       no|
    +---------+---------+----------+----------+-----+-----+---------+

    + Detail: 
        * Instance: 
        N/A

        * Loop: 
        +------------------+---------+---------+----------+-----------+-----------+------+----------+
        |                  |  Latency (cycles) | Iteration|  Initiation Interval  | Trip |          |
        |     Loop Name    |   min   |   max   |  Latency |  achieved |   target  | Count| Pipelined|
        +------------------+---------+---------+----------+-----------+-----------+------+----------+
        |- READ_NEW_JCOUP  |      257|      257|         3|          1|          1|   256|       yes|
        +------------------+---------+---------+----------+-----------+-----------+------+----------+

============================================================
+ Verbose Summary: Synthesis Manager
============================================================
InlineROM: 1
ExposeGlobal: 0
============================================================
+ Verbose Summary: CDFG Model
============================================================
IsTopModel: 0
ResetActiveHigh: 1
IsCombinational: 0
IsDatapathOnly: 0
HasWiredReturn: 1
HasMFsm: 2
HasVarLatency: 1
IsPipeline: 0
IsRtlPipelined: 0
IsInstanceOverlapped: 0
IsDontTouch: 0
HasImplIP: 0
IsGatedGlobalClock: 0

+ Individual pipeline summary: 
  * Pipeline-0: initiation interval (II) = 1, depth = 3


============================================================
+ Verbose Summary: Schedule
============================================================
* Number of FSM states : 3
* Pipeline : 1
  Pipeline-0 : II = 1, D = 3, States = { 1 2 3 }
* Dataflow Pipeline: 0

* FSM state transitions: 
1 --> 2 
2 --> 3 
3 --> 

* FSM state operations: 

State 1 <SV = 0> <Delay = 1.10>
ST_1 : Operation 6 [1/1] (0.00ns)   --->   "%packOfst = alloca i32 1"   --->   Operation 6 'alloca' 'packOfst' <Predicate = true> <Delay = 0.00>
ST_1 : Operation 7 [1/1] (0.00ns)   --->   "%sext_ln241_read = read i58 @_ssdm_op_Read.ap_auto.i58, i58 %sext_ln241"   --->   Operation 7 'read' 'sext_ln241_read' <Predicate = true> <Delay = 0.00>
ST_1 : Operation 8 [1/1] (0.00ns)   --->   "%sext_ln241_cast = sext i58 %sext_ln241_read"   --->   Operation 8 'sext' 'sext_ln241_cast' <Predicate = true> <Delay = 0.00>
ST_1 : Operation 9 [1/1] (0.00ns)   --->   "%specmemcore_ln0 = specmemcore void @_ssdm_op_SpecMemCore, i512 %JcoupLocal_0, i64 666, i64 22, i64 18446744073709551615"   --->   Operation 9 'specmemcore' 'specmemcore_ln0' <Predicate = true> <Delay = 0.00>
ST_1 : Operation 10 [1/1] (0.00ns)   --->   "%specinterface_ln0 = specinterface void @_ssdm_op_SpecInterface, i512 %gmem1, void @empty_3, i32 0, i32 0, void @empty_4, i32 64, i32 0, void @empty_7, void @empty_6, void @empty_4, i32 16, i32 16, i32 16, i32 16, void @empty_4, void @empty_4"   --->   Operation 10 'specinterface' 'specinterface_ln0' <Predicate = true> <Delay = 0.00>
ST_1 : Operation 11 [1/1] (0.38ns)   --->   "%store_ln0 = store i9 0, i9 %packOfst"   --->   Operation 11 'store' 'store_ln0' <Predicate = true> <Delay = 0.38>
ST_1 : Operation 12 [1/1] (0.00ns)   --->   "%br_ln0 = br void"   --->   Operation 12 'br' 'br_ln0' <Predicate = true> <Delay = 0.00>
ST_1 : Operation 13 [1/1] (0.00ns)   --->   "%packOfst_2 = load i9 %packOfst" [/home/edci/workspace/SQA_kernels/src/qmc.cpp:241]   --->   Operation 13 'load' 'packOfst_2' <Predicate = true> <Delay = 0.00>
ST_1 : Operation 14 [1/1] (0.59ns)   --->   "%icmp_ln241 = icmp_eq  i9 %packOfst_2, i9 256" [/home/edci/workspace/SQA_kernels/src/qmc.cpp:241]   --->   Operation 14 'icmp' 'icmp_ln241' <Predicate = true> <Delay = 0.59> <CoreInst = "Cmp">   --->   Core 9 'Cmp' <Latency = 0> <II = 1> <Delay = 0.59> <FuncUnit> <Opcode : 'icmp'> <InPorts = 2> <OutPorts = 1>
ST_1 : Operation 15 [1/1] (0.71ns)   --->   "%add_ln241 = add i9 %packOfst_2, i9 1" [/home/edci/workspace/SQA_kernels/src/qmc.cpp:241]   --->   Operation 15 'add' 'add_ln241' <Predicate = true> <Delay = 0.71> <CoreInst = "Adder">   --->   Core 1 'Adder' <Latency = 0> <II = 1> <Delay = 0.71> <FuncUnit> <Opcode : 'add' 'sub'> <InPorts = 2> <OutPorts = 1>
ST_1 : Operation 16 [1/1] (0.00ns)   --->   "%br_ln241 = br i1 %icmp_ln241, void %.split6, void %.loopexit.loopexit.exitStub" [/home/edci/workspace/SQA_kernels/src/qmc.cpp:241]   --->   Operation 16 'br' 'br_ln241' <Predicate = true> <Delay = 0.00>
ST_1 : Operation 17 [1/1] (0.38ns)   --->   "%store_ln241 = store i9 %add_ln241, i9 %packOfst" [/home/edci/workspace/SQA_kernels/src/qmc.cpp:241]   --->   Operation 17 'store' 'store_ln241' <Predicate = (!icmp_ln241)> <Delay = 0.38>

State 2 <SV = 1> <Delay = 2.43>
ST_2 : Operation 18 [1/1] (0.00ns)   --->   "%gmem1_addr = getelementptr i512 %gmem1, i64 %sext_ln241_cast" [/home/edci/workspace/SQA_kernels/src/qmc.cpp:241]   --->   Operation 18 'getelementptr' 'gmem1_addr' <Predicate = true> <Delay = 0.00>
ST_2 : Operation 19 [1/1] (0.00ns)   --->   "%empty = speclooptripcount i32 @_ssdm_op_SpecLoopTripCount, i64 256, i64 256, i64 256"   --->   Operation 19 'speclooptripcount' 'empty' <Predicate = true> <Delay = 0.00>
ST_2 : Operation 20 [1/1] (2.43ns)   --->   "%gmem1_addr_read = read i512 @_ssdm_op_Read.m_axi.p1i512, i512 %gmem1_addr" [/home/edci/workspace/SQA_kernels/src/qmc.cpp:243]   --->   Operation 20 'read' 'gmem1_addr_read' <Predicate = (!icmp_ln241)> <Delay = 2.43> <CoreInst = "m_axi">   --->   Core 121 'm_axi' <Latency = 6> <II = 1> <Delay = 1.00> <Adapter> <Opcode : 'read' 'write' 'readreq' 'writereq' 'writeresp'>
ST_2 : Operation 27 [1/1] (0.00ns)   --->   "%ret_ln0 = ret"   --->   Operation 27 'ret' 'ret_ln0' <Predicate = (icmp_ln241)> <Delay = 0.00>

State 3 <SV = 2> <Delay = 1.20>
ST_3 : Operation 21 [1/1] (0.00ns)   --->   "%zext_ln241 = zext i9 %packOfst_2" [/home/edci/workspace/SQA_kernels/src/qmc.cpp:241]   --->   Operation 21 'zext' 'zext_ln241' <Predicate = true> <Delay = 0.00>
ST_3 : Operation 22 [1/1] (0.00ns)   --->   "%specpipeline_ln241 = specpipeline void @_ssdm_op_SpecPipeline, i32 4294967295, i32 0, i32 0, i32 0, void @empty_4" [/home/edci/workspace/SQA_kernels/src/qmc.cpp:241]   --->   Operation 22 'specpipeline' 'specpipeline_ln241' <Predicate = true> <Delay = 0.00>
ST_3 : Operation 23 [1/1] (0.00ns)   --->   "%specloopname_ln241 = specloopname void @_ssdm_op_SpecLoopName, void @empty_20" [/home/edci/workspace/SQA_kernels/src/qmc.cpp:241]   --->   Operation 23 'specloopname' 'specloopname_ln241' <Predicate = true> <Delay = 0.00>
ST_3 : Operation 24 [1/1] (0.00ns)   --->   "%JcoupLocal_0_addr = getelementptr i512 %JcoupLocal_0, i64 0, i64 %zext_ln241" [/home/edci/workspace/SQA_kernels/src/qmc.cpp:243]   --->   Operation 24 'getelementptr' 'JcoupLocal_0_addr' <Predicate = true> <Delay = 0.00>
ST_3 : Operation 25 [1/1] (1.20ns)   --->   "%store_ln243 = store i512 %gmem1_addr_read, i8 %JcoupLocal_0_addr" [/home/edci/workspace/SQA_kernels/src/qmc.cpp:243]   --->   Operation 25 'store' 'store_ln243' <Predicate = true> <Delay = 1.20> <CoreInst = "RAM_2P_BRAM">   --->   Core 94 'RAM_2P_BRAM' <Latency = 1> <II = 1> <Delay = 1.20> <Storage> <Opcode : 'load' 'store'> <Ports = 2> <Width = 512> <Depth = 256> <RAM>
ST_3 : Operation 26 [1/1] (0.00ns)   --->   "%br_ln0 = br void"   --->   Operation 26 'br' 'br_ln0' <Predicate = true> <Delay = 0.00>


============================================================
+ Verbose Summary: Timing violations
============================================================
Target clock period: 3.33ns, clock uncertainty: 0.9ns.

 <State 1>: 1.1ns
The critical path consists of the following:
	'alloca' operation ('packOfst') [4]  (0 ns)
	'load' operation ('packOfst', /home/edci/workspace/SQA_kernels/src/qmc.cpp:241) on local variable 'packOfst' [12]  (0 ns)
	'add' operation ('add_ln241', /home/edci/workspace/SQA_kernels/src/qmc.cpp:241) [16]  (0.715 ns)
	'store' operation ('store_ln241', /home/edci/workspace/SQA_kernels/src/qmc.cpp:241) of variable 'add_ln241', /home/edci/workspace/SQA_kernels/src/qmc.cpp:241 on local variable 'packOfst' [25]  (0.387 ns)

 <State 2>: 2.43ns
The critical path consists of the following:
	'getelementptr' operation ('gmem1_addr', /home/edci/workspace/SQA_kernels/src/qmc.cpp:241) [13]  (0 ns)
	bus read operation ('gmem1_addr_read', /home/edci/workspace/SQA_kernels/src/qmc.cpp:243) on port 'gmem1' (/home/edci/workspace/SQA_kernels/src/qmc.cpp:243) [22]  (2.43 ns)

 <State 3>: 1.2ns
The critical path consists of the following:
	'getelementptr' operation ('JcoupLocal_0_addr', /home/edci/workspace/SQA_kernels/src/qmc.cpp:243) [23]  (0 ns)
	'store' operation ('store_ln243', /home/edci/workspace/SQA_kernels/src/qmc.cpp:243) of variable 'gmem1_addr_read', /home/edci/workspace/SQA_kernels/src/qmc.cpp:243 on array 'JcoupLocal_0' [24]  (1.2 ns)


============================================================
+ Verbose Summary: Binding
============================================================
N/A
* FSMD analyzer results:
  - Output states:
 - Input state : 
  - Chain level:
	State 1
	State 2
	State 3


============================================================
+ Verbose Summary: Datapath Resource usage 
============================================================
N/A
