

================================================================
== Vitis HLS Report for 'QuantumMonteCarloU50_Pipeline_READ_NEW_JCOUP'
================================================================
* Date:           Tue Aug 24 17:29:48 2021

* Version:        2021.1 (Build 3247384 on Thu Jun 10 19:36:07 MDT 2021)
* Project:        QuantumMonteCarloU50
* Solution:       solution (Vitis Kernel Flow Target)
* Product family: virtexuplus
* Target device:  xcu50-fsvh2104-2-e


================================================================
== Performance Estimates
================================================================
+ Timing: 
    * Summary: 
    +--------+---------+----------+------------+
    |  Clock |  Target | Estimated| Uncertainty|
    +--------+---------+----------+------------+
    |ap_clk  |  3.33 ns|  2.433 ns|     0.90 ns|
    +--------+---------+----------+------------+

+ Latency: 
    * Summary: 
    +---------+---------+----------+----------+-----+-----+---------+
    |  Latency (cycles) |  Latency (absolute) |  Interval | Pipeline|
    |   min   |   max   |    min   |    max   | min | max |   Type  |
    +---------+---------+----------+----------+-----+-----+---------+
    |      259|      259|  0.863 us|  0.863 us|  259|  259|       no|
    +---------+---------+----------+----------+-----+-----+---------+

    + Detail: 
        * Instance: 
        N/A

        * Loop: 
        +------------------+---------+---------+----------+-----------+-----------+------+----------+
        |                  |  Latency (cycles) | Iteration|  Initiation Interval  | Trip |          |
        |     Loop Name    |   min   |   max   |  Latency |  achieved |   target  | Count| Pipelined|
        +------------------+---------+---------+----------+-----------+-----------+------+----------+
        |- READ_NEW_JCOUP  |      257|      257|         3|          1|          1|   256|       yes|
        +------------------+---------+---------+----------+-----------+-----------+------+----------+

============================================================
+ Verbose Summary: Synthesis Manager
============================================================
InlineROM: 1
ExposeGlobal: 0
============================================================
+ Verbose Summary: CDFG Model
============================================================
IsTopModel: 0
ResetActiveHigh: 1
IsCombinational: 0
IsDatapathOnly: 0
HasWiredReturn: 1
HasMFsm: 2
HasVarLatency: 1
IsPipeline: 0
IsRtlPipelined: 0
IsInstanceOverlapped: 0
IsDontTouch: 0
HasImplIP: 0
IsGatedGlobalClock: 0

+ Individual pipeline summary: 
  * Pipeline-0: initiation interval (II) = 1, depth = 3


============================================================
+ Verbose Summary: Schedule
============================================================
* Number of FSM states : 3
* Pipeline : 1
  Pipeline-0 : II = 1, D = 3, States = { 1 2 3 }
* Dataflow Pipeline: 0

* FSM state transitions: 
1 --> 2 
2 --> 3 
3 --> 

* FSM state operations: 

State 1 <SV = 0> <Delay = 1.10>
ST_1 : Operation 6 [1/1] (0.00ns)   --->   "%packOfst = alloca i32 1"   --->   Operation 6 'alloca' 'packOfst' <Predicate = true> <Delay = 0.00>
ST_1 : Operation 7 [1/1] (0.00ns)   --->   "%sext_ln241_read = read i58 @_ssdm_op_Read.ap_auto.i58, i58 %sext_ln241"   --->   Operation 7 'read' 'sext_ln241_read' <Predicate = true> <Delay = 0.00>
ST_1 : Operation 8 [1/1] (0.00ns)   --->   "%sext_ln241_cast = sext i58 %sext_ln241_read"   --->   Operation 8 'sext' 'sext_ln241_cast' <Predicate = true> <Delay = 0.00>
ST_1 : Operation 9 [1/1] (0.00ns)   --->   "%specmemcore_ln0 = specmemcore void @_ssdm_op_SpecMemCore, i512 %JcoupLocal_0, i64 666, i64 22, i64 18446744073709551615"   --->   Operation 9 'specmemcore' 'specmemcore_ln0' <Predicate = true> <Delay = 0.00>
ST_1 : Operation 10 [1/1] (0.00ns)   --->   "%specinterface_ln0 = specinterface void @_ssdm_op_SpecInterface, i512 %gmem1, void @empty_3, i32 0, i32 0, void @empty_4, i32 64, i32 0, void @empty_7, void @empty_6, void @empty_4, i32 16, i32 16, i32 16, i32 16, void @empty_4, void @empty_4"   --->   Operation 10 'specinterface' 'specinterface_ln0' <Predicate = true> <Delay = 0.00>
ST_1 : Operation 11 [1/1] (0.38ns)   --->   "%store_ln0 = store i9 0, i9 %packOfst"   --->   Operation 11 'store' 'store_ln0' <Predicate = true> <Delay = 0.38>
ST_1 : Operation 12 [1/1] (0.00ns)   --->   "%br_ln0 = br void"   --->   Operation 12 'br' 'br_ln0' <Predicate = true> <Delay = 0.00>
ST_1 : Operation 13 [1/1] (0.00ns)   --->   "%packOfst_2 = load i9 %packOfst" [/home/edci/workspace/SQA_kernels/src/qmc.cpp:241]   --->   Operation 13 'load' 'packOfst_2' <Predicate = true> <Delay = 0.00>
ST_1 : Operation 14 [1/1] (0.59ns)   --->   "%icmp_ln241 = icmp_eq  i9 %packOfst_2, i9 256" [/home/edci/workspace/SQA_kernels/src/qmc.cpp:241]   --->   Operation 14 'icmp' 'icmp_ln241' <Predicate = true> <Delay = 0.59> <CoreInst = "Cmp">   --->   Core 9 'Cmp' <Latency = 0> <II = 1> <Delay = 0.59> <FuncUnit> <Opcode : 'icmp'> <InPorts = 2> <OutPorts = 1>
ST_1 : Operation 15 [1/1] (0.71ns)   --->   "%add_ln241 = add i9 %packOfst_2, i9 1" [/home/edci/workspace/SQA_kernels/src/qmc.cpp:241]   --->   Operation 15 'add' 'add_ln241' <Predicate = true> <Delay = 0.71> <CoreInst = "Adder">   --->   Core 1 'Adder' <Latency = 0> <II = 1> <Delay = 0.71> <FuncUnit> <Opcode : 'add' 'sub'> <InPorts = 2> <OutPorts = 1>
ST_1 : Operation 16 [1/1] (0.00ns)   --->   "%br_ln241 = br i1 %icmp_ln241, void %.split6, void %.loopexit.loopexit.exitStub" [/home/edci/workspace/SQA_kernels/src/qmc.cpp:241]   --->   Operation 16 'br' 'br_ln241' <Predicate = true> <Delay = 0.00>
ST_1 : Operation 17 [1/1] (0.38ns)   --->   "%store_ln241 = store i9 %add_ln241, i9 %packOfst" [/home/edci/workspace/SQA_kernels/src/qmc.cpp:241]   --->   Operation 17 'store' 'store_ln241' <Predicate = (!icmp_ln241)> <Delay = 0.38>

State 2 <SV = 1> <Delay = 2.43>
ST_2 : Operation 18 [1/1] (0.00ns)   --->   "%gmem1_addr = getelementptr i512 %gmem1, i64 %sext_ln241_cast" [/home/edci/workspace/SQA_kernels/src/qmc.cpp:241]   --->   Operation 18 'getelementptr' 'gmem1_addr' <Predicate = true> <Delay = 0.00>
ST_2 : Operation 19 [1/1] (0.00ns)   --->   "%empty = speclooptripcount i32 @_ssdm_op_SpecLoopTripCount, i64 256, i64 256, i64 256"   --->   Operation 19 'speclooptripcount' 'empty' <Predicate = true> <Delay = 0.00>
ST_2 : Operation 20 [1/1] (2.43ns)   --->   "%gmem1_addr_read = read i512 @_ssdm_op_Read.m_axi.p1i512, i512 %gmem1_addr" [/home/edci/workspace/SQA_kernels/src/qmc.cpp:243]   --->   Operation 20 'read' 'gmem1_addr_read' <Predicate = (!icmp_ln241)> <Delay = 2.43> <CoreInst = "m_axi">   --->   Core 121 'm_axi' <Latency = 6> <II = 1> <Delay = 1.00> <Adapter> <Opcode : 'read' 'write' 'readreq' 'writereq' 'writeresp'>
ST_2 : Operation 27 [1/1] (0.00ns)   --->   "%ret_ln0 = ret"   --->   Operation 27 'ret' 'ret_ln0' <Predicate = (icmp_ln241)> <Delay = 0.00>

State 3 <SV = 2> <Delay = 1.20>
ST_3 : Operation 21 [1/1] (0.00ns)   --->   "%zext_ln241 = zext i9 %packOfst_2" [/home/edci/workspace/SQA_kernels/src/qmc.cpp:241]   --->   Operation 21 'zext' 'zext_ln241' <Predicate = true> <Delay = 0.00>
ST_3 : Operation 22 [1/1] (0.00ns)   --->   "%specpipeline_ln241 = specpipeline void @_ssdm_op_SpecPipeline, i32 4294967295, i32 0, i32 0, i32 0, void @empty_4" [/home/edci/workspace/SQA_kernels/src/qmc.cpp:241]   --->   Operation 22 'specpipeline' 'specpipeline_ln241' <Predicate = true> <Delay = 0.00>
ST_3 : Operation 23 [1/1] (0.00ns)   --->   "%specloopname_ln241 = specloopname void @_ssdm_op_SpecLoopName, void @empty_20" [/home/edci/workspace/SQA_kernels/src/qmc.cpp:241]   --->   Operation 23 'specloopname' 'specloopname_ln241' <Predicate = true> <Delay = 0.00>
ST_3 : Operation 24 [1/1] (0.00ns)   --->   "%JcoupLocal_0_addr = getelementptr i512 %JcoupLocal_0, i64 0, i64 %zext_ln241" [/home/edci/workspace/SQA_kernels/src/qmc.cpp:243]   --->   Operation 24 'getelementptr' 'JcoupLocal_0_addr' <Predicate = true> <Delay = 0.00>
ST_3 : Operation 25 [1/1] (1.20ns)   --->   "%store_ln243 = store i512 %gmem1_addr_read, i8 %JcoupLocal_0_addr" [/home/edci/workspace/SQA_kernels/src/qmc.cpp:243]   --->   Operation 25 'store' 'store_ln243' <Predicate = true> <Delay = 1.20> <CoreInst = "RAM_2P_BRAM">   --->   Core 94 'RAM_2P_BRAM' <Latency = 1> <II = 1> <Delay = 1.20> <Storage> <Opcode : 'load' 'store'> <Ports = 2> <Width = 512> <Depth = 256> <RAM>
ST_3 : Operation 26 [1/1] (0.00ns)   --->   "%br_ln0 = br void"   --->   Operation 26 'br' 'br_ln0' <Predicate = true> <Delay = 0.00>


============================================================
+ Verbose Summary: Binding
============================================================
STG Binding: 
---------------- STG Properties BEGIN ----------------
- Is combinational: 0
- Is one-state seq: 0
- Is datapath-only: 0
- Is pipelined: 0
- Is top level: 0
Port [ Return ] is wired: 1; IO mode=ap_ctrl_hs:ce=0
Port [ gmem1]:  wired=1; compound=1; hidden=0; nouse=0; global=0; static=0; extern=0; dir=0; type=4; pingpong=0; private_global=0; IO mode=m_axi:ce=0
Port [ sext_ln241]:  wired=1; compound=0; hidden=0; nouse=0; global=0; static=0; extern=0; dir=0; type=0; pingpong=0; private_global=0; IO mode=ap_none:ce=0
Port [ JcoupLocal_0]:  wired=1; compound=1; hidden=0; nouse=0; global=0; static=0; extern=0; dir=1; type=1; pingpong=0; private_global=0; MemPort=[30]; IO mode=ap_memory:ce=0
---------------- STG Properties END ------------------

---------------- Datapath Model BEGIN ----------------

<LifeTime>
<method=bitvector/>
packOfst           (alloca           ) [ 0100]
sext_ln241_read    (read             ) [ 0000]
sext_ln241_cast    (sext             ) [ 0110]
specmemcore_ln0    (specmemcore      ) [ 0000]
specinterface_ln0  (specinterface    ) [ 0000]
store_ln0          (store            ) [ 0000]
br_ln0             (br               ) [ 0000]
packOfst_2         (load             ) [ 0111]
icmp_ln241         (icmp             ) [ 0110]
add_ln241          (add              ) [ 0000]
br_ln241           (br               ) [ 0000]
store_ln241        (store            ) [ 0000]
gmem1_addr         (getelementptr    ) [ 0000]
empty              (speclooptripcount) [ 0000]
gmem1_addr_read    (read             ) [ 0101]
zext_ln241         (zext             ) [ 0000]
specpipeline_ln241 (specpipeline     ) [ 0000]
specloopname_ln241 (specloopname     ) [ 0000]
JcoupLocal_0_addr  (getelementptr    ) [ 0000]
store_ln243        (store            ) [ 0000]
br_ln0             (br               ) [ 0000]
ret_ln0            (ret              ) [ 0000]
</LifeTime>

<model>

<comp_list>
<comp id="0" class="1000" name="gmem1">
<pin_list>
<pin id="1" dir="1" index="0" bw="1" slack="0"/>
</pin_list>
<bind>
<StgValue><ssdm name="gmem1"/></StgValue>
</bind>
</comp>

<comp id="2" class="1000" name="sext_ln241">
<pin_list>
<pin id="3" dir="1" index="0" bw="1" slack="0"/>
</pin_list>
<bind>
<StgValue><ssdm name="sext_ln241"/></StgValue>
</bind>
</comp>

<comp id="4" class="1000" name="JcoupLocal_0">
<pin_list>
<pin id="5" dir="1" index="0" bw="1" slack="0"/>
</pin_list>
<bind>
<StgValue><ssdm name="JcoupLocal_0"/><MemPortTyVec>3 0 </MemPortTyVec>
</StgValue>
</bind>
</comp>

<comp id="6" class="1001" name="const_6">
<pin_list>
<pin id="7" dir="1" index="0" bw="1" slack="0"/>
</pin_list>
<bind>
<StgValue><ssdm name=""/></StgValue>
</bind>
</comp>

<comp id="8" class="1001" name="const_8">
<pin_list>
<pin id="9" dir="1" index="0" bw="1" slack="0"/>
</pin_list>
<bind>
<StgValue><ssdm name="_ssdm_op_Read.ap_auto.i58"/></StgValue>
</bind>
</comp>

<comp id="10" class="1001" name="const_10">
<pin_list>
<pin id="11" dir="1" index="0" bw="1" slack="2147483647"/>
</pin_list>
<bind>
<StgValue><ssdm name="_ssdm_op_SpecMemCore"/></StgValue>
</bind>
</comp>

<comp id="12" class="1001" name="const_12">
<pin_list>
<pin id="13" dir="1" index="0" bw="1" slack="2147483647"/>
</pin_list>
<bind>
<StgValue><ssdm name=""/></StgValue>
</bind>
</comp>

<comp id="14" class="1001" name="const_14">
<pin_list>
<pin id="15" dir="1" index="0" bw="1" slack="2147483647"/>
</pin_list>
<bind>
<StgValue><ssdm name=""/></StgValue>
</bind>
</comp>

<comp id="16" class="1001" name="const_16">
<pin_list>
<pin id="17" dir="1" index="0" bw="1" slack="2147483647"/>
</pin_list>
<bind>
<StgValue><ssdm name=""/></StgValue>
</bind>
</comp>

<comp id="18" class="1001" name="const_18">
<pin_list>
<pin id="19" dir="1" index="0" bw="1" slack="2147483647"/>
</pin_list>
<bind>
<StgValue><ssdm name="_ssdm_op_SpecInterface"/></StgValue>
</bind>
</comp>

<comp id="20" class="1001" name="const_20">
<pin_list>
<pin id="21" dir="1" index="0" bw="1" slack="2147483647"/>
</pin_list>
<bind>
<StgValue><ssdm name="empty_3"/></StgValue>
</bind>
</comp>

<comp id="22" class="1001" name="const_22">
<pin_list>
<pin id="23" dir="1" index="0" bw="1" slack="2147483647"/>
</pin_list>
<bind>
<StgValue><ssdm name=""/></StgValue>
</bind>
</comp>

<comp id="24" class="1001" name="const_24">
<pin_list>
<pin id="25" dir="1" index="0" bw="1" slack="2147483647"/>
</pin_list>
<bind>
<StgValue><ssdm name="empty_4"/></StgValue>
</bind>
</comp>

<comp id="26" class="1001" name="const_26">
<pin_list>
<pin id="27" dir="1" index="0" bw="1" slack="2147483647"/>
</pin_list>
<bind>
<StgValue><ssdm name=""/></StgValue>
</bind>
</comp>

<comp id="28" class="1001" name="const_28">
<pin_list>
<pin id="29" dir="1" index="0" bw="1" slack="2147483647"/>
</pin_list>
<bind>
<StgValue><ssdm name="empty_7"/></StgValue>
</bind>
</comp>

<comp id="30" class="1001" name="const_30">
<pin_list>
<pin id="31" dir="1" index="0" bw="1" slack="2147483647"/>
</pin_list>
<bind>
<StgValue><ssdm name="empty_6"/></StgValue>
</bind>
</comp>

<comp id="32" class="1001" name="const_32">
<pin_list>
<pin id="33" dir="1" index="0" bw="1" slack="2147483647"/>
</pin_list>
<bind>
<StgValue><ssdm name=""/></StgValue>
</bind>
</comp>

<comp id="34" class="1001" name="const_34">
<pin_list>
<pin id="35" dir="1" index="0" bw="1" slack="0"/>
</pin_list>
<bind>
<StgValue><ssdm name=""/></StgValue>
</bind>
</comp>

<comp id="36" class="1001" name="const_36">
<pin_list>
<pin id="37" dir="1" index="0" bw="1" slack="0"/>
</pin_list>
<bind>
<StgValue><ssdm name=""/></StgValue>
</bind>
</comp>

<comp id="38" class="1001" name="const_38">
<pin_list>
<pin id="39" dir="1" index="0" bw="1" slack="0"/>
</pin_list>
<bind>
<StgValue><ssdm name=""/></StgValue>
</bind>
</comp>

<comp id="40" class="1001" name="const_40">
<pin_list>
<pin id="41" dir="1" index="0" bw="1" slack="2147483647"/>
</pin_list>
<bind>
<StgValue><ssdm name="_ssdm_op_SpecLoopTripCount"/></StgValue>
</bind>
</comp>

<comp id="42" class="1001" name="const_42">
<pin_list>
<pin id="43" dir="1" index="0" bw="1" slack="2147483647"/>
</pin_list>
<bind>
<StgValue><ssdm name=""/></StgValue>
</bind>
</comp>

<comp id="44" class="1001" name="const_44">
<pin_list>
<pin id="45" dir="1" index="0" bw="1" slack="0"/>
</pin_list>
<bind>
<StgValue><ssdm name="_ssdm_op_Read.m_axi.p1i512"/></StgValue>
</bind>
</comp>

<comp id="46" class="1001" name="const_46">
<pin_list>
<pin id="47" dir="1" index="0" bw="1" slack="2147483647"/>
</pin_list>
<bind>
<StgValue><ssdm name="_ssdm_op_SpecPipeline"/></StgValue>
</bind>
</comp>

<comp id="48" class="1001" name="const_48">
<pin_list>
<pin id="49" dir="1" index="0" bw="1" slack="2147483647"/>
</pin_list>
<bind>
<StgValue><ssdm name=""/></StgValue>
</bind>
</comp>

<comp id="50" class="1001" name="const_50">
<pin_list>
<pin id="51" dir="1" index="0" bw="1" slack="2147483647"/>
</pin_list>
<bind>
<StgValue><ssdm name="_ssdm_op_SpecLoopName"/></StgValue>
</bind>
</comp>

<comp id="52" class="1001" name="const_52">
<pin_list>
<pin id="53" dir="1" index="0" bw="1" slack="2147483647"/>
</pin_list>
<bind>
<StgValue><ssdm name="empty_20"/></StgValue>
</bind>
</comp>

<comp id="54" class="1001" name="const_54">
<pin_list>
<pin id="55" dir="1" index="0" bw="1" slack="0"/>
</pin_list>
<bind>
<StgValue><ssdm name=""/></StgValue>
</bind>
</comp>

<comp id="56" class="1004" name="packOfst_fu_56">
<pin_list>
<pin id="57" dir="0" index="0" bw="1" slack="0"/>
<pin id="58" dir="1" index="1" bw="9" slack="0"/>
</pin_list>
<bind>
<opcode="alloca(26) " fcode="alloca"/>
<opset="packOfst/1 "/>
</bind>
</comp>

<comp id="60" class="1004" name="sext_ln241_read_read_fu_60">
<pin_list>
<pin id="61" dir="0" index="0" bw="58" slack="0"/>
<pin id="62" dir="0" index="1" bw="58" slack="0"/>
<pin id="63" dir="1" index="2" bw="58" slack="0"/>
</pin_list>
<bind>
<opcode="read(1150) " fcode="read"/>
<opset="sext_ln241_read/1 "/>
</bind>
</comp>

<comp id="66" class="1004" name="gmem1_addr_read_read_fu_66">
<pin_list>
<pin id="67" dir="0" index="0" bw="512" slack="0"/>
<pin id="68" dir="0" index="1" bw="512" slack="0"/>
<pin id="69" dir="1" index="2" bw="512" slack="1"/>
</pin_list>
<bind>
<opcode="read(1150) " fcode="read"/>
<opset="gmem1_addr_read/2 "/>
</bind>
</comp>

<comp id="71" class="1004" name="JcoupLocal_0_addr_gep_fu_71">
<pin_list>
<pin id="72" dir="0" index="0" bw="512" slack="0"/>
<pin id="73" dir="0" index="1" bw="1" slack="0"/>
<pin id="74" dir="0" index="2" bw="9" slack="0"/>
<pin id="75" dir="1" index="3" bw="8" slack="0"/>
</pin_list>
<bind>
<opcode="getelementptr(29) " fcode="getelementptr"/>
<opset="JcoupLocal_0_addr/3 "/>
</bind>
</comp>

<comp id="78" class="1004" name="store_ln243_access_fu_78">
<pin_list>
<pin id="79" dir="0" index="0" bw="8" slack="2147483647"/>
<pin id="80" dir="0" index="1" bw="512" slack="2147483647"/>
<pin id="81" dir="0" index="2" bw="0" slack="0"/>
<pin id="83" dir="0" index="4" bw="8" slack="1"/>
<pin id="84" dir="0" index="5" bw="512" slack="2147483647"/>
<pin id="85" dir="0" index="6" bw="0" slack="2147483647"/>
<pin id="82" dir="1" index="3" bw="512" slack="2147483647"/>
<pin id="86" dir="1" index="7" bw="512" slack="2147483647"/>
</pin_list>
<bind>
<opcode="store(28) " fcode="store"/>
<opset="store_ln243/3 "/>
</bind>
</comp>

<comp id="88" class="1004" name="sext_ln241_cast_fu_88">
<pin_list>
<pin id="89" dir="0" index="0" bw="58" slack="0"/>
<pin id="90" dir="1" index="1" bw="64" slack="1"/>
</pin_list>
<bind>
<opcode="sext(35) " fcode="sext"/>
<opset="sext_ln241_cast/1 "/>
</bind>
</comp>

<comp id="92" class="1004" name="store_ln0_store_fu_92">
<pin_list>
<pin id="93" dir="0" index="0" bw="1" slack="0"/>
<pin id="94" dir="0" index="1" bw="9" slack="0"/>
<pin id="95" dir="1" index="2" bw="0" slack="2147483647"/>
</pin_list>
<bind>
<opcode="store(28) " fcode="store"/>
<opset="store_ln0/1 "/>
</bind>
</comp>

<comp id="97" class="1004" name="packOfst_2_load_fu_97">
<pin_list>
<pin id="98" dir="0" index="0" bw="9" slack="0"/>
<pin id="99" dir="1" index="1" bw="9" slack="0"/>
</pin_list>
<bind>
<opcode="load(27) " fcode="load"/>
<opset="packOfst_2/1 "/>
</bind>
</comp>

<comp id="100" class="1004" name="icmp_ln241_fu_100">
<pin_list>
<pin id="101" dir="0" index="0" bw="9" slack="0"/>
<pin id="102" dir="0" index="1" bw="9" slack="0"/>
<pin id="103" dir="1" index="2" bw="1" slack="1"/>
</pin_list>
<bind>
<opcode="icmp(45) " fcode="icmp"/>
<opset="icmp_ln241/1 "/>
</bind>
</comp>

<comp id="106" class="1004" name="add_ln241_fu_106">
<pin_list>
<pin id="107" dir="0" index="0" bw="9" slack="0"/>
<pin id="108" dir="0" index="1" bw="1" slack="0"/>
<pin id="109" dir="1" index="2" bw="9" slack="0"/>
</pin_list>
<bind>
<opcode="add(8) " fcode="add"/>
<opset="add_ln241/1 "/>
</bind>
</comp>

<comp id="112" class="1004" name="store_ln241_store_fu_112">
<pin_list>
<pin id="113" dir="0" index="0" bw="9" slack="0"/>
<pin id="114" dir="0" index="1" bw="9" slack="0"/>
<pin id="115" dir="1" index="2" bw="0" slack="2147483647"/>
</pin_list>
<bind>
<opcode="store(28) " fcode="store"/>
<opset="store_ln241/1 "/>
</bind>
</comp>

<comp id="117" class="1004" name="gmem1_addr_fu_117">
<pin_list>
<pin id="118" dir="0" index="0" bw="512" slack="0"/>
<pin id="119" dir="0" index="1" bw="58" slack="1"/>
<pin id="120" dir="1" index="2" bw="512" slack="0"/>
</pin_list>
<bind>
<opcode="getelementptr(29) " fcode="getelementptr"/>
<opset="gmem1_addr/2 "/>
</bind>
</comp>

<comp id="123" class="1004" name="zext_ln241_fu_123">
<pin_list>
<pin id="124" dir="0" index="0" bw="9" slack="2"/>
<pin id="125" dir="1" index="1" bw="64" slack="0"/>
</pin_list>
<bind>
<opcode="zext(34) " fcode="zext"/>
<opset="zext_ln241/3 "/>
</bind>
</comp>

<comp id="127" class="1005" name="packOfst_reg_127">
<pin_list>
<pin id="128" dir="0" index="0" bw="9" slack="0"/>
<pin id="129" dir="1" index="1" bw="9" slack="0"/>
</pin_list>
<bind>
<opset="packOfst "/>
</bind>
</comp>

<comp id="134" class="1005" name="sext_ln241_cast_reg_134">
<pin_list>
<pin id="135" dir="0" index="0" bw="64" slack="1"/>
<pin id="136" dir="1" index="1" bw="64" slack="1"/>
</pin_list>
<bind>
<opset="sext_ln241_cast "/>
</bind>
</comp>

<comp id="139" class="1005" name="packOfst_2_reg_139">
<pin_list>
<pin id="140" dir="0" index="0" bw="9" slack="2"/>
<pin id="141" dir="1" index="1" bw="9" slack="2"/>
</pin_list>
<bind>
<opset="packOfst_2 "/>
</bind>
</comp>

<comp id="144" class="1005" name="icmp_ln241_reg_144">
<pin_list>
<pin id="145" dir="0" index="0" bw="1" slack="1"/>
<pin id="146" dir="1" index="1" bw="1" slack="2147483647"/>
</pin_list>
<bind>
<opset="icmp_ln241 "/>
</bind>
</comp>

<comp id="148" class="1005" name="gmem1_addr_read_reg_148">
<pin_list>
<pin id="149" dir="0" index="0" bw="512" slack="1"/>
<pin id="150" dir="1" index="1" bw="512" slack="1"/>
</pin_list>
<bind>
<opset="gmem1_addr_read "/>
</bind>
</comp>

</comp_list>

<net_list>
<net id="59"><net_src comp="6" pin="0"/><net_sink comp="56" pin=0"/></net>

<net id="64"><net_src comp="8" pin="0"/><net_sink comp="60" pin=0"/></net>

<net id="65"><net_src comp="2" pin="0"/><net_sink comp="60" pin=1"/></net>

<net id="70"><net_src comp="44" pin="0"/><net_sink comp="66" pin=0"/></net>

<net id="76"><net_src comp="4" pin="0"/><net_sink comp="71" pin=0"/></net>

<net id="77"><net_src comp="54" pin="0"/><net_sink comp="71" pin=1"/></net>

<net id="87"><net_src comp="71" pin="3"/><net_sink comp="78" pin=2"/></net>

<net id="91"><net_src comp="60" pin="2"/><net_sink comp="88" pin=0"/></net>

<net id="96"><net_src comp="34" pin="0"/><net_sink comp="92" pin=0"/></net>

<net id="104"><net_src comp="97" pin="1"/><net_sink comp="100" pin=0"/></net>

<net id="105"><net_src comp="36" pin="0"/><net_sink comp="100" pin=1"/></net>

<net id="110"><net_src comp="97" pin="1"/><net_sink comp="106" pin=0"/></net>

<net id="111"><net_src comp="38" pin="0"/><net_sink comp="106" pin=1"/></net>

<net id="116"><net_src comp="106" pin="2"/><net_sink comp="112" pin=0"/></net>

<net id="121"><net_src comp="0" pin="0"/><net_sink comp="117" pin=0"/></net>

<net id="122"><net_src comp="117" pin="2"/><net_sink comp="66" pin=1"/></net>

<net id="126"><net_src comp="123" pin="1"/><net_sink comp="71" pin=2"/></net>

<net id="130"><net_src comp="56" pin="1"/><net_sink comp="127" pin=0"/></net>

<net id="131"><net_src comp="127" pin="1"/><net_sink comp="92" pin=1"/></net>

<net id="132"><net_src comp="127" pin="1"/><net_sink comp="97" pin=0"/></net>

<net id="133"><net_src comp="127" pin="1"/><net_sink comp="112" pin=1"/></net>

<net id="137"><net_src comp="88" pin="1"/><net_sink comp="134" pin=0"/></net>

<net id="138"><net_src comp="134" pin="1"/><net_sink comp="117" pin=1"/></net>

<net id="142"><net_src comp="97" pin="1"/><net_sink comp="139" pin=0"/></net>

<net id="143"><net_src comp="139" pin="1"/><net_sink comp="123" pin=0"/></net>

<net id="147"><net_src comp="100" pin="2"/><net_sink comp="144" pin=0"/></net>

<net id="151"><net_src comp="66" pin="2"/><net_sink comp="148" pin=0"/></net>

<net id="152"><net_src comp="148" pin="1"/><net_sink comp="78" pin=4"/></net>

</net_list>

</model> 
---------------- Datapath Model END ------------------

* FSMD analyzer results:
  - Output states:
	Port: JcoupLocal_0 | {3 }
 - Input state : 
	Port: QuantumMonteCarloU50_Pipeline_READ_NEW_JCOUP : gmem1 | {2 }
	Port: QuantumMonteCarloU50_Pipeline_READ_NEW_JCOUP : sext_ln241 | {1 }
  - Chain level:
	State 1
		store_ln0 : 1
		packOfst_2 : 1
		icmp_ln241 : 2
		add_ln241 : 2
		br_ln241 : 3
		store_ln241 : 3
	State 2
		gmem1_addr_read : 1
	State 3
		JcoupLocal_0_addr : 1
		store_ln243 : 2


============================================================
+ Verbose Summary: Datapath Resource usage 
============================================================

* Functional unit list:
|----------|----------------------------|---------|---------|
| Operation|       Functional Unit      |    FF   |   LUT   |
|----------|----------------------------|---------|---------|
|    add   |      add_ln241_fu_106      |    0    |    16   |
|----------|----------------------------|---------|---------|
|   icmp   |      icmp_ln241_fu_100     |    0    |    11   |
|----------|----------------------------|---------|---------|
|   read   | sext_ln241_read_read_fu_60 |    0    |    0    |
|          | gmem1_addr_read_read_fu_66 |    0    |    0    |
|----------|----------------------------|---------|---------|
|   sext   |    sext_ln241_cast_fu_88   |    0    |    0    |
|----------|----------------------------|---------|---------|
|   zext   |      zext_ln241_fu_123     |    0    |    0    |
|----------|----------------------------|---------|---------|
|   Total  |                            |    0    |    27   |
|----------|----------------------------|---------|---------|

Memories:
N/A

* Register list:
+-----------------------+--------+
|                       |   FF   |
+-----------------------+--------+
|gmem1_addr_read_reg_148|   512  |
|   icmp_ln241_reg_144  |    1   |
|   packOfst_2_reg_139  |    9   |
|    packOfst_reg_127   |    9   |
|sext_ln241_cast_reg_134|   64   |
+-----------------------+--------+
|         Total         |   595  |
+-----------------------+--------+

* Multiplexer (MUX) list: 
|--------|------|------|------|--------|
|  Comp  |  Pin | Size |  BW  | S x BW |
|--------|------|------|------|--------|
|  Total |      |      |      |    0   |
|--------|------|------|------|--------|



* Summary:
+-----------+--------+--------+
|           |   FF   |   LUT  |
+-----------+--------+--------+
|  Function |    0   |   27   |
|   Memory  |    -   |    -   |
|Multiplexer|    -   |    -   |
|  Register |   595  |    -   |
+-----------+--------+--------+
|   Total   |   595  |   27   |
+-----------+--------+--------+
