

================================================================
== Vitis HLS Report for 'QuantumMonteCarloU50'
================================================================
* Date:           Sat Sep 25 09:32:12 2021

* Version:        2021.1 (Build 3247384 on Thu Jun 10 19:36:33 MDT 2021)
* Project:        SQA-Vitis
* Solution:       solution1 (Vitis Kernel Flow Target)
* Product family: virtexuplus
* Target device:  xcvu35p-fsvh2892-2-e


================================================================
== Performance Estimates
================================================================
+ Timing: 
    * Summary: 
    +--------+---------+----------+------------+
    |  Clock |  Target | Estimated| Uncertainty|
    +--------+---------+----------+------------+
    |ap_clk  |  3.33 ns|  2.885 ns|     0.90 ns|
    +--------+---------+----------+------------+

+ Latency: 
    * Summary: 
    +---------+---------+-----------+-----------+---------+---------+---------+
    |  Latency (cycles) |   Latency (absolute)  |      Interval     | Pipeline|
    |   min   |   max   |    min    |    max    |   min   |   max   |   Type  |
    +---------+---------+-----------+-----------+---------+---------+---------+
    |  7742054|  7742054|  25.804 ms|  25.804 ms|  7742055|  7742055|       no|
    +---------+---------+-----------+-----------+---------+---------+---------+

    + Detail: 
        * Instance: 
        +---------------------------------------------------------------------------+---------------------------------------------------------------+---------+---------+----------+-----------+------+------+---------+
        |                                                                           |                                                               |  Latency (cycles) |  Latency (absolute)  |   Interval  | Pipeline|
        |                                  Instance                                 |                             Module                            |   min   |   max   |    min   |    max    |  min |  max |   Type  |
        +---------------------------------------------------------------------------+---------------------------------------------------------------+---------+---------+----------+-----------+------+------+---------+
        |grp_QuantumMonteCarloU50_Pipeline_READ_TROTTERS_READ_TROTTERS_1_fu_961     |QuantumMonteCarloU50_Pipeline_READ_TROTTERS_READ_TROTTERS_1    |     1027|     1027|  3.423 us|   3.423 us|  1027|  1027|       no|
        |grp_QuantumMonteCarloU50_Pipeline_READ_JCOUP_fu_984                        |QuantumMonteCarloU50_Pipeline_READ_JCOUP                       |      458|      458|  1.527 us|   1.527 us|   458|   458|       no|
        |grp_Run_fu_997                                                             |Run                                                            |      260|      260|  0.867 us|   0.867 us|   260|   260|       no|
        |grp_Run_fu_1005                                                            |Run                                                            |      260|      260|  0.867 us|   0.867 us|   260|   260|       no|
        |grp_Run_fu_1013                                                            |Run                                                            |      260|      260|  0.867 us|   0.867 us|   260|   260|       no|
        |grp_Run_fu_1021                                                            |Run                                                            |      260|      260|  0.867 us|   0.867 us|   260|   260|       no|
        |grp_Run_fu_1029                                                            |Run                                                            |      260|      260|  0.867 us|   0.867 us|   260|   260|       no|
        |grp_Run_fu_1037                                                            |Run                                                            |      260|      260|  0.867 us|   0.867 us|   260|   260|       no|
        |grp_Run_fu_1045                                                            |Run                                                            |      260|      260|  0.867 us|   0.867 us|   260|   260|       no|
        |grp_RunFinal_fu_1053                                                       |RunFinal                                                       |        1|       22|  3.333 ns|  73.326 ns|     1|    22|       no|
        |grp_RunFinal_fu_1072                                                       |RunFinal                                                       |        1|       22|  3.333 ns|  73.326 ns|     1|    22|       no|
        |grp_RunFinal_fu_1091                                                       |RunFinal                                                       |        1|       22|  3.333 ns|  73.326 ns|     1|    22|       no|
        |grp_RunFinal_fu_1110                                                       |RunFinal                                                       |        1|       22|  3.333 ns|  73.326 ns|     1|    22|       no|
        |grp_RunFinal_fu_1129                                                       |RunFinal                                                       |        1|       22|  3.333 ns|  73.326 ns|     1|    22|       no|
        |grp_RunFinal_fu_1148                                                       |RunFinal                                                       |        1|       22|  3.333 ns|  73.326 ns|     1|    22|       no|
        |grp_RunFinal_fu_1167                                                       |RunFinal                                                       |        1|       22|  3.333 ns|  73.326 ns|     1|    22|       no|
        |grp_QuantumMonteCarloU50_Pipeline_SHIFT_JCOUP_fu_1187                      |QuantumMonteCarloU50_Pipeline_SHIFT_JCOUP                      |      143|      143|  0.477 us|   0.477 us|   143|   143|       no|
        |grp_QuantumMonteCarloU50_Pipeline_WRITE_TROTTERS_WRITE_TROTTERS_1_fu_1207  |QuantumMonteCarloU50_Pipeline_WRITE_TROTTERS_WRITE_TROTTERS_1  |     1027|     1027|  3.423 us|   3.423 us|  1027|  1027|       no|
        +---------------------------------------------------------------------------+---------------------------------------------------------------+---------+---------+----------+-----------+------+------+---------+

        * Loop: 
        +--------------+---------+---------+----------+-----------+-----------+------+----------+
        |              |  Latency (cycles) | Iteration|  Initiation Interval  | Trip |          |
        |   Loop Name  |   min   |   max   |  Latency |  achieved |   target  | Count| Pipelined|
        +--------------+---------+---------+----------+-----------+-----------+------+----------+
        |- LOOP_STAGE  |  7739856|  7739856|       944|          -|          -|  8199|        no|
        +--------------+---------+---------+----------+-----------+-----------+------+----------+



================================================================
== Utilization Estimates
================================================================
* Summary: 
+---------------------+---------+------+---------+--------+-----+
|         Name        | BRAM_18K|  DSP |    FF   |   LUT  | URAM|
+---------------------+---------+------+---------+--------+-----+
|DSP                  |        -|     -|        -|       -|    -|
|Expression           |        -|     -|        0|    2435|    -|
|FIFO                 |        -|     -|        -|       -|    -|
|Instance             |       92|   934|   268730|  175068|    0|
|Memory               |      128|     -|     1024|    1040|    0|
|Multiplexer          |        -|     -|        -|    3924|    -|
|Register             |        -|     -|     3138|       -|    -|
+---------------------+---------+------+---------+--------+-----+
|Total                |      220|   934|   272892|  182467|    0|
+---------------------+---------+------+---------+--------+-----+
|Available SLR        |     1344|  2976|   871680|  435840|  320|
+---------------------+---------+------+---------+--------+-----+
|Utilization SLR (%)  |       16|    31|       31|      41|    0|
+---------------------+---------+------+---------+--------+-----+
|Available            |     2688|  5952|  1743360|  871680|  640|
+---------------------+---------+------+---------+--------+-----+
|Utilization (%)      |        8|    15|       15|      20|    0|
+---------------------+---------+------+---------+--------+-----+

+ Detail: 
    * Instance: 
    +---------------------------------------------------------------------------+---------------------------------------------------------------+---------+-----+-------+-------+-----+
    |                                  Instance                                 |                             Module                            | BRAM_18K| DSP |   FF  |  LUT  | URAM|
    +---------------------------------------------------------------------------+---------------------------------------------------------------+---------+-----+-------+-------+-----+
    |grp_QuantumMonteCarloU50_Pipeline_READ_JCOUP_fu_984                        |QuantumMonteCarloU50_Pipeline_READ_JCOUP                       |        0|    0|  29003|   2754|    0|
    |grp_QuantumMonteCarloU50_Pipeline_READ_TROTTERS_READ_TROTTERS_1_fu_961     |QuantumMonteCarloU50_Pipeline_READ_TROTTERS_READ_TROTTERS_1    |        0|    0|   1014|    588|    0|
    |grp_QuantumMonteCarloU50_Pipeline_SHIFT_JCOUP_fu_1187                      |QuantumMonteCarloU50_Pipeline_SHIFT_JCOUP                      |        0|    0|  15208|  14777|    0|
    |grp_QuantumMonteCarloU50_Pipeline_WRITE_TROTTERS_WRITE_TROTTERS_1_fu_1207  |QuantumMonteCarloU50_Pipeline_WRITE_TROTTERS_WRITE_TROTTERS_1  |        0|    0|    996|   1025|    0|
    |grp_Run_fu_997                                                             |Run                                                            |        0|  128|  30208|  20661|    0|
    |grp_Run_fu_1005                                                            |Run                                                            |        0|  128|  30208|  20661|    0|
    |grp_Run_fu_1013                                                            |Run                                                            |        0|  128|  30208|  20661|    0|
    |grp_Run_fu_1021                                                            |Run                                                            |        0|  128|  30208|  20661|    0|
    |grp_Run_fu_1029                                                            |Run                                                            |        0|  128|  30208|  20661|    0|
    |grp_Run_fu_1037                                                            |Run                                                            |        0|  128|  30208|  20661|    0|
    |grp_Run_fu_1045                                                            |Run                                                            |        0|  128|  30208|  20661|    0|
    |grp_RunFinal_fu_1053                                                       |RunFinal                                                       |        0|    5|    798|    733|    0|
    |grp_RunFinal_fu_1072                                                       |RunFinal                                                       |        0|    5|    798|    733|    0|
    |grp_RunFinal_fu_1091                                                       |RunFinal                                                       |        0|    5|    798|    733|    0|
    |grp_RunFinal_fu_1110                                                       |RunFinal                                                       |        0|    5|    798|    733|    0|
    |grp_RunFinal_fu_1129                                                       |RunFinal                                                       |        0|    5|    798|    733|    0|
    |grp_RunFinal_fu_1148                                                       |RunFinal                                                       |        0|    5|    798|    733|    0|
    |grp_RunFinal_fu_1167                                                       |RunFinal                                                       |        0|    5|    798|    733|    0|
    |control_s_axi_U                                                            |control_s_axi                                                  |        0|    0|    392|    680|    0|
    |fmul_32ns_32ns_32_4_max_dsp_1_U164                                         |fmul_32ns_32ns_32_4_max_dsp_1                                  |        0|    3|    143|     78|    0|
    |gmem0_m_axi_U                                                              |gmem0_m_axi                                                    |       30|    0|   1415|   1585|    0|
    |gmem1_m_axi_U                                                              |gmem1_m_axi                                                    |       58|    0|   2493|   2663|    0|
    |gmem2_m_axi_U                                                              |gmem2_m_axi                                                    |        2|    0|    512|    580|    0|
    |gmem3_m_axi_U                                                              |gmem3_m_axi                                                    |        2|    0|    512|    580|    0|
    +---------------------------------------------------------------------------+---------------------------------------------------------------+---------+-----+-------+-------+-----+
    |Total                                                                      |                                                               |       92|  934| 268730| 175068|    0|
    +---------------------------------------------------------------------------+---------------------------------------------------------------+---------+-----+-------+-------+-----+

    * DSP: 
    N/A

    * Memory: 
    +------------------------+----------------------+---------+----+----+-----+------+------+------+-------------+
    |         Memory         |        Module        | BRAM_18K| FF | LUT| URAM| Words| Bits | Banks| W*Bits*Banks|
    +------------------------+----------------------+---------+----+----+-----+------+------+------+-------------+
    |jcoup_local_0_0_U       |jcoup_local_0_0       |        8|   0|   0|    0|    64|  2048|     1|       131072|
    |jcoup_local_0_1_U       |jcoup_local_0_0       |        8|   0|   0|    0|    64|  2048|     1|       131072|
    |jcoup_local_1_0_U       |jcoup_local_0_0       |        8|   0|   0|    0|    64|  2048|     1|       131072|
    |jcoup_local_1_1_U       |jcoup_local_0_0       |        8|   0|   0|    0|    64|  2048|     1|       131072|
    |jcoup_local_2_0_U       |jcoup_local_0_0       |        8|   0|   0|    0|    64|  2048|     1|       131072|
    |jcoup_local_2_1_U       |jcoup_local_0_0       |        8|   0|   0|    0|    64|  2048|     1|       131072|
    |jcoup_local_3_0_U       |jcoup_local_0_0       |        8|   0|   0|    0|    64|  2048|     1|       131072|
    |jcoup_local_3_1_U       |jcoup_local_0_0       |        8|   0|   0|    0|    64|  2048|     1|       131072|
    |jcoup_local_4_0_U       |jcoup_local_0_0       |        8|   0|   0|    0|    64|  2048|     1|       131072|
    |jcoup_local_4_1_U       |jcoup_local_0_0       |        8|   0|   0|    0|    64|  2048|     1|       131072|
    |jcoup_local_5_0_U       |jcoup_local_0_0       |        8|   0|   0|    0|    64|  2048|     1|       131072|
    |jcoup_local_5_1_U       |jcoup_local_0_0       |        8|   0|   0|    0|    64|  2048|     1|       131072|
    |jcoup_local_6_0_U       |jcoup_local_0_0       |        8|   0|   0|    0|    64|  2048|     1|       131072|
    |jcoup_local_6_1_U       |jcoup_local_0_0       |        8|   0|   0|    0|    64|  2048|     1|       131072|
    |jcoup_local_7_0_U       |jcoup_local_0_0       |        8|   0|   0|    0|    64|  2048|     1|       131072|
    |jcoup_local_7_1_U       |jcoup_local_0_0       |        8|   0|   0|    0|    64|  2048|     1|       131072|
    |trotters_local_V_0_0_U  |trotters_local_V_0_0  |        0|  64|  65|    0|    64|    64|     1|         4096|
    |trotters_local_V_0_1_U  |trotters_local_V_0_0  |        0|  64|  65|    0|    64|    64|     1|         4096|
    |trotters_local_V_1_0_U  |trotters_local_V_0_0  |        0|  64|  65|    0|    64|    64|     1|         4096|
    |trotters_local_V_1_1_U  |trotters_local_V_0_0  |        0|  64|  65|    0|    64|    64|     1|         4096|
    |trotters_local_V_2_0_U  |trotters_local_V_0_0  |        0|  64|  65|    0|    64|    64|     1|         4096|
    |trotters_local_V_2_1_U  |trotters_local_V_0_0  |        0|  64|  65|    0|    64|    64|     1|         4096|
    |trotters_local_V_3_0_U  |trotters_local_V_0_0  |        0|  64|  65|    0|    64|    64|     1|         4096|
    |trotters_local_V_3_1_U  |trotters_local_V_0_0  |        0|  64|  65|    0|    64|    64|     1|         4096|
    |trotters_local_V_4_0_U  |trotters_local_V_0_0  |        0|  64|  65|    0|    64|    64|     1|         4096|
    |trotters_local_V_4_1_U  |trotters_local_V_0_0  |        0|  64|  65|    0|    64|    64|     1|         4096|
    |trotters_local_V_5_0_U  |trotters_local_V_0_0  |        0|  64|  65|    0|    64|    64|     1|         4096|
    |trotters_local_V_5_1_U  |trotters_local_V_0_0  |        0|  64|  65|    0|    64|    64|     1|         4096|
    |trotters_local_V_6_0_U  |trotters_local_V_0_0  |        0|  64|  65|    0|    64|    64|     1|         4096|
    |trotters_local_V_6_1_U  |trotters_local_V_0_0  |        0|  64|  65|    0|    64|    64|     1|         4096|
    |trotters_local_V_7_0_U  |trotters_local_V_0_0  |        0|  64|  65|    0|    64|    64|     1|         4096|
    |trotters_local_V_7_1_U  |trotters_local_V_0_0  |        0|  64|  65|    0|    64|    64|     1|         4096|
    +------------------------+----------------------+---------+----+----+-----+------+------+------+-------------+
    |Total                   |                      |      128|1024|1040|    0|  2048| 33792|    32|      2162688|
    +------------------------+----------------------+---------+----+----+-----+------+------+------+-------------+

    * FIFO: 
    N/A

    * Expression: 
    +-----------------------------------+----------+----+---+----+------------+------------+
    |           Variable Name           | Operation| DSP| FF| LUT| Bitwidth P0| Bitwidth P1|
    +-----------------------------------+----------+----+---+----+------------+------------+
    |add_ln281_11_fu_2293_p2            |         +|   0|  0|  13|           6|           4|
    |add_ln281_12_fu_2299_p2            |         +|   0|  0|  13|           6|           4|
    |add_ln281_2_fu_2263_p2             |         +|   0|  0|  13|           6|           2|
    |add_ln281_5_fu_2275_p2             |         +|   0|  0|  13|           6|           3|
    |add_ln281_7_fu_2281_p2             |         +|   0|  0|  13|           6|           4|
    |add_ln281_9_fu_2287_p2             |         +|   0|  0|  13|           6|           4|
    |add_ln281_fu_2269_p2               |         +|   0|  0|  13|           6|           3|
    |add_ln288_1_fu_1433_p2             |         +|   0|  0|  71|          64|          64|
    |add_ln288_2_fu_1542_p2             |         +|   0|  0|  71|          64|          64|
    |add_ln288_3_fu_1651_p2             |         +|   0|  0|  71|          64|          64|
    |add_ln288_4_fu_1764_p2             |         +|   0|  0|  71|          64|          64|
    |add_ln288_5_fu_1873_p2             |         +|   0|  0|  71|          64|          64|
    |add_ln288_6_fu_1982_p2             |         +|   0|  0|  71|          64|          64|
    |add_ln288_7_fu_2077_p2             |         +|   0|  0|  71|          64|          64|
    |add_ln288_fu_1351_p2               |         +|   0|  0|  71|          64|          64|
    |add_ln289_1_fu_1472_p2             |         +|   0|  0|  71|          64|          64|
    |add_ln289_2_fu_1581_p2             |         +|   0|  0|  71|          64|          64|
    |add_ln289_3_fu_1694_p2             |         +|   0|  0|  71|          64|          64|
    |add_ln289_4_fu_1803_p2             |         +|   0|  0|  71|          64|          64|
    |add_ln289_5_fu_1912_p2             |         +|   0|  0|  71|          64|          64|
    |add_ln289_6_fu_2025_p2             |         +|   0|  0|  71|          64|          64|
    |add_ln289_7_fu_2120_p2             |         +|   0|  0|  71|          64|          64|
    |add_ln289_fu_1376_p2               |         +|   0|  0|  71|          64|          64|
    |ofst_10_fu_2050_p2                 |         +|   0|  0|  20|          13|           4|
    |ofst_4_fu_1406_p2                  |         +|   0|  0|  20|          13|           2|
    |ofst_5_fu_1515_p2                  |         +|   0|  0|  20|          13|           3|
    |ofst_6_fu_1624_p2                  |         +|   0|  0|  20|          13|           3|
    |ofst_7_fu_1737_p2                  |         +|   0|  0|  20|          13|           4|
    |ofst_8_fu_1846_p2                  |         +|   0|  0|  20|          13|           4|
    |ofst_9_fu_1955_p2                  |         +|   0|  0|  20|          13|           4|
    |stage_2_fu_1329_p2                 |         +|   0|  0|  21|          14|           1|
    |icmp_ln270_fu_1323_p2              |      icmp|   0|  0|  12|          14|          14|
    |icmp_ln319_fu_1300_p2              |      icmp|   0|  0|  10|           7|           1|
    |ap_block_state1                    |        or|   0|  0|   2|           1|           1|
    |ap_block_state145                  |        or|   0|  0|   2|           1|           1|
    |ap_block_state152_on_subcall_done  |        or|   0|  0|   2|           1|           1|
    |ap_block_state154_on_subcall_done  |        or|   0|  0|   2|           1|           1|
    |ap_block_state156_on_subcall_done  |        or|   0|  0|   2|           1|           1|
    |ap_block_state75_io                |        or|   0|  0|   2|           1|           1|
    |p_Val2_132_fu_2312_p3              |    select|   0|  0|  63|           1|          64|
    |p_Val2_133_fu_2319_p3              |    select|   0|  0|  63|           1|          64|
    |p_Val2_134_fu_2326_p3              |    select|   0|  0|  63|           1|          64|
    |p_Val2_135_fu_2333_p3              |    select|   0|  0|  63|           1|          64|
    |p_Val2_136_fu_2340_p3              |    select|   0|  0|  63|           1|          64|
    |p_Val2_137_fu_2347_p3              |    select|   0|  0|  63|           1|          64|
    |p_Val2_138_fu_2361_p3              |    select|   0|  0|  63|           1|          64|
    |p_Val2_139_fu_2369_p3              |    select|   0|  0|  63|           1|          64|
    |p_Val2_140_fu_2377_p3              |    select|   0|  0|  63|           1|          64|
    |p_Val2_141_fu_2384_p3              |    select|   0|  0|  63|           1|          64|
    |p_Val2_142_fu_2391_p3              |    select|   0|  0|  63|           1|          64|
    |p_Val2_143_fu_2398_p3              |    select|   0|  0|  63|           1|          64|
    |p_Val2_144_fu_2405_p3              |    select|   0|  0|  63|           1|          64|
    |p_Val2_145_fu_2412_p3              |    select|   0|  0|  63|           1|          64|
    |p_Val2_146_fu_2419_p3              |    select|   0|  0|  63|           1|          64|
    |p_Val2_s_fu_2305_p3                |    select|   0|  0|  63|           1|          64|
    |select_ln319_fu_1305_p3            |    select|   0|  0|   3|           1|           2|
    |p_Repl2_s_fu_1280_p2               |       xor|   0|  0|   2|           1|           2|
    +-----------------------------------+----------+----+---+----+------------+------------+
    |Total                              |          |   0|  0|2435|        1216|        2122|
    +-----------------------------------+----------+----+---+----+------------+------------+

    * Multiplexer: 
    +-------------------------------------------+------+-----------+------+-----------+
    |                    Name                   |  LUT | Input Size| Bits | Total Bits|
    +-------------------------------------------+------+-----------+------+-----------+
    |ap_NS_fsm                                  |  1211|        228|     1|        228|
    |ap_done                                    |     9|          2|     1|          2|
    |gmem0_ARADDR                               |    14|          3|    64|        192|
    |gmem0_ARBURST                              |     9|          2|     2|          4|
    |gmem0_ARCACHE                              |     9|          2|     4|          8|
    |gmem0_ARID                                 |     9|          2|     1|          2|
    |gmem0_ARLEN                                |    14|          3|    32|         96|
    |gmem0_ARLOCK                               |     9|          2|     2|          4|
    |gmem0_ARPROT                               |     9|          2|     3|          6|
    |gmem0_ARQOS                                |     9|          2|     4|          8|
    |gmem0_ARREGION                             |     9|          2|     4|          8|
    |gmem0_ARSIZE                               |     9|          2|     3|          6|
    |gmem0_ARUSER                               |     9|          2|     1|          2|
    |gmem0_ARVALID                              |    14|          3|     1|          3|
    |gmem0_AWADDR                               |    14|          3|    64|        192|
    |gmem0_AWBURST                              |     9|          2|     2|          4|
    |gmem0_AWCACHE                              |     9|          2|     4|          8|
    |gmem0_AWID                                 |     9|          2|     1|          2|
    |gmem0_AWLEN                                |    14|          3|    32|         96|
    |gmem0_AWLOCK                               |     9|          2|     2|          4|
    |gmem0_AWPROT                               |     9|          2|     3|          6|
    |gmem0_AWQOS                                |     9|          2|     4|          8|
    |gmem0_AWREGION                             |     9|          2|     4|          8|
    |gmem0_AWSIZE                               |     9|          2|     3|          6|
    |gmem0_AWUSER                               |     9|          2|     1|          2|
    |gmem0_AWVALID                              |    14|          3|     1|          3|
    |gmem0_BREADY                               |    14|          3|     1|          3|
    |gmem0_RREADY                               |     9|          2|     1|          2|
    |gmem0_WVALID                               |     9|          2|     1|          2|
    |gmem0_blk_n_AR                             |     9|          2|     1|          2|
    |gmem0_blk_n_AW                             |     9|          2|     1|          2|
    |gmem0_blk_n_B                              |     9|          2|     1|          2|
    |gmem1_ARVALID                              |     9|          2|     1|          2|
    |gmem1_RREADY                               |     9|          2|     1|          2|
    |gmem2_ARADDR                               |    49|          9|    64|        576|
    |gmem2_blk_n_AR                             |     9|          2|     1|          2|
    |gmem2_blk_n_R                              |     9|          2|     1|          2|
    |gmem3_ARADDR                               |    49|          9|    64|        576|
    |gmem3_blk_n_AR                             |     9|          2|     1|          2|
    |gmem3_blk_n_R                              |     9|          2|     1|          2|
    |grp_RunFinal_fu_1053_info_t_offset         |    14|          3|     3|          9|
    |grp_RunFinal_fu_1053_state_down_spin       |    14|          3|     1|          3|
    |grp_RunFinal_fu_1053_state_h_local         |    14|          3|    32|         96|
    |grp_RunFinal_fu_1053_state_i_pack          |    14|          3|     7|         21|
    |grp_RunFinal_fu_1053_state_i_spin          |    14|          3|     6|         18|
    |grp_RunFinal_fu_1053_state_log_rand_local  |    14|          3|    32|         96|
    |grp_RunFinal_fu_1053_state_up_spin         |    14|          3|     1|          3|
    |grp_RunFinal_fu_1053_trotters_local1_q0    |    14|          3|    64|        192|
    |grp_RunFinal_fu_1053_trotters_local_q0     |    14|          3|    64|        192|
    |grp_Run_fu_997_jcoup_local2_q0             |    14|          3|  2048|       6144|
    |grp_Run_fu_997_jcoup_local_q0              |    14|          3|  2048|       6144|
    |grp_Run_fu_997_trotters_local1_q0          |    14|          3|    64|        192|
    |grp_Run_fu_997_trotters_local_q0           |    14|          3|    64|        192|
    |jcoup_local_0_0_address0                   |    20|          4|     6|         24|
    |jcoup_local_0_0_ce0                        |    20|          4|     1|          4|
    |jcoup_local_0_0_we0                        |     9|          2|     1|          2|
    |jcoup_local_0_1_address0                   |    20|          4|     6|         24|
    |jcoup_local_0_1_ce0                        |    20|          4|     1|          4|
    |jcoup_local_0_1_we0                        |     9|          2|     1|          2|
    |jcoup_local_1_0_address0                   |    14|          3|     6|         18|
    |jcoup_local_1_0_ce0                        |    14|          3|     1|          3|
    |jcoup_local_1_0_we0                        |     9|          2|     1|          2|
    |jcoup_local_1_1_address0                   |    14|          3|     6|         18|
    |jcoup_local_1_1_ce0                        |    14|          3|     1|          3|
    |jcoup_local_1_1_we0                        |     9|          2|     1|          2|
    |jcoup_local_2_0_address0                   |    14|          3|     6|         18|
    |jcoup_local_2_0_ce0                        |    14|          3|     1|          3|
    |jcoup_local_2_0_we0                        |     9|          2|     1|          2|
    |jcoup_local_2_1_address0                   |    14|          3|     6|         18|
    |jcoup_local_2_1_ce0                        |    14|          3|     1|          3|
    |jcoup_local_2_1_we0                        |     9|          2|     1|          2|
    |jcoup_local_3_0_address0                   |    14|          3|     6|         18|
    |jcoup_local_3_0_ce0                        |    14|          3|     1|          3|
    |jcoup_local_3_0_we0                        |     9|          2|     1|          2|
    |jcoup_local_3_1_address0                   |    14|          3|     6|         18|
    |jcoup_local_3_1_ce0                        |    14|          3|     1|          3|
    |jcoup_local_3_1_we0                        |     9|          2|     1|          2|
    |jcoup_local_4_0_address0                   |    14|          3|     6|         18|
    |jcoup_local_4_0_ce0                        |    14|          3|     1|          3|
    |jcoup_local_4_0_we0                        |     9|          2|     1|          2|
    |jcoup_local_4_1_address0                   |    14|          3|     6|         18|
    |jcoup_local_4_1_ce0                        |    14|          3|     1|          3|
    |jcoup_local_4_1_we0                        |     9|          2|     1|          2|
    |jcoup_local_5_0_address0                   |    14|          3|     6|         18|
    |jcoup_local_5_0_ce0                        |    14|          3|     1|          3|
    |jcoup_local_5_0_we0                        |     9|          2|     1|          2|
    |jcoup_local_5_1_address0                   |    14|          3|     6|         18|
    |jcoup_local_5_1_ce0                        |    14|          3|     1|          3|
    |jcoup_local_5_1_we0                        |     9|          2|     1|          2|
    |jcoup_local_6_0_address0                   |    14|          3|     6|         18|
    |jcoup_local_6_0_ce0                        |    14|          3|     1|          3|
    |jcoup_local_6_0_we0                        |     9|          2|     1|          2|
    |jcoup_local_6_1_address0                   |    14|          3|     6|         18|
    |jcoup_local_6_1_ce0                        |    14|          3|     1|          3|
    |jcoup_local_6_1_we0                        |     9|          2|     1|          2|
    |jcoup_local_7_0_address0                   |    14|          3|     6|         18|
    |jcoup_local_7_0_ce0                        |    14|          3|     1|          3|
    |jcoup_local_7_0_we0                        |     9|          2|     1|          2|
    |jcoup_local_7_1_address0                   |    14|          3|     6|         18|
    |jcoup_local_7_1_ce0                        |    14|          3|     1|          3|
    |jcoup_local_7_1_we0                        |     9|          2|     1|          2|
    |stage_fu_224                               |     9|          2|    14|         28|
    |trotters_local_V_0_0_address0              |    31|          6|     6|         36|
    |trotters_local_V_0_0_ce0                   |    31|          6|     1|          6|
    |trotters_local_V_0_0_d0                    |    14|          3|    64|        192|
    |trotters_local_V_0_0_we0                   |    14|          3|     1|          3|
    |trotters_local_V_0_1_address0              |    31|          6|     6|         36|
    |trotters_local_V_0_1_ce0                   |    31|          6|     1|          6|
    |trotters_local_V_0_1_d0                    |    14|          3|    64|        192|
    |trotters_local_V_0_1_we0                   |    14|          3|     1|          3|
    |trotters_local_V_1_0_address0              |    31|          6|     6|         36|
    |trotters_local_V_1_0_ce0                   |    31|          6|     1|          6|
    |trotters_local_V_1_0_d0                    |    14|          3|    64|        192|
    |trotters_local_V_1_0_we0                   |    14|          3|     1|          3|
    |trotters_local_V_1_1_address0              |    31|          6|     6|         36|
    |trotters_local_V_1_1_ce0                   |    31|          6|     1|          6|
    |trotters_local_V_1_1_d0                    |    14|          3|    64|        192|
    |trotters_local_V_1_1_we0                   |    14|          3|     1|          3|
    |trotters_local_V_2_0_address0              |    31|          6|     6|         36|
    |trotters_local_V_2_0_ce0                   |    31|          6|     1|          6|
    |trotters_local_V_2_0_d0                    |    14|          3|    64|        192|
    |trotters_local_V_2_0_we0                   |    14|          3|     1|          3|
    |trotters_local_V_2_1_address0              |    31|          6|     6|         36|
    |trotters_local_V_2_1_ce0                   |    31|          6|     1|          6|
    |trotters_local_V_2_1_d0                    |    14|          3|    64|        192|
    |trotters_local_V_2_1_we0                   |    14|          3|     1|          3|
    |trotters_local_V_3_0_address0              |    31|          6|     6|         36|
    |trotters_local_V_3_0_ce0                   |    31|          6|     1|          6|
    |trotters_local_V_3_0_d0                    |    14|          3|    64|        192|
    |trotters_local_V_3_0_we0                   |    14|          3|     1|          3|
    |trotters_local_V_3_1_address0              |    31|          6|     6|         36|
    |trotters_local_V_3_1_ce0                   |    31|          6|     1|          6|
    |trotters_local_V_3_1_d0                    |    14|          3|    64|        192|
    |trotters_local_V_3_1_we0                   |    14|          3|     1|          3|
    |trotters_local_V_4_0_address0              |    31|          6|     6|         36|
    |trotters_local_V_4_0_ce0                   |    31|          6|     1|          6|
    |trotters_local_V_4_0_d0                    |    14|          3|    64|        192|
    |trotters_local_V_4_0_we0                   |    14|          3|     1|          3|
    |trotters_local_V_4_1_address0              |    31|          6|     6|         36|
    |trotters_local_V_4_1_ce0                   |    31|          6|     1|          6|
    |trotters_local_V_4_1_d0                    |    14|          3|    64|        192|
    |trotters_local_V_4_1_we0                   |    14|          3|     1|          3|
    |trotters_local_V_5_0_address0              |    31|          6|     6|         36|
    |trotters_local_V_5_0_ce0                   |    31|          6|     1|          6|
    |trotters_local_V_5_0_d0                    |    14|          3|    64|        192|
    |trotters_local_V_5_0_we0                   |    14|          3|     1|          3|
    |trotters_local_V_5_1_address0              |    31|          6|     6|         36|
    |trotters_local_V_5_1_ce0                   |    31|          6|     1|          6|
    |trotters_local_V_5_1_d0                    |    14|          3|    64|        192|
    |trotters_local_V_5_1_we0                   |    14|          3|     1|          3|
    |trotters_local_V_6_0_address0              |    31|          6|     6|         36|
    |trotters_local_V_6_0_ce0                   |    31|          6|     1|          6|
    |trotters_local_V_6_0_d0                    |    14|          3|    64|        192|
    |trotters_local_V_6_0_we0                   |    14|          3|     1|          3|
    |trotters_local_V_6_1_address0              |    31|          6|     6|         36|
    |trotters_local_V_6_1_ce0                   |    31|          6|     1|          6|
    |trotters_local_V_6_1_d0                    |    14|          3|    64|        192|
    |trotters_local_V_6_1_we0                   |    14|          3|     1|          3|
    |trotters_local_V_7_0_address0              |    31|          6|     6|         36|
    |trotters_local_V_7_0_ce0                   |    31|          6|     1|          6|
    |trotters_local_V_7_0_d0                    |    14|          3|    64|        192|
    |trotters_local_V_7_0_we0                   |    14|          3|     1|          3|
    |trotters_local_V_7_1_address0              |    31|          6|     6|         36|
    |trotters_local_V_7_1_ce0                   |    31|          6|     1|          6|
    |trotters_local_V_7_1_d0                    |    14|          3|    64|        192|
    |trotters_local_V_7_1_we0                   |    14|          3|     1|          3|
    +-------------------------------------------+------+-----------+------+-----------+
    |Total                                      |  3924|        788|  6112|      19589|
    +-------------------------------------------+------+-----------+------+-----------+

    * Register: 
    +----------------------------------------------------------------------------------------+-----+----+-----+-----------+
    |                                          Name                                          |  FF | LUT| Bits| Const Bits|
    +----------------------------------------------------------------------------------------+-----+----+-----+-----------+
    |add_ln281_11_reg_3259                                                                   |    6|   0|    6|          0|
    |add_ln281_12_reg_3264                                                                   |    6|   0|    6|          0|
    |add_ln281_2_reg_3224                                                                    |    6|   0|    6|          0|
    |add_ln281_5_reg_3234                                                                    |    6|   0|    6|          0|
    |add_ln281_7_reg_3239                                                                    |    6|   0|    6|          0|
    |add_ln281_9_reg_3244                                                                    |    6|   0|    6|          0|
    |add_ln281_reg_3229                                                                      |    6|   0|    6|          0|
    |ap_CS_fsm                                                                               |  227|   0|  227|          0|
    |ap_done_reg                                                                             |    1|   0|    1|          0|
    |ap_rst_n_inv                                                                            |    1|   0|    1|          0|
    |ap_rst_reg_1                                                                            |    1|   0|    1|          0|
    |ap_rst_reg_2                                                                            |    1|   0|    1|          0|
    |bitcast_ln288_1_reg_3404                                                                |   32|   0|   32|          0|
    |bitcast_ln288_2_reg_3414                                                                |   32|   0|   32|          0|
    |bitcast_ln288_3_reg_3424                                                                |   32|   0|   32|          0|
    |bitcast_ln288_4_reg_3434                                                                |   32|   0|   32|          0|
    |bitcast_ln288_5_reg_3444                                                                |   32|   0|   32|          0|
    |bitcast_ln288_6_reg_3454                                                                |   32|   0|   32|          0|
    |bitcast_ln288_7_reg_3464                                                                |   32|   0|   32|          0|
    |bitcast_ln288_reg_3474                                                                  |   32|   0|   32|          0|
    |bitcast_ln289_1_reg_3409                                                                |   32|   0|   32|          0|
    |bitcast_ln289_2_reg_3419                                                                |   32|   0|   32|          0|
    |bitcast_ln289_3_reg_3429                                                                |   32|   0|   32|          0|
    |bitcast_ln289_4_reg_3439                                                                |   32|   0|   32|          0|
    |bitcast_ln289_5_reg_3449                                                                |   32|   0|   32|          0|
    |bitcast_ln289_6_reg_3459                                                                |   32|   0|   32|          0|
    |bitcast_ln289_7_reg_3469                                                                |   32|   0|   32|          0|
    |bitcast_ln289_reg_3479                                                                  |   32|   0|   32|          0|
    |dh_tunnel_reg_2717                                                                      |   32|   0|   32|          0|
    |gmem0_addr_reg_2707                                                                     |   64|   0|   64|          0|
    |gmem2_addr_1_read_reg_3014                                                              |   32|   0|   32|          0|
    |gmem2_addr_1_reg_2813                                                                   |   64|   0|   64|          0|
    |gmem2_addr_2_read_reg_3024                                                              |   32|   0|   32|          0|
    |gmem2_addr_2_reg_2841                                                                   |   64|   0|   64|          0|
    |gmem2_addr_3_read_reg_3034                                                              |   32|   0|   32|          0|
    |gmem2_addr_3_reg_2869                                                                   |   64|   0|   64|          0|
    |gmem2_addr_4_read_reg_3044                                                              |   32|   0|   32|          0|
    |gmem2_addr_4_reg_2897                                                                   |   64|   0|   64|          0|
    |gmem2_addr_5_read_reg_3249                                                              |   32|   0|   32|          0|
    |gmem2_addr_5_reg_2925                                                                   |   64|   0|   64|          0|
    |gmem2_addr_6_read_reg_3349                                                              |   32|   0|   32|          0|
    |gmem2_addr_6_reg_2953                                                                   |   64|   0|   64|          0|
    |gmem2_addr_7_read_reg_3364                                                              |   32|   0|   32|          0|
    |gmem2_addr_7_reg_2970                                                                   |   64|   0|   64|          0|
    |gmem2_addr_read_reg_3004                                                                |   32|   0|   32|          0|
    |gmem2_addr_reg_2796                                                                     |   64|   0|   64|          0|
    |gmem3_addr_1_read_reg_3019                                                              |   32|   0|   32|          0|
    |gmem3_addr_1_reg_2819                                                                   |   64|   0|   64|          0|
    |gmem3_addr_2_read_reg_3029                                                              |   32|   0|   32|          0|
    |gmem3_addr_2_reg_2847                                                                   |   64|   0|   64|          0|
    |gmem3_addr_3_read_reg_3039                                                              |   32|   0|   32|          0|
    |gmem3_addr_3_reg_2875                                                                   |   64|   0|   64|          0|
    |gmem3_addr_4_read_reg_3049                                                              |   32|   0|   32|          0|
    |gmem3_addr_4_reg_2903                                                                   |   64|   0|   64|          0|
    |gmem3_addr_5_read_reg_3254                                                              |   32|   0|   32|          0|
    |gmem3_addr_5_reg_2931                                                                   |   64|   0|   64|          0|
    |gmem3_addr_6_read_reg_3354                                                              |   32|   0|   32|          0|
    |gmem3_addr_6_reg_2959                                                                   |   64|   0|   64|          0|
    |gmem3_addr_7_read_reg_3369                                                              |   32|   0|   32|          0|
    |gmem3_addr_7_reg_2976                                                                   |   64|   0|   64|          0|
    |gmem3_addr_read_reg_3009                                                                |   32|   0|   32|          0|
    |gmem3_addr_reg_2802                                                                     |   64|   0|   64|          0|
    |grp_QuantumMonteCarloU50_Pipeline_READ_JCOUP_fu_984_ap_start_reg                        |    1|   0|    1|          0|
    |grp_QuantumMonteCarloU50_Pipeline_READ_TROTTERS_READ_TROTTERS_1_fu_961_ap_start_reg     |    1|   0|    1|          0|
    |grp_QuantumMonteCarloU50_Pipeline_SHIFT_JCOUP_fu_1187_ap_start_reg                      |    1|   0|    1|          0|
    |grp_QuantumMonteCarloU50_Pipeline_WRITE_TROTTERS_WRITE_TROTTERS_1_fu_1207_ap_start_reg  |    1|   0|    1|          0|
    |grp_RunFinal_fu_1053_ap_start_reg                                                       |    1|   0|    1|          0|
    |grp_RunFinal_fu_1072_ap_start_reg                                                       |    1|   0|    1|          0|
    |grp_RunFinal_fu_1091_ap_start_reg                                                       |    1|   0|    1|          0|
    |grp_RunFinal_fu_1110_ap_start_reg                                                       |    1|   0|    1|          0|
    |grp_RunFinal_fu_1129_ap_start_reg                                                       |    1|   0|    1|          0|
    |grp_RunFinal_fu_1148_ap_start_reg                                                       |    1|   0|    1|          0|
    |grp_RunFinal_fu_1167_ap_start_reg                                                       |    1|   0|    1|          0|
    |grp_Run_fu_1005_ap_start_reg                                                            |    1|   0|    1|          0|
    |grp_Run_fu_1013_ap_start_reg                                                            |    1|   0|    1|          0|
    |grp_Run_fu_1021_ap_start_reg                                                            |    1|   0|    1|          0|
    |grp_Run_fu_1029_ap_start_reg                                                            |    1|   0|    1|          0|
    |grp_Run_fu_1037_ap_start_reg                                                            |    1|   0|    1|          0|
    |grp_Run_fu_1045_ap_start_reg                                                            |    1|   0|    1|          0|
    |grp_Run_fu_997_ap_start_reg                                                             |    1|   0|    1|          0|
    |h_read_reg_2677                                                                         |   64|   0|   64|          0|
    |icmp_ln319_reg_2751                                                                     |    1|   0|    1|          0|
    |jcoup_read_reg_2689                                                                     |   64|   0|   64|          0|
    |log_rand_read_reg_2665                                                                  |   64|   0|   64|          0|
    |lshr_ln1_reg_2831                                                                       |    6|   0|    6|          0|
    |lshr_ln819_1_reg_2859                                                                   |    6|   0|    6|          0|
    |lshr_ln819_2_reg_2887                                                                   |    6|   0|    6|          0|
    |lshr_ln819_3_reg_2915                                                                   |    6|   0|    6|          0|
    |lshr_ln819_4_reg_2943                                                                   |    6|   0|    6|          0|
    |lshr_ln819_5_reg_2988                                                                   |    6|   0|    6|          0|
    |lshr_ln819_6_reg_2999                                                                   |    6|   0|    6|          0|
    |lshr_ln_reg_3219                                                                        |    7|   0|    7|          0|
    |neg_dh_tunnel_reg_2740                                                                  |   32|   0|   32|          0|
    |ofst_reg_2784                                                                           |   13|   0|   13|          0|
    |p_Result_10_reg_3324                                                                    |    1|   0|    1|          0|
    |p_Result_11_reg_3329                                                                    |    1|   0|    1|          0|
    |p_Result_12_reg_3334                                                                    |    1|   0|    1|          0|
    |p_Result_133_reg_3274                                                                   |    1|   0|    1|          0|
    |p_Result_13_reg_3339                                                                    |    1|   0|    1|          0|
    |p_Result_14_reg_3344                                                                    |    1|   0|    1|          0|
    |p_Result_1_reg_3279                                                                     |    1|   0|    1|          0|
    |p_Result_2_reg_3284                                                                     |    1|   0|    1|          0|
    |p_Result_3_reg_3289                                                                     |    1|   0|    1|          0|
    |p_Result_4_reg_3294                                                                     |    1|   0|    1|          0|
    |p_Result_5_reg_3299                                                                     |    1|   0|    1|          0|
    |p_Result_6_reg_3304                                                                     |    1|   0|    1|          0|
    |p_Result_7_reg_3309                                                                     |    1|   0|    1|          0|
    |p_Result_8_reg_3314                                                                     |    1|   0|    1|          0|
    |p_Result_9_reg_3319                                                                     |    1|   0|    1|          0|
    |p_Result_s_reg_3269                                                                     |    1|   0|    1|          0|
    |reg_1235                                                                                |   32|   0|   32|          0|
    |select_ln319_reg_2756                                                                   |    1|   0|    2|          1|
    |shl_ln319_1_reg_3359                                                                    |   13|   0|   28|         15|
    |shl_ln_reg_2761                                                                         |    7|   0|   10|          3|
    |stage_1_reg_2766                                                                        |   14|   0|   14|          0|
    |stage_fu_224                                                                            |   14|   0|   14|          0|
    |tmp_1100_reg_2825                                                                       |    1|   0|    1|          0|
    |tmp_1101_reg_2853                                                                       |    1|   0|    1|          0|
    |tmp_1102_reg_2881                                                                       |    1|   0|    1|          0|
    |tmp_1103_reg_2909                                                                       |    1|   0|    1|          0|
    |tmp_1104_reg_2937                                                                       |    1|   0|    1|          0|
    |tmp_1105_reg_2982                                                                       |    1|   0|    1|          0|
    |tmp_1106_reg_2993                                                                       |    1|   0|    1|          0|
    |tmp_2_reg_3374                                                                          |   32|   0|   32|          0|
    |tmp_3_reg_3379                                                                          |   32|   0|   32|          0|
    |tmp_4_reg_3384                                                                          |   32|   0|   32|          0|
    |tmp_5_reg_3389                                                                          |   32|   0|   32|          0|
    |tmp_6_reg_3394                                                                          |   32|   0|   32|          0|
    |tmp_7_reg_3399                                                                          |   32|   0|   32|          0|
    |trunc_ln270_reg_3214                                                                    |    6|   0|    6|          0|
    |trunc_ln273_reg_2701                                                                    |    7|   0|    7|          0|
    |trunc_ln288_10_reg_2892                                                                 |    7|   0|    7|          0|
    |trunc_ln288_11_reg_2920                                                                 |    7|   0|    7|          0|
    |trunc_ln288_12_reg_2948                                                                 |    7|   0|    7|          0|
    |trunc_ln288_13_reg_2965                                                                 |    7|   0|    7|          0|
    |trunc_ln288_8_reg_2864                                                                  |    7|   0|    7|          0|
    |trunc_ln288_9_reg_2808                                                                  |    7|   0|    7|          0|
    |trunc_ln288_s_reg_2836                                                                  |    7|   0|    7|          0|
    |trunc_ln_reg_2694                                                                       |   58|   0|   58|          0|
    +----------------------------------------------------------------------------------------+-----+----+-----+-----------+
    |Total                                                                                   | 3138|   0| 3157|         19|
    +----------------------------------------------------------------------------------------+-----+----+-----+-----------+



================================================================
== Interface
================================================================
* Summary: 
+-----------------------+-----+------+---------------+----------------------+--------------+
|       RTL Ports       | Dir | Bits |    Protocol   |     Source Object    |    C Type    |
+-----------------------+-----+------+---------------+----------------------+--------------+
|s_axi_control_AWVALID  |   in|     1|          s_axi|               control|        scalar|
|s_axi_control_AWREADY  |  out|     1|          s_axi|               control|        scalar|
|s_axi_control_AWADDR   |   in|     7|          s_axi|               control|        scalar|
|s_axi_control_WVALID   |   in|     1|          s_axi|               control|        scalar|
|s_axi_control_WREADY   |  out|     1|          s_axi|               control|        scalar|
|s_axi_control_WDATA    |   in|    32|          s_axi|               control|        scalar|
|s_axi_control_WSTRB    |   in|     4|          s_axi|               control|        scalar|
|s_axi_control_ARVALID  |   in|     1|          s_axi|               control|        scalar|
|s_axi_control_ARREADY  |  out|     1|          s_axi|               control|        scalar|
|s_axi_control_ARADDR   |   in|     7|          s_axi|               control|        scalar|
|s_axi_control_RVALID   |  out|     1|          s_axi|               control|        scalar|
|s_axi_control_RREADY   |   in|     1|          s_axi|               control|        scalar|
|s_axi_control_RDATA    |  out|    32|          s_axi|               control|        scalar|
|s_axi_control_RRESP    |  out|     2|          s_axi|               control|        scalar|
|s_axi_control_BVALID   |  out|     1|          s_axi|               control|        scalar|
|s_axi_control_BREADY   |   in|     1|          s_axi|               control|        scalar|
|s_axi_control_BRESP    |  out|     2|          s_axi|               control|        scalar|
|ap_clk                 |   in|     1|  ap_ctrl_chain|  QuantumMonteCarloU50|  return value|
|ap_rst_n               |   in|     1|  ap_ctrl_chain|  QuantumMonteCarloU50|  return value|
|interrupt              |  out|     1|  ap_ctrl_chain|  QuantumMonteCarloU50|  return value|
|m_axi_gmem0_AWVALID    |  out|     1|          m_axi|                 gmem0|       pointer|
|m_axi_gmem0_AWREADY    |   in|     1|          m_axi|                 gmem0|       pointer|
|m_axi_gmem0_AWADDR     |  out|    64|          m_axi|                 gmem0|       pointer|
|m_axi_gmem0_AWID       |  out|     1|          m_axi|                 gmem0|       pointer|
|m_axi_gmem0_AWLEN      |  out|     8|          m_axi|                 gmem0|       pointer|
|m_axi_gmem0_AWSIZE     |  out|     3|          m_axi|                 gmem0|       pointer|
|m_axi_gmem0_AWBURST    |  out|     2|          m_axi|                 gmem0|       pointer|
|m_axi_gmem0_AWLOCK     |  out|     2|          m_axi|                 gmem0|       pointer|
|m_axi_gmem0_AWCACHE    |  out|     4|          m_axi|                 gmem0|       pointer|
|m_axi_gmem0_AWPROT     |  out|     3|          m_axi|                 gmem0|       pointer|
|m_axi_gmem0_AWQOS      |  out|     4|          m_axi|                 gmem0|       pointer|
|m_axi_gmem0_AWREGION   |  out|     4|          m_axi|                 gmem0|       pointer|
|m_axi_gmem0_AWUSER     |  out|     1|          m_axi|                 gmem0|       pointer|
|m_axi_gmem0_WVALID     |  out|     1|          m_axi|                 gmem0|       pointer|
|m_axi_gmem0_WREADY     |   in|     1|          m_axi|                 gmem0|       pointer|
|m_axi_gmem0_WDATA      |  out|   512|          m_axi|                 gmem0|       pointer|
|m_axi_gmem0_WSTRB      |  out|    64|          m_axi|                 gmem0|       pointer|
|m_axi_gmem0_WLAST      |  out|     1|          m_axi|                 gmem0|       pointer|
|m_axi_gmem0_WID        |  out|     1|          m_axi|                 gmem0|       pointer|
|m_axi_gmem0_WUSER      |  out|     1|          m_axi|                 gmem0|       pointer|
|m_axi_gmem0_ARVALID    |  out|     1|          m_axi|                 gmem0|       pointer|
|m_axi_gmem0_ARREADY    |   in|     1|          m_axi|                 gmem0|       pointer|
|m_axi_gmem0_ARADDR     |  out|    64|          m_axi|                 gmem0|       pointer|
|m_axi_gmem0_ARID       |  out|     1|          m_axi|                 gmem0|       pointer|
|m_axi_gmem0_ARLEN      |  out|     8|          m_axi|                 gmem0|       pointer|
|m_axi_gmem0_ARSIZE     |  out|     3|          m_axi|                 gmem0|       pointer|
|m_axi_gmem0_ARBURST    |  out|     2|          m_axi|                 gmem0|       pointer|
|m_axi_gmem0_ARLOCK     |  out|     2|          m_axi|                 gmem0|       pointer|
|m_axi_gmem0_ARCACHE    |  out|     4|          m_axi|                 gmem0|       pointer|
|m_axi_gmem0_ARPROT     |  out|     3|          m_axi|                 gmem0|       pointer|
|m_axi_gmem0_ARQOS      |  out|     4|          m_axi|                 gmem0|       pointer|
|m_axi_gmem0_ARREGION   |  out|     4|          m_axi|                 gmem0|       pointer|
|m_axi_gmem0_ARUSER     |  out|     1|          m_axi|                 gmem0|       pointer|
|m_axi_gmem0_RVALID     |   in|     1|          m_axi|                 gmem0|       pointer|
|m_axi_gmem0_RREADY     |  out|     1|          m_axi|                 gmem0|       pointer|
|m_axi_gmem0_RDATA      |   in|   512|          m_axi|                 gmem0|       pointer|
|m_axi_gmem0_RLAST      |   in|     1|          m_axi|                 gmem0|       pointer|
|m_axi_gmem0_RID        |   in|     1|          m_axi|                 gmem0|       pointer|
|m_axi_gmem0_RUSER      |   in|     1|          m_axi|                 gmem0|       pointer|
|m_axi_gmem0_RRESP      |   in|     2|          m_axi|                 gmem0|       pointer|
|m_axi_gmem0_BVALID     |   in|     1|          m_axi|                 gmem0|       pointer|
|m_axi_gmem0_BREADY     |  out|     1|          m_axi|                 gmem0|       pointer|
|m_axi_gmem0_BRESP      |   in|     2|          m_axi|                 gmem0|       pointer|
|m_axi_gmem0_BID        |   in|     1|          m_axi|                 gmem0|       pointer|
|m_axi_gmem0_BUSER      |   in|     1|          m_axi|                 gmem0|       pointer|
|m_axi_gmem1_AWVALID    |  out|     1|          m_axi|                 gmem1|       pointer|
|m_axi_gmem1_AWREADY    |   in|     1|          m_axi|                 gmem1|       pointer|
|m_axi_gmem1_AWADDR     |  out|    64|          m_axi|                 gmem1|       pointer|
|m_axi_gmem1_AWID       |  out|     1|          m_axi|                 gmem1|       pointer|
|m_axi_gmem1_AWLEN      |  out|     8|          m_axi|                 gmem1|       pointer|
|m_axi_gmem1_AWSIZE     |  out|     3|          m_axi|                 gmem1|       pointer|
|m_axi_gmem1_AWBURST    |  out|     2|          m_axi|                 gmem1|       pointer|
|m_axi_gmem1_AWLOCK     |  out|     2|          m_axi|                 gmem1|       pointer|
|m_axi_gmem1_AWCACHE    |  out|     4|          m_axi|                 gmem1|       pointer|
|m_axi_gmem1_AWPROT     |  out|     3|          m_axi|                 gmem1|       pointer|
|m_axi_gmem1_AWQOS      |  out|     4|          m_axi|                 gmem1|       pointer|
|m_axi_gmem1_AWREGION   |  out|     4|          m_axi|                 gmem1|       pointer|
|m_axi_gmem1_AWUSER     |  out|     1|          m_axi|                 gmem1|       pointer|
|m_axi_gmem1_WVALID     |  out|     1|          m_axi|                 gmem1|       pointer|
|m_axi_gmem1_WREADY     |   in|     1|          m_axi|                 gmem1|       pointer|
|m_axi_gmem1_WDATA      |  out|  1024|          m_axi|                 gmem1|       pointer|
|m_axi_gmem1_WSTRB      |  out|   128|          m_axi|                 gmem1|       pointer|
|m_axi_gmem1_WLAST      |  out|     1|          m_axi|                 gmem1|       pointer|
|m_axi_gmem1_WID        |  out|     1|          m_axi|                 gmem1|       pointer|
|m_axi_gmem1_WUSER      |  out|     1|          m_axi|                 gmem1|       pointer|
|m_axi_gmem1_ARVALID    |  out|     1|          m_axi|                 gmem1|       pointer|
|m_axi_gmem1_ARREADY    |   in|     1|          m_axi|                 gmem1|       pointer|
|m_axi_gmem1_ARADDR     |  out|    64|          m_axi|                 gmem1|       pointer|
|m_axi_gmem1_ARID       |  out|     1|          m_axi|                 gmem1|       pointer|
|m_axi_gmem1_ARLEN      |  out|     8|          m_axi|                 gmem1|       pointer|
|m_axi_gmem1_ARSIZE     |  out|     3|          m_axi|                 gmem1|       pointer|
|m_axi_gmem1_ARBURST    |  out|     2|          m_axi|                 gmem1|       pointer|
|m_axi_gmem1_ARLOCK     |  out|     2|          m_axi|                 gmem1|       pointer|
|m_axi_gmem1_ARCACHE    |  out|     4|          m_axi|                 gmem1|       pointer|
|m_axi_gmem1_ARPROT     |  out|     3|          m_axi|                 gmem1|       pointer|
|m_axi_gmem1_ARQOS      |  out|     4|          m_axi|                 gmem1|       pointer|
|m_axi_gmem1_ARREGION   |  out|     4|          m_axi|                 gmem1|       pointer|
|m_axi_gmem1_ARUSER     |  out|     1|          m_axi|                 gmem1|       pointer|
|m_axi_gmem1_RVALID     |   in|     1|          m_axi|                 gmem1|       pointer|
|m_axi_gmem1_RREADY     |  out|     1|          m_axi|                 gmem1|       pointer|
|m_axi_gmem1_RDATA      |   in|  1024|          m_axi|                 gmem1|       pointer|
|m_axi_gmem1_RLAST      |   in|     1|          m_axi|                 gmem1|       pointer|
|m_axi_gmem1_RID        |   in|     1|          m_axi|                 gmem1|       pointer|
|m_axi_gmem1_RUSER      |   in|     1|          m_axi|                 gmem1|       pointer|
|m_axi_gmem1_RRESP      |   in|     2|          m_axi|                 gmem1|       pointer|
|m_axi_gmem1_BVALID     |   in|     1|          m_axi|                 gmem1|       pointer|
|m_axi_gmem1_BREADY     |  out|     1|          m_axi|                 gmem1|       pointer|
|m_axi_gmem1_BRESP      |   in|     2|          m_axi|                 gmem1|       pointer|
|m_axi_gmem1_BID        |   in|     1|          m_axi|                 gmem1|       pointer|
|m_axi_gmem1_BUSER      |   in|     1|          m_axi|                 gmem1|       pointer|
|m_axi_gmem2_AWVALID    |  out|     1|          m_axi|                 gmem2|       pointer|
|m_axi_gmem2_AWREADY    |   in|     1|          m_axi|                 gmem2|       pointer|
|m_axi_gmem2_AWADDR     |  out|    64|          m_axi|                 gmem2|       pointer|
|m_axi_gmem2_AWID       |  out|     1|          m_axi|                 gmem2|       pointer|
|m_axi_gmem2_AWLEN      |  out|     8|          m_axi|                 gmem2|       pointer|
|m_axi_gmem2_AWSIZE     |  out|     3|          m_axi|                 gmem2|       pointer|
|m_axi_gmem2_AWBURST    |  out|     2|          m_axi|                 gmem2|       pointer|
|m_axi_gmem2_AWLOCK     |  out|     2|          m_axi|                 gmem2|       pointer|
|m_axi_gmem2_AWCACHE    |  out|     4|          m_axi|                 gmem2|       pointer|
|m_axi_gmem2_AWPROT     |  out|     3|          m_axi|                 gmem2|       pointer|
|m_axi_gmem2_AWQOS      |  out|     4|          m_axi|                 gmem2|       pointer|
|m_axi_gmem2_AWREGION   |  out|     4|          m_axi|                 gmem2|       pointer|
|m_axi_gmem2_AWUSER     |  out|     1|          m_axi|                 gmem2|       pointer|
|m_axi_gmem2_WVALID     |  out|     1|          m_axi|                 gmem2|       pointer|
|m_axi_gmem2_WREADY     |   in|     1|          m_axi|                 gmem2|       pointer|
|m_axi_gmem2_WDATA      |  out|    32|          m_axi|                 gmem2|       pointer|
|m_axi_gmem2_WSTRB      |  out|     4|          m_axi|                 gmem2|       pointer|
|m_axi_gmem2_WLAST      |  out|     1|          m_axi|                 gmem2|       pointer|
|m_axi_gmem2_WID        |  out|     1|          m_axi|                 gmem2|       pointer|
|m_axi_gmem2_WUSER      |  out|     1|          m_axi|                 gmem2|       pointer|
|m_axi_gmem2_ARVALID    |  out|     1|          m_axi|                 gmem2|       pointer|
|m_axi_gmem2_ARREADY    |   in|     1|          m_axi|                 gmem2|       pointer|
|m_axi_gmem2_ARADDR     |  out|    64|          m_axi|                 gmem2|       pointer|
|m_axi_gmem2_ARID       |  out|     1|          m_axi|                 gmem2|       pointer|
|m_axi_gmem2_ARLEN      |  out|     8|          m_axi|                 gmem2|       pointer|
|m_axi_gmem2_ARSIZE     |  out|     3|          m_axi|                 gmem2|       pointer|
|m_axi_gmem2_ARBURST    |  out|     2|          m_axi|                 gmem2|       pointer|
|m_axi_gmem2_ARLOCK     |  out|     2|          m_axi|                 gmem2|       pointer|
|m_axi_gmem2_ARCACHE    |  out|     4|          m_axi|                 gmem2|       pointer|
|m_axi_gmem2_ARPROT     |  out|     3|          m_axi|                 gmem2|       pointer|
|m_axi_gmem2_ARQOS      |  out|     4|          m_axi|                 gmem2|       pointer|
|m_axi_gmem2_ARREGION   |  out|     4|          m_axi|                 gmem2|       pointer|
|m_axi_gmem2_ARUSER     |  out|     1|          m_axi|                 gmem2|       pointer|
|m_axi_gmem2_RVALID     |   in|     1|          m_axi|                 gmem2|       pointer|
|m_axi_gmem2_RREADY     |  out|     1|          m_axi|                 gmem2|       pointer|
|m_axi_gmem2_RDATA      |   in|    32|          m_axi|                 gmem2|       pointer|
|m_axi_gmem2_RLAST      |   in|     1|          m_axi|                 gmem2|       pointer|
|m_axi_gmem2_RID        |   in|     1|          m_axi|                 gmem2|       pointer|
|m_axi_gmem2_RUSER      |   in|     1|          m_axi|                 gmem2|       pointer|
|m_axi_gmem2_RRESP      |   in|     2|          m_axi|                 gmem2|       pointer|
|m_axi_gmem2_BVALID     |   in|     1|          m_axi|                 gmem2|       pointer|
|m_axi_gmem2_BREADY     |  out|     1|          m_axi|                 gmem2|       pointer|
|m_axi_gmem2_BRESP      |   in|     2|          m_axi|                 gmem2|       pointer|
|m_axi_gmem2_BID        |   in|     1|          m_axi|                 gmem2|       pointer|
|m_axi_gmem2_BUSER      |   in|     1|          m_axi|                 gmem2|       pointer|
|m_axi_gmem3_AWVALID    |  out|     1|          m_axi|                 gmem3|       pointer|
|m_axi_gmem3_AWREADY    |   in|     1|          m_axi|                 gmem3|       pointer|
|m_axi_gmem3_AWADDR     |  out|    64|          m_axi|                 gmem3|       pointer|
|m_axi_gmem3_AWID       |  out|     1|          m_axi|                 gmem3|       pointer|
|m_axi_gmem3_AWLEN      |  out|     8|          m_axi|                 gmem3|       pointer|
|m_axi_gmem3_AWSIZE     |  out|     3|          m_axi|                 gmem3|       pointer|
|m_axi_gmem3_AWBURST    |  out|     2|          m_axi|                 gmem3|       pointer|
|m_axi_gmem3_AWLOCK     |  out|     2|          m_axi|                 gmem3|       pointer|
|m_axi_gmem3_AWCACHE    |  out|     4|          m_axi|                 gmem3|       pointer|
|m_axi_gmem3_AWPROT     |  out|     3|          m_axi|                 gmem3|       pointer|
|m_axi_gmem3_AWQOS      |  out|     4|          m_axi|                 gmem3|       pointer|
|m_axi_gmem3_AWREGION   |  out|     4|          m_axi|                 gmem3|       pointer|
|m_axi_gmem3_AWUSER     |  out|     1|          m_axi|                 gmem3|       pointer|
|m_axi_gmem3_WVALID     |  out|     1|          m_axi|                 gmem3|       pointer|
|m_axi_gmem3_WREADY     |   in|     1|          m_axi|                 gmem3|       pointer|
|m_axi_gmem3_WDATA      |  out|    32|          m_axi|                 gmem3|       pointer|
|m_axi_gmem3_WSTRB      |  out|     4|          m_axi|                 gmem3|       pointer|
|m_axi_gmem3_WLAST      |  out|     1|          m_axi|                 gmem3|       pointer|
|m_axi_gmem3_WID        |  out|     1|          m_axi|                 gmem3|       pointer|
|m_axi_gmem3_WUSER      |  out|     1|          m_axi|                 gmem3|       pointer|
|m_axi_gmem3_ARVALID    |  out|     1|          m_axi|                 gmem3|       pointer|
|m_axi_gmem3_ARREADY    |   in|     1|          m_axi|                 gmem3|       pointer|
|m_axi_gmem3_ARADDR     |  out|    64|          m_axi|                 gmem3|       pointer|
|m_axi_gmem3_ARID       |  out|     1|          m_axi|                 gmem3|       pointer|
|m_axi_gmem3_ARLEN      |  out|     8|          m_axi|                 gmem3|       pointer|
|m_axi_gmem3_ARSIZE     |  out|     3|          m_axi|                 gmem3|       pointer|
|m_axi_gmem3_ARBURST    |  out|     2|          m_axi|                 gmem3|       pointer|
|m_axi_gmem3_ARLOCK     |  out|     2|          m_axi|                 gmem3|       pointer|
|m_axi_gmem3_ARCACHE    |  out|     4|          m_axi|                 gmem3|       pointer|
|m_axi_gmem3_ARPROT     |  out|     3|          m_axi|                 gmem3|       pointer|
|m_axi_gmem3_ARQOS      |  out|     4|          m_axi|                 gmem3|       pointer|
|m_axi_gmem3_ARREGION   |  out|     4|          m_axi|                 gmem3|       pointer|
|m_axi_gmem3_ARUSER     |  out|     1|          m_axi|                 gmem3|       pointer|
|m_axi_gmem3_RVALID     |   in|     1|          m_axi|                 gmem3|       pointer|
|m_axi_gmem3_RREADY     |  out|     1|          m_axi|                 gmem3|       pointer|
|m_axi_gmem3_RDATA      |   in|    32|          m_axi|                 gmem3|       pointer|
|m_axi_gmem3_RLAST      |   in|     1|          m_axi|                 gmem3|       pointer|
|m_axi_gmem3_RID        |   in|     1|          m_axi|                 gmem3|       pointer|
|m_axi_gmem3_RUSER      |   in|     1|          m_axi|                 gmem3|       pointer|
|m_axi_gmem3_RRESP      |   in|     2|          m_axi|                 gmem3|       pointer|
|m_axi_gmem3_BVALID     |   in|     1|          m_axi|                 gmem3|       pointer|
|m_axi_gmem3_BREADY     |  out|     1|          m_axi|                 gmem3|       pointer|
|m_axi_gmem3_BRESP      |   in|     2|          m_axi|                 gmem3|       pointer|
|m_axi_gmem3_BID        |   in|     1|          m_axi|                 gmem3|       pointer|
|m_axi_gmem3_BUSER      |   in|     1|          m_axi|                 gmem3|       pointer|
+-----------------------+-----+------+---------------+----------------------+--------------+

