

================================================================
== Vitis HLS Report for 'QuantumMonteCarloU50_Pipeline_READ_NEW_JCOUP'
================================================================
* Date:           Tue Sep  7 17:24:59 2021

* Version:        2021.1 (Build 3247384 on Thu Jun 10 19:36:07 MDT 2021)
* Project:        SQA-Vitis
* Solution:       solution1 (Vitis Kernel Flow Target)
* Product family: virtexuplus
* Target device:  xcvu35p-fsvh2892-2-e


================================================================
== Performance Estimates
================================================================
+ Timing: 
    * Summary: 
    +--------+---------+----------+------------+
    |  Clock |  Target | Estimated| Uncertainty|
    +--------+---------+----------+------------+
    |ap_clk  |  3.33 ns|  2.433 ns|     0.90 ns|
    +--------+---------+----------+------------+

+ Latency: 
    * Summary: 
    +---------+---------+----------+----------+-----+-----+---------+
    |  Latency (cycles) |  Latency (absolute) |  Interval | Pipeline|
    |   min   |   max   |    min   |    max   | min | max |   Type  |
    +---------+---------+----------+----------+-----+-----+---------+
    |      259|      259|  0.863 us|  0.863 us|  259|  259|       no|
    +---------+---------+----------+----------+-----+-----+---------+

    + Detail: 
        * Instance: 
        N/A

        * Loop: 
        +------------------+---------+---------+----------+-----------+-----------+------+----------+
        |                  |  Latency (cycles) | Iteration|  Initiation Interval  | Trip |          |
        |     Loop Name    |   min   |   max   |  Latency |  achieved |   target  | Count| Pipelined|
        +------------------+---------+---------+----------+-----------+-----------+------+----------+
        |- READ_NEW_JCOUP  |      257|      257|         3|          1|          1|   256|       yes|
        +------------------+---------+---------+----------+-----------+-----------+------+----------+



================================================================
== Utilization Estimates
================================================================
* Summary: 
+---------------------+---------+------+---------+--------+-----+
|         Name        | BRAM_18K|  DSP |    FF   |   LUT  | URAM|
+---------------------+---------+------+---------+--------+-----+
|DSP                  |        -|     -|        -|       -|    -|
|Expression           |        -|     -|        0|      33|    -|
|FIFO                 |        -|     -|        -|       -|    -|
|Instance             |        -|     -|        -|       -|    -|
|Memory               |        -|     -|        -|       -|    -|
|Multiplexer          |        -|     -|        -|      45|    -|
|Register             |        -|     -|      543|       -|    -|
+---------------------+---------+------+---------+--------+-----+
|Total                |        0|     0|      543|      78|    0|
+---------------------+---------+------+---------+--------+-----+
|Available SLR        |     1344|  2976|   871680|  435840|  320|
+---------------------+---------+------+---------+--------+-----+
|Utilization SLR (%)  |        0|     0|       ~0|      ~0|    0|
+---------------------+---------+------+---------+--------+-----+
|Available            |     2688|  5952|  1743360|  871680|  640|
+---------------------+---------+------+---------+--------+-----+
|Utilization (%)      |        0|     0|       ~0|      ~0|    0|
+---------------------+---------+------+---------+--------+-----+

+ Detail: 
    * Instance: 
    N/A

    * DSP: 
    N/A

    * Memory: 
    N/A

    * FIFO: 
    N/A

    * Expression: 
    +----------------------------------+----------+----+---+----+------------+------------+
    |           Variable Name          | Operation| DSP| FF| LUT| Bitwidth P0| Bitwidth P1|
    +----------------------------------+----------+----+---+----+------------+------------+
    |add_ln309_fu_355_p2               |         +|   0|  0|  16|           9|           1|
    |ap_block_pp0_stage0_11001         |       and|   0|  0|   2|           1|           1|
    |ap_block_state2_pp0_stage0_iter1  |       and|   0|  0|   2|           1|           1|
    |icmp_ln308_fu_349_p2              |      icmp|   0|  0|  11|           9|          10|
    |ap_enable_pp0                     |       xor|   0|  0|   2|           1|           2|
    +----------------------------------+----------+----+---+----+------------+------------+
    |Total                             |          |   0|  0|  33|          21|          15|
    +----------------------------------+----------+----+---+----+------------+------------+

    * Multiplexer: 
    +-----------------------------+----+-----------+-----+-----------+
    |             Name            | LUT| Input Size| Bits| Total Bits|
    +-----------------------------+----+-----------+-----+-----------+
    |ap_done_int                  |   9|          2|    1|          2|
    |ap_enable_reg_pp0_iter2      |   9|          2|    1|          2|
    |ap_sig_allocacmp_packOfst_2  |   9|          2|    9|         18|
    |gmem_blk_n_R                 |   9|          2|    1|          2|
    |packOfst_fu_114              |   9|          2|    9|         18|
    +-----------------------------+----+-----------+-----+-----------+
    |Total                        |  45|         10|   21|         42|
    +-----------------------------+----+-----------+-----+-----------+

    * Register: 
    +------------------------------------+-----+----+-----+-----------+
    |                Name                |  FF | LUT| Bits| Const Bits|
    +------------------------------------+-----+----+-----+-----------+
    |ap_CS_fsm                           |    1|   0|    1|          0|
    |ap_done_reg                         |    1|   0|    1|          0|
    |ap_enable_reg_pp0_iter1             |    1|   0|    1|          0|
    |ap_enable_reg_pp0_iter2             |    1|   0|    1|          0|
    |ap_loop_exit_ready_pp0_iter1_reg    |    1|   0|    1|          0|
    |gmem_addr_read_reg_430              |  512|   0|  512|          0|
    |icmp_ln308_reg_417                  |    1|   0|    1|          0|
    |lshr_ln311_s_reg_425                |    4|   0|    4|          0|
    |lshr_ln311_s_reg_425_pp0_iter1_reg  |    4|   0|    4|          0|
    |packOfst_fu_114                     |    9|   0|    9|          0|
    |trunc_ln311_reg_421                 |    4|   0|    4|          0|
    |trunc_ln311_reg_421_pp0_iter1_reg   |    4|   0|    4|          0|
    +------------------------------------+-----+----+-----+-----------+
    |Total                               |  543|   0|  543|          0|
    +------------------------------------+-----+----+-----+-----------+



================================================================
== Interface
================================================================
* Summary: 
+--------------------------+-----+-----+------------+----------------------------------------------+--------------+
|         RTL Ports        | Dir | Bits|  Protocol  |                 Source Object                |    C Type    |
+--------------------------+-----+-----+------------+----------------------------------------------+--------------+
|ap_clk                    |   in|    1|  ap_ctrl_hs|  QuantumMonteCarloU50_Pipeline_READ_NEW_JCOUP|  return value|
|ap_rst                    |   in|    1|  ap_ctrl_hs|  QuantumMonteCarloU50_Pipeline_READ_NEW_JCOUP|  return value|
|ap_start                  |   in|    1|  ap_ctrl_hs|  QuantumMonteCarloU50_Pipeline_READ_NEW_JCOUP|  return value|
|ap_done                   |  out|    1|  ap_ctrl_hs|  QuantumMonteCarloU50_Pipeline_READ_NEW_JCOUP|  return value|
|ap_idle                   |  out|    1|  ap_ctrl_hs|  QuantumMonteCarloU50_Pipeline_READ_NEW_JCOUP|  return value|
|ap_ready                  |  out|    1|  ap_ctrl_hs|  QuantumMonteCarloU50_Pipeline_READ_NEW_JCOUP|  return value|
|m_axi_gmem_AWVALID        |  out|    1|       m_axi|                                          gmem|       pointer|
|m_axi_gmem_AWREADY        |   in|    1|       m_axi|                                          gmem|       pointer|
|m_axi_gmem_AWADDR         |  out|   64|       m_axi|                                          gmem|       pointer|
|m_axi_gmem_AWID           |  out|    1|       m_axi|                                          gmem|       pointer|
|m_axi_gmem_AWLEN          |  out|   32|       m_axi|                                          gmem|       pointer|
|m_axi_gmem_AWSIZE         |  out|    3|       m_axi|                                          gmem|       pointer|
|m_axi_gmem_AWBURST        |  out|    2|       m_axi|                                          gmem|       pointer|
|m_axi_gmem_AWLOCK         |  out|    2|       m_axi|                                          gmem|       pointer|
|m_axi_gmem_AWCACHE        |  out|    4|       m_axi|                                          gmem|       pointer|
|m_axi_gmem_AWPROT         |  out|    3|       m_axi|                                          gmem|       pointer|
|m_axi_gmem_AWQOS          |  out|    4|       m_axi|                                          gmem|       pointer|
|m_axi_gmem_AWREGION       |  out|    4|       m_axi|                                          gmem|       pointer|
|m_axi_gmem_AWUSER         |  out|    1|       m_axi|                                          gmem|       pointer|
|m_axi_gmem_WVALID         |  out|    1|       m_axi|                                          gmem|       pointer|
|m_axi_gmem_WREADY         |   in|    1|       m_axi|                                          gmem|       pointer|
|m_axi_gmem_WDATA          |  out|  512|       m_axi|                                          gmem|       pointer|
|m_axi_gmem_WSTRB          |  out|   64|       m_axi|                                          gmem|       pointer|
|m_axi_gmem_WLAST          |  out|    1|       m_axi|                                          gmem|       pointer|
|m_axi_gmem_WID            |  out|    1|       m_axi|                                          gmem|       pointer|
|m_axi_gmem_WUSER          |  out|    1|       m_axi|                                          gmem|       pointer|
|m_axi_gmem_ARVALID        |  out|    1|       m_axi|                                          gmem|       pointer|
|m_axi_gmem_ARREADY        |   in|    1|       m_axi|                                          gmem|       pointer|
|m_axi_gmem_ARADDR         |  out|   64|       m_axi|                                          gmem|       pointer|
|m_axi_gmem_ARID           |  out|    1|       m_axi|                                          gmem|       pointer|
|m_axi_gmem_ARLEN          |  out|   32|       m_axi|                                          gmem|       pointer|
|m_axi_gmem_ARSIZE         |  out|    3|       m_axi|                                          gmem|       pointer|
|m_axi_gmem_ARBURST        |  out|    2|       m_axi|                                          gmem|       pointer|
|m_axi_gmem_ARLOCK         |  out|    2|       m_axi|                                          gmem|       pointer|
|m_axi_gmem_ARCACHE        |  out|    4|       m_axi|                                          gmem|       pointer|
|m_axi_gmem_ARPROT         |  out|    3|       m_axi|                                          gmem|       pointer|
|m_axi_gmem_ARQOS          |  out|    4|       m_axi|                                          gmem|       pointer|
|m_axi_gmem_ARREGION       |  out|    4|       m_axi|                                          gmem|       pointer|
|m_axi_gmem_ARUSER         |  out|    1|       m_axi|                                          gmem|       pointer|
|m_axi_gmem_RVALID         |   in|    1|       m_axi|                                          gmem|       pointer|
|m_axi_gmem_RREADY         |  out|    1|       m_axi|                                          gmem|       pointer|
|m_axi_gmem_RDATA          |   in|  512|       m_axi|                                          gmem|       pointer|
|m_axi_gmem_RLAST          |   in|    1|       m_axi|                                          gmem|       pointer|
|m_axi_gmem_RID            |   in|    1|       m_axi|                                          gmem|       pointer|
|m_axi_gmem_RUSER          |   in|    1|       m_axi|                                          gmem|       pointer|
|m_axi_gmem_RRESP          |   in|    2|       m_axi|                                          gmem|       pointer|
|m_axi_gmem_BVALID         |   in|    1|       m_axi|                                          gmem|       pointer|
|m_axi_gmem_BREADY         |  out|    1|       m_axi|                                          gmem|       pointer|
|m_axi_gmem_BRESP          |   in|    2|       m_axi|                                          gmem|       pointer|
|m_axi_gmem_BID            |   in|    1|       m_axi|                                          gmem|       pointer|
|m_axi_gmem_BUSER          |   in|    1|       m_axi|                                          gmem|       pointer|
|sext_ln308                |   in|   58|     ap_none|                                    sext_ln308|        scalar|
|JcoupLocal_0_0_address0   |  out|    4|   ap_memory|                                JcoupLocal_0_0|         array|
|JcoupLocal_0_0_ce0        |  out|    1|   ap_memory|                                JcoupLocal_0_0|         array|
|JcoupLocal_0_0_we0        |  out|    1|   ap_memory|                                JcoupLocal_0_0|         array|
|JcoupLocal_0_0_d0         |  out|  512|   ap_memory|                                JcoupLocal_0_0|         array|
|JcoupLocal_0_1_address0   |  out|    4|   ap_memory|                                JcoupLocal_0_1|         array|
|JcoupLocal_0_1_ce0        |  out|    1|   ap_memory|                                JcoupLocal_0_1|         array|
|JcoupLocal_0_1_we0        |  out|    1|   ap_memory|                                JcoupLocal_0_1|         array|
|JcoupLocal_0_1_d0         |  out|  512|   ap_memory|                                JcoupLocal_0_1|         array|
|JcoupLocal_0_2_address0   |  out|    4|   ap_memory|                                JcoupLocal_0_2|         array|
|JcoupLocal_0_2_ce0        |  out|    1|   ap_memory|                                JcoupLocal_0_2|         array|
|JcoupLocal_0_2_we0        |  out|    1|   ap_memory|                                JcoupLocal_0_2|         array|
|JcoupLocal_0_2_d0         |  out|  512|   ap_memory|                                JcoupLocal_0_2|         array|
|JcoupLocal_0_3_address0   |  out|    4|   ap_memory|                                JcoupLocal_0_3|         array|
|JcoupLocal_0_3_ce0        |  out|    1|   ap_memory|                                JcoupLocal_0_3|         array|
|JcoupLocal_0_3_we0        |  out|    1|   ap_memory|                                JcoupLocal_0_3|         array|
|JcoupLocal_0_3_d0         |  out|  512|   ap_memory|                                JcoupLocal_0_3|         array|
|JcoupLocal_0_4_address0   |  out|    4|   ap_memory|                                JcoupLocal_0_4|         array|
|JcoupLocal_0_4_ce0        |  out|    1|   ap_memory|                                JcoupLocal_0_4|         array|
|JcoupLocal_0_4_we0        |  out|    1|   ap_memory|                                JcoupLocal_0_4|         array|
|JcoupLocal_0_4_d0         |  out|  512|   ap_memory|                                JcoupLocal_0_4|         array|
|JcoupLocal_0_5_address0   |  out|    4|   ap_memory|                                JcoupLocal_0_5|         array|
|JcoupLocal_0_5_ce0        |  out|    1|   ap_memory|                                JcoupLocal_0_5|         array|
|JcoupLocal_0_5_we0        |  out|    1|   ap_memory|                                JcoupLocal_0_5|         array|
|JcoupLocal_0_5_d0         |  out|  512|   ap_memory|                                JcoupLocal_0_5|         array|
|JcoupLocal_0_6_address0   |  out|    4|   ap_memory|                                JcoupLocal_0_6|         array|
|JcoupLocal_0_6_ce0        |  out|    1|   ap_memory|                                JcoupLocal_0_6|         array|
|JcoupLocal_0_6_we0        |  out|    1|   ap_memory|                                JcoupLocal_0_6|         array|
|JcoupLocal_0_6_d0         |  out|  512|   ap_memory|                                JcoupLocal_0_6|         array|
|JcoupLocal_0_7_address0   |  out|    4|   ap_memory|                                JcoupLocal_0_7|         array|
|JcoupLocal_0_7_ce0        |  out|    1|   ap_memory|                                JcoupLocal_0_7|         array|
|JcoupLocal_0_7_we0        |  out|    1|   ap_memory|                                JcoupLocal_0_7|         array|
|JcoupLocal_0_7_d0         |  out|  512|   ap_memory|                                JcoupLocal_0_7|         array|
|JcoupLocal_0_8_address0   |  out|    4|   ap_memory|                                JcoupLocal_0_8|         array|
|JcoupLocal_0_8_ce0        |  out|    1|   ap_memory|                                JcoupLocal_0_8|         array|
|JcoupLocal_0_8_we0        |  out|    1|   ap_memory|                                JcoupLocal_0_8|         array|
|JcoupLocal_0_8_d0         |  out|  512|   ap_memory|                                JcoupLocal_0_8|         array|
|JcoupLocal_0_9_address0   |  out|    4|   ap_memory|                                JcoupLocal_0_9|         array|
|JcoupLocal_0_9_ce0        |  out|    1|   ap_memory|                                JcoupLocal_0_9|         array|
|JcoupLocal_0_9_we0        |  out|    1|   ap_memory|                                JcoupLocal_0_9|         array|
|JcoupLocal_0_9_d0         |  out|  512|   ap_memory|                                JcoupLocal_0_9|         array|
|JcoupLocal_0_10_address0  |  out|    4|   ap_memory|                               JcoupLocal_0_10|         array|
|JcoupLocal_0_10_ce0       |  out|    1|   ap_memory|                               JcoupLocal_0_10|         array|
|JcoupLocal_0_10_we0       |  out|    1|   ap_memory|                               JcoupLocal_0_10|         array|
|JcoupLocal_0_10_d0        |  out|  512|   ap_memory|                               JcoupLocal_0_10|         array|
|JcoupLocal_0_11_address0  |  out|    4|   ap_memory|                               JcoupLocal_0_11|         array|
|JcoupLocal_0_11_ce0       |  out|    1|   ap_memory|                               JcoupLocal_0_11|         array|
|JcoupLocal_0_11_we0       |  out|    1|   ap_memory|                               JcoupLocal_0_11|         array|
|JcoupLocal_0_11_d0        |  out|  512|   ap_memory|                               JcoupLocal_0_11|         array|
|JcoupLocal_0_12_address0  |  out|    4|   ap_memory|                               JcoupLocal_0_12|         array|
|JcoupLocal_0_12_ce0       |  out|    1|   ap_memory|                               JcoupLocal_0_12|         array|
|JcoupLocal_0_12_we0       |  out|    1|   ap_memory|                               JcoupLocal_0_12|         array|
|JcoupLocal_0_12_d0        |  out|  512|   ap_memory|                               JcoupLocal_0_12|         array|
|JcoupLocal_0_13_address0  |  out|    4|   ap_memory|                               JcoupLocal_0_13|         array|
|JcoupLocal_0_13_ce0       |  out|    1|   ap_memory|                               JcoupLocal_0_13|         array|
|JcoupLocal_0_13_we0       |  out|    1|   ap_memory|                               JcoupLocal_0_13|         array|
|JcoupLocal_0_13_d0        |  out|  512|   ap_memory|                               JcoupLocal_0_13|         array|
|JcoupLocal_0_14_address0  |  out|    4|   ap_memory|                               JcoupLocal_0_14|         array|
|JcoupLocal_0_14_ce0       |  out|    1|   ap_memory|                               JcoupLocal_0_14|         array|
|JcoupLocal_0_14_we0       |  out|    1|   ap_memory|                               JcoupLocal_0_14|         array|
|JcoupLocal_0_14_d0        |  out|  512|   ap_memory|                               JcoupLocal_0_14|         array|
|JcoupLocal_0_15_address0  |  out|    4|   ap_memory|                               JcoupLocal_0_15|         array|
|JcoupLocal_0_15_ce0       |  out|    1|   ap_memory|                               JcoupLocal_0_15|         array|
|JcoupLocal_0_15_we0       |  out|    1|   ap_memory|                               JcoupLocal_0_15|         array|
|JcoupLocal_0_15_d0        |  out|  512|   ap_memory|                               JcoupLocal_0_15|         array|
+--------------------------+-----+-----+------------+----------------------------------------------+--------------+

