

================================================================
== Vitis HLS Report for 'QuantumMonteCarlo_Pipeline_READ_NEW_JCOUP'
================================================================
* Date:           Sat Jul 31 12:16:03 2021

* Version:        2021.1 (Build 3247384 on Thu Jun 10 19:36:33 MDT 2021)
* Project:        SQA-Vitis
* Solution:       solution1 (Vivado IP Flow Target)
* Product family: virtexuplus
* Target device:  xcvu35p-fsvh2892-2-e


================================================================
== Performance Estimates
================================================================
+ Timing: 
    * Summary: 
    +--------+----------+----------+------------+
    |  Clock |  Target  | Estimated| Uncertainty|
    +--------+----------+----------+------------+
    |ap_clk  |  10.00 ns|  1.800 ns|     2.70 ns|
    +--------+----------+----------+------------+

+ Latency: 
    * Summary: 
    +---------+---------+----------+----------+-----+-----+---------+
    |  Latency (cycles) |  Latency (absolute) |  Interval | Pipeline|
    |   min   |   max   |    min   |    max   | min | max |   Type  |
    +---------+---------+----------+----------+-----+-----+---------+
    |       66|       66|  0.660 us|  0.660 us|   66|   66|       no|
    +---------+---------+----------+----------+-----+-----+---------+

    + Detail: 
        * Instance: 
        N/A

        * Loop: 
        +------------------+---------+---------+----------+-----------+-----------+------+----------+
        |                  |  Latency (cycles) | Iteration|  Initiation Interval  | Trip |          |
        |     Loop Name    |   min   |   max   |  Latency |  achieved |   target  | Count| Pipelined|
        +------------------+---------+---------+----------+-----------+-----------+------+----------+
        |- READ_NEW_JCOUP  |       64|       64|         1|          1|          1|    64|       yes|
        +------------------+---------+---------+----------+-----------+-----------+------+----------+



================================================================
== Utilization Estimates
================================================================
* Summary: 
+---------------------+---------+------+---------+--------+-----+
|         Name        | BRAM_18K|  DSP |    FF   |   LUT  | URAM|
+---------------------+---------+------+---------+--------+-----+
|DSP                  |        -|     -|        -|       -|    -|
|Expression           |        -|     -|        0|      29|    -|
|FIFO                 |        -|     -|        -|       -|    -|
|Instance             |        -|     -|        -|       -|    -|
|Memory               |        -|     -|        -|       -|    -|
|Multiplexer          |        -|     -|        -|      36|    -|
|Register             |        -|     -|        9|       -|    -|
+---------------------+---------+------+---------+--------+-----+
|Total                |        0|     0|        9|      65|    0|
+---------------------+---------+------+---------+--------+-----+
|Available SLR        |     1344|  2976|   871680|  435840|  320|
+---------------------+---------+------+---------+--------+-----+
|Utilization SLR (%)  |        0|     0|       ~0|      ~0|    0|
+---------------------+---------+------+---------+--------+-----+
|Available            |     2688|  5952|  1743360|  871680|  640|
+---------------------+---------+------+---------+--------+-----+
|Utilization (%)      |        0|     0|       ~0|      ~0|    0|
+---------------------+---------+------+---------+--------+-----+

+ Detail: 
    * Instance: 
    N/A

    * DSP: 
    N/A

    * Memory: 
    N/A

    * FIFO: 
    N/A

    * Expression: 
    +----------------------------------+----------+----+---+----+------------+------------+
    |           Variable Name          | Operation| DSP| FF| LUT| Bitwidth P0| Bitwidth P1|
    +----------------------------------+----------+----+---+----+------------+------------+
    |add_ln267_fu_88_p2                |         +|   0|  0|  14|           7|           1|
    |ap_condition_98                   |       and|   0|  0|   2|           1|           1|
    |icmp_ln266_fu_82_p2               |      icmp|   0|  0|  11|           7|           8|
    |ap_block_state1_pp0_stage0_iter0  |        or|   0|  0|   2|           1|           1|
    +----------------------------------+----------+----+---+----+------------+------------+
    |Total                             |          |   0|  0|  29|          16|          11|
    +----------------------------------+----------+----+---+----+------------+------------+

    * Multiplexer: 
    +-------------------------------+----+-----------+-----+-----------+
    |              Name             | LUT| Input Size| Bits| Total Bits|
    +-------------------------------+----+-----------+-----+-----------+
    |JcoupCount_fu_46               |   9|          2|    7|         14|
    |Jcoup_0_V_TDATA_blk_n          |   9|          2|    1|          2|
    |ap_done_int                    |   9|          2|    1|          2|
    |ap_sig_allocacmp_JcoupCount_2  |   9|          2|    7|         14|
    +-------------------------------+----+-----------+-----+-----------+
    |Total                          |  36|          8|   16|         32|
    +-------------------------------+----+-----------+-----+-----------+

    * Register: 
    +------------------+---+----+-----+-----------+
    |       Name       | FF| LUT| Bits| Const Bits|
    +------------------+---+----+-----+-----------+
    |JcoupCount_fu_46  |  7|   0|    7|          0|
    |ap_CS_fsm         |  1|   0|    1|          0|
    |ap_done_reg       |  1|   0|    1|          0|
    +------------------+---+----+-----+-----------+
    |Total             |  9|   0|    9|          0|
    +------------------+---+----+-----+-----------+



================================================================
== Interface
================================================================
* Summary: 
+-------------------------+-----+------+------------+-------------------------------------------+--------------+
|        RTL Ports        | Dir | Bits |  Protocol  |               Source Object               |    C Type    |
+-------------------------+-----+------+------------+-------------------------------------------+--------------+
|ap_clk                   |   in|     1|  ap_ctrl_hs|  QuantumMonteCarlo_Pipeline_READ_NEW_JCOUP|  return value|
|ap_rst                   |   in|     1|  ap_ctrl_hs|  QuantumMonteCarlo_Pipeline_READ_NEW_JCOUP|  return value|
|ap_start                 |   in|     1|  ap_ctrl_hs|  QuantumMonteCarlo_Pipeline_READ_NEW_JCOUP|  return value|
|ap_done                  |  out|     1|  ap_ctrl_hs|  QuantumMonteCarlo_Pipeline_READ_NEW_JCOUP|  return value|
|ap_idle                  |  out|     1|  ap_ctrl_hs|  QuantumMonteCarlo_Pipeline_READ_NEW_JCOUP|  return value|
|ap_ready                 |  out|     1|  ap_ctrl_hs|  QuantumMonteCarlo_Pipeline_READ_NEW_JCOUP|  return value|
|Jcoup_0_V_TVALID         |   in|     1|        axis|                                  Jcoup_0_V|       pointer|
|Jcoup_0_V_TDATA          |   in|  2048|        axis|                                  Jcoup_0_V|       pointer|
|Jcoup_0_V_TREADY         |  out|     1|        axis|                                  Jcoup_0_V|       pointer|
|JcoupLocal_0_0_address1  |  out|     6|   ap_memory|                             JcoupLocal_0_0|         array|
|JcoupLocal_0_0_ce1       |  out|     1|   ap_memory|                             JcoupLocal_0_0|         array|
|JcoupLocal_0_0_we1       |  out|     1|   ap_memory|                             JcoupLocal_0_0|         array|
|JcoupLocal_0_0_d1        |  out|  2048|   ap_memory|                             JcoupLocal_0_0|         array|
+-------------------------+-----+------+------------+-------------------------------------------+--------------+

