

================================================================
== Vitis HLS Report for 'TrotterUnitFinal'
================================================================
* Date:           Sat Jul 31 12:16:08 2021

* Version:        2021.1 (Build 3247384 on Thu Jun 10 19:36:33 MDT 2021)
* Project:        SQA-Vitis
* Solution:       solution1 (Vivado IP Flow Target)
* Product family: virtexuplus
* Target device:  xcvu35p-fsvh2892-2-e


================================================================
== Performance Estimates
================================================================
+ Timing: 
    * Summary: 
    +--------+----------+----------+------------+
    |  Clock |  Target  | Estimated| Uncertainty|
    +--------+----------+----------+------------+
    |ap_clk  |  10.00 ns|  6.992 ns|     2.70 ns|
    +--------+----------+----------+------------+

+ Latency: 
    * Summary: 
    +---------+---------+-----------+-----------+-----+-----+---------+
    |  Latency (cycles) |   Latency (absolute)  |  Interval | Pipeline|
    |   min   |   max   |    min    |    max    | min | max |   Type  |
    +---------+---------+-----------+-----------+-----+-----+---------+
    |        1|        8|  10.000 ns|  80.000 ns|    1|    8|       no|
    +---------+---------+-----------+-----------+-----+-----+---------+

    + Detail: 
        * Instance: 
        N/A

        * Loop: 
        N/A



================================================================
== Utilization Estimates
================================================================
* Summary: 
+---------------------+---------+------+---------+--------+-----+
|         Name        | BRAM_18K|  DSP |    FF   |   LUT  | URAM|
+---------------------+---------+------+---------+--------+-----+
|DSP                  |        -|     -|        -|       -|    -|
|Expression           |        -|     -|        0|    1394|    -|
|FIFO                 |        -|     -|        -|       -|    -|
|Instance             |        -|     7|      482|     529|    -|
|Memory               |        -|     -|        -|       -|    -|
|Multiplexer          |        -|     -|        -|      96|    -|
|Register             |        -|     -|      314|       -|    -|
+---------------------+---------+------+---------+--------+-----+
|Total                |        0|     7|      796|    2019|    0|
+---------------------+---------+------+---------+--------+-----+
|Available SLR        |     1344|  2976|   871680|  435840|  320|
+---------------------+---------+------+---------+--------+-----+
|Utilization SLR (%)  |        0|    ~0|       ~0|      ~0|    0|
+---------------------+---------+------+---------+--------+-----+
|Available            |     2688|  5952|  1743360|  871680|  640|
+---------------------+---------+------+---------+--------+-----+
|Utilization (%)      |        0|    ~0|       ~0|      ~0|    0|
+---------------------+---------+------+---------+--------+-----+

+ Detail: 
    * Instance: 
    +------------------------------------+--------------------------------+---------+----+-----+-----+-----+
    |              Instance              |             Module             | BRAM_18K| DSP|  FF | LUT | URAM|
    +------------------------------------+--------------------------------+---------+----+-----+-----+-----+
    |fadd_32ns_32ns_32_3_full_dsp_1_U15  |fadd_32ns_32ns_32_3_full_dsp_1  |        0|   2|  177|  226|    0|
    |fcmp_32ns_32ns_1_1_no_dsp_1_U18     |fcmp_32ns_32ns_1_1_no_dsp_1     |        0|   0|    0|    0|    0|
    |fmul_32ns_32ns_32_2_max_dsp_1_U17   |fmul_32ns_32ns_32_2_max_dsp_1   |        0|   3|  128|   77|    0|
    |fsub_32ns_32ns_32_3_full_dsp_1_U16  |fsub_32ns_32ns_32_3_full_dsp_1  |        0|   2|  177|  226|    0|
    +------------------------------------+--------------------------------+---------+----+-----+-----+-----+
    |Total                               |                                |        0|   7|  482|  529|    0|
    +------------------------------------+--------------------------------+---------+----+-----+-----+-----+

    * DSP: 
    N/A

    * Memory: 
    N/A

    * FIFO: 
    N/A

    * Expression: 
    +------------------------+----------+----+---+-----+------------+------------+
    |      Variable Name     | Operation| DSP| FF| LUT | Bitwidth P0| Bitwidth P1|
    +------------------------+----------+----+---+-----+------------+------------+
    |add_ln138_fu_268_p2     |         +|   0|  0|   14|           7|           1|
    |sub_ln138_fu_306_p2     |         -|   0|  0|   71|          64|          64|
    |and_ln138_fu_312_p2     |       and|   0|  0|   64|          64|          64|
    |and_ln144_1_fu_450_p2   |       and|   0|  0|    2|           1|           1|
    |and_ln144_fu_444_p2     |       and|   0|  0|    2|           1|           1|
    |and_ln145_fu_475_p2     |       and|   0|  0|   64|          64|          64|
    |inside_fu_218_p2        |       and|   0|  0|    2|           1|           1|
    |icmp_ln118_1_fu_212_p2  |      icmp|   0|  0|   12|          13|          13|
    |icmp_ln118_fu_192_p2    |      icmp|   0|  0|   12|          13|          13|
    |icmp_ln144_1_fu_428_p2  |      icmp|   0|  0|   16|          23|           1|
    |icmp_ln144_2_fu_388_p2  |      icmp|   0|  0|   11|           8|           2|
    |icmp_ln144_3_fu_394_p2  |      icmp|   0|  0|   16|          23|           1|
    |icmp_ln144_fu_422_p2    |      icmp|   0|  0|   11|           8|           2|
    |lshr_ln138_fu_317_p2    |      lshr|   0|  0|  182|          64|          64|
    |or_ln129_fu_233_p2      |        or|   0|  0|    2|           1|           1|
    |or_ln131_fu_239_p2      |        or|   0|  0|    2|           1|           1|
    |or_ln144_1_fu_440_p2    |        or|   0|  0|    2|           1|           1|
    |or_ln144_fu_434_p2      |        or|   0|  0|    2|           1|           1|
    |or_ln145_fu_480_p2      |        or|   0|  0|   64|          64|          64|
    |dHTmp_1_fu_340_p3       |    select|   0|  0|   32|           1|          32|
    |select_ln129_fu_250_p3  |    select|   0|  0|   32|           1|          32|
    |select_ln131_fu_243_p3  |    select|   0|  0|   32|           1|          32|
    |select_ln138_fu_292_p3  |    select|   0|  0|   63|           1|           1|
    |shl_ln138_1_fu_300_p2   |       shl|   0|  0|  182|           1|          64|
    |shl_ln138_fu_278_p2     |       shl|   0|  0|  182|           1|          64|
    |shl_ln145_fu_465_p2     |       shl|   0|  0|  182|          64|          64|
    |xor_ln118_fu_198_p2     |       xor|   0|  0|    2|           1|           2|
    |xor_ln129_1_fu_228_p2   |       xor|   0|  0|    2|           1|           2|
    |xor_ln129_fu_224_p2     |       xor|   0|  0|    2|           1|           1|
    |xor_ln141_fu_330_p2     |       xor|   0|  0|   33|          32|          33|
    |xor_ln144_fu_352_p2     |       xor|   0|  0|   33|          32|          33|
    |xor_ln145_1_fu_470_p2   |       xor|   0|  0|   64|          64|           2|
    |xor_ln145_fu_456_p2     |       xor|   0|  0|    2|           1|           2|
    +------------------------+----------+----+---+-----+------------+------------+
    |Total                   |          |   0|  0| 1394|         624|         724|
    +------------------------+----------+----+---+-----+------------+------------+

    * Multiplexer: 
    +---------------------+----+-----------+-----+-----------+
    |         Name        | LUT| Input Size| Bits| Total Bits|
    +---------------------+----+-----------+-----+-----------+
    |ap_NS_fsm            |  54|         10|    1|         10|
    |grp_fu_174_p0        |  14|          3|   32|         96|
    |grp_fu_174_p1        |  14|          3|   32|         96|
    |trotters_0_address0  |  14|          3|    6|         18|
    +---------------------+----+-----------+-----+-----------+
    |Total                |  96|         19|   71|        220|
    +---------------------+----+-----------+-----+-----------+

    * Register: 
    +--------------------------------+----+----+-----+-----------+
    |              Name              | FF | LUT| Bits| Const Bits|
    +--------------------------------+----+----+-----+-----------+
    |and_ln144_1_reg_596             |   1|   0|    1|          0|
    |ap_CS_fsm                       |   9|   0|    9|          0|
    |icmp_ln144_2_reg_586            |   1|   0|    1|          0|
    |icmp_ln144_3_reg_591            |   1|   0|    1|          0|
    |inside_reg_530                  |   1|   0|    1|          0|
    |logRandomNumber_0_load_reg_581  |  32|   0|   32|          0|
    |or_ln145_reg_600                |  64|   0|   64|          0|
    |reg_183                         |  32|   0|   32|          0|
    |select_ln129_reg_534            |  32|   0|   32|          0|
    |sub_ln138_reg_550               |  64|   0|   64|          0|
    |this_spin_reg_561               |   1|   0|    1|          0|
    |trotters_0_addr_reg_545         |   6|   0|    6|          0|
    |trotters_0_load_reg_556         |  64|   0|   64|          0|
    |zext_ln138_1_reg_539            |   6|   0|   64|         58|
    +--------------------------------+----+----+-----+-----------+
    |Total                           | 314|   0|  372|         58|
    +--------------------------------+----+----+-----+-----------+



================================================================
== Interface
================================================================
* Summary: 
+----------------------------+-----+-----+------------+-------------------+--------------+
|          RTL Ports         | Dir | Bits|  Protocol  |   Source Object   |    C Type    |
+----------------------------+-----+-----+------------+-------------------+--------------+
|ap_clk                      |   in|    1|  ap_ctrl_hs|   TrotterUnitFinal|  return value|
|ap_rst                      |   in|    1|  ap_ctrl_hs|   TrotterUnitFinal|  return value|
|ap_start                    |   in|    1|  ap_ctrl_hs|   TrotterUnitFinal|  return value|
|ap_done                     |  out|    1|  ap_ctrl_hs|   TrotterUnitFinal|  return value|
|ap_idle                     |  out|    1|  ap_ctrl_hs|   TrotterUnitFinal|  return value|
|ap_ready                    |  out|    1|  ap_ctrl_hs|   TrotterUnitFinal|  return value|
|t                           |   in|    4|     ap_none|                  t|        scalar|
|stage                       |   in|   13|     ap_none|              stage|        scalar|
|iPack                       |   in|    6|     ap_none|              iPack|        scalar|
|iSpin                       |   in|    6|     ap_none|              iSpin|        scalar|
|trotters_0_address0         |  out|    6|   ap_memory|         trotters_0|         array|
|trotters_0_ce0              |  out|    1|   ap_memory|         trotters_0|         array|
|trotters_0_we0              |  out|    1|   ap_memory|         trotters_0|         array|
|trotters_0_d0               |  out|   64|   ap_memory|         trotters_0|         array|
|trotters_0_q0               |   in|   64|   ap_memory|         trotters_0|         array|
|p_read                      |   in|   32|     ap_none|             p_read|        scalar|
|upSpin                      |   in|    1|     ap_none|             upSpin|        scalar|
|downSpin                    |   in|    1|     ap_none|           downSpin|        scalar|
|Beta                        |   in|   32|     ap_none|               Beta|        scalar|
|dHTunnel                    |   in|   32|     ap_none|           dHTunnel|        scalar|
|logRandomNumber_0_address0  |  out|   12|   ap_memory|  logRandomNumber_0|         array|
|logRandomNumber_0_ce0       |  out|    1|   ap_memory|  logRandomNumber_0|         array|
|logRandomNumber_0_q0        |   in|   32|   ap_memory|  logRandomNumber_0|         array|
+----------------------------+-----+-----+------------+-------------------+--------------+

