

================================================================
== Vitis HLS Report for 'TrotterUnit'
================================================================
* Date:           Sat Jul 31 12:16:04 2021

* Version:        2021.1 (Build 3247384 on Thu Jun 10 19:36:33 MDT 2021)
* Project:        SQA-Vitis
* Solution:       solution1 (Vivado IP Flow Target)
* Product family: virtexuplus
* Target device:  xcvu35p-fsvh2892-2-e


================================================================
== Performance Estimates
================================================================
+ Timing: 
    * Summary: 
    +--------+----------+----------+------------+
    |  Clock |  Target  | Estimated| Uncertainty|
    +--------+----------+----------+------------+
    |ap_clk  |  10.00 ns|  6.381 ns|     2.70 ns|
    +--------+----------+----------+------------+

+ Latency: 
    * Summary: 
    +---------+---------+----------+----------+-----+-----+---------+
    |  Latency (cycles) |  Latency (absolute) |  Interval | Pipeline|
    |   min   |   max   |    min   |    max   | min | max |   Type  |
    +---------+---------+----------+----------+-----+-----+---------+
    |       30|       30|  0.300 us|  0.300 us|   30|   30|       no|
    +---------+---------+----------+----------+-----+-----+---------+

    + Detail: 
        * Instance: 
        N/A

        * Loop: 
        N/A



================================================================
== Utilization Estimates
================================================================
* Summary: 
+---------------------+---------+------+---------+--------+-----+
|         Name        | BRAM_18K|  DSP |    FF   |   LUT  | URAM|
+---------------------+---------+------+---------+--------+-----+
|DSP                  |        -|     -|        -|       -|    -|
|Expression           |        -|     -|        0|    4220|    -|
|FIFO                 |        -|     -|        -|       -|    -|
|Instance             |        -|     8|      708|     904|    -|
|Memory               |        -|     -|        -|       -|    -|
|Multiplexer          |        -|     -|        -|     677|    -|
|Register             |        -|     -|     3135|       -|    -|
+---------------------+---------+------+---------+--------+-----+
|Total                |        0|     8|     3843|    5801|    0|
+---------------------+---------+------+---------+--------+-----+
|Available SLR        |     1344|  2976|   871680|  435840|  320|
+---------------------+---------+------+---------+--------+-----+
|Utilization SLR (%)  |        0|    ~0|       ~0|       1|    0|
+---------------------+---------+------+---------+--------+-----+
|Available            |     2688|  5952|  1743360|  871680|  640|
+---------------------+---------+------+---------+--------+-----+
|Utilization (%)      |        0|    ~0|       ~0|      ~0|    0|
+---------------------+---------+------+---------+--------+-----+

+ Detail: 
    * Instance: 
    +-----------------------------------+--------------------------------+---------+----+-----+-----+-----+
    |              Instance             |             Module             | BRAM_18K| DSP|  FF | LUT | URAM|
    +-----------------------------------+--------------------------------+---------+----+-----+-----+-----+
    |fadd_32ns_32ns_32_3_full_dsp_1_U3  |fadd_32ns_32ns_32_3_full_dsp_1  |        0|   2|  177|  226|    0|
    |fadd_32ns_32ns_32_3_full_dsp_1_U4  |fadd_32ns_32ns_32_3_full_dsp_1  |        0|   2|  177|  226|    0|
    |fadd_32ns_32ns_32_3_full_dsp_1_U5  |fadd_32ns_32ns_32_3_full_dsp_1  |        0|   2|  177|  226|    0|
    |fadd_32ns_32ns_32_3_full_dsp_1_U6  |fadd_32ns_32ns_32_3_full_dsp_1  |        0|   2|  177|  226|    0|
    +-----------------------------------+--------------------------------+---------+----+-----+-----+-----+
    |Total                              |                                |        0|   8|  708|  904|    0|
    +-----------------------------------+--------------------------------+---------+----+-----+-----+-----+

    * DSP: 
    N/A

    * Memory: 
    N/A

    * FIFO: 
    N/A

    * Expression: 
    +---------------------------+----------+----+---+----+------------+------------+
    |       Variable Name       | Operation| DSP| FF| LUT| Bitwidth P0| Bitwidth P1|
    +---------------------------+----------+----+---+----+------------+------------+
    |inside_fu_3181_p2          |       and|   0|  0|   2|           1|           1|
    |icmp_ln50_1_fu_3175_p2     |      icmp|   0|  0|  12|          13|          13|
    |icmp_ln50_fu_3155_p2       |      icmp|   0|  0|  12|          13|          13|
    |dHTmp_2_fu_3187_p3         |    select|   0|  0|  32|           1|          32|
    |select_ln64_10_fu_1191_p3  |    select|   0|  0|  32|           1|          32|
    |select_ln64_11_fu_1223_p3  |    select|   0|  0|  32|           1|          32|
    |select_ln64_12_fu_1255_p3  |    select|   0|  0|  32|           1|          32|
    |select_ln64_13_fu_1287_p3  |    select|   0|  0|  32|           1|          32|
    |select_ln64_14_fu_1319_p3  |    select|   0|  0|  32|           1|          32|
    |select_ln64_15_fu_1351_p3  |    select|   0|  0|  32|           1|          32|
    |select_ln64_16_fu_1383_p3  |    select|   0|  0|  32|           1|          32|
    |select_ln64_17_fu_1415_p3  |    select|   0|  0|  32|           1|          32|
    |select_ln64_18_fu_1447_p3  |    select|   0|  0|  32|           1|          32|
    |select_ln64_19_fu_1479_p3  |    select|   0|  0|  32|           1|          32|
    |select_ln64_1_fu_903_p3    |    select|   0|  0|  32|           1|          32|
    |select_ln64_20_fu_1511_p3  |    select|   0|  0|  32|           1|          32|
    |select_ln64_21_fu_1543_p3  |    select|   0|  0|  32|           1|          32|
    |select_ln64_22_fu_1575_p3  |    select|   0|  0|  32|           1|          32|
    |select_ln64_23_fu_1607_p3  |    select|   0|  0|  32|           1|          32|
    |select_ln64_24_fu_1639_p3  |    select|   0|  0|  32|           1|          32|
    |select_ln64_25_fu_1671_p3  |    select|   0|  0|  32|           1|          32|
    |select_ln64_26_fu_1703_p3  |    select|   0|  0|  32|           1|          32|
    |select_ln64_27_fu_1735_p3  |    select|   0|  0|  32|           1|          32|
    |select_ln64_28_fu_1767_p3  |    select|   0|  0|  32|           1|          32|
    |select_ln64_29_fu_1799_p3  |    select|   0|  0|  32|           1|          32|
    |select_ln64_2_fu_935_p3    |    select|   0|  0|  32|           1|          32|
    |select_ln64_30_fu_1831_p3  |    select|   0|  0|  32|           1|          32|
    |select_ln64_31_fu_1863_p3  |    select|   0|  0|  32|           1|          32|
    |select_ln64_32_fu_1895_p3  |    select|   0|  0|  32|           1|          32|
    |select_ln64_33_fu_1927_p3  |    select|   0|  0|  32|           1|          32|
    |select_ln64_34_fu_1959_p3  |    select|   0|  0|  32|           1|          32|
    |select_ln64_35_fu_1991_p3  |    select|   0|  0|  32|           1|          32|
    |select_ln64_36_fu_2023_p3  |    select|   0|  0|  32|           1|          32|
    |select_ln64_37_fu_2055_p3  |    select|   0|  0|  32|           1|          32|
    |select_ln64_38_fu_2087_p3  |    select|   0|  0|  32|           1|          32|
    |select_ln64_39_fu_2119_p3  |    select|   0|  0|  32|           1|          32|
    |select_ln64_3_fu_967_p3    |    select|   0|  0|  32|           1|          32|
    |select_ln64_40_fu_2151_p3  |    select|   0|  0|  32|           1|          32|
    |select_ln64_41_fu_2183_p3  |    select|   0|  0|  32|           1|          32|
    |select_ln64_42_fu_2215_p3  |    select|   0|  0|  32|           1|          32|
    |select_ln64_43_fu_2247_p3  |    select|   0|  0|  32|           1|          32|
    |select_ln64_44_fu_2279_p3  |    select|   0|  0|  32|           1|          32|
    |select_ln64_45_fu_2311_p3  |    select|   0|  0|  32|           1|          32|
    |select_ln64_46_fu_2343_p3  |    select|   0|  0|  32|           1|          32|
    |select_ln64_47_fu_2375_p3  |    select|   0|  0|  32|           1|          32|
    |select_ln64_48_fu_2407_p3  |    select|   0|  0|  32|           1|          32|
    |select_ln64_49_fu_2439_p3  |    select|   0|  0|  32|           1|          32|
    |select_ln64_4_fu_999_p3    |    select|   0|  0|  32|           1|          32|
    |select_ln64_50_fu_2471_p3  |    select|   0|  0|  32|           1|          32|
    |select_ln64_51_fu_2503_p3  |    select|   0|  0|  32|           1|          32|
    |select_ln64_52_fu_2535_p3  |    select|   0|  0|  32|           1|          32|
    |select_ln64_53_fu_2567_p3  |    select|   0|  0|  32|           1|          32|
    |select_ln64_54_fu_2599_p3  |    select|   0|  0|  32|           1|          32|
    |select_ln64_55_fu_2631_p3  |    select|   0|  0|  32|           1|          32|
    |select_ln64_56_fu_2663_p3  |    select|   0|  0|  32|           1|          32|
    |select_ln64_57_fu_2695_p3  |    select|   0|  0|  32|           1|          32|
    |select_ln64_58_fu_2727_p3  |    select|   0|  0|  32|           1|          32|
    |select_ln64_59_fu_2759_p3  |    select|   0|  0|  32|           1|          32|
    |select_ln64_5_fu_1031_p3   |    select|   0|  0|  32|           1|          32|
    |select_ln64_60_fu_2791_p3  |    select|   0|  0|  32|           1|          32|
    |select_ln64_61_fu_2823_p3  |    select|   0|  0|  32|           1|          32|
    |select_ln64_62_fu_2855_p3  |    select|   0|  0|  32|           1|          32|
    |select_ln64_63_fu_2887_p3  |    select|   0|  0|  32|           1|          32|
    |select_ln64_6_fu_1063_p3   |    select|   0|  0|  32|           1|          32|
    |select_ln64_7_fu_1095_p3   |    select|   0|  0|  32|           1|          32|
    |select_ln64_8_fu_1127_p3   |    select|   0|  0|  32|           1|          32|
    |select_ln64_9_fu_1159_p3   |    select|   0|  0|  32|           1|          32|
    |select_ln64_fu_871_p3      |    select|   0|  0|  32|           1|          32|
    |xor_ln50_fu_3161_p2        |       xor|   0|  0|   2|           1|           2|
    |xor_ln69_10_fu_1185_p2     |       xor|   0|  0|  33|          32|          33|
    |xor_ln69_11_fu_1217_p2     |       xor|   0|  0|  33|          32|          33|
    |xor_ln69_12_fu_1249_p2     |       xor|   0|  0|  33|          32|          33|
    |xor_ln69_13_fu_1281_p2     |       xor|   0|  0|  33|          32|          33|
    |xor_ln69_14_fu_1313_p2     |       xor|   0|  0|  33|          32|          33|
    |xor_ln69_15_fu_1345_p2     |       xor|   0|  0|  33|          32|          33|
    |xor_ln69_16_fu_1377_p2     |       xor|   0|  0|  33|          32|          33|
    |xor_ln69_17_fu_1409_p2     |       xor|   0|  0|  33|          32|          33|
    |xor_ln69_18_fu_1441_p2     |       xor|   0|  0|  33|          32|          33|
    |xor_ln69_19_fu_1473_p2     |       xor|   0|  0|  33|          32|          33|
    |xor_ln69_1_fu_897_p2       |       xor|   0|  0|  33|          32|          33|
    |xor_ln69_20_fu_1505_p2     |       xor|   0|  0|  33|          32|          33|
    |xor_ln69_21_fu_1537_p2     |       xor|   0|  0|  33|          32|          33|
    |xor_ln69_22_fu_1569_p2     |       xor|   0|  0|  33|          32|          33|
    |xor_ln69_23_fu_1601_p2     |       xor|   0|  0|  33|          32|          33|
    |xor_ln69_24_fu_1633_p2     |       xor|   0|  0|  33|          32|          33|
    |xor_ln69_25_fu_1665_p2     |       xor|   0|  0|  33|          32|          33|
    |xor_ln69_26_fu_1697_p2     |       xor|   0|  0|  33|          32|          33|
    |xor_ln69_27_fu_1729_p2     |       xor|   0|  0|  33|          32|          33|
    |xor_ln69_28_fu_1761_p2     |       xor|   0|  0|  33|          32|          33|
    |xor_ln69_29_fu_1793_p2     |       xor|   0|  0|  33|          32|          33|
    |xor_ln69_2_fu_929_p2       |       xor|   0|  0|  33|          32|          33|
    |xor_ln69_30_fu_1825_p2     |       xor|   0|  0|  33|          32|          33|
    |xor_ln69_31_fu_1857_p2     |       xor|   0|  0|  33|          32|          33|
    |xor_ln69_32_fu_1889_p2     |       xor|   0|  0|  33|          32|          33|
    |xor_ln69_33_fu_1921_p2     |       xor|   0|  0|  33|          32|          33|
    |xor_ln69_34_fu_1953_p2     |       xor|   0|  0|  33|          32|          33|
    |xor_ln69_35_fu_1985_p2     |       xor|   0|  0|  33|          32|          33|
    |xor_ln69_36_fu_2017_p2     |       xor|   0|  0|  33|          32|          33|
    |xor_ln69_37_fu_2049_p2     |       xor|   0|  0|  33|          32|          33|
    |xor_ln69_38_fu_2081_p2     |       xor|   0|  0|  33|          32|          33|
    |xor_ln69_39_fu_2113_p2     |       xor|   0|  0|  33|          32|          33|
    |xor_ln69_3_fu_961_p2       |       xor|   0|  0|  33|          32|          33|
    |xor_ln69_40_fu_2145_p2     |       xor|   0|  0|  33|          32|          33|
    |xor_ln69_41_fu_2177_p2     |       xor|   0|  0|  33|          32|          33|
    |xor_ln69_42_fu_2209_p2     |       xor|   0|  0|  33|          32|          33|
    |xor_ln69_43_fu_2241_p2     |       xor|   0|  0|  33|          32|          33|
    |xor_ln69_44_fu_2273_p2     |       xor|   0|  0|  33|          32|          33|
    |xor_ln69_45_fu_2305_p2     |       xor|   0|  0|  33|          32|          33|
    |xor_ln69_46_fu_2337_p2     |       xor|   0|  0|  33|          32|          33|
    |xor_ln69_47_fu_2369_p2     |       xor|   0|  0|  33|          32|          33|
    |xor_ln69_48_fu_2401_p2     |       xor|   0|  0|  33|          32|          33|
    |xor_ln69_49_fu_2433_p2     |       xor|   0|  0|  33|          32|          33|
    |xor_ln69_4_fu_993_p2       |       xor|   0|  0|  33|          32|          33|
    |xor_ln69_50_fu_2465_p2     |       xor|   0|  0|  33|          32|          33|
    |xor_ln69_51_fu_2497_p2     |       xor|   0|  0|  33|          32|          33|
    |xor_ln69_52_fu_2529_p2     |       xor|   0|  0|  33|          32|          33|
    |xor_ln69_53_fu_2561_p2     |       xor|   0|  0|  33|          32|          33|
    |xor_ln69_54_fu_2593_p2     |       xor|   0|  0|  33|          32|          33|
    |xor_ln69_55_fu_2625_p2     |       xor|   0|  0|  33|          32|          33|
    |xor_ln69_56_fu_2657_p2     |       xor|   0|  0|  33|          32|          33|
    |xor_ln69_57_fu_2689_p2     |       xor|   0|  0|  33|          32|          33|
    |xor_ln69_58_fu_2721_p2     |       xor|   0|  0|  33|          32|          33|
    |xor_ln69_59_fu_2753_p2     |       xor|   0|  0|  33|          32|          33|
    |xor_ln69_5_fu_1025_p2      |       xor|   0|  0|  33|          32|          33|
    |xor_ln69_60_fu_2785_p2     |       xor|   0|  0|  33|          32|          33|
    |xor_ln69_61_fu_2817_p2     |       xor|   0|  0|  33|          32|          33|
    |xor_ln69_62_fu_2849_p2     |       xor|   0|  0|  33|          32|          33|
    |xor_ln69_63_fu_2881_p2     |       xor|   0|  0|  33|          32|          33|
    |xor_ln69_6_fu_1057_p2      |       xor|   0|  0|  33|          32|          33|
    |xor_ln69_7_fu_1089_p2      |       xor|   0|  0|  33|          32|          33|
    |xor_ln69_8_fu_1121_p2      |       xor|   0|  0|  33|          32|          33|
    |xor_ln69_9_fu_1153_p2      |       xor|   0|  0|  33|          32|          33|
    |xor_ln69_fu_865_p2         |       xor|   0|  0|  33|          32|          33|
    +---------------------------+----------+----+---+----+------------+------------+
    |Total                      |          |   0|  0|4220|        2141|        4221|
    +---------------------------+----------+----+---+----+------------+------------+

    * Multiplexer: 
    +---------------+-----+-----------+-----+-----------+
    |      Name     | LUT | Input Size| Bits| Total Bits|
    +---------------+-----+-----------+-----+-----------+
    |ap_NS_fsm      |  148|         32|    1|         32|
    |ap_return      |    9|          2|   32|         64|
    |grp_fu_492_p0  |   65|         16|   32|        512|
    |grp_fu_492_p1  |   65|         16|   32|        512|
    |grp_fu_493_p0  |   65|         16|   32|        512|
    |grp_fu_493_p1  |   65|         15|   32|        480|
    |grp_fu_494_p0  |   65|         14|   32|        448|
    |grp_fu_494_p1  |   65|         14|   32|        448|
    |grp_fu_495_p0  |   65|         14|   32|        448|
    |grp_fu_495_p1  |   65|         13|   32|        416|
    +---------------+-----+-----------+-----+-----------+
    |Total          |  677|        152|  289|       3872|
    +---------------+-----+-----------+-----+-----------+

    * Register: 
    +-------------------------+----+----+-----+-----------+
    |           Name          | FF | LUT| Bits| Const Bits|
    +-------------------------+----+----+-----+-----------+
    |ap_CS_fsm                |  31|   0|   31|          0|
    |ap_return_preg           |  32|   0|   32|          0|
    |fpBuffer_80_reg_3804     |  32|   0|   32|          0|
    |fpBuffer_81_reg_3809     |  32|   0|   32|          0|
    |fpBuffer_82_reg_3814     |  32|   0|   32|          0|
    |fpBuffer_83_reg_3819     |  32|   0|   32|          0|
    |fpBuffer_84_reg_3864     |  32|   0|   32|          0|
    |fpBuffer_85_reg_3869     |  32|   0|   32|          0|
    |fpBuffer_86_reg_3874     |  32|   0|   32|          0|
    |fpBuffer_87_reg_3879     |  32|   0|   32|          0|
    |fpBuffer_88_reg_3884     |  32|   0|   32|          0|
    |fpBuffer_89_reg_3889     |  32|   0|   32|          0|
    |fpBuffer_90_reg_3894     |  32|   0|   32|          0|
    |fpBuffer_91_reg_3899     |  32|   0|   32|          0|
    |fpBuffer_92_reg_3904     |  32|   0|   32|          0|
    |fpBuffer_93_reg_3909     |  32|   0|   32|          0|
    |fpBuffer_94_reg_3914     |  32|   0|   32|          0|
    |fpBuffer_95_reg_3919     |  32|   0|   32|          0|
    |reg_754                  |  32|   0|   32|          0|
    |reg_761                  |  32|   0|   32|          0|
    |reg_768                  |  32|   0|   32|          0|
    |reg_774                  |  32|   0|   32|          0|
    |reg_780                  |  32|   0|   32|          0|
    |reg_786                  |  32|   0|   32|          0|
    |reg_792                  |  32|   0|   32|          0|
    |reg_798                  |  32|   0|   32|          0|
    |reg_803                  |  32|   0|   32|          0|
    |reg_809                  |  32|   0|   32|          0|
    |reg_815                  |  32|   0|   32|          0|
    |reg_820                  |  32|   0|   32|          0|
    |reg_825                  |  32|   0|   32|          0|
    |reg_831                  |  32|   0|   32|          0|
    |reg_837                  |  32|   0|   32|          0|
    |reg_842                  |  32|   0|   32|          0|
    |select_ln64_10_reg_3254  |  32|   0|   32|          0|
    |select_ln64_11_reg_3259  |  32|   0|   32|          0|
    |select_ln64_12_reg_3264  |  32|   0|   32|          0|
    |select_ln64_13_reg_3269  |  32|   0|   32|          0|
    |select_ln64_14_reg_3274  |  32|   0|   32|          0|
    |select_ln64_15_reg_3279  |  32|   0|   32|          0|
    |select_ln64_16_reg_3284  |  32|   0|   32|          0|
    |select_ln64_17_reg_3289  |  32|   0|   32|          0|
    |select_ln64_18_reg_3294  |  32|   0|   32|          0|
    |select_ln64_19_reg_3299  |  32|   0|   32|          0|
    |select_ln64_1_reg_3209   |  32|   0|   32|          0|
    |select_ln64_20_reg_3304  |  32|   0|   32|          0|
    |select_ln64_21_reg_3309  |  32|   0|   32|          0|
    |select_ln64_22_reg_3314  |  32|   0|   32|          0|
    |select_ln64_23_reg_3319  |  32|   0|   32|          0|
    |select_ln64_24_reg_3324  |  32|   0|   32|          0|
    |select_ln64_25_reg_3329  |  32|   0|   32|          0|
    |select_ln64_26_reg_3334  |  32|   0|   32|          0|
    |select_ln64_27_reg_3339  |  32|   0|   32|          0|
    |select_ln64_28_reg_3344  |  32|   0|   32|          0|
    |select_ln64_29_reg_3349  |  32|   0|   32|          0|
    |select_ln64_2_reg_3214   |  32|   0|   32|          0|
    |select_ln64_30_reg_3354  |  32|   0|   32|          0|
    |select_ln64_31_reg_3359  |  32|   0|   32|          0|
    |select_ln64_32_reg_3364  |  32|   0|   32|          0|
    |select_ln64_33_reg_3369  |  32|   0|   32|          0|
    |select_ln64_34_reg_3374  |  32|   0|   32|          0|
    |select_ln64_35_reg_3379  |  32|   0|   32|          0|
    |select_ln64_36_reg_3384  |  32|   0|   32|          0|
    |select_ln64_37_reg_3389  |  32|   0|   32|          0|
    |select_ln64_38_reg_3394  |  32|   0|   32|          0|
    |select_ln64_39_reg_3399  |  32|   0|   32|          0|
    |select_ln64_3_reg_3219   |  32|   0|   32|          0|
    |select_ln64_40_reg_3404  |  32|   0|   32|          0|
    |select_ln64_41_reg_3409  |  32|   0|   32|          0|
    |select_ln64_42_reg_3414  |  32|   0|   32|          0|
    |select_ln64_43_reg_3419  |  32|   0|   32|          0|
    |select_ln64_44_reg_3424  |  32|   0|   32|          0|
    |select_ln64_45_reg_3429  |  32|   0|   32|          0|
    |select_ln64_46_reg_3434  |  32|   0|   32|          0|
    |select_ln64_47_reg_3439  |  32|   0|   32|          0|
    |select_ln64_48_reg_3444  |  32|   0|   32|          0|
    |select_ln64_49_reg_3449  |  32|   0|   32|          0|
    |select_ln64_4_reg_3224   |  32|   0|   32|          0|
    |select_ln64_50_reg_3454  |  32|   0|   32|          0|
    |select_ln64_51_reg_3459  |  32|   0|   32|          0|
    |select_ln64_52_reg_3464  |  32|   0|   32|          0|
    |select_ln64_53_reg_3469  |  32|   0|   32|          0|
    |select_ln64_54_reg_3474  |  32|   0|   32|          0|
    |select_ln64_55_reg_3479  |  32|   0|   32|          0|
    |select_ln64_56_reg_3484  |  32|   0|   32|          0|
    |select_ln64_57_reg_3489  |  32|   0|   32|          0|
    |select_ln64_58_reg_3494  |  32|   0|   32|          0|
    |select_ln64_59_reg_3499  |  32|   0|   32|          0|
    |select_ln64_5_reg_3229   |  32|   0|   32|          0|
    |select_ln64_60_reg_3504  |  32|   0|   32|          0|
    |select_ln64_61_reg_3509  |  32|   0|   32|          0|
    |select_ln64_62_reg_3514  |  32|   0|   32|          0|
    |select_ln64_63_reg_3519  |  32|   0|   32|          0|
    |select_ln64_6_reg_3234   |  32|   0|   32|          0|
    |select_ln64_7_reg_3239   |  32|   0|   32|          0|
    |select_ln64_8_reg_3244   |  32|   0|   32|          0|
    |select_ln64_9_reg_3249   |  32|   0|   32|          0|
    |select_ln64_reg_3204     |  32|   0|   32|          0|
    +-------------------------+----+----+-----+-----------+
    |Total                    |3135|   0| 3135|          0|
    +-------------------------+----+----+-----+-----------+



================================================================
== Interface
================================================================
* Summary: 
+---------------------+-----+------+------------+--------------+--------------+
|      RTL Ports      | Dir | Bits |  Protocol  | Source Object|    C Type    |
+---------------------+-----+------+------------+--------------+--------------+
|ap_clk               |   in|     1|  ap_ctrl_hs|   TrotterUnit|  return value|
|ap_rst               |   in|     1|  ap_ctrl_hs|   TrotterUnit|  return value|
|ap_start             |   in|     1|  ap_ctrl_hs|   TrotterUnit|  return value|
|ap_done              |  out|     1|  ap_ctrl_hs|   TrotterUnit|  return value|
|ap_idle              |  out|     1|  ap_ctrl_hs|   TrotterUnit|  return value|
|ap_ready             |  out|     1|  ap_ctrl_hs|   TrotterUnit|  return value|
|ap_return            |  out|    32|  ap_ctrl_hs|   TrotterUnit|  return value|
|t_offset             |   in|     4|     ap_none|      t_offset|        scalar|
|stage                |   in|    13|     ap_none|         stage|        scalar|
|jPack                |   in|     6|     ap_none|         jPack|        scalar|
|trotters_0_address0  |  out|     6|   ap_memory|    trotters_0|         array|
|trotters_0_ce0       |  out|     1|   ap_memory|    trotters_0|         array|
|trotters_0_q0        |   in|    64|   ap_memory|    trotters_0|         array|
|p_read               |   in|    32|     ap_none|        p_read|        scalar|
|JcoupLocal_address0  |  out|     6|   ap_memory|    JcoupLocal|         array|
|JcoupLocal_ce0       |  out|     1|   ap_memory|    JcoupLocal|         array|
|JcoupLocal_q0        |   in|  2048|   ap_memory|    JcoupLocal|         array|
|JcoupCount           |   in|     6|     ap_none|    JcoupCount|        scalar|
+---------------------+-----+------+------------+--------------+--------------+

