#-----------------------------------------------------------
# Vivado v2021.1 (64-bit)
# SW Build 3247384 on Thu Jun 10 19:36:07 MDT 2021
# IP Build 3246043 on Fri Jun 11 00:30:35 MDT 2021
# Start of session at: Tue Aug 24 17:37:28 2021
# Process ID: 182920
# Current directory: /home/edci/workspace/SQA_kernels/Hardware/build/QuantumMonteCarloU50/QuantumMonteCarloU50/QuantumMonteCarloU50/solution/impl/ip
# Command line: vivado -notrace -mode batch -source run_ippack.tcl
# Log file: /home/edci/workspace/SQA_kernels/Hardware/build/QuantumMonteCarloU50/QuantumMonteCarloU50/QuantumMonteCarloU50/solution/impl/ip/vivado.log
# Journal file: /home/edci/workspace/SQA_kernels/Hardware/build/QuantumMonteCarloU50/QuantumMonteCarloU50/QuantumMonteCarloU50/solution/impl/ip/vivado.jou
#-----------------------------------------------------------
source run_ippack.tcl -notrace
INFO: [IP_Flow 19-234] Refreshing IP repositories
INFO: [IP_Flow 19-1704] No user IP repositories specified
INFO: [IP_Flow 19-2313] Loaded Vivado IP repository '/home/edci/Xilinx/Vivado/2021.1/data/ip'.
WARNING: [IP_Flow 19-4832] The IP name 'QuantumMonteCarloU50_fadd_32ns_32ns_32_7_full_dsp_1_ip' you have specified is long. The Windows operating system has path length limitations. It is recommended you use shorter names to reduce the likelihood of issues.
INFO: [IP_Flow 19-1686] Generating 'Synthesis' target for IP 'QuantumMonteCarloU50_fadd_32ns_32ns_32_7_full_dsp_1_ip'...
INFO: [IP_Flow 19-1686] Generating 'Simulation' target for IP 'QuantumMonteCarloU50_fadd_32ns_32ns_32_7_full_dsp_1_ip'...
WARNING: [IP_Flow 19-4832] The IP name 'QuantumMonteCarloU50_fcmp_32ns_32ns_1_2_no_dsp_1_ip' you have specified is long. The Windows operating system has path length limitations. It is recommended you use shorter names to reduce the likelihood of issues.
INFO: [IP_Flow 19-1686] Generating 'Synthesis' target for IP 'QuantumMonteCarloU50_fcmp_32ns_32ns_1_2_no_dsp_1_ip'...
INFO: [IP_Flow 19-1686] Generating 'Simulation' target for IP 'QuantumMonteCarloU50_fcmp_32ns_32ns_1_2_no_dsp_1_ip'...
WARNING: [IP_Flow 19-4832] The IP name 'QuantumMonteCarloU50_fdiv_32ns_32ns_32_12_no_dsp_1_ip' you have specified is long. The Windows operating system has path length limitations. It is recommended you use shorter names to reduce the likelihood of issues.
INFO: [IP_Flow 19-1686] Generating 'Synthesis' target for IP 'QuantumMonteCarloU50_fdiv_32ns_32ns_32_12_no_dsp_1_ip'...
INFO: [IP_Flow 19-1686] Generating 'Simulation' target for IP 'QuantumMonteCarloU50_fdiv_32ns_32ns_32_12_no_dsp_1_ip'...
WARNING: [IP_Flow 19-4832] The IP name 'QuantumMonteCarloU50_fmul_32ns_32ns_32_4_max_dsp_1_ip' you have specified is long. The Windows operating system has path length limitations. It is recommended you use shorter names to reduce the likelihood of issues.
INFO: [IP_Flow 19-1686] Generating 'Synthesis' target for IP 'QuantumMonteCarloU50_fmul_32ns_32ns_32_4_max_dsp_1_ip'...
INFO: [IP_Flow 19-1686] Generating 'Simulation' target for IP 'QuantumMonteCarloU50_fmul_32ns_32ns_32_4_max_dsp_1_ip'...
WARNING: [IP_Flow 19-4832] The IP name 'QuantumMonteCarloU50_fsub_32ns_32ns_32_7_full_dsp_1_ip' you have specified is long. The Windows operating system has path length limitations. It is recommended you use shorter names to reduce the likelihood of issues.
INFO: [IP_Flow 19-1686] Generating 'Synthesis' target for IP 'QuantumMonteCarloU50_fsub_32ns_32ns_32_7_full_dsp_1_ip'...
INFO: [IP_Flow 19-1686] Generating 'Simulation' target for IP 'QuantumMonteCarloU50_fsub_32ns_32ns_32_7_full_dsp_1_ip'...
INFO: [IP_Flow 19-234] Refreshing IP repositories
INFO: [IP_Flow 19-1704] No user IP repositories specified
INFO: [IP_Flow 19-2313] Loaded Vivado IP repository '/home/edci/Xilinx/Vivado/2021.1/data/ip'.
INFO: [Common 17-206] Exiting Vivado at Tue Aug 24 17:37:43 2021...
