

================================================================
== Vitis HLS Report for 'QuantumMonteCarloU50_Pipeline_READ_TROTTERS_VITIS_LOOP_256_1'
================================================================
* Date:           Tue Sep 14 08:10:37 2021

* Version:        2021.1 (Build 3247384 on Thu Jun 10 19:36:33 MDT 2021)
* Project:        SQA-Vitis
* Solution:       solution1 (Vitis Kernel Flow Target)
* Product family: virtexuplus
* Target device:  xcvu35p-fsvh2892-2-e


================================================================
== Performance Estimates
================================================================
+ Timing: 
    * Summary: 
    +--------+---------+----------+------------+
    |  Clock |  Target | Estimated| Uncertainty|
    +--------+---------+----------+------------+
    |ap_clk  |  3.33 ns|  2.433 ns|     0.90 ns|
    +--------+---------+----------+------------+

+ Latency: 
    * Summary: 
    +---------+---------+----------+----------+------+------+---------+
    |  Latency (cycles) |  Latency (absolute) |   Interval  | Pipeline|
    |   min   |   max   |    min   |    max   |  min |  max |   Type  |
    +---------+---------+----------+----------+------+------+---------+
    |     1027|     1027|  3.423 us|  3.423 us|  1027|  1027|       no|
    +---------+---------+----------+----------+------+------+---------+

    + Detail: 
        * Instance: 
        N/A

        * Loop: 
        +----------------------------------+---------+---------+----------+-----------+-----------+------+----------+
        |                                  |  Latency (cycles) | Iteration|  Initiation Interval  | Trip |          |
        |             Loop Name            |   min   |   max   |  Latency |  achieved |   target  | Count| Pipelined|
        +----------------------------------+---------+---------+----------+-----------+-----------+------+----------+
        |- READ_TROTTERS_VITIS_LOOP_256_1  |     1025|     1025|         3|          1|          1|  1024|       yes|
        +----------------------------------+---------+---------+----------+-----------+-----------+------+----------+



================================================================
== Utilization Estimates
================================================================
* Summary: 
+---------------------+---------+------+---------+--------+-----+
|         Name        | BRAM_18K|  DSP |    FF   |   LUT  | URAM|
+---------------------+---------+------+---------+--------+-----+
|DSP                  |        -|     -|        -|       -|    -|
|Expression           |        -|     -|        0|     514|    -|
|FIFO                 |        -|     -|        -|       -|    -|
|Instance             |        -|     -|        -|       -|    -|
|Memory               |        -|     -|        -|       -|    -|
|Multiplexer          |        -|     -|        -|     104|    -|
|Register             |        -|     -|     1062|       -|    -|
+---------------------+---------+------+---------+--------+-----+
|Total                |        0|     0|     1062|     618|    0|
+---------------------+---------+------+---------+--------+-----+
|Available SLR        |     1344|  2976|   871680|  435840|  320|
+---------------------+---------+------+---------+--------+-----+
|Utilization SLR (%)  |        0|     0|       ~0|      ~0|    0|
+---------------------+---------+------+---------+--------+-----+
|Available            |     2688|  5952|  1743360|  871680|  640|
+---------------------+---------+------+---------+--------+-----+
|Utilization (%)      |        0|     0|       ~0|      ~0|    0|
+---------------------+---------+------+---------+--------+-----+

+ Detail: 
    * Instance: 
    N/A

    * DSP: 
    N/A

    * Memory: 
    N/A

    * FIFO: 
    N/A

    * Expression: 
    +----------------------------------+----------+----+---+-----+------------+------------+
    |           Variable Name          | Operation| DSP| FF| LUT | Bitwidth P0| Bitwidth P1|
    +----------------------------------+----------+----+---+-----+------------+------------+
    |add_ln255_1_fu_1163_p2            |         +|   0|  0|   10|           3|           1|
    |add_ln255_fu_1137_p2              |         +|   0|  0|   18|          11|           1|
    |add_ln257_fu_1205_p2              |         +|   0|  0|   16|           9|           1|
    |ap_block_pp0_stage0_11001         |       and|   0|  0|    2|           1|           1|
    |ap_block_state2_pp0_stage0_iter1  |       and|   0|  0|    2|           1|           1|
    |ap_predicate_op43_read_state2     |       and|   0|  0|    2|           1|           1|
    |icmp_ln255_fu_1131_p2             |      icmp|   0|  0|   12|          11|          12|
    |icmp_ln256_fu_1149_p2             |      icmp|   0|  0|   11|           9|          10|
    |icmp_ln259_fu_1199_p2             |      icmp|   0|  0|    9|           5|           1|
    |select_ln255_1_fu_1235_p3         |    select|   0|  0|  418|           1|           1|
    |select_ln255_2_fu_1169_p3         |    select|   0|  0|    3|           1|           3|
    |select_ln255_fu_1155_p3           |    select|   0|  0|    9|           1|           1|
    |ap_enable_pp0                     |       xor|   0|  0|    2|           1|           2|
    +----------------------------------+----------+----+---+-----+------------+------------+
    |Total                             |          |   0|  0|  514|          55|          36|
    +----------------------------------+----------+----+---+-----+------------+------------+

    * Multiplexer: 
    +--------------------------------------+----+-----------+-----+-----------+
    |                 Name                 | LUT| Input Size| Bits| Total Bits|
    +--------------------------------------+----+-----------+-----+-----------+
    |ap_done_int                           |   9|          2|    1|          2|
    |ap_enable_reg_pp0_iter2               |   9|          2|    1|          2|
    |ap_phi_mux_empty_phi_fu_1098_p4       |  14|          3|  512|       1536|
    |ap_sig_allocacmp_indvar_flatten_load  |   9|          2|   11|         22|
    |ap_sig_allocacmp_packOfst_load        |   9|          2|    9|         18|
    |ap_sig_allocacmp_t_load               |   9|          2|    3|          6|
    |gmem_blk_n_R                          |   9|          2|    1|          2|
    |indvar_flatten_fu_248                 |   9|          2|   11|         22|
    |packOfst_fu_240                       |   9|          2|    9|         18|
    |shiftreg1061_fu_236                   |   9|          2|  496|        992|
    |t_fu_244                              |   9|          2|    3|          6|
    +--------------------------------------+----+-----------+-----+-----------+
    |Total                                 | 104|         23| 1057|       2626|
    +--------------------------------------+----+-----------+-----+-----------+

    * Register: 
    +-------------------------------------+-----+----+-----+-----------+
    |                 Name                |  FF | LUT| Bits| Const Bits|
    +-------------------------------------+-----+----+-----+-----------+
    |ap_CS_fsm                            |    1|   0|    1|          0|
    |ap_done_reg                          |    1|   0|    1|          0|
    |ap_enable_reg_pp0_iter1              |    1|   0|    1|          0|
    |ap_enable_reg_pp0_iter2              |    1|   0|    1|          0|
    |ap_loop_exit_ready_pp0_iter1_reg     |    1|   0|    1|          0|
    |gmem_addr_read_reg_1456              |  512|   0|  512|          0|
    |icmp_ln255_reg_1430                  |    1|   0|    1|          0|
    |icmp_ln255_reg_1430_pp0_iter1_reg    |    1|   0|    1|          0|
    |icmp_ln256_reg_1434                  |    1|   0|    1|          0|
    |icmp_ln256_reg_1434_pp0_iter1_reg    |    1|   0|    1|          0|
    |icmp_ln259_reg_1452                  |    1|   0|    1|          0|
    |icmp_ln259_reg_1452_pp0_iter1_reg    |    1|   0|    1|          0|
    |indvar_flatten_fu_248                |   11|   0|   11|          0|
    |lshr_ln259_1_reg_1447                |    4|   0|    4|          0|
    |lshr_ln259_1_reg_1447_pp0_iter1_reg  |    4|   0|    4|          0|
    |packOfst_fu_240                      |    9|   0|    9|          0|
    |shiftreg1061_fu_236                  |  496|   0|  496|          0|
    |t_fu_244                             |    3|   0|    3|          0|
    |trunc_ln255_reg_1439                 |    2|   0|    2|          0|
    |trunc_ln255_reg_1439_pp0_iter1_reg   |    2|   0|    2|          0|
    |trunc_ln259_reg_1443                 |    4|   0|    4|          0|
    |trunc_ln259_reg_1443_pp0_iter1_reg   |    4|   0|    4|          0|
    +-------------------------------------+-----+----+-----+-----------+
    |Total                                | 1062|   0| 1062|          0|
    +-------------------------------------+-----+----+-----+-----------+



================================================================
== Interface
================================================================
* Summary: 
+-------------------------------+-----+-----+------------+--------------------------------------------------------------+--------------+
|           RTL Ports           | Dir | Bits|  Protocol  |                         Source Object                        |    C Type    |
+-------------------------------+-----+-----+------------+--------------------------------------------------------------+--------------+
|ap_clk                         |   in|    1|  ap_ctrl_hs|  QuantumMonteCarloU50_Pipeline_READ_TROTTERS_VITIS_LOOP_256_1|  return value|
|ap_rst                         |   in|    1|  ap_ctrl_hs|  QuantumMonteCarloU50_Pipeline_READ_TROTTERS_VITIS_LOOP_256_1|  return value|
|ap_start                       |   in|    1|  ap_ctrl_hs|  QuantumMonteCarloU50_Pipeline_READ_TROTTERS_VITIS_LOOP_256_1|  return value|
|ap_done                        |  out|    1|  ap_ctrl_hs|  QuantumMonteCarloU50_Pipeline_READ_TROTTERS_VITIS_LOOP_256_1|  return value|
|ap_idle                        |  out|    1|  ap_ctrl_hs|  QuantumMonteCarloU50_Pipeline_READ_TROTTERS_VITIS_LOOP_256_1|  return value|
|ap_ready                       |  out|    1|  ap_ctrl_hs|  QuantumMonteCarloU50_Pipeline_READ_TROTTERS_VITIS_LOOP_256_1|  return value|
|m_axi_gmem_AWVALID             |  out|    1|       m_axi|                                                          gmem|       pointer|
|m_axi_gmem_AWREADY             |   in|    1|       m_axi|                                                          gmem|       pointer|
|m_axi_gmem_AWADDR              |  out|   64|       m_axi|                                                          gmem|       pointer|
|m_axi_gmem_AWID                |  out|    1|       m_axi|                                                          gmem|       pointer|
|m_axi_gmem_AWLEN               |  out|   32|       m_axi|                                                          gmem|       pointer|
|m_axi_gmem_AWSIZE              |  out|    3|       m_axi|                                                          gmem|       pointer|
|m_axi_gmem_AWBURST             |  out|    2|       m_axi|                                                          gmem|       pointer|
|m_axi_gmem_AWLOCK              |  out|    2|       m_axi|                                                          gmem|       pointer|
|m_axi_gmem_AWCACHE             |  out|    4|       m_axi|                                                          gmem|       pointer|
|m_axi_gmem_AWPROT              |  out|    3|       m_axi|                                                          gmem|       pointer|
|m_axi_gmem_AWQOS               |  out|    4|       m_axi|                                                          gmem|       pointer|
|m_axi_gmem_AWREGION            |  out|    4|       m_axi|                                                          gmem|       pointer|
|m_axi_gmem_AWUSER              |  out|    1|       m_axi|                                                          gmem|       pointer|
|m_axi_gmem_WVALID              |  out|    1|       m_axi|                                                          gmem|       pointer|
|m_axi_gmem_WREADY              |   in|    1|       m_axi|                                                          gmem|       pointer|
|m_axi_gmem_WDATA               |  out|  512|       m_axi|                                                          gmem|       pointer|
|m_axi_gmem_WSTRB               |  out|   64|       m_axi|                                                          gmem|       pointer|
|m_axi_gmem_WLAST               |  out|    1|       m_axi|                                                          gmem|       pointer|
|m_axi_gmem_WID                 |  out|    1|       m_axi|                                                          gmem|       pointer|
|m_axi_gmem_WUSER               |  out|    1|       m_axi|                                                          gmem|       pointer|
|m_axi_gmem_ARVALID             |  out|    1|       m_axi|                                                          gmem|       pointer|
|m_axi_gmem_ARREADY             |   in|    1|       m_axi|                                                          gmem|       pointer|
|m_axi_gmem_ARADDR              |  out|   64|       m_axi|                                                          gmem|       pointer|
|m_axi_gmem_ARID                |  out|    1|       m_axi|                                                          gmem|       pointer|
|m_axi_gmem_ARLEN               |  out|   32|       m_axi|                                                          gmem|       pointer|
|m_axi_gmem_ARSIZE              |  out|    3|       m_axi|                                                          gmem|       pointer|
|m_axi_gmem_ARBURST             |  out|    2|       m_axi|                                                          gmem|       pointer|
|m_axi_gmem_ARLOCK              |  out|    2|       m_axi|                                                          gmem|       pointer|
|m_axi_gmem_ARCACHE             |  out|    4|       m_axi|                                                          gmem|       pointer|
|m_axi_gmem_ARPROT              |  out|    3|       m_axi|                                                          gmem|       pointer|
|m_axi_gmem_ARQOS               |  out|    4|       m_axi|                                                          gmem|       pointer|
|m_axi_gmem_ARREGION            |  out|    4|       m_axi|                                                          gmem|       pointer|
|m_axi_gmem_ARUSER              |  out|    1|       m_axi|                                                          gmem|       pointer|
|m_axi_gmem_RVALID              |   in|    1|       m_axi|                                                          gmem|       pointer|
|m_axi_gmem_RREADY              |  out|    1|       m_axi|                                                          gmem|       pointer|
|m_axi_gmem_RDATA               |   in|  512|       m_axi|                                                          gmem|       pointer|
|m_axi_gmem_RLAST               |   in|    1|       m_axi|                                                          gmem|       pointer|
|m_axi_gmem_RID                 |   in|    1|       m_axi|                                                          gmem|       pointer|
|m_axi_gmem_RUSER               |   in|    1|       m_axi|                                                          gmem|       pointer|
|m_axi_gmem_RRESP               |   in|    2|       m_axi|                                                          gmem|       pointer|
|m_axi_gmem_BVALID              |   in|    1|       m_axi|                                                          gmem|       pointer|
|m_axi_gmem_BREADY              |  out|    1|       m_axi|                                                          gmem|       pointer|
|m_axi_gmem_BRESP               |   in|    2|       m_axi|                                                          gmem|       pointer|
|m_axi_gmem_BID                 |   in|    1|       m_axi|                                                          gmem|       pointer|
|m_axi_gmem_BUSER               |   in|    1|       m_axi|                                                          gmem|       pointer|
|sext_ln255                     |   in|   58|     ap_none|                                                    sext_ln255|        scalar|
|trottersLocal_V_0_0_address0   |  out|    4|   ap_memory|                                           trottersLocal_V_0_0|         array|
|trottersLocal_V_0_0_ce0        |  out|    1|   ap_memory|                                           trottersLocal_V_0_0|         array|
|trottersLocal_V_0_0_we0        |  out|    1|   ap_memory|                                           trottersLocal_V_0_0|         array|
|trottersLocal_V_0_0_d0         |  out|   16|   ap_memory|                                           trottersLocal_V_0_0|         array|
|trottersLocal_V_0_1_address0   |  out|    4|   ap_memory|                                           trottersLocal_V_0_1|         array|
|trottersLocal_V_0_1_ce0        |  out|    1|   ap_memory|                                           trottersLocal_V_0_1|         array|
|trottersLocal_V_0_1_we0        |  out|    1|   ap_memory|                                           trottersLocal_V_0_1|         array|
|trottersLocal_V_0_1_d0         |  out|   16|   ap_memory|                                           trottersLocal_V_0_1|         array|
|trottersLocal_V_0_2_address0   |  out|    4|   ap_memory|                                           trottersLocal_V_0_2|         array|
|trottersLocal_V_0_2_ce0        |  out|    1|   ap_memory|                                           trottersLocal_V_0_2|         array|
|trottersLocal_V_0_2_we0        |  out|    1|   ap_memory|                                           trottersLocal_V_0_2|         array|
|trottersLocal_V_0_2_d0         |  out|   16|   ap_memory|                                           trottersLocal_V_0_2|         array|
|trottersLocal_V_0_3_address0   |  out|    4|   ap_memory|                                           trottersLocal_V_0_3|         array|
|trottersLocal_V_0_3_ce0        |  out|    1|   ap_memory|                                           trottersLocal_V_0_3|         array|
|trottersLocal_V_0_3_we0        |  out|    1|   ap_memory|                                           trottersLocal_V_0_3|         array|
|trottersLocal_V_0_3_d0         |  out|   16|   ap_memory|                                           trottersLocal_V_0_3|         array|
|trottersLocal_V_0_4_address0   |  out|    4|   ap_memory|                                           trottersLocal_V_0_4|         array|
|trottersLocal_V_0_4_ce0        |  out|    1|   ap_memory|                                           trottersLocal_V_0_4|         array|
|trottersLocal_V_0_4_we0        |  out|    1|   ap_memory|                                           trottersLocal_V_0_4|         array|
|trottersLocal_V_0_4_d0         |  out|   16|   ap_memory|                                           trottersLocal_V_0_4|         array|
|trottersLocal_V_0_5_address0   |  out|    4|   ap_memory|                                           trottersLocal_V_0_5|         array|
|trottersLocal_V_0_5_ce0        |  out|    1|   ap_memory|                                           trottersLocal_V_0_5|         array|
|trottersLocal_V_0_5_we0        |  out|    1|   ap_memory|                                           trottersLocal_V_0_5|         array|
|trottersLocal_V_0_5_d0         |  out|   16|   ap_memory|                                           trottersLocal_V_0_5|         array|
|trottersLocal_V_0_6_address0   |  out|    4|   ap_memory|                                           trottersLocal_V_0_6|         array|
|trottersLocal_V_0_6_ce0        |  out|    1|   ap_memory|                                           trottersLocal_V_0_6|         array|
|trottersLocal_V_0_6_we0        |  out|    1|   ap_memory|                                           trottersLocal_V_0_6|         array|
|trottersLocal_V_0_6_d0         |  out|   16|   ap_memory|                                           trottersLocal_V_0_6|         array|
|trottersLocal_V_0_7_address0   |  out|    4|   ap_memory|                                           trottersLocal_V_0_7|         array|
|trottersLocal_V_0_7_ce0        |  out|    1|   ap_memory|                                           trottersLocal_V_0_7|         array|
|trottersLocal_V_0_7_we0        |  out|    1|   ap_memory|                                           trottersLocal_V_0_7|         array|
|trottersLocal_V_0_7_d0         |  out|   16|   ap_memory|                                           trottersLocal_V_0_7|         array|
|trottersLocal_V_0_8_address0   |  out|    4|   ap_memory|                                           trottersLocal_V_0_8|         array|
|trottersLocal_V_0_8_ce0        |  out|    1|   ap_memory|                                           trottersLocal_V_0_8|         array|
|trottersLocal_V_0_8_we0        |  out|    1|   ap_memory|                                           trottersLocal_V_0_8|         array|
|trottersLocal_V_0_8_d0         |  out|   16|   ap_memory|                                           trottersLocal_V_0_8|         array|
|trottersLocal_V_0_9_address0   |  out|    4|   ap_memory|                                           trottersLocal_V_0_9|         array|
|trottersLocal_V_0_9_ce0        |  out|    1|   ap_memory|                                           trottersLocal_V_0_9|         array|
|trottersLocal_V_0_9_we0        |  out|    1|   ap_memory|                                           trottersLocal_V_0_9|         array|
|trottersLocal_V_0_9_d0         |  out|   16|   ap_memory|                                           trottersLocal_V_0_9|         array|
|trottersLocal_V_0_10_address0  |  out|    4|   ap_memory|                                          trottersLocal_V_0_10|         array|
|trottersLocal_V_0_10_ce0       |  out|    1|   ap_memory|                                          trottersLocal_V_0_10|         array|
|trottersLocal_V_0_10_we0       |  out|    1|   ap_memory|                                          trottersLocal_V_0_10|         array|
|trottersLocal_V_0_10_d0        |  out|   16|   ap_memory|                                          trottersLocal_V_0_10|         array|
|trottersLocal_V_0_11_address0  |  out|    4|   ap_memory|                                          trottersLocal_V_0_11|         array|
|trottersLocal_V_0_11_ce0       |  out|    1|   ap_memory|                                          trottersLocal_V_0_11|         array|
|trottersLocal_V_0_11_we0       |  out|    1|   ap_memory|                                          trottersLocal_V_0_11|         array|
|trottersLocal_V_0_11_d0        |  out|   16|   ap_memory|                                          trottersLocal_V_0_11|         array|
|trottersLocal_V_0_12_address0  |  out|    4|   ap_memory|                                          trottersLocal_V_0_12|         array|
|trottersLocal_V_0_12_ce0       |  out|    1|   ap_memory|                                          trottersLocal_V_0_12|         array|
|trottersLocal_V_0_12_we0       |  out|    1|   ap_memory|                                          trottersLocal_V_0_12|         array|
|trottersLocal_V_0_12_d0        |  out|   16|   ap_memory|                                          trottersLocal_V_0_12|         array|
|trottersLocal_V_0_13_address0  |  out|    4|   ap_memory|                                          trottersLocal_V_0_13|         array|
|trottersLocal_V_0_13_ce0       |  out|    1|   ap_memory|                                          trottersLocal_V_0_13|         array|
|trottersLocal_V_0_13_we0       |  out|    1|   ap_memory|                                          trottersLocal_V_0_13|         array|
|trottersLocal_V_0_13_d0        |  out|   16|   ap_memory|                                          trottersLocal_V_0_13|         array|
|trottersLocal_V_0_14_address0  |  out|    4|   ap_memory|                                          trottersLocal_V_0_14|         array|
|trottersLocal_V_0_14_ce0       |  out|    1|   ap_memory|                                          trottersLocal_V_0_14|         array|
|trottersLocal_V_0_14_we0       |  out|    1|   ap_memory|                                          trottersLocal_V_0_14|         array|
|trottersLocal_V_0_14_d0        |  out|   16|   ap_memory|                                          trottersLocal_V_0_14|         array|
|trottersLocal_V_0_15_address0  |  out|    4|   ap_memory|                                          trottersLocal_V_0_15|         array|
|trottersLocal_V_0_15_ce0       |  out|    1|   ap_memory|                                          trottersLocal_V_0_15|         array|
|trottersLocal_V_0_15_we0       |  out|    1|   ap_memory|                                          trottersLocal_V_0_15|         array|
|trottersLocal_V_0_15_d0        |  out|   16|   ap_memory|                                          trottersLocal_V_0_15|         array|
|trottersLocal_V_1_0_address0   |  out|    4|   ap_memory|                                           trottersLocal_V_1_0|         array|
|trottersLocal_V_1_0_ce0        |  out|    1|   ap_memory|                                           trottersLocal_V_1_0|         array|
|trottersLocal_V_1_0_we0        |  out|    1|   ap_memory|                                           trottersLocal_V_1_0|         array|
|trottersLocal_V_1_0_d0         |  out|   16|   ap_memory|                                           trottersLocal_V_1_0|         array|
|trottersLocal_V_1_1_address0   |  out|    4|   ap_memory|                                           trottersLocal_V_1_1|         array|
|trottersLocal_V_1_1_ce0        |  out|    1|   ap_memory|                                           trottersLocal_V_1_1|         array|
|trottersLocal_V_1_1_we0        |  out|    1|   ap_memory|                                           trottersLocal_V_1_1|         array|
|trottersLocal_V_1_1_d0         |  out|   16|   ap_memory|                                           trottersLocal_V_1_1|         array|
|trottersLocal_V_1_2_address0   |  out|    4|   ap_memory|                                           trottersLocal_V_1_2|         array|
|trottersLocal_V_1_2_ce0        |  out|    1|   ap_memory|                                           trottersLocal_V_1_2|         array|
|trottersLocal_V_1_2_we0        |  out|    1|   ap_memory|                                           trottersLocal_V_1_2|         array|
|trottersLocal_V_1_2_d0         |  out|   16|   ap_memory|                                           trottersLocal_V_1_2|         array|
|trottersLocal_V_1_3_address0   |  out|    4|   ap_memory|                                           trottersLocal_V_1_3|         array|
|trottersLocal_V_1_3_ce0        |  out|    1|   ap_memory|                                           trottersLocal_V_1_3|         array|
|trottersLocal_V_1_3_we0        |  out|    1|   ap_memory|                                           trottersLocal_V_1_3|         array|
|trottersLocal_V_1_3_d0         |  out|   16|   ap_memory|                                           trottersLocal_V_1_3|         array|
|trottersLocal_V_1_4_address0   |  out|    4|   ap_memory|                                           trottersLocal_V_1_4|         array|
|trottersLocal_V_1_4_ce0        |  out|    1|   ap_memory|                                           trottersLocal_V_1_4|         array|
|trottersLocal_V_1_4_we0        |  out|    1|   ap_memory|                                           trottersLocal_V_1_4|         array|
|trottersLocal_V_1_4_d0         |  out|   16|   ap_memory|                                           trottersLocal_V_1_4|         array|
|trottersLocal_V_1_5_address0   |  out|    4|   ap_memory|                                           trottersLocal_V_1_5|         array|
|trottersLocal_V_1_5_ce0        |  out|    1|   ap_memory|                                           trottersLocal_V_1_5|         array|
|trottersLocal_V_1_5_we0        |  out|    1|   ap_memory|                                           trottersLocal_V_1_5|         array|
|trottersLocal_V_1_5_d0         |  out|   16|   ap_memory|                                           trottersLocal_V_1_5|         array|
|trottersLocal_V_1_6_address0   |  out|    4|   ap_memory|                                           trottersLocal_V_1_6|         array|
|trottersLocal_V_1_6_ce0        |  out|    1|   ap_memory|                                           trottersLocal_V_1_6|         array|
|trottersLocal_V_1_6_we0        |  out|    1|   ap_memory|                                           trottersLocal_V_1_6|         array|
|trottersLocal_V_1_6_d0         |  out|   16|   ap_memory|                                           trottersLocal_V_1_6|         array|
|trottersLocal_V_1_7_address0   |  out|    4|   ap_memory|                                           trottersLocal_V_1_7|         array|
|trottersLocal_V_1_7_ce0        |  out|    1|   ap_memory|                                           trottersLocal_V_1_7|         array|
|trottersLocal_V_1_7_we0        |  out|    1|   ap_memory|                                           trottersLocal_V_1_7|         array|
|trottersLocal_V_1_7_d0         |  out|   16|   ap_memory|                                           trottersLocal_V_1_7|         array|
|trottersLocal_V_1_8_address0   |  out|    4|   ap_memory|                                           trottersLocal_V_1_8|         array|
|trottersLocal_V_1_8_ce0        |  out|    1|   ap_memory|                                           trottersLocal_V_1_8|         array|
|trottersLocal_V_1_8_we0        |  out|    1|   ap_memory|                                           trottersLocal_V_1_8|         array|
|trottersLocal_V_1_8_d0         |  out|   16|   ap_memory|                                           trottersLocal_V_1_8|         array|
|trottersLocal_V_1_9_address0   |  out|    4|   ap_memory|                                           trottersLocal_V_1_9|         array|
|trottersLocal_V_1_9_ce0        |  out|    1|   ap_memory|                                           trottersLocal_V_1_9|         array|
|trottersLocal_V_1_9_we0        |  out|    1|   ap_memory|                                           trottersLocal_V_1_9|         array|
|trottersLocal_V_1_9_d0         |  out|   16|   ap_memory|                                           trottersLocal_V_1_9|         array|
|trottersLocal_V_1_10_address0  |  out|    4|   ap_memory|                                          trottersLocal_V_1_10|         array|
|trottersLocal_V_1_10_ce0       |  out|    1|   ap_memory|                                          trottersLocal_V_1_10|         array|
|trottersLocal_V_1_10_we0       |  out|    1|   ap_memory|                                          trottersLocal_V_1_10|         array|
|trottersLocal_V_1_10_d0        |  out|   16|   ap_memory|                                          trottersLocal_V_1_10|         array|
|trottersLocal_V_1_11_address0  |  out|    4|   ap_memory|                                          trottersLocal_V_1_11|         array|
|trottersLocal_V_1_11_ce0       |  out|    1|   ap_memory|                                          trottersLocal_V_1_11|         array|
|trottersLocal_V_1_11_we0       |  out|    1|   ap_memory|                                          trottersLocal_V_1_11|         array|
|trottersLocal_V_1_11_d0        |  out|   16|   ap_memory|                                          trottersLocal_V_1_11|         array|
|trottersLocal_V_1_12_address0  |  out|    4|   ap_memory|                                          trottersLocal_V_1_12|         array|
|trottersLocal_V_1_12_ce0       |  out|    1|   ap_memory|                                          trottersLocal_V_1_12|         array|
|trottersLocal_V_1_12_we0       |  out|    1|   ap_memory|                                          trottersLocal_V_1_12|         array|
|trottersLocal_V_1_12_d0        |  out|   16|   ap_memory|                                          trottersLocal_V_1_12|         array|
|trottersLocal_V_1_13_address0  |  out|    4|   ap_memory|                                          trottersLocal_V_1_13|         array|
|trottersLocal_V_1_13_ce0       |  out|    1|   ap_memory|                                          trottersLocal_V_1_13|         array|
|trottersLocal_V_1_13_we0       |  out|    1|   ap_memory|                                          trottersLocal_V_1_13|         array|
|trottersLocal_V_1_13_d0        |  out|   16|   ap_memory|                                          trottersLocal_V_1_13|         array|
|trottersLocal_V_1_14_address0  |  out|    4|   ap_memory|                                          trottersLocal_V_1_14|         array|
|trottersLocal_V_1_14_ce0       |  out|    1|   ap_memory|                                          trottersLocal_V_1_14|         array|
|trottersLocal_V_1_14_we0       |  out|    1|   ap_memory|                                          trottersLocal_V_1_14|         array|
|trottersLocal_V_1_14_d0        |  out|   16|   ap_memory|                                          trottersLocal_V_1_14|         array|
|trottersLocal_V_1_15_address0  |  out|    4|   ap_memory|                                          trottersLocal_V_1_15|         array|
|trottersLocal_V_1_15_ce0       |  out|    1|   ap_memory|                                          trottersLocal_V_1_15|         array|
|trottersLocal_V_1_15_we0       |  out|    1|   ap_memory|                                          trottersLocal_V_1_15|         array|
|trottersLocal_V_1_15_d0        |  out|   16|   ap_memory|                                          trottersLocal_V_1_15|         array|
|trottersLocal_V_2_0_address0   |  out|    4|   ap_memory|                                           trottersLocal_V_2_0|         array|
|trottersLocal_V_2_0_ce0        |  out|    1|   ap_memory|                                           trottersLocal_V_2_0|         array|
|trottersLocal_V_2_0_we0        |  out|    1|   ap_memory|                                           trottersLocal_V_2_0|         array|
|trottersLocal_V_2_0_d0         |  out|   16|   ap_memory|                                           trottersLocal_V_2_0|         array|
|trottersLocal_V_2_1_address0   |  out|    4|   ap_memory|                                           trottersLocal_V_2_1|         array|
|trottersLocal_V_2_1_ce0        |  out|    1|   ap_memory|                                           trottersLocal_V_2_1|         array|
|trottersLocal_V_2_1_we0        |  out|    1|   ap_memory|                                           trottersLocal_V_2_1|         array|
|trottersLocal_V_2_1_d0         |  out|   16|   ap_memory|                                           trottersLocal_V_2_1|         array|
|trottersLocal_V_2_2_address0   |  out|    4|   ap_memory|                                           trottersLocal_V_2_2|         array|
|trottersLocal_V_2_2_ce0        |  out|    1|   ap_memory|                                           trottersLocal_V_2_2|         array|
|trottersLocal_V_2_2_we0        |  out|    1|   ap_memory|                                           trottersLocal_V_2_2|         array|
|trottersLocal_V_2_2_d0         |  out|   16|   ap_memory|                                           trottersLocal_V_2_2|         array|
|trottersLocal_V_2_3_address0   |  out|    4|   ap_memory|                                           trottersLocal_V_2_3|         array|
|trottersLocal_V_2_3_ce0        |  out|    1|   ap_memory|                                           trottersLocal_V_2_3|         array|
|trottersLocal_V_2_3_we0        |  out|    1|   ap_memory|                                           trottersLocal_V_2_3|         array|
|trottersLocal_V_2_3_d0         |  out|   16|   ap_memory|                                           trottersLocal_V_2_3|         array|
|trottersLocal_V_2_4_address0   |  out|    4|   ap_memory|                                           trottersLocal_V_2_4|         array|
|trottersLocal_V_2_4_ce0        |  out|    1|   ap_memory|                                           trottersLocal_V_2_4|         array|
|trottersLocal_V_2_4_we0        |  out|    1|   ap_memory|                                           trottersLocal_V_2_4|         array|
|trottersLocal_V_2_4_d0         |  out|   16|   ap_memory|                                           trottersLocal_V_2_4|         array|
|trottersLocal_V_2_5_address0   |  out|    4|   ap_memory|                                           trottersLocal_V_2_5|         array|
|trottersLocal_V_2_5_ce0        |  out|    1|   ap_memory|                                           trottersLocal_V_2_5|         array|
|trottersLocal_V_2_5_we0        |  out|    1|   ap_memory|                                           trottersLocal_V_2_5|         array|
|trottersLocal_V_2_5_d0         |  out|   16|   ap_memory|                                           trottersLocal_V_2_5|         array|
|trottersLocal_V_2_6_address0   |  out|    4|   ap_memory|                                           trottersLocal_V_2_6|         array|
|trottersLocal_V_2_6_ce0        |  out|    1|   ap_memory|                                           trottersLocal_V_2_6|         array|
|trottersLocal_V_2_6_we0        |  out|    1|   ap_memory|                                           trottersLocal_V_2_6|         array|
|trottersLocal_V_2_6_d0         |  out|   16|   ap_memory|                                           trottersLocal_V_2_6|         array|
|trottersLocal_V_2_7_address0   |  out|    4|   ap_memory|                                           trottersLocal_V_2_7|         array|
|trottersLocal_V_2_7_ce0        |  out|    1|   ap_memory|                                           trottersLocal_V_2_7|         array|
|trottersLocal_V_2_7_we0        |  out|    1|   ap_memory|                                           trottersLocal_V_2_7|         array|
|trottersLocal_V_2_7_d0         |  out|   16|   ap_memory|                                           trottersLocal_V_2_7|         array|
|trottersLocal_V_2_8_address0   |  out|    4|   ap_memory|                                           trottersLocal_V_2_8|         array|
|trottersLocal_V_2_8_ce0        |  out|    1|   ap_memory|                                           trottersLocal_V_2_8|         array|
|trottersLocal_V_2_8_we0        |  out|    1|   ap_memory|                                           trottersLocal_V_2_8|         array|
|trottersLocal_V_2_8_d0         |  out|   16|   ap_memory|                                           trottersLocal_V_2_8|         array|
|trottersLocal_V_2_9_address0   |  out|    4|   ap_memory|                                           trottersLocal_V_2_9|         array|
|trottersLocal_V_2_9_ce0        |  out|    1|   ap_memory|                                           trottersLocal_V_2_9|         array|
|trottersLocal_V_2_9_we0        |  out|    1|   ap_memory|                                           trottersLocal_V_2_9|         array|
|trottersLocal_V_2_9_d0         |  out|   16|   ap_memory|                                           trottersLocal_V_2_9|         array|
|trottersLocal_V_2_10_address0  |  out|    4|   ap_memory|                                          trottersLocal_V_2_10|         array|
|trottersLocal_V_2_10_ce0       |  out|    1|   ap_memory|                                          trottersLocal_V_2_10|         array|
|trottersLocal_V_2_10_we0       |  out|    1|   ap_memory|                                          trottersLocal_V_2_10|         array|
|trottersLocal_V_2_10_d0        |  out|   16|   ap_memory|                                          trottersLocal_V_2_10|         array|
|trottersLocal_V_2_11_address0  |  out|    4|   ap_memory|                                          trottersLocal_V_2_11|         array|
|trottersLocal_V_2_11_ce0       |  out|    1|   ap_memory|                                          trottersLocal_V_2_11|         array|
|trottersLocal_V_2_11_we0       |  out|    1|   ap_memory|                                          trottersLocal_V_2_11|         array|
|trottersLocal_V_2_11_d0        |  out|   16|   ap_memory|                                          trottersLocal_V_2_11|         array|
|trottersLocal_V_2_12_address0  |  out|    4|   ap_memory|                                          trottersLocal_V_2_12|         array|
|trottersLocal_V_2_12_ce0       |  out|    1|   ap_memory|                                          trottersLocal_V_2_12|         array|
|trottersLocal_V_2_12_we0       |  out|    1|   ap_memory|                                          trottersLocal_V_2_12|         array|
|trottersLocal_V_2_12_d0        |  out|   16|   ap_memory|                                          trottersLocal_V_2_12|         array|
|trottersLocal_V_2_13_address0  |  out|    4|   ap_memory|                                          trottersLocal_V_2_13|         array|
|trottersLocal_V_2_13_ce0       |  out|    1|   ap_memory|                                          trottersLocal_V_2_13|         array|
|trottersLocal_V_2_13_we0       |  out|    1|   ap_memory|                                          trottersLocal_V_2_13|         array|
|trottersLocal_V_2_13_d0        |  out|   16|   ap_memory|                                          trottersLocal_V_2_13|         array|
|trottersLocal_V_2_14_address0  |  out|    4|   ap_memory|                                          trottersLocal_V_2_14|         array|
|trottersLocal_V_2_14_ce0       |  out|    1|   ap_memory|                                          trottersLocal_V_2_14|         array|
|trottersLocal_V_2_14_we0       |  out|    1|   ap_memory|                                          trottersLocal_V_2_14|         array|
|trottersLocal_V_2_14_d0        |  out|   16|   ap_memory|                                          trottersLocal_V_2_14|         array|
|trottersLocal_V_2_15_address0  |  out|    4|   ap_memory|                                          trottersLocal_V_2_15|         array|
|trottersLocal_V_2_15_ce0       |  out|    1|   ap_memory|                                          trottersLocal_V_2_15|         array|
|trottersLocal_V_2_15_we0       |  out|    1|   ap_memory|                                          trottersLocal_V_2_15|         array|
|trottersLocal_V_2_15_d0        |  out|   16|   ap_memory|                                          trottersLocal_V_2_15|         array|
|trottersLocal_V_3_0_address0   |  out|    4|   ap_memory|                                           trottersLocal_V_3_0|         array|
|trottersLocal_V_3_0_ce0        |  out|    1|   ap_memory|                                           trottersLocal_V_3_0|         array|
|trottersLocal_V_3_0_we0        |  out|    1|   ap_memory|                                           trottersLocal_V_3_0|         array|
|trottersLocal_V_3_0_d0         |  out|   16|   ap_memory|                                           trottersLocal_V_3_0|         array|
|trottersLocal_V_3_1_address0   |  out|    4|   ap_memory|                                           trottersLocal_V_3_1|         array|
|trottersLocal_V_3_1_ce0        |  out|    1|   ap_memory|                                           trottersLocal_V_3_1|         array|
|trottersLocal_V_3_1_we0        |  out|    1|   ap_memory|                                           trottersLocal_V_3_1|         array|
|trottersLocal_V_3_1_d0         |  out|   16|   ap_memory|                                           trottersLocal_V_3_1|         array|
|trottersLocal_V_3_2_address0   |  out|    4|   ap_memory|                                           trottersLocal_V_3_2|         array|
|trottersLocal_V_3_2_ce0        |  out|    1|   ap_memory|                                           trottersLocal_V_3_2|         array|
|trottersLocal_V_3_2_we0        |  out|    1|   ap_memory|                                           trottersLocal_V_3_2|         array|
|trottersLocal_V_3_2_d0         |  out|   16|   ap_memory|                                           trottersLocal_V_3_2|         array|
|trottersLocal_V_3_3_address0   |  out|    4|   ap_memory|                                           trottersLocal_V_3_3|         array|
|trottersLocal_V_3_3_ce0        |  out|    1|   ap_memory|                                           trottersLocal_V_3_3|         array|
|trottersLocal_V_3_3_we0        |  out|    1|   ap_memory|                                           trottersLocal_V_3_3|         array|
|trottersLocal_V_3_3_d0         |  out|   16|   ap_memory|                                           trottersLocal_V_3_3|         array|
|trottersLocal_V_3_4_address0   |  out|    4|   ap_memory|                                           trottersLocal_V_3_4|         array|
|trottersLocal_V_3_4_ce0        |  out|    1|   ap_memory|                                           trottersLocal_V_3_4|         array|
|trottersLocal_V_3_4_we0        |  out|    1|   ap_memory|                                           trottersLocal_V_3_4|         array|
|trottersLocal_V_3_4_d0         |  out|   16|   ap_memory|                                           trottersLocal_V_3_4|         array|
|trottersLocal_V_3_5_address0   |  out|    4|   ap_memory|                                           trottersLocal_V_3_5|         array|
|trottersLocal_V_3_5_ce0        |  out|    1|   ap_memory|                                           trottersLocal_V_3_5|         array|
|trottersLocal_V_3_5_we0        |  out|    1|   ap_memory|                                           trottersLocal_V_3_5|         array|
|trottersLocal_V_3_5_d0         |  out|   16|   ap_memory|                                           trottersLocal_V_3_5|         array|
|trottersLocal_V_3_6_address0   |  out|    4|   ap_memory|                                           trottersLocal_V_3_6|         array|
|trottersLocal_V_3_6_ce0        |  out|    1|   ap_memory|                                           trottersLocal_V_3_6|         array|
|trottersLocal_V_3_6_we0        |  out|    1|   ap_memory|                                           trottersLocal_V_3_6|         array|
|trottersLocal_V_3_6_d0         |  out|   16|   ap_memory|                                           trottersLocal_V_3_6|         array|
|trottersLocal_V_3_7_address0   |  out|    4|   ap_memory|                                           trottersLocal_V_3_7|         array|
|trottersLocal_V_3_7_ce0        |  out|    1|   ap_memory|                                           trottersLocal_V_3_7|         array|
|trottersLocal_V_3_7_we0        |  out|    1|   ap_memory|                                           trottersLocal_V_3_7|         array|
|trottersLocal_V_3_7_d0         |  out|   16|   ap_memory|                                           trottersLocal_V_3_7|         array|
|trottersLocal_V_3_8_address0   |  out|    4|   ap_memory|                                           trottersLocal_V_3_8|         array|
|trottersLocal_V_3_8_ce0        |  out|    1|   ap_memory|                                           trottersLocal_V_3_8|         array|
|trottersLocal_V_3_8_we0        |  out|    1|   ap_memory|                                           trottersLocal_V_3_8|         array|
|trottersLocal_V_3_8_d0         |  out|   16|   ap_memory|                                           trottersLocal_V_3_8|         array|
|trottersLocal_V_3_9_address0   |  out|    4|   ap_memory|                                           trottersLocal_V_3_9|         array|
|trottersLocal_V_3_9_ce0        |  out|    1|   ap_memory|                                           trottersLocal_V_3_9|         array|
|trottersLocal_V_3_9_we0        |  out|    1|   ap_memory|                                           trottersLocal_V_3_9|         array|
|trottersLocal_V_3_9_d0         |  out|   16|   ap_memory|                                           trottersLocal_V_3_9|         array|
|trottersLocal_V_3_10_address0  |  out|    4|   ap_memory|                                          trottersLocal_V_3_10|         array|
|trottersLocal_V_3_10_ce0       |  out|    1|   ap_memory|                                          trottersLocal_V_3_10|         array|
|trottersLocal_V_3_10_we0       |  out|    1|   ap_memory|                                          trottersLocal_V_3_10|         array|
|trottersLocal_V_3_10_d0        |  out|   16|   ap_memory|                                          trottersLocal_V_3_10|         array|
|trottersLocal_V_3_11_address0  |  out|    4|   ap_memory|                                          trottersLocal_V_3_11|         array|
|trottersLocal_V_3_11_ce0       |  out|    1|   ap_memory|                                          trottersLocal_V_3_11|         array|
|trottersLocal_V_3_11_we0       |  out|    1|   ap_memory|                                          trottersLocal_V_3_11|         array|
|trottersLocal_V_3_11_d0        |  out|   16|   ap_memory|                                          trottersLocal_V_3_11|         array|
|trottersLocal_V_3_12_address0  |  out|    4|   ap_memory|                                          trottersLocal_V_3_12|         array|
|trottersLocal_V_3_12_ce0       |  out|    1|   ap_memory|                                          trottersLocal_V_3_12|         array|
|trottersLocal_V_3_12_we0       |  out|    1|   ap_memory|                                          trottersLocal_V_3_12|         array|
|trottersLocal_V_3_12_d0        |  out|   16|   ap_memory|                                          trottersLocal_V_3_12|         array|
|trottersLocal_V_3_13_address0  |  out|    4|   ap_memory|                                          trottersLocal_V_3_13|         array|
|trottersLocal_V_3_13_ce0       |  out|    1|   ap_memory|                                          trottersLocal_V_3_13|         array|
|trottersLocal_V_3_13_we0       |  out|    1|   ap_memory|                                          trottersLocal_V_3_13|         array|
|trottersLocal_V_3_13_d0        |  out|   16|   ap_memory|                                          trottersLocal_V_3_13|         array|
|trottersLocal_V_3_14_address0  |  out|    4|   ap_memory|                                          trottersLocal_V_3_14|         array|
|trottersLocal_V_3_14_ce0       |  out|    1|   ap_memory|                                          trottersLocal_V_3_14|         array|
|trottersLocal_V_3_14_we0       |  out|    1|   ap_memory|                                          trottersLocal_V_3_14|         array|
|trottersLocal_V_3_14_d0        |  out|   16|   ap_memory|                                          trottersLocal_V_3_14|         array|
|trottersLocal_V_3_15_address0  |  out|    4|   ap_memory|                                          trottersLocal_V_3_15|         array|
|trottersLocal_V_3_15_ce0       |  out|    1|   ap_memory|                                          trottersLocal_V_3_15|         array|
|trottersLocal_V_3_15_we0       |  out|    1|   ap_memory|                                          trottersLocal_V_3_15|         array|
|trottersLocal_V_3_15_d0        |  out|   16|   ap_memory|                                          trottersLocal_V_3_15|         array|
+-------------------------------+-----+-----+------------+--------------------------------------------------------------+--------------+

