

================================================================
== Vitis HLS Report for 'QuantumMonteCarlo_Pipeline_SHIFT_JCOUP'
================================================================
* Date:           Mon Aug  2 07:11:49 2021

* Version:        2021.1 (Build 3247384 on Thu Jun 10 19:36:33 MDT 2021)
* Project:        SQA-Vitis
* Solution:       solution1 (Vivado IP Flow Target)
* Product family: virtexuplus
* Target device:  xcvu35p-fsvh2892-2-e


================================================================
== Performance Estimates
================================================================
+ Timing: 
    * Summary: 
    +--------+----------+----------+------------+
    |  Clock |  Target  | Estimated| Uncertainty|
    +--------+----------+----------+------------+
    |ap_clk  |  10.00 ns|  1.492 ns|     2.70 ns|
    +--------+----------+----------+------------+

+ Latency: 
    * Summary: 
    +---------+---------+-----------+-----------+-----+-----+---------+
    |  Latency (cycles) |   Latency (absolute)  |  Interval | Pipeline|
    |   min   |   max   |    min    |    max    | min | max |   Type  |
    +---------+---------+-----------+-----------+-----+-----+---------+
    |        6|        6|  60.000 ns|  60.000 ns|    6|    6|       no|
    +---------+---------+-----------+-----------+-----+-----+---------+

    + Detail: 
        * Instance: 
        N/A

        * Loop: 
        +---------------+---------+---------+----------+-----------+-----------+------+----------+
        |               |  Latency (cycles) | Iteration|  Initiation Interval  | Trip |          |
        |   Loop Name   |   min   |   max   |  Latency |  achieved |   target  | Count| Pipelined|
        +---------------+---------+---------+----------+-----------+-----------+------+----------+
        |- SHIFT_JCOUP  |        4|        4|         2|          1|          1|     4|       yes|
        +---------------+---------+---------+----------+-----------+-----------+------+----------+



================================================================
== Utilization Estimates
================================================================
* Summary: 
+---------------------+---------+------+---------+--------+-----+
|         Name        | BRAM_18K|  DSP |    FF   |   LUT  | URAM|
+---------------------+---------+------+---------+--------+-----+
|DSP                  |        -|     -|        -|       -|    -|
|Expression           |        -|     -|        0|      21|    -|
|FIFO                 |        -|     -|        -|       -|    -|
|Instance             |        -|     -|        -|       -|    -|
|Memory               |        -|     -|        -|       -|    -|
|Multiplexer          |        -|     -|        -|      36|    -|
|Register             |        -|     -|       73|       -|    -|
+---------------------+---------+------+---------+--------+-----+
|Total                |        0|     0|       73|      57|    0|
+---------------------+---------+------+---------+--------+-----+
|Available SLR        |     1344|  2976|   871680|  435840|  320|
+---------------------+---------+------+---------+--------+-----+
|Utilization SLR (%)  |        0|     0|       ~0|      ~0|    0|
+---------------------+---------+------+---------+--------+-----+
|Available            |     2688|  5952|  1743360|  871680|  640|
+---------------------+---------+------+---------+--------+-----+
|Utilization (%)      |        0|     0|       ~0|      ~0|    0|
+---------------------+---------+------+---------+--------+-----+

+ Detail: 
    * Instance: 
    N/A

    * DSP: 
    N/A

    * Memory: 
    N/A

    * FIFO: 
    N/A

    * Expression: 
    +-----------------------+----------+----+---+----+------------+------------+
    |     Variable Name     | Operation| DSP| FF| LUT| Bitwidth P0| Bitwidth P1|
    +-----------------------+----------+----+---+----+------------+------------+
    |add_ln267_fu_1252_p2   |         +|   0|  0|  10|           3|           1|
    |icmp_ln267_fu_1246_p2  |      icmp|   0|  0|   9|           3|           4|
    |ap_enable_pp0          |       xor|   0|  0|   2|           1|           2|
    +-----------------------+----------+----+---+----+------------+------------+
    |Total                  |          |   0|  0|  21|           7|           7|
    +-----------------------+----------+----+---+----+------------+------------+

    * Multiplexer: 
    +-------------------------+----+-----------+-----+-----------+
    |           Name          | LUT| Input Size| Bits| Total Bits|
    +-------------------------+----+-----------+-----+-----------+
    |ap_done_int              |   9|          2|    1|          2|
    |ap_enable_reg_pp0_iter1  |   9|          2|    1|          2|
    |ap_sig_allocacmp_jc_1    |   9|          2|    3|          6|
    |jc_fu_162                |   9|          2|    3|          6|
    +-------------------------+----+-----------+-----+-----------+
    |Total                    |  36|          8|    8|         16|
    +-------------------------+----+-----------+-----+-----------+

    * Register: 
    +-------------------------------+---+----+-----+-----------+
    |              Name             | FF| LUT| Bits| Const Bits|
    +-------------------------------+---+----+-----+-----------+
    |JcoupLocal_1_0_addr_reg_1441   |  2|   0|    2|          0|
    |JcoupLocal_1_10_addr_reg_1501  |  2|   0|    2|          0|
    |JcoupLocal_1_11_addr_reg_1507  |  2|   0|    2|          0|
    |JcoupLocal_1_12_addr_reg_1513  |  2|   0|    2|          0|
    |JcoupLocal_1_13_addr_reg_1519  |  2|   0|    2|          0|
    |JcoupLocal_1_14_addr_reg_1525  |  2|   0|    2|          0|
    |JcoupLocal_1_15_addr_reg_1531  |  2|   0|    2|          0|
    |JcoupLocal_1_1_addr_reg_1447   |  2|   0|    2|          0|
    |JcoupLocal_1_2_addr_reg_1453   |  2|   0|    2|          0|
    |JcoupLocal_1_3_addr_reg_1459   |  2|   0|    2|          0|
    |JcoupLocal_1_4_addr_reg_1465   |  2|   0|    2|          0|
    |JcoupLocal_1_5_addr_reg_1471   |  2|   0|    2|          0|
    |JcoupLocal_1_6_addr_reg_1477   |  2|   0|    2|          0|
    |JcoupLocal_1_7_addr_reg_1483   |  2|   0|    2|          0|
    |JcoupLocal_1_8_addr_reg_1489   |  2|   0|    2|          0|
    |JcoupLocal_1_9_addr_reg_1495   |  2|   0|    2|          0|
    |JcoupLocal_2_0_addr_reg_1345   |  2|   0|    2|          0|
    |JcoupLocal_2_10_addr_reg_1405  |  2|   0|    2|          0|
    |JcoupLocal_2_11_addr_reg_1411  |  2|   0|    2|          0|
    |JcoupLocal_2_12_addr_reg_1417  |  2|   0|    2|          0|
    |JcoupLocal_2_13_addr_reg_1423  |  2|   0|    2|          0|
    |JcoupLocal_2_14_addr_reg_1429  |  2|   0|    2|          0|
    |JcoupLocal_2_15_addr_reg_1435  |  2|   0|    2|          0|
    |JcoupLocal_2_1_addr_reg_1351   |  2|   0|    2|          0|
    |JcoupLocal_2_2_addr_reg_1357   |  2|   0|    2|          0|
    |JcoupLocal_2_3_addr_reg_1363   |  2|   0|    2|          0|
    |JcoupLocal_2_4_addr_reg_1369   |  2|   0|    2|          0|
    |JcoupLocal_2_5_addr_reg_1375   |  2|   0|    2|          0|
    |JcoupLocal_2_6_addr_reg_1381   |  2|   0|    2|          0|
    |JcoupLocal_2_7_addr_reg_1387   |  2|   0|    2|          0|
    |JcoupLocal_2_8_addr_reg_1393   |  2|   0|    2|          0|
    |JcoupLocal_2_9_addr_reg_1399   |  2|   0|    2|          0|
    |ap_CS_fsm                      |  1|   0|    1|          0|
    |ap_done_reg                    |  1|   0|    1|          0|
    |ap_enable_reg_pp0_iter1        |  1|   0|    1|          0|
    |jc_fu_162                      |  3|   0|    3|          0|
    |zext_ln267_reg_1325            |  3|   0|   64|         61|
    +-------------------------------+---+----+-----+-----------+
    |Total                          | 73|   0|  134|         61|
    +-------------------------------+---+----+-----+-----------+



================================================================
== Interface
================================================================
* Summary: 
+--------------------------+-----+------+------------+----------------------------------------+--------------+
|         RTL Ports        | Dir | Bits |  Protocol  |              Source Object             |    C Type    |
+--------------------------+-----+------+------------+----------------------------------------+--------------+
|ap_clk                    |   in|     1|  ap_ctrl_hs|  QuantumMonteCarlo_Pipeline_SHIFT_JCOUP|  return value|
|ap_rst                    |   in|     1|  ap_ctrl_hs|  QuantumMonteCarlo_Pipeline_SHIFT_JCOUP|  return value|
|ap_start                  |   in|     1|  ap_ctrl_hs|  QuantumMonteCarlo_Pipeline_SHIFT_JCOUP|  return value|
|ap_done                   |  out|     1|  ap_ctrl_hs|  QuantumMonteCarlo_Pipeline_SHIFT_JCOUP|  return value|
|ap_idle                   |  out|     1|  ap_ctrl_hs|  QuantumMonteCarlo_Pipeline_SHIFT_JCOUP|  return value|
|ap_ready                  |  out|     1|  ap_ctrl_hs|  QuantumMonteCarlo_Pipeline_SHIFT_JCOUP|  return value|
|JcoupLocal_2_0_address0   |  out|     2|   ap_memory|                          JcoupLocal_2_0|         array|
|JcoupLocal_2_0_ce0        |  out|     1|   ap_memory|                          JcoupLocal_2_0|         array|
|JcoupLocal_2_0_q0         |   in|  2048|   ap_memory|                          JcoupLocal_2_0|         array|
|JcoupLocal_2_0_address1   |  out|     2|   ap_memory|                          JcoupLocal_2_0|         array|
|JcoupLocal_2_0_ce1        |  out|     1|   ap_memory|                          JcoupLocal_2_0|         array|
|JcoupLocal_2_0_we1        |  out|     1|   ap_memory|                          JcoupLocal_2_0|         array|
|JcoupLocal_2_0_d1         |  out|  2048|   ap_memory|                          JcoupLocal_2_0|         array|
|JcoupLocal_3_0_address1   |  out|     2|   ap_memory|                          JcoupLocal_3_0|         array|
|JcoupLocal_3_0_ce1        |  out|     1|   ap_memory|                          JcoupLocal_3_0|         array|
|JcoupLocal_3_0_we1        |  out|     1|   ap_memory|                          JcoupLocal_3_0|         array|
|JcoupLocal_3_0_d1         |  out|  2048|   ap_memory|                          JcoupLocal_3_0|         array|
|JcoupLocal_2_1_address0   |  out|     2|   ap_memory|                          JcoupLocal_2_1|         array|
|JcoupLocal_2_1_ce0        |  out|     1|   ap_memory|                          JcoupLocal_2_1|         array|
|JcoupLocal_2_1_q0         |   in|  2048|   ap_memory|                          JcoupLocal_2_1|         array|
|JcoupLocal_2_1_address1   |  out|     2|   ap_memory|                          JcoupLocal_2_1|         array|
|JcoupLocal_2_1_ce1        |  out|     1|   ap_memory|                          JcoupLocal_2_1|         array|
|JcoupLocal_2_1_we1        |  out|     1|   ap_memory|                          JcoupLocal_2_1|         array|
|JcoupLocal_2_1_d1         |  out|  2048|   ap_memory|                          JcoupLocal_2_1|         array|
|JcoupLocal_3_1_address1   |  out|     2|   ap_memory|                          JcoupLocal_3_1|         array|
|JcoupLocal_3_1_ce1        |  out|     1|   ap_memory|                          JcoupLocal_3_1|         array|
|JcoupLocal_3_1_we1        |  out|     1|   ap_memory|                          JcoupLocal_3_1|         array|
|JcoupLocal_3_1_d1         |  out|  2048|   ap_memory|                          JcoupLocal_3_1|         array|
|JcoupLocal_2_2_address0   |  out|     2|   ap_memory|                          JcoupLocal_2_2|         array|
|JcoupLocal_2_2_ce0        |  out|     1|   ap_memory|                          JcoupLocal_2_2|         array|
|JcoupLocal_2_2_q0         |   in|  2048|   ap_memory|                          JcoupLocal_2_2|         array|
|JcoupLocal_2_2_address1   |  out|     2|   ap_memory|                          JcoupLocal_2_2|         array|
|JcoupLocal_2_2_ce1        |  out|     1|   ap_memory|                          JcoupLocal_2_2|         array|
|JcoupLocal_2_2_we1        |  out|     1|   ap_memory|                          JcoupLocal_2_2|         array|
|JcoupLocal_2_2_d1         |  out|  2048|   ap_memory|                          JcoupLocal_2_2|         array|
|JcoupLocal_3_2_address1   |  out|     2|   ap_memory|                          JcoupLocal_3_2|         array|
|JcoupLocal_3_2_ce1        |  out|     1|   ap_memory|                          JcoupLocal_3_2|         array|
|JcoupLocal_3_2_we1        |  out|     1|   ap_memory|                          JcoupLocal_3_2|         array|
|JcoupLocal_3_2_d1         |  out|  2048|   ap_memory|                          JcoupLocal_3_2|         array|
|JcoupLocal_2_3_address0   |  out|     2|   ap_memory|                          JcoupLocal_2_3|         array|
|JcoupLocal_2_3_ce0        |  out|     1|   ap_memory|                          JcoupLocal_2_3|         array|
|JcoupLocal_2_3_q0         |   in|  2048|   ap_memory|                          JcoupLocal_2_3|         array|
|JcoupLocal_2_3_address1   |  out|     2|   ap_memory|                          JcoupLocal_2_3|         array|
|JcoupLocal_2_3_ce1        |  out|     1|   ap_memory|                          JcoupLocal_2_3|         array|
|JcoupLocal_2_3_we1        |  out|     1|   ap_memory|                          JcoupLocal_2_3|         array|
|JcoupLocal_2_3_d1         |  out|  2048|   ap_memory|                          JcoupLocal_2_3|         array|
|JcoupLocal_3_3_address1   |  out|     2|   ap_memory|                          JcoupLocal_3_3|         array|
|JcoupLocal_3_3_ce1        |  out|     1|   ap_memory|                          JcoupLocal_3_3|         array|
|JcoupLocal_3_3_we1        |  out|     1|   ap_memory|                          JcoupLocal_3_3|         array|
|JcoupLocal_3_3_d1         |  out|  2048|   ap_memory|                          JcoupLocal_3_3|         array|
|JcoupLocal_2_4_address0   |  out|     2|   ap_memory|                          JcoupLocal_2_4|         array|
|JcoupLocal_2_4_ce0        |  out|     1|   ap_memory|                          JcoupLocal_2_4|         array|
|JcoupLocal_2_4_q0         |   in|  2048|   ap_memory|                          JcoupLocal_2_4|         array|
|JcoupLocal_2_4_address1   |  out|     2|   ap_memory|                          JcoupLocal_2_4|         array|
|JcoupLocal_2_4_ce1        |  out|     1|   ap_memory|                          JcoupLocal_2_4|         array|
|JcoupLocal_2_4_we1        |  out|     1|   ap_memory|                          JcoupLocal_2_4|         array|
|JcoupLocal_2_4_d1         |  out|  2048|   ap_memory|                          JcoupLocal_2_4|         array|
|JcoupLocal_3_4_address1   |  out|     2|   ap_memory|                          JcoupLocal_3_4|         array|
|JcoupLocal_3_4_ce1        |  out|     1|   ap_memory|                          JcoupLocal_3_4|         array|
|JcoupLocal_3_4_we1        |  out|     1|   ap_memory|                          JcoupLocal_3_4|         array|
|JcoupLocal_3_4_d1         |  out|  2048|   ap_memory|                          JcoupLocal_3_4|         array|
|JcoupLocal_2_5_address0   |  out|     2|   ap_memory|                          JcoupLocal_2_5|         array|
|JcoupLocal_2_5_ce0        |  out|     1|   ap_memory|                          JcoupLocal_2_5|         array|
|JcoupLocal_2_5_q0         |   in|  2048|   ap_memory|                          JcoupLocal_2_5|         array|
|JcoupLocal_2_5_address1   |  out|     2|   ap_memory|                          JcoupLocal_2_5|         array|
|JcoupLocal_2_5_ce1        |  out|     1|   ap_memory|                          JcoupLocal_2_5|         array|
|JcoupLocal_2_5_we1        |  out|     1|   ap_memory|                          JcoupLocal_2_5|         array|
|JcoupLocal_2_5_d1         |  out|  2048|   ap_memory|                          JcoupLocal_2_5|         array|
|JcoupLocal_3_5_address1   |  out|     2|   ap_memory|                          JcoupLocal_3_5|         array|
|JcoupLocal_3_5_ce1        |  out|     1|   ap_memory|                          JcoupLocal_3_5|         array|
|JcoupLocal_3_5_we1        |  out|     1|   ap_memory|                          JcoupLocal_3_5|         array|
|JcoupLocal_3_5_d1         |  out|  2048|   ap_memory|                          JcoupLocal_3_5|         array|
|JcoupLocal_2_6_address0   |  out|     2|   ap_memory|                          JcoupLocal_2_6|         array|
|JcoupLocal_2_6_ce0        |  out|     1|   ap_memory|                          JcoupLocal_2_6|         array|
|JcoupLocal_2_6_q0         |   in|  2048|   ap_memory|                          JcoupLocal_2_6|         array|
|JcoupLocal_2_6_address1   |  out|     2|   ap_memory|                          JcoupLocal_2_6|         array|
|JcoupLocal_2_6_ce1        |  out|     1|   ap_memory|                          JcoupLocal_2_6|         array|
|JcoupLocal_2_6_we1        |  out|     1|   ap_memory|                          JcoupLocal_2_6|         array|
|JcoupLocal_2_6_d1         |  out|  2048|   ap_memory|                          JcoupLocal_2_6|         array|
|JcoupLocal_3_6_address1   |  out|     2|   ap_memory|                          JcoupLocal_3_6|         array|
|JcoupLocal_3_6_ce1        |  out|     1|   ap_memory|                          JcoupLocal_3_6|         array|
|JcoupLocal_3_6_we1        |  out|     1|   ap_memory|                          JcoupLocal_3_6|         array|
|JcoupLocal_3_6_d1         |  out|  2048|   ap_memory|                          JcoupLocal_3_6|         array|
|JcoupLocal_2_7_address0   |  out|     2|   ap_memory|                          JcoupLocal_2_7|         array|
|JcoupLocal_2_7_ce0        |  out|     1|   ap_memory|                          JcoupLocal_2_7|         array|
|JcoupLocal_2_7_q0         |   in|  2048|   ap_memory|                          JcoupLocal_2_7|         array|
|JcoupLocal_2_7_address1   |  out|     2|   ap_memory|                          JcoupLocal_2_7|         array|
|JcoupLocal_2_7_ce1        |  out|     1|   ap_memory|                          JcoupLocal_2_7|         array|
|JcoupLocal_2_7_we1        |  out|     1|   ap_memory|                          JcoupLocal_2_7|         array|
|JcoupLocal_2_7_d1         |  out|  2048|   ap_memory|                          JcoupLocal_2_7|         array|
|JcoupLocal_3_7_address1   |  out|     2|   ap_memory|                          JcoupLocal_3_7|         array|
|JcoupLocal_3_7_ce1        |  out|     1|   ap_memory|                          JcoupLocal_3_7|         array|
|JcoupLocal_3_7_we1        |  out|     1|   ap_memory|                          JcoupLocal_3_7|         array|
|JcoupLocal_3_7_d1         |  out|  2048|   ap_memory|                          JcoupLocal_3_7|         array|
|JcoupLocal_2_8_address0   |  out|     2|   ap_memory|                          JcoupLocal_2_8|         array|
|JcoupLocal_2_8_ce0        |  out|     1|   ap_memory|                          JcoupLocal_2_8|         array|
|JcoupLocal_2_8_q0         |   in|  2048|   ap_memory|                          JcoupLocal_2_8|         array|
|JcoupLocal_2_8_address1   |  out|     2|   ap_memory|                          JcoupLocal_2_8|         array|
|JcoupLocal_2_8_ce1        |  out|     1|   ap_memory|                          JcoupLocal_2_8|         array|
|JcoupLocal_2_8_we1        |  out|     1|   ap_memory|                          JcoupLocal_2_8|         array|
|JcoupLocal_2_8_d1         |  out|  2048|   ap_memory|                          JcoupLocal_2_8|         array|
|JcoupLocal_3_8_address1   |  out|     2|   ap_memory|                          JcoupLocal_3_8|         array|
|JcoupLocal_3_8_ce1        |  out|     1|   ap_memory|                          JcoupLocal_3_8|         array|
|JcoupLocal_3_8_we1        |  out|     1|   ap_memory|                          JcoupLocal_3_8|         array|
|JcoupLocal_3_8_d1         |  out|  2048|   ap_memory|                          JcoupLocal_3_8|         array|
|JcoupLocal_2_9_address0   |  out|     2|   ap_memory|                          JcoupLocal_2_9|         array|
|JcoupLocal_2_9_ce0        |  out|     1|   ap_memory|                          JcoupLocal_2_9|         array|
|JcoupLocal_2_9_q0         |   in|  2048|   ap_memory|                          JcoupLocal_2_9|         array|
|JcoupLocal_2_9_address1   |  out|     2|   ap_memory|                          JcoupLocal_2_9|         array|
|JcoupLocal_2_9_ce1        |  out|     1|   ap_memory|                          JcoupLocal_2_9|         array|
|JcoupLocal_2_9_we1        |  out|     1|   ap_memory|                          JcoupLocal_2_9|         array|
|JcoupLocal_2_9_d1         |  out|  2048|   ap_memory|                          JcoupLocal_2_9|         array|
|JcoupLocal_3_9_address1   |  out|     2|   ap_memory|                          JcoupLocal_3_9|         array|
|JcoupLocal_3_9_ce1        |  out|     1|   ap_memory|                          JcoupLocal_3_9|         array|
|JcoupLocal_3_9_we1        |  out|     1|   ap_memory|                          JcoupLocal_3_9|         array|
|JcoupLocal_3_9_d1         |  out|  2048|   ap_memory|                          JcoupLocal_3_9|         array|
|JcoupLocal_2_10_address0  |  out|     2|   ap_memory|                         JcoupLocal_2_10|         array|
|JcoupLocal_2_10_ce0       |  out|     1|   ap_memory|                         JcoupLocal_2_10|         array|
|JcoupLocal_2_10_q0        |   in|  2048|   ap_memory|                         JcoupLocal_2_10|         array|
|JcoupLocal_2_10_address1  |  out|     2|   ap_memory|                         JcoupLocal_2_10|         array|
|JcoupLocal_2_10_ce1       |  out|     1|   ap_memory|                         JcoupLocal_2_10|         array|
|JcoupLocal_2_10_we1       |  out|     1|   ap_memory|                         JcoupLocal_2_10|         array|
|JcoupLocal_2_10_d1        |  out|  2048|   ap_memory|                         JcoupLocal_2_10|         array|
|JcoupLocal_3_10_address1  |  out|     2|   ap_memory|                         JcoupLocal_3_10|         array|
|JcoupLocal_3_10_ce1       |  out|     1|   ap_memory|                         JcoupLocal_3_10|         array|
|JcoupLocal_3_10_we1       |  out|     1|   ap_memory|                         JcoupLocal_3_10|         array|
|JcoupLocal_3_10_d1        |  out|  2048|   ap_memory|                         JcoupLocal_3_10|         array|
|JcoupLocal_2_11_address0  |  out|     2|   ap_memory|                         JcoupLocal_2_11|         array|
|JcoupLocal_2_11_ce0       |  out|     1|   ap_memory|                         JcoupLocal_2_11|         array|
|JcoupLocal_2_11_q0        |   in|  2048|   ap_memory|                         JcoupLocal_2_11|         array|
|JcoupLocal_2_11_address1  |  out|     2|   ap_memory|                         JcoupLocal_2_11|         array|
|JcoupLocal_2_11_ce1       |  out|     1|   ap_memory|                         JcoupLocal_2_11|         array|
|JcoupLocal_2_11_we1       |  out|     1|   ap_memory|                         JcoupLocal_2_11|         array|
|JcoupLocal_2_11_d1        |  out|  2048|   ap_memory|                         JcoupLocal_2_11|         array|
|JcoupLocal_3_11_address1  |  out|     2|   ap_memory|                         JcoupLocal_3_11|         array|
|JcoupLocal_3_11_ce1       |  out|     1|   ap_memory|                         JcoupLocal_3_11|         array|
|JcoupLocal_3_11_we1       |  out|     1|   ap_memory|                         JcoupLocal_3_11|         array|
|JcoupLocal_3_11_d1        |  out|  2048|   ap_memory|                         JcoupLocal_3_11|         array|
|JcoupLocal_2_12_address0  |  out|     2|   ap_memory|                         JcoupLocal_2_12|         array|
|JcoupLocal_2_12_ce0       |  out|     1|   ap_memory|                         JcoupLocal_2_12|         array|
|JcoupLocal_2_12_q0        |   in|  2048|   ap_memory|                         JcoupLocal_2_12|         array|
|JcoupLocal_2_12_address1  |  out|     2|   ap_memory|                         JcoupLocal_2_12|         array|
|JcoupLocal_2_12_ce1       |  out|     1|   ap_memory|                         JcoupLocal_2_12|         array|
|JcoupLocal_2_12_we1       |  out|     1|   ap_memory|                         JcoupLocal_2_12|         array|
|JcoupLocal_2_12_d1        |  out|  2048|   ap_memory|                         JcoupLocal_2_12|         array|
|JcoupLocal_3_12_address1  |  out|     2|   ap_memory|                         JcoupLocal_3_12|         array|
|JcoupLocal_3_12_ce1       |  out|     1|   ap_memory|                         JcoupLocal_3_12|         array|
|JcoupLocal_3_12_we1       |  out|     1|   ap_memory|                         JcoupLocal_3_12|         array|
|JcoupLocal_3_12_d1        |  out|  2048|   ap_memory|                         JcoupLocal_3_12|         array|
|JcoupLocal_2_13_address0  |  out|     2|   ap_memory|                         JcoupLocal_2_13|         array|
|JcoupLocal_2_13_ce0       |  out|     1|   ap_memory|                         JcoupLocal_2_13|         array|
|JcoupLocal_2_13_q0        |   in|  2048|   ap_memory|                         JcoupLocal_2_13|         array|
|JcoupLocal_2_13_address1  |  out|     2|   ap_memory|                         JcoupLocal_2_13|         array|
|JcoupLocal_2_13_ce1       |  out|     1|   ap_memory|                         JcoupLocal_2_13|         array|
|JcoupLocal_2_13_we1       |  out|     1|   ap_memory|                         JcoupLocal_2_13|         array|
|JcoupLocal_2_13_d1        |  out|  2048|   ap_memory|                         JcoupLocal_2_13|         array|
|JcoupLocal_3_13_address1  |  out|     2|   ap_memory|                         JcoupLocal_3_13|         array|
|JcoupLocal_3_13_ce1       |  out|     1|   ap_memory|                         JcoupLocal_3_13|         array|
|JcoupLocal_3_13_we1       |  out|     1|   ap_memory|                         JcoupLocal_3_13|         array|
|JcoupLocal_3_13_d1        |  out|  2048|   ap_memory|                         JcoupLocal_3_13|         array|
|JcoupLocal_2_14_address0  |  out|     2|   ap_memory|                         JcoupLocal_2_14|         array|
|JcoupLocal_2_14_ce0       |  out|     1|   ap_memory|                         JcoupLocal_2_14|         array|
|JcoupLocal_2_14_q0        |   in|  2048|   ap_memory|                         JcoupLocal_2_14|         array|
|JcoupLocal_2_14_address1  |  out|     2|   ap_memory|                         JcoupLocal_2_14|         array|
|JcoupLocal_2_14_ce1       |  out|     1|   ap_memory|                         JcoupLocal_2_14|         array|
|JcoupLocal_2_14_we1       |  out|     1|   ap_memory|                         JcoupLocal_2_14|         array|
|JcoupLocal_2_14_d1        |  out|  2048|   ap_memory|                         JcoupLocal_2_14|         array|
|JcoupLocal_3_14_address1  |  out|     2|   ap_memory|                         JcoupLocal_3_14|         array|
|JcoupLocal_3_14_ce1       |  out|     1|   ap_memory|                         JcoupLocal_3_14|         array|
|JcoupLocal_3_14_we1       |  out|     1|   ap_memory|                         JcoupLocal_3_14|         array|
|JcoupLocal_3_14_d1        |  out|  2048|   ap_memory|                         JcoupLocal_3_14|         array|
|JcoupLocal_2_15_address0  |  out|     2|   ap_memory|                         JcoupLocal_2_15|         array|
|JcoupLocal_2_15_ce0       |  out|     1|   ap_memory|                         JcoupLocal_2_15|         array|
|JcoupLocal_2_15_q0        |   in|  2048|   ap_memory|                         JcoupLocal_2_15|         array|
|JcoupLocal_2_15_address1  |  out|     2|   ap_memory|                         JcoupLocal_2_15|         array|
|JcoupLocal_2_15_ce1       |  out|     1|   ap_memory|                         JcoupLocal_2_15|         array|
|JcoupLocal_2_15_we1       |  out|     1|   ap_memory|                         JcoupLocal_2_15|         array|
|JcoupLocal_2_15_d1        |  out|  2048|   ap_memory|                         JcoupLocal_2_15|         array|
|JcoupLocal_3_15_address1  |  out|     2|   ap_memory|                         JcoupLocal_3_15|         array|
|JcoupLocal_3_15_ce1       |  out|     1|   ap_memory|                         JcoupLocal_3_15|         array|
|JcoupLocal_3_15_we1       |  out|     1|   ap_memory|                         JcoupLocal_3_15|         array|
|JcoupLocal_3_15_d1        |  out|  2048|   ap_memory|                         JcoupLocal_3_15|         array|
|JcoupLocal_1_0_address0   |  out|     2|   ap_memory|                          JcoupLocal_1_0|         array|
|JcoupLocal_1_0_ce0        |  out|     1|   ap_memory|                          JcoupLocal_1_0|         array|
|JcoupLocal_1_0_q0         |   in|  2048|   ap_memory|                          JcoupLocal_1_0|         array|
|JcoupLocal_1_0_address1   |  out|     2|   ap_memory|                          JcoupLocal_1_0|         array|
|JcoupLocal_1_0_ce1        |  out|     1|   ap_memory|                          JcoupLocal_1_0|         array|
|JcoupLocal_1_0_we1        |  out|     1|   ap_memory|                          JcoupLocal_1_0|         array|
|JcoupLocal_1_0_d1         |  out|  2048|   ap_memory|                          JcoupLocal_1_0|         array|
|JcoupLocal_1_1_address0   |  out|     2|   ap_memory|                          JcoupLocal_1_1|         array|
|JcoupLocal_1_1_ce0        |  out|     1|   ap_memory|                          JcoupLocal_1_1|         array|
|JcoupLocal_1_1_q0         |   in|  2048|   ap_memory|                          JcoupLocal_1_1|         array|
|JcoupLocal_1_1_address1   |  out|     2|   ap_memory|                          JcoupLocal_1_1|         array|
|JcoupLocal_1_1_ce1        |  out|     1|   ap_memory|                          JcoupLocal_1_1|         array|
|JcoupLocal_1_1_we1        |  out|     1|   ap_memory|                          JcoupLocal_1_1|         array|
|JcoupLocal_1_1_d1         |  out|  2048|   ap_memory|                          JcoupLocal_1_1|         array|
|JcoupLocal_1_2_address0   |  out|     2|   ap_memory|                          JcoupLocal_1_2|         array|
|JcoupLocal_1_2_ce0        |  out|     1|   ap_memory|                          JcoupLocal_1_2|         array|
|JcoupLocal_1_2_q0         |   in|  2048|   ap_memory|                          JcoupLocal_1_2|         array|
|JcoupLocal_1_2_address1   |  out|     2|   ap_memory|                          JcoupLocal_1_2|         array|
|JcoupLocal_1_2_ce1        |  out|     1|   ap_memory|                          JcoupLocal_1_2|         array|
|JcoupLocal_1_2_we1        |  out|     1|   ap_memory|                          JcoupLocal_1_2|         array|
|JcoupLocal_1_2_d1         |  out|  2048|   ap_memory|                          JcoupLocal_1_2|         array|
|JcoupLocal_1_3_address0   |  out|     2|   ap_memory|                          JcoupLocal_1_3|         array|
|JcoupLocal_1_3_ce0        |  out|     1|   ap_memory|                          JcoupLocal_1_3|         array|
|JcoupLocal_1_3_q0         |   in|  2048|   ap_memory|                          JcoupLocal_1_3|         array|
|JcoupLocal_1_3_address1   |  out|     2|   ap_memory|                          JcoupLocal_1_3|         array|
|JcoupLocal_1_3_ce1        |  out|     1|   ap_memory|                          JcoupLocal_1_3|         array|
|JcoupLocal_1_3_we1        |  out|     1|   ap_memory|                          JcoupLocal_1_3|         array|
|JcoupLocal_1_3_d1         |  out|  2048|   ap_memory|                          JcoupLocal_1_3|         array|
|JcoupLocal_1_4_address0   |  out|     2|   ap_memory|                          JcoupLocal_1_4|         array|
|JcoupLocal_1_4_ce0        |  out|     1|   ap_memory|                          JcoupLocal_1_4|         array|
|JcoupLocal_1_4_q0         |   in|  2048|   ap_memory|                          JcoupLocal_1_4|         array|
|JcoupLocal_1_4_address1   |  out|     2|   ap_memory|                          JcoupLocal_1_4|         array|
|JcoupLocal_1_4_ce1        |  out|     1|   ap_memory|                          JcoupLocal_1_4|         array|
|JcoupLocal_1_4_we1        |  out|     1|   ap_memory|                          JcoupLocal_1_4|         array|
|JcoupLocal_1_4_d1         |  out|  2048|   ap_memory|                          JcoupLocal_1_4|         array|
|JcoupLocal_1_5_address0   |  out|     2|   ap_memory|                          JcoupLocal_1_5|         array|
|JcoupLocal_1_5_ce0        |  out|     1|   ap_memory|                          JcoupLocal_1_5|         array|
|JcoupLocal_1_5_q0         |   in|  2048|   ap_memory|                          JcoupLocal_1_5|         array|
|JcoupLocal_1_5_address1   |  out|     2|   ap_memory|                          JcoupLocal_1_5|         array|
|JcoupLocal_1_5_ce1        |  out|     1|   ap_memory|                          JcoupLocal_1_5|         array|
|JcoupLocal_1_5_we1        |  out|     1|   ap_memory|                          JcoupLocal_1_5|         array|
|JcoupLocal_1_5_d1         |  out|  2048|   ap_memory|                          JcoupLocal_1_5|         array|
|JcoupLocal_1_6_address0   |  out|     2|   ap_memory|                          JcoupLocal_1_6|         array|
|JcoupLocal_1_6_ce0        |  out|     1|   ap_memory|                          JcoupLocal_1_6|         array|
|JcoupLocal_1_6_q0         |   in|  2048|   ap_memory|                          JcoupLocal_1_6|         array|
|JcoupLocal_1_6_address1   |  out|     2|   ap_memory|                          JcoupLocal_1_6|         array|
|JcoupLocal_1_6_ce1        |  out|     1|   ap_memory|                          JcoupLocal_1_6|         array|
|JcoupLocal_1_6_we1        |  out|     1|   ap_memory|                          JcoupLocal_1_6|         array|
|JcoupLocal_1_6_d1         |  out|  2048|   ap_memory|                          JcoupLocal_1_6|         array|
|JcoupLocal_1_7_address0   |  out|     2|   ap_memory|                          JcoupLocal_1_7|         array|
|JcoupLocal_1_7_ce0        |  out|     1|   ap_memory|                          JcoupLocal_1_7|         array|
|JcoupLocal_1_7_q0         |   in|  2048|   ap_memory|                          JcoupLocal_1_7|         array|
|JcoupLocal_1_7_address1   |  out|     2|   ap_memory|                          JcoupLocal_1_7|         array|
|JcoupLocal_1_7_ce1        |  out|     1|   ap_memory|                          JcoupLocal_1_7|         array|
|JcoupLocal_1_7_we1        |  out|     1|   ap_memory|                          JcoupLocal_1_7|         array|
|JcoupLocal_1_7_d1         |  out|  2048|   ap_memory|                          JcoupLocal_1_7|         array|
|JcoupLocal_1_8_address0   |  out|     2|   ap_memory|                          JcoupLocal_1_8|         array|
|JcoupLocal_1_8_ce0        |  out|     1|   ap_memory|                          JcoupLocal_1_8|         array|
|JcoupLocal_1_8_q0         |   in|  2048|   ap_memory|                          JcoupLocal_1_8|         array|
|JcoupLocal_1_8_address1   |  out|     2|   ap_memory|                          JcoupLocal_1_8|         array|
|JcoupLocal_1_8_ce1        |  out|     1|   ap_memory|                          JcoupLocal_1_8|         array|
|JcoupLocal_1_8_we1        |  out|     1|   ap_memory|                          JcoupLocal_1_8|         array|
|JcoupLocal_1_8_d1         |  out|  2048|   ap_memory|                          JcoupLocal_1_8|         array|
|JcoupLocal_1_9_address0   |  out|     2|   ap_memory|                          JcoupLocal_1_9|         array|
|JcoupLocal_1_9_ce0        |  out|     1|   ap_memory|                          JcoupLocal_1_9|         array|
|JcoupLocal_1_9_q0         |   in|  2048|   ap_memory|                          JcoupLocal_1_9|         array|
|JcoupLocal_1_9_address1   |  out|     2|   ap_memory|                          JcoupLocal_1_9|         array|
|JcoupLocal_1_9_ce1        |  out|     1|   ap_memory|                          JcoupLocal_1_9|         array|
|JcoupLocal_1_9_we1        |  out|     1|   ap_memory|                          JcoupLocal_1_9|         array|
|JcoupLocal_1_9_d1         |  out|  2048|   ap_memory|                          JcoupLocal_1_9|         array|
|JcoupLocal_1_10_address0  |  out|     2|   ap_memory|                         JcoupLocal_1_10|         array|
|JcoupLocal_1_10_ce0       |  out|     1|   ap_memory|                         JcoupLocal_1_10|         array|
|JcoupLocal_1_10_q0        |   in|  2048|   ap_memory|                         JcoupLocal_1_10|         array|
|JcoupLocal_1_10_address1  |  out|     2|   ap_memory|                         JcoupLocal_1_10|         array|
|JcoupLocal_1_10_ce1       |  out|     1|   ap_memory|                         JcoupLocal_1_10|         array|
|JcoupLocal_1_10_we1       |  out|     1|   ap_memory|                         JcoupLocal_1_10|         array|
|JcoupLocal_1_10_d1        |  out|  2048|   ap_memory|                         JcoupLocal_1_10|         array|
|JcoupLocal_1_11_address0  |  out|     2|   ap_memory|                         JcoupLocal_1_11|         array|
|JcoupLocal_1_11_ce0       |  out|     1|   ap_memory|                         JcoupLocal_1_11|         array|
|JcoupLocal_1_11_q0        |   in|  2048|   ap_memory|                         JcoupLocal_1_11|         array|
|JcoupLocal_1_11_address1  |  out|     2|   ap_memory|                         JcoupLocal_1_11|         array|
|JcoupLocal_1_11_ce1       |  out|     1|   ap_memory|                         JcoupLocal_1_11|         array|
|JcoupLocal_1_11_we1       |  out|     1|   ap_memory|                         JcoupLocal_1_11|         array|
|JcoupLocal_1_11_d1        |  out|  2048|   ap_memory|                         JcoupLocal_1_11|         array|
|JcoupLocal_1_12_address0  |  out|     2|   ap_memory|                         JcoupLocal_1_12|         array|
|JcoupLocal_1_12_ce0       |  out|     1|   ap_memory|                         JcoupLocal_1_12|         array|
|JcoupLocal_1_12_q0        |   in|  2048|   ap_memory|                         JcoupLocal_1_12|         array|
|JcoupLocal_1_12_address1  |  out|     2|   ap_memory|                         JcoupLocal_1_12|         array|
|JcoupLocal_1_12_ce1       |  out|     1|   ap_memory|                         JcoupLocal_1_12|         array|
|JcoupLocal_1_12_we1       |  out|     1|   ap_memory|                         JcoupLocal_1_12|         array|
|JcoupLocal_1_12_d1        |  out|  2048|   ap_memory|                         JcoupLocal_1_12|         array|
|JcoupLocal_1_13_address0  |  out|     2|   ap_memory|                         JcoupLocal_1_13|         array|
|JcoupLocal_1_13_ce0       |  out|     1|   ap_memory|                         JcoupLocal_1_13|         array|
|JcoupLocal_1_13_q0        |   in|  2048|   ap_memory|                         JcoupLocal_1_13|         array|
|JcoupLocal_1_13_address1  |  out|     2|   ap_memory|                         JcoupLocal_1_13|         array|
|JcoupLocal_1_13_ce1       |  out|     1|   ap_memory|                         JcoupLocal_1_13|         array|
|JcoupLocal_1_13_we1       |  out|     1|   ap_memory|                         JcoupLocal_1_13|         array|
|JcoupLocal_1_13_d1        |  out|  2048|   ap_memory|                         JcoupLocal_1_13|         array|
|JcoupLocal_1_14_address0  |  out|     2|   ap_memory|                         JcoupLocal_1_14|         array|
|JcoupLocal_1_14_ce0       |  out|     1|   ap_memory|                         JcoupLocal_1_14|         array|
|JcoupLocal_1_14_q0        |   in|  2048|   ap_memory|                         JcoupLocal_1_14|         array|
|JcoupLocal_1_14_address1  |  out|     2|   ap_memory|                         JcoupLocal_1_14|         array|
|JcoupLocal_1_14_ce1       |  out|     1|   ap_memory|                         JcoupLocal_1_14|         array|
|JcoupLocal_1_14_we1       |  out|     1|   ap_memory|                         JcoupLocal_1_14|         array|
|JcoupLocal_1_14_d1        |  out|  2048|   ap_memory|                         JcoupLocal_1_14|         array|
|JcoupLocal_1_15_address0  |  out|     2|   ap_memory|                         JcoupLocal_1_15|         array|
|JcoupLocal_1_15_ce0       |  out|     1|   ap_memory|                         JcoupLocal_1_15|         array|
|JcoupLocal_1_15_q0        |   in|  2048|   ap_memory|                         JcoupLocal_1_15|         array|
|JcoupLocal_1_15_address1  |  out|     2|   ap_memory|                         JcoupLocal_1_15|         array|
|JcoupLocal_1_15_ce1       |  out|     1|   ap_memory|                         JcoupLocal_1_15|         array|
|JcoupLocal_1_15_we1       |  out|     1|   ap_memory|                         JcoupLocal_1_15|         array|
|JcoupLocal_1_15_d1        |  out|  2048|   ap_memory|                         JcoupLocal_1_15|         array|
|JcoupLocal_0_0_address0   |  out|     2|   ap_memory|                          JcoupLocal_0_0|         array|
|JcoupLocal_0_0_ce0        |  out|     1|   ap_memory|                          JcoupLocal_0_0|         array|
|JcoupLocal_0_0_q0         |   in|  2048|   ap_memory|                          JcoupLocal_0_0|         array|
|JcoupLocal_0_1_address0   |  out|     2|   ap_memory|                          JcoupLocal_0_1|         array|
|JcoupLocal_0_1_ce0        |  out|     1|   ap_memory|                          JcoupLocal_0_1|         array|
|JcoupLocal_0_1_q0         |   in|  2048|   ap_memory|                          JcoupLocal_0_1|         array|
|JcoupLocal_0_2_address0   |  out|     2|   ap_memory|                          JcoupLocal_0_2|         array|
|JcoupLocal_0_2_ce0        |  out|     1|   ap_memory|                          JcoupLocal_0_2|         array|
|JcoupLocal_0_2_q0         |   in|  2048|   ap_memory|                          JcoupLocal_0_2|         array|
|JcoupLocal_0_3_address0   |  out|     2|   ap_memory|                          JcoupLocal_0_3|         array|
|JcoupLocal_0_3_ce0        |  out|     1|   ap_memory|                          JcoupLocal_0_3|         array|
|JcoupLocal_0_3_q0         |   in|  2048|   ap_memory|                          JcoupLocal_0_3|         array|
|JcoupLocal_0_4_address0   |  out|     2|   ap_memory|                          JcoupLocal_0_4|         array|
|JcoupLocal_0_4_ce0        |  out|     1|   ap_memory|                          JcoupLocal_0_4|         array|
|JcoupLocal_0_4_q0         |   in|  2048|   ap_memory|                          JcoupLocal_0_4|         array|
|JcoupLocal_0_5_address0   |  out|     2|   ap_memory|                          JcoupLocal_0_5|         array|
|JcoupLocal_0_5_ce0        |  out|     1|   ap_memory|                          JcoupLocal_0_5|         array|
|JcoupLocal_0_5_q0         |   in|  2048|   ap_memory|                          JcoupLocal_0_5|         array|
|JcoupLocal_0_6_address0   |  out|     2|   ap_memory|                          JcoupLocal_0_6|         array|
|JcoupLocal_0_6_ce0        |  out|     1|   ap_memory|                          JcoupLocal_0_6|         array|
|JcoupLocal_0_6_q0         |   in|  2048|   ap_memory|                          JcoupLocal_0_6|         array|
|JcoupLocal_0_7_address0   |  out|     2|   ap_memory|                          JcoupLocal_0_7|         array|
|JcoupLocal_0_7_ce0        |  out|     1|   ap_memory|                          JcoupLocal_0_7|         array|
|JcoupLocal_0_7_q0         |   in|  2048|   ap_memory|                          JcoupLocal_0_7|         array|
|JcoupLocal_0_8_address0   |  out|     2|   ap_memory|                          JcoupLocal_0_8|         array|
|JcoupLocal_0_8_ce0        |  out|     1|   ap_memory|                          JcoupLocal_0_8|         array|
|JcoupLocal_0_8_q0         |   in|  2048|   ap_memory|                          JcoupLocal_0_8|         array|
|JcoupLocal_0_9_address0   |  out|     2|   ap_memory|                          JcoupLocal_0_9|         array|
|JcoupLocal_0_9_ce0        |  out|     1|   ap_memory|                          JcoupLocal_0_9|         array|
|JcoupLocal_0_9_q0         |   in|  2048|   ap_memory|                          JcoupLocal_0_9|         array|
|JcoupLocal_0_10_address0  |  out|     2|   ap_memory|                         JcoupLocal_0_10|         array|
|JcoupLocal_0_10_ce0       |  out|     1|   ap_memory|                         JcoupLocal_0_10|         array|
|JcoupLocal_0_10_q0        |   in|  2048|   ap_memory|                         JcoupLocal_0_10|         array|
|JcoupLocal_0_11_address0  |  out|     2|   ap_memory|                         JcoupLocal_0_11|         array|
|JcoupLocal_0_11_ce0       |  out|     1|   ap_memory|                         JcoupLocal_0_11|         array|
|JcoupLocal_0_11_q0        |   in|  2048|   ap_memory|                         JcoupLocal_0_11|         array|
|JcoupLocal_0_12_address0  |  out|     2|   ap_memory|                         JcoupLocal_0_12|         array|
|JcoupLocal_0_12_ce0       |  out|     1|   ap_memory|                         JcoupLocal_0_12|         array|
|JcoupLocal_0_12_q0        |   in|  2048|   ap_memory|                         JcoupLocal_0_12|         array|
|JcoupLocal_0_13_address0  |  out|     2|   ap_memory|                         JcoupLocal_0_13|         array|
|JcoupLocal_0_13_ce0       |  out|     1|   ap_memory|                         JcoupLocal_0_13|         array|
|JcoupLocal_0_13_q0        |   in|  2048|   ap_memory|                         JcoupLocal_0_13|         array|
|JcoupLocal_0_14_address0  |  out|     2|   ap_memory|                         JcoupLocal_0_14|         array|
|JcoupLocal_0_14_ce0       |  out|     1|   ap_memory|                         JcoupLocal_0_14|         array|
|JcoupLocal_0_14_q0        |   in|  2048|   ap_memory|                         JcoupLocal_0_14|         array|
|JcoupLocal_0_15_address0  |  out|     2|   ap_memory|                         JcoupLocal_0_15|         array|
|JcoupLocal_0_15_ce0       |  out|     1|   ap_memory|                         JcoupLocal_0_15|         array|
|JcoupLocal_0_15_q0        |   in|  2048|   ap_memory|                         JcoupLocal_0_15|         array|
+--------------------------+-----+------+------------+----------------------------------------+--------------+

