

================================================================
== Vitis HLS Report for 'TrotterUnitFinal'
================================================================
* Date:           Mon Aug  2 07:11:45 2021

* Version:        2021.1 (Build 3247384 on Thu Jun 10 19:36:33 MDT 2021)
* Project:        SQA-Vitis
* Solution:       solution1 (Vivado IP Flow Target)
* Product family: virtexuplus
* Target device:  xcvu35p-fsvh2892-2-e


================================================================
== Performance Estimates
================================================================
+ Timing: 
    * Summary: 
    +--------+----------+----------+------------+
    |  Clock |  Target  | Estimated| Uncertainty|
    +--------+----------+----------+------------+
    |ap_clk  |  10.00 ns|  6.992 ns|     2.70 ns|
    +--------+----------+----------+------------+

+ Latency: 
    * Summary: 
    +---------+---------+-----------+-----------+-----+-----+---------+
    |  Latency (cycles) |   Latency (absolute)  |  Interval | Pipeline|
    |   min   |   max   |    min    |    max    | min | max |   Type  |
    +---------+---------+-----------+-----------+-----+-----+---------+
    |        1|        8|  10.000 ns|  80.000 ns|    1|    8|       no|
    +---------+---------+-----------+-----------+-----+-----+---------+

    + Detail: 
        * Instance: 
        N/A

        * Loop: 
        N/A



================================================================
== Utilization Estimates
================================================================
* Summary: 
+---------------------+---------+------+---------+--------+-----+
|         Name        | BRAM_18K|  DSP |    FF   |   LUT  | URAM|
+---------------------+---------+------+---------+--------+-----+
|DSP                  |        -|     -|        -|       -|    -|
|Expression           |        -|     -|        0|    1361|    -|
|FIFO                 |        -|     -|        -|       -|    -|
|Instance             |        -|     7|      482|     529|    -|
|Memory               |        -|     -|        -|       -|    -|
|Multiplexer          |        -|     -|        -|      96|    -|
|Register             |        -|     -|      314|       -|    -|
+---------------------+---------+------+---------+--------+-----+
|Total                |        0|     7|      796|    1986|    0|
+---------------------+---------+------+---------+--------+-----+
|Available SLR        |     1344|  2976|   871680|  435840|  320|
+---------------------+---------+------+---------+--------+-----+
|Utilization SLR (%)  |        0|    ~0|       ~0|      ~0|    0|
+---------------------+---------+------+---------+--------+-----+
|Available            |     2688|  5952|  1743360|  871680|  640|
+---------------------+---------+------+---------+--------+-----+
|Utilization (%)      |        0|    ~0|       ~0|      ~0|    0|
+---------------------+---------+------+---------+--------+-----+

+ Detail: 
    * Instance: 
    +-------------------------------------+--------------------------------+---------+----+-----+-----+-----+
    |               Instance              |             Module             | BRAM_18K| DSP|  FF | LUT | URAM|
    +-------------------------------------+--------------------------------+---------+----+-----+-----+-----+
    |fadd_32ns_32ns_32_3_full_dsp_1_U107  |fadd_32ns_32ns_32_3_full_dsp_1  |        0|   2|  177|  226|    0|
    |fcmp_32ns_32ns_1_1_no_dsp_1_U110     |fcmp_32ns_32ns_1_1_no_dsp_1     |        0|   0|    0|    0|    0|
    |fmul_32ns_32ns_32_2_max_dsp_1_U109   |fmul_32ns_32ns_32_2_max_dsp_1   |        0|   3|  128|   77|    0|
    |fsub_32ns_32ns_32_3_full_dsp_1_U108  |fsub_32ns_32ns_32_3_full_dsp_1  |        0|   2|  177|  226|    0|
    +-------------------------------------+--------------------------------+---------+----+-----+-----+-----+
    |Total                                |                                |        0|   7|  482|  529|    0|
    +-------------------------------------+--------------------------------+---------+----+-----+-----+-----+

    * DSP: 
    N/A

    * Memory: 
    N/A

    * FIFO: 
    N/A

    * Expression: 
    +------------------------+----------+----+---+-----+------------+------------+
    |      Variable Name     | Operation| DSP| FF| LUT | Bitwidth P0| Bitwidth P1|
    +------------------------+----------+----+---+-----+------------+------------+
    |add_ln112_fu_270_p2     |         +|   0|  0|   14|           7|           1|
    |sub_ln112_fu_308_p2     |         -|   0|  0|   71|          64|          64|
    |and_ln112_fu_314_p2     |       and|   0|  0|   64|          64|          64|
    |and_ln134_1_fu_458_p2   |       and|   0|  0|    2|           1|           1|
    |and_ln134_fu_452_p2     |       and|   0|  0|    2|           1|           1|
    |and_ln135_fu_483_p2     |       and|   0|  0|   64|          64|          64|
    |inside_fu_220_p2        |       and|   0|  0|    2|           1|           1|
    |icmp_ln107_1_fu_214_p2  |      icmp|   0|  0|   12|          13|          13|
    |icmp_ln107_fu_194_p2    |      icmp|   0|  0|   12|          13|          13|
    |icmp_ln134_1_fu_436_p2  |      icmp|   0|  0|   16|          23|           1|
    |icmp_ln134_2_fu_396_p2  |      icmp|   0|  0|   11|           8|           2|
    |icmp_ln134_3_fu_402_p2  |      icmp|   0|  0|   16|          23|           1|
    |icmp_ln134_fu_430_p2    |      icmp|   0|  0|   11|           8|           2|
    |lshr_ln112_fu_319_p2    |      lshr|   0|  0|  182|          64|          64|
    |or_ln116_fu_235_p2      |        or|   0|  0|    2|           1|           1|
    |or_ln118_fu_241_p2      |        or|   0|  0|    2|           1|           1|
    |or_ln134_1_fu_448_p2    |        or|   0|  0|    2|           1|           1|
    |or_ln134_fu_442_p2      |        or|   0|  0|    2|           1|           1|
    |or_ln135_fu_488_p2      |        or|   0|  0|   64|          64|          64|
    |dHTmp_2_fu_348_p3       |    select|   0|  0|   32|           1|          32|
    |select_ln112_fu_294_p3  |    select|   0|  0|   63|           1|           1|
    |select_ln116_fu_252_p3  |    select|   0|  0|   32|           1|          32|
    |select_ln118_fu_245_p3  |    select|   0|  0|   32|           1|          32|
    |shl_ln112_1_fu_302_p2   |       shl|   0|  0|  182|           1|          64|
    |shl_ln112_fu_280_p2     |       shl|   0|  0|  182|           1|          64|
    |shl_ln135_fu_473_p2     |       shl|   0|  0|  182|          64|          64|
    |xor_ln107_fu_200_p2     |       xor|   0|  0|    2|           1|           2|
    |xor_ln116_1_fu_230_p2   |       xor|   0|  0|    2|           1|           2|
    |xor_ln116_fu_226_p2     |       xor|   0|  0|    2|           1|           1|
    |xor_ln134_fu_360_p2     |       xor|   0|  0|   33|          32|          33|
    |xor_ln135_1_fu_478_p2   |       xor|   0|  0|   64|          64|           2|
    |xor_ln135_fu_464_p2     |       xor|   0|  0|    2|           1|           2|
    +------------------------+----------+----+---+-----+------------+------------+
    |Total                   |          |   0|  0| 1361|         592|         691|
    +------------------------+----------+----+---+-----+------------+------------+

    * Multiplexer: 
    +---------------------+----+-----------+-----+-----------+
    |         Name        | LUT| Input Size| Bits| Total Bits|
    +---------------------+----+-----------+-----+-----------+
    |ap_NS_fsm            |  54|         10|    1|         10|
    |grp_fu_176_p0        |  14|          3|   32|         96|
    |grp_fu_176_p1        |  14|          3|   32|         96|
    |trotters_0_address0  |  14|          3|    6|         18|
    +---------------------+----+-----------+-----+-----------+
    |Total                |  96|         19|   71|        220|
    +---------------------+----+-----------+-----+-----------+

    * Register: 
    +-------------------------+----+----+-----+-----------+
    |           Name          | FF | LUT| Bits| Const Bits|
    +-------------------------+----+----+-----+-----------+
    |and_ln134_1_reg_604      |   1|   0|    1|          0|
    |ap_CS_fsm                |   9|   0|    9|          0|
    |icmp_ln134_2_reg_594     |   1|   0|    1|          0|
    |icmp_ln134_3_reg_599     |   1|   0|    1|          0|
    |inside_reg_538           |   1|   0|    1|          0|
    |logRand_0_load_reg_589   |  32|   0|   32|          0|
    |or_ln135_reg_608         |  64|   0|   64|          0|
    |reg_185                  |  32|   0|   32|          0|
    |select_ln116_reg_542     |  32|   0|   32|          0|
    |sub_ln112_reg_558        |  64|   0|   64|          0|
    |this_spin_reg_569        |   1|   0|    1|          0|
    |trotters_0_addr_reg_553  |   6|   0|    6|          0|
    |trotters_0_load_reg_564  |  64|   0|   64|          0|
    |zext_ln112_1_reg_547     |   6|   0|   64|         58|
    +-------------------------+----+----+-----+-----------+
    |Total                    | 314|   0|  372|         58|
    +-------------------------+----+----+-----+-----------+



================================================================
== Interface
================================================================
* Summary: 
+---------------------+-----+-----+------------+------------------+--------------+
|      RTL Ports      | Dir | Bits|  Protocol  |   Source Object  |    C Type    |
+---------------------+-----+-----+------------+------------------+--------------+
|ap_clk               |   in|    1|  ap_ctrl_hs|  TrotterUnitFinal|  return value|
|ap_rst               |   in|    1|  ap_ctrl_hs|  TrotterUnitFinal|  return value|
|ap_start             |   in|    1|  ap_ctrl_hs|  TrotterUnitFinal|  return value|
|ap_done              |  out|    1|  ap_ctrl_hs|  TrotterUnitFinal|  return value|
|ap_idle              |  out|    1|  ap_ctrl_hs|  TrotterUnitFinal|  return value|
|ap_ready             |  out|    1|  ap_ctrl_hs|  TrotterUnitFinal|  return value|
|t                    |   in|    2|     ap_none|                 t|        scalar|
|stage                |   in|   13|     ap_none|             stage|        scalar|
|iPack                |   in|    6|     ap_none|             iPack|        scalar|
|iSpin                |   in|    6|     ap_none|             iSpin|        scalar|
|trotters_0_address0  |  out|    6|   ap_memory|        trotters_0|         array|
|trotters_0_ce0       |  out|    1|   ap_memory|        trotters_0|         array|
|trotters_0_we0       |  out|    1|   ap_memory|        trotters_0|         array|
|trotters_0_d0        |  out|   64|   ap_memory|        trotters_0|         array|
|trotters_0_q0        |   in|   64|   ap_memory|        trotters_0|         array|
|p_read               |   in|   32|     ap_none|            p_read|        scalar|
|upSpin               |   in|    1|     ap_none|            upSpin|        scalar|
|downSpin             |   in|    1|     ap_none|          downSpin|        scalar|
|Beta                 |   in|   32|     ap_none|              Beta|        scalar|
|dHTunnel             |   in|   32|     ap_none|          dHTunnel|        scalar|
|logRand_0_address0   |  out|   12|   ap_memory|         logRand_0|         array|
|logRand_0_ce0        |  out|    1|   ap_memory|         logRand_0|         array|
|logRand_0_q0         |   in|   32|   ap_memory|         logRand_0|         array|
+---------------------+-----+-----+------------+------------------+--------------+

