

================================================================
== Vitis HLS Report for 'QuantumMonteCarloU50_Pipeline_READ_NEW_JCOUP'
================================================================
* Date:           Wed Aug 25 17:50:38 2021

* Version:        2021.1 (Build 3247384 on Thu Jun 10 19:36:07 MDT 2021)
* Project:        QuantumMonteCarloU50
* Solution:       solution (Vitis Kernel Flow Target)
* Product family: virtexuplus
* Target device:  xcu50-fsvh2104-2-e


================================================================
== Performance Estimates
================================================================
+ Timing: 
    * Summary: 
    +--------+---------+----------+------------+
    |  Clock |  Target | Estimated| Uncertainty|
    +--------+---------+----------+------------+
    |ap_clk  |  3.33 ns|  2.433 ns|     0.90 ns|
    +--------+---------+----------+------------+

+ Latency: 
    * Summary: 
    +---------+---------+----------+----------+-----+-----+---------+
    |  Latency (cycles) |  Latency (absolute) |  Interval | Pipeline|
    |   min   |   max   |    min   |    max   | min | max |   Type  |
    +---------+---------+----------+----------+-----+-----+---------+
    |      259|      259|  0.863 us|  0.863 us|  259|  259|       no|
    +---------+---------+----------+----------+-----+-----+---------+

    + Detail: 
        * Instance: 
        N/A

        * Loop: 
        +------------------+---------+---------+----------+-----------+-----------+------+----------+
        |                  |  Latency (cycles) | Iteration|  Initiation Interval  | Trip |          |
        |     Loop Name    |   min   |   max   |  Latency |  achieved |   target  | Count| Pipelined|
        +------------------+---------+---------+----------+-----------+-----------+------+----------+
        |- READ_NEW_JCOUP  |      257|      257|         3|          1|          1|   256|       yes|
        +------------------+---------+---------+----------+-----------+-----------+------+----------+

============================================================
+ Verbose Summary: Synthesis Manager
============================================================
InlineROM: 1
ExposeGlobal: 0
============================================================
+ Verbose Summary: CDFG Model
============================================================
IsTopModel: 0
ResetActiveHigh: 1
IsCombinational: 0
IsDatapathOnly: 0
HasWiredReturn: 1
HasMFsm: 2
HasVarLatency: 1
IsPipeline: 0
IsRtlPipelined: 0
IsInstanceOverlapped: 0
IsDontTouch: 0
HasImplIP: 0
IsGatedGlobalClock: 0

+ Individual pipeline summary: 
  * Pipeline-0: initiation interval (II) = 1, depth = 3


============================================================
+ Verbose Summary: Schedule
============================================================
* Number of FSM states : 3
* Pipeline : 1
  Pipeline-0 : II = 1, D = 3, States = { 1 2 3 }
* Dataflow Pipeline: 0

* FSM state transitions: 
1 --> 2 
2 --> 3 
3 --> 

* FSM state operations: 

State 1 <SV = 0> <Delay = 1.10>
ST_1 : Operation 6 [1/1] (0.00ns)   --->   "%packOfst = alloca i32 1"   --->   Operation 6 'alloca' 'packOfst' <Predicate = true> <Delay = 0.00>
ST_1 : Operation 7 [1/1] (0.00ns)   --->   "%sext_ln235_read = read i58 @_ssdm_op_Read.ap_auto.i58, i58 %sext_ln235"   --->   Operation 7 'read' 'sext_ln235_read' <Predicate = true> <Delay = 0.00>
ST_1 : Operation 8 [1/1] (0.00ns)   --->   "%sext_ln235_cast = sext i58 %sext_ln235_read"   --->   Operation 8 'sext' 'sext_ln235_cast' <Predicate = true> <Delay = 0.00>
ST_1 : Operation 9 [1/1] (0.00ns)   --->   "%specinterface_ln0 = specinterface void @_ssdm_op_SpecInterface, i512 %gmem, void @empty_1, i32 0, i32 0, void @empty_10, i32 64, i32 0, void @empty_0, void @empty, void @empty_10, i32 16, i32 16, i32 16, i32 16, void @empty_10, void @empty_10"   --->   Operation 9 'specinterface' 'specinterface_ln0' <Predicate = true> <Delay = 0.00>
ST_1 : Operation 10 [1/1] (0.38ns)   --->   "%store_ln0 = store i9 0, i9 %packOfst"   --->   Operation 10 'store' 'store_ln0' <Predicate = true> <Delay = 0.38>
ST_1 : Operation 11 [1/1] (0.00ns)   --->   "%br_ln0 = br void"   --->   Operation 11 'br' 'br_ln0' <Predicate = true> <Delay = 0.00>
ST_1 : Operation 12 [1/1] (0.00ns)   --->   "%packOfst_2 = load i9 %packOfst" [/home/edci/workspace/SQA_kernels/src/qmc.cpp:237]   --->   Operation 12 'load' 'packOfst_2' <Predicate = true> <Delay = 0.00>
ST_1 : Operation 13 [1/1] (0.59ns)   --->   "%icmp_ln235 = icmp_eq  i9 %packOfst_2, i9 256" [/home/edci/workspace/SQA_kernels/src/qmc.cpp:235]   --->   Operation 13 'icmp' 'icmp_ln235' <Predicate = true> <Delay = 0.59> <CoreInst = "Cmp">   --->   Core 9 'Cmp' <Latency = 0> <II = 1> <Delay = 0.59> <FuncUnit> <Opcode : 'icmp'> <InPorts = 2> <OutPorts = 1>
ST_1 : Operation 14 [1/1] (0.71ns)   --->   "%add_ln235 = add i9 %packOfst_2, i9 1" [/home/edci/workspace/SQA_kernels/src/qmc.cpp:235]   --->   Operation 14 'add' 'add_ln235' <Predicate = true> <Delay = 0.71> <CoreInst = "Adder">   --->   Core 1 'Adder' <Latency = 0> <II = 1> <Delay = 0.71> <FuncUnit> <Opcode : 'add' 'sub'> <InPorts = 2> <OutPorts = 1>
ST_1 : Operation 15 [1/1] (0.00ns)   --->   "%br_ln235 = br i1 %icmp_ln235, void %.split8, void %.loopexit.loopexit.exitStub" [/home/edci/workspace/SQA_kernels/src/qmc.cpp:235]   --->   Operation 15 'br' 'br_ln235' <Predicate = true> <Delay = 0.00>
ST_1 : Operation 16 [1/1] (0.00ns)   --->   "%trunc_ln237 = trunc i9 %packOfst_2" [/home/edci/workspace/SQA_kernels/src/qmc.cpp:237]   --->   Operation 16 'trunc' 'trunc_ln237' <Predicate = (!icmp_ln235)> <Delay = 0.00>
ST_1 : Operation 17 [1/1] (0.00ns)   --->   "%lshr_ln237_s = partselect i4 @_ssdm_op_PartSelect.i4.i9.i32.i32, i9 %packOfst_2, i32 4, i32 7" [/home/edci/workspace/SQA_kernels/src/qmc.cpp:237]   --->   Operation 17 'partselect' 'lshr_ln237_s' <Predicate = (!icmp_ln235)> <Delay = 0.00>
ST_1 : Operation 18 [1/1] (0.61ns)   --->   "%switch_ln237 = switch i4 %trunc_ln237, void %branch107, i4 0, void %branch92, i4 1, void %branch93, i4 2, void %branch94, i4 3, void %branch95, i4 4, void %branch96, i4 5, void %branch97, i4 6, void %branch98, i4 7, void %branch99, i4 8, void %branch100, i4 9, void %branch101, i4 10, void %branch102, i4 11, void %branch103, i4 12, void %branch104, i4 13, void %branch105, i4 14, void %branch106" [/home/edci/workspace/SQA_kernels/src/qmc.cpp:237]   --->   Operation 18 'switch' 'switch_ln237' <Predicate = (!icmp_ln235)> <Delay = 0.61>
ST_1 : Operation 19 [1/1] (0.38ns)   --->   "%store_ln235 = store i9 %add_ln235, i9 %packOfst" [/home/edci/workspace/SQA_kernels/src/qmc.cpp:235]   --->   Operation 19 'store' 'store_ln235' <Predicate = (!icmp_ln235)> <Delay = 0.38>
ST_1 : Operation 20 [1/1] (0.00ns)   --->   "%br_ln0 = br void"   --->   Operation 20 'br' 'br_ln0' <Predicate = (!icmp_ln235)> <Delay = 0.00>

State 2 <SV = 1> <Delay = 2.43>
ST_2 : Operation 21 [1/1] (0.00ns)   --->   "%gmem_addr = getelementptr i512 %gmem, i64 %sext_ln235_cast" [/home/edci/workspace/SQA_kernels/src/qmc.cpp:235]   --->   Operation 21 'getelementptr' 'gmem_addr' <Predicate = true> <Delay = 0.00>
ST_2 : Operation 22 [1/1] (0.00ns)   --->   "%empty = speclooptripcount i32 @_ssdm_op_SpecLoopTripCount, i64 256, i64 256, i64 256"   --->   Operation 22 'speclooptripcount' 'empty' <Predicate = true> <Delay = 0.00>
ST_2 : Operation 23 [1/1] (2.43ns)   --->   "%gmem_addr_read = read i512 @_ssdm_op_Read.m_axi.p1i512, i512 %gmem_addr" [/home/edci/workspace/SQA_kernels/src/qmc.cpp:237]   --->   Operation 23 'read' 'gmem_addr_read' <Predicate = (!icmp_ln235)> <Delay = 2.43> <CoreInst = "m_axi">   --->   Core 121 'm_axi' <Latency = 6> <II = 1> <Delay = 1.00> <Adapter> <Opcode : 'read' 'write' 'readreq' 'writereq' 'writeresp'>
ST_2 : Operation 75 [1/1] (0.00ns)   --->   "%ret_ln0 = ret"   --->   Operation 75 'ret' 'ret_ln0' <Predicate = (icmp_ln235)> <Delay = 0.00>

State 3 <SV = 2> <Delay = 0.74>
ST_3 : Operation 24 [1/1] (0.00ns)   --->   "%specpipeline_ln235 = specpipeline void @_ssdm_op_SpecPipeline, i32 4294967295, i32 0, i32 0, i32 0, void @empty_10" [/home/edci/workspace/SQA_kernels/src/qmc.cpp:235]   --->   Operation 24 'specpipeline' 'specpipeline_ln235' <Predicate = true> <Delay = 0.00>
ST_3 : Operation 25 [1/1] (0.00ns)   --->   "%specloopname_ln235 = specloopname void @_ssdm_op_SpecLoopName, void @empty_19" [/home/edci/workspace/SQA_kernels/src/qmc.cpp:235]   --->   Operation 25 'specloopname' 'specloopname_ln235' <Predicate = true> <Delay = 0.00>
ST_3 : Operation 26 [1/1] (0.00ns)   --->   "%zext_ln237 = zext i4 %lshr_ln237_s" [/home/edci/workspace/SQA_kernels/src/qmc.cpp:237]   --->   Operation 26 'zext' 'zext_ln237' <Predicate = true> <Delay = 0.00>
ST_3 : Operation 27 [1/1] (0.00ns)   --->   "%JcoupLocal_0_0_addr = getelementptr i512 %JcoupLocal_0_0, i64 0, i64 %zext_ln237" [/home/edci/workspace/SQA_kernels/src/qmc.cpp:237]   --->   Operation 27 'getelementptr' 'JcoupLocal_0_0_addr' <Predicate = true> <Delay = 0.00>
ST_3 : Operation 28 [1/1] (0.00ns)   --->   "%JcoupLocal_0_1_addr = getelementptr i512 %JcoupLocal_0_1, i64 0, i64 %zext_ln237" [/home/edci/workspace/SQA_kernels/src/qmc.cpp:237]   --->   Operation 28 'getelementptr' 'JcoupLocal_0_1_addr' <Predicate = true> <Delay = 0.00>
ST_3 : Operation 29 [1/1] (0.00ns)   --->   "%JcoupLocal_0_2_addr = getelementptr i512 %JcoupLocal_0_2, i64 0, i64 %zext_ln237" [/home/edci/workspace/SQA_kernels/src/qmc.cpp:237]   --->   Operation 29 'getelementptr' 'JcoupLocal_0_2_addr' <Predicate = true> <Delay = 0.00>
ST_3 : Operation 30 [1/1] (0.00ns)   --->   "%JcoupLocal_0_3_addr = getelementptr i512 %JcoupLocal_0_3, i64 0, i64 %zext_ln237" [/home/edci/workspace/SQA_kernels/src/qmc.cpp:237]   --->   Operation 30 'getelementptr' 'JcoupLocal_0_3_addr' <Predicate = true> <Delay = 0.00>
ST_3 : Operation 31 [1/1] (0.00ns)   --->   "%JcoupLocal_0_4_addr = getelementptr i512 %JcoupLocal_0_4, i64 0, i64 %zext_ln237" [/home/edci/workspace/SQA_kernels/src/qmc.cpp:237]   --->   Operation 31 'getelementptr' 'JcoupLocal_0_4_addr' <Predicate = true> <Delay = 0.00>
ST_3 : Operation 32 [1/1] (0.00ns)   --->   "%JcoupLocal_0_5_addr = getelementptr i512 %JcoupLocal_0_5, i64 0, i64 %zext_ln237" [/home/edci/workspace/SQA_kernels/src/qmc.cpp:237]   --->   Operation 32 'getelementptr' 'JcoupLocal_0_5_addr' <Predicate = true> <Delay = 0.00>
ST_3 : Operation 33 [1/1] (0.00ns)   --->   "%JcoupLocal_0_6_addr = getelementptr i512 %JcoupLocal_0_6, i64 0, i64 %zext_ln237" [/home/edci/workspace/SQA_kernels/src/qmc.cpp:237]   --->   Operation 33 'getelementptr' 'JcoupLocal_0_6_addr' <Predicate = true> <Delay = 0.00>
ST_3 : Operation 34 [1/1] (0.00ns)   --->   "%JcoupLocal_0_7_addr = getelementptr i512 %JcoupLocal_0_7, i64 0, i64 %zext_ln237" [/home/edci/workspace/SQA_kernels/src/qmc.cpp:237]   --->   Operation 34 'getelementptr' 'JcoupLocal_0_7_addr' <Predicate = true> <Delay = 0.00>
ST_3 : Operation 35 [1/1] (0.00ns)   --->   "%JcoupLocal_0_8_addr = getelementptr i512 %JcoupLocal_0_8, i64 0, i64 %zext_ln237" [/home/edci/workspace/SQA_kernels/src/qmc.cpp:237]   --->   Operation 35 'getelementptr' 'JcoupLocal_0_8_addr' <Predicate = true> <Delay = 0.00>
ST_3 : Operation 36 [1/1] (0.00ns)   --->   "%JcoupLocal_0_9_addr = getelementptr i512 %JcoupLocal_0_9, i64 0, i64 %zext_ln237" [/home/edci/workspace/SQA_kernels/src/qmc.cpp:237]   --->   Operation 36 'getelementptr' 'JcoupLocal_0_9_addr' <Predicate = true> <Delay = 0.00>
ST_3 : Operation 37 [1/1] (0.00ns)   --->   "%JcoupLocal_0_10_addr = getelementptr i512 %JcoupLocal_0_10, i64 0, i64 %zext_ln237" [/home/edci/workspace/SQA_kernels/src/qmc.cpp:237]   --->   Operation 37 'getelementptr' 'JcoupLocal_0_10_addr' <Predicate = true> <Delay = 0.00>
ST_3 : Operation 38 [1/1] (0.00ns)   --->   "%JcoupLocal_0_11_addr = getelementptr i512 %JcoupLocal_0_11, i64 0, i64 %zext_ln237" [/home/edci/workspace/SQA_kernels/src/qmc.cpp:237]   --->   Operation 38 'getelementptr' 'JcoupLocal_0_11_addr' <Predicate = true> <Delay = 0.00>
ST_3 : Operation 39 [1/1] (0.00ns)   --->   "%JcoupLocal_0_12_addr = getelementptr i512 %JcoupLocal_0_12, i64 0, i64 %zext_ln237" [/home/edci/workspace/SQA_kernels/src/qmc.cpp:237]   --->   Operation 39 'getelementptr' 'JcoupLocal_0_12_addr' <Predicate = true> <Delay = 0.00>
ST_3 : Operation 40 [1/1] (0.00ns)   --->   "%JcoupLocal_0_13_addr = getelementptr i512 %JcoupLocal_0_13, i64 0, i64 %zext_ln237" [/home/edci/workspace/SQA_kernels/src/qmc.cpp:237]   --->   Operation 40 'getelementptr' 'JcoupLocal_0_13_addr' <Predicate = true> <Delay = 0.00>
ST_3 : Operation 41 [1/1] (0.00ns)   --->   "%JcoupLocal_0_14_addr = getelementptr i512 %JcoupLocal_0_14, i64 0, i64 %zext_ln237" [/home/edci/workspace/SQA_kernels/src/qmc.cpp:237]   --->   Operation 41 'getelementptr' 'JcoupLocal_0_14_addr' <Predicate = true> <Delay = 0.00>
ST_3 : Operation 42 [1/1] (0.00ns)   --->   "%JcoupLocal_0_15_addr = getelementptr i512 %JcoupLocal_0_15, i64 0, i64 %zext_ln237" [/home/edci/workspace/SQA_kernels/src/qmc.cpp:237]   --->   Operation 42 'getelementptr' 'JcoupLocal_0_15_addr' <Predicate = true> <Delay = 0.00>
ST_3 : Operation 43 [1/1] (0.74ns)   --->   "%store_ln237 = store i512 %gmem_addr_read, i4 %JcoupLocal_0_14_addr" [/home/edci/workspace/SQA_kernels/src/qmc.cpp:237]   --->   Operation 43 'store' 'store_ln237' <Predicate = (trunc_ln237 == 14)> <Delay = 0.74> <CoreInst = "RAM">   --->   Core 83 'RAM' <Latency = 1> <II = 1> <Delay = 0.74> <Storage> <Opcode : 'load' 'store'> <Ports = 2> <Width = 512> <Depth = 16> <RAM>
ST_3 : Operation 44 [1/1] (0.00ns)   --->   "%br_ln237 = br void %.split8439" [/home/edci/workspace/SQA_kernels/src/qmc.cpp:237]   --->   Operation 44 'br' 'br_ln237' <Predicate = (trunc_ln237 == 14)> <Delay = 0.00>
ST_3 : Operation 45 [1/1] (0.74ns)   --->   "%store_ln237 = store i512 %gmem_addr_read, i4 %JcoupLocal_0_13_addr" [/home/edci/workspace/SQA_kernels/src/qmc.cpp:237]   --->   Operation 45 'store' 'store_ln237' <Predicate = (trunc_ln237 == 13)> <Delay = 0.74> <CoreInst = "RAM">   --->   Core 83 'RAM' <Latency = 1> <II = 1> <Delay = 0.74> <Storage> <Opcode : 'load' 'store'> <Ports = 2> <Width = 512> <Depth = 16> <RAM>
ST_3 : Operation 46 [1/1] (0.00ns)   --->   "%br_ln237 = br void %.split8439" [/home/edci/workspace/SQA_kernels/src/qmc.cpp:237]   --->   Operation 46 'br' 'br_ln237' <Predicate = (trunc_ln237 == 13)> <Delay = 0.00>
ST_3 : Operation 47 [1/1] (0.74ns)   --->   "%store_ln237 = store i512 %gmem_addr_read, i4 %JcoupLocal_0_12_addr" [/home/edci/workspace/SQA_kernels/src/qmc.cpp:237]   --->   Operation 47 'store' 'store_ln237' <Predicate = (trunc_ln237 == 12)> <Delay = 0.74> <CoreInst = "RAM">   --->   Core 83 'RAM' <Latency = 1> <II = 1> <Delay = 0.74> <Storage> <Opcode : 'load' 'store'> <Ports = 2> <Width = 512> <Depth = 16> <RAM>
ST_3 : Operation 48 [1/1] (0.00ns)   --->   "%br_ln237 = br void %.split8439" [/home/edci/workspace/SQA_kernels/src/qmc.cpp:237]   --->   Operation 48 'br' 'br_ln237' <Predicate = (trunc_ln237 == 12)> <Delay = 0.00>
ST_3 : Operation 49 [1/1] (0.74ns)   --->   "%store_ln237 = store i512 %gmem_addr_read, i4 %JcoupLocal_0_11_addr" [/home/edci/workspace/SQA_kernels/src/qmc.cpp:237]   --->   Operation 49 'store' 'store_ln237' <Predicate = (trunc_ln237 == 11)> <Delay = 0.74> <CoreInst = "RAM">   --->   Core 83 'RAM' <Latency = 1> <II = 1> <Delay = 0.74> <Storage> <Opcode : 'load' 'store'> <Ports = 2> <Width = 512> <Depth = 16> <RAM>
ST_3 : Operation 50 [1/1] (0.00ns)   --->   "%br_ln237 = br void %.split8439" [/home/edci/workspace/SQA_kernels/src/qmc.cpp:237]   --->   Operation 50 'br' 'br_ln237' <Predicate = (trunc_ln237 == 11)> <Delay = 0.00>
ST_3 : Operation 51 [1/1] (0.74ns)   --->   "%store_ln237 = store i512 %gmem_addr_read, i4 %JcoupLocal_0_10_addr" [/home/edci/workspace/SQA_kernels/src/qmc.cpp:237]   --->   Operation 51 'store' 'store_ln237' <Predicate = (trunc_ln237 == 10)> <Delay = 0.74> <CoreInst = "RAM">   --->   Core 83 'RAM' <Latency = 1> <II = 1> <Delay = 0.74> <Storage> <Opcode : 'load' 'store'> <Ports = 2> <Width = 512> <Depth = 16> <RAM>
ST_3 : Operation 52 [1/1] (0.00ns)   --->   "%br_ln237 = br void %.split8439" [/home/edci/workspace/SQA_kernels/src/qmc.cpp:237]   --->   Operation 52 'br' 'br_ln237' <Predicate = (trunc_ln237 == 10)> <Delay = 0.00>
ST_3 : Operation 53 [1/1] (0.74ns)   --->   "%store_ln237 = store i512 %gmem_addr_read, i4 %JcoupLocal_0_9_addr" [/home/edci/workspace/SQA_kernels/src/qmc.cpp:237]   --->   Operation 53 'store' 'store_ln237' <Predicate = (trunc_ln237 == 9)> <Delay = 0.74> <CoreInst = "RAM">   --->   Core 83 'RAM' <Latency = 1> <II = 1> <Delay = 0.74> <Storage> <Opcode : 'load' 'store'> <Ports = 2> <Width = 512> <Depth = 16> <RAM>
ST_3 : Operation 54 [1/1] (0.00ns)   --->   "%br_ln237 = br void %.split8439" [/home/edci/workspace/SQA_kernels/src/qmc.cpp:237]   --->   Operation 54 'br' 'br_ln237' <Predicate = (trunc_ln237 == 9)> <Delay = 0.00>
ST_3 : Operation 55 [1/1] (0.74ns)   --->   "%store_ln237 = store i512 %gmem_addr_read, i4 %JcoupLocal_0_8_addr" [/home/edci/workspace/SQA_kernels/src/qmc.cpp:237]   --->   Operation 55 'store' 'store_ln237' <Predicate = (trunc_ln237 == 8)> <Delay = 0.74> <CoreInst = "RAM">   --->   Core 83 'RAM' <Latency = 1> <II = 1> <Delay = 0.74> <Storage> <Opcode : 'load' 'store'> <Ports = 2> <Width = 512> <Depth = 16> <RAM>
ST_3 : Operation 56 [1/1] (0.00ns)   --->   "%br_ln237 = br void %.split8439" [/home/edci/workspace/SQA_kernels/src/qmc.cpp:237]   --->   Operation 56 'br' 'br_ln237' <Predicate = (trunc_ln237 == 8)> <Delay = 0.00>
ST_3 : Operation 57 [1/1] (0.74ns)   --->   "%store_ln237 = store i512 %gmem_addr_read, i4 %JcoupLocal_0_7_addr" [/home/edci/workspace/SQA_kernels/src/qmc.cpp:237]   --->   Operation 57 'store' 'store_ln237' <Predicate = (trunc_ln237 == 7)> <Delay = 0.74> <CoreInst = "RAM">   --->   Core 83 'RAM' <Latency = 1> <II = 1> <Delay = 0.74> <Storage> <Opcode : 'load' 'store'> <Ports = 2> <Width = 512> <Depth = 16> <RAM>
ST_3 : Operation 58 [1/1] (0.00ns)   --->   "%br_ln237 = br void %.split8439" [/home/edci/workspace/SQA_kernels/src/qmc.cpp:237]   --->   Operation 58 'br' 'br_ln237' <Predicate = (trunc_ln237 == 7)> <Delay = 0.00>
ST_3 : Operation 59 [1/1] (0.74ns)   --->   "%store_ln237 = store i512 %gmem_addr_read, i4 %JcoupLocal_0_6_addr" [/home/edci/workspace/SQA_kernels/src/qmc.cpp:237]   --->   Operation 59 'store' 'store_ln237' <Predicate = (trunc_ln237 == 6)> <Delay = 0.74> <CoreInst = "RAM">   --->   Core 83 'RAM' <Latency = 1> <II = 1> <Delay = 0.74> <Storage> <Opcode : 'load' 'store'> <Ports = 2> <Width = 512> <Depth = 16> <RAM>
ST_3 : Operation 60 [1/1] (0.00ns)   --->   "%br_ln237 = br void %.split8439" [/home/edci/workspace/SQA_kernels/src/qmc.cpp:237]   --->   Operation 60 'br' 'br_ln237' <Predicate = (trunc_ln237 == 6)> <Delay = 0.00>
ST_3 : Operation 61 [1/1] (0.74ns)   --->   "%store_ln237 = store i512 %gmem_addr_read, i4 %JcoupLocal_0_5_addr" [/home/edci/workspace/SQA_kernels/src/qmc.cpp:237]   --->   Operation 61 'store' 'store_ln237' <Predicate = (trunc_ln237 == 5)> <Delay = 0.74> <CoreInst = "RAM">   --->   Core 83 'RAM' <Latency = 1> <II = 1> <Delay = 0.74> <Storage> <Opcode : 'load' 'store'> <Ports = 2> <Width = 512> <Depth = 16> <RAM>
ST_3 : Operation 62 [1/1] (0.00ns)   --->   "%br_ln237 = br void %.split8439" [/home/edci/workspace/SQA_kernels/src/qmc.cpp:237]   --->   Operation 62 'br' 'br_ln237' <Predicate = (trunc_ln237 == 5)> <Delay = 0.00>
ST_3 : Operation 63 [1/1] (0.74ns)   --->   "%store_ln237 = store i512 %gmem_addr_read, i4 %JcoupLocal_0_4_addr" [/home/edci/workspace/SQA_kernels/src/qmc.cpp:237]   --->   Operation 63 'store' 'store_ln237' <Predicate = (trunc_ln237 == 4)> <Delay = 0.74> <CoreInst = "RAM">   --->   Core 83 'RAM' <Latency = 1> <II = 1> <Delay = 0.74> <Storage> <Opcode : 'load' 'store'> <Ports = 2> <Width = 512> <Depth = 16> <RAM>
ST_3 : Operation 64 [1/1] (0.00ns)   --->   "%br_ln237 = br void %.split8439" [/home/edci/workspace/SQA_kernels/src/qmc.cpp:237]   --->   Operation 64 'br' 'br_ln237' <Predicate = (trunc_ln237 == 4)> <Delay = 0.00>
ST_3 : Operation 65 [1/1] (0.74ns)   --->   "%store_ln237 = store i512 %gmem_addr_read, i4 %JcoupLocal_0_3_addr" [/home/edci/workspace/SQA_kernels/src/qmc.cpp:237]   --->   Operation 65 'store' 'store_ln237' <Predicate = (trunc_ln237 == 3)> <Delay = 0.74> <CoreInst = "RAM">   --->   Core 83 'RAM' <Latency = 1> <II = 1> <Delay = 0.74> <Storage> <Opcode : 'load' 'store'> <Ports = 2> <Width = 512> <Depth = 16> <RAM>
ST_3 : Operation 66 [1/1] (0.00ns)   --->   "%br_ln237 = br void %.split8439" [/home/edci/workspace/SQA_kernels/src/qmc.cpp:237]   --->   Operation 66 'br' 'br_ln237' <Predicate = (trunc_ln237 == 3)> <Delay = 0.00>
ST_3 : Operation 67 [1/1] (0.74ns)   --->   "%store_ln237 = store i512 %gmem_addr_read, i4 %JcoupLocal_0_2_addr" [/home/edci/workspace/SQA_kernels/src/qmc.cpp:237]   --->   Operation 67 'store' 'store_ln237' <Predicate = (trunc_ln237 == 2)> <Delay = 0.74> <CoreInst = "RAM">   --->   Core 83 'RAM' <Latency = 1> <II = 1> <Delay = 0.74> <Storage> <Opcode : 'load' 'store'> <Ports = 2> <Width = 512> <Depth = 16> <RAM>
ST_3 : Operation 68 [1/1] (0.00ns)   --->   "%br_ln237 = br void %.split8439" [/home/edci/workspace/SQA_kernels/src/qmc.cpp:237]   --->   Operation 68 'br' 'br_ln237' <Predicate = (trunc_ln237 == 2)> <Delay = 0.00>
ST_3 : Operation 69 [1/1] (0.74ns)   --->   "%store_ln237 = store i512 %gmem_addr_read, i4 %JcoupLocal_0_1_addr" [/home/edci/workspace/SQA_kernels/src/qmc.cpp:237]   --->   Operation 69 'store' 'store_ln237' <Predicate = (trunc_ln237 == 1)> <Delay = 0.74> <CoreInst = "RAM">   --->   Core 83 'RAM' <Latency = 1> <II = 1> <Delay = 0.74> <Storage> <Opcode : 'load' 'store'> <Ports = 2> <Width = 512> <Depth = 16> <RAM>
ST_3 : Operation 70 [1/1] (0.00ns)   --->   "%br_ln237 = br void %.split8439" [/home/edci/workspace/SQA_kernels/src/qmc.cpp:237]   --->   Operation 70 'br' 'br_ln237' <Predicate = (trunc_ln237 == 1)> <Delay = 0.00>
ST_3 : Operation 71 [1/1] (0.74ns)   --->   "%store_ln237 = store i512 %gmem_addr_read, i4 %JcoupLocal_0_0_addr" [/home/edci/workspace/SQA_kernels/src/qmc.cpp:237]   --->   Operation 71 'store' 'store_ln237' <Predicate = (trunc_ln237 == 0)> <Delay = 0.74> <CoreInst = "RAM">   --->   Core 83 'RAM' <Latency = 1> <II = 1> <Delay = 0.74> <Storage> <Opcode : 'load' 'store'> <Ports = 2> <Width = 512> <Depth = 16> <RAM>
ST_3 : Operation 72 [1/1] (0.00ns)   --->   "%br_ln237 = br void %.split8439" [/home/edci/workspace/SQA_kernels/src/qmc.cpp:237]   --->   Operation 72 'br' 'br_ln237' <Predicate = (trunc_ln237 == 0)> <Delay = 0.00>
ST_3 : Operation 73 [1/1] (0.74ns)   --->   "%store_ln237 = store i512 %gmem_addr_read, i4 %JcoupLocal_0_15_addr" [/home/edci/workspace/SQA_kernels/src/qmc.cpp:237]   --->   Operation 73 'store' 'store_ln237' <Predicate = (trunc_ln237 == 15)> <Delay = 0.74> <CoreInst = "RAM">   --->   Core 83 'RAM' <Latency = 1> <II = 1> <Delay = 0.74> <Storage> <Opcode : 'load' 'store'> <Ports = 2> <Width = 512> <Depth = 16> <RAM>
ST_3 : Operation 74 [1/1] (0.00ns)   --->   "%br_ln237 = br void %.split8439" [/home/edci/workspace/SQA_kernels/src/qmc.cpp:237]   --->   Operation 74 'br' 'br_ln237' <Predicate = (trunc_ln237 == 15)> <Delay = 0.00>


============================================================
+ Verbose Summary: Timing violations
============================================================
Target clock period: 3.33ns, clock uncertainty: 0.9ns.

 <State 1>: 1.1ns
The critical path consists of the following:
	'alloca' operation ('packOfst') [19]  (0 ns)
	'load' operation ('packOfst', /home/edci/workspace/SQA_kernels/src/qmc.cpp:237) on local variable 'packOfst' [26]  (0 ns)
	'add' operation ('add_ln235', /home/edci/workspace/SQA_kernels/src/qmc.cpp:235) [30]  (0.715 ns)
	'store' operation ('store_ln235', /home/edci/workspace/SQA_kernels/src/qmc.cpp:235) of variable 'add_ln235', /home/edci/workspace/SQA_kernels/src/qmc.cpp:235 on local variable 'packOfst' [105]  (0.387 ns)

 <State 2>: 2.43ns
The critical path consists of the following:
	'getelementptr' operation ('gmem_addr', /home/edci/workspace/SQA_kernels/src/qmc.cpp:235) [27]  (0 ns)
	bus read operation ('gmem_addr_read', /home/edci/workspace/SQA_kernels/src/qmc.cpp:237) on port 'gmem' (/home/edci/workspace/SQA_kernels/src/qmc.cpp:237) [35]  (2.43 ns)

 <State 3>: 0.746ns
The critical path consists of the following:
	'getelementptr' operation ('JcoupLocal_0_8_addr', /home/edci/workspace/SQA_kernels/src/qmc.cpp:237) [47]  (0 ns)
	'store' operation ('store_ln237', /home/edci/workspace/SQA_kernels/src/qmc.cpp:237) of variable 'gmem_addr_read', /home/edci/workspace/SQA_kernels/src/qmc.cpp:237 on array 'JcoupLocal_0_8' [75]  (0.746 ns)


============================================================
+ Verbose Summary: Binding
============================================================
N/A
* FSMD analyzer results:
  - Output states:
 - Input state : 
  - Chain level:
	State 1
	State 2
	State 3


============================================================
+ Verbose Summary: Datapath Resource usage 
============================================================
N/A
