

================================================================
== Vitis HLS Report for 'QuantumMonteCarloU50_Pipeline_READ_NEW_JCOUP'
================================================================
* Date:           Wed Aug 25 17:50:38 2021

* Version:        2021.1 (Build 3247384 on Thu Jun 10 19:36:07 MDT 2021)
* Project:        QuantumMonteCarloU50
* Solution:       solution (Vitis Kernel Flow Target)
* Product family: virtexuplus
* Target device:  xcu50-fsvh2104-2-e


================================================================
== Performance Estimates
================================================================
+ Timing: 
    * Summary: 
    +--------+---------+----------+------------+
    |  Clock |  Target | Estimated| Uncertainty|
    +--------+---------+----------+------------+
    |ap_clk  |  3.33 ns|  2.433 ns|     0.90 ns|
    +--------+---------+----------+------------+

+ Latency: 
    * Summary: 
    +---------+---------+----------+----------+-----+-----+---------+
    |  Latency (cycles) |  Latency (absolute) |  Interval | Pipeline|
    |   min   |   max   |    min   |    max   | min | max |   Type  |
    +---------+---------+----------+----------+-----+-----+---------+
    |      259|      259|  0.863 us|  0.863 us|  259|  259|       no|
    +---------+---------+----------+----------+-----+-----+---------+

    + Detail: 
        * Instance: 
        N/A

        * Loop: 
        +------------------+---------+---------+----------+-----------+-----------+------+----------+
        |                  |  Latency (cycles) | Iteration|  Initiation Interval  | Trip |          |
        |     Loop Name    |   min   |   max   |  Latency |  achieved |   target  | Count| Pipelined|
        +------------------+---------+---------+----------+-----------+-----------+------+----------+
        |- READ_NEW_JCOUP  |      257|      257|         3|          1|          1|   256|       yes|
        +------------------+---------+---------+----------+-----------+-----------+------+----------+

============================================================
+ Verbose Summary: Synthesis Manager
============================================================
InlineROM: 1
ExposeGlobal: 0
============================================================
+ Verbose Summary: CDFG Model
============================================================
IsTopModel: 0
ResetActiveHigh: 1
IsCombinational: 0
IsDatapathOnly: 0
HasWiredReturn: 1
HasMFsm: 2
HasVarLatency: 1
IsPipeline: 0
IsRtlPipelined: 0
IsInstanceOverlapped: 0
IsDontTouch: 0
HasImplIP: 0
IsGatedGlobalClock: 0

+ Individual pipeline summary: 
  * Pipeline-0: initiation interval (II) = 1, depth = 3


============================================================
+ Verbose Summary: Schedule
============================================================
* Number of FSM states : 3
* Pipeline : 1
  Pipeline-0 : II = 1, D = 3, States = { 1 2 3 }
* Dataflow Pipeline: 0

* FSM state transitions: 
1 --> 2 
2 --> 3 
3 --> 

* FSM state operations: 

State 1 <SV = 0> <Delay = 1.10>
ST_1 : Operation 6 [1/1] (0.00ns)   --->   "%packOfst = alloca i32 1"   --->   Operation 6 'alloca' 'packOfst' <Predicate = true> <Delay = 0.00>
ST_1 : Operation 7 [1/1] (0.00ns)   --->   "%sext_ln235_read = read i58 @_ssdm_op_Read.ap_auto.i58, i58 %sext_ln235"   --->   Operation 7 'read' 'sext_ln235_read' <Predicate = true> <Delay = 0.00>
ST_1 : Operation 8 [1/1] (0.00ns)   --->   "%sext_ln235_cast = sext i58 %sext_ln235_read"   --->   Operation 8 'sext' 'sext_ln235_cast' <Predicate = true> <Delay = 0.00>
ST_1 : Operation 9 [1/1] (0.00ns)   --->   "%specinterface_ln0 = specinterface void @_ssdm_op_SpecInterface, i512 %gmem, void @empty_1, i32 0, i32 0, void @empty_10, i32 64, i32 0, void @empty_0, void @empty, void @empty_10, i32 16, i32 16, i32 16, i32 16, void @empty_10, void @empty_10"   --->   Operation 9 'specinterface' 'specinterface_ln0' <Predicate = true> <Delay = 0.00>
ST_1 : Operation 10 [1/1] (0.38ns)   --->   "%store_ln0 = store i9 0, i9 %packOfst"   --->   Operation 10 'store' 'store_ln0' <Predicate = true> <Delay = 0.38>
ST_1 : Operation 11 [1/1] (0.00ns)   --->   "%br_ln0 = br void"   --->   Operation 11 'br' 'br_ln0' <Predicate = true> <Delay = 0.00>
ST_1 : Operation 12 [1/1] (0.00ns)   --->   "%packOfst_2 = load i9 %packOfst" [/home/edci/workspace/SQA_kernels/src/qmc.cpp:237]   --->   Operation 12 'load' 'packOfst_2' <Predicate = true> <Delay = 0.00>
ST_1 : Operation 13 [1/1] (0.59ns)   --->   "%icmp_ln235 = icmp_eq  i9 %packOfst_2, i9 256" [/home/edci/workspace/SQA_kernels/src/qmc.cpp:235]   --->   Operation 13 'icmp' 'icmp_ln235' <Predicate = true> <Delay = 0.59> <CoreInst = "Cmp">   --->   Core 9 'Cmp' <Latency = 0> <II = 1> <Delay = 0.59> <FuncUnit> <Opcode : 'icmp'> <InPorts = 2> <OutPorts = 1>
ST_1 : Operation 14 [1/1] (0.71ns)   --->   "%add_ln235 = add i9 %packOfst_2, i9 1" [/home/edci/workspace/SQA_kernels/src/qmc.cpp:235]   --->   Operation 14 'add' 'add_ln235' <Predicate = true> <Delay = 0.71> <CoreInst = "Adder">   --->   Core 1 'Adder' <Latency = 0> <II = 1> <Delay = 0.71> <FuncUnit> <Opcode : 'add' 'sub'> <InPorts = 2> <OutPorts = 1>
ST_1 : Operation 15 [1/1] (0.00ns)   --->   "%br_ln235 = br i1 %icmp_ln235, void %.split8, void %.loopexit.loopexit.exitStub" [/home/edci/workspace/SQA_kernels/src/qmc.cpp:235]   --->   Operation 15 'br' 'br_ln235' <Predicate = true> <Delay = 0.00>
ST_1 : Operation 16 [1/1] (0.00ns)   --->   "%trunc_ln237 = trunc i9 %packOfst_2" [/home/edci/workspace/SQA_kernels/src/qmc.cpp:237]   --->   Operation 16 'trunc' 'trunc_ln237' <Predicate = (!icmp_ln235)> <Delay = 0.00>
ST_1 : Operation 17 [1/1] (0.00ns)   --->   "%lshr_ln237_s = partselect i4 @_ssdm_op_PartSelect.i4.i9.i32.i32, i9 %packOfst_2, i32 4, i32 7" [/home/edci/workspace/SQA_kernels/src/qmc.cpp:237]   --->   Operation 17 'partselect' 'lshr_ln237_s' <Predicate = (!icmp_ln235)> <Delay = 0.00>
ST_1 : Operation 18 [1/1] (0.61ns)   --->   "%switch_ln237 = switch i4 %trunc_ln237, void %branch107, i4 0, void %branch92, i4 1, void %branch93, i4 2, void %branch94, i4 3, void %branch95, i4 4, void %branch96, i4 5, void %branch97, i4 6, void %branch98, i4 7, void %branch99, i4 8, void %branch100, i4 9, void %branch101, i4 10, void %branch102, i4 11, void %branch103, i4 12, void %branch104, i4 13, void %branch105, i4 14, void %branch106" [/home/edci/workspace/SQA_kernels/src/qmc.cpp:237]   --->   Operation 18 'switch' 'switch_ln237' <Predicate = (!icmp_ln235)> <Delay = 0.61>
ST_1 : Operation 19 [1/1] (0.38ns)   --->   "%store_ln235 = store i9 %add_ln235, i9 %packOfst" [/home/edci/workspace/SQA_kernels/src/qmc.cpp:235]   --->   Operation 19 'store' 'store_ln235' <Predicate = (!icmp_ln235)> <Delay = 0.38>
ST_1 : Operation 20 [1/1] (0.00ns)   --->   "%br_ln0 = br void"   --->   Operation 20 'br' 'br_ln0' <Predicate = (!icmp_ln235)> <Delay = 0.00>

State 2 <SV = 1> <Delay = 2.43>
ST_2 : Operation 21 [1/1] (0.00ns)   --->   "%gmem_addr = getelementptr i512 %gmem, i64 %sext_ln235_cast" [/home/edci/workspace/SQA_kernels/src/qmc.cpp:235]   --->   Operation 21 'getelementptr' 'gmem_addr' <Predicate = true> <Delay = 0.00>
ST_2 : Operation 22 [1/1] (0.00ns)   --->   "%empty = speclooptripcount i32 @_ssdm_op_SpecLoopTripCount, i64 256, i64 256, i64 256"   --->   Operation 22 'speclooptripcount' 'empty' <Predicate = true> <Delay = 0.00>
ST_2 : Operation 23 [1/1] (2.43ns)   --->   "%gmem_addr_read = read i512 @_ssdm_op_Read.m_axi.p1i512, i512 %gmem_addr" [/home/edci/workspace/SQA_kernels/src/qmc.cpp:237]   --->   Operation 23 'read' 'gmem_addr_read' <Predicate = (!icmp_ln235)> <Delay = 2.43> <CoreInst = "m_axi">   --->   Core 121 'm_axi' <Latency = 6> <II = 1> <Delay = 1.00> <Adapter> <Opcode : 'read' 'write' 'readreq' 'writereq' 'writeresp'>
ST_2 : Operation 75 [1/1] (0.00ns)   --->   "%ret_ln0 = ret"   --->   Operation 75 'ret' 'ret_ln0' <Predicate = (icmp_ln235)> <Delay = 0.00>

State 3 <SV = 2> <Delay = 0.74>
ST_3 : Operation 24 [1/1] (0.00ns)   --->   "%specpipeline_ln235 = specpipeline void @_ssdm_op_SpecPipeline, i32 4294967295, i32 0, i32 0, i32 0, void @empty_10" [/home/edci/workspace/SQA_kernels/src/qmc.cpp:235]   --->   Operation 24 'specpipeline' 'specpipeline_ln235' <Predicate = true> <Delay = 0.00>
ST_3 : Operation 25 [1/1] (0.00ns)   --->   "%specloopname_ln235 = specloopname void @_ssdm_op_SpecLoopName, void @empty_19" [/home/edci/workspace/SQA_kernels/src/qmc.cpp:235]   --->   Operation 25 'specloopname' 'specloopname_ln235' <Predicate = true> <Delay = 0.00>
ST_3 : Operation 26 [1/1] (0.00ns)   --->   "%zext_ln237 = zext i4 %lshr_ln237_s" [/home/edci/workspace/SQA_kernels/src/qmc.cpp:237]   --->   Operation 26 'zext' 'zext_ln237' <Predicate = true> <Delay = 0.00>
ST_3 : Operation 27 [1/1] (0.00ns)   --->   "%JcoupLocal_0_0_addr = getelementptr i512 %JcoupLocal_0_0, i64 0, i64 %zext_ln237" [/home/edci/workspace/SQA_kernels/src/qmc.cpp:237]   --->   Operation 27 'getelementptr' 'JcoupLocal_0_0_addr' <Predicate = true> <Delay = 0.00>
ST_3 : Operation 28 [1/1] (0.00ns)   --->   "%JcoupLocal_0_1_addr = getelementptr i512 %JcoupLocal_0_1, i64 0, i64 %zext_ln237" [/home/edci/workspace/SQA_kernels/src/qmc.cpp:237]   --->   Operation 28 'getelementptr' 'JcoupLocal_0_1_addr' <Predicate = true> <Delay = 0.00>
ST_3 : Operation 29 [1/1] (0.00ns)   --->   "%JcoupLocal_0_2_addr = getelementptr i512 %JcoupLocal_0_2, i64 0, i64 %zext_ln237" [/home/edci/workspace/SQA_kernels/src/qmc.cpp:237]   --->   Operation 29 'getelementptr' 'JcoupLocal_0_2_addr' <Predicate = true> <Delay = 0.00>
ST_3 : Operation 30 [1/1] (0.00ns)   --->   "%JcoupLocal_0_3_addr = getelementptr i512 %JcoupLocal_0_3, i64 0, i64 %zext_ln237" [/home/edci/workspace/SQA_kernels/src/qmc.cpp:237]   --->   Operation 30 'getelementptr' 'JcoupLocal_0_3_addr' <Predicate = true> <Delay = 0.00>
ST_3 : Operation 31 [1/1] (0.00ns)   --->   "%JcoupLocal_0_4_addr = getelementptr i512 %JcoupLocal_0_4, i64 0, i64 %zext_ln237" [/home/edci/workspace/SQA_kernels/src/qmc.cpp:237]   --->   Operation 31 'getelementptr' 'JcoupLocal_0_4_addr' <Predicate = true> <Delay = 0.00>
ST_3 : Operation 32 [1/1] (0.00ns)   --->   "%JcoupLocal_0_5_addr = getelementptr i512 %JcoupLocal_0_5, i64 0, i64 %zext_ln237" [/home/edci/workspace/SQA_kernels/src/qmc.cpp:237]   --->   Operation 32 'getelementptr' 'JcoupLocal_0_5_addr' <Predicate = true> <Delay = 0.00>
ST_3 : Operation 33 [1/1] (0.00ns)   --->   "%JcoupLocal_0_6_addr = getelementptr i512 %JcoupLocal_0_6, i64 0, i64 %zext_ln237" [/home/edci/workspace/SQA_kernels/src/qmc.cpp:237]   --->   Operation 33 'getelementptr' 'JcoupLocal_0_6_addr' <Predicate = true> <Delay = 0.00>
ST_3 : Operation 34 [1/1] (0.00ns)   --->   "%JcoupLocal_0_7_addr = getelementptr i512 %JcoupLocal_0_7, i64 0, i64 %zext_ln237" [/home/edci/workspace/SQA_kernels/src/qmc.cpp:237]   --->   Operation 34 'getelementptr' 'JcoupLocal_0_7_addr' <Predicate = true> <Delay = 0.00>
ST_3 : Operation 35 [1/1] (0.00ns)   --->   "%JcoupLocal_0_8_addr = getelementptr i512 %JcoupLocal_0_8, i64 0, i64 %zext_ln237" [/home/edci/workspace/SQA_kernels/src/qmc.cpp:237]   --->   Operation 35 'getelementptr' 'JcoupLocal_0_8_addr' <Predicate = true> <Delay = 0.00>
ST_3 : Operation 36 [1/1] (0.00ns)   --->   "%JcoupLocal_0_9_addr = getelementptr i512 %JcoupLocal_0_9, i64 0, i64 %zext_ln237" [/home/edci/workspace/SQA_kernels/src/qmc.cpp:237]   --->   Operation 36 'getelementptr' 'JcoupLocal_0_9_addr' <Predicate = true> <Delay = 0.00>
ST_3 : Operation 37 [1/1] (0.00ns)   --->   "%JcoupLocal_0_10_addr = getelementptr i512 %JcoupLocal_0_10, i64 0, i64 %zext_ln237" [/home/edci/workspace/SQA_kernels/src/qmc.cpp:237]   --->   Operation 37 'getelementptr' 'JcoupLocal_0_10_addr' <Predicate = true> <Delay = 0.00>
ST_3 : Operation 38 [1/1] (0.00ns)   --->   "%JcoupLocal_0_11_addr = getelementptr i512 %JcoupLocal_0_11, i64 0, i64 %zext_ln237" [/home/edci/workspace/SQA_kernels/src/qmc.cpp:237]   --->   Operation 38 'getelementptr' 'JcoupLocal_0_11_addr' <Predicate = true> <Delay = 0.00>
ST_3 : Operation 39 [1/1] (0.00ns)   --->   "%JcoupLocal_0_12_addr = getelementptr i512 %JcoupLocal_0_12, i64 0, i64 %zext_ln237" [/home/edci/workspace/SQA_kernels/src/qmc.cpp:237]   --->   Operation 39 'getelementptr' 'JcoupLocal_0_12_addr' <Predicate = true> <Delay = 0.00>
ST_3 : Operation 40 [1/1] (0.00ns)   --->   "%JcoupLocal_0_13_addr = getelementptr i512 %JcoupLocal_0_13, i64 0, i64 %zext_ln237" [/home/edci/workspace/SQA_kernels/src/qmc.cpp:237]   --->   Operation 40 'getelementptr' 'JcoupLocal_0_13_addr' <Predicate = true> <Delay = 0.00>
ST_3 : Operation 41 [1/1] (0.00ns)   --->   "%JcoupLocal_0_14_addr = getelementptr i512 %JcoupLocal_0_14, i64 0, i64 %zext_ln237" [/home/edci/workspace/SQA_kernels/src/qmc.cpp:237]   --->   Operation 41 'getelementptr' 'JcoupLocal_0_14_addr' <Predicate = true> <Delay = 0.00>
ST_3 : Operation 42 [1/1] (0.00ns)   --->   "%JcoupLocal_0_15_addr = getelementptr i512 %JcoupLocal_0_15, i64 0, i64 %zext_ln237" [/home/edci/workspace/SQA_kernels/src/qmc.cpp:237]   --->   Operation 42 'getelementptr' 'JcoupLocal_0_15_addr' <Predicate = true> <Delay = 0.00>
ST_3 : Operation 43 [1/1] (0.74ns)   --->   "%store_ln237 = store i512 %gmem_addr_read, i4 %JcoupLocal_0_14_addr" [/home/edci/workspace/SQA_kernels/src/qmc.cpp:237]   --->   Operation 43 'store' 'store_ln237' <Predicate = (trunc_ln237 == 14)> <Delay = 0.74> <CoreInst = "RAM">   --->   Core 83 'RAM' <Latency = 1> <II = 1> <Delay = 0.74> <Storage> <Opcode : 'load' 'store'> <Ports = 2> <Width = 512> <Depth = 16> <RAM>
ST_3 : Operation 44 [1/1] (0.00ns)   --->   "%br_ln237 = br void %.split8439" [/home/edci/workspace/SQA_kernels/src/qmc.cpp:237]   --->   Operation 44 'br' 'br_ln237' <Predicate = (trunc_ln237 == 14)> <Delay = 0.00>
ST_3 : Operation 45 [1/1] (0.74ns)   --->   "%store_ln237 = store i512 %gmem_addr_read, i4 %JcoupLocal_0_13_addr" [/home/edci/workspace/SQA_kernels/src/qmc.cpp:237]   --->   Operation 45 'store' 'store_ln237' <Predicate = (trunc_ln237 == 13)> <Delay = 0.74> <CoreInst = "RAM">   --->   Core 83 'RAM' <Latency = 1> <II = 1> <Delay = 0.74> <Storage> <Opcode : 'load' 'store'> <Ports = 2> <Width = 512> <Depth = 16> <RAM>
ST_3 : Operation 46 [1/1] (0.00ns)   --->   "%br_ln237 = br void %.split8439" [/home/edci/workspace/SQA_kernels/src/qmc.cpp:237]   --->   Operation 46 'br' 'br_ln237' <Predicate = (trunc_ln237 == 13)> <Delay = 0.00>
ST_3 : Operation 47 [1/1] (0.74ns)   --->   "%store_ln237 = store i512 %gmem_addr_read, i4 %JcoupLocal_0_12_addr" [/home/edci/workspace/SQA_kernels/src/qmc.cpp:237]   --->   Operation 47 'store' 'store_ln237' <Predicate = (trunc_ln237 == 12)> <Delay = 0.74> <CoreInst = "RAM">   --->   Core 83 'RAM' <Latency = 1> <II = 1> <Delay = 0.74> <Storage> <Opcode : 'load' 'store'> <Ports = 2> <Width = 512> <Depth = 16> <RAM>
ST_3 : Operation 48 [1/1] (0.00ns)   --->   "%br_ln237 = br void %.split8439" [/home/edci/workspace/SQA_kernels/src/qmc.cpp:237]   --->   Operation 48 'br' 'br_ln237' <Predicate = (trunc_ln237 == 12)> <Delay = 0.00>
ST_3 : Operation 49 [1/1] (0.74ns)   --->   "%store_ln237 = store i512 %gmem_addr_read, i4 %JcoupLocal_0_11_addr" [/home/edci/workspace/SQA_kernels/src/qmc.cpp:237]   --->   Operation 49 'store' 'store_ln237' <Predicate = (trunc_ln237 == 11)> <Delay = 0.74> <CoreInst = "RAM">   --->   Core 83 'RAM' <Latency = 1> <II = 1> <Delay = 0.74> <Storage> <Opcode : 'load' 'store'> <Ports = 2> <Width = 512> <Depth = 16> <RAM>
ST_3 : Operation 50 [1/1] (0.00ns)   --->   "%br_ln237 = br void %.split8439" [/home/edci/workspace/SQA_kernels/src/qmc.cpp:237]   --->   Operation 50 'br' 'br_ln237' <Predicate = (trunc_ln237 == 11)> <Delay = 0.00>
ST_3 : Operation 51 [1/1] (0.74ns)   --->   "%store_ln237 = store i512 %gmem_addr_read, i4 %JcoupLocal_0_10_addr" [/home/edci/workspace/SQA_kernels/src/qmc.cpp:237]   --->   Operation 51 'store' 'store_ln237' <Predicate = (trunc_ln237 == 10)> <Delay = 0.74> <CoreInst = "RAM">   --->   Core 83 'RAM' <Latency = 1> <II = 1> <Delay = 0.74> <Storage> <Opcode : 'load' 'store'> <Ports = 2> <Width = 512> <Depth = 16> <RAM>
ST_3 : Operation 52 [1/1] (0.00ns)   --->   "%br_ln237 = br void %.split8439" [/home/edci/workspace/SQA_kernels/src/qmc.cpp:237]   --->   Operation 52 'br' 'br_ln237' <Predicate = (trunc_ln237 == 10)> <Delay = 0.00>
ST_3 : Operation 53 [1/1] (0.74ns)   --->   "%store_ln237 = store i512 %gmem_addr_read, i4 %JcoupLocal_0_9_addr" [/home/edci/workspace/SQA_kernels/src/qmc.cpp:237]   --->   Operation 53 'store' 'store_ln237' <Predicate = (trunc_ln237 == 9)> <Delay = 0.74> <CoreInst = "RAM">   --->   Core 83 'RAM' <Latency = 1> <II = 1> <Delay = 0.74> <Storage> <Opcode : 'load' 'store'> <Ports = 2> <Width = 512> <Depth = 16> <RAM>
ST_3 : Operation 54 [1/1] (0.00ns)   --->   "%br_ln237 = br void %.split8439" [/home/edci/workspace/SQA_kernels/src/qmc.cpp:237]   --->   Operation 54 'br' 'br_ln237' <Predicate = (trunc_ln237 == 9)> <Delay = 0.00>
ST_3 : Operation 55 [1/1] (0.74ns)   --->   "%store_ln237 = store i512 %gmem_addr_read, i4 %JcoupLocal_0_8_addr" [/home/edci/workspace/SQA_kernels/src/qmc.cpp:237]   --->   Operation 55 'store' 'store_ln237' <Predicate = (trunc_ln237 == 8)> <Delay = 0.74> <CoreInst = "RAM">   --->   Core 83 'RAM' <Latency = 1> <II = 1> <Delay = 0.74> <Storage> <Opcode : 'load' 'store'> <Ports = 2> <Width = 512> <Depth = 16> <RAM>
ST_3 : Operation 56 [1/1] (0.00ns)   --->   "%br_ln237 = br void %.split8439" [/home/edci/workspace/SQA_kernels/src/qmc.cpp:237]   --->   Operation 56 'br' 'br_ln237' <Predicate = (trunc_ln237 == 8)> <Delay = 0.00>
ST_3 : Operation 57 [1/1] (0.74ns)   --->   "%store_ln237 = store i512 %gmem_addr_read, i4 %JcoupLocal_0_7_addr" [/home/edci/workspace/SQA_kernels/src/qmc.cpp:237]   --->   Operation 57 'store' 'store_ln237' <Predicate = (trunc_ln237 == 7)> <Delay = 0.74> <CoreInst = "RAM">   --->   Core 83 'RAM' <Latency = 1> <II = 1> <Delay = 0.74> <Storage> <Opcode : 'load' 'store'> <Ports = 2> <Width = 512> <Depth = 16> <RAM>
ST_3 : Operation 58 [1/1] (0.00ns)   --->   "%br_ln237 = br void %.split8439" [/home/edci/workspace/SQA_kernels/src/qmc.cpp:237]   --->   Operation 58 'br' 'br_ln237' <Predicate = (trunc_ln237 == 7)> <Delay = 0.00>
ST_3 : Operation 59 [1/1] (0.74ns)   --->   "%store_ln237 = store i512 %gmem_addr_read, i4 %JcoupLocal_0_6_addr" [/home/edci/workspace/SQA_kernels/src/qmc.cpp:237]   --->   Operation 59 'store' 'store_ln237' <Predicate = (trunc_ln237 == 6)> <Delay = 0.74> <CoreInst = "RAM">   --->   Core 83 'RAM' <Latency = 1> <II = 1> <Delay = 0.74> <Storage> <Opcode : 'load' 'store'> <Ports = 2> <Width = 512> <Depth = 16> <RAM>
ST_3 : Operation 60 [1/1] (0.00ns)   --->   "%br_ln237 = br void %.split8439" [/home/edci/workspace/SQA_kernels/src/qmc.cpp:237]   --->   Operation 60 'br' 'br_ln237' <Predicate = (trunc_ln237 == 6)> <Delay = 0.00>
ST_3 : Operation 61 [1/1] (0.74ns)   --->   "%store_ln237 = store i512 %gmem_addr_read, i4 %JcoupLocal_0_5_addr" [/home/edci/workspace/SQA_kernels/src/qmc.cpp:237]   --->   Operation 61 'store' 'store_ln237' <Predicate = (trunc_ln237 == 5)> <Delay = 0.74> <CoreInst = "RAM">   --->   Core 83 'RAM' <Latency = 1> <II = 1> <Delay = 0.74> <Storage> <Opcode : 'load' 'store'> <Ports = 2> <Width = 512> <Depth = 16> <RAM>
ST_3 : Operation 62 [1/1] (0.00ns)   --->   "%br_ln237 = br void %.split8439" [/home/edci/workspace/SQA_kernels/src/qmc.cpp:237]   --->   Operation 62 'br' 'br_ln237' <Predicate = (trunc_ln237 == 5)> <Delay = 0.00>
ST_3 : Operation 63 [1/1] (0.74ns)   --->   "%store_ln237 = store i512 %gmem_addr_read, i4 %JcoupLocal_0_4_addr" [/home/edci/workspace/SQA_kernels/src/qmc.cpp:237]   --->   Operation 63 'store' 'store_ln237' <Predicate = (trunc_ln237 == 4)> <Delay = 0.74> <CoreInst = "RAM">   --->   Core 83 'RAM' <Latency = 1> <II = 1> <Delay = 0.74> <Storage> <Opcode : 'load' 'store'> <Ports = 2> <Width = 512> <Depth = 16> <RAM>
ST_3 : Operation 64 [1/1] (0.00ns)   --->   "%br_ln237 = br void %.split8439" [/home/edci/workspace/SQA_kernels/src/qmc.cpp:237]   --->   Operation 64 'br' 'br_ln237' <Predicate = (trunc_ln237 == 4)> <Delay = 0.00>
ST_3 : Operation 65 [1/1] (0.74ns)   --->   "%store_ln237 = store i512 %gmem_addr_read, i4 %JcoupLocal_0_3_addr" [/home/edci/workspace/SQA_kernels/src/qmc.cpp:237]   --->   Operation 65 'store' 'store_ln237' <Predicate = (trunc_ln237 == 3)> <Delay = 0.74> <CoreInst = "RAM">   --->   Core 83 'RAM' <Latency = 1> <II = 1> <Delay = 0.74> <Storage> <Opcode : 'load' 'store'> <Ports = 2> <Width = 512> <Depth = 16> <RAM>
ST_3 : Operation 66 [1/1] (0.00ns)   --->   "%br_ln237 = br void %.split8439" [/home/edci/workspace/SQA_kernels/src/qmc.cpp:237]   --->   Operation 66 'br' 'br_ln237' <Predicate = (trunc_ln237 == 3)> <Delay = 0.00>
ST_3 : Operation 67 [1/1] (0.74ns)   --->   "%store_ln237 = store i512 %gmem_addr_read, i4 %JcoupLocal_0_2_addr" [/home/edci/workspace/SQA_kernels/src/qmc.cpp:237]   --->   Operation 67 'store' 'store_ln237' <Predicate = (trunc_ln237 == 2)> <Delay = 0.74> <CoreInst = "RAM">   --->   Core 83 'RAM' <Latency = 1> <II = 1> <Delay = 0.74> <Storage> <Opcode : 'load' 'store'> <Ports = 2> <Width = 512> <Depth = 16> <RAM>
ST_3 : Operation 68 [1/1] (0.00ns)   --->   "%br_ln237 = br void %.split8439" [/home/edci/workspace/SQA_kernels/src/qmc.cpp:237]   --->   Operation 68 'br' 'br_ln237' <Predicate = (trunc_ln237 == 2)> <Delay = 0.00>
ST_3 : Operation 69 [1/1] (0.74ns)   --->   "%store_ln237 = store i512 %gmem_addr_read, i4 %JcoupLocal_0_1_addr" [/home/edci/workspace/SQA_kernels/src/qmc.cpp:237]   --->   Operation 69 'store' 'store_ln237' <Predicate = (trunc_ln237 == 1)> <Delay = 0.74> <CoreInst = "RAM">   --->   Core 83 'RAM' <Latency = 1> <II = 1> <Delay = 0.74> <Storage> <Opcode : 'load' 'store'> <Ports = 2> <Width = 512> <Depth = 16> <RAM>
ST_3 : Operation 70 [1/1] (0.00ns)   --->   "%br_ln237 = br void %.split8439" [/home/edci/workspace/SQA_kernels/src/qmc.cpp:237]   --->   Operation 70 'br' 'br_ln237' <Predicate = (trunc_ln237 == 1)> <Delay = 0.00>
ST_3 : Operation 71 [1/1] (0.74ns)   --->   "%store_ln237 = store i512 %gmem_addr_read, i4 %JcoupLocal_0_0_addr" [/home/edci/workspace/SQA_kernels/src/qmc.cpp:237]   --->   Operation 71 'store' 'store_ln237' <Predicate = (trunc_ln237 == 0)> <Delay = 0.74> <CoreInst = "RAM">   --->   Core 83 'RAM' <Latency = 1> <II = 1> <Delay = 0.74> <Storage> <Opcode : 'load' 'store'> <Ports = 2> <Width = 512> <Depth = 16> <RAM>
ST_3 : Operation 72 [1/1] (0.00ns)   --->   "%br_ln237 = br void %.split8439" [/home/edci/workspace/SQA_kernels/src/qmc.cpp:237]   --->   Operation 72 'br' 'br_ln237' <Predicate = (trunc_ln237 == 0)> <Delay = 0.00>
ST_3 : Operation 73 [1/1] (0.74ns)   --->   "%store_ln237 = store i512 %gmem_addr_read, i4 %JcoupLocal_0_15_addr" [/home/edci/workspace/SQA_kernels/src/qmc.cpp:237]   --->   Operation 73 'store' 'store_ln237' <Predicate = (trunc_ln237 == 15)> <Delay = 0.74> <CoreInst = "RAM">   --->   Core 83 'RAM' <Latency = 1> <II = 1> <Delay = 0.74> <Storage> <Opcode : 'load' 'store'> <Ports = 2> <Width = 512> <Depth = 16> <RAM>
ST_3 : Operation 74 [1/1] (0.00ns)   --->   "%br_ln237 = br void %.split8439" [/home/edci/workspace/SQA_kernels/src/qmc.cpp:237]   --->   Operation 74 'br' 'br_ln237' <Predicate = (trunc_ln237 == 15)> <Delay = 0.00>


============================================================
+ Verbose Summary: Binding
============================================================
STG Binding: 
---------------- STG Properties BEGIN ----------------
- Is combinational: 0
- Is one-state seq: 0
- Is datapath-only: 0
- Is pipelined: 0
- Is top level: 0
Port [ Return ] is wired: 1; IO mode=ap_ctrl_hs:ce=0
Port [ gmem]:  wired=1; compound=1; hidden=0; nouse=0; global=0; static=0; extern=0; dir=0; type=4; pingpong=0; private_global=0; IO mode=m_axi:ce=0
Port [ sext_ln235]:  wired=1; compound=0; hidden=0; nouse=0; global=0; static=0; extern=0; dir=0; type=0; pingpong=0; private_global=0; IO mode=ap_none:ce=0
Port [ JcoupLocal_0_0]:  wired=1; compound=1; hidden=0; nouse=0; global=0; static=0; extern=0; dir=1; type=1; pingpong=0; private_global=0; MemPort=[03]; IO mode=ap_memory:ce=0
Port [ JcoupLocal_0_1]:  wired=1; compound=1; hidden=0; nouse=0; global=0; static=0; extern=0; dir=1; type=1; pingpong=0; private_global=0; MemPort=[03]; IO mode=ap_memory:ce=0
Port [ JcoupLocal_0_2]:  wired=1; compound=1; hidden=0; nouse=0; global=0; static=0; extern=0; dir=1; type=1; pingpong=0; private_global=0; MemPort=[03]; IO mode=ap_memory:ce=0
Port [ JcoupLocal_0_3]:  wired=1; compound=1; hidden=0; nouse=0; global=0; static=0; extern=0; dir=1; type=1; pingpong=0; private_global=0; MemPort=[03]; IO mode=ap_memory:ce=0
Port [ JcoupLocal_0_4]:  wired=1; compound=1; hidden=0; nouse=0; global=0; static=0; extern=0; dir=1; type=1; pingpong=0; private_global=0; MemPort=[03]; IO mode=ap_memory:ce=0
Port [ JcoupLocal_0_5]:  wired=1; compound=1; hidden=0; nouse=0; global=0; static=0; extern=0; dir=1; type=1; pingpong=0; private_global=0; MemPort=[03]; IO mode=ap_memory:ce=0
Port [ JcoupLocal_0_6]:  wired=1; compound=1; hidden=0; nouse=0; global=0; static=0; extern=0; dir=1; type=1; pingpong=0; private_global=0; MemPort=[03]; IO mode=ap_memory:ce=0
Port [ JcoupLocal_0_7]:  wired=1; compound=1; hidden=0; nouse=0; global=0; static=0; extern=0; dir=1; type=1; pingpong=0; private_global=0; MemPort=[03]; IO mode=ap_memory:ce=0
Port [ JcoupLocal_0_8]:  wired=1; compound=1; hidden=0; nouse=0; global=0; static=0; extern=0; dir=1; type=1; pingpong=0; private_global=0; MemPort=[03]; IO mode=ap_memory:ce=0
Port [ JcoupLocal_0_9]:  wired=1; compound=1; hidden=0; nouse=0; global=0; static=0; extern=0; dir=1; type=1; pingpong=0; private_global=0; MemPort=[03]; IO mode=ap_memory:ce=0
Port [ JcoupLocal_0_10]:  wired=1; compound=1; hidden=0; nouse=0; global=0; static=0; extern=0; dir=1; type=1; pingpong=0; private_global=0; MemPort=[03]; IO mode=ap_memory:ce=0
Port [ JcoupLocal_0_11]:  wired=1; compound=1; hidden=0; nouse=0; global=0; static=0; extern=0; dir=1; type=1; pingpong=0; private_global=0; MemPort=[03]; IO mode=ap_memory:ce=0
Port [ JcoupLocal_0_12]:  wired=1; compound=1; hidden=0; nouse=0; global=0; static=0; extern=0; dir=1; type=1; pingpong=0; private_global=0; MemPort=[03]; IO mode=ap_memory:ce=0
Port [ JcoupLocal_0_13]:  wired=1; compound=1; hidden=0; nouse=0; global=0; static=0; extern=0; dir=1; type=1; pingpong=0; private_global=0; MemPort=[03]; IO mode=ap_memory:ce=0
Port [ JcoupLocal_0_14]:  wired=1; compound=1; hidden=0; nouse=0; global=0; static=0; extern=0; dir=1; type=1; pingpong=0; private_global=0; MemPort=[03]; IO mode=ap_memory:ce=0
Port [ JcoupLocal_0_15]:  wired=1; compound=1; hidden=0; nouse=0; global=0; static=0; extern=0; dir=1; type=1; pingpong=0; private_global=0; MemPort=[03]; IO mode=ap_memory:ce=0
---------------- STG Properties END ------------------

---------------- Datapath Model BEGIN ----------------

<LifeTime>
<method=bitvector/>
packOfst             (alloca           ) [ 0100]
sext_ln235_read      (read             ) [ 0000]
sext_ln235_cast      (sext             ) [ 0110]
specinterface_ln0    (specinterface    ) [ 0000]
store_ln0            (store            ) [ 0000]
br_ln0               (br               ) [ 0000]
packOfst_2           (load             ) [ 0000]
icmp_ln235           (icmp             ) [ 0110]
add_ln235            (add              ) [ 0000]
br_ln235             (br               ) [ 0000]
trunc_ln237          (trunc            ) [ 0111]
lshr_ln237_s         (partselect       ) [ 0111]
switch_ln237         (switch           ) [ 0000]
store_ln235          (store            ) [ 0000]
br_ln0               (br               ) [ 0000]
gmem_addr            (getelementptr    ) [ 0000]
empty                (speclooptripcount) [ 0000]
gmem_addr_read       (read             ) [ 0101]
specpipeline_ln235   (specpipeline     ) [ 0000]
specloopname_ln235   (specloopname     ) [ 0000]
zext_ln237           (zext             ) [ 0000]
JcoupLocal_0_0_addr  (getelementptr    ) [ 0000]
JcoupLocal_0_1_addr  (getelementptr    ) [ 0000]
JcoupLocal_0_2_addr  (getelementptr    ) [ 0000]
JcoupLocal_0_3_addr  (getelementptr    ) [ 0000]
JcoupLocal_0_4_addr  (getelementptr    ) [ 0000]
JcoupLocal_0_5_addr  (getelementptr    ) [ 0000]
JcoupLocal_0_6_addr  (getelementptr    ) [ 0000]
JcoupLocal_0_7_addr  (getelementptr    ) [ 0000]
JcoupLocal_0_8_addr  (getelementptr    ) [ 0000]
JcoupLocal_0_9_addr  (getelementptr    ) [ 0000]
JcoupLocal_0_10_addr (getelementptr    ) [ 0000]
JcoupLocal_0_11_addr (getelementptr    ) [ 0000]
JcoupLocal_0_12_addr (getelementptr    ) [ 0000]
JcoupLocal_0_13_addr (getelementptr    ) [ 0000]
JcoupLocal_0_14_addr (getelementptr    ) [ 0000]
JcoupLocal_0_15_addr (getelementptr    ) [ 0000]
store_ln237          (store            ) [ 0000]
br_ln237             (br               ) [ 0000]
store_ln237          (store            ) [ 0000]
br_ln237             (br               ) [ 0000]
store_ln237          (store            ) [ 0000]
br_ln237             (br               ) [ 0000]
store_ln237          (store            ) [ 0000]
br_ln237             (br               ) [ 0000]
store_ln237          (store            ) [ 0000]
br_ln237             (br               ) [ 0000]
store_ln237          (store            ) [ 0000]
br_ln237             (br               ) [ 0000]
store_ln237          (store            ) [ 0000]
br_ln237             (br               ) [ 0000]
store_ln237          (store            ) [ 0000]
br_ln237             (br               ) [ 0000]
store_ln237          (store            ) [ 0000]
br_ln237             (br               ) [ 0000]
store_ln237          (store            ) [ 0000]
br_ln237             (br               ) [ 0000]
store_ln237          (store            ) [ 0000]
br_ln237             (br               ) [ 0000]
store_ln237          (store            ) [ 0000]
br_ln237             (br               ) [ 0000]
store_ln237          (store            ) [ 0000]
br_ln237             (br               ) [ 0000]
store_ln237          (store            ) [ 0000]
br_ln237             (br               ) [ 0000]
store_ln237          (store            ) [ 0000]
br_ln237             (br               ) [ 0000]
store_ln237          (store            ) [ 0000]
br_ln237             (br               ) [ 0000]
ret_ln0              (ret              ) [ 0000]
</LifeTime>

<model>

<comp_list>
<comp id="0" class="1000" name="gmem">
<pin_list>
<pin id="1" dir="1" index="0" bw="1" slack="0"/>
</pin_list>
<bind>
<StgValue><ssdm name="gmem"/></StgValue>
</bind>
</comp>

<comp id="2" class="1000" name="sext_ln235">
<pin_list>
<pin id="3" dir="1" index="0" bw="1" slack="0"/>
</pin_list>
<bind>
<StgValue><ssdm name="sext_ln235"/></StgValue>
</bind>
</comp>

<comp id="4" class="1000" name="JcoupLocal_0_0">
<pin_list>
<pin id="5" dir="1" index="0" bw="1" slack="0"/>
</pin_list>
<bind>
<StgValue><ssdm name="JcoupLocal_0_0"/><MemPortTyVec>0 3 </MemPortTyVec>
</StgValue>
</bind>
</comp>

<comp id="6" class="1000" name="JcoupLocal_0_1">
<pin_list>
<pin id="7" dir="1" index="0" bw="1" slack="0"/>
</pin_list>
<bind>
<StgValue><ssdm name="JcoupLocal_0_1"/><MemPortTyVec>0 3 </MemPortTyVec>
</StgValue>
</bind>
</comp>

<comp id="8" class="1000" name="JcoupLocal_0_2">
<pin_list>
<pin id="9" dir="1" index="0" bw="1" slack="0"/>
</pin_list>
<bind>
<StgValue><ssdm name="JcoupLocal_0_2"/><MemPortTyVec>0 3 </MemPortTyVec>
</StgValue>
</bind>
</comp>

<comp id="10" class="1000" name="JcoupLocal_0_3">
<pin_list>
<pin id="11" dir="1" index="0" bw="1" slack="0"/>
</pin_list>
<bind>
<StgValue><ssdm name="JcoupLocal_0_3"/><MemPortTyVec>0 3 </MemPortTyVec>
</StgValue>
</bind>
</comp>

<comp id="12" class="1000" name="JcoupLocal_0_4">
<pin_list>
<pin id="13" dir="1" index="0" bw="1" slack="0"/>
</pin_list>
<bind>
<StgValue><ssdm name="JcoupLocal_0_4"/><MemPortTyVec>0 3 </MemPortTyVec>
</StgValue>
</bind>
</comp>

<comp id="14" class="1000" name="JcoupLocal_0_5">
<pin_list>
<pin id="15" dir="1" index="0" bw="1" slack="0"/>
</pin_list>
<bind>
<StgValue><ssdm name="JcoupLocal_0_5"/><MemPortTyVec>0 3 </MemPortTyVec>
</StgValue>
</bind>
</comp>

<comp id="16" class="1000" name="JcoupLocal_0_6">
<pin_list>
<pin id="17" dir="1" index="0" bw="1" slack="0"/>
</pin_list>
<bind>
<StgValue><ssdm name="JcoupLocal_0_6"/><MemPortTyVec>0 3 </MemPortTyVec>
</StgValue>
</bind>
</comp>

<comp id="18" class="1000" name="JcoupLocal_0_7">
<pin_list>
<pin id="19" dir="1" index="0" bw="1" slack="0"/>
</pin_list>
<bind>
<StgValue><ssdm name="JcoupLocal_0_7"/><MemPortTyVec>0 3 </MemPortTyVec>
</StgValue>
</bind>
</comp>

<comp id="20" class="1000" name="JcoupLocal_0_8">
<pin_list>
<pin id="21" dir="1" index="0" bw="1" slack="0"/>
</pin_list>
<bind>
<StgValue><ssdm name="JcoupLocal_0_8"/><MemPortTyVec>0 3 </MemPortTyVec>
</StgValue>
</bind>
</comp>

<comp id="22" class="1000" name="JcoupLocal_0_9">
<pin_list>
<pin id="23" dir="1" index="0" bw="1" slack="0"/>
</pin_list>
<bind>
<StgValue><ssdm name="JcoupLocal_0_9"/><MemPortTyVec>0 3 </MemPortTyVec>
</StgValue>
</bind>
</comp>

<comp id="24" class="1000" name="JcoupLocal_0_10">
<pin_list>
<pin id="25" dir="1" index="0" bw="1" slack="0"/>
</pin_list>
<bind>
<StgValue><ssdm name="JcoupLocal_0_10"/><MemPortTyVec>0 3 </MemPortTyVec>
</StgValue>
</bind>
</comp>

<comp id="26" class="1000" name="JcoupLocal_0_11">
<pin_list>
<pin id="27" dir="1" index="0" bw="1" slack="0"/>
</pin_list>
<bind>
<StgValue><ssdm name="JcoupLocal_0_11"/><MemPortTyVec>0 3 </MemPortTyVec>
</StgValue>
</bind>
</comp>

<comp id="28" class="1000" name="JcoupLocal_0_12">
<pin_list>
<pin id="29" dir="1" index="0" bw="1" slack="0"/>
</pin_list>
<bind>
<StgValue><ssdm name="JcoupLocal_0_12"/><MemPortTyVec>0 3 </MemPortTyVec>
</StgValue>
</bind>
</comp>

<comp id="30" class="1000" name="JcoupLocal_0_13">
<pin_list>
<pin id="31" dir="1" index="0" bw="1" slack="0"/>
</pin_list>
<bind>
<StgValue><ssdm name="JcoupLocal_0_13"/><MemPortTyVec>0 3 </MemPortTyVec>
</StgValue>
</bind>
</comp>

<comp id="32" class="1000" name="JcoupLocal_0_14">
<pin_list>
<pin id="33" dir="1" index="0" bw="1" slack="0"/>
</pin_list>
<bind>
<StgValue><ssdm name="JcoupLocal_0_14"/><MemPortTyVec>0 3 </MemPortTyVec>
</StgValue>
</bind>
</comp>

<comp id="34" class="1000" name="JcoupLocal_0_15">
<pin_list>
<pin id="35" dir="1" index="0" bw="1" slack="0"/>
</pin_list>
<bind>
<StgValue><ssdm name="JcoupLocal_0_15"/><MemPortTyVec>0 3 </MemPortTyVec>
</StgValue>
</bind>
</comp>

<comp id="36" class="1001" name="const_36">
<pin_list>
<pin id="37" dir="1" index="0" bw="1" slack="0"/>
</pin_list>
<bind>
<StgValue><ssdm name=""/></StgValue>
</bind>
</comp>

<comp id="38" class="1001" name="const_38">
<pin_list>
<pin id="39" dir="1" index="0" bw="1" slack="0"/>
</pin_list>
<bind>
<StgValue><ssdm name="_ssdm_op_Read.ap_auto.i58"/></StgValue>
</bind>
</comp>

<comp id="40" class="1001" name="const_40">
<pin_list>
<pin id="41" dir="1" index="0" bw="1" slack="2147483647"/>
</pin_list>
<bind>
<StgValue><ssdm name="_ssdm_op_SpecInterface"/></StgValue>
</bind>
</comp>

<comp id="42" class="1001" name="const_42">
<pin_list>
<pin id="43" dir="1" index="0" bw="1" slack="2147483647"/>
</pin_list>
<bind>
<StgValue><ssdm name="empty_1"/></StgValue>
</bind>
</comp>

<comp id="44" class="1001" name="const_44">
<pin_list>
<pin id="45" dir="1" index="0" bw="1" slack="2147483647"/>
</pin_list>
<bind>
<StgValue><ssdm name=""/></StgValue>
</bind>
</comp>

<comp id="46" class="1001" name="const_46">
<pin_list>
<pin id="47" dir="1" index="0" bw="1" slack="2147483647"/>
</pin_list>
<bind>
<StgValue><ssdm name="empty_10"/></StgValue>
</bind>
</comp>

<comp id="48" class="1001" name="const_48">
<pin_list>
<pin id="49" dir="1" index="0" bw="1" slack="2147483647"/>
</pin_list>
<bind>
<StgValue><ssdm name=""/></StgValue>
</bind>
</comp>

<comp id="50" class="1001" name="const_50">
<pin_list>
<pin id="51" dir="1" index="0" bw="1" slack="2147483647"/>
</pin_list>
<bind>
<StgValue><ssdm name="empty_0"/></StgValue>
</bind>
</comp>

<comp id="52" class="1001" name="const_52">
<pin_list>
<pin id="53" dir="1" index="0" bw="1" slack="2147483647"/>
</pin_list>
<bind>
<StgValue><ssdm name="empty"/></StgValue>
</bind>
</comp>

<comp id="54" class="1001" name="const_54">
<pin_list>
<pin id="55" dir="1" index="0" bw="1" slack="2147483647"/>
</pin_list>
<bind>
<StgValue><ssdm name=""/></StgValue>
</bind>
</comp>

<comp id="56" class="1001" name="const_56">
<pin_list>
<pin id="57" dir="1" index="0" bw="1" slack="0"/>
</pin_list>
<bind>
<StgValue><ssdm name=""/></StgValue>
</bind>
</comp>

<comp id="58" class="1001" name="const_58">
<pin_list>
<pin id="59" dir="1" index="0" bw="1" slack="0"/>
</pin_list>
<bind>
<StgValue><ssdm name=""/></StgValue>
</bind>
</comp>

<comp id="60" class="1001" name="const_60">
<pin_list>
<pin id="61" dir="1" index="0" bw="1" slack="0"/>
</pin_list>
<bind>
<StgValue><ssdm name=""/></StgValue>
</bind>
</comp>

<comp id="62" class="1001" name="const_62">
<pin_list>
<pin id="63" dir="1" index="0" bw="1" slack="0"/>
</pin_list>
<bind>
<StgValue><ssdm name="_ssdm_op_PartSelect.i4.i9.i32.i32"/></StgValue>
</bind>
</comp>

<comp id="64" class="1001" name="const_64">
<pin_list>
<pin id="65" dir="1" index="0" bw="1" slack="0"/>
</pin_list>
<bind>
<StgValue><ssdm name=""/></StgValue>
</bind>
</comp>

<comp id="66" class="1001" name="const_66">
<pin_list>
<pin id="67" dir="1" index="0" bw="1" slack="0"/>
</pin_list>
<bind>
<StgValue><ssdm name=""/></StgValue>
</bind>
</comp>

<comp id="68" class="1001" name="const_68">
<pin_list>
<pin id="69" dir="1" index="0" bw="1" slack="2147483647"/>
</pin_list>
<bind>
<StgValue><ssdm name=""/></StgValue>
</bind>
</comp>

<comp id="70" class="1001" name="const_70">
<pin_list>
<pin id="71" dir="1" index="0" bw="1" slack="2147483647"/>
</pin_list>
<bind>
<StgValue><ssdm name=""/></StgValue>
</bind>
</comp>

<comp id="72" class="1001" name="const_72">
<pin_list>
<pin id="73" dir="1" index="0" bw="1" slack="2147483647"/>
</pin_list>
<bind>
<StgValue><ssdm name=""/></StgValue>
</bind>
</comp>

<comp id="74" class="1001" name="const_74">
<pin_list>
<pin id="75" dir="1" index="0" bw="1" slack="2147483647"/>
</pin_list>
<bind>
<StgValue><ssdm name=""/></StgValue>
</bind>
</comp>

<comp id="76" class="1001" name="const_76">
<pin_list>
<pin id="77" dir="1" index="0" bw="1" slack="2147483647"/>
</pin_list>
<bind>
<StgValue><ssdm name=""/></StgValue>
</bind>
</comp>

<comp id="78" class="1001" name="const_78">
<pin_list>
<pin id="79" dir="1" index="0" bw="1" slack="2147483647"/>
</pin_list>
<bind>
<StgValue><ssdm name=""/></StgValue>
</bind>
</comp>

<comp id="80" class="1001" name="const_80">
<pin_list>
<pin id="81" dir="1" index="0" bw="1" slack="2147483647"/>
</pin_list>
<bind>
<StgValue><ssdm name=""/></StgValue>
</bind>
</comp>

<comp id="82" class="1001" name="const_82">
<pin_list>
<pin id="83" dir="1" index="0" bw="1" slack="2147483647"/>
</pin_list>
<bind>
<StgValue><ssdm name=""/></StgValue>
</bind>
</comp>

<comp id="84" class="1001" name="const_84">
<pin_list>
<pin id="85" dir="1" index="0" bw="1" slack="2147483647"/>
</pin_list>
<bind>
<StgValue><ssdm name=""/></StgValue>
</bind>
</comp>

<comp id="86" class="1001" name="const_86">
<pin_list>
<pin id="87" dir="1" index="0" bw="1" slack="2147483647"/>
</pin_list>
<bind>
<StgValue><ssdm name=""/></StgValue>
</bind>
</comp>

<comp id="88" class="1001" name="const_88">
<pin_list>
<pin id="89" dir="1" index="0" bw="1" slack="2147483647"/>
</pin_list>
<bind>
<StgValue><ssdm name=""/></StgValue>
</bind>
</comp>

<comp id="90" class="1001" name="const_90">
<pin_list>
<pin id="91" dir="1" index="0" bw="1" slack="2147483647"/>
</pin_list>
<bind>
<StgValue><ssdm name=""/></StgValue>
</bind>
</comp>

<comp id="92" class="1001" name="const_92">
<pin_list>
<pin id="93" dir="1" index="0" bw="1" slack="2147483647"/>
</pin_list>
<bind>
<StgValue><ssdm name=""/></StgValue>
</bind>
</comp>

<comp id="94" class="1001" name="const_94">
<pin_list>
<pin id="95" dir="1" index="0" bw="1" slack="2147483647"/>
</pin_list>
<bind>
<StgValue><ssdm name=""/></StgValue>
</bind>
</comp>

<comp id="96" class="1001" name="const_96">
<pin_list>
<pin id="97" dir="1" index="0" bw="1" slack="2147483647"/>
</pin_list>
<bind>
<StgValue><ssdm name=""/></StgValue>
</bind>
</comp>

<comp id="98" class="1001" name="const_98">
<pin_list>
<pin id="99" dir="1" index="0" bw="1" slack="2147483647"/>
</pin_list>
<bind>
<StgValue><ssdm name="_ssdm_op_SpecLoopTripCount"/></StgValue>
</bind>
</comp>

<comp id="100" class="1001" name="const_100">
<pin_list>
<pin id="101" dir="1" index="0" bw="1" slack="2147483647"/>
</pin_list>
<bind>
<StgValue><ssdm name=""/></StgValue>
</bind>
</comp>

<comp id="102" class="1001" name="const_102">
<pin_list>
<pin id="103" dir="1" index="0" bw="1" slack="0"/>
</pin_list>
<bind>
<StgValue><ssdm name="_ssdm_op_Read.m_axi.p1i512"/></StgValue>
</bind>
</comp>

<comp id="104" class="1001" name="const_104">
<pin_list>
<pin id="105" dir="1" index="0" bw="1" slack="2147483647"/>
</pin_list>
<bind>
<StgValue><ssdm name="_ssdm_op_SpecPipeline"/></StgValue>
</bind>
</comp>

<comp id="106" class="1001" name="const_106">
<pin_list>
<pin id="107" dir="1" index="0" bw="1" slack="2147483647"/>
</pin_list>
<bind>
<StgValue><ssdm name=""/></StgValue>
</bind>
</comp>

<comp id="108" class="1001" name="const_108">
<pin_list>
<pin id="109" dir="1" index="0" bw="1" slack="2147483647"/>
</pin_list>
<bind>
<StgValue><ssdm name="_ssdm_op_SpecLoopName"/></StgValue>
</bind>
</comp>

<comp id="110" class="1001" name="const_110">
<pin_list>
<pin id="111" dir="1" index="0" bw="1" slack="2147483647"/>
</pin_list>
<bind>
<StgValue><ssdm name="empty_19"/></StgValue>
</bind>
</comp>

<comp id="112" class="1001" name="const_112">
<pin_list>
<pin id="113" dir="1" index="0" bw="1" slack="0"/>
</pin_list>
<bind>
<StgValue><ssdm name=""/></StgValue>
</bind>
</comp>

<comp id="114" class="1004" name="packOfst_fu_114">
<pin_list>
<pin id="115" dir="0" index="0" bw="1" slack="0"/>
<pin id="116" dir="1" index="1" bw="9" slack="0"/>
</pin_list>
<bind>
<opcode="alloca(26) " fcode="alloca"/>
<opset="packOfst/1 "/>
</bind>
</comp>

<comp id="118" class="1004" name="sext_ln235_read_read_fu_118">
<pin_list>
<pin id="119" dir="0" index="0" bw="58" slack="0"/>
<pin id="120" dir="0" index="1" bw="58" slack="0"/>
<pin id="121" dir="1" index="2" bw="58" slack="0"/>
</pin_list>
<bind>
<opcode="read(1150) " fcode="read"/>
<opset="sext_ln235_read/1 "/>
</bind>
</comp>

<comp id="124" class="1004" name="gmem_addr_read_read_fu_124">
<pin_list>
<pin id="125" dir="0" index="0" bw="512" slack="0"/>
<pin id="126" dir="0" index="1" bw="512" slack="0"/>
<pin id="127" dir="1" index="2" bw="512" slack="1"/>
</pin_list>
<bind>
<opcode="read(1150) " fcode="read"/>
<opset="gmem_addr_read/2 "/>
</bind>
</comp>

<comp id="129" class="1004" name="JcoupLocal_0_0_addr_gep_fu_129">
<pin_list>
<pin id="130" dir="0" index="0" bw="512" slack="0"/>
<pin id="131" dir="0" index="1" bw="1" slack="0"/>
<pin id="132" dir="0" index="2" bw="4" slack="0"/>
<pin id="133" dir="1" index="3" bw="4" slack="0"/>
</pin_list>
<bind>
<opcode="getelementptr(29) " fcode="getelementptr"/>
<opset="JcoupLocal_0_0_addr/3 "/>
</bind>
</comp>

<comp id="136" class="1004" name="JcoupLocal_0_1_addr_gep_fu_136">
<pin_list>
<pin id="137" dir="0" index="0" bw="512" slack="0"/>
<pin id="138" dir="0" index="1" bw="1" slack="0"/>
<pin id="139" dir="0" index="2" bw="4" slack="0"/>
<pin id="140" dir="1" index="3" bw="4" slack="0"/>
</pin_list>
<bind>
<opcode="getelementptr(29) " fcode="getelementptr"/>
<opset="JcoupLocal_0_1_addr/3 "/>
</bind>
</comp>

<comp id="143" class="1004" name="JcoupLocal_0_2_addr_gep_fu_143">
<pin_list>
<pin id="144" dir="0" index="0" bw="512" slack="0"/>
<pin id="145" dir="0" index="1" bw="1" slack="0"/>
<pin id="146" dir="0" index="2" bw="4" slack="0"/>
<pin id="147" dir="1" index="3" bw="4" slack="0"/>
</pin_list>
<bind>
<opcode="getelementptr(29) " fcode="getelementptr"/>
<opset="JcoupLocal_0_2_addr/3 "/>
</bind>
</comp>

<comp id="150" class="1004" name="JcoupLocal_0_3_addr_gep_fu_150">
<pin_list>
<pin id="151" dir="0" index="0" bw="512" slack="0"/>
<pin id="152" dir="0" index="1" bw="1" slack="0"/>
<pin id="153" dir="0" index="2" bw="4" slack="0"/>
<pin id="154" dir="1" index="3" bw="4" slack="0"/>
</pin_list>
<bind>
<opcode="getelementptr(29) " fcode="getelementptr"/>
<opset="JcoupLocal_0_3_addr/3 "/>
</bind>
</comp>

<comp id="157" class="1004" name="JcoupLocal_0_4_addr_gep_fu_157">
<pin_list>
<pin id="158" dir="0" index="0" bw="512" slack="0"/>
<pin id="159" dir="0" index="1" bw="1" slack="0"/>
<pin id="160" dir="0" index="2" bw="4" slack="0"/>
<pin id="161" dir="1" index="3" bw="4" slack="0"/>
</pin_list>
<bind>
<opcode="getelementptr(29) " fcode="getelementptr"/>
<opset="JcoupLocal_0_4_addr/3 "/>
</bind>
</comp>

<comp id="164" class="1004" name="JcoupLocal_0_5_addr_gep_fu_164">
<pin_list>
<pin id="165" dir="0" index="0" bw="512" slack="0"/>
<pin id="166" dir="0" index="1" bw="1" slack="0"/>
<pin id="167" dir="0" index="2" bw="4" slack="0"/>
<pin id="168" dir="1" index="3" bw="4" slack="0"/>
</pin_list>
<bind>
<opcode="getelementptr(29) " fcode="getelementptr"/>
<opset="JcoupLocal_0_5_addr/3 "/>
</bind>
</comp>

<comp id="171" class="1004" name="JcoupLocal_0_6_addr_gep_fu_171">
<pin_list>
<pin id="172" dir="0" index="0" bw="512" slack="0"/>
<pin id="173" dir="0" index="1" bw="1" slack="0"/>
<pin id="174" dir="0" index="2" bw="4" slack="0"/>
<pin id="175" dir="1" index="3" bw="4" slack="0"/>
</pin_list>
<bind>
<opcode="getelementptr(29) " fcode="getelementptr"/>
<opset="JcoupLocal_0_6_addr/3 "/>
</bind>
</comp>

<comp id="178" class="1004" name="JcoupLocal_0_7_addr_gep_fu_178">
<pin_list>
<pin id="179" dir="0" index="0" bw="512" slack="0"/>
<pin id="180" dir="0" index="1" bw="1" slack="0"/>
<pin id="181" dir="0" index="2" bw="4" slack="0"/>
<pin id="182" dir="1" index="3" bw="4" slack="0"/>
</pin_list>
<bind>
<opcode="getelementptr(29) " fcode="getelementptr"/>
<opset="JcoupLocal_0_7_addr/3 "/>
</bind>
</comp>

<comp id="185" class="1004" name="JcoupLocal_0_8_addr_gep_fu_185">
<pin_list>
<pin id="186" dir="0" index="0" bw="512" slack="0"/>
<pin id="187" dir="0" index="1" bw="1" slack="0"/>
<pin id="188" dir="0" index="2" bw="4" slack="0"/>
<pin id="189" dir="1" index="3" bw="4" slack="0"/>
</pin_list>
<bind>
<opcode="getelementptr(29) " fcode="getelementptr"/>
<opset="JcoupLocal_0_8_addr/3 "/>
</bind>
</comp>

<comp id="192" class="1004" name="JcoupLocal_0_9_addr_gep_fu_192">
<pin_list>
<pin id="193" dir="0" index="0" bw="512" slack="0"/>
<pin id="194" dir="0" index="1" bw="1" slack="0"/>
<pin id="195" dir="0" index="2" bw="4" slack="0"/>
<pin id="196" dir="1" index="3" bw="4" slack="0"/>
</pin_list>
<bind>
<opcode="getelementptr(29) " fcode="getelementptr"/>
<opset="JcoupLocal_0_9_addr/3 "/>
</bind>
</comp>

<comp id="199" class="1004" name="JcoupLocal_0_10_addr_gep_fu_199">
<pin_list>
<pin id="200" dir="0" index="0" bw="512" slack="0"/>
<pin id="201" dir="0" index="1" bw="1" slack="0"/>
<pin id="202" dir="0" index="2" bw="4" slack="0"/>
<pin id="203" dir="1" index="3" bw="4" slack="0"/>
</pin_list>
<bind>
<opcode="getelementptr(29) " fcode="getelementptr"/>
<opset="JcoupLocal_0_10_addr/3 "/>
</bind>
</comp>

<comp id="206" class="1004" name="JcoupLocal_0_11_addr_gep_fu_206">
<pin_list>
<pin id="207" dir="0" index="0" bw="512" slack="0"/>
<pin id="208" dir="0" index="1" bw="1" slack="0"/>
<pin id="209" dir="0" index="2" bw="4" slack="0"/>
<pin id="210" dir="1" index="3" bw="4" slack="0"/>
</pin_list>
<bind>
<opcode="getelementptr(29) " fcode="getelementptr"/>
<opset="JcoupLocal_0_11_addr/3 "/>
</bind>
</comp>

<comp id="213" class="1004" name="JcoupLocal_0_12_addr_gep_fu_213">
<pin_list>
<pin id="214" dir="0" index="0" bw="512" slack="0"/>
<pin id="215" dir="0" index="1" bw="1" slack="0"/>
<pin id="216" dir="0" index="2" bw="4" slack="0"/>
<pin id="217" dir="1" index="3" bw="4" slack="0"/>
</pin_list>
<bind>
<opcode="getelementptr(29) " fcode="getelementptr"/>
<opset="JcoupLocal_0_12_addr/3 "/>
</bind>
</comp>

<comp id="220" class="1004" name="JcoupLocal_0_13_addr_gep_fu_220">
<pin_list>
<pin id="221" dir="0" index="0" bw="512" slack="0"/>
<pin id="222" dir="0" index="1" bw="1" slack="0"/>
<pin id="223" dir="0" index="2" bw="4" slack="0"/>
<pin id="224" dir="1" index="3" bw="4" slack="0"/>
</pin_list>
<bind>
<opcode="getelementptr(29) " fcode="getelementptr"/>
<opset="JcoupLocal_0_13_addr/3 "/>
</bind>
</comp>

<comp id="227" class="1004" name="JcoupLocal_0_14_addr_gep_fu_227">
<pin_list>
<pin id="228" dir="0" index="0" bw="512" slack="0"/>
<pin id="229" dir="0" index="1" bw="1" slack="0"/>
<pin id="230" dir="0" index="2" bw="4" slack="0"/>
<pin id="231" dir="1" index="3" bw="4" slack="0"/>
</pin_list>
<bind>
<opcode="getelementptr(29) " fcode="getelementptr"/>
<opset="JcoupLocal_0_14_addr/3 "/>
</bind>
</comp>

<comp id="234" class="1004" name="JcoupLocal_0_15_addr_gep_fu_234">
<pin_list>
<pin id="235" dir="0" index="0" bw="512" slack="0"/>
<pin id="236" dir="0" index="1" bw="1" slack="0"/>
<pin id="237" dir="0" index="2" bw="4" slack="0"/>
<pin id="238" dir="1" index="3" bw="4" slack="0"/>
</pin_list>
<bind>
<opcode="getelementptr(29) " fcode="getelementptr"/>
<opset="JcoupLocal_0_15_addr/3 "/>
</bind>
</comp>

<comp id="241" class="1004" name="store_ln237_access_fu_241">
<pin_list>
<pin id="242" dir="0" index="0" bw="4" slack="0"/>
<pin id="243" dir="0" index="1" bw="512" slack="1"/>
<pin id="244" dir="0" index="2" bw="0" slack="2147483647"/>
<pin id="245" dir="1" index="3" bw="512" slack="2147483647"/>
</pin_list>
<bind>
<opcode="store(28) " fcode="store"/>
<opset="store_ln237/3 "/>
</bind>
</comp>

<comp id="247" class="1004" name="store_ln237_access_fu_247">
<pin_list>
<pin id="248" dir="0" index="0" bw="4" slack="0"/>
<pin id="249" dir="0" index="1" bw="512" slack="1"/>
<pin id="250" dir="0" index="2" bw="0" slack="2147483647"/>
<pin id="251" dir="1" index="3" bw="512" slack="2147483647"/>
</pin_list>
<bind>
<opcode="store(28) " fcode="store"/>
<opset="store_ln237/3 "/>
</bind>
</comp>

<comp id="253" class="1004" name="store_ln237_access_fu_253">
<pin_list>
<pin id="254" dir="0" index="0" bw="4" slack="0"/>
<pin id="255" dir="0" index="1" bw="512" slack="1"/>
<pin id="256" dir="0" index="2" bw="0" slack="2147483647"/>
<pin id="257" dir="1" index="3" bw="512" slack="2147483647"/>
</pin_list>
<bind>
<opcode="store(28) " fcode="store"/>
<opset="store_ln237/3 "/>
</bind>
</comp>

<comp id="259" class="1004" name="store_ln237_access_fu_259">
<pin_list>
<pin id="260" dir="0" index="0" bw="4" slack="0"/>
<pin id="261" dir="0" index="1" bw="512" slack="1"/>
<pin id="262" dir="0" index="2" bw="0" slack="2147483647"/>
<pin id="263" dir="1" index="3" bw="512" slack="2147483647"/>
</pin_list>
<bind>
<opcode="store(28) " fcode="store"/>
<opset="store_ln237/3 "/>
</bind>
</comp>

<comp id="265" class="1004" name="store_ln237_access_fu_265">
<pin_list>
<pin id="266" dir="0" index="0" bw="4" slack="0"/>
<pin id="267" dir="0" index="1" bw="512" slack="1"/>
<pin id="268" dir="0" index="2" bw="0" slack="2147483647"/>
<pin id="269" dir="1" index="3" bw="512" slack="2147483647"/>
</pin_list>
<bind>
<opcode="store(28) " fcode="store"/>
<opset="store_ln237/3 "/>
</bind>
</comp>

<comp id="271" class="1004" name="store_ln237_access_fu_271">
<pin_list>
<pin id="272" dir="0" index="0" bw="4" slack="0"/>
<pin id="273" dir="0" index="1" bw="512" slack="1"/>
<pin id="274" dir="0" index="2" bw="0" slack="2147483647"/>
<pin id="275" dir="1" index="3" bw="512" slack="2147483647"/>
</pin_list>
<bind>
<opcode="store(28) " fcode="store"/>
<opset="store_ln237/3 "/>
</bind>
</comp>

<comp id="277" class="1004" name="store_ln237_access_fu_277">
<pin_list>
<pin id="278" dir="0" index="0" bw="4" slack="0"/>
<pin id="279" dir="0" index="1" bw="512" slack="1"/>
<pin id="280" dir="0" index="2" bw="0" slack="2147483647"/>
<pin id="281" dir="1" index="3" bw="512" slack="2147483647"/>
</pin_list>
<bind>
<opcode="store(28) " fcode="store"/>
<opset="store_ln237/3 "/>
</bind>
</comp>

<comp id="283" class="1004" name="store_ln237_access_fu_283">
<pin_list>
<pin id="284" dir="0" index="0" bw="4" slack="0"/>
<pin id="285" dir="0" index="1" bw="512" slack="1"/>
<pin id="286" dir="0" index="2" bw="0" slack="2147483647"/>
<pin id="287" dir="1" index="3" bw="512" slack="2147483647"/>
</pin_list>
<bind>
<opcode="store(28) " fcode="store"/>
<opset="store_ln237/3 "/>
</bind>
</comp>

<comp id="289" class="1004" name="store_ln237_access_fu_289">
<pin_list>
<pin id="290" dir="0" index="0" bw="4" slack="0"/>
<pin id="291" dir="0" index="1" bw="512" slack="1"/>
<pin id="292" dir="0" index="2" bw="0" slack="2147483647"/>
<pin id="293" dir="1" index="3" bw="512" slack="2147483647"/>
</pin_list>
<bind>
<opcode="store(28) " fcode="store"/>
<opset="store_ln237/3 "/>
</bind>
</comp>

<comp id="295" class="1004" name="store_ln237_access_fu_295">
<pin_list>
<pin id="296" dir="0" index="0" bw="4" slack="0"/>
<pin id="297" dir="0" index="1" bw="512" slack="1"/>
<pin id="298" dir="0" index="2" bw="0" slack="2147483647"/>
<pin id="299" dir="1" index="3" bw="512" slack="2147483647"/>
</pin_list>
<bind>
<opcode="store(28) " fcode="store"/>
<opset="store_ln237/3 "/>
</bind>
</comp>

<comp id="301" class="1004" name="store_ln237_access_fu_301">
<pin_list>
<pin id="302" dir="0" index="0" bw="4" slack="0"/>
<pin id="303" dir="0" index="1" bw="512" slack="1"/>
<pin id="304" dir="0" index="2" bw="0" slack="2147483647"/>
<pin id="305" dir="1" index="3" bw="512" slack="2147483647"/>
</pin_list>
<bind>
<opcode="store(28) " fcode="store"/>
<opset="store_ln237/3 "/>
</bind>
</comp>

<comp id="307" class="1004" name="store_ln237_access_fu_307">
<pin_list>
<pin id="308" dir="0" index="0" bw="4" slack="0"/>
<pin id="309" dir="0" index="1" bw="512" slack="1"/>
<pin id="310" dir="0" index="2" bw="0" slack="2147483647"/>
<pin id="311" dir="1" index="3" bw="512" slack="2147483647"/>
</pin_list>
<bind>
<opcode="store(28) " fcode="store"/>
<opset="store_ln237/3 "/>
</bind>
</comp>

<comp id="313" class="1004" name="store_ln237_access_fu_313">
<pin_list>
<pin id="314" dir="0" index="0" bw="4" slack="0"/>
<pin id="315" dir="0" index="1" bw="512" slack="1"/>
<pin id="316" dir="0" index="2" bw="0" slack="2147483647"/>
<pin id="317" dir="1" index="3" bw="512" slack="2147483647"/>
</pin_list>
<bind>
<opcode="store(28) " fcode="store"/>
<opset="store_ln237/3 "/>
</bind>
</comp>

<comp id="319" class="1004" name="store_ln237_access_fu_319">
<pin_list>
<pin id="320" dir="0" index="0" bw="4" slack="0"/>
<pin id="321" dir="0" index="1" bw="512" slack="1"/>
<pin id="322" dir="0" index="2" bw="0" slack="2147483647"/>
<pin id="323" dir="1" index="3" bw="512" slack="2147483647"/>
</pin_list>
<bind>
<opcode="store(28) " fcode="store"/>
<opset="store_ln237/3 "/>
</bind>
</comp>

<comp id="325" class="1004" name="store_ln237_access_fu_325">
<pin_list>
<pin id="326" dir="0" index="0" bw="4" slack="0"/>
<pin id="327" dir="0" index="1" bw="512" slack="1"/>
<pin id="328" dir="0" index="2" bw="0" slack="2147483647"/>
<pin id="329" dir="1" index="3" bw="512" slack="2147483647"/>
</pin_list>
<bind>
<opcode="store(28) " fcode="store"/>
<opset="store_ln237/3 "/>
</bind>
</comp>

<comp id="331" class="1004" name="store_ln237_access_fu_331">
<pin_list>
<pin id="332" dir="0" index="0" bw="4" slack="0"/>
<pin id="333" dir="0" index="1" bw="512" slack="1"/>
<pin id="334" dir="0" index="2" bw="0" slack="2147483647"/>
<pin id="335" dir="1" index="3" bw="512" slack="2147483647"/>
</pin_list>
<bind>
<opcode="store(28) " fcode="store"/>
<opset="store_ln237/3 "/>
</bind>
</comp>

<comp id="337" class="1004" name="sext_ln235_cast_fu_337">
<pin_list>
<pin id="338" dir="0" index="0" bw="58" slack="0"/>
<pin id="339" dir="1" index="1" bw="64" slack="1"/>
</pin_list>
<bind>
<opcode="sext(35) " fcode="sext"/>
<opset="sext_ln235_cast/1 "/>
</bind>
</comp>

<comp id="341" class="1004" name="store_ln0_store_fu_341">
<pin_list>
<pin id="342" dir="0" index="0" bw="1" slack="0"/>
<pin id="343" dir="0" index="1" bw="9" slack="0"/>
<pin id="344" dir="1" index="2" bw="0" slack="2147483647"/>
</pin_list>
<bind>
<opcode="store(28) " fcode="store"/>
<opset="store_ln0/1 "/>
</bind>
</comp>

<comp id="346" class="1004" name="packOfst_2_load_fu_346">
<pin_list>
<pin id="347" dir="0" index="0" bw="9" slack="0"/>
<pin id="348" dir="1" index="1" bw="9" slack="0"/>
</pin_list>
<bind>
<opcode="load(27) " fcode="load"/>
<opset="packOfst_2/1 "/>
</bind>
</comp>

<comp id="349" class="1004" name="icmp_ln235_fu_349">
<pin_list>
<pin id="350" dir="0" index="0" bw="9" slack="0"/>
<pin id="351" dir="0" index="1" bw="9" slack="0"/>
<pin id="352" dir="1" index="2" bw="1" slack="1"/>
</pin_list>
<bind>
<opcode="icmp(45) " fcode="icmp"/>
<opset="icmp_ln235/1 "/>
</bind>
</comp>

<comp id="355" class="1004" name="add_ln235_fu_355">
<pin_list>
<pin id="356" dir="0" index="0" bw="9" slack="0"/>
<pin id="357" dir="0" index="1" bw="1" slack="0"/>
<pin id="358" dir="1" index="2" bw="9" slack="0"/>
</pin_list>
<bind>
<opcode="add(8) " fcode="add"/>
<opset="add_ln235/1 "/>
</bind>
</comp>

<comp id="361" class="1004" name="trunc_ln237_fu_361">
<pin_list>
<pin id="362" dir="0" index="0" bw="9" slack="0"/>
<pin id="363" dir="1" index="1" bw="4" slack="2"/>
</pin_list>
<bind>
<opcode="trunc(33) " fcode="trunc"/>
<opset="trunc_ln237/1 "/>
</bind>
</comp>

<comp id="365" class="1004" name="lshr_ln237_s_fu_365">
<pin_list>
<pin id="366" dir="0" index="0" bw="4" slack="0"/>
<pin id="367" dir="0" index="1" bw="9" slack="0"/>
<pin id="368" dir="0" index="2" bw="4" slack="0"/>
<pin id="369" dir="0" index="3" bw="4" slack="0"/>
<pin id="370" dir="1" index="4" bw="4" slack="2"/>
</pin_list>
<bind>
<opcode="partselect(1002) " fcode="partselect"/>
<opset="lshr_ln237_s/1 "/>
</bind>
</comp>

<comp id="375" class="1004" name="store_ln235_store_fu_375">
<pin_list>
<pin id="376" dir="0" index="0" bw="9" slack="0"/>
<pin id="377" dir="0" index="1" bw="9" slack="0"/>
<pin id="378" dir="1" index="2" bw="0" slack="2147483647"/>
</pin_list>
<bind>
<opcode="store(28) " fcode="store"/>
<opset="store_ln235/1 "/>
</bind>
</comp>

<comp id="380" class="1004" name="gmem_addr_fu_380">
<pin_list>
<pin id="381" dir="0" index="0" bw="512" slack="0"/>
<pin id="382" dir="0" index="1" bw="58" slack="1"/>
<pin id="383" dir="1" index="2" bw="512" slack="0"/>
</pin_list>
<bind>
<opcode="getelementptr(29) " fcode="getelementptr"/>
<opset="gmem_addr/2 "/>
</bind>
</comp>

<comp id="386" class="1004" name="zext_ln237_fu_386">
<pin_list>
<pin id="387" dir="0" index="0" bw="4" slack="2"/>
<pin id="388" dir="1" index="1" bw="64" slack="0"/>
</pin_list>
<bind>
<opcode="zext(34) " fcode="zext"/>
<opset="zext_ln237/3 "/>
</bind>
</comp>

<comp id="405" class="1005" name="packOfst_reg_405">
<pin_list>
<pin id="406" dir="0" index="0" bw="9" slack="0"/>
<pin id="407" dir="1" index="1" bw="9" slack="0"/>
</pin_list>
<bind>
<opset="packOfst "/>
</bind>
</comp>

<comp id="412" class="1005" name="sext_ln235_cast_reg_412">
<pin_list>
<pin id="413" dir="0" index="0" bw="64" slack="1"/>
<pin id="414" dir="1" index="1" bw="64" slack="1"/>
</pin_list>
<bind>
<opset="sext_ln235_cast "/>
</bind>
</comp>

<comp id="417" class="1005" name="icmp_ln235_reg_417">
<pin_list>
<pin id="418" dir="0" index="0" bw="1" slack="1"/>
<pin id="419" dir="1" index="1" bw="1" slack="2147483647"/>
</pin_list>
<bind>
<opset="icmp_ln235 "/>
</bind>
</comp>

<comp id="421" class="1005" name="trunc_ln237_reg_421">
<pin_list>
<pin id="422" dir="0" index="0" bw="4" slack="2"/>
<pin id="423" dir="1" index="1" bw="4" slack="2147483647"/>
</pin_list>
<bind>
<opset="trunc_ln237 "/>
</bind>
</comp>

<comp id="425" class="1005" name="lshr_ln237_s_reg_425">
<pin_list>
<pin id="426" dir="0" index="0" bw="4" slack="2"/>
<pin id="427" dir="1" index="1" bw="4" slack="2"/>
</pin_list>
<bind>
<opset="lshr_ln237_s "/>
</bind>
</comp>

<comp id="430" class="1005" name="gmem_addr_read_reg_430">
<pin_list>
<pin id="431" dir="0" index="0" bw="512" slack="1"/>
<pin id="432" dir="1" index="1" bw="512" slack="1"/>
</pin_list>
<bind>
<opset="gmem_addr_read "/>
</bind>
</comp>

</comp_list>

<net_list>
<net id="117"><net_src comp="36" pin="0"/><net_sink comp="114" pin=0"/></net>

<net id="122"><net_src comp="38" pin="0"/><net_sink comp="118" pin=0"/></net>

<net id="123"><net_src comp="2" pin="0"/><net_sink comp="118" pin=1"/></net>

<net id="128"><net_src comp="102" pin="0"/><net_sink comp="124" pin=0"/></net>

<net id="134"><net_src comp="4" pin="0"/><net_sink comp="129" pin=0"/></net>

<net id="135"><net_src comp="112" pin="0"/><net_sink comp="129" pin=1"/></net>

<net id="141"><net_src comp="6" pin="0"/><net_sink comp="136" pin=0"/></net>

<net id="142"><net_src comp="112" pin="0"/><net_sink comp="136" pin=1"/></net>

<net id="148"><net_src comp="8" pin="0"/><net_sink comp="143" pin=0"/></net>

<net id="149"><net_src comp="112" pin="0"/><net_sink comp="143" pin=1"/></net>

<net id="155"><net_src comp="10" pin="0"/><net_sink comp="150" pin=0"/></net>

<net id="156"><net_src comp="112" pin="0"/><net_sink comp="150" pin=1"/></net>

<net id="162"><net_src comp="12" pin="0"/><net_sink comp="157" pin=0"/></net>

<net id="163"><net_src comp="112" pin="0"/><net_sink comp="157" pin=1"/></net>

<net id="169"><net_src comp="14" pin="0"/><net_sink comp="164" pin=0"/></net>

<net id="170"><net_src comp="112" pin="0"/><net_sink comp="164" pin=1"/></net>

<net id="176"><net_src comp="16" pin="0"/><net_sink comp="171" pin=0"/></net>

<net id="177"><net_src comp="112" pin="0"/><net_sink comp="171" pin=1"/></net>

<net id="183"><net_src comp="18" pin="0"/><net_sink comp="178" pin=0"/></net>

<net id="184"><net_src comp="112" pin="0"/><net_sink comp="178" pin=1"/></net>

<net id="190"><net_src comp="20" pin="0"/><net_sink comp="185" pin=0"/></net>

<net id="191"><net_src comp="112" pin="0"/><net_sink comp="185" pin=1"/></net>

<net id="197"><net_src comp="22" pin="0"/><net_sink comp="192" pin=0"/></net>

<net id="198"><net_src comp="112" pin="0"/><net_sink comp="192" pin=1"/></net>

<net id="204"><net_src comp="24" pin="0"/><net_sink comp="199" pin=0"/></net>

<net id="205"><net_src comp="112" pin="0"/><net_sink comp="199" pin=1"/></net>

<net id="211"><net_src comp="26" pin="0"/><net_sink comp="206" pin=0"/></net>

<net id="212"><net_src comp="112" pin="0"/><net_sink comp="206" pin=1"/></net>

<net id="218"><net_src comp="28" pin="0"/><net_sink comp="213" pin=0"/></net>

<net id="219"><net_src comp="112" pin="0"/><net_sink comp="213" pin=1"/></net>

<net id="225"><net_src comp="30" pin="0"/><net_sink comp="220" pin=0"/></net>

<net id="226"><net_src comp="112" pin="0"/><net_sink comp="220" pin=1"/></net>

<net id="232"><net_src comp="32" pin="0"/><net_sink comp="227" pin=0"/></net>

<net id="233"><net_src comp="112" pin="0"/><net_sink comp="227" pin=1"/></net>

<net id="239"><net_src comp="34" pin="0"/><net_sink comp="234" pin=0"/></net>

<net id="240"><net_src comp="112" pin="0"/><net_sink comp="234" pin=1"/></net>

<net id="246"><net_src comp="227" pin="3"/><net_sink comp="241" pin=0"/></net>

<net id="252"><net_src comp="220" pin="3"/><net_sink comp="247" pin=0"/></net>

<net id="258"><net_src comp="213" pin="3"/><net_sink comp="253" pin=0"/></net>

<net id="264"><net_src comp="206" pin="3"/><net_sink comp="259" pin=0"/></net>

<net id="270"><net_src comp="199" pin="3"/><net_sink comp="265" pin=0"/></net>

<net id="276"><net_src comp="192" pin="3"/><net_sink comp="271" pin=0"/></net>

<net id="282"><net_src comp="185" pin="3"/><net_sink comp="277" pin=0"/></net>

<net id="288"><net_src comp="178" pin="3"/><net_sink comp="283" pin=0"/></net>

<net id="294"><net_src comp="171" pin="3"/><net_sink comp="289" pin=0"/></net>

<net id="300"><net_src comp="164" pin="3"/><net_sink comp="295" pin=0"/></net>

<net id="306"><net_src comp="157" pin="3"/><net_sink comp="301" pin=0"/></net>

<net id="312"><net_src comp="150" pin="3"/><net_sink comp="307" pin=0"/></net>

<net id="318"><net_src comp="143" pin="3"/><net_sink comp="313" pin=0"/></net>

<net id="324"><net_src comp="136" pin="3"/><net_sink comp="319" pin=0"/></net>

<net id="330"><net_src comp="129" pin="3"/><net_sink comp="325" pin=0"/></net>

<net id="336"><net_src comp="234" pin="3"/><net_sink comp="331" pin=0"/></net>

<net id="340"><net_src comp="118" pin="2"/><net_sink comp="337" pin=0"/></net>

<net id="345"><net_src comp="56" pin="0"/><net_sink comp="341" pin=0"/></net>

<net id="353"><net_src comp="346" pin="1"/><net_sink comp="349" pin=0"/></net>

<net id="354"><net_src comp="58" pin="0"/><net_sink comp="349" pin=1"/></net>

<net id="359"><net_src comp="346" pin="1"/><net_sink comp="355" pin=0"/></net>

<net id="360"><net_src comp="60" pin="0"/><net_sink comp="355" pin=1"/></net>

<net id="364"><net_src comp="346" pin="1"/><net_sink comp="361" pin=0"/></net>

<net id="371"><net_src comp="62" pin="0"/><net_sink comp="365" pin=0"/></net>

<net id="372"><net_src comp="346" pin="1"/><net_sink comp="365" pin=1"/></net>

<net id="373"><net_src comp="64" pin="0"/><net_sink comp="365" pin=2"/></net>

<net id="374"><net_src comp="66" pin="0"/><net_sink comp="365" pin=3"/></net>

<net id="379"><net_src comp="355" pin="2"/><net_sink comp="375" pin=0"/></net>

<net id="384"><net_src comp="0" pin="0"/><net_sink comp="380" pin=0"/></net>

<net id="385"><net_src comp="380" pin="2"/><net_sink comp="124" pin=1"/></net>

<net id="389"><net_src comp="386" pin="1"/><net_sink comp="129" pin=2"/></net>

<net id="390"><net_src comp="386" pin="1"/><net_sink comp="136" pin=2"/></net>

<net id="391"><net_src comp="386" pin="1"/><net_sink comp="143" pin=2"/></net>

<net id="392"><net_src comp="386" pin="1"/><net_sink comp="150" pin=2"/></net>

<net id="393"><net_src comp="386" pin="1"/><net_sink comp="157" pin=2"/></net>

<net id="394"><net_src comp="386" pin="1"/><net_sink comp="164" pin=2"/></net>

<net id="395"><net_src comp="386" pin="1"/><net_sink comp="171" pin=2"/></net>

<net id="396"><net_src comp="386" pin="1"/><net_sink comp="178" pin=2"/></net>

<net id="397"><net_src comp="386" pin="1"/><net_sink comp="185" pin=2"/></net>

<net id="398"><net_src comp="386" pin="1"/><net_sink comp="192" pin=2"/></net>

<net id="399"><net_src comp="386" pin="1"/><net_sink comp="199" pin=2"/></net>

<net id="400"><net_src comp="386" pin="1"/><net_sink comp="206" pin=2"/></net>

<net id="401"><net_src comp="386" pin="1"/><net_sink comp="213" pin=2"/></net>

<net id="402"><net_src comp="386" pin="1"/><net_sink comp="220" pin=2"/></net>

<net id="403"><net_src comp="386" pin="1"/><net_sink comp="227" pin=2"/></net>

<net id="404"><net_src comp="386" pin="1"/><net_sink comp="234" pin=2"/></net>

<net id="408"><net_src comp="114" pin="1"/><net_sink comp="405" pin=0"/></net>

<net id="409"><net_src comp="405" pin="1"/><net_sink comp="341" pin=1"/></net>

<net id="410"><net_src comp="405" pin="1"/><net_sink comp="346" pin=0"/></net>

<net id="411"><net_src comp="405" pin="1"/><net_sink comp="375" pin=1"/></net>

<net id="415"><net_src comp="337" pin="1"/><net_sink comp="412" pin=0"/></net>

<net id="416"><net_src comp="412" pin="1"/><net_sink comp="380" pin=1"/></net>

<net id="420"><net_src comp="349" pin="2"/><net_sink comp="417" pin=0"/></net>

<net id="424"><net_src comp="361" pin="1"/><net_sink comp="421" pin=0"/></net>

<net id="428"><net_src comp="365" pin="4"/><net_sink comp="425" pin=0"/></net>

<net id="429"><net_src comp="425" pin="1"/><net_sink comp="386" pin=0"/></net>

<net id="433"><net_src comp="124" pin="2"/><net_sink comp="430" pin=0"/></net>

<net id="434"><net_src comp="430" pin="1"/><net_sink comp="241" pin=1"/></net>

<net id="435"><net_src comp="430" pin="1"/><net_sink comp="247" pin=1"/></net>

<net id="436"><net_src comp="430" pin="1"/><net_sink comp="253" pin=1"/></net>

<net id="437"><net_src comp="430" pin="1"/><net_sink comp="259" pin=1"/></net>

<net id="438"><net_src comp="430" pin="1"/><net_sink comp="265" pin=1"/></net>

<net id="439"><net_src comp="430" pin="1"/><net_sink comp="271" pin=1"/></net>

<net id="440"><net_src comp="430" pin="1"/><net_sink comp="277" pin=1"/></net>

<net id="441"><net_src comp="430" pin="1"/><net_sink comp="283" pin=1"/></net>

<net id="442"><net_src comp="430" pin="1"/><net_sink comp="289" pin=1"/></net>

<net id="443"><net_src comp="430" pin="1"/><net_sink comp="295" pin=1"/></net>

<net id="444"><net_src comp="430" pin="1"/><net_sink comp="301" pin=1"/></net>

<net id="445"><net_src comp="430" pin="1"/><net_sink comp="307" pin=1"/></net>

<net id="446"><net_src comp="430" pin="1"/><net_sink comp="313" pin=1"/></net>

<net id="447"><net_src comp="430" pin="1"/><net_sink comp="319" pin=1"/></net>

<net id="448"><net_src comp="430" pin="1"/><net_sink comp="325" pin=1"/></net>

<net id="449"><net_src comp="430" pin="1"/><net_sink comp="331" pin=1"/></net>

</net_list>

</model> 
---------------- Datapath Model END ------------------

* FSMD analyzer results:
  - Output states:
	Port: JcoupLocal_0_0 | {3 }
	Port: JcoupLocal_0_1 | {3 }
	Port: JcoupLocal_0_2 | {3 }
	Port: JcoupLocal_0_3 | {3 }
	Port: JcoupLocal_0_4 | {3 }
	Port: JcoupLocal_0_5 | {3 }
	Port: JcoupLocal_0_6 | {3 }
	Port: JcoupLocal_0_7 | {3 }
	Port: JcoupLocal_0_8 | {3 }
	Port: JcoupLocal_0_9 | {3 }
	Port: JcoupLocal_0_10 | {3 }
	Port: JcoupLocal_0_11 | {3 }
	Port: JcoupLocal_0_12 | {3 }
	Port: JcoupLocal_0_13 | {3 }
	Port: JcoupLocal_0_14 | {3 }
	Port: JcoupLocal_0_15 | {3 }
 - Input state : 
	Port: QuantumMonteCarloU50_Pipeline_READ_NEW_JCOUP : gmem | {2 }
	Port: QuantumMonteCarloU50_Pipeline_READ_NEW_JCOUP : sext_ln235 | {1 }
  - Chain level:
	State 1
		store_ln0 : 1
		packOfst_2 : 1
		icmp_ln235 : 2
		add_ln235 : 2
		br_ln235 : 3
		trunc_ln237 : 2
		lshr_ln237_s : 2
		switch_ln237 : 3
		store_ln235 : 3
	State 2
		gmem_addr_read : 1
	State 3
		JcoupLocal_0_0_addr : 1
		JcoupLocal_0_1_addr : 1
		JcoupLocal_0_2_addr : 1
		JcoupLocal_0_3_addr : 1
		JcoupLocal_0_4_addr : 1
		JcoupLocal_0_5_addr : 1
		JcoupLocal_0_6_addr : 1
		JcoupLocal_0_7_addr : 1
		JcoupLocal_0_8_addr : 1
		JcoupLocal_0_9_addr : 1
		JcoupLocal_0_10_addr : 1
		JcoupLocal_0_11_addr : 1
		JcoupLocal_0_12_addr : 1
		JcoupLocal_0_13_addr : 1
		JcoupLocal_0_14_addr : 1
		JcoupLocal_0_15_addr : 1
		store_ln237 : 2
		store_ln237 : 2
		store_ln237 : 2
		store_ln237 : 2
		store_ln237 : 2
		store_ln237 : 2
		store_ln237 : 2
		store_ln237 : 2
		store_ln237 : 2
		store_ln237 : 2
		store_ln237 : 2
		store_ln237 : 2
		store_ln237 : 2
		store_ln237 : 2
		store_ln237 : 2
		store_ln237 : 2


============================================================
+ Verbose Summary: Datapath Resource usage 
============================================================

* Functional unit list:
|----------|-----------------------------|---------|---------|
| Operation|       Functional Unit       |    FF   |   LUT   |
|----------|-----------------------------|---------|---------|
|    add   |       add_ln235_fu_355      |    0    |    16   |
|----------|-----------------------------|---------|---------|
|   icmp   |      icmp_ln235_fu_349      |    0    |    11   |
|----------|-----------------------------|---------|---------|
|   read   | sext_ln235_read_read_fu_118 |    0    |    0    |
|          |  gmem_addr_read_read_fu_124 |    0    |    0    |
|----------|-----------------------------|---------|---------|
|   sext   |    sext_ln235_cast_fu_337   |    0    |    0    |
|----------|-----------------------------|---------|---------|
|   trunc  |      trunc_ln237_fu_361     |    0    |    0    |
|----------|-----------------------------|---------|---------|
|partselect|     lshr_ln237_s_fu_365     |    0    |    0    |
|----------|-----------------------------|---------|---------|
|   zext   |      zext_ln237_fu_386      |    0    |    0    |
|----------|-----------------------------|---------|---------|
|   Total  |                             |    0    |    27   |
|----------|-----------------------------|---------|---------|

Memories:
N/A

* Register list:
+-----------------------+--------+
|                       |   FF   |
+-----------------------+--------+
| gmem_addr_read_reg_430|   512  |
|   icmp_ln235_reg_417  |    1   |
|  lshr_ln237_s_reg_425 |    4   |
|    packOfst_reg_405   |    9   |
|sext_ln235_cast_reg_412|   64   |
|  trunc_ln237_reg_421  |    4   |
+-----------------------+--------+
|         Total         |   594  |
+-----------------------+--------+

* Multiplexer (MUX) list: 
|--------|------|------|------|--------|
|  Comp  |  Pin | Size |  BW  | S x BW |
|--------|------|------|------|--------|
|  Total |      |      |      |    0   |
|--------|------|------|------|--------|



* Summary:
+-----------+--------+--------+
|           |   FF   |   LUT  |
+-----------+--------+--------+
|  Function |    0   |   27   |
|   Memory  |    -   |    -   |
|Multiplexer|    -   |    -   |
|  Register |   594  |    -   |
+-----------+--------+--------+
|   Total   |   594  |   27   |
+-----------+--------+--------+
