

================================================================
== Vitis HLS Report for 'QuantumMonteCarloU50_Pipeline_READ_JCOUP'
================================================================
* Date:           Thu Sep 16 05:26:47 2021

* Version:        2021.1 (Build 3247384 on Thu Jun 10 19:36:33 MDT 2021)
* Project:        SQA-Vitis
* Solution:       solution1 (Vitis Kernel Flow Target)
* Product family: virtexuplus
* Target device:  xcvu35p-fsvh2892-2-e


================================================================
== Performance Estimates
================================================================
+ Timing: 
    * Summary: 
    +--------+---------+----------+------------+
    |  Clock |  Target | Estimated| Uncertainty|
    +--------+---------+----------+------------+
    |ap_clk  |  3.33 ns|  2.433 ns|     0.90 ns|
    +--------+---------+----------+------------+

+ Latency: 
    * Summary: 
    +---------+---------+----------+----------+-----+-----+---------+
    |  Latency (cycles) |  Latency (absolute) |  Interval | Pipeline|
    |   min   |   max   |    min   |    max   | min | max |   Type  |
    +---------+---------+----------+----------+-----+-----+---------+
    |      259|      259|  0.863 us|  0.863 us|  259|  259|       no|
    +---------+---------+----------+----------+-----+-----+---------+

    + Detail: 
        * Instance: 
        N/A

        * Loop: 
        +--------------+---------+---------+----------+-----------+-----------+------+----------+
        |              |  Latency (cycles) | Iteration|  Initiation Interval  | Trip |          |
        |   Loop Name  |   min   |   max   |  Latency |  achieved |   target  | Count| Pipelined|
        +--------------+---------+---------+----------+-----------+-----------+------+----------+
        |- READ_JCOUP  |      257|      257|         3|          1|          1|   256|       yes|
        +--------------+---------+---------+----------+-----------+-----------+------+----------+



================================================================
== Utilization Estimates
================================================================
* Summary: 
+---------------------+---------+------+---------+--------+-----+
|         Name        | BRAM_18K|  DSP |    FF   |   LUT  | URAM|
+---------------------+---------+------+---------+--------+-----+
|DSP                  |        -|     -|        -|       -|    -|
|Expression           |        -|     -|        0|      33|    -|
|FIFO                 |        -|     -|        -|       -|    -|
|Instance             |        -|     -|        -|       -|    -|
|Memory               |        -|     -|        -|       -|    -|
|Multiplexer          |        -|     -|        -|      45|    -|
|Register             |        -|     -|      543|       -|    -|
+---------------------+---------+------+---------+--------+-----+
|Total                |        0|     0|      543|      78|    0|
+---------------------+---------+------+---------+--------+-----+
|Available SLR        |     1344|  2976|   871680|  435840|  320|
+---------------------+---------+------+---------+--------+-----+
|Utilization SLR (%)  |        0|     0|       ~0|      ~0|    0|
+---------------------+---------+------+---------+--------+-----+
|Available            |     2688|  5952|  1743360|  871680|  640|
+---------------------+---------+------+---------+--------+-----+
|Utilization (%)      |        0|     0|       ~0|      ~0|    0|
+---------------------+---------+------+---------+--------+-----+

+ Detail: 
    * Instance: 
    N/A

    * DSP: 
    N/A

    * Memory: 
    N/A

    * FIFO: 
    N/A

    * Expression: 
    +----------------------------------+----------+----+---+----+------------+------------+
    |           Variable Name          | Operation| DSP| FF| LUT| Bitwidth P0| Bitwidth P1|
    +----------------------------------+----------+----+---+----+------------+------------+
    |add_ln314_fu_113_p2               |         +|   0|  0|  16|           9|           1|
    |ap_block_pp0_stage0_11001         |       and|   0|  0|   2|           1|           1|
    |ap_block_state2_pp0_stage0_iter1  |       and|   0|  0|   2|           1|           1|
    |icmp_ln314_fu_107_p2              |      icmp|   0|  0|  11|           9|          10|
    |ap_enable_pp0                     |       xor|   0|  0|   2|           1|           2|
    +----------------------------------+----------+----+---+----+------------+------------+
    |Total                             |          |   0|  0|  33|          21|          15|
    +----------------------------------+----------+----+---+----+------------+------------+

    * Multiplexer: 
    +-------------------------+----+-----------+-----+-----------+
    |           Name          | LUT| Input Size| Bits| Total Bits|
    +-------------------------+----+-----------+-----+-----------+
    |ap_done_int              |   9|          2|    1|          2|
    |ap_enable_reg_pp0_iter2  |   9|          2|    1|          2|
    |ap_sig_allocacmp_ofst_3  |   9|          2|    9|         18|
    |gmem1_blk_n_R            |   9|          2|    1|          2|
    |ofst_fu_54               |   9|          2|    9|         18|
    +-------------------------+----+-----------+-----+-----------+
    |Total                    |  45|         10|   21|         42|
    +-------------------------+----+-----------+-----+-----------+

    * Register: 
    +------------------------------------+-----+----+-----+-----------+
    |                Name                |  FF | LUT| Bits| Const Bits|
    +------------------------------------+-----+----+-----+-----------+
    |ap_CS_fsm                           |    1|   0|    1|          0|
    |ap_done_reg                         |    1|   0|    1|          0|
    |ap_enable_reg_pp0_iter1             |    1|   0|    1|          0|
    |ap_enable_reg_pp0_iter2             |    1|   0|    1|          0|
    |ap_loop_exit_ready_pp0_iter1_reg    |    1|   0|    1|          0|
    |gmem1_addr_read_reg_174             |  512|   0|  512|          0|
    |icmp_ln314_reg_161                  |    1|   0|    1|          0|
    |lshr_ln316_s_reg_169                |    7|   0|    7|          0|
    |lshr_ln316_s_reg_169_pp0_iter1_reg  |    7|   0|    7|          0|
    |ofst_fu_54                          |    9|   0|    9|          0|
    |trunc_ln316_reg_165                 |    1|   0|    1|          0|
    |trunc_ln316_reg_165_pp0_iter1_reg   |    1|   0|    1|          0|
    +------------------------------------+-----+----+-----+-----------+
    |Total                               |  543|   0|  543|          0|
    +------------------------------------+-----+----+-----+-----------+



================================================================
== Interface
================================================================
* Summary: 
+--------------------------+-----+-----+------------+------------------------------------------+--------------+
|         RTL Ports        | Dir | Bits|  Protocol  |               Source Object              |    C Type    |
+--------------------------+-----+-----+------------+------------------------------------------+--------------+
|ap_clk                    |   in|    1|  ap_ctrl_hs|  QuantumMonteCarloU50_Pipeline_READ_JCOUP|  return value|
|ap_rst                    |   in|    1|  ap_ctrl_hs|  QuantumMonteCarloU50_Pipeline_READ_JCOUP|  return value|
|ap_start                  |   in|    1|  ap_ctrl_hs|  QuantumMonteCarloU50_Pipeline_READ_JCOUP|  return value|
|ap_done                   |  out|    1|  ap_ctrl_hs|  QuantumMonteCarloU50_Pipeline_READ_JCOUP|  return value|
|ap_idle                   |  out|    1|  ap_ctrl_hs|  QuantumMonteCarloU50_Pipeline_READ_JCOUP|  return value|
|ap_ready                  |  out|    1|  ap_ctrl_hs|  QuantumMonteCarloU50_Pipeline_READ_JCOUP|  return value|
|m_axi_gmem1_AWVALID       |  out|    1|       m_axi|                                     gmem1|       pointer|
|m_axi_gmem1_AWREADY       |   in|    1|       m_axi|                                     gmem1|       pointer|
|m_axi_gmem1_AWADDR        |  out|   64|       m_axi|                                     gmem1|       pointer|
|m_axi_gmem1_AWID          |  out|    1|       m_axi|                                     gmem1|       pointer|
|m_axi_gmem1_AWLEN         |  out|   32|       m_axi|                                     gmem1|       pointer|
|m_axi_gmem1_AWSIZE        |  out|    3|       m_axi|                                     gmem1|       pointer|
|m_axi_gmem1_AWBURST       |  out|    2|       m_axi|                                     gmem1|       pointer|
|m_axi_gmem1_AWLOCK        |  out|    2|       m_axi|                                     gmem1|       pointer|
|m_axi_gmem1_AWCACHE       |  out|    4|       m_axi|                                     gmem1|       pointer|
|m_axi_gmem1_AWPROT        |  out|    3|       m_axi|                                     gmem1|       pointer|
|m_axi_gmem1_AWQOS         |  out|    4|       m_axi|                                     gmem1|       pointer|
|m_axi_gmem1_AWREGION      |  out|    4|       m_axi|                                     gmem1|       pointer|
|m_axi_gmem1_AWUSER        |  out|    1|       m_axi|                                     gmem1|       pointer|
|m_axi_gmem1_WVALID        |  out|    1|       m_axi|                                     gmem1|       pointer|
|m_axi_gmem1_WREADY        |   in|    1|       m_axi|                                     gmem1|       pointer|
|m_axi_gmem1_WDATA         |  out|  512|       m_axi|                                     gmem1|       pointer|
|m_axi_gmem1_WSTRB         |  out|   64|       m_axi|                                     gmem1|       pointer|
|m_axi_gmem1_WLAST         |  out|    1|       m_axi|                                     gmem1|       pointer|
|m_axi_gmem1_WID           |  out|    1|       m_axi|                                     gmem1|       pointer|
|m_axi_gmem1_WUSER         |  out|    1|       m_axi|                                     gmem1|       pointer|
|m_axi_gmem1_ARVALID       |  out|    1|       m_axi|                                     gmem1|       pointer|
|m_axi_gmem1_ARREADY       |   in|    1|       m_axi|                                     gmem1|       pointer|
|m_axi_gmem1_ARADDR        |  out|   64|       m_axi|                                     gmem1|       pointer|
|m_axi_gmem1_ARID          |  out|    1|       m_axi|                                     gmem1|       pointer|
|m_axi_gmem1_ARLEN         |  out|   32|       m_axi|                                     gmem1|       pointer|
|m_axi_gmem1_ARSIZE        |  out|    3|       m_axi|                                     gmem1|       pointer|
|m_axi_gmem1_ARBURST       |  out|    2|       m_axi|                                     gmem1|       pointer|
|m_axi_gmem1_ARLOCK        |  out|    2|       m_axi|                                     gmem1|       pointer|
|m_axi_gmem1_ARCACHE       |  out|    4|       m_axi|                                     gmem1|       pointer|
|m_axi_gmem1_ARPROT        |  out|    3|       m_axi|                                     gmem1|       pointer|
|m_axi_gmem1_ARQOS         |  out|    4|       m_axi|                                     gmem1|       pointer|
|m_axi_gmem1_ARREGION      |  out|    4|       m_axi|                                     gmem1|       pointer|
|m_axi_gmem1_ARUSER        |  out|    1|       m_axi|                                     gmem1|       pointer|
|m_axi_gmem1_RVALID        |   in|    1|       m_axi|                                     gmem1|       pointer|
|m_axi_gmem1_RREADY        |  out|    1|       m_axi|                                     gmem1|       pointer|
|m_axi_gmem1_RDATA         |   in|  512|       m_axi|                                     gmem1|       pointer|
|m_axi_gmem1_RLAST         |   in|    1|       m_axi|                                     gmem1|       pointer|
|m_axi_gmem1_RID           |   in|    1|       m_axi|                                     gmem1|       pointer|
|m_axi_gmem1_RUSER         |   in|    1|       m_axi|                                     gmem1|       pointer|
|m_axi_gmem1_RRESP         |   in|    2|       m_axi|                                     gmem1|       pointer|
|m_axi_gmem1_BVALID        |   in|    1|       m_axi|                                     gmem1|       pointer|
|m_axi_gmem1_BREADY        |  out|    1|       m_axi|                                     gmem1|       pointer|
|m_axi_gmem1_BRESP         |   in|    2|       m_axi|                                     gmem1|       pointer|
|m_axi_gmem1_BID           |   in|    1|       m_axi|                                     gmem1|       pointer|
|m_axi_gmem1_BUSER         |   in|    1|       m_axi|                                     gmem1|       pointer|
|sext_ln314                |   in|   58|     ap_none|                                sext_ln314|        scalar|
|jcoup_local_0_0_address0  |  out|    7|   ap_memory|                           jcoup_local_0_0|         array|
|jcoup_local_0_0_ce0       |  out|    1|   ap_memory|                           jcoup_local_0_0|         array|
|jcoup_local_0_0_we0       |  out|    1|   ap_memory|                           jcoup_local_0_0|         array|
|jcoup_local_0_0_d0        |  out|  512|   ap_memory|                           jcoup_local_0_0|         array|
|jcoup_local_0_1_address0  |  out|    7|   ap_memory|                           jcoup_local_0_1|         array|
|jcoup_local_0_1_ce0       |  out|    1|   ap_memory|                           jcoup_local_0_1|         array|
|jcoup_local_0_1_we0       |  out|    1|   ap_memory|                           jcoup_local_0_1|         array|
|jcoup_local_0_1_d0        |  out|  512|   ap_memory|                           jcoup_local_0_1|         array|
+--------------------------+-----+-----+------------+------------------------------------------+--------------+

