

================================================================
== Vitis HLS Report for 'QuantumMonteCarloU50_Pipeline_READ_TROTTERS_READ_TROTTERS_1'
================================================================
* Date:           Thu Sep 16 05:26:46 2021

* Version:        2021.1 (Build 3247384 on Thu Jun 10 19:36:33 MDT 2021)
* Project:        SQA-Vitis
* Solution:       solution1 (Vitis Kernel Flow Target)
* Product family: virtexuplus
* Target device:  xcvu35p-fsvh2892-2-e


================================================================
== Performance Estimates
================================================================
+ Timing: 
    * Summary: 
    +--------+---------+----------+------------+
    |  Clock |  Target | Estimated| Uncertainty|
    +--------+---------+----------+------------+
    |ap_clk  |  3.33 ns|  2.433 ns|     0.90 ns|
    +--------+---------+----------+------------+

+ Latency: 
    * Summary: 
    +---------+---------+----------+----------+------+------+---------+
    |  Latency (cycles) |  Latency (absolute) |   Interval  | Pipeline|
    |   min   |   max   |    min   |    max   |  min |  max |   Type  |
    +---------+---------+----------+----------+------+------+---------+
    |     1027|     1027|  3.423 us|  3.423 us|  1027|  1027|       no|
    +---------+---------+----------+----------+------+------+---------+

    + Detail: 
        * Instance: 
        N/A

        * Loop: 
        +---------------------------------+---------+---------+----------+-----------+-----------+------+----------+
        |                                 |  Latency (cycles) | Iteration|  Initiation Interval  | Trip |          |
        |            Loop Name            |   min   |   max   |  Latency |  achieved |   target  | Count| Pipelined|
        +---------------------------------+---------+---------+----------+-----------+-----------+------+----------+
        |- READ_TROTTERS_READ_TROTTERS_1  |     1025|     1025|         3|          1|          1|  1024|       yes|
        +---------------------------------+---------+---------+----------+-----------+-----------+------+----------+



================================================================
== Utilization Estimates
================================================================
* Summary: 
+---------------------+---------+------+---------+--------+-----+
|         Name        | BRAM_18K|  DSP |    FF   |   LUT  | URAM|
+---------------------+---------+------+---------+--------+-----+
|DSP                  |        -|     -|        -|       -|    -|
|Expression           |        -|     -|        0|     514|    -|
|FIFO                 |        -|     -|        -|       -|    -|
|Instance             |        -|     -|        -|       -|    -|
|Memory               |        -|     -|        -|       -|    -|
|Multiplexer          |        -|     -|        -|     104|    -|
|Register             |        -|     -|     1062|       -|    -|
+---------------------+---------+------+---------+--------+-----+
|Total                |        0|     0|     1062|     618|    0|
+---------------------+---------+------+---------+--------+-----+
|Available SLR        |     1344|  2976|   871680|  435840|  320|
+---------------------+---------+------+---------+--------+-----+
|Utilization SLR (%)  |        0|     0|       ~0|      ~0|    0|
+---------------------+---------+------+---------+--------+-----+
|Available            |     2688|  5952|  1743360|  871680|  640|
+---------------------+---------+------+---------+--------+-----+
|Utilization (%)      |        0|     0|       ~0|      ~0|    0|
+---------------------+---------+------+---------+--------+-----+

+ Detail: 
    * Instance: 
    N/A

    * DSP: 
    N/A

    * Memory: 
    N/A

    * FIFO: 
    N/A

    * Expression: 
    +----------------------------------+----------+----+---+-----+------------+------------+
    |           Variable Name          | Operation| DSP| FF| LUT | Bitwidth P0| Bitwidth P1|
    +----------------------------------+----------+----+---+-----+------------+------------+
    |add_ln251_1_fu_291_p2             |         +|   0|  0|   10|           3|           1|
    |add_ln251_fu_265_p2               |         +|   0|  0|   18|          11|           1|
    |add_ln253_fu_333_p2               |         +|   0|  0|   16|           9|           1|
    |ap_block_pp0_stage0_11001         |       and|   0|  0|    2|           1|           1|
    |ap_block_state2_pp0_stage0_iter1  |       and|   0|  0|    2|           1|           1|
    |ap_predicate_op47_read_state2     |       and|   0|  0|    2|           1|           1|
    |icmp_ln251_fu_259_p2              |      icmp|   0|  0|   12|          11|          12|
    |icmp_ln253_fu_277_p2              |      icmp|   0|  0|   11|           9|          10|
    |icmp_ln255_fu_327_p2              |      icmp|   0|  0|    9|           5|           1|
    |select_ln251_1_fu_363_p3          |    select|   0|  0|  418|           1|           1|
    |select_ln251_2_fu_297_p3          |    select|   0|  0|    3|           1|           3|
    |select_ln251_fu_283_p3            |    select|   0|  0|    9|           1|           1|
    |ap_enable_pp0                     |       xor|   0|  0|    2|           1|           2|
    +----------------------------------+----------+----+---+-----+------------+------------+
    |Total                             |          |   0|  0|  514|          55|          36|
    +----------------------------------+----------+----+---+-----+------------+------------+

    * Multiplexer: 
    +--------------------------------------+----+-----------+-----+-----------+
    |                 Name                 | LUT| Input Size| Bits| Total Bits|
    +--------------------------------------+----+-----------+-----+-----------+
    |ap_done_int                           |   9|          2|    1|          2|
    |ap_enable_reg_pp0_iter2               |   9|          2|    1|          2|
    |ap_phi_mux_empty_phi_fu_226_p4        |  14|          3|  512|       1536|
    |ap_sig_allocacmp_indvar_flatten_load  |   9|          2|   11|         22|
    |ap_sig_allocacmp_ofst_load            |   9|          2|    9|         18|
    |ap_sig_allocacmp_t_load               |   9|          2|    3|          6|
    |gmem0_blk_n_R                         |   9|          2|    1|          2|
    |indvar_flatten_fu_104                 |   9|          2|   11|         22|
    |ofst_fu_96                            |   9|          2|    9|         18|
    |shiftreg38_fu_92                      |   9|          2|  496|        992|
    |t_fu_100                              |   9|          2|    3|          6|
    +--------------------------------------+----+-----------+-----+-----------+
    |Total                                 | 104|         23| 1057|       2626|
    +--------------------------------------+----+-----------+-----+-----------+

    * Register: 
    +------------------------------------+-----+----+-----+-----------+
    |                Name                |  FF | LUT| Bits| Const Bits|
    +------------------------------------+-----+----+-----+-----------+
    |ap_CS_fsm                           |    1|   0|    1|          0|
    |ap_done_reg                         |    1|   0|    1|          0|
    |ap_enable_reg_pp0_iter1             |    1|   0|    1|          0|
    |ap_enable_reg_pp0_iter2             |    1|   0|    1|          0|
    |ap_loop_exit_ready_pp0_iter1_reg    |    1|   0|    1|          0|
    |gmem0_addr_read_reg_472             |  512|   0|  512|          0|
    |icmp_ln251_reg_446                  |    1|   0|    1|          0|
    |icmp_ln251_reg_446_pp0_iter1_reg    |    1|   0|    1|          0|
    |icmp_ln253_reg_450                  |    1|   0|    1|          0|
    |icmp_ln253_reg_450_pp0_iter1_reg    |    1|   0|    1|          0|
    |icmp_ln255_reg_468                  |    1|   0|    1|          0|
    |icmp_ln255_reg_468_pp0_iter1_reg    |    1|   0|    1|          0|
    |indvar_flatten_fu_104               |   11|   0|   11|          0|
    |lshr_ln255_1_reg_463                |    7|   0|    7|          0|
    |lshr_ln255_1_reg_463_pp0_iter1_reg  |    7|   0|    7|          0|
    |ofst_fu_96                          |    9|   0|    9|          0|
    |shiftreg38_fu_92                    |  496|   0|  496|          0|
    |t_fu_100                            |    3|   0|    3|          0|
    |trunc_ln251_reg_455                 |    2|   0|    2|          0|
    |trunc_ln251_reg_455_pp0_iter1_reg   |    2|   0|    2|          0|
    |trunc_ln255_reg_459                 |    1|   0|    1|          0|
    |trunc_ln255_reg_459_pp0_iter1_reg   |    1|   0|    1|          0|
    +------------------------------------+-----+----+-----+-----------+
    |Total                               | 1062|   0| 1062|          0|
    +------------------------------------+-----+----+-----+-----------+



================================================================
== Interface
================================================================
* Summary: 
+-------------------------------+-----+-----+------------+-------------------------------------------------------------+--------------+
|           RTL Ports           | Dir | Bits|  Protocol  |                        Source Object                        |    C Type    |
+-------------------------------+-----+-----+------------+-------------------------------------------------------------+--------------+
|ap_clk                         |   in|    1|  ap_ctrl_hs|  QuantumMonteCarloU50_Pipeline_READ_TROTTERS_READ_TROTTERS_1|  return value|
|ap_rst                         |   in|    1|  ap_ctrl_hs|  QuantumMonteCarloU50_Pipeline_READ_TROTTERS_READ_TROTTERS_1|  return value|
|ap_start                       |   in|    1|  ap_ctrl_hs|  QuantumMonteCarloU50_Pipeline_READ_TROTTERS_READ_TROTTERS_1|  return value|
|ap_done                        |  out|    1|  ap_ctrl_hs|  QuantumMonteCarloU50_Pipeline_READ_TROTTERS_READ_TROTTERS_1|  return value|
|ap_idle                        |  out|    1|  ap_ctrl_hs|  QuantumMonteCarloU50_Pipeline_READ_TROTTERS_READ_TROTTERS_1|  return value|
|ap_ready                       |  out|    1|  ap_ctrl_hs|  QuantumMonteCarloU50_Pipeline_READ_TROTTERS_READ_TROTTERS_1|  return value|
|m_axi_gmem0_AWVALID            |  out|    1|       m_axi|                                                        gmem0|       pointer|
|m_axi_gmem0_AWREADY            |   in|    1|       m_axi|                                                        gmem0|       pointer|
|m_axi_gmem0_AWADDR             |  out|   64|       m_axi|                                                        gmem0|       pointer|
|m_axi_gmem0_AWID               |  out|    1|       m_axi|                                                        gmem0|       pointer|
|m_axi_gmem0_AWLEN              |  out|   32|       m_axi|                                                        gmem0|       pointer|
|m_axi_gmem0_AWSIZE             |  out|    3|       m_axi|                                                        gmem0|       pointer|
|m_axi_gmem0_AWBURST            |  out|    2|       m_axi|                                                        gmem0|       pointer|
|m_axi_gmem0_AWLOCK             |  out|    2|       m_axi|                                                        gmem0|       pointer|
|m_axi_gmem0_AWCACHE            |  out|    4|       m_axi|                                                        gmem0|       pointer|
|m_axi_gmem0_AWPROT             |  out|    3|       m_axi|                                                        gmem0|       pointer|
|m_axi_gmem0_AWQOS              |  out|    4|       m_axi|                                                        gmem0|       pointer|
|m_axi_gmem0_AWREGION           |  out|    4|       m_axi|                                                        gmem0|       pointer|
|m_axi_gmem0_AWUSER             |  out|    1|       m_axi|                                                        gmem0|       pointer|
|m_axi_gmem0_WVALID             |  out|    1|       m_axi|                                                        gmem0|       pointer|
|m_axi_gmem0_WREADY             |   in|    1|       m_axi|                                                        gmem0|       pointer|
|m_axi_gmem0_WDATA              |  out|  512|       m_axi|                                                        gmem0|       pointer|
|m_axi_gmem0_WSTRB              |  out|   64|       m_axi|                                                        gmem0|       pointer|
|m_axi_gmem0_WLAST              |  out|    1|       m_axi|                                                        gmem0|       pointer|
|m_axi_gmem0_WID                |  out|    1|       m_axi|                                                        gmem0|       pointer|
|m_axi_gmem0_WUSER              |  out|    1|       m_axi|                                                        gmem0|       pointer|
|m_axi_gmem0_ARVALID            |  out|    1|       m_axi|                                                        gmem0|       pointer|
|m_axi_gmem0_ARREADY            |   in|    1|       m_axi|                                                        gmem0|       pointer|
|m_axi_gmem0_ARADDR             |  out|   64|       m_axi|                                                        gmem0|       pointer|
|m_axi_gmem0_ARID               |  out|    1|       m_axi|                                                        gmem0|       pointer|
|m_axi_gmem0_ARLEN              |  out|   32|       m_axi|                                                        gmem0|       pointer|
|m_axi_gmem0_ARSIZE             |  out|    3|       m_axi|                                                        gmem0|       pointer|
|m_axi_gmem0_ARBURST            |  out|    2|       m_axi|                                                        gmem0|       pointer|
|m_axi_gmem0_ARLOCK             |  out|    2|       m_axi|                                                        gmem0|       pointer|
|m_axi_gmem0_ARCACHE            |  out|    4|       m_axi|                                                        gmem0|       pointer|
|m_axi_gmem0_ARPROT             |  out|    3|       m_axi|                                                        gmem0|       pointer|
|m_axi_gmem0_ARQOS              |  out|    4|       m_axi|                                                        gmem0|       pointer|
|m_axi_gmem0_ARREGION           |  out|    4|       m_axi|                                                        gmem0|       pointer|
|m_axi_gmem0_ARUSER             |  out|    1|       m_axi|                                                        gmem0|       pointer|
|m_axi_gmem0_RVALID             |   in|    1|       m_axi|                                                        gmem0|       pointer|
|m_axi_gmem0_RREADY             |  out|    1|       m_axi|                                                        gmem0|       pointer|
|m_axi_gmem0_RDATA              |   in|  512|       m_axi|                                                        gmem0|       pointer|
|m_axi_gmem0_RLAST              |   in|    1|       m_axi|                                                        gmem0|       pointer|
|m_axi_gmem0_RID                |   in|    1|       m_axi|                                                        gmem0|       pointer|
|m_axi_gmem0_RUSER              |   in|    1|       m_axi|                                                        gmem0|       pointer|
|m_axi_gmem0_RRESP              |   in|    2|       m_axi|                                                        gmem0|       pointer|
|m_axi_gmem0_BVALID             |   in|    1|       m_axi|                                                        gmem0|       pointer|
|m_axi_gmem0_BREADY             |  out|    1|       m_axi|                                                        gmem0|       pointer|
|m_axi_gmem0_BRESP              |   in|    2|       m_axi|                                                        gmem0|       pointer|
|m_axi_gmem0_BID                |   in|    1|       m_axi|                                                        gmem0|       pointer|
|m_axi_gmem0_BUSER              |   in|    1|       m_axi|                                                        gmem0|       pointer|
|sext_ln251                     |   in|   58|     ap_none|                                                   sext_ln251|        scalar|
|trotters_local_V_0_0_address0  |  out|    7|   ap_memory|                                         trotters_local_V_0_0|         array|
|trotters_local_V_0_0_ce0       |  out|    1|   ap_memory|                                         trotters_local_V_0_0|         array|
|trotters_local_V_0_0_we0       |  out|    1|   ap_memory|                                         trotters_local_V_0_0|         array|
|trotters_local_V_0_0_d0        |  out|   16|   ap_memory|                                         trotters_local_V_0_0|         array|
|trotters_local_V_0_1_address0  |  out|    7|   ap_memory|                                         trotters_local_V_0_1|         array|
|trotters_local_V_0_1_ce0       |  out|    1|   ap_memory|                                         trotters_local_V_0_1|         array|
|trotters_local_V_0_1_we0       |  out|    1|   ap_memory|                                         trotters_local_V_0_1|         array|
|trotters_local_V_0_1_d0        |  out|   16|   ap_memory|                                         trotters_local_V_0_1|         array|
|trotters_local_V_1_0_address0  |  out|    7|   ap_memory|                                         trotters_local_V_1_0|         array|
|trotters_local_V_1_0_ce0       |  out|    1|   ap_memory|                                         trotters_local_V_1_0|         array|
|trotters_local_V_1_0_we0       |  out|    1|   ap_memory|                                         trotters_local_V_1_0|         array|
|trotters_local_V_1_0_d0        |  out|   16|   ap_memory|                                         trotters_local_V_1_0|         array|
|trotters_local_V_1_1_address0  |  out|    7|   ap_memory|                                         trotters_local_V_1_1|         array|
|trotters_local_V_1_1_ce0       |  out|    1|   ap_memory|                                         trotters_local_V_1_1|         array|
|trotters_local_V_1_1_we0       |  out|    1|   ap_memory|                                         trotters_local_V_1_1|         array|
|trotters_local_V_1_1_d0        |  out|   16|   ap_memory|                                         trotters_local_V_1_1|         array|
|trotters_local_V_2_0_address0  |  out|    7|   ap_memory|                                         trotters_local_V_2_0|         array|
|trotters_local_V_2_0_ce0       |  out|    1|   ap_memory|                                         trotters_local_V_2_0|         array|
|trotters_local_V_2_0_we0       |  out|    1|   ap_memory|                                         trotters_local_V_2_0|         array|
|trotters_local_V_2_0_d0        |  out|   16|   ap_memory|                                         trotters_local_V_2_0|         array|
|trotters_local_V_2_1_address0  |  out|    7|   ap_memory|                                         trotters_local_V_2_1|         array|
|trotters_local_V_2_1_ce0       |  out|    1|   ap_memory|                                         trotters_local_V_2_1|         array|
|trotters_local_V_2_1_we0       |  out|    1|   ap_memory|                                         trotters_local_V_2_1|         array|
|trotters_local_V_2_1_d0        |  out|   16|   ap_memory|                                         trotters_local_V_2_1|         array|
|trotters_local_V_3_0_address0  |  out|    7|   ap_memory|                                         trotters_local_V_3_0|         array|
|trotters_local_V_3_0_ce0       |  out|    1|   ap_memory|                                         trotters_local_V_3_0|         array|
|trotters_local_V_3_0_we0       |  out|    1|   ap_memory|                                         trotters_local_V_3_0|         array|
|trotters_local_V_3_0_d0        |  out|   16|   ap_memory|                                         trotters_local_V_3_0|         array|
|trotters_local_V_3_1_address0  |  out|    7|   ap_memory|                                         trotters_local_V_3_1|         array|
|trotters_local_V_3_1_ce0       |  out|    1|   ap_memory|                                         trotters_local_V_3_1|         array|
|trotters_local_V_3_1_we0       |  out|    1|   ap_memory|                                         trotters_local_V_3_1|         array|
|trotters_local_V_3_1_d0        |  out|   16|   ap_memory|                                         trotters_local_V_3_1|         array|
+-------------------------------+-----+-----+------------+-------------------------------------------------------------+--------------+

