

================================================================
== Vitis HLS Report for 'QuantumMonteCarloU50_Pipeline_SHIFT_JCOUP'
================================================================
* Date:           Sat Sep 25 10:58:08 2021

* Version:        2021.1 (Build 3247384 on Thu Jun 10 19:36:33 MDT 2021)
* Project:        SQA-Vitis
* Solution:       solution1 (Vitis Kernel Flow Target)
* Product family: virtexuplus
* Target device:  xcvu35p-fsvh2892-2-e


================================================================
== Performance Estimates
================================================================
+ Timing: 
    * Summary: 
    +--------+---------+----------+------------+
    |  Clock |  Target | Estimated| Uncertainty|
    +--------+---------+----------+------------+
    |ap_clk  |  3.33 ns|  1.746 ns|     0.90 ns|
    +--------+---------+----------+------------+

+ Latency: 
    * Summary: 
    +---------+---------+----------+----------+-----+-----+---------+
    |  Latency (cycles) |  Latency (absolute) |  Interval | Pipeline|
    |   min   |   max   |    min   |    max   | min | max |   Type  |
    +---------+---------+----------+----------+-----+-----+---------+
    |       95|       95|  0.317 us|  0.317 us|   95|   95|       no|
    +---------+---------+----------+----------+-----+-----+---------+

    + Detail: 
        * Instance: 
        N/A

        * Loop: 
        +---------------+---------+---------+----------+-----------+-----------+------+----------+
        |               |  Latency (cycles) | Iteration|  Initiation Interval  | Trip |          |
        |   Loop Name   |   min   |   max   |  Latency |  achieved |   target  | Count| Pipelined|
        +---------------+---------+---------+----------+-----------+-----------+------+----------+
        |- SHIFT_JCOUP  |       93|       93|        31|          1|          1|    64|       yes|
        +---------------+---------+---------+----------+-----------+-----------+------+----------+



================================================================
== Utilization Estimates
================================================================
* Summary: 
+---------------------+---------+------+---------+--------+-----+
|         Name        | BRAM_18K|  DSP |    FF   |   LUT  | URAM|
+---------------------+---------+------+---------+--------+-----+
|DSP                  |        -|     -|        -|       -|    -|
|Expression           |        -|     -|        0|   30732|    -|
|FIFO                 |        -|     -|        -|       -|    -|
|Instance             |        -|     -|        -|       -|    -|
|Memory               |        -|     -|        -|       -|    -|
|Multiplexer          |        -|     -|        -|      36|    -|
|Register             |        -|     -|    31750|     448|    -|
+---------------------+---------+------+---------+--------+-----+
|Total                |        0|     0|    31750|   31216|    0|
+---------------------+---------+------+---------+--------+-----+
|Available SLR        |     1344|  2976|   871680|  435840|  320|
+---------------------+---------+------+---------+--------+-----+
|Utilization SLR (%)  |        0|     0|        3|       7|    0|
+---------------------+---------+------+---------+--------+-----+
|Available            |     2688|  5952|  1743360|  871680|  640|
+---------------------+---------+------+---------+--------+-----+
|Utilization (%)      |        0|     0|        1|       3|    0|
+---------------------+---------+------+---------+--------+-----+

+ Detail: 
    * Instance: 
    N/A

    * DSP: 
    N/A

    * Memory: 
    N/A

    * FIFO: 
    N/A

    * Expression: 
    +---------------------------+----------+----+---+------+------------+------------+
    |       Variable Name       | Operation| DSP| FF|  LUT | Bitwidth P0| Bitwidth P1|
    +---------------------------+----------+----+---+------+------------+------------+
    |add_ln340_fu_516_p2        |         +|   0|  0|    14|           7|           1|
    |icmp_ln340_fu_510_p2       |      icmp|   0|  0|    11|           7|           8|
    |select_ln344_10_fu_575_p3  |    select|   0|  0|  2047|           1|        2048|
    |select_ln344_11_fu_568_p3  |    select|   0|  0|  2047|           1|        2048|
    |select_ln344_12_fu_561_p3  |    select|   0|  0|  2047|           1|        2048|
    |select_ln344_13_fu_554_p3  |    select|   0|  0|  2047|           1|        2048|
    |select_ln344_14_fu_547_p3  |    select|   0|  0|  2047|           1|        2048|
    |select_ln344_1_fu_638_p3   |    select|   0|  0|  2047|           1|        2048|
    |select_ln344_2_fu_631_p3   |    select|   0|  0|  2047|           1|        2048|
    |select_ln344_3_fu_624_p3   |    select|   0|  0|  2047|           1|        2048|
    |select_ln344_4_fu_617_p3   |    select|   0|  0|  2047|           1|        2048|
    |select_ln344_5_fu_610_p3   |    select|   0|  0|  2047|           1|        2048|
    |select_ln344_6_fu_603_p3   |    select|   0|  0|  2047|           1|        2048|
    |select_ln344_7_fu_596_p3   |    select|   0|  0|  2047|           1|        2048|
    |select_ln344_8_fu_589_p3   |    select|   0|  0|  2047|           1|        2048|
    |select_ln344_9_fu_582_p3   |    select|   0|  0|  2047|           1|        2048|
    |select_ln344_fu_645_p3     |    select|   0|  0|  2047|           1|        2048|
    |ap_enable_pp0              |       xor|   0|  0|     2|           1|           2|
    +---------------------------+----------+----+---+------+------------+------------+
    |Total                      |          |   0|  0| 30732|          30|       30731|
    +---------------------------+----------+----+---+------+------------+------------+

    * Multiplexer: 
    +-------------------------+----+-----------+-----+-----------+
    |           Name          | LUT| Input Size| Bits| Total Bits|
    +-------------------------+----+-----------+-----+-----------+
    |ap_done_int              |   9|          2|    1|          2|
    |ap_enable_reg_pp0_iter1  |   9|          2|    1|          2|
    |ap_sig_allocacmp_ofst_2  |   9|          2|    7|         14|
    |ofst_fu_94               |   9|          2|    7|         14|
    +-------------------------+----+-----------+-----+-----------+
    |Total                    |  36|          8|   16|         32|
    +-------------------------+----+-----------+-----+-----------+

    * Register: 
    +-----------------------------------+------+----+------+-----------+
    |                Name               |  FF  | LUT| Bits | Const Bits|
    +-----------------------------------+------+----+------+-----------+
    |ap_CS_fsm                          |     1|   0|     1|          0|
    |ap_done_reg                        |     1|   0|     1|          0|
    |ap_enable_reg_pp0_iter1            |     1|   0|     1|          0|
    |ap_enable_reg_pp0_iter10           |     1|   0|     1|          0|
    |ap_enable_reg_pp0_iter11           |     1|   0|     1|          0|
    |ap_enable_reg_pp0_iter12           |     1|   0|     1|          0|
    |ap_enable_reg_pp0_iter13           |     1|   0|     1|          0|
    |ap_enable_reg_pp0_iter14           |     1|   0|     1|          0|
    |ap_enable_reg_pp0_iter15           |     1|   0|     1|          0|
    |ap_enable_reg_pp0_iter16           |     1|   0|     1|          0|
    |ap_enable_reg_pp0_iter17           |     1|   0|     1|          0|
    |ap_enable_reg_pp0_iter18           |     1|   0|     1|          0|
    |ap_enable_reg_pp0_iter19           |     1|   0|     1|          0|
    |ap_enable_reg_pp0_iter2            |     1|   0|     1|          0|
    |ap_enable_reg_pp0_iter20           |     1|   0|     1|          0|
    |ap_enable_reg_pp0_iter21           |     1|   0|     1|          0|
    |ap_enable_reg_pp0_iter22           |     1|   0|     1|          0|
    |ap_enable_reg_pp0_iter23           |     1|   0|     1|          0|
    |ap_enable_reg_pp0_iter24           |     1|   0|     1|          0|
    |ap_enable_reg_pp0_iter25           |     1|   0|     1|          0|
    |ap_enable_reg_pp0_iter26           |     1|   0|     1|          0|
    |ap_enable_reg_pp0_iter27           |     1|   0|     1|          0|
    |ap_enable_reg_pp0_iter28           |     1|   0|     1|          0|
    |ap_enable_reg_pp0_iter29           |     1|   0|     1|          0|
    |ap_enable_reg_pp0_iter3            |     1|   0|     1|          0|
    |ap_enable_reg_pp0_iter30           |     1|   0|     1|          0|
    |ap_enable_reg_pp0_iter4            |     1|   0|     1|          0|
    |ap_enable_reg_pp0_iter5            |     1|   0|     1|          0|
    |ap_enable_reg_pp0_iter6            |     1|   0|     1|          0|
    |ap_enable_reg_pp0_iter7            |     1|   0|     1|          0|
    |ap_enable_reg_pp0_iter8            |     1|   0|     1|          0|
    |ap_enable_reg_pp0_iter9            |     1|   0|     1|          0|
    |ap_loop_exit_ready_pp0_iter10_reg  |     1|   0|     1|          0|
    |ap_loop_exit_ready_pp0_iter11_reg  |     1|   0|     1|          0|
    |ap_loop_exit_ready_pp0_iter12_reg  |     1|   0|     1|          0|
    |ap_loop_exit_ready_pp0_iter13_reg  |     1|   0|     1|          0|
    |ap_loop_exit_ready_pp0_iter14_reg  |     1|   0|     1|          0|
    |ap_loop_exit_ready_pp0_iter15_reg  |     1|   0|     1|          0|
    |ap_loop_exit_ready_pp0_iter16_reg  |     1|   0|     1|          0|
    |ap_loop_exit_ready_pp0_iter17_reg  |     1|   0|     1|          0|
    |ap_loop_exit_ready_pp0_iter18_reg  |     1|   0|     1|          0|
    |ap_loop_exit_ready_pp0_iter19_reg  |     1|   0|     1|          0|
    |ap_loop_exit_ready_pp0_iter1_reg   |     1|   0|     1|          0|
    |ap_loop_exit_ready_pp0_iter20_reg  |     1|   0|     1|          0|
    |ap_loop_exit_ready_pp0_iter21_reg  |     1|   0|     1|          0|
    |ap_loop_exit_ready_pp0_iter22_reg  |     1|   0|     1|          0|
    |ap_loop_exit_ready_pp0_iter23_reg  |     1|   0|     1|          0|
    |ap_loop_exit_ready_pp0_iter24_reg  |     1|   0|     1|          0|
    |ap_loop_exit_ready_pp0_iter25_reg  |     1|   0|     1|          0|
    |ap_loop_exit_ready_pp0_iter26_reg  |     1|   0|     1|          0|
    |ap_loop_exit_ready_pp0_iter27_reg  |     1|   0|     1|          0|
    |ap_loop_exit_ready_pp0_iter28_reg  |     1|   0|     1|          0|
    |ap_loop_exit_ready_pp0_iter29_reg  |     1|   0|     1|          0|
    |ap_loop_exit_ready_pp0_iter2_reg   |     1|   0|     1|          0|
    |ap_loop_exit_ready_pp0_iter3_reg   |     1|   0|     1|          0|
    |ap_loop_exit_ready_pp0_iter4_reg   |     1|   0|     1|          0|
    |ap_loop_exit_ready_pp0_iter5_reg   |     1|   0|     1|          0|
    |ap_loop_exit_ready_pp0_iter6_reg   |     1|   0|     1|          0|
    |ap_loop_exit_ready_pp0_iter7_reg   |     1|   0|     1|          0|
    |ap_loop_exit_ready_pp0_iter8_reg   |     1|   0|     1|          0|
    |ap_loop_exit_ready_pp0_iter9_reg   |     1|   0|     1|          0|
    |jcoup_local_10_0_addr_reg_910      |     5|   0|     5|          0|
    |jcoup_local_10_1_addr_reg_915      |     5|   0|     5|          0|
    |jcoup_local_11_0_addr_reg_900      |     5|   0|     5|          0|
    |jcoup_local_11_1_addr_reg_905      |     5|   0|     5|          0|
    |jcoup_local_12_0_addr_reg_890      |     5|   0|     5|          0|
    |jcoup_local_12_1_addr_reg_895      |     5|   0|     5|          0|
    |jcoup_local_13_0_addr_reg_880      |     5|   0|     5|          0|
    |jcoup_local_13_1_addr_reg_885      |     5|   0|     5|          0|
    |jcoup_local_14_0_addr_reg_860      |     5|   0|     5|          0|
    |jcoup_local_14_1_addr_reg_865      |     5|   0|     5|          0|
    |jcoup_local_15_0_addr_reg_870      |     5|   0|     5|          0|
    |jcoup_local_15_1_addr_reg_875      |     5|   0|     5|          0|
    |ofst_fu_94                         |     7|   0|     7|          0|
    |select_ln344_10_reg_790            |  2048|   0|  2048|          0|
    |select_ln344_11_reg_774            |  2048|   0|  2048|          0|
    |select_ln344_12_reg_758            |  2048|   0|  2048|          0|
    |select_ln344_13_reg_742            |  2048|   0|  2048|          0|
    |select_ln344_14_reg_726            |  2048|   0|  2048|          0|
    |select_ln344_1_reg_954             |  2048|   0|  2048|          0|
    |select_ln344_2_reg_948             |  2048|   0|  2048|          0|
    |select_ln344_3_reg_942             |  2048|   0|  2048|          0|
    |select_ln344_4_reg_936             |  2048|   0|  2048|          0|
    |select_ln344_5_reg_930             |  2048|   0|  2048|          0|
    |select_ln344_6_reg_854             |  2048|   0|  2048|          0|
    |select_ln344_7_reg_838             |  2048|   0|  2048|          0|
    |select_ln344_8_reg_822             |  2048|   0|  2048|          0|
    |select_ln344_9_reg_806             |  2048|   0|  2048|          0|
    |select_ln344_reg_960               |  2048|   0|  2048|          0|
    |trunc_ln344_reg_663                |     1|   0|     1|          0|
    |zext_ln344_reg_682                 |     5|   0|    64|         59|
    |jcoup_local_10_0_addr_reg_910      |    64|  32|     5|          0|
    |jcoup_local_10_1_addr_reg_915      |    64|  32|     5|          0|
    |jcoup_local_11_0_addr_reg_900      |    64|  32|     5|          0|
    |jcoup_local_11_1_addr_reg_905      |    64|  32|     5|          0|
    |jcoup_local_12_0_addr_reg_890      |    64|  32|     5|          0|
    |jcoup_local_12_1_addr_reg_895      |    64|  32|     5|          0|
    |jcoup_local_13_0_addr_reg_880      |    64|  32|     5|          0|
    |jcoup_local_13_1_addr_reg_885      |    64|  32|     5|          0|
    |jcoup_local_14_0_addr_reg_860      |    64|  32|     5|          0|
    |jcoup_local_14_1_addr_reg_865      |    64|  32|     5|          0|
    |jcoup_local_15_0_addr_reg_870      |    64|  32|     5|          0|
    |jcoup_local_15_1_addr_reg_875      |    64|  32|     5|          0|
    |trunc_ln344_reg_663                |    64|  32|     1|          0|
    |zext_ln344_reg_682                 |    64|  32|    64|         59|
    +-----------------------------------+------+----+------+-----------+
    |Total                              | 31750| 448| 31038|        118|
    +-----------------------------------+------+----+------+-----------+



================================================================
== Interface
================================================================
* Summary: 
+---------------------------+-----+------+------------+-------------------------------------------+--------------+
|         RTL Ports         | Dir | Bits |  Protocol  |               Source Object               |    C Type    |
+---------------------------+-----+------+------------+-------------------------------------------+--------------+
|ap_clk                     |   in|     1|  ap_ctrl_hs|  QuantumMonteCarloU50_Pipeline_SHIFT_JCOUP|  return value|
|ap_rst                     |   in|     1|  ap_ctrl_hs|  QuantumMonteCarloU50_Pipeline_SHIFT_JCOUP|  return value|
|ap_start                   |   in|     1|  ap_ctrl_hs|  QuantumMonteCarloU50_Pipeline_SHIFT_JCOUP|  return value|
|ap_done                    |  out|     1|  ap_ctrl_hs|  QuantumMonteCarloU50_Pipeline_SHIFT_JCOUP|  return value|
|ap_idle                    |  out|     1|  ap_ctrl_hs|  QuantumMonteCarloU50_Pipeline_SHIFT_JCOUP|  return value|
|ap_ready                   |  out|     1|  ap_ctrl_hs|  QuantumMonteCarloU50_Pipeline_SHIFT_JCOUP|  return value|
|jcoup_local_0_0_address0   |  out|     5|   ap_memory|                            jcoup_local_0_0|         array|
|jcoup_local_0_0_ce0        |  out|     1|   ap_memory|                            jcoup_local_0_0|         array|
|jcoup_local_0_0_q0         |   in|  2048|   ap_memory|                            jcoup_local_0_0|         array|
|jcoup_local_0_1_address0   |  out|     5|   ap_memory|                            jcoup_local_0_1|         array|
|jcoup_local_0_1_ce0        |  out|     1|   ap_memory|                            jcoup_local_0_1|         array|
|jcoup_local_0_1_q0         |   in|  2048|   ap_memory|                            jcoup_local_0_1|         array|
|jcoup_local_1_0_address0   |  out|     5|   ap_memory|                            jcoup_local_1_0|         array|
|jcoup_local_1_0_ce0        |  out|     1|   ap_memory|                            jcoup_local_1_0|         array|
|jcoup_local_1_0_we0        |  out|     1|   ap_memory|                            jcoup_local_1_0|         array|
|jcoup_local_1_0_d0         |  out|  2048|   ap_memory|                            jcoup_local_1_0|         array|
|jcoup_local_1_0_q0         |   in|  2048|   ap_memory|                            jcoup_local_1_0|         array|
|jcoup_local_1_1_address0   |  out|     5|   ap_memory|                            jcoup_local_1_1|         array|
|jcoup_local_1_1_ce0        |  out|     1|   ap_memory|                            jcoup_local_1_1|         array|
|jcoup_local_1_1_we0        |  out|     1|   ap_memory|                            jcoup_local_1_1|         array|
|jcoup_local_1_1_d0         |  out|  2048|   ap_memory|                            jcoup_local_1_1|         array|
|jcoup_local_1_1_q0         |   in|  2048|   ap_memory|                            jcoup_local_1_1|         array|
|jcoup_local_2_0_address0   |  out|     5|   ap_memory|                            jcoup_local_2_0|         array|
|jcoup_local_2_0_ce0        |  out|     1|   ap_memory|                            jcoup_local_2_0|         array|
|jcoup_local_2_0_we0        |  out|     1|   ap_memory|                            jcoup_local_2_0|         array|
|jcoup_local_2_0_d0         |  out|  2048|   ap_memory|                            jcoup_local_2_0|         array|
|jcoup_local_2_0_q0         |   in|  2048|   ap_memory|                            jcoup_local_2_0|         array|
|jcoup_local_2_1_address0   |  out|     5|   ap_memory|                            jcoup_local_2_1|         array|
|jcoup_local_2_1_ce0        |  out|     1|   ap_memory|                            jcoup_local_2_1|         array|
|jcoup_local_2_1_we0        |  out|     1|   ap_memory|                            jcoup_local_2_1|         array|
|jcoup_local_2_1_d0         |  out|  2048|   ap_memory|                            jcoup_local_2_1|         array|
|jcoup_local_2_1_q0         |   in|  2048|   ap_memory|                            jcoup_local_2_1|         array|
|jcoup_local_3_0_address0   |  out|     5|   ap_memory|                            jcoup_local_3_0|         array|
|jcoup_local_3_0_ce0        |  out|     1|   ap_memory|                            jcoup_local_3_0|         array|
|jcoup_local_3_0_we0        |  out|     1|   ap_memory|                            jcoup_local_3_0|         array|
|jcoup_local_3_0_d0         |  out|  2048|   ap_memory|                            jcoup_local_3_0|         array|
|jcoup_local_3_0_q0         |   in|  2048|   ap_memory|                            jcoup_local_3_0|         array|
|jcoup_local_3_1_address0   |  out|     5|   ap_memory|                            jcoup_local_3_1|         array|
|jcoup_local_3_1_ce0        |  out|     1|   ap_memory|                            jcoup_local_3_1|         array|
|jcoup_local_3_1_we0        |  out|     1|   ap_memory|                            jcoup_local_3_1|         array|
|jcoup_local_3_1_d0         |  out|  2048|   ap_memory|                            jcoup_local_3_1|         array|
|jcoup_local_3_1_q0         |   in|  2048|   ap_memory|                            jcoup_local_3_1|         array|
|jcoup_local_4_0_address0   |  out|     5|   ap_memory|                            jcoup_local_4_0|         array|
|jcoup_local_4_0_ce0        |  out|     1|   ap_memory|                            jcoup_local_4_0|         array|
|jcoup_local_4_0_we0        |  out|     1|   ap_memory|                            jcoup_local_4_0|         array|
|jcoup_local_4_0_d0         |  out|  2048|   ap_memory|                            jcoup_local_4_0|         array|
|jcoup_local_4_0_q0         |   in|  2048|   ap_memory|                            jcoup_local_4_0|         array|
|jcoup_local_4_1_address0   |  out|     5|   ap_memory|                            jcoup_local_4_1|         array|
|jcoup_local_4_1_ce0        |  out|     1|   ap_memory|                            jcoup_local_4_1|         array|
|jcoup_local_4_1_we0        |  out|     1|   ap_memory|                            jcoup_local_4_1|         array|
|jcoup_local_4_1_d0         |  out|  2048|   ap_memory|                            jcoup_local_4_1|         array|
|jcoup_local_4_1_q0         |   in|  2048|   ap_memory|                            jcoup_local_4_1|         array|
|jcoup_local_5_0_address0   |  out|     5|   ap_memory|                            jcoup_local_5_0|         array|
|jcoup_local_5_0_ce0        |  out|     1|   ap_memory|                            jcoup_local_5_0|         array|
|jcoup_local_5_0_we0        |  out|     1|   ap_memory|                            jcoup_local_5_0|         array|
|jcoup_local_5_0_d0         |  out|  2048|   ap_memory|                            jcoup_local_5_0|         array|
|jcoup_local_5_0_q0         |   in|  2048|   ap_memory|                            jcoup_local_5_0|         array|
|jcoup_local_5_1_address0   |  out|     5|   ap_memory|                            jcoup_local_5_1|         array|
|jcoup_local_5_1_ce0        |  out|     1|   ap_memory|                            jcoup_local_5_1|         array|
|jcoup_local_5_1_we0        |  out|     1|   ap_memory|                            jcoup_local_5_1|         array|
|jcoup_local_5_1_d0         |  out|  2048|   ap_memory|                            jcoup_local_5_1|         array|
|jcoup_local_5_1_q0         |   in|  2048|   ap_memory|                            jcoup_local_5_1|         array|
|jcoup_local_6_0_address0   |  out|     5|   ap_memory|                            jcoup_local_6_0|         array|
|jcoup_local_6_0_ce0        |  out|     1|   ap_memory|                            jcoup_local_6_0|         array|
|jcoup_local_6_0_we0        |  out|     1|   ap_memory|                            jcoup_local_6_0|         array|
|jcoup_local_6_0_d0         |  out|  2048|   ap_memory|                            jcoup_local_6_0|         array|
|jcoup_local_6_0_q0         |   in|  2048|   ap_memory|                            jcoup_local_6_0|         array|
|jcoup_local_6_1_address0   |  out|     5|   ap_memory|                            jcoup_local_6_1|         array|
|jcoup_local_6_1_ce0        |  out|     1|   ap_memory|                            jcoup_local_6_1|         array|
|jcoup_local_6_1_we0        |  out|     1|   ap_memory|                            jcoup_local_6_1|         array|
|jcoup_local_6_1_d0         |  out|  2048|   ap_memory|                            jcoup_local_6_1|         array|
|jcoup_local_6_1_q0         |   in|  2048|   ap_memory|                            jcoup_local_6_1|         array|
|jcoup_local_7_0_address0   |  out|     5|   ap_memory|                            jcoup_local_7_0|         array|
|jcoup_local_7_0_ce0        |  out|     1|   ap_memory|                            jcoup_local_7_0|         array|
|jcoup_local_7_0_we0        |  out|     1|   ap_memory|                            jcoup_local_7_0|         array|
|jcoup_local_7_0_d0         |  out|  2048|   ap_memory|                            jcoup_local_7_0|         array|
|jcoup_local_7_0_q0         |   in|  2048|   ap_memory|                            jcoup_local_7_0|         array|
|jcoup_local_7_1_address0   |  out|     5|   ap_memory|                            jcoup_local_7_1|         array|
|jcoup_local_7_1_ce0        |  out|     1|   ap_memory|                            jcoup_local_7_1|         array|
|jcoup_local_7_1_we0        |  out|     1|   ap_memory|                            jcoup_local_7_1|         array|
|jcoup_local_7_1_d0         |  out|  2048|   ap_memory|                            jcoup_local_7_1|         array|
|jcoup_local_7_1_q0         |   in|  2048|   ap_memory|                            jcoup_local_7_1|         array|
|jcoup_local_8_0_address0   |  out|     5|   ap_memory|                            jcoup_local_8_0|         array|
|jcoup_local_8_0_ce0        |  out|     1|   ap_memory|                            jcoup_local_8_0|         array|
|jcoup_local_8_0_we0        |  out|     1|   ap_memory|                            jcoup_local_8_0|         array|
|jcoup_local_8_0_d0         |  out|  2048|   ap_memory|                            jcoup_local_8_0|         array|
|jcoup_local_8_0_q0         |   in|  2048|   ap_memory|                            jcoup_local_8_0|         array|
|jcoup_local_8_1_address0   |  out|     5|   ap_memory|                            jcoup_local_8_1|         array|
|jcoup_local_8_1_ce0        |  out|     1|   ap_memory|                            jcoup_local_8_1|         array|
|jcoup_local_8_1_we0        |  out|     1|   ap_memory|                            jcoup_local_8_1|         array|
|jcoup_local_8_1_d0         |  out|  2048|   ap_memory|                            jcoup_local_8_1|         array|
|jcoup_local_8_1_q0         |   in|  2048|   ap_memory|                            jcoup_local_8_1|         array|
|jcoup_local_9_0_address0   |  out|     5|   ap_memory|                            jcoup_local_9_0|         array|
|jcoup_local_9_0_ce0        |  out|     1|   ap_memory|                            jcoup_local_9_0|         array|
|jcoup_local_9_0_we0        |  out|     1|   ap_memory|                            jcoup_local_9_0|         array|
|jcoup_local_9_0_d0         |  out|  2048|   ap_memory|                            jcoup_local_9_0|         array|
|jcoup_local_9_0_q0         |   in|  2048|   ap_memory|                            jcoup_local_9_0|         array|
|jcoup_local_9_1_address0   |  out|     5|   ap_memory|                            jcoup_local_9_1|         array|
|jcoup_local_9_1_ce0        |  out|     1|   ap_memory|                            jcoup_local_9_1|         array|
|jcoup_local_9_1_we0        |  out|     1|   ap_memory|                            jcoup_local_9_1|         array|
|jcoup_local_9_1_d0         |  out|  2048|   ap_memory|                            jcoup_local_9_1|         array|
|jcoup_local_9_1_q0         |   in|  2048|   ap_memory|                            jcoup_local_9_1|         array|
|jcoup_local_10_0_address0  |  out|     5|   ap_memory|                           jcoup_local_10_0|         array|
|jcoup_local_10_0_ce0       |  out|     1|   ap_memory|                           jcoup_local_10_0|         array|
|jcoup_local_10_0_we0       |  out|     1|   ap_memory|                           jcoup_local_10_0|         array|
|jcoup_local_10_0_d0        |  out|  2048|   ap_memory|                           jcoup_local_10_0|         array|
|jcoup_local_10_0_q0        |   in|  2048|   ap_memory|                           jcoup_local_10_0|         array|
|jcoup_local_10_1_address0  |  out|     5|   ap_memory|                           jcoup_local_10_1|         array|
|jcoup_local_10_1_ce0       |  out|     1|   ap_memory|                           jcoup_local_10_1|         array|
|jcoup_local_10_1_we0       |  out|     1|   ap_memory|                           jcoup_local_10_1|         array|
|jcoup_local_10_1_d0        |  out|  2048|   ap_memory|                           jcoup_local_10_1|         array|
|jcoup_local_10_1_q0        |   in|  2048|   ap_memory|                           jcoup_local_10_1|         array|
|jcoup_local_11_0_address0  |  out|     5|   ap_memory|                           jcoup_local_11_0|         array|
|jcoup_local_11_0_ce0       |  out|     1|   ap_memory|                           jcoup_local_11_0|         array|
|jcoup_local_11_0_we0       |  out|     1|   ap_memory|                           jcoup_local_11_0|         array|
|jcoup_local_11_0_d0        |  out|  2048|   ap_memory|                           jcoup_local_11_0|         array|
|jcoup_local_11_0_q0        |   in|  2048|   ap_memory|                           jcoup_local_11_0|         array|
|jcoup_local_11_1_address0  |  out|     5|   ap_memory|                           jcoup_local_11_1|         array|
|jcoup_local_11_1_ce0       |  out|     1|   ap_memory|                           jcoup_local_11_1|         array|
|jcoup_local_11_1_we0       |  out|     1|   ap_memory|                           jcoup_local_11_1|         array|
|jcoup_local_11_1_d0        |  out|  2048|   ap_memory|                           jcoup_local_11_1|         array|
|jcoup_local_11_1_q0        |   in|  2048|   ap_memory|                           jcoup_local_11_1|         array|
|jcoup_local_12_0_address0  |  out|     5|   ap_memory|                           jcoup_local_12_0|         array|
|jcoup_local_12_0_ce0       |  out|     1|   ap_memory|                           jcoup_local_12_0|         array|
|jcoup_local_12_0_we0       |  out|     1|   ap_memory|                           jcoup_local_12_0|         array|
|jcoup_local_12_0_d0        |  out|  2048|   ap_memory|                           jcoup_local_12_0|         array|
|jcoup_local_12_0_q0        |   in|  2048|   ap_memory|                           jcoup_local_12_0|         array|
|jcoup_local_12_1_address0  |  out|     5|   ap_memory|                           jcoup_local_12_1|         array|
|jcoup_local_12_1_ce0       |  out|     1|   ap_memory|                           jcoup_local_12_1|         array|
|jcoup_local_12_1_we0       |  out|     1|   ap_memory|                           jcoup_local_12_1|         array|
|jcoup_local_12_1_d0        |  out|  2048|   ap_memory|                           jcoup_local_12_1|         array|
|jcoup_local_12_1_q0        |   in|  2048|   ap_memory|                           jcoup_local_12_1|         array|
|jcoup_local_13_0_address0  |  out|     5|   ap_memory|                           jcoup_local_13_0|         array|
|jcoup_local_13_0_ce0       |  out|     1|   ap_memory|                           jcoup_local_13_0|         array|
|jcoup_local_13_0_we0       |  out|     1|   ap_memory|                           jcoup_local_13_0|         array|
|jcoup_local_13_0_d0        |  out|  2048|   ap_memory|                           jcoup_local_13_0|         array|
|jcoup_local_13_0_q0        |   in|  2048|   ap_memory|                           jcoup_local_13_0|         array|
|jcoup_local_13_1_address0  |  out|     5|   ap_memory|                           jcoup_local_13_1|         array|
|jcoup_local_13_1_ce0       |  out|     1|   ap_memory|                           jcoup_local_13_1|         array|
|jcoup_local_13_1_we0       |  out|     1|   ap_memory|                           jcoup_local_13_1|         array|
|jcoup_local_13_1_d0        |  out|  2048|   ap_memory|                           jcoup_local_13_1|         array|
|jcoup_local_13_1_q0        |   in|  2048|   ap_memory|                           jcoup_local_13_1|         array|
|jcoup_local_14_0_address0  |  out|     5|   ap_memory|                           jcoup_local_14_0|         array|
|jcoup_local_14_0_ce0       |  out|     1|   ap_memory|                           jcoup_local_14_0|         array|
|jcoup_local_14_0_we0       |  out|     1|   ap_memory|                           jcoup_local_14_0|         array|
|jcoup_local_14_0_d0        |  out|  2048|   ap_memory|                           jcoup_local_14_0|         array|
|jcoup_local_14_0_q0        |   in|  2048|   ap_memory|                           jcoup_local_14_0|         array|
|jcoup_local_14_1_address0  |  out|     5|   ap_memory|                           jcoup_local_14_1|         array|
|jcoup_local_14_1_ce0       |  out|     1|   ap_memory|                           jcoup_local_14_1|         array|
|jcoup_local_14_1_we0       |  out|     1|   ap_memory|                           jcoup_local_14_1|         array|
|jcoup_local_14_1_d0        |  out|  2048|   ap_memory|                           jcoup_local_14_1|         array|
|jcoup_local_14_1_q0        |   in|  2048|   ap_memory|                           jcoup_local_14_1|         array|
|jcoup_local_15_0_address0  |  out|     5|   ap_memory|                           jcoup_local_15_0|         array|
|jcoup_local_15_0_ce0       |  out|     1|   ap_memory|                           jcoup_local_15_0|         array|
|jcoup_local_15_0_we0       |  out|     1|   ap_memory|                           jcoup_local_15_0|         array|
|jcoup_local_15_0_d0        |  out|  2048|   ap_memory|                           jcoup_local_15_0|         array|
|jcoup_local_15_1_address0  |  out|     5|   ap_memory|                           jcoup_local_15_1|         array|
|jcoup_local_15_1_ce0       |  out|     1|   ap_memory|                           jcoup_local_15_1|         array|
|jcoup_local_15_1_we0       |  out|     1|   ap_memory|                           jcoup_local_15_1|         array|
|jcoup_local_15_1_d0        |  out|  2048|   ap_memory|                           jcoup_local_15_1|         array|
+---------------------------+-----+------+------------+-------------------------------------------+--------------+

