

================================================================
== Vitis HLS Report for 'Run'
================================================================
* Date:           Sat Sep 25 10:58:06 2021

* Version:        2021.1 (Build 3247384 on Thu Jun 10 19:36:33 MDT 2021)
* Project:        SQA-Vitis
* Solution:       solution1 (Vitis Kernel Flow Target)
* Product family: virtexuplus
* Target device:  xcvu35p-fsvh2892-2-e


================================================================
== Performance Estimates
================================================================
+ Timing: 
    * Summary: 
    +--------+---------+----------+------------+
    |  Clock |  Target | Estimated| Uncertainty|
    +--------+---------+----------+------------+
    |ap_clk  |  3.33 ns|  2.846 ns|     0.90 ns|
    +--------+---------+----------+------------+

+ Latency: 
    * Summary: 
    +---------+---------+----------+----------+-----+-----+---------+
    |  Latency (cycles) |  Latency (absolute) |  Interval | Pipeline|
    |   min   |   max   |    min   |    max   | min | max |   Type  |
    +---------+---------+----------+----------+-----+-----+---------+
    |      173|      173|  0.577 us|  0.577 us|  173|  173|       no|
    +---------+---------+----------+----------+-----+-----+---------+

    + Detail: 
        * Instance: 
        +--------------------------------+---------------------+---------+---------+----------+----------+-----+-----+---------+
        |                                |                     |  Latency (cycles) |  Latency (absolute) |  Interval | Pipeline|
        |            Instance            |        Module       |   min   |   max   |    min   |    max   | min | max |   Type  |
        +--------------------------------+---------------------+---------+---------+----------+----------+-----+-----+---------+
        |grp_Run_Pipeline_SUM_UP_fu_343  |Run_Pipeline_SUM_UP  |      120|      120|  0.400 us|  0.400 us|  120|  120|       no|
        +--------------------------------+---------------------+---------+---------+----------+----------+-----+-----+---------+

        * Loop: 
        N/A



================================================================
== Utilization Estimates
================================================================
* Summary: 
+---------------------+---------+------+---------+--------+-----+
|         Name        | BRAM_18K|  DSP |    FF   |   LUT  | URAM|
+---------------------+---------+------+---------+--------+-----+
|DSP                  |        -|     -|        -|       -|    -|
|Expression           |        -|     -|        -|       -|    -|
|FIFO                 |        -|     -|        -|       -|    -|
|Instance             |        -|   128|    28719|   19220|    -|
|Memory               |        0|     -|       32|      33|    0|
|Multiplexer          |        -|     -|        -|     792|    -|
|Register             |        -|     -|      983|       -|    -|
+---------------------+---------+------+---------+--------+-----+
|Total                |        0|   128|    29734|   20045|    0|
+---------------------+---------+------+---------+--------+-----+
|Available SLR        |     1344|  2976|   871680|  435840|  320|
+---------------------+---------+------+---------+--------+-----+
|Utilization SLR (%)  |        0|     4|        3|       4|    0|
+---------------------+---------+------+---------+--------+-----+
|Available            |     2688|  5952|  1743360|  871680|  640|
+---------------------+---------+------+---------+--------+-----+
|Utilization (%)      |        0|     2|        1|       2|    0|
+---------------------+---------+------+---------+--------+-----+

+ Detail: 
    * Instance: 
    +-------------------------------------+--------------------------------+---------+-----+-------+-------+-----+
    |               Instance              |             Module             | BRAM_18K| DSP |   FF  |  LUT  | URAM|
    +-------------------------------------+--------------------------------+---------+-----+-------+-------+-----+
    |grp_Run_Pipeline_SUM_UP_fu_343       |Run_Pipeline_SUM_UP             |        0|  122|  27765|  18626|    0|
    |fadd_32ns_32ns_32_7_full_dsp_1_U113  |fadd_32ns_32ns_32_7_full_dsp_1  |        0|    2|    318|    198|    0|
    |fadd_32ns_32ns_32_7_full_dsp_1_U114  |fadd_32ns_32ns_32_7_full_dsp_1  |        0|    2|    318|    198|    0|
    |fadd_32ns_32ns_32_7_full_dsp_1_U115  |fadd_32ns_32ns_32_7_full_dsp_1  |        0|    2|    318|    198|    0|
    +-------------------------------------+--------------------------------+---------+-----+-------+-------+-----+
    |Total                                |                                |        0|  128|  28719|  19220|    0|
    +-------------------------------------+--------------------------------+---------+-----+-------+-------+-----+

    * DSP: 
    N/A

    * Memory: 
    +----------+------------+---------+----+----+-----+------+-----+------+-------------+
    |  Memory  |   Module   | BRAM_18K| FF | LUT| URAM| Words| Bits| Banks| W*Bits*Banks|
    +----------+------------+---------+----+----+-----+------+-----+------+-------------+
    |dh_tmp_U  |Run_dh_tmp  |        0|  32|  33|    0|    32|   32|     1|         1024|
    +----------+------------+---------+----+----+-----+------+-----+------+-------------+
    |Total     |            |        0|  32|  33|    0|    32|   32|     1|         1024|
    +----------+------------+---------+----+----+-----+------+-----+------+-------------+

    * FIFO: 
    N/A

    * Expression: 
    N/A

    * Multiplexer: 
    +-----------------+-----+-----------+-----+-----------+
    |       Name      | LUT | Input Size| Bits| Total Bits|
    +-----------------+-----+-----------+-----+-----------+
    |ap_NS_fsm        |  237|         55|    1|         55|
    |ap_return        |    9|          2|   32|         64|
    |dh_tmp_address0  |  107|         22|    5|        110|
    |dh_tmp_address1  |   97|         20|    5|        100|
    |dh_tmp_ce0       |   14|          3|    1|          3|
    |dh_tmp_d0        |   26|          5|   32|        160|
    |dh_tmp_d1        |   14|          3|   32|         96|
    |dh_tmp_we0       |   14|          3|    1|          3|
    |grp_fu_357_ce    |    9|          2|    1|          2|
    |grp_fu_357_p0    |   86|         18|   32|        576|
    |grp_fu_357_p1    |   81|         17|   32|        544|
    |grp_fu_361_ce    |    9|          2|    1|          2|
    |grp_fu_361_p0    |   20|          4|   32|        128|
    |grp_fu_361_p1    |   20|          4|   32|        128|
    |grp_fu_365_ce    |    9|          2|    1|          2|
    |grp_fu_365_p0    |   20|          4|   32|        128|
    |grp_fu_365_p1    |   20|          4|   32|        128|
    +-----------------+-----+-----------+-----+-----------+
    |Total            |  792|        170|  304|       2229|
    +-----------------+-----+-----------+-----+-----------+

    * Register: 
    +---------------------------------------------+----+----+-----+-----------+
    |                     Name                    | FF | LUT| Bits| Const Bits|
    +---------------------------------------------+----+----+-----+-----------+
    |add3_i_i_i_i_1_reg_673                       |  32|   0|   32|          0|
    |add3_i_i_i_i_2_reg_678                       |  32|   0|   32|          0|
    |add3_i_i_i_i_3_reg_683                       |  32|   0|   32|          0|
    |add3_i_i_i_i_i_8_reg_657                     |  32|   0|   32|          0|
    |add3_i_i_i_i_i_9_reg_662                     |  32|   0|   32|          0|
    |add3_i_i_i_i_reg_668                         |  32|   0|   32|          0|
    |ap_CS_fsm                                    |  54|   0|   54|          0|
    |ap_return_preg                               |  32|   0|   32|          0|
    |grp_Run_Pipeline_SUM_UP_fu_343_ap_start_reg  |   1|   0|    1|          0|
    |reg_369                                      |  32|   0|   32|          0|
    |reg_374                                      |  32|   0|   32|          0|
    |reg_379                                      |  32|   0|   32|          0|
    |reg_384                                      |  32|   0|   32|          0|
    |reg_389                                      |  32|   0|   32|          0|
    |reg_394                                      |  32|   0|   32|          0|
    |reg_399                                      |  32|   0|   32|          0|
    |reg_404                                      |  32|   0|   32|          0|
    |reg_409                                      |  32|   0|   32|          0|
    |reg_414                                      |  32|   0|   32|          0|
    |reg_419                                      |  32|   0|   32|          0|
    |reg_424                                      |  32|   0|   32|          0|
    |reg_429                                      |  32|   0|   32|          0|
    |reg_434                                      |  32|   0|   32|          0|
    |reg_439                                      |  32|   0|   32|          0|
    |reg_446                                      |  32|   0|   32|          0|
    |reg_454                                      |  32|   0|   32|          0|
    |reg_461                                      |  32|   0|   32|          0|
    |reg_468                                      |  32|   0|   32|          0|
    |reg_474                                      |  32|   0|   32|          0|
    |reg_481                                      |  32|   0|   32|          0|
    |reg_487                                      |  32|   0|   32|          0|
    +---------------------------------------------+----+----+-----+-----------+
    |Total                                        | 983|   0|  983|          0|
    +---------------------------------------------+----+----+-----+-----------+



================================================================
== Interface
================================================================
* Summary: 
+--------------------------+-----+------+------------+-----------------+--------------+
|         RTL Ports        | Dir | Bits |  Protocol  |  Source Object  |    C Type    |
+--------------------------+-----+------+------------+-----------------+--------------+
|ap_clk                    |   in|     1|  ap_ctrl_hs|              Run|  return value|
|ap_rst                    |   in|     1|  ap_ctrl_hs|              Run|  return value|
|ap_start                  |   in|     1|  ap_ctrl_hs|              Run|  return value|
|ap_done                   |  out|     1|  ap_ctrl_hs|              Run|  return value|
|ap_idle                   |  out|     1|  ap_ctrl_hs|              Run|  return value|
|ap_ready                  |  out|     1|  ap_ctrl_hs|              Run|  return value|
|ap_return                 |  out|    32|  ap_ctrl_hs|              Run|  return value|
|trotters_local_address0   |  out|     5|   ap_memory|   trotters_local|         array|
|trotters_local_ce0        |  out|     1|   ap_memory|   trotters_local|         array|
|trotters_local_q0         |   in|    64|   ap_memory|   trotters_local|         array|
|trotters_local1_address0  |  out|     5|   ap_memory|  trotters_local1|         array|
|trotters_local1_ce0       |  out|     1|   ap_memory|  trotters_local1|         array|
|trotters_local1_q0        |   in|    64|   ap_memory|  trotters_local1|         array|
|jcoup_local_address0      |  out|     5|   ap_memory|      jcoup_local|         array|
|jcoup_local_ce0           |  out|     1|   ap_memory|      jcoup_local|         array|
|jcoup_local_q0            |   in|  2048|   ap_memory|      jcoup_local|         array|
|jcoup_local2_address0     |  out|     5|   ap_memory|     jcoup_local2|         array|
|jcoup_local2_ce0          |  out|     1|   ap_memory|     jcoup_local2|         array|
|jcoup_local2_q0           |   in|  2048|   ap_memory|     jcoup_local2|         array|
+--------------------------+-----+------+------------+-----------------+--------------+

