

================================================================
== Vitis HLS Report for 'QuantumMonteCarloU50_Pipeline_PREFETCH_JCOUP'
================================================================
* Date:           Wed Oct 27 17:36:02 2021

* Version:        2021.1 (Build 3247384 on Thu Jun 10 19:36:07 MDT 2021)
* Project:        SQA-Vitis
* Solution:       solution1 (Vitis Kernel Flow Target)
* Product family: virtexuplus
* Target device:  xcvu35p-fsvh2892-2-e


================================================================
== Performance Estimates
================================================================
+ Timing: 
    * Summary: 
    +--------+---------+----------+------------+
    |  Clock |  Target | Estimated| Uncertainty|
    +--------+---------+----------+------------+
    |ap_clk  |  3.33 ns|  2.433 ns|     0.90 ns|
    +--------+---------+----------+------------+

+ Latency: 
    * Summary: 
    +---------+---------+----------+----------+-----+-----+---------+
    |  Latency (cycles) |  Latency (absolute) |  Interval | Pipeline|
    |   min   |   max   |    min   |    max   | min | max |   Type  |
    +---------+---------+----------+----------+-----+-----+---------+
    |      265|      265|  0.883 us|  0.883 us|  265|  265|       no|
    +---------+---------+----------+----------+-----+-----+---------+

    + Detail: 
        * Instance: 
        N/A

        * Loop: 
        +------------------+---------+---------+----------+-----------+-----------+------+----------+
        |                  |  Latency (cycles) | Iteration|  Initiation Interval  | Trip |          |
        |     Loop Name    |   min   |   max   |  Latency |  achieved |   target  | Count| Pipelined|
        +------------------+---------+---------+----------+-----------+-----------+------+----------+
        |- PREFETCH_JCOUP  |      263|      263|        75|          3|          1|    64|       yes|
        +------------------+---------+---------+----------+-----------+-----------+------+----------+



================================================================
== Utilization Estimates
================================================================
* Summary: 
+---------------------+---------+------+---------+--------+-----+
|         Name        | BRAM_18K|  DSP |    FF   |   LUT  | URAM|
+---------------------+---------+------+---------+--------+-----+
|DSP                  |        -|     -|        -|       -|    -|
|Expression           |        -|     -|        0|    2283|    -|
|FIFO                 |        -|     -|        -|       -|    -|
|Instance             |        -|     -|        -|       -|    -|
|Memory               |        -|     -|        -|       -|    -|
|Multiplexer          |        -|     -|        -|      92|    -|
|Register             |        -|     -|    26888|      64|    -|
+---------------------+---------+------+---------+--------+-----+
|Total                |        0|     0|    26888|    2439|    0|
+---------------------+---------+------+---------+--------+-----+
|Available SLR        |     1344|  2976|   871680|  435840|  320|
+---------------------+---------+------+---------+--------+-----+
|Utilization SLR (%)  |        0|     0|        3|      ~0|    0|
+---------------------+---------+------+---------+--------+-----+
|Available            |     2688|  5952|  1743360|  871680|  640|
+---------------------+---------+------+---------+--------+-----+
|Utilization (%)      |        0|     0|        1|      ~0|    0|
+---------------------+---------+------+---------+--------+-----+

+ Detail: 
    * Instance: 
    N/A

    * DSP: 
    N/A

    * Memory: 
    N/A

    * FIFO: 
    N/A

    * Expression: 
    +------------------------------------+----------+----+---+------+------------+------------+
    |            Variable Name           | Operation| DSP| FF|  LUT | Bitwidth P0| Bitwidth P1|
    +------------------------------------+----------+----+---+------+------------+------------+
    |add_ln264_fu_1356_p2                |         +|   0|  0|    14|           7|           1|
    |add_ln266_fu_1378_p2                |         +|   0|  0|    71|          64|          64|
    |ap_block_pp0_stage0_11001           |       and|   0|  0|     2|           1|           1|
    |ap_block_pp0_stage2_11001           |       and|   0|  0|     2|           1|           1|
    |ap_block_state2_io                  |       and|   0|  0|     2|           1|           1|
    |ap_block_state72_pp0_stage2_iter23  |       and|   0|  0|     2|           1|           1|
    |ap_block_state74_pp0_stage1_iter24  |       and|   0|  0|     2|           1|           1|
    |ap_predicate_op174_read_state74     |       and|   0|  0|     2|           1|           1|
    |icmp_ln264_fu_1350_p2               |      icmp|   0|  0|    11|           7|           8|
    |lshr_ln266_fu_1484_p2               |      lshr|   0|  0|  2171|        3072|        3072|
    |ap_block_pp0_stage1_11001           |        or|   0|  0|     2|           1|           1|
    |ap_enable_pp0                       |       xor|   0|  0|     2|           1|           2|
    +------------------------------------+----------+----+---+------+------------+------------+
    |Total                               |          |   0|  0|  2283|        3158|        3154|
    +------------------------------------+----------+----+---+------+------------+------------+

    * Multiplexer: 
    +------------------------------------------+----+-----------+------+-----------+
    |                   Name                   | LUT| Input Size| Bits | Total Bits|
    +------------------------------------------+----+-----------+------+-----------+
    |ap_NS_fsm                                 |  20|          4|     1|          4|
    |ap_done_int                               |   9|          2|     1|          2|
    |ap_enable_reg_pp0_iter0                   |   9|          2|     1|          2|
    |ap_enable_reg_pp0_iter1                   |   9|          2|     1|          2|
    |ap_phi_reg_pp0_iter24_empty_476_reg_1323  |   9|          2|  1024|       2048|
    |ap_sig_allocacmp_ofst_4                   |   9|          2|     7|         14|
    |gmem1_blk_n_AR                            |   9|          2|     1|          2|
    |gmem1_blk_n_R                             |   9|          2|     1|          2|
    |ofst_fu_452                               |   9|          2|     7|         14|
    +------------------------------------------+----+-----------+------+-----------+
    |Total                                     |  92|         20|  1044|       2090|
    +------------------------------------------+----+-----------+------+-----------+

    * Register: 
    +------------------------------------------+------+----+------+-----------+
    |                   Name                   |  FF  | LUT| Bits | Const Bits|
    +------------------------------------------+------+----+------+-----------+
    |ap_CS_fsm                                 |     3|   0|     3|          0|
    |ap_done_reg                               |     1|   0|     1|          0|
    |ap_enable_reg_pp0_iter0_reg               |     1|   0|     1|          0|
    |ap_enable_reg_pp0_iter1                   |     1|   0|     1|          0|
    |ap_enable_reg_pp0_iter10                  |     1|   0|     1|          0|
    |ap_enable_reg_pp0_iter11                  |     1|   0|     1|          0|
    |ap_enable_reg_pp0_iter12                  |     1|   0|     1|          0|
    |ap_enable_reg_pp0_iter13                  |     1|   0|     1|          0|
    |ap_enable_reg_pp0_iter14                  |     1|   0|     1|          0|
    |ap_enable_reg_pp0_iter15                  |     1|   0|     1|          0|
    |ap_enable_reg_pp0_iter16                  |     1|   0|     1|          0|
    |ap_enable_reg_pp0_iter17                  |     1|   0|     1|          0|
    |ap_enable_reg_pp0_iter18                  |     1|   0|     1|          0|
    |ap_enable_reg_pp0_iter19                  |     1|   0|     1|          0|
    |ap_enable_reg_pp0_iter2                   |     1|   0|     1|          0|
    |ap_enable_reg_pp0_iter20                  |     1|   0|     1|          0|
    |ap_enable_reg_pp0_iter21                  |     1|   0|     1|          0|
    |ap_enable_reg_pp0_iter22                  |     1|   0|     1|          0|
    |ap_enable_reg_pp0_iter23                  |     1|   0|     1|          0|
    |ap_enable_reg_pp0_iter24                  |     1|   0|     1|          0|
    |ap_enable_reg_pp0_iter3                   |     1|   0|     1|          0|
    |ap_enable_reg_pp0_iter4                   |     1|   0|     1|          0|
    |ap_enable_reg_pp0_iter5                   |     1|   0|     1|          0|
    |ap_enable_reg_pp0_iter6                   |     1|   0|     1|          0|
    |ap_enable_reg_pp0_iter7                   |     1|   0|     1|          0|
    |ap_enable_reg_pp0_iter8                   |     1|   0|     1|          0|
    |ap_enable_reg_pp0_iter9                   |     1|   0|     1|          0|
    |ap_loop_exit_ready_pp0_iter10_reg         |     1|   0|     1|          0|
    |ap_loop_exit_ready_pp0_iter11_reg         |     1|   0|     1|          0|
    |ap_loop_exit_ready_pp0_iter12_reg         |     1|   0|     1|          0|
    |ap_loop_exit_ready_pp0_iter13_reg         |     1|   0|     1|          0|
    |ap_loop_exit_ready_pp0_iter14_reg         |     1|   0|     1|          0|
    |ap_loop_exit_ready_pp0_iter15_reg         |     1|   0|     1|          0|
    |ap_loop_exit_ready_pp0_iter16_reg         |     1|   0|     1|          0|
    |ap_loop_exit_ready_pp0_iter17_reg         |     1|   0|     1|          0|
    |ap_loop_exit_ready_pp0_iter18_reg         |     1|   0|     1|          0|
    |ap_loop_exit_ready_pp0_iter19_reg         |     1|   0|     1|          0|
    |ap_loop_exit_ready_pp0_iter1_reg          |     1|   0|     1|          0|
    |ap_loop_exit_ready_pp0_iter20_reg         |     1|   0|     1|          0|
    |ap_loop_exit_ready_pp0_iter21_reg         |     1|   0|     1|          0|
    |ap_loop_exit_ready_pp0_iter22_reg         |     1|   0|     1|          0|
    |ap_loop_exit_ready_pp0_iter23_reg         |     1|   0|     1|          0|
    |ap_loop_exit_ready_pp0_iter2_reg          |     1|   0|     1|          0|
    |ap_loop_exit_ready_pp0_iter3_reg          |     1|   0|     1|          0|
    |ap_loop_exit_ready_pp0_iter4_reg          |     1|   0|     1|          0|
    |ap_loop_exit_ready_pp0_iter5_reg          |     1|   0|     1|          0|
    |ap_loop_exit_ready_pp0_iter6_reg          |     1|   0|     1|          0|
    |ap_loop_exit_ready_pp0_iter7_reg          |     1|   0|     1|          0|
    |ap_loop_exit_ready_pp0_iter8_reg          |     1|   0|     1|          0|
    |ap_loop_exit_ready_pp0_iter9_reg          |     1|   0|     1|          0|
    |ap_phi_reg_pp0_iter10_empty_476_reg_1323  |  1024|   0|  1024|          0|
    |ap_phi_reg_pp0_iter11_empty_476_reg_1323  |  1024|   0|  1024|          0|
    |ap_phi_reg_pp0_iter12_empty_476_reg_1323  |  1024|   0|  1024|          0|
    |ap_phi_reg_pp0_iter13_empty_476_reg_1323  |  1024|   0|  1024|          0|
    |ap_phi_reg_pp0_iter14_empty_476_reg_1323  |  1024|   0|  1024|          0|
    |ap_phi_reg_pp0_iter15_empty_476_reg_1323  |  1024|   0|  1024|          0|
    |ap_phi_reg_pp0_iter16_empty_476_reg_1323  |  1024|   0|  1024|          0|
    |ap_phi_reg_pp0_iter17_empty_476_reg_1323  |  1024|   0|  1024|          0|
    |ap_phi_reg_pp0_iter18_empty_476_reg_1323  |  1024|   0|  1024|          0|
    |ap_phi_reg_pp0_iter19_empty_476_reg_1323  |  1024|   0|  1024|          0|
    |ap_phi_reg_pp0_iter1_empty_476_reg_1323   |  1024|   0|  1024|          0|
    |ap_phi_reg_pp0_iter20_empty_476_reg_1323  |  1024|   0|  1024|          0|
    |ap_phi_reg_pp0_iter21_empty_476_reg_1323  |  1024|   0|  1024|          0|
    |ap_phi_reg_pp0_iter22_empty_476_reg_1323  |  1024|   0|  1024|          0|
    |ap_phi_reg_pp0_iter23_empty_476_reg_1323  |  1024|   0|  1024|          0|
    |ap_phi_reg_pp0_iter24_empty_476_reg_1323  |  1024|   0|  1024|          0|
    |ap_phi_reg_pp0_iter2_empty_476_reg_1323   |  1024|   0|  1024|          0|
    |ap_phi_reg_pp0_iter3_empty_476_reg_1323   |  1024|   0|  1024|          0|
    |ap_phi_reg_pp0_iter4_empty_476_reg_1323   |  1024|   0|  1024|          0|
    |ap_phi_reg_pp0_iter5_empty_476_reg_1323   |  1024|   0|  1024|          0|
    |ap_phi_reg_pp0_iter6_empty_476_reg_1323   |  1024|   0|  1024|          0|
    |ap_phi_reg_pp0_iter7_empty_476_reg_1323   |  1024|   0|  1024|          0|
    |ap_phi_reg_pp0_iter8_empty_476_reg_1323   |  1024|   0|  1024|          0|
    |ap_phi_reg_pp0_iter9_empty_476_reg_1323   |  1024|   0|  1024|          0|
    |gmem1_addr_read_1_reg_2489                |  1024|   0|  1024|          0|
    |gmem1_addr_read_reg_2484                  |  1024|   0|  1024|          0|
    |icmp_ln264_reg_2469                       |     1|   0|     1|          0|
    |ofst_4_reg_2464                           |     7|   0|     7|          0|
    |ofst_fu_452                               |     7|   0|     7|          0|
    |select_ln266_cast_reg_2454                |     2|   0|    32|         30|
    |trunc_ln266_s_reg_2473                    |    57|   0|    57|          0|
    |zext_ln264_cast_reg_2459                  |    10|   0|  3072|       3062|
    |icmp_ln264_reg_2469                       |    64|  32|     1|          0|
    |ofst_4_reg_2464                           |    64|  32|     7|          0|
    +------------------------------------------+------+----+------+-----------+
    |Total                                     | 26888|  64| 29860|       3092|
    +------------------------------------------+------+----+------+-----------+



================================================================
== Interface
================================================================
* Summary: 
+---------------------------------+-----+------+------------+----------------------------------------------+--------------+
|            RTL Ports            | Dir | Bits |  Protocol  |                 Source Object                |    C Type    |
+---------------------------------+-----+------+------------+----------------------------------------------+--------------+
|ap_clk                           |   in|     1|  ap_ctrl_hs|  QuantumMonteCarloU50_Pipeline_PREFETCH_JCOUP|  return value|
|ap_rst                           |   in|     1|  ap_ctrl_hs|  QuantumMonteCarloU50_Pipeline_PREFETCH_JCOUP|  return value|
|ap_start                         |   in|     1|  ap_ctrl_hs|  QuantumMonteCarloU50_Pipeline_PREFETCH_JCOUP|  return value|
|ap_done                          |  out|     1|  ap_ctrl_hs|  QuantumMonteCarloU50_Pipeline_PREFETCH_JCOUP|  return value|
|ap_idle                          |  out|     1|  ap_ctrl_hs|  QuantumMonteCarloU50_Pipeline_PREFETCH_JCOUP|  return value|
|ap_ready                         |  out|     1|  ap_ctrl_hs|  QuantumMonteCarloU50_Pipeline_PREFETCH_JCOUP|  return value|
|m_axi_gmem1_AWVALID              |  out|     1|       m_axi|                                         gmem1|       pointer|
|m_axi_gmem1_AWREADY              |   in|     1|       m_axi|                                         gmem1|       pointer|
|m_axi_gmem1_AWADDR               |  out|    64|       m_axi|                                         gmem1|       pointer|
|m_axi_gmem1_AWID                 |  out|     1|       m_axi|                                         gmem1|       pointer|
|m_axi_gmem1_AWLEN                |  out|    32|       m_axi|                                         gmem1|       pointer|
|m_axi_gmem1_AWSIZE               |  out|     3|       m_axi|                                         gmem1|       pointer|
|m_axi_gmem1_AWBURST              |  out|     2|       m_axi|                                         gmem1|       pointer|
|m_axi_gmem1_AWLOCK               |  out|     2|       m_axi|                                         gmem1|       pointer|
|m_axi_gmem1_AWCACHE              |  out|     4|       m_axi|                                         gmem1|       pointer|
|m_axi_gmem1_AWPROT               |  out|     3|       m_axi|                                         gmem1|       pointer|
|m_axi_gmem1_AWQOS                |  out|     4|       m_axi|                                         gmem1|       pointer|
|m_axi_gmem1_AWREGION             |  out|     4|       m_axi|                                         gmem1|       pointer|
|m_axi_gmem1_AWUSER               |  out|     1|       m_axi|                                         gmem1|       pointer|
|m_axi_gmem1_WVALID               |  out|     1|       m_axi|                                         gmem1|       pointer|
|m_axi_gmem1_WREADY               |   in|     1|       m_axi|                                         gmem1|       pointer|
|m_axi_gmem1_WDATA                |  out|  1024|       m_axi|                                         gmem1|       pointer|
|m_axi_gmem1_WSTRB                |  out|   128|       m_axi|                                         gmem1|       pointer|
|m_axi_gmem1_WLAST                |  out|     1|       m_axi|                                         gmem1|       pointer|
|m_axi_gmem1_WID                  |  out|     1|       m_axi|                                         gmem1|       pointer|
|m_axi_gmem1_WUSER                |  out|     1|       m_axi|                                         gmem1|       pointer|
|m_axi_gmem1_ARVALID              |  out|     1|       m_axi|                                         gmem1|       pointer|
|m_axi_gmem1_ARREADY              |   in|     1|       m_axi|                                         gmem1|       pointer|
|m_axi_gmem1_ARADDR               |  out|    64|       m_axi|                                         gmem1|       pointer|
|m_axi_gmem1_ARID                 |  out|     1|       m_axi|                                         gmem1|       pointer|
|m_axi_gmem1_ARLEN                |  out|    32|       m_axi|                                         gmem1|       pointer|
|m_axi_gmem1_ARSIZE               |  out|     3|       m_axi|                                         gmem1|       pointer|
|m_axi_gmem1_ARBURST              |  out|     2|       m_axi|                                         gmem1|       pointer|
|m_axi_gmem1_ARLOCK               |  out|     2|       m_axi|                                         gmem1|       pointer|
|m_axi_gmem1_ARCACHE              |  out|     4|       m_axi|                                         gmem1|       pointer|
|m_axi_gmem1_ARPROT               |  out|     3|       m_axi|                                         gmem1|       pointer|
|m_axi_gmem1_ARQOS                |  out|     4|       m_axi|                                         gmem1|       pointer|
|m_axi_gmem1_ARREGION             |  out|     4|       m_axi|                                         gmem1|       pointer|
|m_axi_gmem1_ARUSER               |  out|     1|       m_axi|                                         gmem1|       pointer|
|m_axi_gmem1_RVALID               |   in|     1|       m_axi|                                         gmem1|       pointer|
|m_axi_gmem1_RREADY               |  out|     1|       m_axi|                                         gmem1|       pointer|
|m_axi_gmem1_RDATA                |   in|  1024|       m_axi|                                         gmem1|       pointer|
|m_axi_gmem1_RLAST                |   in|     1|       m_axi|                                         gmem1|       pointer|
|m_axi_gmem1_RID                  |   in|     1|       m_axi|                                         gmem1|       pointer|
|m_axi_gmem1_RUSER                |   in|     1|       m_axi|                                         gmem1|       pointer|
|m_axi_gmem1_RRESP                |   in|     2|       m_axi|                                         gmem1|       pointer|
|m_axi_gmem1_BVALID               |   in|     1|       m_axi|                                         gmem1|       pointer|
|m_axi_gmem1_BREADY               |  out|     1|       m_axi|                                         gmem1|       pointer|
|m_axi_gmem1_BRESP                |   in|     2|       m_axi|                                         gmem1|       pointer|
|m_axi_gmem1_BID                  |   in|     1|       m_axi|                                         gmem1|       pointer|
|m_axi_gmem1_BUSER                |   in|     1|       m_axi|                                         gmem1|       pointer|
|zext_ln264                       |   in|    10|     ap_none|                                    zext_ln264|        scalar|
|jcoup_prefetch_data_0_address0   |  out|     6|   ap_memory|                         jcoup_prefetch_data_0|         array|
|jcoup_prefetch_data_0_ce0        |  out|     1|   ap_memory|                         jcoup_prefetch_data_0|         array|
|jcoup_prefetch_data_0_we0        |  out|     1|   ap_memory|                         jcoup_prefetch_data_0|         array|
|jcoup_prefetch_data_0_d0         |  out|    32|   ap_memory|                         jcoup_prefetch_data_0|         array|
|jcoup_prefetch_data_1_address0   |  out|     6|   ap_memory|                         jcoup_prefetch_data_1|         array|
|jcoup_prefetch_data_1_ce0        |  out|     1|   ap_memory|                         jcoup_prefetch_data_1|         array|
|jcoup_prefetch_data_1_we0        |  out|     1|   ap_memory|                         jcoup_prefetch_data_1|         array|
|jcoup_prefetch_data_1_d0         |  out|    32|   ap_memory|                         jcoup_prefetch_data_1|         array|
|jcoup_prefetch_data_2_address0   |  out|     6|   ap_memory|                         jcoup_prefetch_data_2|         array|
|jcoup_prefetch_data_2_ce0        |  out|     1|   ap_memory|                         jcoup_prefetch_data_2|         array|
|jcoup_prefetch_data_2_we0        |  out|     1|   ap_memory|                         jcoup_prefetch_data_2|         array|
|jcoup_prefetch_data_2_d0         |  out|    32|   ap_memory|                         jcoup_prefetch_data_2|         array|
|jcoup_prefetch_data_3_address0   |  out|     6|   ap_memory|                         jcoup_prefetch_data_3|         array|
|jcoup_prefetch_data_3_ce0        |  out|     1|   ap_memory|                         jcoup_prefetch_data_3|         array|
|jcoup_prefetch_data_3_we0        |  out|     1|   ap_memory|                         jcoup_prefetch_data_3|         array|
|jcoup_prefetch_data_3_d0         |  out|    32|   ap_memory|                         jcoup_prefetch_data_3|         array|
|jcoup_prefetch_data_4_address0   |  out|     6|   ap_memory|                         jcoup_prefetch_data_4|         array|
|jcoup_prefetch_data_4_ce0        |  out|     1|   ap_memory|                         jcoup_prefetch_data_4|         array|
|jcoup_prefetch_data_4_we0        |  out|     1|   ap_memory|                         jcoup_prefetch_data_4|         array|
|jcoup_prefetch_data_4_d0         |  out|    32|   ap_memory|                         jcoup_prefetch_data_4|         array|
|jcoup_prefetch_data_5_address0   |  out|     6|   ap_memory|                         jcoup_prefetch_data_5|         array|
|jcoup_prefetch_data_5_ce0        |  out|     1|   ap_memory|                         jcoup_prefetch_data_5|         array|
|jcoup_prefetch_data_5_we0        |  out|     1|   ap_memory|                         jcoup_prefetch_data_5|         array|
|jcoup_prefetch_data_5_d0         |  out|    32|   ap_memory|                         jcoup_prefetch_data_5|         array|
|jcoup_prefetch_data_6_address0   |  out|     6|   ap_memory|                         jcoup_prefetch_data_6|         array|
|jcoup_prefetch_data_6_ce0        |  out|     1|   ap_memory|                         jcoup_prefetch_data_6|         array|
|jcoup_prefetch_data_6_we0        |  out|     1|   ap_memory|                         jcoup_prefetch_data_6|         array|
|jcoup_prefetch_data_6_d0         |  out|    32|   ap_memory|                         jcoup_prefetch_data_6|         array|
|jcoup_prefetch_data_7_address0   |  out|     6|   ap_memory|                         jcoup_prefetch_data_7|         array|
|jcoup_prefetch_data_7_ce0        |  out|     1|   ap_memory|                         jcoup_prefetch_data_7|         array|
|jcoup_prefetch_data_7_we0        |  out|     1|   ap_memory|                         jcoup_prefetch_data_7|         array|
|jcoup_prefetch_data_7_d0         |  out|    32|   ap_memory|                         jcoup_prefetch_data_7|         array|
|jcoup_prefetch_data_8_address0   |  out|     6|   ap_memory|                         jcoup_prefetch_data_8|         array|
|jcoup_prefetch_data_8_ce0        |  out|     1|   ap_memory|                         jcoup_prefetch_data_8|         array|
|jcoup_prefetch_data_8_we0        |  out|     1|   ap_memory|                         jcoup_prefetch_data_8|         array|
|jcoup_prefetch_data_8_d0         |  out|    32|   ap_memory|                         jcoup_prefetch_data_8|         array|
|jcoup_prefetch_data_9_address0   |  out|     6|   ap_memory|                         jcoup_prefetch_data_9|         array|
|jcoup_prefetch_data_9_ce0        |  out|     1|   ap_memory|                         jcoup_prefetch_data_9|         array|
|jcoup_prefetch_data_9_we0        |  out|     1|   ap_memory|                         jcoup_prefetch_data_9|         array|
|jcoup_prefetch_data_9_d0         |  out|    32|   ap_memory|                         jcoup_prefetch_data_9|         array|
|jcoup_prefetch_data_10_address0  |  out|     6|   ap_memory|                        jcoup_prefetch_data_10|         array|
|jcoup_prefetch_data_10_ce0       |  out|     1|   ap_memory|                        jcoup_prefetch_data_10|         array|
|jcoup_prefetch_data_10_we0       |  out|     1|   ap_memory|                        jcoup_prefetch_data_10|         array|
|jcoup_prefetch_data_10_d0        |  out|    32|   ap_memory|                        jcoup_prefetch_data_10|         array|
|jcoup_prefetch_data_11_address0  |  out|     6|   ap_memory|                        jcoup_prefetch_data_11|         array|
|jcoup_prefetch_data_11_ce0       |  out|     1|   ap_memory|                        jcoup_prefetch_data_11|         array|
|jcoup_prefetch_data_11_we0       |  out|     1|   ap_memory|                        jcoup_prefetch_data_11|         array|
|jcoup_prefetch_data_11_d0        |  out|    32|   ap_memory|                        jcoup_prefetch_data_11|         array|
|jcoup_prefetch_data_12_address0  |  out|     6|   ap_memory|                        jcoup_prefetch_data_12|         array|
|jcoup_prefetch_data_12_ce0       |  out|     1|   ap_memory|                        jcoup_prefetch_data_12|         array|
|jcoup_prefetch_data_12_we0       |  out|     1|   ap_memory|                        jcoup_prefetch_data_12|         array|
|jcoup_prefetch_data_12_d0        |  out|    32|   ap_memory|                        jcoup_prefetch_data_12|         array|
|jcoup_prefetch_data_13_address0  |  out|     6|   ap_memory|                        jcoup_prefetch_data_13|         array|
|jcoup_prefetch_data_13_ce0       |  out|     1|   ap_memory|                        jcoup_prefetch_data_13|         array|
|jcoup_prefetch_data_13_we0       |  out|     1|   ap_memory|                        jcoup_prefetch_data_13|         array|
|jcoup_prefetch_data_13_d0        |  out|    32|   ap_memory|                        jcoup_prefetch_data_13|         array|
|jcoup_prefetch_data_14_address0  |  out|     6|   ap_memory|                        jcoup_prefetch_data_14|         array|
|jcoup_prefetch_data_14_ce0       |  out|     1|   ap_memory|                        jcoup_prefetch_data_14|         array|
|jcoup_prefetch_data_14_we0       |  out|     1|   ap_memory|                        jcoup_prefetch_data_14|         array|
|jcoup_prefetch_data_14_d0        |  out|    32|   ap_memory|                        jcoup_prefetch_data_14|         array|
|jcoup_prefetch_data_15_address0  |  out|     6|   ap_memory|                        jcoup_prefetch_data_15|         array|
|jcoup_prefetch_data_15_ce0       |  out|     1|   ap_memory|                        jcoup_prefetch_data_15|         array|
|jcoup_prefetch_data_15_we0       |  out|     1|   ap_memory|                        jcoup_prefetch_data_15|         array|
|jcoup_prefetch_data_15_d0        |  out|    32|   ap_memory|                        jcoup_prefetch_data_15|         array|
|jcoup_prefetch_data_16_address0  |  out|     6|   ap_memory|                        jcoup_prefetch_data_16|         array|
|jcoup_prefetch_data_16_ce0       |  out|     1|   ap_memory|                        jcoup_prefetch_data_16|         array|
|jcoup_prefetch_data_16_we0       |  out|     1|   ap_memory|                        jcoup_prefetch_data_16|         array|
|jcoup_prefetch_data_16_d0        |  out|    32|   ap_memory|                        jcoup_prefetch_data_16|         array|
|jcoup_prefetch_data_17_address0  |  out|     6|   ap_memory|                        jcoup_prefetch_data_17|         array|
|jcoup_prefetch_data_17_ce0       |  out|     1|   ap_memory|                        jcoup_prefetch_data_17|         array|
|jcoup_prefetch_data_17_we0       |  out|     1|   ap_memory|                        jcoup_prefetch_data_17|         array|
|jcoup_prefetch_data_17_d0        |  out|    32|   ap_memory|                        jcoup_prefetch_data_17|         array|
|jcoup_prefetch_data_18_address0  |  out|     6|   ap_memory|                        jcoup_prefetch_data_18|         array|
|jcoup_prefetch_data_18_ce0       |  out|     1|   ap_memory|                        jcoup_prefetch_data_18|         array|
|jcoup_prefetch_data_18_we0       |  out|     1|   ap_memory|                        jcoup_prefetch_data_18|         array|
|jcoup_prefetch_data_18_d0        |  out|    32|   ap_memory|                        jcoup_prefetch_data_18|         array|
|jcoup_prefetch_data_19_address0  |  out|     6|   ap_memory|                        jcoup_prefetch_data_19|         array|
|jcoup_prefetch_data_19_ce0       |  out|     1|   ap_memory|                        jcoup_prefetch_data_19|         array|
|jcoup_prefetch_data_19_we0       |  out|     1|   ap_memory|                        jcoup_prefetch_data_19|         array|
|jcoup_prefetch_data_19_d0        |  out|    32|   ap_memory|                        jcoup_prefetch_data_19|         array|
|jcoup_prefetch_data_20_address0  |  out|     6|   ap_memory|                        jcoup_prefetch_data_20|         array|
|jcoup_prefetch_data_20_ce0       |  out|     1|   ap_memory|                        jcoup_prefetch_data_20|         array|
|jcoup_prefetch_data_20_we0       |  out|     1|   ap_memory|                        jcoup_prefetch_data_20|         array|
|jcoup_prefetch_data_20_d0        |  out|    32|   ap_memory|                        jcoup_prefetch_data_20|         array|
|jcoup_prefetch_data_21_address0  |  out|     6|   ap_memory|                        jcoup_prefetch_data_21|         array|
|jcoup_prefetch_data_21_ce0       |  out|     1|   ap_memory|                        jcoup_prefetch_data_21|         array|
|jcoup_prefetch_data_21_we0       |  out|     1|   ap_memory|                        jcoup_prefetch_data_21|         array|
|jcoup_prefetch_data_21_d0        |  out|    32|   ap_memory|                        jcoup_prefetch_data_21|         array|
|jcoup_prefetch_data_22_address0  |  out|     6|   ap_memory|                        jcoup_prefetch_data_22|         array|
|jcoup_prefetch_data_22_ce0       |  out|     1|   ap_memory|                        jcoup_prefetch_data_22|         array|
|jcoup_prefetch_data_22_we0       |  out|     1|   ap_memory|                        jcoup_prefetch_data_22|         array|
|jcoup_prefetch_data_22_d0        |  out|    32|   ap_memory|                        jcoup_prefetch_data_22|         array|
|jcoup_prefetch_data_23_address0  |  out|     6|   ap_memory|                        jcoup_prefetch_data_23|         array|
|jcoup_prefetch_data_23_ce0       |  out|     1|   ap_memory|                        jcoup_prefetch_data_23|         array|
|jcoup_prefetch_data_23_we0       |  out|     1|   ap_memory|                        jcoup_prefetch_data_23|         array|
|jcoup_prefetch_data_23_d0        |  out|    32|   ap_memory|                        jcoup_prefetch_data_23|         array|
|jcoup_prefetch_data_24_address0  |  out|     6|   ap_memory|                        jcoup_prefetch_data_24|         array|
|jcoup_prefetch_data_24_ce0       |  out|     1|   ap_memory|                        jcoup_prefetch_data_24|         array|
|jcoup_prefetch_data_24_we0       |  out|     1|   ap_memory|                        jcoup_prefetch_data_24|         array|
|jcoup_prefetch_data_24_d0        |  out|    32|   ap_memory|                        jcoup_prefetch_data_24|         array|
|jcoup_prefetch_data_25_address0  |  out|     6|   ap_memory|                        jcoup_prefetch_data_25|         array|
|jcoup_prefetch_data_25_ce0       |  out|     1|   ap_memory|                        jcoup_prefetch_data_25|         array|
|jcoup_prefetch_data_25_we0       |  out|     1|   ap_memory|                        jcoup_prefetch_data_25|         array|
|jcoup_prefetch_data_25_d0        |  out|    32|   ap_memory|                        jcoup_prefetch_data_25|         array|
|jcoup_prefetch_data_26_address0  |  out|     6|   ap_memory|                        jcoup_prefetch_data_26|         array|
|jcoup_prefetch_data_26_ce0       |  out|     1|   ap_memory|                        jcoup_prefetch_data_26|         array|
|jcoup_prefetch_data_26_we0       |  out|     1|   ap_memory|                        jcoup_prefetch_data_26|         array|
|jcoup_prefetch_data_26_d0        |  out|    32|   ap_memory|                        jcoup_prefetch_data_26|         array|
|jcoup_prefetch_data_27_address0  |  out|     6|   ap_memory|                        jcoup_prefetch_data_27|         array|
|jcoup_prefetch_data_27_ce0       |  out|     1|   ap_memory|                        jcoup_prefetch_data_27|         array|
|jcoup_prefetch_data_27_we0       |  out|     1|   ap_memory|                        jcoup_prefetch_data_27|         array|
|jcoup_prefetch_data_27_d0        |  out|    32|   ap_memory|                        jcoup_prefetch_data_27|         array|
|jcoup_prefetch_data_28_address0  |  out|     6|   ap_memory|                        jcoup_prefetch_data_28|         array|
|jcoup_prefetch_data_28_ce0       |  out|     1|   ap_memory|                        jcoup_prefetch_data_28|         array|
|jcoup_prefetch_data_28_we0       |  out|     1|   ap_memory|                        jcoup_prefetch_data_28|         array|
|jcoup_prefetch_data_28_d0        |  out|    32|   ap_memory|                        jcoup_prefetch_data_28|         array|
|jcoup_prefetch_data_29_address0  |  out|     6|   ap_memory|                        jcoup_prefetch_data_29|         array|
|jcoup_prefetch_data_29_ce0       |  out|     1|   ap_memory|                        jcoup_prefetch_data_29|         array|
|jcoup_prefetch_data_29_we0       |  out|     1|   ap_memory|                        jcoup_prefetch_data_29|         array|
|jcoup_prefetch_data_29_d0        |  out|    32|   ap_memory|                        jcoup_prefetch_data_29|         array|
|jcoup_prefetch_data_30_address0  |  out|     6|   ap_memory|                        jcoup_prefetch_data_30|         array|
|jcoup_prefetch_data_30_ce0       |  out|     1|   ap_memory|                        jcoup_prefetch_data_30|         array|
|jcoup_prefetch_data_30_we0       |  out|     1|   ap_memory|                        jcoup_prefetch_data_30|         array|
|jcoup_prefetch_data_30_d0        |  out|    32|   ap_memory|                        jcoup_prefetch_data_30|         array|
|jcoup_prefetch_data_31_address0  |  out|     6|   ap_memory|                        jcoup_prefetch_data_31|         array|
|jcoup_prefetch_data_31_ce0       |  out|     1|   ap_memory|                        jcoup_prefetch_data_31|         array|
|jcoup_prefetch_data_31_we0       |  out|     1|   ap_memory|                        jcoup_prefetch_data_31|         array|
|jcoup_prefetch_data_31_d0        |  out|    32|   ap_memory|                        jcoup_prefetch_data_31|         array|
|jcoup_prefetch_data_32_address0  |  out|     6|   ap_memory|                        jcoup_prefetch_data_32|         array|
|jcoup_prefetch_data_32_ce0       |  out|     1|   ap_memory|                        jcoup_prefetch_data_32|         array|
|jcoup_prefetch_data_32_we0       |  out|     1|   ap_memory|                        jcoup_prefetch_data_32|         array|
|jcoup_prefetch_data_32_d0        |  out|    32|   ap_memory|                        jcoup_prefetch_data_32|         array|
|jcoup_prefetch_data_33_address0  |  out|     6|   ap_memory|                        jcoup_prefetch_data_33|         array|
|jcoup_prefetch_data_33_ce0       |  out|     1|   ap_memory|                        jcoup_prefetch_data_33|         array|
|jcoup_prefetch_data_33_we0       |  out|     1|   ap_memory|                        jcoup_prefetch_data_33|         array|
|jcoup_prefetch_data_33_d0        |  out|    32|   ap_memory|                        jcoup_prefetch_data_33|         array|
|jcoup_prefetch_data_34_address0  |  out|     6|   ap_memory|                        jcoup_prefetch_data_34|         array|
|jcoup_prefetch_data_34_ce0       |  out|     1|   ap_memory|                        jcoup_prefetch_data_34|         array|
|jcoup_prefetch_data_34_we0       |  out|     1|   ap_memory|                        jcoup_prefetch_data_34|         array|
|jcoup_prefetch_data_34_d0        |  out|    32|   ap_memory|                        jcoup_prefetch_data_34|         array|
|jcoup_prefetch_data_35_address0  |  out|     6|   ap_memory|                        jcoup_prefetch_data_35|         array|
|jcoup_prefetch_data_35_ce0       |  out|     1|   ap_memory|                        jcoup_prefetch_data_35|         array|
|jcoup_prefetch_data_35_we0       |  out|     1|   ap_memory|                        jcoup_prefetch_data_35|         array|
|jcoup_prefetch_data_35_d0        |  out|    32|   ap_memory|                        jcoup_prefetch_data_35|         array|
|jcoup_prefetch_data_36_address0  |  out|     6|   ap_memory|                        jcoup_prefetch_data_36|         array|
|jcoup_prefetch_data_36_ce0       |  out|     1|   ap_memory|                        jcoup_prefetch_data_36|         array|
|jcoup_prefetch_data_36_we0       |  out|     1|   ap_memory|                        jcoup_prefetch_data_36|         array|
|jcoup_prefetch_data_36_d0        |  out|    32|   ap_memory|                        jcoup_prefetch_data_36|         array|
|jcoup_prefetch_data_37_address0  |  out|     6|   ap_memory|                        jcoup_prefetch_data_37|         array|
|jcoup_prefetch_data_37_ce0       |  out|     1|   ap_memory|                        jcoup_prefetch_data_37|         array|
|jcoup_prefetch_data_37_we0       |  out|     1|   ap_memory|                        jcoup_prefetch_data_37|         array|
|jcoup_prefetch_data_37_d0        |  out|    32|   ap_memory|                        jcoup_prefetch_data_37|         array|
|jcoup_prefetch_data_38_address0  |  out|     6|   ap_memory|                        jcoup_prefetch_data_38|         array|
|jcoup_prefetch_data_38_ce0       |  out|     1|   ap_memory|                        jcoup_prefetch_data_38|         array|
|jcoup_prefetch_data_38_we0       |  out|     1|   ap_memory|                        jcoup_prefetch_data_38|         array|
|jcoup_prefetch_data_38_d0        |  out|    32|   ap_memory|                        jcoup_prefetch_data_38|         array|
|jcoup_prefetch_data_39_address0  |  out|     6|   ap_memory|                        jcoup_prefetch_data_39|         array|
|jcoup_prefetch_data_39_ce0       |  out|     1|   ap_memory|                        jcoup_prefetch_data_39|         array|
|jcoup_prefetch_data_39_we0       |  out|     1|   ap_memory|                        jcoup_prefetch_data_39|         array|
|jcoup_prefetch_data_39_d0        |  out|    32|   ap_memory|                        jcoup_prefetch_data_39|         array|
|jcoup_prefetch_data_40_address0  |  out|     6|   ap_memory|                        jcoup_prefetch_data_40|         array|
|jcoup_prefetch_data_40_ce0       |  out|     1|   ap_memory|                        jcoup_prefetch_data_40|         array|
|jcoup_prefetch_data_40_we0       |  out|     1|   ap_memory|                        jcoup_prefetch_data_40|         array|
|jcoup_prefetch_data_40_d0        |  out|    32|   ap_memory|                        jcoup_prefetch_data_40|         array|
|jcoup_prefetch_data_41_address0  |  out|     6|   ap_memory|                        jcoup_prefetch_data_41|         array|
|jcoup_prefetch_data_41_ce0       |  out|     1|   ap_memory|                        jcoup_prefetch_data_41|         array|
|jcoup_prefetch_data_41_we0       |  out|     1|   ap_memory|                        jcoup_prefetch_data_41|         array|
|jcoup_prefetch_data_41_d0        |  out|    32|   ap_memory|                        jcoup_prefetch_data_41|         array|
|jcoup_prefetch_data_42_address0  |  out|     6|   ap_memory|                        jcoup_prefetch_data_42|         array|
|jcoup_prefetch_data_42_ce0       |  out|     1|   ap_memory|                        jcoup_prefetch_data_42|         array|
|jcoup_prefetch_data_42_we0       |  out|     1|   ap_memory|                        jcoup_prefetch_data_42|         array|
|jcoup_prefetch_data_42_d0        |  out|    32|   ap_memory|                        jcoup_prefetch_data_42|         array|
|jcoup_prefetch_data_43_address0  |  out|     6|   ap_memory|                        jcoup_prefetch_data_43|         array|
|jcoup_prefetch_data_43_ce0       |  out|     1|   ap_memory|                        jcoup_prefetch_data_43|         array|
|jcoup_prefetch_data_43_we0       |  out|     1|   ap_memory|                        jcoup_prefetch_data_43|         array|
|jcoup_prefetch_data_43_d0        |  out|    32|   ap_memory|                        jcoup_prefetch_data_43|         array|
|jcoup_prefetch_data_44_address0  |  out|     6|   ap_memory|                        jcoup_prefetch_data_44|         array|
|jcoup_prefetch_data_44_ce0       |  out|     1|   ap_memory|                        jcoup_prefetch_data_44|         array|
|jcoup_prefetch_data_44_we0       |  out|     1|   ap_memory|                        jcoup_prefetch_data_44|         array|
|jcoup_prefetch_data_44_d0        |  out|    32|   ap_memory|                        jcoup_prefetch_data_44|         array|
|jcoup_prefetch_data_45_address0  |  out|     6|   ap_memory|                        jcoup_prefetch_data_45|         array|
|jcoup_prefetch_data_45_ce0       |  out|     1|   ap_memory|                        jcoup_prefetch_data_45|         array|
|jcoup_prefetch_data_45_we0       |  out|     1|   ap_memory|                        jcoup_prefetch_data_45|         array|
|jcoup_prefetch_data_45_d0        |  out|    32|   ap_memory|                        jcoup_prefetch_data_45|         array|
|jcoup_prefetch_data_46_address0  |  out|     6|   ap_memory|                        jcoup_prefetch_data_46|         array|
|jcoup_prefetch_data_46_ce0       |  out|     1|   ap_memory|                        jcoup_prefetch_data_46|         array|
|jcoup_prefetch_data_46_we0       |  out|     1|   ap_memory|                        jcoup_prefetch_data_46|         array|
|jcoup_prefetch_data_46_d0        |  out|    32|   ap_memory|                        jcoup_prefetch_data_46|         array|
|jcoup_prefetch_data_47_address0  |  out|     6|   ap_memory|                        jcoup_prefetch_data_47|         array|
|jcoup_prefetch_data_47_ce0       |  out|     1|   ap_memory|                        jcoup_prefetch_data_47|         array|
|jcoup_prefetch_data_47_we0       |  out|     1|   ap_memory|                        jcoup_prefetch_data_47|         array|
|jcoup_prefetch_data_47_d0        |  out|    32|   ap_memory|                        jcoup_prefetch_data_47|         array|
|jcoup_prefetch_data_48_address0  |  out|     6|   ap_memory|                        jcoup_prefetch_data_48|         array|
|jcoup_prefetch_data_48_ce0       |  out|     1|   ap_memory|                        jcoup_prefetch_data_48|         array|
|jcoup_prefetch_data_48_we0       |  out|     1|   ap_memory|                        jcoup_prefetch_data_48|         array|
|jcoup_prefetch_data_48_d0        |  out|    32|   ap_memory|                        jcoup_prefetch_data_48|         array|
|jcoup_prefetch_data_49_address0  |  out|     6|   ap_memory|                        jcoup_prefetch_data_49|         array|
|jcoup_prefetch_data_49_ce0       |  out|     1|   ap_memory|                        jcoup_prefetch_data_49|         array|
|jcoup_prefetch_data_49_we0       |  out|     1|   ap_memory|                        jcoup_prefetch_data_49|         array|
|jcoup_prefetch_data_49_d0        |  out|    32|   ap_memory|                        jcoup_prefetch_data_49|         array|
|jcoup_prefetch_data_50_address0  |  out|     6|   ap_memory|                        jcoup_prefetch_data_50|         array|
|jcoup_prefetch_data_50_ce0       |  out|     1|   ap_memory|                        jcoup_prefetch_data_50|         array|
|jcoup_prefetch_data_50_we0       |  out|     1|   ap_memory|                        jcoup_prefetch_data_50|         array|
|jcoup_prefetch_data_50_d0        |  out|    32|   ap_memory|                        jcoup_prefetch_data_50|         array|
|jcoup_prefetch_data_51_address0  |  out|     6|   ap_memory|                        jcoup_prefetch_data_51|         array|
|jcoup_prefetch_data_51_ce0       |  out|     1|   ap_memory|                        jcoup_prefetch_data_51|         array|
|jcoup_prefetch_data_51_we0       |  out|     1|   ap_memory|                        jcoup_prefetch_data_51|         array|
|jcoup_prefetch_data_51_d0        |  out|    32|   ap_memory|                        jcoup_prefetch_data_51|         array|
|jcoup_prefetch_data_52_address0  |  out|     6|   ap_memory|                        jcoup_prefetch_data_52|         array|
|jcoup_prefetch_data_52_ce0       |  out|     1|   ap_memory|                        jcoup_prefetch_data_52|         array|
|jcoup_prefetch_data_52_we0       |  out|     1|   ap_memory|                        jcoup_prefetch_data_52|         array|
|jcoup_prefetch_data_52_d0        |  out|    32|   ap_memory|                        jcoup_prefetch_data_52|         array|
|jcoup_prefetch_data_53_address0  |  out|     6|   ap_memory|                        jcoup_prefetch_data_53|         array|
|jcoup_prefetch_data_53_ce0       |  out|     1|   ap_memory|                        jcoup_prefetch_data_53|         array|
|jcoup_prefetch_data_53_we0       |  out|     1|   ap_memory|                        jcoup_prefetch_data_53|         array|
|jcoup_prefetch_data_53_d0        |  out|    32|   ap_memory|                        jcoup_prefetch_data_53|         array|
|jcoup_prefetch_data_54_address0  |  out|     6|   ap_memory|                        jcoup_prefetch_data_54|         array|
|jcoup_prefetch_data_54_ce0       |  out|     1|   ap_memory|                        jcoup_prefetch_data_54|         array|
|jcoup_prefetch_data_54_we0       |  out|     1|   ap_memory|                        jcoup_prefetch_data_54|         array|
|jcoup_prefetch_data_54_d0        |  out|    32|   ap_memory|                        jcoup_prefetch_data_54|         array|
|jcoup_prefetch_data_55_address0  |  out|     6|   ap_memory|                        jcoup_prefetch_data_55|         array|
|jcoup_prefetch_data_55_ce0       |  out|     1|   ap_memory|                        jcoup_prefetch_data_55|         array|
|jcoup_prefetch_data_55_we0       |  out|     1|   ap_memory|                        jcoup_prefetch_data_55|         array|
|jcoup_prefetch_data_55_d0        |  out|    32|   ap_memory|                        jcoup_prefetch_data_55|         array|
|jcoup_prefetch_data_56_address0  |  out|     6|   ap_memory|                        jcoup_prefetch_data_56|         array|
|jcoup_prefetch_data_56_ce0       |  out|     1|   ap_memory|                        jcoup_prefetch_data_56|         array|
|jcoup_prefetch_data_56_we0       |  out|     1|   ap_memory|                        jcoup_prefetch_data_56|         array|
|jcoup_prefetch_data_56_d0        |  out|    32|   ap_memory|                        jcoup_prefetch_data_56|         array|
|jcoup_prefetch_data_57_address0  |  out|     6|   ap_memory|                        jcoup_prefetch_data_57|         array|
|jcoup_prefetch_data_57_ce0       |  out|     1|   ap_memory|                        jcoup_prefetch_data_57|         array|
|jcoup_prefetch_data_57_we0       |  out|     1|   ap_memory|                        jcoup_prefetch_data_57|         array|
|jcoup_prefetch_data_57_d0        |  out|    32|   ap_memory|                        jcoup_prefetch_data_57|         array|
|jcoup_prefetch_data_58_address0  |  out|     6|   ap_memory|                        jcoup_prefetch_data_58|         array|
|jcoup_prefetch_data_58_ce0       |  out|     1|   ap_memory|                        jcoup_prefetch_data_58|         array|
|jcoup_prefetch_data_58_we0       |  out|     1|   ap_memory|                        jcoup_prefetch_data_58|         array|
|jcoup_prefetch_data_58_d0        |  out|    32|   ap_memory|                        jcoup_prefetch_data_58|         array|
|jcoup_prefetch_data_59_address0  |  out|     6|   ap_memory|                        jcoup_prefetch_data_59|         array|
|jcoup_prefetch_data_59_ce0       |  out|     1|   ap_memory|                        jcoup_prefetch_data_59|         array|
|jcoup_prefetch_data_59_we0       |  out|     1|   ap_memory|                        jcoup_prefetch_data_59|         array|
|jcoup_prefetch_data_59_d0        |  out|    32|   ap_memory|                        jcoup_prefetch_data_59|         array|
|jcoup_prefetch_data_60_address0  |  out|     6|   ap_memory|                        jcoup_prefetch_data_60|         array|
|jcoup_prefetch_data_60_ce0       |  out|     1|   ap_memory|                        jcoup_prefetch_data_60|         array|
|jcoup_prefetch_data_60_we0       |  out|     1|   ap_memory|                        jcoup_prefetch_data_60|         array|
|jcoup_prefetch_data_60_d0        |  out|    32|   ap_memory|                        jcoup_prefetch_data_60|         array|
|jcoup_prefetch_data_61_address0  |  out|     6|   ap_memory|                        jcoup_prefetch_data_61|         array|
|jcoup_prefetch_data_61_ce0       |  out|     1|   ap_memory|                        jcoup_prefetch_data_61|         array|
|jcoup_prefetch_data_61_we0       |  out|     1|   ap_memory|                        jcoup_prefetch_data_61|         array|
|jcoup_prefetch_data_61_d0        |  out|    32|   ap_memory|                        jcoup_prefetch_data_61|         array|
|jcoup_prefetch_data_62_address0  |  out|     6|   ap_memory|                        jcoup_prefetch_data_62|         array|
|jcoup_prefetch_data_62_ce0       |  out|     1|   ap_memory|                        jcoup_prefetch_data_62|         array|
|jcoup_prefetch_data_62_we0       |  out|     1|   ap_memory|                        jcoup_prefetch_data_62|         array|
|jcoup_prefetch_data_62_d0        |  out|    32|   ap_memory|                        jcoup_prefetch_data_62|         array|
|jcoup_prefetch_data_63_address0  |  out|     6|   ap_memory|                        jcoup_prefetch_data_63|         array|
|jcoup_prefetch_data_63_ce0       |  out|     1|   ap_memory|                        jcoup_prefetch_data_63|         array|
|jcoup_prefetch_data_63_we0       |  out|     1|   ap_memory|                        jcoup_prefetch_data_63|         array|
|jcoup_prefetch_data_63_d0        |  out|    32|   ap_memory|                        jcoup_prefetch_data_63|         array|
|jcoup                            |   in|    64|     ap_none|                                         jcoup|        scalar|
|select_ln266                     |   in|     2|     ap_none|                                  select_ln266|        scalar|
|icmp_ln266                       |   in|     1|     ap_none|                                    icmp_ln266|        scalar|
+---------------------------------+-----+------+------------+----------------------------------------------+--------------+

