

================================================================
== Vitis HLS Report for 'QuantumMonteCarloU50_Pipeline_READ_TROTTERS_READ_TROTTERS_1'
================================================================
* Date:           Sat Sep 25 11:13:46 2021

* Version:        2021.1 (Build 3247384 on Thu Jun 10 19:36:33 MDT 2021)
* Project:        SQA-Vitis
* Solution:       solution1 (Vitis Kernel Flow Target)
* Product family: virtexuplus
* Target device:  xcvu35p-fsvh2892-2-e


================================================================
== Performance Estimates
================================================================
+ Timing: 
    * Summary: 
    +--------+---------+----------+------------+
    |  Clock |  Target | Estimated| Uncertainty|
    +--------+---------+----------+------------+
    |ap_clk  |  3.33 ns|  2.433 ns|     0.90 ns|
    +--------+---------+----------+------------+

+ Latency: 
    * Summary: 
    +---------+---------+-----------+-----------+------+------+---------+
    |  Latency (cycles) |   Latency (absolute)  |   Interval  | Pipeline|
    |   min   |   max   |    min    |    max    |  min |  max |   Type  |
    +---------+---------+-----------+-----------+------+------+---------+
    |     4099|     4099|  13.662 us|  13.662 us|  4099|  4099|       no|
    +---------+---------+-----------+-----------+------+------+---------+

    + Detail: 
        * Instance: 
        N/A

        * Loop: 
        +---------------------------------+---------+---------+----------+-----------+-----------+------+----------+
        |                                 |  Latency (cycles) | Iteration|  Initiation Interval  | Trip |          |
        |            Loop Name            |   min   |   max   |  Latency |  achieved |   target  | Count| Pipelined|
        +---------------------------------+---------+---------+----------+-----------+-----------+------+----------+
        |- READ_TROTTERS_READ_TROTTERS_1  |     4097|     4097|         3|          1|          1|  4096|       yes|
        +---------------------------------+---------+---------+----------+-----------+-----------+------+----------+



================================================================
== Utilization Estimates
================================================================
* Summary: 
+---------------------+---------+------+---------+--------+-----+
|         Name        | BRAM_18K|  DSP |    FF   |   LUT  | URAM|
+---------------------+---------+------+---------+--------+-----+
|DSP                  |        -|     -|        -|       -|    -|
|Expression           |        -|     -|        0|     489|    -|
|FIFO                 |        -|     -|        -|       -|    -|
|Instance             |        -|     -|        -|       -|    -|
|Memory               |        -|     -|        -|       -|    -|
|Multiplexer          |        -|     -|        -|     104|    -|
|Register             |        -|     -|     1022|       -|    -|
+---------------------+---------+------+---------+--------+-----+
|Total                |        0|     0|     1022|     593|    0|
+---------------------+---------+------+---------+--------+-----+
|Available SLR        |     1344|  2976|   871680|  435840|  320|
+---------------------+---------+------+---------+--------+-----+
|Utilization SLR (%)  |        0|     0|       ~0|      ~0|    0|
+---------------------+---------+------+---------+--------+-----+
|Available            |     2688|  5952|  1743360|  871680|  640|
+---------------------+---------+------+---------+--------+-----+
|Utilization (%)      |        0|     0|       ~0|      ~0|    0|
+---------------------+---------+------+---------+--------+-----+

+ Detail: 
    * Instance: 
    N/A

    * DSP: 
    N/A

    * Memory: 
    N/A

    * FIFO: 
    N/A

    * Expression: 
    +----------------------------------+----------+----+---+-----+------------+------------+
    |           Variable Name          | Operation| DSP| FF| LUT | Bitwidth P0| Bitwidth P1|
    +----------------------------------+----------+----+---+-----+------------+------------+
    |add_ln260_1_fu_1187_p2            |         +|   0|  0|   13|           6|           1|
    |add_ln260_fu_1161_p2              |         +|   0|  0|   20|          13|           1|
    |add_ln262_fu_1229_p2              |         +|   0|  0|   15|           8|           1|
    |ap_block_pp0_stage0_11001         |       and|   0|  0|    2|           1|           1|
    |ap_block_state2_pp0_stage0_iter1  |       and|   0|  0|    2|           1|           1|
    |ap_predicate_op103_read_state2    |       and|   0|  0|    2|           1|           1|
    |icmp_ln260_fu_1155_p2             |      icmp|   0|  0|   12|          13|          14|
    |icmp_ln262_fu_1173_p2             |      icmp|   0|  0|   11|           8|           9|
    |icmp_ln264_fu_1223_p2             |      icmp|   0|  0|    8|           3|           1|
    |select_ln260_1_fu_1259_p3         |    select|   0|  0|  388|           1|           1|
    |select_ln260_2_fu_1193_p3         |    select|   0|  0|    6|           1|           6|
    |select_ln260_fu_1179_p3           |    select|   0|  0|    8|           1|           1|
    |ap_enable_pp0                     |       xor|   0|  0|    2|           1|           2|
    +----------------------------------+----------+----+---+-----+------------+------------+
    |Total                             |          |   0|  0|  489|          58|          40|
    +----------------------------------+----------+----+---+-----+------------+------------+

    * Multiplexer: 
    +--------------------------------------+----+-----------+-----+-----------+
    |                 Name                 | LUT| Input Size| Bits| Total Bits|
    +--------------------------------------+----+-----------+-----+-----------+
    |ap_done_int                           |   9|          2|    1|          2|
    |ap_enable_reg_pp0_iter2               |   9|          2|    1|          2|
    |ap_phi_mux_empty_phi_fu_1122_p4       |  14|          3|  512|       1536|
    |ap_sig_allocacmp_indvar_flatten_load  |   9|          2|   13|         26|
    |ap_sig_allocacmp_ofst_load            |   9|          2|    8|         16|
    |ap_sig_allocacmp_t_load               |   9|          2|    6|         12|
    |gmem0_blk_n_R                         |   9|          2|    1|          2|
    |indvar_flatten_fu_272                 |   9|          2|   13|         26|
    |ofst_fu_264                           |   9|          2|    8|         16|
    |shiftreg1925_fu_260                   |   9|          2|  448|        896|
    |t_fu_268                              |   9|          2|    6|         12|
    +--------------------------------------+----+-----------+-----+-----------+
    |Total                                 | 104|         23| 1017|       2546|
    +--------------------------------------+----+-----------+-----+-----------+

    * Register: 
    +-------------------------------------+-----+----+-----+-----------+
    |                 Name                |  FF | LUT| Bits| Const Bits|
    +-------------------------------------+-----+----+-----+-----------+
    |ap_CS_fsm                            |    1|   0|    1|          0|
    |ap_done_reg                          |    1|   0|    1|          0|
    |ap_enable_reg_pp0_iter1              |    1|   0|    1|          0|
    |ap_enable_reg_pp0_iter2              |    1|   0|    1|          0|
    |ap_loop_exit_ready_pp0_iter1_reg     |    1|   0|    1|          0|
    |gmem0_addr_read_reg_1480             |  512|   0|  512|          0|
    |icmp_ln260_reg_1454                  |    1|   0|    1|          0|
    |icmp_ln260_reg_1454_pp0_iter1_reg    |    1|   0|    1|          0|
    |icmp_ln262_reg_1458                  |    1|   0|    1|          0|
    |icmp_ln262_reg_1458_pp0_iter1_reg    |    1|   0|    1|          0|
    |icmp_ln264_reg_1476                  |    1|   0|    1|          0|
    |icmp_ln264_reg_1476_pp0_iter1_reg    |    1|   0|    1|          0|
    |indvar_flatten_fu_272                |   13|   0|   13|          0|
    |lshr_ln264_1_reg_1471                |    6|   0|    6|          0|
    |lshr_ln264_1_reg_1471_pp0_iter1_reg  |    6|   0|    6|          0|
    |ofst_fu_264                          |    8|   0|    8|          0|
    |shiftreg1925_fu_260                  |  448|   0|  448|          0|
    |t_fu_268                             |    6|   0|    6|          0|
    |trunc_ln260_reg_1463                 |    5|   0|    5|          0|
    |trunc_ln260_reg_1463_pp0_iter1_reg   |    5|   0|    5|          0|
    |trunc_ln264_reg_1467                 |    1|   0|    1|          0|
    |trunc_ln264_reg_1467_pp0_iter1_reg   |    1|   0|    1|          0|
    +-------------------------------------+-----+----+-----+-----------+
    |Total                                | 1022|   0| 1022|          0|
    +-------------------------------------+-----+----+-----+-----------+



================================================================
== Interface
================================================================
* Summary: 
+--------------------------------+-----+-----+------------+-------------------------------------------------------------+--------------+
|            RTL Ports           | Dir | Bits|  Protocol  |                        Source Object                        |    C Type    |
+--------------------------------+-----+-----+------------+-------------------------------------------------------------+--------------+
|ap_clk                          |   in|    1|  ap_ctrl_hs|  QuantumMonteCarloU50_Pipeline_READ_TROTTERS_READ_TROTTERS_1|  return value|
|ap_rst                          |   in|    1|  ap_ctrl_hs|  QuantumMonteCarloU50_Pipeline_READ_TROTTERS_READ_TROTTERS_1|  return value|
|ap_start                        |   in|    1|  ap_ctrl_hs|  QuantumMonteCarloU50_Pipeline_READ_TROTTERS_READ_TROTTERS_1|  return value|
|ap_done                         |  out|    1|  ap_ctrl_hs|  QuantumMonteCarloU50_Pipeline_READ_TROTTERS_READ_TROTTERS_1|  return value|
|ap_idle                         |  out|    1|  ap_ctrl_hs|  QuantumMonteCarloU50_Pipeline_READ_TROTTERS_READ_TROTTERS_1|  return value|
|ap_ready                        |  out|    1|  ap_ctrl_hs|  QuantumMonteCarloU50_Pipeline_READ_TROTTERS_READ_TROTTERS_1|  return value|
|m_axi_gmem0_AWVALID             |  out|    1|       m_axi|                                                        gmem0|       pointer|
|m_axi_gmem0_AWREADY             |   in|    1|       m_axi|                                                        gmem0|       pointer|
|m_axi_gmem0_AWADDR              |  out|   64|       m_axi|                                                        gmem0|       pointer|
|m_axi_gmem0_AWID                |  out|    1|       m_axi|                                                        gmem0|       pointer|
|m_axi_gmem0_AWLEN               |  out|   32|       m_axi|                                                        gmem0|       pointer|
|m_axi_gmem0_AWSIZE              |  out|    3|       m_axi|                                                        gmem0|       pointer|
|m_axi_gmem0_AWBURST             |  out|    2|       m_axi|                                                        gmem0|       pointer|
|m_axi_gmem0_AWLOCK              |  out|    2|       m_axi|                                                        gmem0|       pointer|
|m_axi_gmem0_AWCACHE             |  out|    4|       m_axi|                                                        gmem0|       pointer|
|m_axi_gmem0_AWPROT              |  out|    3|       m_axi|                                                        gmem0|       pointer|
|m_axi_gmem0_AWQOS               |  out|    4|       m_axi|                                                        gmem0|       pointer|
|m_axi_gmem0_AWREGION            |  out|    4|       m_axi|                                                        gmem0|       pointer|
|m_axi_gmem0_AWUSER              |  out|    1|       m_axi|                                                        gmem0|       pointer|
|m_axi_gmem0_WVALID              |  out|    1|       m_axi|                                                        gmem0|       pointer|
|m_axi_gmem0_WREADY              |   in|    1|       m_axi|                                                        gmem0|       pointer|
|m_axi_gmem0_WDATA               |  out|  512|       m_axi|                                                        gmem0|       pointer|
|m_axi_gmem0_WSTRB               |  out|   64|       m_axi|                                                        gmem0|       pointer|
|m_axi_gmem0_WLAST               |  out|    1|       m_axi|                                                        gmem0|       pointer|
|m_axi_gmem0_WID                 |  out|    1|       m_axi|                                                        gmem0|       pointer|
|m_axi_gmem0_WUSER               |  out|    1|       m_axi|                                                        gmem0|       pointer|
|m_axi_gmem0_ARVALID             |  out|    1|       m_axi|                                                        gmem0|       pointer|
|m_axi_gmem0_ARREADY             |   in|    1|       m_axi|                                                        gmem0|       pointer|
|m_axi_gmem0_ARADDR              |  out|   64|       m_axi|                                                        gmem0|       pointer|
|m_axi_gmem0_ARID                |  out|    1|       m_axi|                                                        gmem0|       pointer|
|m_axi_gmem0_ARLEN               |  out|   32|       m_axi|                                                        gmem0|       pointer|
|m_axi_gmem0_ARSIZE              |  out|    3|       m_axi|                                                        gmem0|       pointer|
|m_axi_gmem0_ARBURST             |  out|    2|       m_axi|                                                        gmem0|       pointer|
|m_axi_gmem0_ARLOCK              |  out|    2|       m_axi|                                                        gmem0|       pointer|
|m_axi_gmem0_ARCACHE             |  out|    4|       m_axi|                                                        gmem0|       pointer|
|m_axi_gmem0_ARPROT              |  out|    3|       m_axi|                                                        gmem0|       pointer|
|m_axi_gmem0_ARQOS               |  out|    4|       m_axi|                                                        gmem0|       pointer|
|m_axi_gmem0_ARREGION            |  out|    4|       m_axi|                                                        gmem0|       pointer|
|m_axi_gmem0_ARUSER              |  out|    1|       m_axi|                                                        gmem0|       pointer|
|m_axi_gmem0_RVALID              |   in|    1|       m_axi|                                                        gmem0|       pointer|
|m_axi_gmem0_RREADY              |  out|    1|       m_axi|                                                        gmem0|       pointer|
|m_axi_gmem0_RDATA               |   in|  512|       m_axi|                                                        gmem0|       pointer|
|m_axi_gmem0_RLAST               |   in|    1|       m_axi|                                                        gmem0|       pointer|
|m_axi_gmem0_RID                 |   in|    1|       m_axi|                                                        gmem0|       pointer|
|m_axi_gmem0_RUSER               |   in|    1|       m_axi|                                                        gmem0|       pointer|
|m_axi_gmem0_RRESP               |   in|    2|       m_axi|                                                        gmem0|       pointer|
|m_axi_gmem0_BVALID              |   in|    1|       m_axi|                                                        gmem0|       pointer|
|m_axi_gmem0_BREADY              |  out|    1|       m_axi|                                                        gmem0|       pointer|
|m_axi_gmem0_BRESP               |   in|    2|       m_axi|                                                        gmem0|       pointer|
|m_axi_gmem0_BID                 |   in|    1|       m_axi|                                                        gmem0|       pointer|
|m_axi_gmem0_BUSER               |   in|    1|       m_axi|                                                        gmem0|       pointer|
|sext_ln260                      |   in|   58|     ap_none|                                                   sext_ln260|        scalar|
|trotters_local_V_0_0_address0   |  out|    6|   ap_memory|                                         trotters_local_V_0_0|         array|
|trotters_local_V_0_0_ce0        |  out|    1|   ap_memory|                                         trotters_local_V_0_0|         array|
|trotters_local_V_0_0_we0        |  out|    1|   ap_memory|                                         trotters_local_V_0_0|         array|
|trotters_local_V_0_0_d0         |  out|   64|   ap_memory|                                         trotters_local_V_0_0|         array|
|trotters_local_V_0_1_address0   |  out|    6|   ap_memory|                                         trotters_local_V_0_1|         array|
|trotters_local_V_0_1_ce0        |  out|    1|   ap_memory|                                         trotters_local_V_0_1|         array|
|trotters_local_V_0_1_we0        |  out|    1|   ap_memory|                                         trotters_local_V_0_1|         array|
|trotters_local_V_0_1_d0         |  out|   64|   ap_memory|                                         trotters_local_V_0_1|         array|
|trotters_local_V_1_0_address0   |  out|    6|   ap_memory|                                         trotters_local_V_1_0|         array|
|trotters_local_V_1_0_ce0        |  out|    1|   ap_memory|                                         trotters_local_V_1_0|         array|
|trotters_local_V_1_0_we0        |  out|    1|   ap_memory|                                         trotters_local_V_1_0|         array|
|trotters_local_V_1_0_d0         |  out|   64|   ap_memory|                                         trotters_local_V_1_0|         array|
|trotters_local_V_1_1_address0   |  out|    6|   ap_memory|                                         trotters_local_V_1_1|         array|
|trotters_local_V_1_1_ce0        |  out|    1|   ap_memory|                                         trotters_local_V_1_1|         array|
|trotters_local_V_1_1_we0        |  out|    1|   ap_memory|                                         trotters_local_V_1_1|         array|
|trotters_local_V_1_1_d0         |  out|   64|   ap_memory|                                         trotters_local_V_1_1|         array|
|trotters_local_V_2_0_address0   |  out|    6|   ap_memory|                                         trotters_local_V_2_0|         array|
|trotters_local_V_2_0_ce0        |  out|    1|   ap_memory|                                         trotters_local_V_2_0|         array|
|trotters_local_V_2_0_we0        |  out|    1|   ap_memory|                                         trotters_local_V_2_0|         array|
|trotters_local_V_2_0_d0         |  out|   64|   ap_memory|                                         trotters_local_V_2_0|         array|
|trotters_local_V_2_1_address0   |  out|    6|   ap_memory|                                         trotters_local_V_2_1|         array|
|trotters_local_V_2_1_ce0        |  out|    1|   ap_memory|                                         trotters_local_V_2_1|         array|
|trotters_local_V_2_1_we0        |  out|    1|   ap_memory|                                         trotters_local_V_2_1|         array|
|trotters_local_V_2_1_d0         |  out|   64|   ap_memory|                                         trotters_local_V_2_1|         array|
|trotters_local_V_3_0_address0   |  out|    6|   ap_memory|                                         trotters_local_V_3_0|         array|
|trotters_local_V_3_0_ce0        |  out|    1|   ap_memory|                                         trotters_local_V_3_0|         array|
|trotters_local_V_3_0_we0        |  out|    1|   ap_memory|                                         trotters_local_V_3_0|         array|
|trotters_local_V_3_0_d0         |  out|   64|   ap_memory|                                         trotters_local_V_3_0|         array|
|trotters_local_V_3_1_address0   |  out|    6|   ap_memory|                                         trotters_local_V_3_1|         array|
|trotters_local_V_3_1_ce0        |  out|    1|   ap_memory|                                         trotters_local_V_3_1|         array|
|trotters_local_V_3_1_we0        |  out|    1|   ap_memory|                                         trotters_local_V_3_1|         array|
|trotters_local_V_3_1_d0         |  out|   64|   ap_memory|                                         trotters_local_V_3_1|         array|
|trotters_local_V_4_0_address0   |  out|    6|   ap_memory|                                         trotters_local_V_4_0|         array|
|trotters_local_V_4_0_ce0        |  out|    1|   ap_memory|                                         trotters_local_V_4_0|         array|
|trotters_local_V_4_0_we0        |  out|    1|   ap_memory|                                         trotters_local_V_4_0|         array|
|trotters_local_V_4_0_d0         |  out|   64|   ap_memory|                                         trotters_local_V_4_0|         array|
|trotters_local_V_4_1_address0   |  out|    6|   ap_memory|                                         trotters_local_V_4_1|         array|
|trotters_local_V_4_1_ce0        |  out|    1|   ap_memory|                                         trotters_local_V_4_1|         array|
|trotters_local_V_4_1_we0        |  out|    1|   ap_memory|                                         trotters_local_V_4_1|         array|
|trotters_local_V_4_1_d0         |  out|   64|   ap_memory|                                         trotters_local_V_4_1|         array|
|trotters_local_V_5_0_address0   |  out|    6|   ap_memory|                                         trotters_local_V_5_0|         array|
|trotters_local_V_5_0_ce0        |  out|    1|   ap_memory|                                         trotters_local_V_5_0|         array|
|trotters_local_V_5_0_we0        |  out|    1|   ap_memory|                                         trotters_local_V_5_0|         array|
|trotters_local_V_5_0_d0         |  out|   64|   ap_memory|                                         trotters_local_V_5_0|         array|
|trotters_local_V_5_1_address0   |  out|    6|   ap_memory|                                         trotters_local_V_5_1|         array|
|trotters_local_V_5_1_ce0        |  out|    1|   ap_memory|                                         trotters_local_V_5_1|         array|
|trotters_local_V_5_1_we0        |  out|    1|   ap_memory|                                         trotters_local_V_5_1|         array|
|trotters_local_V_5_1_d0         |  out|   64|   ap_memory|                                         trotters_local_V_5_1|         array|
|trotters_local_V_6_0_address0   |  out|    6|   ap_memory|                                         trotters_local_V_6_0|         array|
|trotters_local_V_6_0_ce0        |  out|    1|   ap_memory|                                         trotters_local_V_6_0|         array|
|trotters_local_V_6_0_we0        |  out|    1|   ap_memory|                                         trotters_local_V_6_0|         array|
|trotters_local_V_6_0_d0         |  out|   64|   ap_memory|                                         trotters_local_V_6_0|         array|
|trotters_local_V_6_1_address0   |  out|    6|   ap_memory|                                         trotters_local_V_6_1|         array|
|trotters_local_V_6_1_ce0        |  out|    1|   ap_memory|                                         trotters_local_V_6_1|         array|
|trotters_local_V_6_1_we0        |  out|    1|   ap_memory|                                         trotters_local_V_6_1|         array|
|trotters_local_V_6_1_d0         |  out|   64|   ap_memory|                                         trotters_local_V_6_1|         array|
|trotters_local_V_7_0_address0   |  out|    6|   ap_memory|                                         trotters_local_V_7_0|         array|
|trotters_local_V_7_0_ce0        |  out|    1|   ap_memory|                                         trotters_local_V_7_0|         array|
|trotters_local_V_7_0_we0        |  out|    1|   ap_memory|                                         trotters_local_V_7_0|         array|
|trotters_local_V_7_0_d0         |  out|   64|   ap_memory|                                         trotters_local_V_7_0|         array|
|trotters_local_V_7_1_address0   |  out|    6|   ap_memory|                                         trotters_local_V_7_1|         array|
|trotters_local_V_7_1_ce0        |  out|    1|   ap_memory|                                         trotters_local_V_7_1|         array|
|trotters_local_V_7_1_we0        |  out|    1|   ap_memory|                                         trotters_local_V_7_1|         array|
|trotters_local_V_7_1_d0         |  out|   64|   ap_memory|                                         trotters_local_V_7_1|         array|
|trotters_local_V_8_0_address0   |  out|    6|   ap_memory|                                         trotters_local_V_8_0|         array|
|trotters_local_V_8_0_ce0        |  out|    1|   ap_memory|                                         trotters_local_V_8_0|         array|
|trotters_local_V_8_0_we0        |  out|    1|   ap_memory|                                         trotters_local_V_8_0|         array|
|trotters_local_V_8_0_d0         |  out|   64|   ap_memory|                                         trotters_local_V_8_0|         array|
|trotters_local_V_8_1_address0   |  out|    6|   ap_memory|                                         trotters_local_V_8_1|         array|
|trotters_local_V_8_1_ce0        |  out|    1|   ap_memory|                                         trotters_local_V_8_1|         array|
|trotters_local_V_8_1_we0        |  out|    1|   ap_memory|                                         trotters_local_V_8_1|         array|
|trotters_local_V_8_1_d0         |  out|   64|   ap_memory|                                         trotters_local_V_8_1|         array|
|trotters_local_V_9_0_address0   |  out|    6|   ap_memory|                                         trotters_local_V_9_0|         array|
|trotters_local_V_9_0_ce0        |  out|    1|   ap_memory|                                         trotters_local_V_9_0|         array|
|trotters_local_V_9_0_we0        |  out|    1|   ap_memory|                                         trotters_local_V_9_0|         array|
|trotters_local_V_9_0_d0         |  out|   64|   ap_memory|                                         trotters_local_V_9_0|         array|
|trotters_local_V_9_1_address0   |  out|    6|   ap_memory|                                         trotters_local_V_9_1|         array|
|trotters_local_V_9_1_ce0        |  out|    1|   ap_memory|                                         trotters_local_V_9_1|         array|
|trotters_local_V_9_1_we0        |  out|    1|   ap_memory|                                         trotters_local_V_9_1|         array|
|trotters_local_V_9_1_d0         |  out|   64|   ap_memory|                                         trotters_local_V_9_1|         array|
|trotters_local_V_10_0_address0  |  out|    6|   ap_memory|                                        trotters_local_V_10_0|         array|
|trotters_local_V_10_0_ce0       |  out|    1|   ap_memory|                                        trotters_local_V_10_0|         array|
|trotters_local_V_10_0_we0       |  out|    1|   ap_memory|                                        trotters_local_V_10_0|         array|
|trotters_local_V_10_0_d0        |  out|   64|   ap_memory|                                        trotters_local_V_10_0|         array|
|trotters_local_V_10_1_address0  |  out|    6|   ap_memory|                                        trotters_local_V_10_1|         array|
|trotters_local_V_10_1_ce0       |  out|    1|   ap_memory|                                        trotters_local_V_10_1|         array|
|trotters_local_V_10_1_we0       |  out|    1|   ap_memory|                                        trotters_local_V_10_1|         array|
|trotters_local_V_10_1_d0        |  out|   64|   ap_memory|                                        trotters_local_V_10_1|         array|
|trotters_local_V_11_0_address0  |  out|    6|   ap_memory|                                        trotters_local_V_11_0|         array|
|trotters_local_V_11_0_ce0       |  out|    1|   ap_memory|                                        trotters_local_V_11_0|         array|
|trotters_local_V_11_0_we0       |  out|    1|   ap_memory|                                        trotters_local_V_11_0|         array|
|trotters_local_V_11_0_d0        |  out|   64|   ap_memory|                                        trotters_local_V_11_0|         array|
|trotters_local_V_11_1_address0  |  out|    6|   ap_memory|                                        trotters_local_V_11_1|         array|
|trotters_local_V_11_1_ce0       |  out|    1|   ap_memory|                                        trotters_local_V_11_1|         array|
|trotters_local_V_11_1_we0       |  out|    1|   ap_memory|                                        trotters_local_V_11_1|         array|
|trotters_local_V_11_1_d0        |  out|   64|   ap_memory|                                        trotters_local_V_11_1|         array|
|trotters_local_V_12_0_address0  |  out|    6|   ap_memory|                                        trotters_local_V_12_0|         array|
|trotters_local_V_12_0_ce0       |  out|    1|   ap_memory|                                        trotters_local_V_12_0|         array|
|trotters_local_V_12_0_we0       |  out|    1|   ap_memory|                                        trotters_local_V_12_0|         array|
|trotters_local_V_12_0_d0        |  out|   64|   ap_memory|                                        trotters_local_V_12_0|         array|
|trotters_local_V_12_1_address0  |  out|    6|   ap_memory|                                        trotters_local_V_12_1|         array|
|trotters_local_V_12_1_ce0       |  out|    1|   ap_memory|                                        trotters_local_V_12_1|         array|
|trotters_local_V_12_1_we0       |  out|    1|   ap_memory|                                        trotters_local_V_12_1|         array|
|trotters_local_V_12_1_d0        |  out|   64|   ap_memory|                                        trotters_local_V_12_1|         array|
|trotters_local_V_13_0_address0  |  out|    6|   ap_memory|                                        trotters_local_V_13_0|         array|
|trotters_local_V_13_0_ce0       |  out|    1|   ap_memory|                                        trotters_local_V_13_0|         array|
|trotters_local_V_13_0_we0       |  out|    1|   ap_memory|                                        trotters_local_V_13_0|         array|
|trotters_local_V_13_0_d0        |  out|   64|   ap_memory|                                        trotters_local_V_13_0|         array|
|trotters_local_V_13_1_address0  |  out|    6|   ap_memory|                                        trotters_local_V_13_1|         array|
|trotters_local_V_13_1_ce0       |  out|    1|   ap_memory|                                        trotters_local_V_13_1|         array|
|trotters_local_V_13_1_we0       |  out|    1|   ap_memory|                                        trotters_local_V_13_1|         array|
|trotters_local_V_13_1_d0        |  out|   64|   ap_memory|                                        trotters_local_V_13_1|         array|
|trotters_local_V_14_0_address0  |  out|    6|   ap_memory|                                        trotters_local_V_14_0|         array|
|trotters_local_V_14_0_ce0       |  out|    1|   ap_memory|                                        trotters_local_V_14_0|         array|
|trotters_local_V_14_0_we0       |  out|    1|   ap_memory|                                        trotters_local_V_14_0|         array|
|trotters_local_V_14_0_d0        |  out|   64|   ap_memory|                                        trotters_local_V_14_0|         array|
|trotters_local_V_14_1_address0  |  out|    6|   ap_memory|                                        trotters_local_V_14_1|         array|
|trotters_local_V_14_1_ce0       |  out|    1|   ap_memory|                                        trotters_local_V_14_1|         array|
|trotters_local_V_14_1_we0       |  out|    1|   ap_memory|                                        trotters_local_V_14_1|         array|
|trotters_local_V_14_1_d0        |  out|   64|   ap_memory|                                        trotters_local_V_14_1|         array|
|trotters_local_V_15_0_address0  |  out|    6|   ap_memory|                                        trotters_local_V_15_0|         array|
|trotters_local_V_15_0_ce0       |  out|    1|   ap_memory|                                        trotters_local_V_15_0|         array|
|trotters_local_V_15_0_we0       |  out|    1|   ap_memory|                                        trotters_local_V_15_0|         array|
|trotters_local_V_15_0_d0        |  out|   64|   ap_memory|                                        trotters_local_V_15_0|         array|
|trotters_local_V_15_1_address0  |  out|    6|   ap_memory|                                        trotters_local_V_15_1|         array|
|trotters_local_V_15_1_ce0       |  out|    1|   ap_memory|                                        trotters_local_V_15_1|         array|
|trotters_local_V_15_1_we0       |  out|    1|   ap_memory|                                        trotters_local_V_15_1|         array|
|trotters_local_V_15_1_d0        |  out|   64|   ap_memory|                                        trotters_local_V_15_1|         array|
|trotters_local_V_16_0_address0  |  out|    6|   ap_memory|                                        trotters_local_V_16_0|         array|
|trotters_local_V_16_0_ce0       |  out|    1|   ap_memory|                                        trotters_local_V_16_0|         array|
|trotters_local_V_16_0_we0       |  out|    1|   ap_memory|                                        trotters_local_V_16_0|         array|
|trotters_local_V_16_0_d0        |  out|   64|   ap_memory|                                        trotters_local_V_16_0|         array|
|trotters_local_V_16_1_address0  |  out|    6|   ap_memory|                                        trotters_local_V_16_1|         array|
|trotters_local_V_16_1_ce0       |  out|    1|   ap_memory|                                        trotters_local_V_16_1|         array|
|trotters_local_V_16_1_we0       |  out|    1|   ap_memory|                                        trotters_local_V_16_1|         array|
|trotters_local_V_16_1_d0        |  out|   64|   ap_memory|                                        trotters_local_V_16_1|         array|
|trotters_local_V_17_0_address0  |  out|    6|   ap_memory|                                        trotters_local_V_17_0|         array|
|trotters_local_V_17_0_ce0       |  out|    1|   ap_memory|                                        trotters_local_V_17_0|         array|
|trotters_local_V_17_0_we0       |  out|    1|   ap_memory|                                        trotters_local_V_17_0|         array|
|trotters_local_V_17_0_d0        |  out|   64|   ap_memory|                                        trotters_local_V_17_0|         array|
|trotters_local_V_17_1_address0  |  out|    6|   ap_memory|                                        trotters_local_V_17_1|         array|
|trotters_local_V_17_1_ce0       |  out|    1|   ap_memory|                                        trotters_local_V_17_1|         array|
|trotters_local_V_17_1_we0       |  out|    1|   ap_memory|                                        trotters_local_V_17_1|         array|
|trotters_local_V_17_1_d0        |  out|   64|   ap_memory|                                        trotters_local_V_17_1|         array|
|trotters_local_V_18_0_address0  |  out|    6|   ap_memory|                                        trotters_local_V_18_0|         array|
|trotters_local_V_18_0_ce0       |  out|    1|   ap_memory|                                        trotters_local_V_18_0|         array|
|trotters_local_V_18_0_we0       |  out|    1|   ap_memory|                                        trotters_local_V_18_0|         array|
|trotters_local_V_18_0_d0        |  out|   64|   ap_memory|                                        trotters_local_V_18_0|         array|
|trotters_local_V_18_1_address0  |  out|    6|   ap_memory|                                        trotters_local_V_18_1|         array|
|trotters_local_V_18_1_ce0       |  out|    1|   ap_memory|                                        trotters_local_V_18_1|         array|
|trotters_local_V_18_1_we0       |  out|    1|   ap_memory|                                        trotters_local_V_18_1|         array|
|trotters_local_V_18_1_d0        |  out|   64|   ap_memory|                                        trotters_local_V_18_1|         array|
|trotters_local_V_19_0_address0  |  out|    6|   ap_memory|                                        trotters_local_V_19_0|         array|
|trotters_local_V_19_0_ce0       |  out|    1|   ap_memory|                                        trotters_local_V_19_0|         array|
|trotters_local_V_19_0_we0       |  out|    1|   ap_memory|                                        trotters_local_V_19_0|         array|
|trotters_local_V_19_0_d0        |  out|   64|   ap_memory|                                        trotters_local_V_19_0|         array|
|trotters_local_V_19_1_address0  |  out|    6|   ap_memory|                                        trotters_local_V_19_1|         array|
|trotters_local_V_19_1_ce0       |  out|    1|   ap_memory|                                        trotters_local_V_19_1|         array|
|trotters_local_V_19_1_we0       |  out|    1|   ap_memory|                                        trotters_local_V_19_1|         array|
|trotters_local_V_19_1_d0        |  out|   64|   ap_memory|                                        trotters_local_V_19_1|         array|
|trotters_local_V_20_0_address0  |  out|    6|   ap_memory|                                        trotters_local_V_20_0|         array|
|trotters_local_V_20_0_ce0       |  out|    1|   ap_memory|                                        trotters_local_V_20_0|         array|
|trotters_local_V_20_0_we0       |  out|    1|   ap_memory|                                        trotters_local_V_20_0|         array|
|trotters_local_V_20_0_d0        |  out|   64|   ap_memory|                                        trotters_local_V_20_0|         array|
|trotters_local_V_20_1_address0  |  out|    6|   ap_memory|                                        trotters_local_V_20_1|         array|
|trotters_local_V_20_1_ce0       |  out|    1|   ap_memory|                                        trotters_local_V_20_1|         array|
|trotters_local_V_20_1_we0       |  out|    1|   ap_memory|                                        trotters_local_V_20_1|         array|
|trotters_local_V_20_1_d0        |  out|   64|   ap_memory|                                        trotters_local_V_20_1|         array|
|trotters_local_V_21_0_address0  |  out|    6|   ap_memory|                                        trotters_local_V_21_0|         array|
|trotters_local_V_21_0_ce0       |  out|    1|   ap_memory|                                        trotters_local_V_21_0|         array|
|trotters_local_V_21_0_we0       |  out|    1|   ap_memory|                                        trotters_local_V_21_0|         array|
|trotters_local_V_21_0_d0        |  out|   64|   ap_memory|                                        trotters_local_V_21_0|         array|
|trotters_local_V_21_1_address0  |  out|    6|   ap_memory|                                        trotters_local_V_21_1|         array|
|trotters_local_V_21_1_ce0       |  out|    1|   ap_memory|                                        trotters_local_V_21_1|         array|
|trotters_local_V_21_1_we0       |  out|    1|   ap_memory|                                        trotters_local_V_21_1|         array|
|trotters_local_V_21_1_d0        |  out|   64|   ap_memory|                                        trotters_local_V_21_1|         array|
|trotters_local_V_22_0_address0  |  out|    6|   ap_memory|                                        trotters_local_V_22_0|         array|
|trotters_local_V_22_0_ce0       |  out|    1|   ap_memory|                                        trotters_local_V_22_0|         array|
|trotters_local_V_22_0_we0       |  out|    1|   ap_memory|                                        trotters_local_V_22_0|         array|
|trotters_local_V_22_0_d0        |  out|   64|   ap_memory|                                        trotters_local_V_22_0|         array|
|trotters_local_V_22_1_address0  |  out|    6|   ap_memory|                                        trotters_local_V_22_1|         array|
|trotters_local_V_22_1_ce0       |  out|    1|   ap_memory|                                        trotters_local_V_22_1|         array|
|trotters_local_V_22_1_we0       |  out|    1|   ap_memory|                                        trotters_local_V_22_1|         array|
|trotters_local_V_22_1_d0        |  out|   64|   ap_memory|                                        trotters_local_V_22_1|         array|
|trotters_local_V_23_0_address0  |  out|    6|   ap_memory|                                        trotters_local_V_23_0|         array|
|trotters_local_V_23_0_ce0       |  out|    1|   ap_memory|                                        trotters_local_V_23_0|         array|
|trotters_local_V_23_0_we0       |  out|    1|   ap_memory|                                        trotters_local_V_23_0|         array|
|trotters_local_V_23_0_d0        |  out|   64|   ap_memory|                                        trotters_local_V_23_0|         array|
|trotters_local_V_23_1_address0  |  out|    6|   ap_memory|                                        trotters_local_V_23_1|         array|
|trotters_local_V_23_1_ce0       |  out|    1|   ap_memory|                                        trotters_local_V_23_1|         array|
|trotters_local_V_23_1_we0       |  out|    1|   ap_memory|                                        trotters_local_V_23_1|         array|
|trotters_local_V_23_1_d0        |  out|   64|   ap_memory|                                        trotters_local_V_23_1|         array|
|trotters_local_V_24_0_address0  |  out|    6|   ap_memory|                                        trotters_local_V_24_0|         array|
|trotters_local_V_24_0_ce0       |  out|    1|   ap_memory|                                        trotters_local_V_24_0|         array|
|trotters_local_V_24_0_we0       |  out|    1|   ap_memory|                                        trotters_local_V_24_0|         array|
|trotters_local_V_24_0_d0        |  out|   64|   ap_memory|                                        trotters_local_V_24_0|         array|
|trotters_local_V_24_1_address0  |  out|    6|   ap_memory|                                        trotters_local_V_24_1|         array|
|trotters_local_V_24_1_ce0       |  out|    1|   ap_memory|                                        trotters_local_V_24_1|         array|
|trotters_local_V_24_1_we0       |  out|    1|   ap_memory|                                        trotters_local_V_24_1|         array|
|trotters_local_V_24_1_d0        |  out|   64|   ap_memory|                                        trotters_local_V_24_1|         array|
|trotters_local_V_25_0_address0  |  out|    6|   ap_memory|                                        trotters_local_V_25_0|         array|
|trotters_local_V_25_0_ce0       |  out|    1|   ap_memory|                                        trotters_local_V_25_0|         array|
|trotters_local_V_25_0_we0       |  out|    1|   ap_memory|                                        trotters_local_V_25_0|         array|
|trotters_local_V_25_0_d0        |  out|   64|   ap_memory|                                        trotters_local_V_25_0|         array|
|trotters_local_V_25_1_address0  |  out|    6|   ap_memory|                                        trotters_local_V_25_1|         array|
|trotters_local_V_25_1_ce0       |  out|    1|   ap_memory|                                        trotters_local_V_25_1|         array|
|trotters_local_V_25_1_we0       |  out|    1|   ap_memory|                                        trotters_local_V_25_1|         array|
|trotters_local_V_25_1_d0        |  out|   64|   ap_memory|                                        trotters_local_V_25_1|         array|
|trotters_local_V_26_0_address0  |  out|    6|   ap_memory|                                        trotters_local_V_26_0|         array|
|trotters_local_V_26_0_ce0       |  out|    1|   ap_memory|                                        trotters_local_V_26_0|         array|
|trotters_local_V_26_0_we0       |  out|    1|   ap_memory|                                        trotters_local_V_26_0|         array|
|trotters_local_V_26_0_d0        |  out|   64|   ap_memory|                                        trotters_local_V_26_0|         array|
|trotters_local_V_26_1_address0  |  out|    6|   ap_memory|                                        trotters_local_V_26_1|         array|
|trotters_local_V_26_1_ce0       |  out|    1|   ap_memory|                                        trotters_local_V_26_1|         array|
|trotters_local_V_26_1_we0       |  out|    1|   ap_memory|                                        trotters_local_V_26_1|         array|
|trotters_local_V_26_1_d0        |  out|   64|   ap_memory|                                        trotters_local_V_26_1|         array|
|trotters_local_V_27_0_address0  |  out|    6|   ap_memory|                                        trotters_local_V_27_0|         array|
|trotters_local_V_27_0_ce0       |  out|    1|   ap_memory|                                        trotters_local_V_27_0|         array|
|trotters_local_V_27_0_we0       |  out|    1|   ap_memory|                                        trotters_local_V_27_0|         array|
|trotters_local_V_27_0_d0        |  out|   64|   ap_memory|                                        trotters_local_V_27_0|         array|
|trotters_local_V_27_1_address0  |  out|    6|   ap_memory|                                        trotters_local_V_27_1|         array|
|trotters_local_V_27_1_ce0       |  out|    1|   ap_memory|                                        trotters_local_V_27_1|         array|
|trotters_local_V_27_1_we0       |  out|    1|   ap_memory|                                        trotters_local_V_27_1|         array|
|trotters_local_V_27_1_d0        |  out|   64|   ap_memory|                                        trotters_local_V_27_1|         array|
|trotters_local_V_28_0_address0  |  out|    6|   ap_memory|                                        trotters_local_V_28_0|         array|
|trotters_local_V_28_0_ce0       |  out|    1|   ap_memory|                                        trotters_local_V_28_0|         array|
|trotters_local_V_28_0_we0       |  out|    1|   ap_memory|                                        trotters_local_V_28_0|         array|
|trotters_local_V_28_0_d0        |  out|   64|   ap_memory|                                        trotters_local_V_28_0|         array|
|trotters_local_V_28_1_address0  |  out|    6|   ap_memory|                                        trotters_local_V_28_1|         array|
|trotters_local_V_28_1_ce0       |  out|    1|   ap_memory|                                        trotters_local_V_28_1|         array|
|trotters_local_V_28_1_we0       |  out|    1|   ap_memory|                                        trotters_local_V_28_1|         array|
|trotters_local_V_28_1_d0        |  out|   64|   ap_memory|                                        trotters_local_V_28_1|         array|
|trotters_local_V_29_0_address0  |  out|    6|   ap_memory|                                        trotters_local_V_29_0|         array|
|trotters_local_V_29_0_ce0       |  out|    1|   ap_memory|                                        trotters_local_V_29_0|         array|
|trotters_local_V_29_0_we0       |  out|    1|   ap_memory|                                        trotters_local_V_29_0|         array|
|trotters_local_V_29_0_d0        |  out|   64|   ap_memory|                                        trotters_local_V_29_0|         array|
|trotters_local_V_29_1_address0  |  out|    6|   ap_memory|                                        trotters_local_V_29_1|         array|
|trotters_local_V_29_1_ce0       |  out|    1|   ap_memory|                                        trotters_local_V_29_1|         array|
|trotters_local_V_29_1_we0       |  out|    1|   ap_memory|                                        trotters_local_V_29_1|         array|
|trotters_local_V_29_1_d0        |  out|   64|   ap_memory|                                        trotters_local_V_29_1|         array|
|trotters_local_V_30_0_address0  |  out|    6|   ap_memory|                                        trotters_local_V_30_0|         array|
|trotters_local_V_30_0_ce0       |  out|    1|   ap_memory|                                        trotters_local_V_30_0|         array|
|trotters_local_V_30_0_we0       |  out|    1|   ap_memory|                                        trotters_local_V_30_0|         array|
|trotters_local_V_30_0_d0        |  out|   64|   ap_memory|                                        trotters_local_V_30_0|         array|
|trotters_local_V_30_1_address0  |  out|    6|   ap_memory|                                        trotters_local_V_30_1|         array|
|trotters_local_V_30_1_ce0       |  out|    1|   ap_memory|                                        trotters_local_V_30_1|         array|
|trotters_local_V_30_1_we0       |  out|    1|   ap_memory|                                        trotters_local_V_30_1|         array|
|trotters_local_V_30_1_d0        |  out|   64|   ap_memory|                                        trotters_local_V_30_1|         array|
|trotters_local_V_31_0_address0  |  out|    6|   ap_memory|                                        trotters_local_V_31_0|         array|
|trotters_local_V_31_0_ce0       |  out|    1|   ap_memory|                                        trotters_local_V_31_0|         array|
|trotters_local_V_31_0_we0       |  out|    1|   ap_memory|                                        trotters_local_V_31_0|         array|
|trotters_local_V_31_0_d0        |  out|   64|   ap_memory|                                        trotters_local_V_31_0|         array|
|trotters_local_V_31_1_address0  |  out|    6|   ap_memory|                                        trotters_local_V_31_1|         array|
|trotters_local_V_31_1_ce0       |  out|    1|   ap_memory|                                        trotters_local_V_31_1|         array|
|trotters_local_V_31_1_we0       |  out|    1|   ap_memory|                                        trotters_local_V_31_1|         array|
|trotters_local_V_31_1_d0        |  out|   64|   ap_memory|                                        trotters_local_V_31_1|         array|
+--------------------------------+-----+-----+------------+-------------------------------------------------------------+--------------+

