

================================================================
== Vitis HLS Report for 'Run_Pipeline_SUM_UP'
================================================================
* Date:           Sat Sep 25 11:13:48 2021

* Version:        2021.1 (Build 3247384 on Thu Jun 10 19:36:33 MDT 2021)
* Project:        SQA-Vitis
* Solution:       solution1 (Vitis Kernel Flow Target)
* Product family: virtexuplus
* Target device:  xcvu35p-fsvh2892-2-e


================================================================
== Performance Estimates
================================================================
+ Timing: 
    * Summary: 
    +--------+---------+----------+------------+
    |  Clock |  Target | Estimated| Uncertainty|
    +--------+---------+----------+------------+
    |ap_clk  |  3.33 ns|  2.342 ns|     0.90 ns|
    +--------+---------+----------+------------+

+ Latency: 
    * Summary: 
    +---------+---------+----------+----------+-----+-----+---------+
    |  Latency (cycles) |  Latency (absolute) |  Interval | Pipeline|
    |   min   |   max   |    min   |    max   | min | max |   Type  |
    +---------+---------+----------+----------+-----+-----+---------+
    |      184|      184|  0.613 us|  0.613 us|  184|  184|       no|
    +---------+---------+----------+----------+-----+-----+---------+

    + Detail: 
        * Instance: 
        N/A

        * Loop: 
        +----------+---------+---------+----------+-----------+-----------+------+----------+
        |          |  Latency (cycles) | Iteration|  Initiation Interval  | Trip |          |
        | Loop Name|   min   |   max   |  Latency |  achieved |   target  | Count| Pipelined|
        +----------+---------+---------+----------+-----------+-----------+------+----------+
        |- SUM_UP  |      182|      182|        57|          2|          1|    64|       yes|
        +----------+---------+---------+----------+-----------+-----------+------+----------+



================================================================
== Utilization Estimates
================================================================
* Summary: 
+---------------------+---------+------+---------+--------+-----+
|         Name        | BRAM_18K|  DSP |    FF   |   LUT  | URAM|
+---------------------+---------+------+---------+--------+-----+
|DSP                  |        -|     -|        -|       -|    -|
|Expression           |        -|     -|        0|    4394|    -|
|FIFO                 |        -|     -|        -|       -|    -|
|Instance             |        -|   118|    18762|   11682|    -|
|Memory               |        -|     -|        -|       -|    -|
|Multiplexer          |        -|     -|        -|    2093|    -|
|Register             |        -|     -|     8370|      64|    -|
+---------------------+---------+------+---------+--------+-----+
|Total                |        0|   118|    27132|   18233|    0|
+---------------------+---------+------+---------+--------+-----+
|Available SLR        |     1344|  2976|   871680|  435840|  320|
+---------------------+---------+------+---------+--------+-----+
|Utilization SLR (%)  |        0|     3|        3|       4|    0|
+---------------------+---------+------+---------+--------+-----+
|Available            |     2688|  5952|  1743360|  871680|  640|
+---------------------+---------+------+---------+--------+-----+
|Utilization (%)      |        0|     1|        1|       2|    0|
+---------------------+---------+------+---------+--------+-----+

+ Detail: 
    * Instance: 
    +-------------------------------------+--------------------------------+---------+----+-----+-----+-----+
    |               Instance              |             Module             | BRAM_18K| DSP|  FF | LUT | URAM|
    +-------------------------------------+--------------------------------+---------+----+-----+-----+-----+
    |fadd_32ns_32ns_32_7_full_dsp_1_U80   |fadd_32ns_32ns_32_7_full_dsp_1  |        0|   2|  318|  198|    0|
    |fadd_32ns_32ns_32_7_full_dsp_1_U81   |fadd_32ns_32ns_32_7_full_dsp_1  |        0|   2|  318|  198|    0|
    |fadd_32ns_32ns_32_7_full_dsp_1_U82   |fadd_32ns_32ns_32_7_full_dsp_1  |        0|   2|  318|  198|    0|
    |fadd_32ns_32ns_32_7_full_dsp_1_U83   |fadd_32ns_32ns_32_7_full_dsp_1  |        0|   2|  318|  198|    0|
    |fadd_32ns_32ns_32_7_full_dsp_1_U84   |fadd_32ns_32ns_32_7_full_dsp_1  |        0|   2|  318|  198|    0|
    |fadd_32ns_32ns_32_7_full_dsp_1_U85   |fadd_32ns_32ns_32_7_full_dsp_1  |        0|   2|  318|  198|    0|
    |fadd_32ns_32ns_32_7_full_dsp_1_U86   |fadd_32ns_32ns_32_7_full_dsp_1  |        0|   2|  318|  198|    0|
    |fadd_32ns_32ns_32_7_full_dsp_1_U87   |fadd_32ns_32ns_32_7_full_dsp_1  |        0|   2|  318|  198|    0|
    |fadd_32ns_32ns_32_7_full_dsp_1_U88   |fadd_32ns_32ns_32_7_full_dsp_1  |        0|   2|  318|  198|    0|
    |fadd_32ns_32ns_32_7_full_dsp_1_U89   |fadd_32ns_32ns_32_7_full_dsp_1  |        0|   2|  318|  198|    0|
    |fadd_32ns_32ns_32_7_full_dsp_1_U90   |fadd_32ns_32ns_32_7_full_dsp_1  |        0|   2|  318|  198|    0|
    |fadd_32ns_32ns_32_7_full_dsp_1_U91   |fadd_32ns_32ns_32_7_full_dsp_1  |        0|   2|  318|  198|    0|
    |fadd_32ns_32ns_32_7_full_dsp_1_U92   |fadd_32ns_32ns_32_7_full_dsp_1  |        0|   2|  318|  198|    0|
    |fadd_32ns_32ns_32_7_full_dsp_1_U93   |fadd_32ns_32ns_32_7_full_dsp_1  |        0|   2|  318|  198|    0|
    |fadd_32ns_32ns_32_7_full_dsp_1_U94   |fadd_32ns_32ns_32_7_full_dsp_1  |        0|   2|  318|  198|    0|
    |fadd_32ns_32ns_32_7_full_dsp_1_U95   |fadd_32ns_32ns_32_7_full_dsp_1  |        0|   2|  318|  198|    0|
    |fadd_32ns_32ns_32_7_full_dsp_1_U96   |fadd_32ns_32ns_32_7_full_dsp_1  |        0|   2|  318|  198|    0|
    |fadd_32ns_32ns_32_7_full_dsp_1_U97   |fadd_32ns_32ns_32_7_full_dsp_1  |        0|   2|  318|  198|    0|
    |fadd_32ns_32ns_32_7_full_dsp_1_U98   |fadd_32ns_32ns_32_7_full_dsp_1  |        0|   2|  318|  198|    0|
    |fadd_32ns_32ns_32_7_full_dsp_1_U99   |fadd_32ns_32ns_32_7_full_dsp_1  |        0|   2|  318|  198|    0|
    |fadd_32ns_32ns_32_7_full_dsp_1_U100  |fadd_32ns_32ns_32_7_full_dsp_1  |        0|   2|  318|  198|    0|
    |fadd_32ns_32ns_32_7_full_dsp_1_U101  |fadd_32ns_32ns_32_7_full_dsp_1  |        0|   2|  318|  198|    0|
    |fadd_32ns_32ns_32_7_full_dsp_1_U102  |fadd_32ns_32ns_32_7_full_dsp_1  |        0|   2|  318|  198|    0|
    |fadd_32ns_32ns_32_7_full_dsp_1_U103  |fadd_32ns_32ns_32_7_full_dsp_1  |        0|   2|  318|  198|    0|
    |fadd_32ns_32ns_32_7_full_dsp_1_U104  |fadd_32ns_32ns_32_7_full_dsp_1  |        0|   2|  318|  198|    0|
    |fadd_32ns_32ns_32_7_full_dsp_1_U105  |fadd_32ns_32ns_32_7_full_dsp_1  |        0|   2|  318|  198|    0|
    |fadd_32ns_32ns_32_7_full_dsp_1_U106  |fadd_32ns_32ns_32_7_full_dsp_1  |        0|   2|  318|  198|    0|
    |fadd_32ns_32ns_32_7_full_dsp_1_U107  |fadd_32ns_32ns_32_7_full_dsp_1  |        0|   2|  318|  198|    0|
    |fadd_32ns_32ns_32_7_full_dsp_1_U108  |fadd_32ns_32ns_32_7_full_dsp_1  |        0|   2|  318|  198|    0|
    |fadd_32ns_32ns_32_7_full_dsp_1_U109  |fadd_32ns_32ns_32_7_full_dsp_1  |        0|   2|  318|  198|    0|
    |fadd_32ns_32ns_32_7_full_dsp_1_U110  |fadd_32ns_32ns_32_7_full_dsp_1  |        0|   2|  318|  198|    0|
    |fadd_32ns_32ns_32_7_full_dsp_1_U111  |fadd_32ns_32ns_32_7_full_dsp_1  |        0|   2|  318|  198|    0|
    |fadd_32ns_32ns_32_7_full_dsp_1_U112  |fadd_32ns_32ns_32_7_full_dsp_1  |        0|   2|  318|  198|    0|
    |fadd_32ns_32ns_32_7_full_dsp_1_U113  |fadd_32ns_32ns_32_7_full_dsp_1  |        0|   2|  318|  198|    0|
    |fadd_32ns_32ns_32_7_full_dsp_1_U114  |fadd_32ns_32ns_32_7_full_dsp_1  |        0|   2|  318|  198|    0|
    |fadd_32ns_32ns_32_7_full_dsp_1_U115  |fadd_32ns_32ns_32_7_full_dsp_1  |        0|   2|  318|  198|    0|
    |fadd_32ns_32ns_32_7_full_dsp_1_U116  |fadd_32ns_32ns_32_7_full_dsp_1  |        0|   2|  318|  198|    0|
    |fadd_32ns_32ns_32_7_full_dsp_1_U117  |fadd_32ns_32ns_32_7_full_dsp_1  |        0|   2|  318|  198|    0|
    |fadd_32ns_32ns_32_7_full_dsp_1_U118  |fadd_32ns_32ns_32_7_full_dsp_1  |        0|   2|  318|  198|    0|
    |fadd_32ns_32ns_32_7_full_dsp_1_U119  |fadd_32ns_32ns_32_7_full_dsp_1  |        0|   2|  318|  198|    0|
    |fadd_32ns_32ns_32_7_full_dsp_1_U120  |fadd_32ns_32ns_32_7_full_dsp_1  |        0|   2|  318|  198|    0|
    |fadd_32ns_32ns_32_7_full_dsp_1_U121  |fadd_32ns_32ns_32_7_full_dsp_1  |        0|   2|  318|  198|    0|
    |fadd_32ns_32ns_32_7_full_dsp_1_U122  |fadd_32ns_32ns_32_7_full_dsp_1  |        0|   2|  318|  198|    0|
    |fadd_32ns_32ns_32_7_full_dsp_1_U123  |fadd_32ns_32ns_32_7_full_dsp_1  |        0|   2|  318|  198|    0|
    |fadd_32ns_32ns_32_7_full_dsp_1_U124  |fadd_32ns_32ns_32_7_full_dsp_1  |        0|   2|  318|  198|    0|
    |fadd_32ns_32ns_32_7_full_dsp_1_U125  |fadd_32ns_32ns_32_7_full_dsp_1  |        0|   2|  318|  198|    0|
    |fadd_32ns_32ns_32_7_full_dsp_1_U126  |fadd_32ns_32ns_32_7_full_dsp_1  |        0|   2|  318|  198|    0|
    |fadd_32ns_32ns_32_7_full_dsp_1_U127  |fadd_32ns_32ns_32_7_full_dsp_1  |        0|   2|  318|  198|    0|
    |fadd_32ns_32ns_32_7_full_dsp_1_U128  |fadd_32ns_32ns_32_7_full_dsp_1  |        0|   2|  318|  198|    0|
    |fadd_32ns_32ns_32_7_full_dsp_1_U129  |fadd_32ns_32ns_32_7_full_dsp_1  |        0|   2|  318|  198|    0|
    |fadd_32ns_32ns_32_7_full_dsp_1_U130  |fadd_32ns_32ns_32_7_full_dsp_1  |        0|   2|  318|  198|    0|
    |fadd_32ns_32ns_32_7_full_dsp_1_U131  |fadd_32ns_32ns_32_7_full_dsp_1  |        0|   2|  318|  198|    0|
    |fadd_32ns_32ns_32_7_full_dsp_1_U132  |fadd_32ns_32ns_32_7_full_dsp_1  |        0|   2|  318|  198|    0|
    |fadd_32ns_32ns_32_7_full_dsp_1_U133  |fadd_32ns_32ns_32_7_full_dsp_1  |        0|   2|  318|  198|    0|
    |fadd_32ns_32ns_32_7_full_dsp_1_U134  |fadd_32ns_32ns_32_7_full_dsp_1  |        0|   2|  318|  198|    0|
    |fadd_32ns_32ns_32_7_full_dsp_1_U135  |fadd_32ns_32ns_32_7_full_dsp_1  |        0|   2|  318|  198|    0|
    |fadd_32ns_32ns_32_7_full_dsp_1_U136  |fadd_32ns_32ns_32_7_full_dsp_1  |        0|   2|  318|  198|    0|
    |fadd_32ns_32ns_32_7_full_dsp_1_U137  |fadd_32ns_32ns_32_7_full_dsp_1  |        0|   2|  318|  198|    0|
    |fadd_32ns_32ns_32_7_full_dsp_1_U138  |fadd_32ns_32ns_32_7_full_dsp_1  |        0|   2|  318|  198|    0|
    +-------------------------------------+--------------------------------+---------+----+-----+-----+-----+
    |Total                                |                                |        0| 118|18762|11682|    0|
    +-------------------------------------+--------------------------------+---------+----+-----+-----+-----+

    * DSP: 
    N/A

    * Memory: 
    N/A

    * FIFO: 
    N/A

    * Expression: 
    +-------------------------+----------+----+---+----+------------+------------+
    |      Variable Name      | Operation| DSP| FF| LUT| Bitwidth P0| Bitwidth P1|
    +-------------------------+----------+----+---+----+------------+------------+
    |add_ln134_1_fu_13479_p2  |         +|   0|  0|  15|           8|           2|
    |add_ln134_fu_13452_p2    |         +|   0|  0|  14|           7|           1|
    |icmp_ln133_fu_13446_p2   |      icmp|   0|  0|  11|           7|           8|
    |tmp_108_fu_14127_p3      |    select|   0|  0|  32|           1|          32|
    |tmp_10_fu_13577_p3       |    select|   0|  0|  32|           1|          32|
    |tmp_117_fu_14177_p3      |    select|   0|  0|  32|           1|          32|
    |tmp_126_fu_14227_p3      |    select|   0|  0|  32|           1|          32|
    |tmp_135_fu_14277_p3      |    select|   0|  0|  32|           1|          32|
    |tmp_144_fu_14327_p3      |    select|   0|  0|  32|           1|          32|
    |tmp_153_fu_14377_p3      |    select|   0|  0|  32|           1|          32|
    |tmp_162_fu_14427_p3      |    select|   0|  0|  32|           1|          32|
    |tmp_171_fu_14477_p3      |    select|   0|  0|  32|           1|          32|
    |tmp_180_fu_14527_p3      |    select|   0|  0|  32|           1|          32|
    |tmp_189_fu_14577_p3      |    select|   0|  0|  32|           1|          32|
    |tmp_18_fu_13627_p3       |    select|   0|  0|  32|           1|          32|
    |tmp_198_fu_14627_p3      |    select|   0|  0|  32|           1|          32|
    |tmp_207_fu_14677_p3      |    select|   0|  0|  32|           1|          32|
    |tmp_216_fu_14727_p3      |    select|   0|  0|  32|           1|          32|
    |tmp_225_fu_14777_p3      |    select|   0|  0|  32|           1|          32|
    |tmp_234_fu_14827_p3      |    select|   0|  0|  32|           1|          32|
    |tmp_243_fu_14877_p3      |    select|   0|  0|  32|           1|          32|
    |tmp_252_fu_14927_p3      |    select|   0|  0|  32|           1|          32|
    |tmp_261_fu_14977_p3      |    select|   0|  0|  32|           1|          32|
    |tmp_270_fu_15027_p3      |    select|   0|  0|  32|           1|          32|
    |tmp_279_fu_15077_p3      |    select|   0|  0|  32|           1|          32|
    |tmp_27_fu_13677_p3       |    select|   0|  0|  32|           1|          32|
    |tmp_288_fu_15127_p3      |    select|   0|  0|  32|           1|          32|
    |tmp_297_fu_15177_p3      |    select|   0|  0|  32|           1|          32|
    |tmp_306_fu_15227_p3      |    select|   0|  0|  32|           1|          32|
    |tmp_315_fu_15277_p3      |    select|   0|  0|  32|           1|          32|
    |tmp_324_fu_15327_p3      |    select|   0|  0|  32|           1|          32|
    |tmp_333_fu_15377_p3      |    select|   0|  0|  32|           1|          32|
    |tmp_342_fu_15427_p3      |    select|   0|  0|  32|           1|          32|
    |tmp_351_fu_15477_p3      |    select|   0|  0|  32|           1|          32|
    |tmp_360_fu_15527_p3      |    select|   0|  0|  32|           1|          32|
    |tmp_369_fu_15577_p3      |    select|   0|  0|  32|           1|          32|
    |tmp_36_fu_13727_p3       |    select|   0|  0|  32|           1|          32|
    |tmp_378_fu_15627_p3      |    select|   0|  0|  32|           1|          32|
    |tmp_387_fu_15677_p3      |    select|   0|  0|  32|           1|          32|
    |tmp_394_fu_15727_p3      |    select|   0|  0|  32|           1|          32|
    |tmp_400_fu_15777_p3      |    select|   0|  0|  32|           1|          32|
    |tmp_406_fu_15827_p3      |    select|   0|  0|  32|           1|          32|
    |tmp_412_fu_15877_p3      |    select|   0|  0|  32|           1|          32|
    |tmp_418_fu_15927_p3      |    select|   0|  0|  32|           1|          32|
    |tmp_424_fu_15977_p3      |    select|   0|  0|  32|           1|          32|
    |tmp_430_fu_16027_p3      |    select|   0|  0|  32|           1|          32|
    |tmp_436_fu_16077_p3      |    select|   0|  0|  32|           1|          32|
    |tmp_453_fu_16127_p3      |    select|   0|  0|  32|           1|          32|
    |tmp_45_fu_13777_p3       |    select|   0|  0|  32|           1|          32|
    |tmp_522_fu_16177_p3      |    select|   0|  0|  32|           1|          32|
    |tmp_528_fu_16227_p3      |    select|   0|  0|  32|           1|          32|
    |tmp_534_fu_16277_p3      |    select|   0|  0|  32|           1|          32|
    |tmp_540_fu_16327_p3      |    select|   0|  0|  32|           1|          32|
    |tmp_546_fu_16377_p3      |    select|   0|  0|  32|           1|          32|
    |tmp_54_fu_13827_p3       |    select|   0|  0|  32|           1|          32|
    |tmp_552_fu_16427_p3      |    select|   0|  0|  32|           1|          32|
    |tmp_558_fu_16477_p3      |    select|   0|  0|  32|           1|          32|
    |tmp_564_fu_16527_p3      |    select|   0|  0|  32|           1|          32|
    |tmp_570_fu_16577_p3      |    select|   0|  0|  32|           1|          32|
    |tmp_576_fu_16627_p3      |    select|   0|  0|  32|           1|          32|
    |tmp_582_fu_16677_p3      |    select|   0|  0|  32|           1|          32|
    |tmp_587_fu_16717_p3      |    select|   0|  0|  32|           1|          32|
    |tmp_593_fu_16767_p3      |    select|   0|  0|  32|           1|          32|
    |tmp_599_fu_16817_p3      |    select|   0|  0|  32|           1|          32|
    |tmp_605_fu_16867_p3      |    select|   0|  0|  32|           1|          32|
    |tmp_611_fu_16917_p3      |    select|   0|  0|  32|           1|          32|
    |tmp_617_fu_16967_p3      |    select|   0|  0|  32|           1|          32|
    |tmp_623_fu_17017_p3      |    select|   0|  0|  32|           1|          32|
    |tmp_629_fu_17067_p3      |    select|   0|  0|  32|           1|          32|
    |tmp_635_fu_17117_p3      |    select|   0|  0|  32|           1|          32|
    |tmp_63_fu_13877_p3       |    select|   0|  0|  32|           1|          32|
    |tmp_641_fu_17167_p3      |    select|   0|  0|  32|           1|          32|
    |tmp_647_fu_17217_p3      |    select|   0|  0|  32|           1|          32|
    |tmp_653_fu_17267_p3      |    select|   0|  0|  32|           1|          32|
    |tmp_659_fu_17317_p3      |    select|   0|  0|  32|           1|          32|
    |tmp_665_fu_17367_p3      |    select|   0|  0|  32|           1|          32|
    |tmp_671_fu_17417_p3      |    select|   0|  0|  32|           1|          32|
    |tmp_677_fu_17467_p3      |    select|   0|  0|  32|           1|          32|
    |tmp_683_fu_17517_p3      |    select|   0|  0|  32|           1|          32|
    |tmp_689_fu_17567_p3      |    select|   0|  0|  32|           1|          32|
    |tmp_695_fu_17617_p3      |    select|   0|  0|  32|           1|          32|
    |tmp_701_fu_17667_p3      |    select|   0|  0|  32|           1|          32|
    |tmp_707_fu_17717_p3      |    select|   0|  0|  32|           1|          32|
    |tmp_713_fu_17767_p3      |    select|   0|  0|  32|           1|          32|
    |tmp_719_fu_17817_p3      |    select|   0|  0|  32|           1|          32|
    |tmp_725_fu_17867_p3      |    select|   0|  0|  32|           1|          32|
    |tmp_72_fu_13927_p3       |    select|   0|  0|  32|           1|          32|
    |tmp_731_fu_17917_p3      |    select|   0|  0|  32|           1|          32|
    |tmp_737_fu_17967_p3      |    select|   0|  0|  32|           1|          32|
    |tmp_743_fu_18017_p3      |    select|   0|  0|  32|           1|          32|
    |tmp_749_fu_18067_p3      |    select|   0|  0|  32|           1|          32|
    |tmp_755_fu_18117_p3      |    select|   0|  0|  32|           1|          32|
    |tmp_761_fu_18167_p3      |    select|   0|  0|  32|           1|          32|
    |tmp_767_fu_18217_p3      |    select|   0|  0|  32|           1|          32|
    |tmp_773_fu_18267_p3      |    select|   0|  0|  32|           1|          32|
    |tmp_779_fu_18317_p3      |    select|   0|  0|  32|           1|          32|
    |tmp_785_fu_18367_p3      |    select|   0|  0|  32|           1|          32|
    |tmp_791_fu_18417_p3      |    select|   0|  0|  32|           1|          32|
    |tmp_797_fu_18467_p3      |    select|   0|  0|  32|           1|          32|
    |tmp_803_fu_18517_p3      |    select|   0|  0|  32|           1|          32|
    |tmp_809_fu_18567_p3      |    select|   0|  0|  32|           1|          32|
    |tmp_815_fu_18617_p3      |    select|   0|  0|  32|           1|          32|
    |tmp_81_fu_13977_p3       |    select|   0|  0|  32|           1|          32|
    |tmp_821_fu_18667_p3      |    select|   0|  0|  32|           1|          32|
    |tmp_827_fu_18717_p3      |    select|   0|  0|  32|           1|          32|
    |tmp_833_fu_18767_p3      |    select|   0|  0|  32|           1|          32|
    |tmp_839_fu_18817_p3      |    select|   0|  0|  32|           1|          32|
    |tmp_845_fu_18867_p3      |    select|   0|  0|  32|           1|          32|
    |tmp_851_fu_18917_p3      |    select|   0|  0|  32|           1|          32|
    |tmp_857_fu_18967_p3      |    select|   0|  0|  32|           1|          32|
    |tmp_863_fu_19017_p3      |    select|   0|  0|  32|           1|          32|
    |tmp_869_fu_19067_p3      |    select|   0|  0|  32|           1|          32|
    |tmp_875_fu_19117_p3      |    select|   0|  0|  32|           1|          32|
    |tmp_881_fu_19167_p3      |    select|   0|  0|  32|           1|          32|
    |tmp_887_fu_19217_p3      |    select|   0|  0|  32|           1|          32|
    |tmp_893_fu_19267_p3      |    select|   0|  0|  32|           1|          32|
    |tmp_899_fu_19317_p3      |    select|   0|  0|  32|           1|          32|
    |tmp_905_fu_19367_p3      |    select|   0|  0|  32|           1|          32|
    |tmp_90_fu_14027_p3       |    select|   0|  0|  32|           1|          32|
    |tmp_911_fu_19417_p3      |    select|   0|  0|  32|           1|          32|
    |tmp_917_fu_19467_p3      |    select|   0|  0|  32|           1|          32|
    |tmp_923_fu_19517_p3      |    select|   0|  0|  32|           1|          32|
    |tmp_929_fu_19567_p3      |    select|   0|  0|  32|           1|          32|
    |tmp_935_fu_19617_p3      |    select|   0|  0|  32|           1|          32|
    |tmp_941_fu_19667_p3      |    select|   0|  0|  32|           1|          32|
    |tmp_947_fu_19717_p3      |    select|   0|  0|  32|           1|          32|
    |tmp_953_fu_19767_p3      |    select|   0|  0|  32|           1|          32|
    |tmp_959_fu_19817_p3      |    select|   0|  0|  32|           1|          32|
    |tmp_965_fu_19867_p3      |    select|   0|  0|  32|           1|          32|
    |tmp_99_fu_14077_p3       |    select|   0|  0|  32|           1|          32|
    |tmp_fu_13527_p3          |    select|   0|  0|  32|           1|          32|
    |ap_enable_pp0            |       xor|   0|  0|   2|           1|           2|
    |p_Repl2_100_fu_18501_p2  |       xor|   0|  0|   2|           1|           2|
    |p_Repl2_101_fu_18551_p2  |       xor|   0|  0|   2|           1|           2|
    |p_Repl2_102_fu_18601_p2  |       xor|   0|  0|   2|           1|           2|
    |p_Repl2_103_fu_18651_p2  |       xor|   0|  0|   2|           1|           2|
    |p_Repl2_104_fu_18701_p2  |       xor|   0|  0|   2|           1|           2|
    |p_Repl2_105_fu_18751_p2  |       xor|   0|  0|   2|           1|           2|
    |p_Repl2_106_fu_18801_p2  |       xor|   0|  0|   2|           1|           2|
    |p_Repl2_107_fu_18851_p2  |       xor|   0|  0|   2|           1|           2|
    |p_Repl2_108_fu_18901_p2  |       xor|   0|  0|   2|           1|           2|
    |p_Repl2_109_fu_18951_p2  |       xor|   0|  0|   2|           1|           2|
    |p_Repl2_10_fu_14011_p2   |       xor|   0|  0|   2|           1|           2|
    |p_Repl2_110_fu_19001_p2  |       xor|   0|  0|   2|           1|           2|
    |p_Repl2_111_fu_19051_p2  |       xor|   0|  0|   2|           1|           2|
    |p_Repl2_112_fu_19101_p2  |       xor|   0|  0|   2|           1|           2|
    |p_Repl2_113_fu_19151_p2  |       xor|   0|  0|   2|           1|           2|
    |p_Repl2_114_fu_19201_p2  |       xor|   0|  0|   2|           1|           2|
    |p_Repl2_115_fu_19251_p2  |       xor|   0|  0|   2|           1|           2|
    |p_Repl2_116_fu_19301_p2  |       xor|   0|  0|   2|           1|           2|
    |p_Repl2_117_fu_19351_p2  |       xor|   0|  0|   2|           1|           2|
    |p_Repl2_118_fu_19401_p2  |       xor|   0|  0|   2|           1|           2|
    |p_Repl2_119_fu_19451_p2  |       xor|   0|  0|   2|           1|           2|
    |p_Repl2_11_fu_14061_p2   |       xor|   0|  0|   2|           1|           2|
    |p_Repl2_120_fu_19501_p2  |       xor|   0|  0|   2|           1|           2|
    |p_Repl2_121_fu_19551_p2  |       xor|   0|  0|   2|           1|           2|
    |p_Repl2_122_fu_19601_p2  |       xor|   0|  0|   2|           1|           2|
    |p_Repl2_123_fu_19651_p2  |       xor|   0|  0|   2|           1|           2|
    |p_Repl2_124_fu_19701_p2  |       xor|   0|  0|   2|           1|           2|
    |p_Repl2_125_fu_19751_p2  |       xor|   0|  0|   2|           1|           2|
    |p_Repl2_126_fu_19801_p2  |       xor|   0|  0|   2|           1|           2|
    |p_Repl2_127_fu_19851_p2  |       xor|   0|  0|   2|           1|           2|
    |p_Repl2_12_fu_14111_p2   |       xor|   0|  0|   2|           1|           2|
    |p_Repl2_13_fu_14161_p2   |       xor|   0|  0|   2|           1|           2|
    |p_Repl2_14_fu_14211_p2   |       xor|   0|  0|   2|           1|           2|
    |p_Repl2_15_fu_14261_p2   |       xor|   0|  0|   2|           1|           2|
    |p_Repl2_16_fu_14311_p2   |       xor|   0|  0|   2|           1|           2|
    |p_Repl2_17_fu_14361_p2   |       xor|   0|  0|   2|           1|           2|
    |p_Repl2_18_fu_14411_p2   |       xor|   0|  0|   2|           1|           2|
    |p_Repl2_19_fu_14461_p2   |       xor|   0|  0|   2|           1|           2|
    |p_Repl2_1_fu_13561_p2    |       xor|   0|  0|   2|           1|           2|
    |p_Repl2_20_fu_14511_p2   |       xor|   0|  0|   2|           1|           2|
    |p_Repl2_21_fu_14561_p2   |       xor|   0|  0|   2|           1|           2|
    |p_Repl2_22_fu_14611_p2   |       xor|   0|  0|   2|           1|           2|
    |p_Repl2_23_fu_14661_p2   |       xor|   0|  0|   2|           1|           2|
    |p_Repl2_24_fu_14711_p2   |       xor|   0|  0|   2|           1|           2|
    |p_Repl2_25_fu_14761_p2   |       xor|   0|  0|   2|           1|           2|
    |p_Repl2_26_fu_14811_p2   |       xor|   0|  0|   2|           1|           2|
    |p_Repl2_27_fu_14861_p2   |       xor|   0|  0|   2|           1|           2|
    |p_Repl2_28_fu_14911_p2   |       xor|   0|  0|   2|           1|           2|
    |p_Repl2_29_fu_14961_p2   |       xor|   0|  0|   2|           1|           2|
    |p_Repl2_2_fu_13611_p2    |       xor|   0|  0|   2|           1|           2|
    |p_Repl2_30_fu_15011_p2   |       xor|   0|  0|   2|           1|           2|
    |p_Repl2_31_fu_15061_p2   |       xor|   0|  0|   2|           1|           2|
    |p_Repl2_32_fu_15111_p2   |       xor|   0|  0|   2|           1|           2|
    |p_Repl2_33_fu_15161_p2   |       xor|   0|  0|   2|           1|           2|
    |p_Repl2_34_fu_15211_p2   |       xor|   0|  0|   2|           1|           2|
    |p_Repl2_35_fu_15261_p2   |       xor|   0|  0|   2|           1|           2|
    |p_Repl2_36_fu_15311_p2   |       xor|   0|  0|   2|           1|           2|
    |p_Repl2_37_fu_15361_p2   |       xor|   0|  0|   2|           1|           2|
    |p_Repl2_38_fu_15411_p2   |       xor|   0|  0|   2|           1|           2|
    |p_Repl2_39_fu_15461_p2   |       xor|   0|  0|   2|           1|           2|
    |p_Repl2_3_fu_13661_p2    |       xor|   0|  0|   2|           1|           2|
    |p_Repl2_40_fu_15511_p2   |       xor|   0|  0|   2|           1|           2|
    |p_Repl2_41_fu_15561_p2   |       xor|   0|  0|   2|           1|           2|
    |p_Repl2_42_fu_15611_p2   |       xor|   0|  0|   2|           1|           2|
    |p_Repl2_43_fu_15661_p2   |       xor|   0|  0|   2|           1|           2|
    |p_Repl2_44_fu_15711_p2   |       xor|   0|  0|   2|           1|           2|
    |p_Repl2_45_fu_15761_p2   |       xor|   0|  0|   2|           1|           2|
    |p_Repl2_46_fu_15811_p2   |       xor|   0|  0|   2|           1|           2|
    |p_Repl2_47_fu_15861_p2   |       xor|   0|  0|   2|           1|           2|
    |p_Repl2_48_fu_15911_p2   |       xor|   0|  0|   2|           1|           2|
    |p_Repl2_49_fu_15961_p2   |       xor|   0|  0|   2|           1|           2|
    |p_Repl2_4_fu_13711_p2    |       xor|   0|  0|   2|           1|           2|
    |p_Repl2_50_fu_16011_p2   |       xor|   0|  0|   2|           1|           2|
    |p_Repl2_51_fu_16061_p2   |       xor|   0|  0|   2|           1|           2|
    |p_Repl2_52_fu_16111_p2   |       xor|   0|  0|   2|           1|           2|
    |p_Repl2_53_fu_16161_p2   |       xor|   0|  0|   2|           1|           2|
    |p_Repl2_54_fu_16211_p2   |       xor|   0|  0|   2|           1|           2|
    |p_Repl2_55_fu_16261_p2   |       xor|   0|  0|   2|           1|           2|
    |p_Repl2_56_fu_16311_p2   |       xor|   0|  0|   2|           1|           2|
    |p_Repl2_57_fu_16361_p2   |       xor|   0|  0|   2|           1|           2|
    |p_Repl2_58_fu_16411_p2   |       xor|   0|  0|   2|           1|           2|
    |p_Repl2_59_fu_16461_p2   |       xor|   0|  0|   2|           1|           2|
    |p_Repl2_5_fu_13761_p2    |       xor|   0|  0|   2|           1|           2|
    |p_Repl2_60_fu_16511_p2   |       xor|   0|  0|   2|           1|           2|
    |p_Repl2_61_fu_16561_p2   |       xor|   0|  0|   2|           1|           2|
    |p_Repl2_62_fu_16611_p2   |       xor|   0|  0|   2|           1|           2|
    |p_Repl2_63_fu_16661_p2   |       xor|   0|  0|   2|           1|           2|
    |p_Repl2_64_fu_16701_p2   |       xor|   0|  0|   2|           1|           2|
    |p_Repl2_65_fu_16751_p2   |       xor|   0|  0|   2|           1|           2|
    |p_Repl2_66_fu_16801_p2   |       xor|   0|  0|   2|           1|           2|
    |p_Repl2_67_fu_16851_p2   |       xor|   0|  0|   2|           1|           2|
    |p_Repl2_68_fu_16901_p2   |       xor|   0|  0|   2|           1|           2|
    |p_Repl2_69_fu_16951_p2   |       xor|   0|  0|   2|           1|           2|
    |p_Repl2_6_fu_13811_p2    |       xor|   0|  0|   2|           1|           2|
    |p_Repl2_70_fu_17001_p2   |       xor|   0|  0|   2|           1|           2|
    |p_Repl2_71_fu_17051_p2   |       xor|   0|  0|   2|           1|           2|
    |p_Repl2_72_fu_17101_p2   |       xor|   0|  0|   2|           1|           2|
    |p_Repl2_73_fu_17151_p2   |       xor|   0|  0|   2|           1|           2|
    |p_Repl2_74_fu_17201_p2   |       xor|   0|  0|   2|           1|           2|
    |p_Repl2_75_fu_17251_p2   |       xor|   0|  0|   2|           1|           2|
    |p_Repl2_76_fu_17301_p2   |       xor|   0|  0|   2|           1|           2|
    |p_Repl2_77_fu_17351_p2   |       xor|   0|  0|   2|           1|           2|
    |p_Repl2_78_fu_17401_p2   |       xor|   0|  0|   2|           1|           2|
    |p_Repl2_79_fu_17451_p2   |       xor|   0|  0|   2|           1|           2|
    |p_Repl2_7_fu_13861_p2    |       xor|   0|  0|   2|           1|           2|
    |p_Repl2_80_fu_17501_p2   |       xor|   0|  0|   2|           1|           2|
    |p_Repl2_81_fu_17551_p2   |       xor|   0|  0|   2|           1|           2|
    |p_Repl2_82_fu_17601_p2   |       xor|   0|  0|   2|           1|           2|
    |p_Repl2_83_fu_17651_p2   |       xor|   0|  0|   2|           1|           2|
    |p_Repl2_84_fu_17701_p2   |       xor|   0|  0|   2|           1|           2|
    |p_Repl2_85_fu_17751_p2   |       xor|   0|  0|   2|           1|           2|
    |p_Repl2_86_fu_17801_p2   |       xor|   0|  0|   2|           1|           2|
    |p_Repl2_87_fu_17851_p2   |       xor|   0|  0|   2|           1|           2|
    |p_Repl2_88_fu_17901_p2   |       xor|   0|  0|   2|           1|           2|
    |p_Repl2_89_fu_17951_p2   |       xor|   0|  0|   2|           1|           2|
    |p_Repl2_8_fu_13911_p2    |       xor|   0|  0|   2|           1|           2|
    |p_Repl2_90_fu_18001_p2   |       xor|   0|  0|   2|           1|           2|
    |p_Repl2_91_fu_18051_p2   |       xor|   0|  0|   2|           1|           2|
    |p_Repl2_92_fu_18101_p2   |       xor|   0|  0|   2|           1|           2|
    |p_Repl2_93_fu_18151_p2   |       xor|   0|  0|   2|           1|           2|
    |p_Repl2_94_fu_18201_p2   |       xor|   0|  0|   2|           1|           2|
    |p_Repl2_95_fu_18251_p2   |       xor|   0|  0|   2|           1|           2|
    |p_Repl2_96_fu_18301_p2   |       xor|   0|  0|   2|           1|           2|
    |p_Repl2_97_fu_18351_p2   |       xor|   0|  0|   2|           1|           2|
    |p_Repl2_98_fu_18401_p2   |       xor|   0|  0|   2|           1|           2|
    |p_Repl2_99_fu_18451_p2   |       xor|   0|  0|   2|           1|           2|
    |p_Repl2_9_fu_13961_p2    |       xor|   0|  0|   2|           1|           2|
    |p_Repl2_s_fu_13511_p2    |       xor|   0|  0|   2|           1|           2|
    +-------------------------+----------+----+---+----+------------+------------+
    |Total                    |          |   0|  0|4394|         279|        4365|
    +-------------------------+----------+----+---+----+------------+------------+

    * Multiplexer: 
    +-----------------------------------+----+-----------+-----+-----------+
    |                Name               | LUT| Input Size| Bits| Total Bits|
    +-----------------------------------+----+-----------+-----+-----------+
    |ap_NS_fsm                          |  14|          3|    1|          3|
    |ap_done_int                        |   9|          2|    1|          2|
    |ap_enable_reg_pp0_iter0            |   9|          2|    1|          2|
    |ap_enable_reg_pp0_iter1            |   9|          2|    1|          2|
    |ap_enable_reg_pp0_iter28           |   9|          2|    1|          2|
    |ap_loop_exit_ready_pp0_iter10_reg  |   9|          2|    1|          2|
    |ap_loop_exit_ready_pp0_iter11_reg  |   9|          2|    1|          2|
    |ap_loop_exit_ready_pp0_iter12_reg  |   9|          2|    1|          2|
    |ap_loop_exit_ready_pp0_iter13_reg  |   9|          2|    1|          2|
    |ap_loop_exit_ready_pp0_iter14_reg  |   9|          2|    1|          2|
    |ap_loop_exit_ready_pp0_iter15_reg  |   9|          2|    1|          2|
    |ap_loop_exit_ready_pp0_iter16_reg  |   9|          2|    1|          2|
    |ap_loop_exit_ready_pp0_iter17_reg  |   9|          2|    1|          2|
    |ap_loop_exit_ready_pp0_iter18_reg  |   9|          2|    1|          2|
    |ap_loop_exit_ready_pp0_iter19_reg  |   9|          2|    1|          2|
    |ap_loop_exit_ready_pp0_iter1_reg   |   9|          2|    1|          2|
    |ap_loop_exit_ready_pp0_iter20_reg  |   9|          2|    1|          2|
    |ap_loop_exit_ready_pp0_iter21_reg  |   9|          2|    1|          2|
    |ap_loop_exit_ready_pp0_iter22_reg  |   9|          2|    1|          2|
    |ap_loop_exit_ready_pp0_iter23_reg  |   9|          2|    1|          2|
    |ap_loop_exit_ready_pp0_iter24_reg  |   9|          2|    1|          2|
    |ap_loop_exit_ready_pp0_iter25_reg  |   9|          2|    1|          2|
    |ap_loop_exit_ready_pp0_iter26_reg  |   9|          2|    1|          2|
    |ap_loop_exit_ready_pp0_iter27_reg  |   9|          2|    1|          2|
    |ap_loop_exit_ready_pp0_iter2_reg   |   9|          2|    1|          2|
    |ap_loop_exit_ready_pp0_iter3_reg   |   9|          2|    1|          2|
    |ap_loop_exit_ready_pp0_iter4_reg   |   9|          2|    1|          2|
    |ap_loop_exit_ready_pp0_iter5_reg   |   9|          2|    1|          2|
    |ap_loop_exit_ready_pp0_iter6_reg   |   9|          2|    1|          2|
    |ap_loop_exit_ready_pp0_iter7_reg   |   9|          2|    1|          2|
    |ap_loop_exit_ready_pp0_iter8_reg   |   9|          2|    1|          2|
    |ap_loop_exit_ready_pp0_iter9_reg   |   9|          2|    1|          2|
    |ap_sig_allocacmp_ofst_1            |   9|          2|    7|         14|
    |ap_sig_allocacmp_pack_ofst_load    |   9|          2|    8|         16|
    |grp_fu_507_p0                      |  14|          3|   32|         96|
    |grp_fu_507_p1                      |  14|          3|   32|         96|
    |grp_fu_508_p0                      |  14|          3|   32|         96|
    |grp_fu_508_p1                      |  14|          3|   32|         96|
    |grp_fu_509_p0                      |  14|          3|   32|         96|
    |grp_fu_509_p1                      |  14|          3|   32|         96|
    |grp_fu_510_p0                      |  14|          3|   32|         96|
    |grp_fu_510_p1                      |  14|          3|   32|         96|
    |grp_fu_511_p0                      |  14|          3|   32|         96|
    |grp_fu_511_p1                      |  14|          3|   32|         96|
    |grp_fu_512_p0                      |  14|          3|   32|         96|
    |grp_fu_512_p1                      |  14|          3|   32|         96|
    |grp_fu_513_p0                      |  14|          3|   32|         96|
    |grp_fu_513_p1                      |  14|          3|   32|         96|
    |grp_fu_514_p0                      |  14|          3|   32|         96|
    |grp_fu_514_p1                      |  14|          3|   32|         96|
    |grp_fu_515_p0                      |  14|          3|   32|         96|
    |grp_fu_515_p1                      |  14|          3|   32|         96|
    |grp_fu_516_p0                      |  14|          3|   32|         96|
    |grp_fu_516_p1                      |  14|          3|   32|         96|
    |grp_fu_517_p0                      |  14|          3|   32|         96|
    |grp_fu_517_p1                      |  14|          3|   32|         96|
    |grp_fu_518_p0                      |  14|          3|   32|         96|
    |grp_fu_518_p1                      |  14|          3|   32|         96|
    |grp_fu_519_p0                      |  14|          3|   32|         96|
    |grp_fu_519_p1                      |  14|          3|   32|         96|
    |grp_fu_520_p0                      |  14|          3|   32|         96|
    |grp_fu_520_p1                      |  14|          3|   32|         96|
    |grp_fu_521_p0                      |  14|          3|   32|         96|
    |grp_fu_521_p1                      |  14|          3|   32|         96|
    |grp_fu_522_p0                      |  14|          3|   32|         96|
    |grp_fu_522_p1                      |  14|          3|   32|         96|
    |grp_fu_523_p0                      |  14|          3|   32|         96|
    |grp_fu_523_p1                      |  14|          3|   32|         96|
    |grp_fu_524_p0                      |  14|          3|   32|         96|
    |grp_fu_524_p1                      |  14|          3|   32|         96|
    |grp_fu_525_p0                      |  14|          3|   32|         96|
    |grp_fu_525_p1                      |  14|          3|   32|         96|
    |grp_fu_526_p0                      |  14|          3|   32|         96|
    |grp_fu_526_p1                      |  14|          3|   32|         96|
    |grp_fu_527_p0                      |  14|          3|   32|         96|
    |grp_fu_527_p1                      |  14|          3|   32|         96|
    |grp_fu_528_p0                      |  14|          3|   32|         96|
    |grp_fu_528_p1                      |  14|          3|   32|         96|
    |grp_fu_530_p0                      |  14|          3|   32|         96|
    |grp_fu_530_p1                      |  14|          3|   32|         96|
    |grp_fu_531_p0                      |  14|          3|   32|         96|
    |grp_fu_531_p1                      |  14|          3|   32|         96|
    |grp_fu_532_p0                      |  14|          3|   32|         96|
    |grp_fu_532_p1                      |  14|          3|   32|         96|
    |grp_fu_533_p0                      |  14|          3|   32|         96|
    |grp_fu_533_p1                      |  14|          3|   32|         96|
    |grp_fu_534_p0                      |  14|          3|   32|         96|
    |grp_fu_534_p1                      |  14|          3|   32|         96|
    |grp_fu_535_p0                      |  14|          3|   32|         96|
    |grp_fu_535_p1                      |  14|          3|   32|         96|
    |grp_fu_536_p0                      |  14|          3|   32|         96|
    |grp_fu_536_p1                      |  14|          3|   32|         96|
    |grp_fu_537_p0                      |  14|          3|   32|         96|
    |grp_fu_537_p1                      |  14|          3|   32|         96|
    |grp_fu_538_p0                      |  14|          3|   32|         96|
    |grp_fu_538_p1                      |  14|          3|   32|         96|
    |grp_fu_539_p0                      |  14|          3|   32|         96|
    |grp_fu_539_p1                      |  14|          3|   32|         96|
    |grp_fu_540_p0                      |  14|          3|   32|         96|
    |grp_fu_540_p1                      |  14|          3|   32|         96|
    |grp_fu_541_p0                      |  14|          3|   32|         96|
    |grp_fu_541_p1                      |  14|          3|   32|         96|
    |grp_fu_542_p0                      |  14|          3|   32|         96|
    |grp_fu_542_p1                      |  14|          3|   32|         96|
    |grp_fu_543_p0                      |  14|          3|   32|         96|
    |grp_fu_543_p1                      |  14|          3|   32|         96|
    |grp_fu_544_p0                      |  14|          3|   32|         96|
    |grp_fu_544_p1                      |  14|          3|   32|         96|
    |grp_fu_545_p0                      |  14|          3|   32|         96|
    |grp_fu_545_p1                      |  14|          3|   32|         96|
    |grp_fu_546_p0                      |  14|          3|   32|         96|
    |grp_fu_546_p1                      |  14|          3|   32|         96|
    |grp_fu_547_p0                      |  14|          3|   32|         96|
    |grp_fu_547_p1                      |  14|          3|   32|         96|
    |grp_fu_548_p0                      |  14|          3|   32|         96|
    |grp_fu_548_p1                      |  14|          3|   32|         96|
    |grp_fu_549_p0                      |  14|          3|   32|         96|
    |grp_fu_549_p1                      |  14|          3|   32|         96|
    |grp_fu_550_p0                      |  14|          3|   32|         96|
    |grp_fu_550_p1                      |  14|          3|   32|         96|
    |grp_fu_551_p0                      |  14|          3|   32|         96|
    |grp_fu_551_p1                      |  14|          3|   32|         96|
    |grp_fu_552_p0                      |  14|          3|   32|         96|
    |grp_fu_552_p1                      |  14|          3|   32|         96|
    |grp_fu_553_p0                      |  14|          3|   32|         96|
    |grp_fu_553_p1                      |  14|          3|   32|         96|
    |grp_fu_554_p0                      |  14|          3|   32|         96|
    |grp_fu_554_p1                      |  14|          3|   32|         96|
    |grp_fu_555_p0                      |  14|          3|   32|         96|
    |grp_fu_555_p1                      |  14|          3|   32|         96|
    |grp_fu_556_p0                      |  14|          3|   32|         96|
    |grp_fu_556_p1                      |  14|          3|   32|         96|
    |grp_fu_557_p0                      |  14|          3|   32|         96|
    |grp_fu_557_p1                      |  14|          3|   32|         96|
    |grp_fu_558_p0                      |  14|          3|   32|         96|
    |grp_fu_558_p1                      |  14|          3|   32|         96|
    |grp_fu_559_p0                      |  14|          3|   32|         96|
    |grp_fu_559_p1                      |  14|          3|   32|         96|
    |grp_fu_560_p0                      |  14|          3|   32|         96|
    |grp_fu_560_p1                      |  14|          3|   32|         96|
    |grp_fu_561_p0                      |  14|          3|   32|         96|
    |grp_fu_561_p1                      |  14|          3|   32|         96|
    |grp_fu_562_p0                      |  14|          3|   32|         96|
    |grp_fu_562_p1                      |  14|          3|   32|         96|
    |grp_fu_563_p0                      |  14|          3|   32|         96|
    |grp_fu_563_p1                      |  14|          3|   32|         96|
    |grp_fu_564_p0                      |  14|          3|   32|         96|
    |grp_fu_564_p1                      |  14|          3|   32|         96|
    |grp_fu_565_p0                      |  14|          3|   32|         96|
    |grp_fu_565_p1                      |  14|          3|   32|         96|
    |grp_fu_566_p0                      |  14|          3|   32|         96|
    |grp_fu_566_p1                      |  14|          3|   32|         96|
    |grp_fu_567_p0                      |  14|          3|   32|         96|
    |grp_fu_567_p1                      |  14|          3|   32|         96|
    |grp_fu_568_p0                      |  14|          3|   32|         96|
    |grp_fu_568_p1                      |  14|          3|   32|         96|
    |grp_fu_569_p0                      |  14|          3|   32|         96|
    |grp_fu_569_p1                      |  14|          3|   32|         96|
    |grp_fu_570_p0                      |  14|          3|   32|         96|
    |grp_fu_570_p1                      |  14|          3|   32|         96|
    |ofst_fu_434                        |   9|          2|    7|         14|
    |pack_ofst_fu_438                   |   9|          2|    8|         16|
    +-----------------------------------+----+-----------+-----+-----------+
    |Total                              |2093|        451| 4094|      12221|
    +-----------------------------------+----+-----------+-----+-----------+

    * Register: 
    +-----------------------------------+----+----+-----+-----------+
    |                Name               | FF | LUT| Bits| Const Bits|
    +-----------------------------------+----+----+-----+-----------+
    |ap_CS_fsm                          |   2|   0|    2|          0|
    |ap_done_reg                        |   1|   0|    1|          0|
    |ap_enable_reg_pp0_iter0_reg        |   1|   0|    1|          0|
    |ap_enable_reg_pp0_iter1            |   1|   0|    1|          0|
    |ap_enable_reg_pp0_iter10           |   1|   0|    1|          0|
    |ap_enable_reg_pp0_iter11           |   1|   0|    1|          0|
    |ap_enable_reg_pp0_iter12           |   1|   0|    1|          0|
    |ap_enable_reg_pp0_iter13           |   1|   0|    1|          0|
    |ap_enable_reg_pp0_iter14           |   1|   0|    1|          0|
    |ap_enable_reg_pp0_iter15           |   1|   0|    1|          0|
    |ap_enable_reg_pp0_iter16           |   1|   0|    1|          0|
    |ap_enable_reg_pp0_iter17           |   1|   0|    1|          0|
    |ap_enable_reg_pp0_iter18           |   1|   0|    1|          0|
    |ap_enable_reg_pp0_iter19           |   1|   0|    1|          0|
    |ap_enable_reg_pp0_iter2            |   1|   0|    1|          0|
    |ap_enable_reg_pp0_iter20           |   1|   0|    1|          0|
    |ap_enable_reg_pp0_iter21           |   1|   0|    1|          0|
    |ap_enable_reg_pp0_iter22           |   1|   0|    1|          0|
    |ap_enable_reg_pp0_iter23           |   1|   0|    1|          0|
    |ap_enable_reg_pp0_iter24           |   1|   0|    1|          0|
    |ap_enable_reg_pp0_iter25           |   1|   0|    1|          0|
    |ap_enable_reg_pp0_iter26           |   1|   0|    1|          0|
    |ap_enable_reg_pp0_iter27           |   1|   0|    1|          0|
    |ap_enable_reg_pp0_iter28           |   1|   0|    1|          0|
    |ap_enable_reg_pp0_iter3            |   1|   0|    1|          0|
    |ap_enable_reg_pp0_iter4            |   1|   0|    1|          0|
    |ap_enable_reg_pp0_iter5            |   1|   0|    1|          0|
    |ap_enable_reg_pp0_iter6            |   1|   0|    1|          0|
    |ap_enable_reg_pp0_iter7            |   1|   0|    1|          0|
    |ap_enable_reg_pp0_iter8            |   1|   0|    1|          0|
    |ap_enable_reg_pp0_iter9            |   1|   0|    1|          0|
    |ap_loop_exit_ready_pp0_iter10_reg  |   1|   0|    1|          0|
    |ap_loop_exit_ready_pp0_iter11_reg  |   1|   0|    1|          0|
    |ap_loop_exit_ready_pp0_iter12_reg  |   1|   0|    1|          0|
    |ap_loop_exit_ready_pp0_iter13_reg  |   1|   0|    1|          0|
    |ap_loop_exit_ready_pp0_iter14_reg  |   1|   0|    1|          0|
    |ap_loop_exit_ready_pp0_iter15_reg  |   1|   0|    1|          0|
    |ap_loop_exit_ready_pp0_iter16_reg  |   1|   0|    1|          0|
    |ap_loop_exit_ready_pp0_iter17_reg  |   1|   0|    1|          0|
    |ap_loop_exit_ready_pp0_iter18_reg  |   1|   0|    1|          0|
    |ap_loop_exit_ready_pp0_iter19_reg  |   1|   0|    1|          0|
    |ap_loop_exit_ready_pp0_iter1_reg   |   1|   0|    1|          0|
    |ap_loop_exit_ready_pp0_iter20_reg  |   1|   0|    1|          0|
    |ap_loop_exit_ready_pp0_iter21_reg  |   1|   0|    1|          0|
    |ap_loop_exit_ready_pp0_iter22_reg  |   1|   0|    1|          0|
    |ap_loop_exit_ready_pp0_iter23_reg  |   1|   0|    1|          0|
    |ap_loop_exit_ready_pp0_iter24_reg  |   1|   0|    1|          0|
    |ap_loop_exit_ready_pp0_iter25_reg  |   1|   0|    1|          0|
    |ap_loop_exit_ready_pp0_iter26_reg  |   1|   0|    1|          0|
    |ap_loop_exit_ready_pp0_iter27_reg  |   1|   0|    1|          0|
    |ap_loop_exit_ready_pp0_iter2_reg   |   1|   0|    1|          0|
    |ap_loop_exit_ready_pp0_iter3_reg   |   1|   0|    1|          0|
    |ap_loop_exit_ready_pp0_iter4_reg   |   1|   0|    1|          0|
    |ap_loop_exit_ready_pp0_iter5_reg   |   1|   0|    1|          0|
    |ap_loop_exit_ready_pp0_iter6_reg   |   1|   0|    1|          0|
    |ap_loop_exit_ready_pp0_iter7_reg   |   1|   0|    1|          0|
    |ap_loop_exit_ready_pp0_iter8_reg   |   1|   0|    1|          0|
    |ap_loop_exit_ready_pp0_iter9_reg   |   1|   0|    1|          0|
    |fp_buffer_100_reg_22054            |  32|   0|   32|          0|
    |fp_buffer_101_reg_22059            |  32|   0|   32|          0|
    |fp_buffer_102_reg_22064            |  32|   0|   32|          0|
    |fp_buffer_103_reg_22069            |  32|   0|   32|          0|
    |fp_buffer_104_reg_22074            |  32|   0|   32|          0|
    |fp_buffer_105_reg_22079            |  32|   0|   32|          0|
    |fp_buffer_106_reg_22084            |  32|   0|   32|          0|
    |fp_buffer_107_reg_22089            |  32|   0|   32|          0|
    |fp_buffer_108_reg_22094            |  32|   0|   32|          0|
    |fp_buffer_109_reg_22099            |  32|   0|   32|          0|
    |fp_buffer_110_reg_22104            |  32|   0|   32|          0|
    |fp_buffer_111_reg_22109            |  32|   0|   32|          0|
    |fp_buffer_112_reg_22194            |  32|   0|   32|          0|
    |fp_buffer_113_reg_22199            |  32|   0|   32|          0|
    |fp_buffer_114_reg_22204            |  32|   0|   32|          0|
    |fp_buffer_115_reg_22209            |  32|   0|   32|          0|
    |fp_buffer_116_reg_22214            |  32|   0|   32|          0|
    |fp_buffer_117_reg_22219            |  32|   0|   32|          0|
    |fp_buffer_118_reg_22224            |  32|   0|   32|          0|
    |fp_buffer_119_reg_22229            |  32|   0|   32|          0|
    |fp_buffer_120_reg_22274            |  32|   0|   32|          0|
    |fp_buffer_121_reg_22279            |  32|   0|   32|          0|
    |fp_buffer_122_reg_22284            |  32|   0|   32|          0|
    |fp_buffer_123_reg_22289            |  32|   0|   32|          0|
    |fp_buffer_124_reg_22314            |  32|   0|   32|          0|
    |fp_buffer_125_reg_22319            |  32|   0|   32|          0|
    |fp_buffer_126_reg_22334            |  32|   0|   32|          0|
    |fp_buffer_191_reg_21874            |  32|   0|   32|          0|
    |fp_buffer_192_reg_21879            |  32|   0|   32|          0|
    |fp_buffer_193_reg_21884            |  32|   0|   32|          0|
    |fp_buffer_194_reg_21889            |  32|   0|   32|          0|
    |fp_buffer_195_reg_21894            |  32|   0|   32|          0|
    |fp_buffer_196_reg_21899            |  32|   0|   32|          0|
    |fp_buffer_197_reg_21904            |  32|   0|   32|          0|
    |fp_buffer_198_reg_21909            |  32|   0|   32|          0|
    |fp_buffer_199_reg_21914            |  32|   0|   32|          0|
    |fp_buffer_200_reg_21919            |  32|   0|   32|          0|
    |fp_buffer_201_reg_21924            |  32|   0|   32|          0|
    |fp_buffer_202_reg_21929            |  32|   0|   32|          0|
    |fp_buffer_203_reg_21934            |  32|   0|   32|          0|
    |fp_buffer_204_reg_21939            |  32|   0|   32|          0|
    |fp_buffer_205_reg_21944            |  32|   0|   32|          0|
    |fp_buffer_206_reg_21949            |  32|   0|   32|          0|
    |fp_buffer_207_reg_21954            |  32|   0|   32|          0|
    |fp_buffer_208_reg_21959            |  32|   0|   32|          0|
    |fp_buffer_209_reg_21964            |  32|   0|   32|          0|
    |fp_buffer_210_reg_21969            |  32|   0|   32|          0|
    |fp_buffer_211_reg_21974            |  32|   0|   32|          0|
    |fp_buffer_212_reg_21979            |  32|   0|   32|          0|
    |fp_buffer_213_reg_21984            |  32|   0|   32|          0|
    |fp_buffer_214_reg_21989            |  32|   0|   32|          0|
    |fp_buffer_215_reg_21994            |  32|   0|   32|          0|
    |fp_buffer_216_reg_21999            |  32|   0|   32|          0|
    |fp_buffer_217_reg_22004            |  32|   0|   32|          0|
    |fp_buffer_218_reg_22009            |  32|   0|   32|          0|
    |fp_buffer_219_reg_22014            |  32|   0|   32|          0|
    |fp_buffer_220_reg_22019            |  32|   0|   32|          0|
    |fp_buffer_221_reg_22024            |  32|   0|   32|          0|
    |fp_buffer_222_reg_22029            |  32|   0|   32|          0|
    |fp_buffer_223_reg_22114            |  32|   0|   32|          0|
    |fp_buffer_224_reg_22119            |  32|   0|   32|          0|
    |fp_buffer_225_reg_22124            |  32|   0|   32|          0|
    |fp_buffer_226_reg_22129            |  32|   0|   32|          0|
    |fp_buffer_227_reg_22134            |  32|   0|   32|          0|
    |fp_buffer_228_reg_22139            |  32|   0|   32|          0|
    |fp_buffer_229_reg_22144            |  32|   0|   32|          0|
    |fp_buffer_230_reg_22149            |  32|   0|   32|          0|
    |fp_buffer_231_reg_22154            |  32|   0|   32|          0|
    |fp_buffer_232_reg_22159            |  32|   0|   32|          0|
    |fp_buffer_233_reg_22164            |  32|   0|   32|          0|
    |fp_buffer_234_reg_22169            |  32|   0|   32|          0|
    |fp_buffer_235_reg_22174            |  32|   0|   32|          0|
    |fp_buffer_236_reg_22179            |  32|   0|   32|          0|
    |fp_buffer_237_reg_22184            |  32|   0|   32|          0|
    |fp_buffer_238_reg_22189            |  32|   0|   32|          0|
    |fp_buffer_239_reg_22234            |  32|   0|   32|          0|
    |fp_buffer_240_reg_22239            |  32|   0|   32|          0|
    |fp_buffer_241_reg_22244            |  32|   0|   32|          0|
    |fp_buffer_242_reg_22249            |  32|   0|   32|          0|
    |fp_buffer_243_reg_22254            |  32|   0|   32|          0|
    |fp_buffer_244_reg_22259            |  32|   0|   32|          0|
    |fp_buffer_245_reg_22264            |  32|   0|   32|          0|
    |fp_buffer_246_reg_22269            |  32|   0|   32|          0|
    |fp_buffer_247_reg_22294            |  32|   0|   32|          0|
    |fp_buffer_248_reg_22299            |  32|   0|   32|          0|
    |fp_buffer_249_reg_22304            |  32|   0|   32|          0|
    |fp_buffer_250_reg_22309            |  32|   0|   32|          0|
    |fp_buffer_251_reg_22324            |  32|   0|   32|          0|
    |fp_buffer_252_reg_22329            |  32|   0|   32|          0|
    |fp_buffer_253_reg_22339            |  32|   0|   32|          0|
    |fp_buffer_254_reg_22344            |  32|   0|   32|          0|
    |fp_buffer_64_reg_21714             |  32|   0|   32|          0|
    |fp_buffer_65_reg_21719             |  32|   0|   32|          0|
    |fp_buffer_66_reg_21724             |  32|   0|   32|          0|
    |fp_buffer_67_reg_21729             |  32|   0|   32|          0|
    |fp_buffer_68_reg_21734             |  32|   0|   32|          0|
    |fp_buffer_69_reg_21739             |  32|   0|   32|          0|
    |fp_buffer_70_reg_21744             |  32|   0|   32|          0|
    |fp_buffer_71_reg_21749             |  32|   0|   32|          0|
    |fp_buffer_72_reg_21754             |  32|   0|   32|          0|
    |fp_buffer_73_reg_21759             |  32|   0|   32|          0|
    |fp_buffer_74_reg_21764             |  32|   0|   32|          0|
    |fp_buffer_75_reg_21769             |  32|   0|   32|          0|
    |fp_buffer_76_reg_21774             |  32|   0|   32|          0|
    |fp_buffer_77_reg_21779             |  32|   0|   32|          0|
    |fp_buffer_78_reg_21784             |  32|   0|   32|          0|
    |fp_buffer_79_reg_21789             |  32|   0|   32|          0|
    |fp_buffer_80_reg_21794             |  32|   0|   32|          0|
    |fp_buffer_81_reg_21799             |  32|   0|   32|          0|
    |fp_buffer_82_reg_21804             |  32|   0|   32|          0|
    |fp_buffer_83_reg_21809             |  32|   0|   32|          0|
    |fp_buffer_84_reg_21814             |  32|   0|   32|          0|
    |fp_buffer_85_reg_21819             |  32|   0|   32|          0|
    |fp_buffer_86_reg_21824             |  32|   0|   32|          0|
    |fp_buffer_87_reg_21829             |  32|   0|   32|          0|
    |fp_buffer_88_reg_21834             |  32|   0|   32|          0|
    |fp_buffer_89_reg_21839             |  32|   0|   32|          0|
    |fp_buffer_90_reg_21844             |  32|   0|   32|          0|
    |fp_buffer_91_reg_21849             |  32|   0|   32|          0|
    |fp_buffer_92_reg_21854             |  32|   0|   32|          0|
    |fp_buffer_93_reg_21859             |  32|   0|   32|          0|
    |fp_buffer_94_reg_21864             |  32|   0|   32|          0|
    |fp_buffer_95_reg_21869             |  32|   0|   32|          0|
    |fp_buffer_96_reg_22034             |  32|   0|   32|          0|
    |fp_buffer_97_reg_22039             |  32|   0|   32|          0|
    |fp_buffer_98_reg_22044             |  32|   0|   32|          0|
    |fp_buffer_99_reg_22049             |  32|   0|   32|          0|
    |icmp_ln133_reg_20410               |   1|   0|    1|          0|
    |ofst_1_reg_20405                   |   7|   0|    7|          0|
    |ofst_fu_434                        |   7|   0|    7|          0|
    |pack_ofst_fu_438                   |   8|   0|    8|          0|
    |tmp_108_reg_20494                  |  32|   0|   32|          0|
    |tmp_10_reg_20439                   |  32|   0|   32|          0|
    |tmp_117_reg_20499                  |  32|   0|   32|          0|
    |tmp_126_reg_20504                  |  32|   0|   32|          0|
    |tmp_135_reg_20509                  |  32|   0|   32|          0|
    |tmp_144_reg_20514                  |  32|   0|   32|          0|
    |tmp_153_reg_20519                  |  32|   0|   32|          0|
    |tmp_162_reg_20524                  |  32|   0|   32|          0|
    |tmp_171_reg_20529                  |  32|   0|   32|          0|
    |tmp_180_reg_20534                  |  32|   0|   32|          0|
    |tmp_189_reg_20539                  |  32|   0|   32|          0|
    |tmp_18_reg_20444                   |  32|   0|   32|          0|
    |tmp_198_reg_20544                  |  32|   0|   32|          0|
    |tmp_207_reg_20549                  |  32|   0|   32|          0|
    |tmp_216_reg_20554                  |  32|   0|   32|          0|
    |tmp_225_reg_20559                  |  32|   0|   32|          0|
    |tmp_234_reg_20564                  |  32|   0|   32|          0|
    |tmp_243_reg_20569                  |  32|   0|   32|          0|
    |tmp_252_reg_20574                  |  32|   0|   32|          0|
    |tmp_261_reg_20579                  |  32|   0|   32|          0|
    |tmp_270_reg_20584                  |  32|   0|   32|          0|
    |tmp_279_reg_20589                  |  32|   0|   32|          0|
    |tmp_27_reg_20449                   |  32|   0|   32|          0|
    |tmp_288_reg_20594                  |  32|   0|   32|          0|
    |tmp_297_reg_20599                  |  32|   0|   32|          0|
    |tmp_306_reg_20604                  |  32|   0|   32|          0|
    |tmp_315_reg_20609                  |  32|   0|   32|          0|
    |tmp_324_reg_20614                  |  32|   0|   32|          0|
    |tmp_333_reg_20619                  |  32|   0|   32|          0|
    |tmp_342_reg_20624                  |  32|   0|   32|          0|
    |tmp_351_reg_20629                  |  32|   0|   32|          0|
    |tmp_360_reg_20634                  |  32|   0|   32|          0|
    |tmp_369_reg_20639                  |  32|   0|   32|          0|
    |tmp_36_reg_20454                   |  32|   0|   32|          0|
    |tmp_378_reg_20644                  |  32|   0|   32|          0|
    |tmp_387_reg_20649                  |  32|   0|   32|          0|
    |tmp_394_reg_20654                  |  32|   0|   32|          0|
    |tmp_400_reg_20659                  |  32|   0|   32|          0|
    |tmp_406_reg_20664                  |  32|   0|   32|          0|
    |tmp_412_reg_20669                  |  32|   0|   32|          0|
    |tmp_418_reg_20674                  |  32|   0|   32|          0|
    |tmp_424_reg_20679                  |  32|   0|   32|          0|
    |tmp_430_reg_20684                  |  32|   0|   32|          0|
    |tmp_436_reg_20689                  |  32|   0|   32|          0|
    |tmp_453_reg_20694                  |  32|   0|   32|          0|
    |tmp_45_reg_20459                   |  32|   0|   32|          0|
    |tmp_522_reg_20699                  |  32|   0|   32|          0|
    |tmp_528_reg_20704                  |  32|   0|   32|          0|
    |tmp_534_reg_20709                  |  32|   0|   32|          0|
    |tmp_540_reg_20714                  |  32|   0|   32|          0|
    |tmp_546_reg_20719                  |  32|   0|   32|          0|
    |tmp_54_reg_20464                   |  32|   0|   32|          0|
    |tmp_552_reg_20724                  |  32|   0|   32|          0|
    |tmp_558_reg_20729                  |  32|   0|   32|          0|
    |tmp_564_reg_20734                  |  32|   0|   32|          0|
    |tmp_570_reg_20739                  |  32|   0|   32|          0|
    |tmp_576_reg_20744                  |  32|   0|   32|          0|
    |tmp_582_reg_20749                  |  32|   0|   32|          0|
    |tmp_587_reg_20754                  |  32|   0|   32|          0|
    |tmp_593_reg_20759                  |  32|   0|   32|          0|
    |tmp_599_reg_20764                  |  32|   0|   32|          0|
    |tmp_605_reg_20769                  |  32|   0|   32|          0|
    |tmp_611_reg_20774                  |  32|   0|   32|          0|
    |tmp_617_reg_20779                  |  32|   0|   32|          0|
    |tmp_623_reg_20784                  |  32|   0|   32|          0|
    |tmp_629_reg_20789                  |  32|   0|   32|          0|
    |tmp_635_reg_20794                  |  32|   0|   32|          0|
    |tmp_63_reg_20469                   |  32|   0|   32|          0|
    |tmp_641_reg_20799                  |  32|   0|   32|          0|
    |tmp_647_reg_20804                  |  32|   0|   32|          0|
    |tmp_653_reg_20809                  |  32|   0|   32|          0|
    |tmp_659_reg_20814                  |  32|   0|   32|          0|
    |tmp_665_reg_20819                  |  32|   0|   32|          0|
    |tmp_671_reg_20824                  |  32|   0|   32|          0|
    |tmp_677_reg_20829                  |  32|   0|   32|          0|
    |tmp_683_reg_20834                  |  32|   0|   32|          0|
    |tmp_689_reg_20839                  |  32|   0|   32|          0|
    |tmp_695_reg_20844                  |  32|   0|   32|          0|
    |tmp_701_reg_20849                  |  32|   0|   32|          0|
    |tmp_707_reg_20854                  |  32|   0|   32|          0|
    |tmp_713_reg_20859                  |  32|   0|   32|          0|
    |tmp_719_reg_20864                  |  32|   0|   32|          0|
    |tmp_725_reg_20869                  |  32|   0|   32|          0|
    |tmp_72_reg_20474                   |  32|   0|   32|          0|
    |tmp_731_reg_20874                  |  32|   0|   32|          0|
    |tmp_737_reg_20879                  |  32|   0|   32|          0|
    |tmp_743_reg_20884                  |  32|   0|   32|          0|
    |tmp_749_reg_20889                  |  32|   0|   32|          0|
    |tmp_755_reg_20894                  |  32|   0|   32|          0|
    |tmp_761_reg_20899                  |  32|   0|   32|          0|
    |tmp_767_reg_20904                  |  32|   0|   32|          0|
    |tmp_773_reg_20909                  |  32|   0|   32|          0|
    |tmp_779_reg_20914                  |  32|   0|   32|          0|
    |tmp_785_reg_20919                  |  32|   0|   32|          0|
    |tmp_791_reg_20924                  |  32|   0|   32|          0|
    |tmp_797_reg_20929                  |  32|   0|   32|          0|
    |tmp_803_reg_20934                  |  32|   0|   32|          0|
    |tmp_809_reg_20939                  |  32|   0|   32|          0|
    |tmp_815_reg_20944                  |  32|   0|   32|          0|
    |tmp_81_reg_20479                   |  32|   0|   32|          0|
    |tmp_821_reg_20949                  |  32|   0|   32|          0|
    |tmp_827_reg_20954                  |  32|   0|   32|          0|
    |tmp_833_reg_20959                  |  32|   0|   32|          0|
    |tmp_839_reg_20964                  |  32|   0|   32|          0|
    |tmp_845_reg_20969                  |  32|   0|   32|          0|
    |tmp_851_reg_20974                  |  32|   0|   32|          0|
    |tmp_857_reg_20979                  |  32|   0|   32|          0|
    |tmp_863_reg_20984                  |  32|   0|   32|          0|
    |tmp_869_reg_20989                  |  32|   0|   32|          0|
    |tmp_875_reg_20994                  |  32|   0|   32|          0|
    |tmp_881_reg_20999                  |  32|   0|   32|          0|
    |tmp_887_reg_21004                  |  32|   0|   32|          0|
    |tmp_893_reg_21009                  |  32|   0|   32|          0|
    |tmp_899_reg_21014                  |  32|   0|   32|          0|
    |tmp_905_reg_21019                  |  32|   0|   32|          0|
    |tmp_90_reg_20484                   |  32|   0|   32|          0|
    |tmp_911_reg_21024                  |  32|   0|   32|          0|
    |tmp_917_reg_21029                  |  32|   0|   32|          0|
    |tmp_923_reg_21034                  |  32|   0|   32|          0|
    |tmp_929_reg_21039                  |  32|   0|   32|          0|
    |tmp_935_reg_21044                  |  32|   0|   32|          0|
    |tmp_941_reg_21049                  |  32|   0|   32|          0|
    |tmp_947_reg_21054                  |  32|   0|   32|          0|
    |tmp_953_reg_21059                  |  32|   0|   32|          0|
    |tmp_959_reg_21064                  |  32|   0|   32|          0|
    |tmp_965_reg_21069                  |  32|   0|   32|          0|
    |tmp_99_reg_20489                   |  32|   0|   32|          0|
    |tmp_reg_20434                      |  32|   0|   32|          0|
    |icmp_ln133_reg_20410               |  64|  32|    1|          0|
    |ofst_1_reg_20405                   |  64|  32|    7|          0|
    +-----------------------------------+----+----+-----+-----------+
    |Total                              |8370|  64| 8250|          0|
    +-----------------------------------+----+----+-----+-----------+



================================================================
== Interface
================================================================
* Summary: 
+--------------------------+-----+------+------------+---------------------+--------------+
|         RTL Ports        | Dir | Bits |  Protocol  |    Source Object    |    C Type    |
+--------------------------+-----+------+------------+---------------------+--------------+
|ap_clk                    |   in|     1|  ap_ctrl_hs|  Run_Pipeline_SUM_UP|  return value|
|ap_rst                    |   in|     1|  ap_ctrl_hs|  Run_Pipeline_SUM_UP|  return value|
|ap_start                  |   in|     1|  ap_ctrl_hs|  Run_Pipeline_SUM_UP|  return value|
|ap_done                   |  out|     1|  ap_ctrl_hs|  Run_Pipeline_SUM_UP|  return value|
|ap_idle                   |  out|     1|  ap_ctrl_hs|  Run_Pipeline_SUM_UP|  return value|
|ap_ready                  |  out|     1|  ap_ctrl_hs|  Run_Pipeline_SUM_UP|  return value|
|grp_fu_677_p_din0         |  out|    32|  ap_ctrl_hs|  Run_Pipeline_SUM_UP|  return value|
|grp_fu_677_p_din1         |  out|    32|  ap_ctrl_hs|  Run_Pipeline_SUM_UP|  return value|
|grp_fu_677_p_opcode       |  out|     2|  ap_ctrl_hs|  Run_Pipeline_SUM_UP|  return value|
|grp_fu_677_p_dout0        |   in|    32|  ap_ctrl_hs|  Run_Pipeline_SUM_UP|  return value|
|grp_fu_677_p_ce           |  out|     1|  ap_ctrl_hs|  Run_Pipeline_SUM_UP|  return value|
|grp_fu_681_p_din0         |  out|    32|  ap_ctrl_hs|  Run_Pipeline_SUM_UP|  return value|
|grp_fu_681_p_din1         |  out|    32|  ap_ctrl_hs|  Run_Pipeline_SUM_UP|  return value|
|grp_fu_681_p_opcode       |  out|     2|  ap_ctrl_hs|  Run_Pipeline_SUM_UP|  return value|
|grp_fu_681_p_dout0        |   in|    32|  ap_ctrl_hs|  Run_Pipeline_SUM_UP|  return value|
|grp_fu_681_p_ce           |  out|     1|  ap_ctrl_hs|  Run_Pipeline_SUM_UP|  return value|
|grp_fu_685_p_din0         |  out|    32|  ap_ctrl_hs|  Run_Pipeline_SUM_UP|  return value|
|grp_fu_685_p_din1         |  out|    32|  ap_ctrl_hs|  Run_Pipeline_SUM_UP|  return value|
|grp_fu_685_p_opcode       |  out|     2|  ap_ctrl_hs|  Run_Pipeline_SUM_UP|  return value|
|grp_fu_685_p_dout0        |   in|    32|  ap_ctrl_hs|  Run_Pipeline_SUM_UP|  return value|
|grp_fu_685_p_ce           |  out|     1|  ap_ctrl_hs|  Run_Pipeline_SUM_UP|  return value|
|grp_fu_689_p_din0         |  out|    32|  ap_ctrl_hs|  Run_Pipeline_SUM_UP|  return value|
|grp_fu_689_p_din1         |  out|    32|  ap_ctrl_hs|  Run_Pipeline_SUM_UP|  return value|
|grp_fu_689_p_opcode       |  out|     2|  ap_ctrl_hs|  Run_Pipeline_SUM_UP|  return value|
|grp_fu_689_p_dout0        |   in|    32|  ap_ctrl_hs|  Run_Pipeline_SUM_UP|  return value|
|grp_fu_689_p_ce           |  out|     1|  ap_ctrl_hs|  Run_Pipeline_SUM_UP|  return value|
|grp_fu_693_p_din0         |  out|    32|  ap_ctrl_hs|  Run_Pipeline_SUM_UP|  return value|
|grp_fu_693_p_din1         |  out|    32|  ap_ctrl_hs|  Run_Pipeline_SUM_UP|  return value|
|grp_fu_693_p_opcode       |  out|     2|  ap_ctrl_hs|  Run_Pipeline_SUM_UP|  return value|
|grp_fu_693_p_dout0        |   in|    32|  ap_ctrl_hs|  Run_Pipeline_SUM_UP|  return value|
|grp_fu_693_p_ce           |  out|     1|  ap_ctrl_hs|  Run_Pipeline_SUM_UP|  return value|
|trotters_local_address0   |  out|     6|   ap_memory|       trotters_local|         array|
|trotters_local_ce0        |  out|     1|   ap_memory|       trotters_local|         array|
|trotters_local_q0         |   in|    64|   ap_memory|       trotters_local|         array|
|jcoup_local_address0      |  out|     6|   ap_memory|          jcoup_local|         array|
|jcoup_local_ce0           |  out|     1|   ap_memory|          jcoup_local|         array|
|jcoup_local_q0            |   in|  2048|   ap_memory|          jcoup_local|         array|
|trotters_local1_address0  |  out|     6|   ap_memory|      trotters_local1|         array|
|trotters_local1_ce0       |  out|     1|   ap_memory|      trotters_local1|         array|
|trotters_local1_q0        |   in|    64|   ap_memory|      trotters_local1|         array|
|jcoup_local2_address0     |  out|     6|   ap_memory|         jcoup_local2|         array|
|jcoup_local2_ce0          |  out|     1|   ap_memory|         jcoup_local2|         array|
|jcoup_local2_q0           |   in|  2048|   ap_memory|         jcoup_local2|         array|
|dh_tmp_address0           |  out|     6|   ap_memory|               dh_tmp|         array|
|dh_tmp_ce0                |  out|     1|   ap_memory|               dh_tmp|         array|
|dh_tmp_we0                |  out|     1|   ap_memory|               dh_tmp|         array|
|dh_tmp_d0                 |  out|    32|   ap_memory|               dh_tmp|         array|
+--------------------------+-----+------+------------+---------------------+--------------+

