

================================================================
== Vitis HLS Report for 'QuantumMonteCarlo_Pipeline_SHIFT_JCOUP'
================================================================
* Date:           Tue Aug  3 12:33:09 2021

* Version:        2021.1 (Build 3247384 on Thu Jun 10 19:36:33 MDT 2021)
* Project:        SQA-Vitis
* Solution:       solution1 (Vivado IP Flow Target)
* Product family: virtexuplus
* Target device:  xcvu35p-fsvh2892-2-e


================================================================
== Performance Estimates
================================================================
+ Timing: 
    * Summary: 
    +--------+----------+----------+------------+
    |  Clock |  Target  | Estimated| Uncertainty|
    +--------+----------+----------+------------+
    |ap_clk  |  10.00 ns|  1.492 ns|     2.70 ns|
    +--------+----------+----------+------------+

+ Latency: 
    * Summary: 
    +---------+---------+----------+----------+-----+-----+---------+
    |  Latency (cycles) |  Latency (absolute) |  Interval | Pipeline|
    |   min   |   max   |    min   |    max   | min | max |   Type  |
    +---------+---------+----------+----------+-----+-----+---------+
    |       18|       18|  0.180 us|  0.180 us|   18|   18|       no|
    +---------+---------+----------+----------+-----+-----+---------+

    + Detail: 
        * Instance: 
        N/A

        * Loop: 
        +---------------+---------+---------+----------+-----------+-----------+------+----------+
        |               |  Latency (cycles) | Iteration|  Initiation Interval  | Trip |          |
        |   Loop Name   |   min   |   max   |  Latency |  achieved |   target  | Count| Pipelined|
        +---------------+---------+---------+----------+-----------+-----------+------+----------+
        |- SHIFT_JCOUP  |       16|       16|         2|          1|          1|    16|       yes|
        +---------------+---------+---------+----------+-----------+-----------+------+----------+



================================================================
== Utilization Estimates
================================================================
* Summary: 
+---------------------+---------+------+---------+--------+-----+
|         Name        | BRAM_18K|  DSP |    FF   |   LUT  | URAM|
+---------------------+---------+------+---------+--------+-----+
|DSP                  |        -|     -|        -|       -|    -|
|Expression           |        -|     -|        0|      24|    -|
|FIFO                 |        -|     -|        -|       -|    -|
|Instance             |        -|     -|        -|       -|    -|
|Memory               |        -|     -|        -|       -|    -|
|Multiplexer          |        -|     -|        -|      36|    -|
|Register             |        -|     -|       77|       -|    -|
+---------------------+---------+------+---------+--------+-----+
|Total                |        0|     0|       77|      60|    0|
+---------------------+---------+------+---------+--------+-----+
|Available SLR        |     1344|  2976|   871680|  435840|  320|
+---------------------+---------+------+---------+--------+-----+
|Utilization SLR (%)  |        0|     0|       ~0|      ~0|    0|
+---------------------+---------+------+---------+--------+-----+
|Available            |     2688|  5952|  1743360|  871680|  640|
+---------------------+---------+------+---------+--------+-----+
|Utilization (%)      |        0|     0|       ~0|      ~0|    0|
+---------------------+---------+------+---------+--------+-----+

+ Detail: 
    * Instance: 
    N/A

    * DSP: 
    N/A

    * Memory: 
    N/A

    * FIFO: 
    N/A

    * Expression: 
    +----------------------+----------+----+---+----+------------+------------+
    |     Variable Name    | Operation| DSP| FF| LUT| Bitwidth P0| Bitwidth P1|
    +----------------------+----------+----+---+----+------------+------------+
    |add_ln267_fu_652_p2   |         +|   0|  0|  12|           5|           1|
    |icmp_ln267_fu_646_p2  |      icmp|   0|  0|  10|           5|           6|
    |ap_enable_pp0         |       xor|   0|  0|   2|           1|           2|
    +----------------------+----------+----+---+----+------------+------------+
    |Total                 |          |   0|  0|  24|          11|           9|
    +----------------------+----------+----+---+----+------------+------------+

    * Multiplexer: 
    +-------------------------+----+-----------+-----+-----------+
    |           Name          | LUT| Input Size| Bits| Total Bits|
    +-------------------------+----+-----------+-----+-----------+
    |ap_done_int              |   9|          2|    1|          2|
    |ap_enable_reg_pp0_iter1  |   9|          2|    1|          2|
    |ap_sig_allocacmp_jc_1    |   9|          2|    5|         10|
    |jc_fu_98                 |   9|          2|    5|         10|
    +-------------------------+----+-----------+-----+-----------+
    |Total                    |  36|          8|   12|         24|
    +-------------------------+----+-----------+-----+-----------+

    * Register: 
    +-----------------------------+---+----+-----+-----------+
    |             Name            | FF| LUT| Bits| Const Bits|
    +-----------------------------+---+----+-----+-----------+
    |JcoupLocal_1_0_addr_reg_761  |  4|   0|    4|          0|
    |JcoupLocal_1_1_addr_reg_767  |  4|   0|    4|          0|
    |JcoupLocal_1_2_addr_reg_773  |  4|   0|    4|          0|
    |JcoupLocal_1_3_addr_reg_779  |  4|   0|    4|          0|
    |JcoupLocal_1_4_addr_reg_785  |  4|   0|    4|          0|
    |JcoupLocal_1_5_addr_reg_791  |  4|   0|    4|          0|
    |JcoupLocal_1_6_addr_reg_797  |  4|   0|    4|          0|
    |JcoupLocal_1_7_addr_reg_803  |  4|   0|    4|          0|
    |JcoupLocal_2_0_addr_reg_713  |  4|   0|    4|          0|
    |JcoupLocal_2_1_addr_reg_719  |  4|   0|    4|          0|
    |JcoupLocal_2_2_addr_reg_725  |  4|   0|    4|          0|
    |JcoupLocal_2_3_addr_reg_731  |  4|   0|    4|          0|
    |JcoupLocal_2_4_addr_reg_737  |  4|   0|    4|          0|
    |JcoupLocal_2_5_addr_reg_743  |  4|   0|    4|          0|
    |JcoupLocal_2_6_addr_reg_749  |  4|   0|    4|          0|
    |JcoupLocal_2_7_addr_reg_755  |  4|   0|    4|          0|
    |ap_CS_fsm                    |  1|   0|    1|          0|
    |ap_done_reg                  |  1|   0|    1|          0|
    |ap_enable_reg_pp0_iter1      |  1|   0|    1|          0|
    |jc_fu_98                     |  5|   0|    5|          0|
    |zext_ln267_reg_701           |  5|   0|   64|         59|
    +-----------------------------+---+----+-----+-----------+
    |Total                        | 77|   0|  136|         59|
    +-----------------------------+---+----+-----+-----------+



================================================================
== Interface
================================================================
* Summary: 
+-------------------------+-----+------+------------+----------------------------------------+--------------+
|        RTL Ports        | Dir | Bits |  Protocol  |              Source Object             |    C Type    |
+-------------------------+-----+------+------------+----------------------------------------+--------------+
|ap_clk                   |   in|     1|  ap_ctrl_hs|  QuantumMonteCarlo_Pipeline_SHIFT_JCOUP|  return value|
|ap_rst                   |   in|     1|  ap_ctrl_hs|  QuantumMonteCarlo_Pipeline_SHIFT_JCOUP|  return value|
|ap_start                 |   in|     1|  ap_ctrl_hs|  QuantumMonteCarlo_Pipeline_SHIFT_JCOUP|  return value|
|ap_done                  |  out|     1|  ap_ctrl_hs|  QuantumMonteCarlo_Pipeline_SHIFT_JCOUP|  return value|
|ap_idle                  |  out|     1|  ap_ctrl_hs|  QuantumMonteCarlo_Pipeline_SHIFT_JCOUP|  return value|
|ap_ready                 |  out|     1|  ap_ctrl_hs|  QuantumMonteCarlo_Pipeline_SHIFT_JCOUP|  return value|
|JcoupLocal_2_0_address0  |  out|     4|   ap_memory|                          JcoupLocal_2_0|         array|
|JcoupLocal_2_0_ce0       |  out|     1|   ap_memory|                          JcoupLocal_2_0|         array|
|JcoupLocal_2_0_q0        |   in|  4096|   ap_memory|                          JcoupLocal_2_0|         array|
|JcoupLocal_2_0_address1  |  out|     4|   ap_memory|                          JcoupLocal_2_0|         array|
|JcoupLocal_2_0_ce1       |  out|     1|   ap_memory|                          JcoupLocal_2_0|         array|
|JcoupLocal_2_0_we1       |  out|     1|   ap_memory|                          JcoupLocal_2_0|         array|
|JcoupLocal_2_0_d1        |  out|  4096|   ap_memory|                          JcoupLocal_2_0|         array|
|JcoupLocal_3_0_address1  |  out|     4|   ap_memory|                          JcoupLocal_3_0|         array|
|JcoupLocal_3_0_ce1       |  out|     1|   ap_memory|                          JcoupLocal_3_0|         array|
|JcoupLocal_3_0_we1       |  out|     1|   ap_memory|                          JcoupLocal_3_0|         array|
|JcoupLocal_3_0_d1        |  out|  4096|   ap_memory|                          JcoupLocal_3_0|         array|
|JcoupLocal_2_1_address0  |  out|     4|   ap_memory|                          JcoupLocal_2_1|         array|
|JcoupLocal_2_1_ce0       |  out|     1|   ap_memory|                          JcoupLocal_2_1|         array|
|JcoupLocal_2_1_q0        |   in|  4096|   ap_memory|                          JcoupLocal_2_1|         array|
|JcoupLocal_2_1_address1  |  out|     4|   ap_memory|                          JcoupLocal_2_1|         array|
|JcoupLocal_2_1_ce1       |  out|     1|   ap_memory|                          JcoupLocal_2_1|         array|
|JcoupLocal_2_1_we1       |  out|     1|   ap_memory|                          JcoupLocal_2_1|         array|
|JcoupLocal_2_1_d1        |  out|  4096|   ap_memory|                          JcoupLocal_2_1|         array|
|JcoupLocal_3_1_address1  |  out|     4|   ap_memory|                          JcoupLocal_3_1|         array|
|JcoupLocal_3_1_ce1       |  out|     1|   ap_memory|                          JcoupLocal_3_1|         array|
|JcoupLocal_3_1_we1       |  out|     1|   ap_memory|                          JcoupLocal_3_1|         array|
|JcoupLocal_3_1_d1        |  out|  4096|   ap_memory|                          JcoupLocal_3_1|         array|
|JcoupLocal_2_2_address0  |  out|     4|   ap_memory|                          JcoupLocal_2_2|         array|
|JcoupLocal_2_2_ce0       |  out|     1|   ap_memory|                          JcoupLocal_2_2|         array|
|JcoupLocal_2_2_q0        |   in|  4096|   ap_memory|                          JcoupLocal_2_2|         array|
|JcoupLocal_2_2_address1  |  out|     4|   ap_memory|                          JcoupLocal_2_2|         array|
|JcoupLocal_2_2_ce1       |  out|     1|   ap_memory|                          JcoupLocal_2_2|         array|
|JcoupLocal_2_2_we1       |  out|     1|   ap_memory|                          JcoupLocal_2_2|         array|
|JcoupLocal_2_2_d1        |  out|  4096|   ap_memory|                          JcoupLocal_2_2|         array|
|JcoupLocal_3_2_address1  |  out|     4|   ap_memory|                          JcoupLocal_3_2|         array|
|JcoupLocal_3_2_ce1       |  out|     1|   ap_memory|                          JcoupLocal_3_2|         array|
|JcoupLocal_3_2_we1       |  out|     1|   ap_memory|                          JcoupLocal_3_2|         array|
|JcoupLocal_3_2_d1        |  out|  4096|   ap_memory|                          JcoupLocal_3_2|         array|
|JcoupLocal_2_3_address0  |  out|     4|   ap_memory|                          JcoupLocal_2_3|         array|
|JcoupLocal_2_3_ce0       |  out|     1|   ap_memory|                          JcoupLocal_2_3|         array|
|JcoupLocal_2_3_q0        |   in|  4096|   ap_memory|                          JcoupLocal_2_3|         array|
|JcoupLocal_2_3_address1  |  out|     4|   ap_memory|                          JcoupLocal_2_3|         array|
|JcoupLocal_2_3_ce1       |  out|     1|   ap_memory|                          JcoupLocal_2_3|         array|
|JcoupLocal_2_3_we1       |  out|     1|   ap_memory|                          JcoupLocal_2_3|         array|
|JcoupLocal_2_3_d1        |  out|  4096|   ap_memory|                          JcoupLocal_2_3|         array|
|JcoupLocal_3_3_address1  |  out|     4|   ap_memory|                          JcoupLocal_3_3|         array|
|JcoupLocal_3_3_ce1       |  out|     1|   ap_memory|                          JcoupLocal_3_3|         array|
|JcoupLocal_3_3_we1       |  out|     1|   ap_memory|                          JcoupLocal_3_3|         array|
|JcoupLocal_3_3_d1        |  out|  4096|   ap_memory|                          JcoupLocal_3_3|         array|
|JcoupLocal_2_4_address0  |  out|     4|   ap_memory|                          JcoupLocal_2_4|         array|
|JcoupLocal_2_4_ce0       |  out|     1|   ap_memory|                          JcoupLocal_2_4|         array|
|JcoupLocal_2_4_q0        |   in|  4096|   ap_memory|                          JcoupLocal_2_4|         array|
|JcoupLocal_2_4_address1  |  out|     4|   ap_memory|                          JcoupLocal_2_4|         array|
|JcoupLocal_2_4_ce1       |  out|     1|   ap_memory|                          JcoupLocal_2_4|         array|
|JcoupLocal_2_4_we1       |  out|     1|   ap_memory|                          JcoupLocal_2_4|         array|
|JcoupLocal_2_4_d1        |  out|  4096|   ap_memory|                          JcoupLocal_2_4|         array|
|JcoupLocal_3_4_address1  |  out|     4|   ap_memory|                          JcoupLocal_3_4|         array|
|JcoupLocal_3_4_ce1       |  out|     1|   ap_memory|                          JcoupLocal_3_4|         array|
|JcoupLocal_3_4_we1       |  out|     1|   ap_memory|                          JcoupLocal_3_4|         array|
|JcoupLocal_3_4_d1        |  out|  4096|   ap_memory|                          JcoupLocal_3_4|         array|
|JcoupLocal_2_5_address0  |  out|     4|   ap_memory|                          JcoupLocal_2_5|         array|
|JcoupLocal_2_5_ce0       |  out|     1|   ap_memory|                          JcoupLocal_2_5|         array|
|JcoupLocal_2_5_q0        |   in|  4096|   ap_memory|                          JcoupLocal_2_5|         array|
|JcoupLocal_2_5_address1  |  out|     4|   ap_memory|                          JcoupLocal_2_5|         array|
|JcoupLocal_2_5_ce1       |  out|     1|   ap_memory|                          JcoupLocal_2_5|         array|
|JcoupLocal_2_5_we1       |  out|     1|   ap_memory|                          JcoupLocal_2_5|         array|
|JcoupLocal_2_5_d1        |  out|  4096|   ap_memory|                          JcoupLocal_2_5|         array|
|JcoupLocal_3_5_address1  |  out|     4|   ap_memory|                          JcoupLocal_3_5|         array|
|JcoupLocal_3_5_ce1       |  out|     1|   ap_memory|                          JcoupLocal_3_5|         array|
|JcoupLocal_3_5_we1       |  out|     1|   ap_memory|                          JcoupLocal_3_5|         array|
|JcoupLocal_3_5_d1        |  out|  4096|   ap_memory|                          JcoupLocal_3_5|         array|
|JcoupLocal_2_6_address0  |  out|     4|   ap_memory|                          JcoupLocal_2_6|         array|
|JcoupLocal_2_6_ce0       |  out|     1|   ap_memory|                          JcoupLocal_2_6|         array|
|JcoupLocal_2_6_q0        |   in|  4096|   ap_memory|                          JcoupLocal_2_6|         array|
|JcoupLocal_2_6_address1  |  out|     4|   ap_memory|                          JcoupLocal_2_6|         array|
|JcoupLocal_2_6_ce1       |  out|     1|   ap_memory|                          JcoupLocal_2_6|         array|
|JcoupLocal_2_6_we1       |  out|     1|   ap_memory|                          JcoupLocal_2_6|         array|
|JcoupLocal_2_6_d1        |  out|  4096|   ap_memory|                          JcoupLocal_2_6|         array|
|JcoupLocal_3_6_address1  |  out|     4|   ap_memory|                          JcoupLocal_3_6|         array|
|JcoupLocal_3_6_ce1       |  out|     1|   ap_memory|                          JcoupLocal_3_6|         array|
|JcoupLocal_3_6_we1       |  out|     1|   ap_memory|                          JcoupLocal_3_6|         array|
|JcoupLocal_3_6_d1        |  out|  4096|   ap_memory|                          JcoupLocal_3_6|         array|
|JcoupLocal_2_7_address0  |  out|     4|   ap_memory|                          JcoupLocal_2_7|         array|
|JcoupLocal_2_7_ce0       |  out|     1|   ap_memory|                          JcoupLocal_2_7|         array|
|JcoupLocal_2_7_q0        |   in|  4096|   ap_memory|                          JcoupLocal_2_7|         array|
|JcoupLocal_2_7_address1  |  out|     4|   ap_memory|                          JcoupLocal_2_7|         array|
|JcoupLocal_2_7_ce1       |  out|     1|   ap_memory|                          JcoupLocal_2_7|         array|
|JcoupLocal_2_7_we1       |  out|     1|   ap_memory|                          JcoupLocal_2_7|         array|
|JcoupLocal_2_7_d1        |  out|  4096|   ap_memory|                          JcoupLocal_2_7|         array|
|JcoupLocal_3_7_address1  |  out|     4|   ap_memory|                          JcoupLocal_3_7|         array|
|JcoupLocal_3_7_ce1       |  out|     1|   ap_memory|                          JcoupLocal_3_7|         array|
|JcoupLocal_3_7_we1       |  out|     1|   ap_memory|                          JcoupLocal_3_7|         array|
|JcoupLocal_3_7_d1        |  out|  4096|   ap_memory|                          JcoupLocal_3_7|         array|
|JcoupLocal_1_0_address0  |  out|     4|   ap_memory|                          JcoupLocal_1_0|         array|
|JcoupLocal_1_0_ce0       |  out|     1|   ap_memory|                          JcoupLocal_1_0|         array|
|JcoupLocal_1_0_q0        |   in|  4096|   ap_memory|                          JcoupLocal_1_0|         array|
|JcoupLocal_1_0_address1  |  out|     4|   ap_memory|                          JcoupLocal_1_0|         array|
|JcoupLocal_1_0_ce1       |  out|     1|   ap_memory|                          JcoupLocal_1_0|         array|
|JcoupLocal_1_0_we1       |  out|     1|   ap_memory|                          JcoupLocal_1_0|         array|
|JcoupLocal_1_0_d1        |  out|  4096|   ap_memory|                          JcoupLocal_1_0|         array|
|JcoupLocal_1_1_address0  |  out|     4|   ap_memory|                          JcoupLocal_1_1|         array|
|JcoupLocal_1_1_ce0       |  out|     1|   ap_memory|                          JcoupLocal_1_1|         array|
|JcoupLocal_1_1_q0        |   in|  4096|   ap_memory|                          JcoupLocal_1_1|         array|
|JcoupLocal_1_1_address1  |  out|     4|   ap_memory|                          JcoupLocal_1_1|         array|
|JcoupLocal_1_1_ce1       |  out|     1|   ap_memory|                          JcoupLocal_1_1|         array|
|JcoupLocal_1_1_we1       |  out|     1|   ap_memory|                          JcoupLocal_1_1|         array|
|JcoupLocal_1_1_d1        |  out|  4096|   ap_memory|                          JcoupLocal_1_1|         array|
|JcoupLocal_1_2_address0  |  out|     4|   ap_memory|                          JcoupLocal_1_2|         array|
|JcoupLocal_1_2_ce0       |  out|     1|   ap_memory|                          JcoupLocal_1_2|         array|
|JcoupLocal_1_2_q0        |   in|  4096|   ap_memory|                          JcoupLocal_1_2|         array|
|JcoupLocal_1_2_address1  |  out|     4|   ap_memory|                          JcoupLocal_1_2|         array|
|JcoupLocal_1_2_ce1       |  out|     1|   ap_memory|                          JcoupLocal_1_2|         array|
|JcoupLocal_1_2_we1       |  out|     1|   ap_memory|                          JcoupLocal_1_2|         array|
|JcoupLocal_1_2_d1        |  out|  4096|   ap_memory|                          JcoupLocal_1_2|         array|
|JcoupLocal_1_3_address0  |  out|     4|   ap_memory|                          JcoupLocal_1_3|         array|
|JcoupLocal_1_3_ce0       |  out|     1|   ap_memory|                          JcoupLocal_1_3|         array|
|JcoupLocal_1_3_q0        |   in|  4096|   ap_memory|                          JcoupLocal_1_3|         array|
|JcoupLocal_1_3_address1  |  out|     4|   ap_memory|                          JcoupLocal_1_3|         array|
|JcoupLocal_1_3_ce1       |  out|     1|   ap_memory|                          JcoupLocal_1_3|         array|
|JcoupLocal_1_3_we1       |  out|     1|   ap_memory|                          JcoupLocal_1_3|         array|
|JcoupLocal_1_3_d1        |  out|  4096|   ap_memory|                          JcoupLocal_1_3|         array|
|JcoupLocal_1_4_address0  |  out|     4|   ap_memory|                          JcoupLocal_1_4|         array|
|JcoupLocal_1_4_ce0       |  out|     1|   ap_memory|                          JcoupLocal_1_4|         array|
|JcoupLocal_1_4_q0        |   in|  4096|   ap_memory|                          JcoupLocal_1_4|         array|
|JcoupLocal_1_4_address1  |  out|     4|   ap_memory|                          JcoupLocal_1_4|         array|
|JcoupLocal_1_4_ce1       |  out|     1|   ap_memory|                          JcoupLocal_1_4|         array|
|JcoupLocal_1_4_we1       |  out|     1|   ap_memory|                          JcoupLocal_1_4|         array|
|JcoupLocal_1_4_d1        |  out|  4096|   ap_memory|                          JcoupLocal_1_4|         array|
|JcoupLocal_1_5_address0  |  out|     4|   ap_memory|                          JcoupLocal_1_5|         array|
|JcoupLocal_1_5_ce0       |  out|     1|   ap_memory|                          JcoupLocal_1_5|         array|
|JcoupLocal_1_5_q0        |   in|  4096|   ap_memory|                          JcoupLocal_1_5|         array|
|JcoupLocal_1_5_address1  |  out|     4|   ap_memory|                          JcoupLocal_1_5|         array|
|JcoupLocal_1_5_ce1       |  out|     1|   ap_memory|                          JcoupLocal_1_5|         array|
|JcoupLocal_1_5_we1       |  out|     1|   ap_memory|                          JcoupLocal_1_5|         array|
|JcoupLocal_1_5_d1        |  out|  4096|   ap_memory|                          JcoupLocal_1_5|         array|
|JcoupLocal_1_6_address0  |  out|     4|   ap_memory|                          JcoupLocal_1_6|         array|
|JcoupLocal_1_6_ce0       |  out|     1|   ap_memory|                          JcoupLocal_1_6|         array|
|JcoupLocal_1_6_q0        |   in|  4096|   ap_memory|                          JcoupLocal_1_6|         array|
|JcoupLocal_1_6_address1  |  out|     4|   ap_memory|                          JcoupLocal_1_6|         array|
|JcoupLocal_1_6_ce1       |  out|     1|   ap_memory|                          JcoupLocal_1_6|         array|
|JcoupLocal_1_6_we1       |  out|     1|   ap_memory|                          JcoupLocal_1_6|         array|
|JcoupLocal_1_6_d1        |  out|  4096|   ap_memory|                          JcoupLocal_1_6|         array|
|JcoupLocal_1_7_address0  |  out|     4|   ap_memory|                          JcoupLocal_1_7|         array|
|JcoupLocal_1_7_ce0       |  out|     1|   ap_memory|                          JcoupLocal_1_7|         array|
|JcoupLocal_1_7_q0        |   in|  4096|   ap_memory|                          JcoupLocal_1_7|         array|
|JcoupLocal_1_7_address1  |  out|     4|   ap_memory|                          JcoupLocal_1_7|         array|
|JcoupLocal_1_7_ce1       |  out|     1|   ap_memory|                          JcoupLocal_1_7|         array|
|JcoupLocal_1_7_we1       |  out|     1|   ap_memory|                          JcoupLocal_1_7|         array|
|JcoupLocal_1_7_d1        |  out|  4096|   ap_memory|                          JcoupLocal_1_7|         array|
|JcoupLocal_0_0_address0  |  out|     4|   ap_memory|                          JcoupLocal_0_0|         array|
|JcoupLocal_0_0_ce0       |  out|     1|   ap_memory|                          JcoupLocal_0_0|         array|
|JcoupLocal_0_0_q0        |   in|  4096|   ap_memory|                          JcoupLocal_0_0|         array|
|JcoupLocal_0_1_address0  |  out|     4|   ap_memory|                          JcoupLocal_0_1|         array|
|JcoupLocal_0_1_ce0       |  out|     1|   ap_memory|                          JcoupLocal_0_1|         array|
|JcoupLocal_0_1_q0        |   in|  4096|   ap_memory|                          JcoupLocal_0_1|         array|
|JcoupLocal_0_2_address0  |  out|     4|   ap_memory|                          JcoupLocal_0_2|         array|
|JcoupLocal_0_2_ce0       |  out|     1|   ap_memory|                          JcoupLocal_0_2|         array|
|JcoupLocal_0_2_q0        |   in|  4096|   ap_memory|                          JcoupLocal_0_2|         array|
|JcoupLocal_0_3_address0  |  out|     4|   ap_memory|                          JcoupLocal_0_3|         array|
|JcoupLocal_0_3_ce0       |  out|     1|   ap_memory|                          JcoupLocal_0_3|         array|
|JcoupLocal_0_3_q0        |   in|  4096|   ap_memory|                          JcoupLocal_0_3|         array|
|JcoupLocal_0_4_address0  |  out|     4|   ap_memory|                          JcoupLocal_0_4|         array|
|JcoupLocal_0_4_ce0       |  out|     1|   ap_memory|                          JcoupLocal_0_4|         array|
|JcoupLocal_0_4_q0        |   in|  4096|   ap_memory|                          JcoupLocal_0_4|         array|
|JcoupLocal_0_5_address0  |  out|     4|   ap_memory|                          JcoupLocal_0_5|         array|
|JcoupLocal_0_5_ce0       |  out|     1|   ap_memory|                          JcoupLocal_0_5|         array|
|JcoupLocal_0_5_q0        |   in|  4096|   ap_memory|                          JcoupLocal_0_5|         array|
|JcoupLocal_0_6_address0  |  out|     4|   ap_memory|                          JcoupLocal_0_6|         array|
|JcoupLocal_0_6_ce0       |  out|     1|   ap_memory|                          JcoupLocal_0_6|         array|
|JcoupLocal_0_6_q0        |   in|  4096|   ap_memory|                          JcoupLocal_0_6|         array|
|JcoupLocal_0_7_address0  |  out|     4|   ap_memory|                          JcoupLocal_0_7|         array|
|JcoupLocal_0_7_ce0       |  out|     1|   ap_memory|                          JcoupLocal_0_7|         array|
|JcoupLocal_0_7_q0        |   in|  4096|   ap_memory|                          JcoupLocal_0_7|         array|
+-------------------------+-----+------+------------+----------------------------------------+--------------+

