

================================================================
== Vitis HLS Report for 'TrotterUnitFinal'
================================================================
* Date:           Tue Aug  3 12:33:07 2021

* Version:        2021.1 (Build 3247384 on Thu Jun 10 19:36:33 MDT 2021)
* Project:        SQA-Vitis
* Solution:       solution1 (Vivado IP Flow Target)
* Product family: virtexuplus
* Target device:  xcvu35p-fsvh2892-2-e


================================================================
== Performance Estimates
================================================================
+ Timing: 
    * Summary: 
    +--------+----------+----------+------------+
    |  Clock |  Target  | Estimated| Uncertainty|
    +--------+----------+----------+------------+
    |ap_clk  |  10.00 ns|  6.992 ns|     2.70 ns|
    +--------+----------+----------+------------+

+ Latency: 
    * Summary: 
    +---------+---------+-----------+-----------+-----+-----+---------+
    |  Latency (cycles) |   Latency (absolute)  |  Interval | Pipeline|
    |   min   |   max   |    min    |    max    | min | max |   Type  |
    +---------+---------+-----------+-----------+-----+-----+---------+
    |        1|        8|  10.000 ns|  80.000 ns|    1|    8|       no|
    +---------+---------+-----------+-----------+-----+-----+---------+

    + Detail: 
        * Instance: 
        N/A

        * Loop: 
        N/A



================================================================
== Utilization Estimates
================================================================
* Summary: 
+---------------------+---------+------+---------+--------+-----+
|         Name        | BRAM_18K|  DSP |    FF   |   LUT  | URAM|
+---------------------+---------+------+---------+--------+-----+
|DSP                  |        -|     -|        -|       -|    -|
|Expression           |        -|     -|        0|    2706|    -|
|FIFO                 |        -|     -|        -|       -|    -|
|Instance             |        -|     7|      482|     529|    -|
|Memory               |        -|     -|        -|       -|    -|
|Multiplexer          |        -|     -|        -|      96|    -|
|Register             |        -|     -|      508|       -|    -|
+---------------------+---------+------+---------+--------+-----+
|Total                |        0|     7|      990|    3331|    0|
+---------------------+---------+------+---------+--------+-----+
|Available SLR        |     1344|  2976|   871680|  435840|  320|
+---------------------+---------+------+---------+--------+-----+
|Utilization SLR (%)  |        0|    ~0|       ~0|      ~0|    0|
+---------------------+---------+------+---------+--------+-----+
|Available            |     2688|  5952|  1743360|  871680|  640|
+---------------------+---------+------+---------+--------+-----+
|Utilization (%)      |        0|    ~0|       ~0|      ~0|    0|
+---------------------+---------+------+---------+--------+-----+

+ Detail: 
    * Instance: 
    +------------------------------------+--------------------------------+---------+----+-----+-----+-----+
    |              Instance              |             Module             | BRAM_18K| DSP|  FF | LUT | URAM|
    +------------------------------------+--------------------------------+---------+----+-----+-----+-----+
    |fadd_32ns_32ns_32_3_full_dsp_1_U91  |fadd_32ns_32ns_32_3_full_dsp_1  |        0|   2|  177|  226|    0|
    |fcmp_32ns_32ns_1_1_no_dsp_1_U94     |fcmp_32ns_32ns_1_1_no_dsp_1     |        0|   0|    0|    0|    0|
    |fmul_32ns_32ns_32_2_max_dsp_1_U93   |fmul_32ns_32ns_32_2_max_dsp_1   |        0|   3|  128|   77|    0|
    |fsub_32ns_32ns_32_3_full_dsp_1_U92  |fsub_32ns_32ns_32_3_full_dsp_1  |        0|   2|  177|  226|    0|
    +------------------------------------+--------------------------------+---------+----+-----+-----+-----+
    |Total                               |                                |        0|   7|  482|  529|    0|
    +------------------------------------+--------------------------------+---------+----+-----+-----+-----+

    * DSP: 
    N/A

    * Memory: 
    N/A

    * FIFO: 
    N/A

    * Expression: 
    +------------------------+----------+----+---+-----+------------+------------+
    |      Variable Name     | Operation| DSP| FF| LUT | Bitwidth P0| Bitwidth P1|
    +------------------------+----------+----+---+-----+------------+------------+
    |add_ln112_fu_274_p2     |         +|   0|  0|   15|           8|           1|
    |sub_ln112_fu_312_p2     |         -|   0|  0|  135|         128|         128|
    |and_ln112_fu_318_p2     |       and|   0|  0|  128|         128|         128|
    |and_ln134_1_fu_461_p2   |       and|   0|  0|    2|           1|           1|
    |and_ln134_fu_455_p2     |       and|   0|  0|    2|           1|           1|
    |and_ln135_fu_486_p2     |       and|   0|  0|  128|         128|         128|
    |inside_fu_224_p2        |       and|   0|  0|    2|           1|           1|
    |icmp_ln107_1_fu_218_p2  |      icmp|   0|  0|   12|          15|          15|
    |icmp_ln107_fu_198_p2    |      icmp|   0|  0|   12|          15|          15|
    |icmp_ln134_1_fu_439_p2  |      icmp|   0|  0|   16|          23|           1|
    |icmp_ln134_2_fu_399_p2  |      icmp|   0|  0|   11|           8|           2|
    |icmp_ln134_3_fu_405_p2  |      icmp|   0|  0|   16|          23|           1|
    |icmp_ln134_fu_433_p2    |      icmp|   0|  0|   11|           8|           2|
    |lshr_ln112_fu_322_p2    |      lshr|   0|  0|  423|         128|         128|
    |or_ln116_fu_239_p2      |        or|   0|  0|    2|           1|           1|
    |or_ln118_fu_245_p2      |        or|   0|  0|    2|           1|           1|
    |or_ln134_1_fu_451_p2    |        or|   0|  0|    2|           1|           1|
    |or_ln134_fu_445_p2      |        or|   0|  0|    2|           1|           1|
    |or_ln135_fu_491_p2      |        or|   0|  0|  128|         128|         128|
    |dHTmp_2_fu_351_p3       |    select|   0|  0|   32|           1|          32|
    |select_ln112_fu_298_p3  |    select|   0|  0|  123|           1|           1|
    |select_ln116_fu_256_p3  |    select|   0|  0|   32|           1|          32|
    |select_ln118_fu_249_p3  |    select|   0|  0|   32|           1|          32|
    |shl_ln112_1_fu_306_p2   |       shl|   0|  0|  423|           1|         128|
    |shl_ln112_fu_284_p2     |       shl|   0|  0|  423|           1|         128|
    |shl_ln135_fu_476_p2     |       shl|   0|  0|  423|         128|         128|
    |xor_ln107_fu_204_p2     |       xor|   0|  0|    2|           1|           2|
    |xor_ln116_1_fu_234_p2   |       xor|   0|  0|    2|           1|           2|
    |xor_ln116_fu_230_p2     |       xor|   0|  0|    2|           1|           1|
    |xor_ln134_fu_363_p2     |       xor|   0|  0|   33|          32|          33|
    |xor_ln135_1_fu_481_p2   |       xor|   0|  0|  128|         128|           2|
    |xor_ln135_fu_467_p2     |       xor|   0|  0|    2|           1|           2|
    +------------------------+----------+----+---+-----+------------+------------+
    |Total                   |          |   0|  0| 2706|        1045|        1207|
    +------------------------+----------+----+---+-----+------------+------------+

    * Multiplexer: 
    +---------------------+----+-----------+-----+-----------+
    |         Name        | LUT| Input Size| Bits| Total Bits|
    +---------------------+----+-----------+-----+-----------+
    |ap_NS_fsm            |  54|         10|    1|         10|
    |grp_fu_180_p0        |  14|          3|   32|         96|
    |grp_fu_180_p1        |  14|          3|   32|         96|
    |trotters_0_address0  |  14|          3|    7|         21|
    +---------------------+----+-----------+-----+-----------+
    |Total                |  96|         19|   72|        223|
    +---------------------+----+-----------+-----+-----------+

    * Register: 
    +-------------------------+-----+----+-----+-----------+
    |           Name          |  FF | LUT| Bits| Const Bits|
    +-------------------------+-----+----+-----+-----------+
    |and_ln134_1_reg_608      |    1|   0|    1|          0|
    |ap_CS_fsm                |    9|   0|    9|          0|
    |icmp_ln134_2_reg_598     |    1|   0|    1|          0|
    |icmp_ln134_3_reg_603     |    1|   0|    1|          0|
    |inside_reg_541           |    1|   0|    1|          0|
    |logRand_0_load_reg_593   |   32|   0|   32|          0|
    |or_ln135_reg_612         |  128|   0|  128|          0|
    |reg_189                  |   32|   0|   32|          0|
    |select_ln116_reg_545     |   32|   0|   32|          0|
    |sub_ln112_reg_567        |  128|   0|  128|          0|
    |this_spin_reg_573        |    1|   0|    1|          0|
    |trotters_0_addr_reg_550  |    7|   0|    7|          0|
    |trotters_0_load_reg_555  |  128|   0|  128|          0|
    |zext_ln112_1_reg_561     |    7|   0|  128|        121|
    +-------------------------+-----+----+-----+-----------+
    |Total                    |  508|   0|  629|        121|
    +-------------------------+-----+----+-----+-----------+



================================================================
== Interface
================================================================
* Summary: 
+---------------------+-----+-----+------------+------------------+--------------+
|      RTL Ports      | Dir | Bits|  Protocol  |   Source Object  |    C Type    |
+---------------------+-----+-----+------------+------------------+--------------+
|ap_clk               |   in|    1|  ap_ctrl_hs|  TrotterUnitFinal|  return value|
|ap_rst               |   in|    1|  ap_ctrl_hs|  TrotterUnitFinal|  return value|
|ap_start             |   in|    1|  ap_ctrl_hs|  TrotterUnitFinal|  return value|
|ap_done              |  out|    1|  ap_ctrl_hs|  TrotterUnitFinal|  return value|
|ap_idle              |  out|    1|  ap_ctrl_hs|  TrotterUnitFinal|  return value|
|ap_ready             |  out|    1|  ap_ctrl_hs|  TrotterUnitFinal|  return value|
|t                    |   in|    2|     ap_none|                 t|        scalar|
|stage                |   in|   15|     ap_none|             stage|        scalar|
|iPack                |   in|    7|     ap_none|             iPack|        scalar|
|iSpin                |   in|    7|     ap_none|             iSpin|        scalar|
|trotters_0_address0  |  out|    7|   ap_memory|        trotters_0|         array|
|trotters_0_ce0       |  out|    1|   ap_memory|        trotters_0|         array|
|trotters_0_we0       |  out|    1|   ap_memory|        trotters_0|         array|
|trotters_0_d0        |  out|  128|   ap_memory|        trotters_0|         array|
|trotters_0_q0        |   in|  128|   ap_memory|        trotters_0|         array|
|p_read               |   in|   32|     ap_none|            p_read|        scalar|
|upSpin               |   in|    1|     ap_none|            upSpin|        scalar|
|downSpin             |   in|    1|     ap_none|          downSpin|        scalar|
|Beta                 |   in|   32|     ap_none|              Beta|        scalar|
|dHTunnel             |   in|   32|     ap_none|          dHTunnel|        scalar|
|logRand_0_address0   |  out|   14|   ap_memory|         logRand_0|         array|
|logRand_0_ce0        |  out|    1|   ap_memory|         logRand_0|         array|
|logRand_0_q0         |   in|   32|   ap_memory|         logRand_0|         array|
+---------------------+-----+-----+------------+------------------+--------------+

