

================================================================
== Vitis HLS Report for 'QuantumMonteCarloU50_Pipeline_WRITE_TROTTERS_VITIS_LOOP_281_3'
================================================================
* Date:           Wed Aug 25 10:39:49 2021

* Version:        2021.1 (Build 3247384 on Thu Jun 10 19:36:07 MDT 2021)
* Project:        QuantumMonteCarloU50
* Solution:       solution (Vitis Kernel Flow Target)
* Product family: virtexuplus
* Target device:  xcu50-fsvh2104-2-e


================================================================
== Performance Estimates
================================================================
+ Timing: 
    * Summary: 
    +--------+---------+----------+------------+
    |  Clock |  Target | Estimated| Uncertainty|
    +--------+---------+----------+------------+
    |ap_clk  |  3.33 ns|  2.433 ns|     0.90 ns|
    +--------+---------+----------+------------+

+ Latency: 
    * Summary: 
    +---------+---------+----------+----------+------+------+---------+
    |  Latency (cycles) |  Latency (absolute) |   Interval  | Pipeline|
    |   min   |   max   |    min   |    max   |  min |  max |   Type  |
    +---------+---------+----------+----------+------+------+---------+
    |     1028|     1028|  3.426 us|  3.426 us|  1028|  1028|       no|
    +---------+---------+----------+----------+------+------+---------+

    + Detail: 
        * Instance: 
        N/A

        * Loop: 
        +-----------------------------------+---------+---------+----------+-----------+-----------+------+----------+
        |                                   |  Latency (cycles) | Iteration|  Initiation Interval  | Trip |          |
        |             Loop Name             |   min   |   max   |  Latency |  achieved |   target  | Count| Pipelined|
        +-----------------------------------+---------+---------+----------+-----------+-----------+------+----------+
        |- WRITE_TROTTERS_VITIS_LOOP_281_3  |     1026|     1026|         4|          1|          1|  1024|       yes|
        +-----------------------------------+---------+---------+----------+-----------+-----------+------+----------+



================================================================
== Utilization Estimates
================================================================
* Summary: 
+---------------------+---------+------+---------+--------+-----+
|         Name        | BRAM_18K|  DSP |    FF   |   LUT  | URAM|
+---------------------+---------+------+---------+--------+-----+
|DSP                  |        -|     -|        -|       -|    -|
|Expression           |        -|     -|        0|     930|    -|
|FIFO                 |        -|     -|        -|       -|    -|
|Instance             |        -|     -|        0|      20|    -|
|Memory               |        -|     -|        -|       -|    -|
|Multiplexer          |        -|     -|        -|      81|    -|
|Register             |        -|     -|     1123|      32|    -|
+---------------------+---------+------+---------+--------+-----+
|Total                |        0|     0|     1123|    1063|    0|
+---------------------+---------+------+---------+--------+-----+
|Available SLR        |     1344|  2976|   871680|  435840|  320|
+---------------------+---------+------+---------+--------+-----+
|Utilization SLR (%)  |        0|     0|       ~0|      ~0|    0|
+---------------------+---------+------+---------+--------+-----+
|Available            |     2688|  5952|  1743360|  871680|  640|
+---------------------+---------+------+---------+--------+-----+
|Utilization (%)      |        0|     0|       ~0|      ~0|    0|
+---------------------+---------+------+---------+--------+-----+

+ Detail: 
    * Instance: 
    +--------------------+---------------+---------+----+---+----+-----+
    |      Instance      |     Module    | BRAM_18K| DSP| FF| LUT| URAM|
    +--------------------+---------------+---------+----+---+----+-----+
    |mux_42_16_1_1_U107  |mux_42_16_1_1  |        0|   0|  0|  20|    0|
    +--------------------+---------------+---------+----+---+----+-----+
    |Total               |               |        0|   0|  0|  20|    0|
    +--------------------+---------------+---------+----+---+----+-----+

    * DSP: 
    N/A

    * Memory: 
    N/A

    * FIFO: 
    N/A

    * Expression: 
    +---------------------------+----------+----+---+-----+------------+------------+
    |       Variable Name       | Operation| DSP| FF| LUT | Bitwidth P0| Bitwidth P1|
    +---------------------------+----------+----+---+-----+------------+------------+
    |add_ln280_1_fu_257_p2      |         +|   0|  0|   10|           3|           1|
    |add_ln280_fu_197_p2        |         +|   0|  0|   18|          11|           1|
    |add_ln281_fu_238_p2        |         +|   0|  0|   16|           9|           1|
    |ap_block_pp0_stage0_11001  |       and|   0|  0|    2|           1|           1|
    |ap_block_state4_io         |       and|   0|  0|    2|           1|           1|
    |icmp_ln280_fu_191_p2       |      icmp|   0|  0|   12|          11|          12|
    |icmp_ln281_fu_206_p2       |      icmp|   0|  0|   11|           9|          10|
    |icmp_ln283_fu_232_p2       |      icmp|   0|  0|    9|           5|           2|
    |select_ln280_1_fu_301_p3   |    select|   0|  0|  418|           1|           1|
    |select_ln280_2_fu_263_p3   |    select|   0|  0|    3|           1|           3|
    |select_ln280_fu_212_p3     |    select|   0|  0|    9|           1|           1|
    |select_ln283_fu_332_p3     |    select|   0|  0|  418|           1|           1|
    |ap_enable_pp0              |       xor|   0|  0|    2|           1|           2|
    +---------------------------+----------+----+---+-----+------------+------------+
    |Total                      |          |   0|  0|  930|          55|          37|
    +---------------------------+----------+----+---+-----+------------+------------+

    * Multiplexer: 
    +---------------------------------------+----+-----------+-----+-----------+
    |                  Name                 | LUT| Input Size| Bits| Total Bits|
    +---------------------------------------+----+-----------+-----+-----------+
    |ap_done_int                            |   9|          2|    1|          2|
    |ap_enable_reg_pp0_iter3                |   9|          2|    1|          2|
    |ap_sig_allocacmp_indvar_flatten7_load  |   9|          2|   11|         22|
    |ap_sig_allocacmp_packOfst_load         |   9|          2|    9|         18|
    |gmem_blk_n_W                           |   9|          2|    1|          2|
    |indvar_flatten7_fu_94                  |   9|          2|   11|         22|
    |packOfst_fu_86                         |   9|          2|    9|         18|
    |phi_ln283_fu_82                        |   9|          2|  496|        992|
    |t_fu_90                                |   9|          2|    3|          6|
    +---------------------------------------+----+-----------+-----+-----------+
    |Total                                  |  81|         18|  542|       1084|
    +---------------------------------------+----+-----------+-----+-----------+

    * Register: 
    +----------------------------------+-----+----+-----+-----------+
    |               Name               |  FF | LUT| Bits| Const Bits|
    +----------------------------------+-----+----+-----+-----------+
    |ap_CS_fsm                         |    1|   0|    1|          0|
    |ap_done_reg                       |    1|   0|    1|          0|
    |ap_enable_reg_pp0_iter1           |    1|   0|    1|          0|
    |ap_enable_reg_pp0_iter2           |    1|   0|    1|          0|
    |ap_enable_reg_pp0_iter3           |    1|   0|    1|          0|
    |ap_loop_exit_ready_pp0_iter1_reg  |    1|   0|    1|          0|
    |ap_loop_exit_ready_pp0_iter2_reg  |    1|   0|    1|          0|
    |icmp_ln280_reg_377                |    1|   0|    1|          0|
    |icmp_ln280_reg_377_pp0_iter1_reg  |    1|   0|    1|          0|
    |icmp_ln281_reg_381                |    1|   0|    1|          0|
    |icmp_ln281_reg_381_pp0_iter1_reg  |    1|   0|    1|          0|
    |icmp_ln283_reg_407                |    1|   0|    1|          0|
    |indvar_flatten7_fu_94             |   11|   0|   11|          0|
    |or_ln_reg_423                     |  512|   0|  512|          0|
    |packOfst_fu_86                    |    9|   0|    9|          0|
    |phi_ln283_fu_82                   |  496|   0|  496|          0|
    |t_fu_90                           |    3|   0|    3|          0|
    |tmp_reg_412                       |   16|   0|   16|          0|
    |icmp_ln283_reg_407                |   64|  32|    1|          0|
    +----------------------------------+-----+----+-----+-----------+
    |Total                             | 1123|  32| 1060|          0|
    +----------------------------------+-----+----+-----+-----------+



================================================================
== Interface
================================================================
* Summary: 
+----------------------------+-----+-----+------------+---------------------------------------------------------------+--------------+
|          RTL Ports         | Dir | Bits|  Protocol  |                         Source Object                         |    C Type    |
+----------------------------+-----+-----+------------+---------------------------------------------------------------+--------------+
|ap_clk                      |   in|    1|  ap_ctrl_hs|  QuantumMonteCarloU50_Pipeline_WRITE_TROTTERS_VITIS_LOOP_281_3|  return value|
|ap_rst                      |   in|    1|  ap_ctrl_hs|  QuantumMonteCarloU50_Pipeline_WRITE_TROTTERS_VITIS_LOOP_281_3|  return value|
|ap_start                    |   in|    1|  ap_ctrl_hs|  QuantumMonteCarloU50_Pipeline_WRITE_TROTTERS_VITIS_LOOP_281_3|  return value|
|ap_done                     |  out|    1|  ap_ctrl_hs|  QuantumMonteCarloU50_Pipeline_WRITE_TROTTERS_VITIS_LOOP_281_3|  return value|
|ap_idle                     |  out|    1|  ap_ctrl_hs|  QuantumMonteCarloU50_Pipeline_WRITE_TROTTERS_VITIS_LOOP_281_3|  return value|
|ap_ready                    |  out|    1|  ap_ctrl_hs|  QuantumMonteCarloU50_Pipeline_WRITE_TROTTERS_VITIS_LOOP_281_3|  return value|
|m_axi_gmem_AWVALID          |  out|    1|       m_axi|                                                           gmem|       pointer|
|m_axi_gmem_AWREADY          |   in|    1|       m_axi|                                                           gmem|       pointer|
|m_axi_gmem_AWADDR           |  out|   64|       m_axi|                                                           gmem|       pointer|
|m_axi_gmem_AWID             |  out|    1|       m_axi|                                                           gmem|       pointer|
|m_axi_gmem_AWLEN            |  out|   32|       m_axi|                                                           gmem|       pointer|
|m_axi_gmem_AWSIZE           |  out|    3|       m_axi|                                                           gmem|       pointer|
|m_axi_gmem_AWBURST          |  out|    2|       m_axi|                                                           gmem|       pointer|
|m_axi_gmem_AWLOCK           |  out|    2|       m_axi|                                                           gmem|       pointer|
|m_axi_gmem_AWCACHE          |  out|    4|       m_axi|                                                           gmem|       pointer|
|m_axi_gmem_AWPROT           |  out|    3|       m_axi|                                                           gmem|       pointer|
|m_axi_gmem_AWQOS            |  out|    4|       m_axi|                                                           gmem|       pointer|
|m_axi_gmem_AWREGION         |  out|    4|       m_axi|                                                           gmem|       pointer|
|m_axi_gmem_AWUSER           |  out|    1|       m_axi|                                                           gmem|       pointer|
|m_axi_gmem_WVALID           |  out|    1|       m_axi|                                                           gmem|       pointer|
|m_axi_gmem_WREADY           |   in|    1|       m_axi|                                                           gmem|       pointer|
|m_axi_gmem_WDATA            |  out|  512|       m_axi|                                                           gmem|       pointer|
|m_axi_gmem_WSTRB            |  out|   64|       m_axi|                                                           gmem|       pointer|
|m_axi_gmem_WLAST            |  out|    1|       m_axi|                                                           gmem|       pointer|
|m_axi_gmem_WID              |  out|    1|       m_axi|                                                           gmem|       pointer|
|m_axi_gmem_WUSER            |  out|    1|       m_axi|                                                           gmem|       pointer|
|m_axi_gmem_ARVALID          |  out|    1|       m_axi|                                                           gmem|       pointer|
|m_axi_gmem_ARREADY          |   in|    1|       m_axi|                                                           gmem|       pointer|
|m_axi_gmem_ARADDR           |  out|   64|       m_axi|                                                           gmem|       pointer|
|m_axi_gmem_ARID             |  out|    1|       m_axi|                                                           gmem|       pointer|
|m_axi_gmem_ARLEN            |  out|   32|       m_axi|                                                           gmem|       pointer|
|m_axi_gmem_ARSIZE           |  out|    3|       m_axi|                                                           gmem|       pointer|
|m_axi_gmem_ARBURST          |  out|    2|       m_axi|                                                           gmem|       pointer|
|m_axi_gmem_ARLOCK           |  out|    2|       m_axi|                                                           gmem|       pointer|
|m_axi_gmem_ARCACHE          |  out|    4|       m_axi|                                                           gmem|       pointer|
|m_axi_gmem_ARPROT           |  out|    3|       m_axi|                                                           gmem|       pointer|
|m_axi_gmem_ARQOS            |  out|    4|       m_axi|                                                           gmem|       pointer|
|m_axi_gmem_ARREGION         |  out|    4|       m_axi|                                                           gmem|       pointer|
|m_axi_gmem_ARUSER           |  out|    1|       m_axi|                                                           gmem|       pointer|
|m_axi_gmem_RVALID           |   in|    1|       m_axi|                                                           gmem|       pointer|
|m_axi_gmem_RREADY           |  out|    1|       m_axi|                                                           gmem|       pointer|
|m_axi_gmem_RDATA            |   in|  512|       m_axi|                                                           gmem|       pointer|
|m_axi_gmem_RLAST            |   in|    1|       m_axi|                                                           gmem|       pointer|
|m_axi_gmem_RID              |   in|    1|       m_axi|                                                           gmem|       pointer|
|m_axi_gmem_RUSER            |   in|    1|       m_axi|                                                           gmem|       pointer|
|m_axi_gmem_RRESP            |   in|    2|       m_axi|                                                           gmem|       pointer|
|m_axi_gmem_BVALID           |   in|    1|       m_axi|                                                           gmem|       pointer|
|m_axi_gmem_BREADY           |  out|    1|       m_axi|                                                           gmem|       pointer|
|m_axi_gmem_BRESP            |   in|    2|       m_axi|                                                           gmem|       pointer|
|m_axi_gmem_BID              |   in|    1|       m_axi|                                                           gmem|       pointer|
|m_axi_gmem_BUSER            |   in|    1|       m_axi|                                                           gmem|       pointer|
|sext_ln194                  |   in|   58|     ap_none|                                                     sext_ln194|        scalar|
|trottersLocal_V_0_address0  |  out|    8|   ap_memory|                                              trottersLocal_V_0|         array|
|trottersLocal_V_0_ce0       |  out|    1|   ap_memory|                                              trottersLocal_V_0|         array|
|trottersLocal_V_0_q0        |   in|   16|   ap_memory|                                              trottersLocal_V_0|         array|
|trottersLocal_V_1_address0  |  out|    8|   ap_memory|                                              trottersLocal_V_1|         array|
|trottersLocal_V_1_ce0       |  out|    1|   ap_memory|                                              trottersLocal_V_1|         array|
|trottersLocal_V_1_q0        |   in|   16|   ap_memory|                                              trottersLocal_V_1|         array|
|trottersLocal_V_2_address0  |  out|    8|   ap_memory|                                              trottersLocal_V_2|         array|
|trottersLocal_V_2_ce0       |  out|    1|   ap_memory|                                              trottersLocal_V_2|         array|
|trottersLocal_V_2_q0        |   in|   16|   ap_memory|                                              trottersLocal_V_2|         array|
|trottersLocal_V_3_address0  |  out|    8|   ap_memory|                                              trottersLocal_V_3|         array|
|trottersLocal_V_3_ce0       |  out|    1|   ap_memory|                                              trottersLocal_V_3|         array|
|trottersLocal_V_3_q0        |   in|   16|   ap_memory|                                              trottersLocal_V_3|         array|
+----------------------------+-----+-----+------------+---------------------------------------------------------------+--------------+

