

================================================================
== Vitis HLS Report for 'TrotterUnitFinal'
================================================================
* Date:           Mon Aug  9 17:54:36 2021

* Version:        2021.1 (Build 3247384 on Thu Jun 10 19:36:33 MDT 2021)
* Project:        SQA-Vitis
* Solution:       solution1 (Vivado IP Flow Target)
* Product family: virtexuplus
* Target device:  xcvu35p-fsvh2892-2-e


================================================================
== Performance Estimates
================================================================
+ Timing: 
    * Summary: 
    +--------+----------+----------+------------+
    |  Clock |  Target  | Estimated| Uncertainty|
    +--------+----------+----------+------------+
    |ap_clk  |  10.00 ns|  7.219 ns|     2.70 ns|
    +--------+----------+----------+------------+

+ Latency: 
    * Summary: 
    +---------+---------+-----------+-----------+-----+-----+---------+
    |  Latency (cycles) |   Latency (absolute)  |  Interval | Pipeline|
    |   min   |   max   |    min    |    max    | min | max |   Type  |
    +---------+---------+-----------+-----------+-----+-----+---------+
    |        1|        9|  10.000 ns|  90.000 ns|    1|    9|       no|
    +---------+---------+-----------+-----------+-----+-----+---------+

    + Detail: 
        * Instance: 
        N/A

        * Loop: 
        N/A



================================================================
== Utilization Estimates
================================================================
* Summary: 
+---------------------+---------+------+---------+--------+-----+
|         Name        | BRAM_18K|  DSP |    FF   |   LUT  | URAM|
+---------------------+---------+------+---------+--------+-----+
|DSP                  |        -|     -|        -|       -|    -|
|Expression           |        -|     -|        0|     227|    -|
|FIFO                 |        -|     -|        -|       -|    -|
|Instance             |        -|     7|      482|     529|    -|
|Memory               |        -|     -|        -|       -|    -|
|Multiplexer          |        -|     -|        -|      73|    -|
|Register             |        -|     -|     2202|       -|    -|
+---------------------+---------+------+---------+--------+-----+
|Total                |        0|     7|     2684|     829|    0|
+---------------------+---------+------+---------+--------+-----+
|Available SLR        |     1344|  2976|   871680|  435840|  320|
+---------------------+---------+------+---------+--------+-----+
|Utilization SLR (%)  |        0|    ~0|       ~0|      ~0|    0|
+---------------------+---------+------+---------+--------+-----+
|Available            |     2688|  5952|  1743360|  871680|  640|
+---------------------+---------+------+---------+--------+-----+
|Utilization (%)      |        0|    ~0|       ~0|      ~0|    0|
+---------------------+---------+------+---------+--------+-----+

+ Detail: 
    * Instance: 
    +------------------------------------+--------------------------------+---------+----+-----+-----+-----+
    |              Instance              |             Module             | BRAM_18K| DSP|  FF | LUT | URAM|
    +------------------------------------+--------------------------------+---------+----+-----+-----+-----+
    |fadd_32ns_32ns_32_3_full_dsp_1_U77  |fadd_32ns_32ns_32_3_full_dsp_1  |        0|   2|  177|  226|    0|
    |fcmp_32ns_32ns_1_1_no_dsp_1_U80     |fcmp_32ns_32ns_1_1_no_dsp_1     |        0|   0|    0|    0|    0|
    |fdiv_32ns_32ns_32_6_no_dsp_1_U79    |fdiv_32ns_32ns_32_6_no_dsp_1    |        0|   0|    0|    0|    0|
    |fmul_32ns_32ns_32_2_max_dsp_1_U78   |fmul_32ns_32ns_32_2_max_dsp_1   |        0|   3|  128|   77|    0|
    |fsub_32ns_32ns_32_3_full_dsp_1_U76  |fsub_32ns_32ns_32_3_full_dsp_1  |        0|   2|  177|  226|    0|
    +------------------------------------+--------------------------------+---------+----+-----+-----+-----+
    |Total                               |                                |        0|   7|  482|  529|    0|
    +------------------------------------+--------------------------------+---------+----+-----+-----+-----+

    * DSP: 
    N/A

    * Memory: 
    N/A

    * FIFO: 
    N/A

    * Expression: 
    +-------------------------+----------+----+---+----+------------+------------+
    |      Variable Name      | Operation| DSP| FF| LUT| Bitwidth P0| Bitwidth P1|
    +-------------------------+----------+----+---+----+------------+------------+
    |and_ln117_fu_247_p2      |       and|   0|  0|   2|           1|           1|
    |and_ln129_1_fu_374_p2    |       and|   0|  0|   2|           1|           1|
    |and_ln129_fu_368_p2      |       and|   0|  0|   2|           1|           1|
    |inside_fu_213_p2         |       and|   0|  0|   2|           1|           1|
    |icmp_ln108_1_fu_207_p2   |      icmp|   0|  0|  12|          13|          13|
    |icmp_ln108_fu_187_p2     |      icmp|   0|  0|  12|          13|          13|
    |icmp_ln129_1_fu_338_p2   |      icmp|   0|  0|  16|          23|           1|
    |icmp_ln129_2_fu_350_p2   |      icmp|   0|  0|  11|           8|           2|
    |icmp_ln129_3_fu_356_p2   |      icmp|   0|  0|  16|          23|           1|
    |icmp_ln129_fu_332_p2     |      icmp|   0|  0|  11|           8|           2|
    |or_ln129_1_fu_362_p2     |        or|   0|  0|   2|           1|           1|
    |or_ln129_fu_344_p2       |        or|   0|  0|   2|           1|           1|
    |dHTmp_1_fu_290_p3        |    select|   0|  0|  32|           1|          32|
    |select_ln1049_fu_260_p3  |    select|   0|  0|  32|           1|          32|
    |select_ln117_fu_252_p3   |    select|   0|  0|  32|           1|          32|
    |p_Repl2_s_fu_380_p2      |       xor|   0|  0|   2|           1|           2|
    |xor_ln1049_1_fu_242_p2   |       xor|   0|  0|   2|           1|           2|
    |xor_ln1049_fu_219_p2     |       xor|   0|  0|   2|           1|           1|
    |xor_ln108_fu_193_p2      |       xor|   0|  0|   2|           1|           2|
    |xor_ln126_fu_280_p2      |       xor|   0|  0|  33|          32|          33|
    +-------------------------+----------+----+---+----+------------+------------+
    |Total                    |          |   0|  0| 227|         133|         174|
    +-------------------------+----------+----+---+----+------------+------------+

    * Multiplexer: 
    +---------------------+----+-----------+-----+-----------+
    |         Name        | LUT| Input Size| Bits| Total Bits|
    +---------------------+----+-----------+-----+-----------+
    |ap_NS_fsm            |  59|         11|    1|         11|
    |trotters_0_address0  |  14|          3|    2|          6|
    +---------------------+----+-----------+-----+-----------+
    |Total                |  73|         14|    3|         17|
    +---------------------+----+-----------+-----+-----------+

    * Register: 
    +-------------------------+------+----+------+-----------+
    |           Name          |  FF  | LUT| Bits | Const Bits|
    +-------------------------+------+----+------+-----------+
    |and_ln129_1_reg_485      |     1|   0|     1|          0|
    |ap_CS_fsm                |    10|   0|    10|          0|
    |dHTmp_reg_473            |    32|   0|    32|          0|
    |div_reg_479              |    32|   0|    32|          0|
    |iSpin_cast1_reg_421      |    10|   0|    32|         22|
    |inside_reg_427           |     1|   0|     1|          0|
    |logRand_0_load_reg_442   |    32|   0|    32|          0|
    |p_Result_1_reg_467       |     1|   0|     1|          0|
    |p_Result_s_reg_489       |  1024|   0|  1024|          0|
    |p_Val2_s_reg_462         |  1024|   0|  1024|          0|
    |select_ln1049_reg_452    |    32|   0|    32|          0|
    |trotters_0_addr_reg_457  |     2|   0|     2|          0|
    |xor_ln1049_reg_431       |     1|   0|     1|          0|
    +-------------------------+------+----+------+-----------+
    |Total                    |  2202|   0|  2224|         22|
    +-------------------------+------+----+------+-----------+



================================================================
== Interface
================================================================
* Summary: 
+---------------------+-----+------+------------+------------------+--------------+
|      RTL Ports      | Dir | Bits |  Protocol  |   Source Object  |    C Type    |
+---------------------+-----+------+------------+------------------+--------------+
|ap_clk               |   in|     1|  ap_ctrl_hs|  TrotterUnitFinal|  return value|
|ap_rst               |   in|     1|  ap_ctrl_hs|  TrotterUnitFinal|  return value|
|ap_start             |   in|     1|  ap_ctrl_hs|  TrotterUnitFinal|  return value|
|ap_done              |  out|     1|  ap_ctrl_hs|  TrotterUnitFinal|  return value|
|ap_idle              |  out|     1|  ap_ctrl_hs|  TrotterUnitFinal|  return value|
|ap_ready             |  out|     1|  ap_ctrl_hs|  TrotterUnitFinal|  return value|
|t                    |   in|     2|     ap_none|                 t|        scalar|
|stage                |   in|    13|     ap_none|             stage|        scalar|
|iPack                |   in|     2|     ap_none|             iPack|        scalar|
|iSpin                |   in|    10|     ap_none|             iSpin|        scalar|
|trotters_0_address0  |  out|     2|   ap_memory|        trotters_0|         array|
|trotters_0_ce0       |  out|     1|   ap_memory|        trotters_0|         array|
|trotters_0_we0       |  out|     1|   ap_memory|        trotters_0|         array|
|trotters_0_d0        |  out|  1024|   ap_memory|        trotters_0|         array|
|trotters_0_q0        |   in|  1024|   ap_memory|        trotters_0|         array|
|dH                   |   in|    32|     ap_none|                dH|        scalar|
|upSpin               |   in|     1|     ap_none|            upSpin|        scalar|
|downSpin             |   in|     1|     ap_none|          downSpin|        scalar|
|Beta                 |   in|    32|     ap_none|              Beta|        scalar|
|dHTunnel             |   in|    32|     ap_none|          dHTunnel|        scalar|
|logRand_0_address0   |  out|    12|   ap_memory|         logRand_0|         array|
|logRand_0_ce0        |  out|     1|   ap_memory|         logRand_0|         array|
|logRand_0_q0         |   in|    32|   ap_memory|         logRand_0|         array|
+---------------------+-----+------+------------+------------------+--------------+

