

================================================================
== Vitis HLS Report for 'RunFinal'
================================================================
* Date:           Tue Nov  9 20:42:02 2021

* Version:        2021.1 (Build 3247384 on Thu Jun 10 19:36:33 MDT 2021)
* Project:        SQA-Vitis
* Solution:       solution1 (Vitis Kernel Flow Target)
* Product family: virtexuplus
* Target device:  xcvu35p-fsvh2892-2-e


================================================================
== Performance Estimates
================================================================
+ Timing: 
    * Summary: 
    +--------+---------+----------+------------+
    |  Clock |  Target | Estimated| Uncertainty|
    +--------+---------+----------+------------+
    |ap_clk  |  3.33 ns|  2.342 ns|     0.90 ns|
    +--------+---------+----------+------------+

+ Latency: 
    * Summary: 
    +---------+---------+----------+-----------+-----+-----+---------+
    |  Latency (cycles) |  Latency (absolute)  |  Interval | Pipeline|
    |   min   |   max   |    min   |    max    | min | max |   Type  |
    +---------+---------+----------+-----------+-----+-----+---------+
    |        1|       22|  3.333 ns|  73.326 ns|    1|   22|       no|
    +---------+---------+----------+-----------+-----+-----+---------+

    + Detail: 
        * Instance: 
        N/A

        * Loop: 
        N/A



================================================================
== Utilization Estimates
================================================================
* Summary: 
+---------------------+---------+------+---------+--------+-----+
|         Name        | BRAM_18K|  DSP |    FF   |   LUT  | URAM|
+---------------------+---------+------+---------+--------+-----+
|DSP                  |        -|     -|        -|       -|    -|
|Expression           |        -|     -|        0|     192|    -|
|FIFO                 |        -|     -|        -|       -|    -|
|Instance             |        -|     5|      461|     276|    -|
|Memory               |        -|     -|        -|       -|    -|
|Multiplexer          |        -|     -|        -|     188|    -|
|Register             |        -|     -|      332|       -|    -|
+---------------------+---------+------+---------+--------+-----+
|Total                |        0|     5|      793|     656|    0|
+---------------------+---------+------+---------+--------+-----+
|Available SLR        |     1344|  2976|   871680|  435840|  320|
+---------------------+---------+------+---------+--------+-----+
|Utilization SLR (%)  |        0|    ~0|       ~0|      ~0|    0|
+---------------------+---------+------+---------+--------+-----+
|Available            |     2688|  5952|  1743360|  871680|  640|
+---------------------+---------+------+---------+--------+-----+
|Utilization (%)      |        0|    ~0|       ~0|      ~0|    0|
+---------------------+---------+------+---------+--------+-----+

+ Detail: 
    * Instance: 
    +-------------------------------------+--------------------------------+---------+----+-----+-----+-----+
    |               Instance              |             Module             | BRAM_18K| DSP|  FF | LUT | URAM|
    +-------------------------------------+--------------------------------+---------+----+-----+-----+-----+
    |fadd_32ns_32ns_32_7_full_dsp_1_U510  |fadd_32ns_32ns_32_7_full_dsp_1  |        0|   2|  318|  198|    0|
    |fcmp_32ns_32ns_1_2_no_dsp_1_U513     |fcmp_32ns_32ns_1_2_no_dsp_1     |        0|   0|    0|    0|    0|
    |fdiv_32ns_32ns_32_12_no_dsp_1_U512   |fdiv_32ns_32ns_32_12_no_dsp_1   |        0|   0|    0|    0|    0|
    |fmul_32ns_32ns_32_4_max_dsp_1_U511   |fmul_32ns_32ns_32_4_max_dsp_1   |        0|   3|  143|   78|    0|
    +-------------------------------------+--------------------------------+---------+----+-----+-----+-----+
    |Total                                |                                |        0|   5|  461|  276|    0|
    +-------------------------------------+--------------------------------+---------+----+-----+-----+-----+

    * DSP: 
    N/A

    * Memory: 
    N/A

    * FIFO: 
    N/A

    * Expression: 
    +------------------------+----------+----+---+----+------------+------------+
    |      Variable Name     | Operation| DSP| FF| LUT| Bitwidth P0| Bitwidth P1|
    +------------------------+----------+----+---+----+------------+------------+
    |and_ln175_fu_219_p2     |       and|   0|  0|   2|           1|           1|
    |and_ln197_1_fu_369_p2   |       and|   0|  0|   2|           1|           1|
    |and_ln197_fu_363_p2     |       and|   0|  0|   2|           1|           1|
    |icmp_ln175_1_fu_213_p2  |      icmp|   0|  0|  12|          15|          15|
    |icmp_ln175_fu_193_p2    |      icmp|   0|  0|  12|          15|          15|
    |icmp_ln197_1_fu_337_p2  |      icmp|   0|  0|  16|          23|           1|
    |icmp_ln197_2_fu_343_p2  |      icmp|   0|  0|  11|           8|           2|
    |icmp_ln197_3_fu_349_p2  |      icmp|   0|  0|  16|          23|           1|
    |icmp_ln197_fu_331_p2    |      icmp|   0|  0|  11|           8|           2|
    |or_ln197_1_fu_359_p2    |        or|   0|  0|   2|           1|           1|
    |or_ln197_fu_355_p2      |        or|   0|  0|   2|           1|           1|
    |dh_tmp_1_fu_237_p3      |    select|   0|  0|  32|           1|          32|
    |dh_tmp_5_fu_287_p3      |    select|   0|  0|  32|           1|          32|
    |select_ln183_fu_225_p3  |    select|   0|  0|  32|           1|          32|
    |p_Repl2_s_fu_267_p2     |       xor|   0|  0|   2|           1|           2|
    |r_fu_375_p2             |       xor|   0|  0|   2|           1|           2|
    |xor_ln1049_fu_233_p2    |       xor|   0|  0|   2|           1|           1|
    |xor_ln175_fu_199_p2     |       xor|   0|  0|   2|           1|           2|
    +------------------------+----------+----+---+----+------------+------------+
    |Total                   |          |   0|  0| 192|         104|         144|
    +------------------------+----------+----+---+----+------------+------------+

    * Multiplexer: 
    +-------------------------+-----+-----------+-----+-----------+
    |           Name          | LUT | Input Size| Bits| Total Bits|
    +-------------------------+-----+-----------+-----+-----------+
    |ap_NS_fsm                |  118|         24|    1|         24|
    |grp_fu_155_p0            |   14|          3|   32|         96|
    |grp_fu_155_p1            |   14|          3|   32|         96|
    |grp_fu_159_p0            |   14|          3|   32|         96|
    |grp_fu_159_p1            |   14|          3|   32|         96|
    |trotters_local_address0  |   14|          3|    8|         24|
    +-------------------------+-----+-----------+-----+-----------+
    |Total                    |  188|         39|  137|        432|
    +-------------------------+-----+-----------+-----+-----------+

    * Register: 
    +-----------------------------+----+----+-----+-----------+
    |             Name            | FF | LUT| Bits| Const Bits|
    +-----------------------------+----+----+-----+-----------+
    |and_ln175_reg_434            |   1|   0|    1|          0|
    |and_ln197_1_reg_494          |   1|   0|    1|          0|
    |ap_CS_fsm                    |  23|   0|   23|          0|
    |dh_tmp_1_reg_443             |  32|   0|   32|          0|
    |div_reg_448                  |  32|   0|   32|          0|
    |icmp_ln197_1_reg_479         |   1|   0|    1|          0|
    |icmp_ln197_2_reg_484         |   1|   0|    1|          0|
    |icmp_ln197_3_reg_489         |   1|   0|    1|          0|
    |icmp_ln197_reg_474           |   1|   0|    1|          0|
    |p_Result_128_reg_463         |   1|   0|    1|          0|
    |p_Result_s_reg_498           |  64|   0|   64|          0|
    |p_Val2_s_reg_458             |  64|   0|   64|          0|
    |reg_175                      |  32|   0|   32|          0|
    |reg_179                      |  32|   0|   32|          0|
    |select_ln183_reg_438         |  32|   0|   32|          0|
    |state_i_spin_cast_reg_428    |   6|   0|   32|         26|
    |trotters_local_addr_reg_453  |   8|   0|    8|          0|
    +-----------------------------+----+----+-----+-----------+
    |Total                        | 332|   0|  358|         26|
    +-----------------------------+----+----+-----+-----------+



================================================================
== Interface
================================================================
* Summary: 
+-------------------------+-----+-----+------------+----------------------+--------------+
|        RTL Ports        | Dir | Bits|  Protocol  |     Source Object    |    C Type    |
+-------------------------+-----+-----+------------+----------------------+--------------+
|ap_clk                   |   in|    1|  ap_ctrl_hs|              RunFinal|  return value|
|ap_rst                   |   in|    1|  ap_ctrl_hs|              RunFinal|  return value|
|ap_start                 |   in|    1|  ap_ctrl_hs|              RunFinal|  return value|
|ap_done                  |  out|    1|  ap_ctrl_hs|              RunFinal|  return value|
|ap_idle                  |  out|    1|  ap_ctrl_hs|              RunFinal|  return value|
|ap_ready                 |  out|    1|  ap_ctrl_hs|              RunFinal|  return value|
|stage                    |   in|   15|     ap_none|                 stage|        scalar|
|info_t_offset            |   in|    3|     ap_none|         info_t_offset|        scalar|
|info_beta                |   in|   32|     ap_none|             info_beta|        scalar|
|info_dh_tunnel           |   in|   32|     ap_none|        info_dh_tunnel|        scalar|
|info_neg_dh_tunnel       |   in|   32|     ap_none|    info_neg_dh_tunnel|        scalar|
|state_i_pack             |   in|    8|     ap_none|          state_i_pack|        scalar|
|state_i_spin             |   in|    6|     ap_none|          state_i_spin|        scalar|
|state_up_spin            |   in|    1|     ap_none|         state_up_spin|        scalar|
|state_down_spin          |   in|    1|     ap_none|       state_down_spin|        scalar|
|state_h_local            |   in|   32|     ap_none|         state_h_local|        scalar|
|state_log_rand_local     |   in|   32|     ap_none|  state_log_rand_local|        scalar|
|dh                       |   in|   32|     ap_none|                    dh|        scalar|
|trotters_local_address0  |  out|    8|   ap_memory|        trotters_local|         array|
|trotters_local_ce0       |  out|    1|   ap_memory|        trotters_local|         array|
|trotters_local_we0       |  out|    1|   ap_memory|        trotters_local|         array|
|trotters_local_d0        |  out|   64|   ap_memory|        trotters_local|         array|
|trotters_local_q0        |   in|   64|   ap_memory|        trotters_local|         array|
+-------------------------+-----+-----+------------+----------------------+--------------+

