==============================================================
Vitis HLS - High-Level Synthesis from C, C++ and OpenCL v2021.1 (64-bit)
Copyright 1986-2021 Xilinx, Inc. All Rights Reserved.
==============================================================
INFO: [HLS 200-1505] Using flow_target 'vitis'
INFO: [HLS 200-435] Setting 'open_solution -flow_target vitis' configuration: config_interface -m_axi_latency=64
INFO: [HLS 200-435] Setting 'open_solution -flow_target vitis' configuration: config_interface -m_axi_alignment_byte_size=64
INFO: [HLS 200-435] Setting 'open_solution -flow_target vitis' configuration: config_interface -m_axi_max_widen_bitwidth=512
INFO: [HLS 200-435] Setting 'open_solution -flow_target vitis' configuration: config_rtl -register_reset_num=3
INFO: [HLS 200-1510] Running: set_part xcu50-fsvh2104-2-e 
INFO: [HLS 200-1611] Setting target device to 'xcu50-fsvh2104-2-e'
INFO: [HLS 200-1510] Running: create_clock -period 300.000000MHz -name default 
INFO: [SYN 201-201] Setting up clock 'default' with a period of 3.333ns.
INFO: [HLS 200-1510] Running: config_dataflow -strict_mode warning 
INFO: [HLS 200-1510] Running: config_export -disable_deadlock_detection=true 
INFO: [HLS 200-1510] Running: config_rtl -m_axi_conservative_mode=1 
WARNING: [HLS 200-483] The 'config_rtl -m_axi_conservative_mode' command is deprecated and will be removed in a future release. Use 'config_interface -m_axi_conservative_mode' as its replacement.
INFO: [HLS 200-1510] Running: config_interface -m_axi_addr64 
INFO: [HLS 200-1510] Running: config_interface -m_axi_auto_max_ports=1 
INFO: [HLS 200-1510] Running: config_interface -m_axi_min_bitwidth 512 
INFO: [HLS 200-1510] Running: config_interface -m_axi_max_bitwidth 512 
INFO: [HLS 200-1510] Running: config_export -format ip_catalog -ipname QuantumMonteCarloU50 
INFO: [HLS 200-1510] Running: csynth_design 
INFO: [HLS 200-111] Finished File checks and directory preparation: CPU user time: 0 seconds. CPU system time: 0.01 seconds. Elapsed time: 0 seconds; current allocated memory: 195.401 MB.
INFO: [HLS 200-10] Analyzing design file '/home/edci/workspace/SQA_kernels/src/qmc.cpp' ... 
WARNING: [HLS 207-5301] unused parameter 'print': /home/edci/Xilinx/Vitis_HLS/2021.1/common/technology/autopilot/ap_int_base.h:792:16
WARNING: [HLS 207-5301] unused parameter 'fpBuffer': /home/edci/workspace/SQA_kernels/src/qmc.cpp:25:35
WARNING: [HLS 207-5301] unused parameter 'fpBuffer': /home/edci/workspace/SQA_kernels/src/qmc.cpp:49:35
INFO: [HLS 200-111] Finished Source Code Analysis and Preprocessing: CPU user time: 27.32 seconds. CPU system time: 1.01 seconds. Elapsed time: 26.96 seconds; current allocated memory: 198.607 MB.
INFO: [HLS 200-777] Using interface defaults for 'Vitis' flow target.
INFO: [HLS 214-279] Initial Interval estimation mode is set into default.
INFO: [HLS 214-284] Auto array partition mode is set into default.
INFO: [HLS 214-131] Inlining function 'void U50::reductionIntraBuffer<2u>(float*)' into 'void U50::reductionIntraBuffer<4u>(float*)' (/home/edci/workspace/SQA_kernels/src/qmc.cpp:8:2)
INFO: [HLS 214-131] Inlining function 'void U50::reductionIntraBuffer<4u>(float*)' into 'void U50::reductionIntraBuffer<8u>(float*)' (/home/edci/workspace/SQA_kernels/src/qmc.cpp:8:2)
INFO: [HLS 214-131] Inlining function 'void U50::reductionIntraBuffer<8u>(float*)' into 'void U50::reductionIntraBuffer<16u>(float*)' (/home/edci/workspace/SQA_kernels/src/qmc.cpp:8:2)
INFO: [HLS 214-131] Inlining function 'void U50::reductionInterBuffer<2u>(float (*) [16])' into 'void U50::reductionInterBuffer<4u>(float (*) [16])' (/home/edci/workspace/SQA_kernels/src/qmc.cpp:32:2)
INFO: [HLS 214-131] Inlining function 'void U50::reductionInterBuffer<4u>(float (*) [16])' into 'void U50::reductionInterBuffer<8u>(float (*) [16])' (/home/edci/workspace/SQA_kernels/src/qmc.cpp:32:2)
INFO: [HLS 214-131] Inlining function 'void U50::reductionInterBuffer<8u>(float (*) [16])' into 'void U50::reductionInterBuffer<16u>(float (*) [16])' (/home/edci/workspace/SQA_kernels/src/qmc.cpp:32:2)
INFO: [HLS 214-131] Inlining function 'void U50::reductionInterBuffer<16u>(float (*) [16])' into 'void U50::reductionInterBuffer<32u>(float (*) [16])' (/home/edci/workspace/SQA_kernels/src/qmc.cpp:32:2)
INFO: [HLS 214-131] Inlining function 'void U50::reductionInterBuffer<32u>(float (*) [16])' into 'U50::TrotterUnit(unsigned int, unsigned int, unsigned int, ap_uint<512>*, float&, float (*) [512])' (/home/edci/workspace/SQA_kernels/src/qmc.cpp:96:5)
INFO: [HLS 214-131] Inlining function 'void U50::reductionIntraBuffer<16u>(float*)' into 'U50::TrotterUnit(unsigned int, unsigned int, unsigned int, ap_uint<512>*, float&, float (*) [512])' (/home/edci/workspace/SQA_kernels/src/qmc.cpp:94:2)
INFO: [HLS 214-186] Unrolling loop 'UPDATE_INPUT_STATE' (/home/edci/workspace/SQA_kernels/src/qmc.cpp:211:9) in function 'QuantumMonteCarloU50' completely with a factor of 4 (/home/edci/workspace/SQA_kernels/src/qmc.cpp:155:0)
INFO: [HLS 214-186] Unrolling loop 'VITIS_LOOP_236_2' (/home/edci/workspace/SQA_kernels/src/qmc.cpp:236:20) in function 'QuantumMonteCarloU50' completely with a factor of 16 (/home/edci/workspace/SQA_kernels/src/qmc.cpp:155:0)
INFO: [HLS 214-186] Unrolling loop 'RUN_TU' (/home/edci/workspace/SQA_kernels/src/qmc.cpp:255:13) in function 'QuantumMonteCarloU50' completely with a factor of 4 (/home/edci/workspace/SQA_kernels/src/qmc.cpp:155:0)
INFO: [HLS 214-186] Unrolling loop 'RUN_TU_FINAL' (/home/edci/workspace/SQA_kernels/src/qmc.cpp:263:9) in function 'QuantumMonteCarloU50' completely with a factor of 4 (/home/edci/workspace/SQA_kernels/src/qmc.cpp:155:0)
INFO: [HLS 214-186] Unrolling loop 'VITIS_LOOP_275_3' (/home/edci/workspace/SQA_kernels/src/qmc.cpp:275:20) in function 'QuantumMonteCarloU50' completely with a factor of 3 (/home/edci/workspace/SQA_kernels/src/qmc.cpp:155:0)
INFO: [HLS 214-186] Unrolling loop 'VITIS_LOOP_277_4' (/home/edci/workspace/SQA_kernels/src/qmc.cpp:277:20) in function 'QuantumMonteCarloU50' completely with a factor of 512 (/home/edci/workspace/SQA_kernels/src/qmc.cpp:155:0)
INFO: [HLS 214-186] Unrolling loop 'VITIS_LOOP_277_4' (/home/edci/workspace/SQA_kernels/src/qmc.cpp:277:20) in function 'QuantumMonteCarloU50' completely with a factor of 512 (/home/edci/workspace/SQA_kernels/src/qmc.cpp:155:0)
INFO: [HLS 214-186] Unrolling loop 'VITIS_LOOP_277_4' (/home/edci/workspace/SQA_kernels/src/qmc.cpp:277:20) in function 'QuantumMonteCarloU50' completely with a factor of 512 (/home/edci/workspace/SQA_kernels/src/qmc.cpp:155:0)
INFO: [HLS 214-186] Unrolling loop 'VITIS_LOOP_33_1' (/home/edci/workspace/SQA_kernels/src/qmc.cpp:33:22) in function 'U50::TrotterUnit' completely with a factor of 1 (/home/edci/workspace/SQA_kernels/src/qmc.cpp:57:0)
INFO: [HLS 214-186] Unrolling loop 'VITIS_LOOP_33_1' (/home/edci/workspace/SQA_kernels/src/qmc.cpp:33:22) in function 'U50::TrotterUnit' completely with a factor of 2 (/home/edci/workspace/SQA_kernels/src/qmc.cpp:57:0)
INFO: [HLS 214-186] Unrolling loop 'VITIS_LOOP_33_1' (/home/edci/workspace/SQA_kernels/src/qmc.cpp:33:22) in function 'U50::TrotterUnit' completely with a factor of 4 (/home/edci/workspace/SQA_kernels/src/qmc.cpp:57:0)
INFO: [HLS 214-186] Unrolling loop 'VITIS_LOOP_33_1' (/home/edci/workspace/SQA_kernels/src/qmc.cpp:33:22) in function 'U50::TrotterUnit' completely with a factor of 8 (/home/edci/workspace/SQA_kernels/src/qmc.cpp:57:0)
INFO: [HLS 214-186] Unrolling loop 'VITIS_LOOP_42_1' (/home/edci/workspace/SQA_kernels/src/qmc.cpp:42:19) in function 'U50::TrotterUnit' completely with a factor of 16 (/home/edci/workspace/SQA_kernels/src/qmc.cpp:57:0)
INFO: [HLS 214-186] Unrolling loop 'VITIS_LOOP_92_3' (/home/edci/workspace/SQA_kernels/src/qmc.cpp:92:22) in function 'U50::TrotterUnit' completely with a factor of 32 (/home/edci/workspace/SQA_kernels/src/qmc.cpp:57:0)
INFO: [HLS 214-186] Unrolling loop 'VITIS_LOOP_9_1' (/home/edci/workspace/SQA_kernels/src/qmc.cpp:9:21) in function 'U50::TrotterUnit' completely with a factor of 1 (/home/edci/workspace/SQA_kernels/src/qmc.cpp:57:0)
INFO: [HLS 214-186] Unrolling loop 'VITIS_LOOP_9_1' (/home/edci/workspace/SQA_kernels/src/qmc.cpp:9:21) in function 'U50::TrotterUnit' completely with a factor of 2 (/home/edci/workspace/SQA_kernels/src/qmc.cpp:57:0)
INFO: [HLS 214-186] Unrolling loop 'VITIS_LOOP_9_1' (/home/edci/workspace/SQA_kernels/src/qmc.cpp:9:21) in function 'U50::TrotterUnit' completely with a factor of 4 (/home/edci/workspace/SQA_kernels/src/qmc.cpp:57:0)
INFO: [HLS 214-186] Unrolling loop 'VITIS_LOOP_18_1' (/home/edci/workspace/SQA_kernels/src/qmc.cpp:18:19) in function 'U50::TrotterUnit' completely with a factor of 8 (/home/edci/workspace/SQA_kernels/src/qmc.cpp:57:0)
INFO: [HLS 214-186] Unrolling loop 'VITIS_LOOP_9_1' (/home/edci/workspace/SQA_kernels/src/qmc.cpp:9:21) in function 'U50::TrotterUnit' completely with a factor of 1 (/home/edci/workspace/SQA_kernels/src/qmc.cpp:57:0)
INFO: [HLS 214-186] Unrolling loop 'VITIS_LOOP_9_1' (/home/edci/workspace/SQA_kernels/src/qmc.cpp:9:21) in function 'U50::TrotterUnit' completely with a factor of 2 (/home/edci/workspace/SQA_kernels/src/qmc.cpp:57:0)
INFO: [HLS 214-186] Unrolling loop 'VITIS_LOOP_9_1' (/home/edci/workspace/SQA_kernels/src/qmc.cpp:9:21) in function 'U50::TrotterUnit' completely with a factor of 4 (/home/edci/workspace/SQA_kernels/src/qmc.cpp:57:0)
INFO: [HLS 214-186] Unrolling loop 'VITIS_LOOP_18_1' (/home/edci/workspace/SQA_kernels/src/qmc.cpp:18:19) in function 'U50::TrotterUnit' completely with a factor of 8 (/home/edci/workspace/SQA_kernels/src/qmc.cpp:57:0)
INFO: [HLS 214-186] Unrolling loop 'VITIS_LOOP_9_1' (/home/edci/workspace/SQA_kernels/src/qmc.cpp:9:21) in function 'U50::TrotterUnit' completely with a factor of 1 (/home/edci/workspace/SQA_kernels/src/qmc.cpp:57:0)
INFO: [HLS 214-186] Unrolling loop 'VITIS_LOOP_9_1' (/home/edci/workspace/SQA_kernels/src/qmc.cpp:9:21) in function 'U50::TrotterUnit' completely with a factor of 2 (/home/edci/workspace/SQA_kernels/src/qmc.cpp:57:0)
INFO: [HLS 214-186] Unrolling loop 'VITIS_LOOP_9_1' (/home/edci/workspace/SQA_kernels/src/qmc.cpp:9:21) in function 'U50::TrotterUnit' completely with a factor of 4 (/home/edci/workspace/SQA_kernels/src/qmc.cpp:57:0)
INFO: [HLS 214-186] Unrolling loop 'VITIS_LOOP_18_1' (/home/edci/workspace/SQA_kernels/src/qmc.cpp:18:19) in function 'U50::TrotterUnit' completely with a factor of 8 (/home/edci/workspace/SQA_kernels/src/qmc.cpp:57:0)
INFO: [HLS 214-186] Unrolling loop 'VITIS_LOOP_9_1' (/home/edci/workspace/SQA_kernels/src/qmc.cpp:9:21) in function 'U50::TrotterUnit' completely with a factor of 1 (/home/edci/workspace/SQA_kernels/src/qmc.cpp:57:0)
INFO: [HLS 214-186] Unrolling loop 'VITIS_LOOP_9_1' (/home/edci/workspace/SQA_kernels/src/qmc.cpp:9:21) in function 'U50::TrotterUnit' completely with a factor of 2 (/home/edci/workspace/SQA_kernels/src/qmc.cpp:57:0)
INFO: [HLS 214-186] Unrolling loop 'VITIS_LOOP_9_1' (/home/edci/workspace/SQA_kernels/src/qmc.cpp:9:21) in function 'U50::TrotterUnit' completely with a factor of 4 (/home/edci/workspace/SQA_kernels/src/qmc.cpp:57:0)
INFO: [HLS 214-186] Unrolling loop 'VITIS_LOOP_18_1' (/home/edci/workspace/SQA_kernels/src/qmc.cpp:18:19) in function 'U50::TrotterUnit' completely with a factor of 8 (/home/edci/workspace/SQA_kernels/src/qmc.cpp:57:0)
INFO: [HLS 214-186] Unrolling loop 'VITIS_LOOP_9_1' (/home/edci/workspace/SQA_kernels/src/qmc.cpp:9:21) in function 'U50::TrotterUnit' completely with a factor of 1 (/home/edci/workspace/SQA_kernels/src/qmc.cpp:57:0)
INFO: [HLS 214-186] Unrolling loop 'VITIS_LOOP_9_1' (/home/edci/workspace/SQA_kernels/src/qmc.cpp:9:21) in function 'U50::TrotterUnit' completely with a factor of 2 (/home/edci/workspace/SQA_kernels/src/qmc.cpp:57:0)
INFO: [HLS 214-186] Unrolling loop 'VITIS_LOOP_9_1' (/home/edci/workspace/SQA_kernels/src/qmc.cpp:9:21) in function 'U50::TrotterUnit' completely with a factor of 4 (/home/edci/workspace/SQA_kernels/src/qmc.cpp:57:0)
INFO: [HLS 214-186] Unrolling loop 'VITIS_LOOP_18_1' (/home/edci/workspace/SQA_kernels/src/qmc.cpp:18:19) in function 'U50::TrotterUnit' completely with a factor of 8 (/home/edci/workspace/SQA_kernels/src/qmc.cpp:57:0)
INFO: [HLS 214-186] Unrolling loop 'VITIS_LOOP_9_1' (/home/edci/workspace/SQA_kernels/src/qmc.cpp:9:21) in function 'U50::TrotterUnit' completely with a factor of 1 (/home/edci/workspace/SQA_kernels/src/qmc.cpp:57:0)
INFO: [HLS 214-186] Unrolling loop 'VITIS_LOOP_9_1' (/home/edci/workspace/SQA_kernels/src/qmc.cpp:9:21) in function 'U50::TrotterUnit' completely with a factor of 2 (/home/edci/workspace/SQA_kernels/src/qmc.cpp:57:0)
INFO: [HLS 214-186] Unrolling loop 'VITIS_LOOP_9_1' (/home/edci/workspace/SQA_kernels/src/qmc.cpp:9:21) in function 'U50::TrotterUnit' completely with a factor of 4 (/home/edci/workspace/SQA_kernels/src/qmc.cpp:57:0)
INFO: [HLS 214-186] Unrolling loop 'VITIS_LOOP_18_1' (/home/edci/workspace/SQA_kernels/src/qmc.cpp:18:19) in function 'U50::TrotterUnit' completely with a factor of 8 (/home/edci/workspace/SQA_kernels/src/qmc.cpp:57:0)
INFO: [HLS 214-186] Unrolling loop 'VITIS_LOOP_9_1' (/home/edci/workspace/SQA_kernels/src/qmc.cpp:9:21) in function 'U50::TrotterUnit' completely with a factor of 1 (/home/edci/workspace/SQA_kernels/src/qmc.cpp:57:0)
INFO: [HLS 214-186] Unrolling loop 'VITIS_LOOP_9_1' (/home/edci/workspace/SQA_kernels/src/qmc.cpp:9:21) in function 'U50::TrotterUnit' completely with a factor of 2 (/home/edci/workspace/SQA_kernels/src/qmc.cpp:57:0)
INFO: [HLS 214-186] Unrolling loop 'VITIS_LOOP_9_1' (/home/edci/workspace/SQA_kernels/src/qmc.cpp:9:21) in function 'U50::TrotterUnit' completely with a factor of 4 (/home/edci/workspace/SQA_kernels/src/qmc.cpp:57:0)
INFO: [HLS 214-186] Unrolling loop 'VITIS_LOOP_18_1' (/home/edci/workspace/SQA_kernels/src/qmc.cpp:18:19) in function 'U50::TrotterUnit' completely with a factor of 8 (/home/edci/workspace/SQA_kernels/src/qmc.cpp:57:0)
INFO: [HLS 214-186] Unrolling loop 'VITIS_LOOP_9_1' (/home/edci/workspace/SQA_kernels/src/qmc.cpp:9:21) in function 'U50::TrotterUnit' completely with a factor of 1 (/home/edci/workspace/SQA_kernels/src/qmc.cpp:57:0)
INFO: [HLS 214-186] Unrolling loop 'VITIS_LOOP_9_1' (/home/edci/workspace/SQA_kernels/src/qmc.cpp:9:21) in function 'U50::TrotterUnit' completely with a factor of 2 (/home/edci/workspace/SQA_kernels/src/qmc.cpp:57:0)
INFO: [HLS 214-186] Unrolling loop 'VITIS_LOOP_9_1' (/home/edci/workspace/SQA_kernels/src/qmc.cpp:9:21) in function 'U50::TrotterUnit' completely with a factor of 4 (/home/edci/workspace/SQA_kernels/src/qmc.cpp:57:0)
INFO: [HLS 214-186] Unrolling loop 'VITIS_LOOP_18_1' (/home/edci/workspace/SQA_kernels/src/qmc.cpp:18:19) in function 'U50::TrotterUnit' completely with a factor of 8 (/home/edci/workspace/SQA_kernels/src/qmc.cpp:57:0)
INFO: [HLS 214-186] Unrolling loop 'VITIS_LOOP_9_1' (/home/edci/workspace/SQA_kernels/src/qmc.cpp:9:21) in function 'U50::TrotterUnit' completely with a factor of 1 (/home/edci/workspace/SQA_kernels/src/qmc.cpp:57:0)
INFO: [HLS 214-186] Unrolling loop 'VITIS_LOOP_9_1' (/home/edci/workspace/SQA_kernels/src/qmc.cpp:9:21) in function 'U50::TrotterUnit' completely with a factor of 2 (/home/edci/workspace/SQA_kernels/src/qmc.cpp:57:0)
INFO: [HLS 214-186] Unrolling loop 'VITIS_LOOP_9_1' (/home/edci/workspace/SQA_kernels/src/qmc.cpp:9:21) in function 'U50::TrotterUnit' completely with a factor of 4 (/home/edci/workspace/SQA_kernels/src/qmc.cpp:57:0)
INFO: [HLS 214-186] Unrolling loop 'VITIS_LOOP_18_1' (/home/edci/workspace/SQA_kernels/src/qmc.cpp:18:19) in function 'U50::TrotterUnit' completely with a factor of 8 (/home/edci/workspace/SQA_kernels/src/qmc.cpp:57:0)
INFO: [HLS 214-186] Unrolling loop 'VITIS_LOOP_9_1' (/home/edci/workspace/SQA_kernels/src/qmc.cpp:9:21) in function 'U50::TrotterUnit' completely with a factor of 1 (/home/edci/workspace/SQA_kernels/src/qmc.cpp:57:0)
INFO: [HLS 214-186] Unrolling loop 'VITIS_LOOP_9_1' (/home/edci/workspace/SQA_kernels/src/qmc.cpp:9:21) in function 'U50::TrotterUnit' completely with a factor of 2 (/home/edci/workspace/SQA_kernels/src/qmc.cpp:57:0)
INFO: [HLS 214-186] Unrolling loop 'VITIS_LOOP_9_1' (/home/edci/workspace/SQA_kernels/src/qmc.cpp:9:21) in function 'U50::TrotterUnit' completely with a factor of 4 (/home/edci/workspace/SQA_kernels/src/qmc.cpp:57:0)
INFO: [HLS 214-186] Unrolling loop 'VITIS_LOOP_18_1' (/home/edci/workspace/SQA_kernels/src/qmc.cpp:18:19) in function 'U50::TrotterUnit' completely with a factor of 8 (/home/edci/workspace/SQA_kernels/src/qmc.cpp:57:0)
INFO: [HLS 214-186] Unrolling loop 'VITIS_LOOP_9_1' (/home/edci/workspace/SQA_kernels/src/qmc.cpp:9:21) in function 'U50::TrotterUnit' completely with a factor of 1 (/home/edci/workspace/SQA_kernels/src/qmc.cpp:57:0)
INFO: [HLS 214-186] Unrolling loop 'VITIS_LOOP_9_1' (/home/edci/workspace/SQA_kernels/src/qmc.cpp:9:21) in function 'U50::TrotterUnit' completely with a factor of 2 (/home/edci/workspace/SQA_kernels/src/qmc.cpp:57:0)
INFO: [HLS 214-186] Unrolling loop 'VITIS_LOOP_9_1' (/home/edci/workspace/SQA_kernels/src/qmc.cpp:9:21) in function 'U50::TrotterUnit' completely with a factor of 4 (/home/edci/workspace/SQA_kernels/src/qmc.cpp:57:0)
INFO: [HLS 214-186] Unrolling loop 'VITIS_LOOP_18_1' (/home/edci/workspace/SQA_kernels/src/qmc.cpp:18:19) in function 'U50::TrotterUnit' completely with a factor of 8 (/home/edci/workspace/SQA_kernels/src/qmc.cpp:57:0)
INFO: [HLS 214-186] Unrolling loop 'VITIS_LOOP_9_1' (/home/edci/workspace/SQA_kernels/src/qmc.cpp:9:21) in function 'U50::TrotterUnit' completely with a factor of 1 (/home/edci/workspace/SQA_kernels/src/qmc.cpp:57:0)
INFO: [HLS 214-186] Unrolling loop 'VITIS_LOOP_9_1' (/home/edci/workspace/SQA_kernels/src/qmc.cpp:9:21) in function 'U50::TrotterUnit' completely with a factor of 2 (/home/edci/workspace/SQA_kernels/src/qmc.cpp:57:0)
INFO: [HLS 214-186] Unrolling loop 'VITIS_LOOP_9_1' (/home/edci/workspace/SQA_kernels/src/qmc.cpp:9:21) in function 'U50::TrotterUnit' completely with a factor of 4 (/home/edci/workspace/SQA_kernels/src/qmc.cpp:57:0)
INFO: [HLS 214-186] Unrolling loop 'VITIS_LOOP_18_1' (/home/edci/workspace/SQA_kernels/src/qmc.cpp:18:19) in function 'U50::TrotterUnit' completely with a factor of 8 (/home/edci/workspace/SQA_kernels/src/qmc.cpp:57:0)
INFO: [HLS 214-186] Unrolling loop 'VITIS_LOOP_9_1' (/home/edci/workspace/SQA_kernels/src/qmc.cpp:9:21) in function 'U50::TrotterUnit' completely with a factor of 1 (/home/edci/workspace/SQA_kernels/src/qmc.cpp:57:0)
INFO: [HLS 214-186] Unrolling loop 'VITIS_LOOP_9_1' (/home/edci/workspace/SQA_kernels/src/qmc.cpp:9:21) in function 'U50::TrotterUnit' completely with a factor of 2 (/home/edci/workspace/SQA_kernels/src/qmc.cpp:57:0)
INFO: [HLS 214-186] Unrolling loop 'VITIS_LOOP_9_1' (/home/edci/workspace/SQA_kernels/src/qmc.cpp:9:21) in function 'U50::TrotterUnit' completely with a factor of 4 (/home/edci/workspace/SQA_kernels/src/qmc.cpp:57:0)
INFO: [HLS 214-186] Unrolling loop 'VITIS_LOOP_18_1' (/home/edci/workspace/SQA_kernels/src/qmc.cpp:18:19) in function 'U50::TrotterUnit' completely with a factor of 8 (/home/edci/workspace/SQA_kernels/src/qmc.cpp:57:0)
INFO: [HLS 214-186] Unrolling loop 'VITIS_LOOP_9_1' (/home/edci/workspace/SQA_kernels/src/qmc.cpp:9:21) in function 'U50::TrotterUnit' completely with a factor of 1 (/home/edci/workspace/SQA_kernels/src/qmc.cpp:57:0)
INFO: [HLS 214-186] Unrolling loop 'VITIS_LOOP_9_1' (/home/edci/workspace/SQA_kernels/src/qmc.cpp:9:21) in function 'U50::TrotterUnit' completely with a factor of 2 (/home/edci/workspace/SQA_kernels/src/qmc.cpp:57:0)
INFO: [HLS 214-186] Unrolling loop 'VITIS_LOOP_9_1' (/home/edci/workspace/SQA_kernels/src/qmc.cpp:9:21) in function 'U50::TrotterUnit' completely with a factor of 4 (/home/edci/workspace/SQA_kernels/src/qmc.cpp:57:0)
INFO: [HLS 214-186] Unrolling loop 'VITIS_LOOP_18_1' (/home/edci/workspace/SQA_kernels/src/qmc.cpp:18:19) in function 'U50::TrotterUnit' completely with a factor of 8 (/home/edci/workspace/SQA_kernels/src/qmc.cpp:57:0)
INFO: [HLS 214-186] Unrolling loop 'VITIS_LOOP_9_1' (/home/edci/workspace/SQA_kernels/src/qmc.cpp:9:21) in function 'U50::TrotterUnit' completely with a factor of 1 (/home/edci/workspace/SQA_kernels/src/qmc.cpp:57:0)
INFO: [HLS 214-186] Unrolling loop 'VITIS_LOOP_9_1' (/home/edci/workspace/SQA_kernels/src/qmc.cpp:9:21) in function 'U50::TrotterUnit' completely with a factor of 2 (/home/edci/workspace/SQA_kernels/src/qmc.cpp:57:0)
INFO: [HLS 214-186] Unrolling loop 'VITIS_LOOP_9_1' (/home/edci/workspace/SQA_kernels/src/qmc.cpp:9:21) in function 'U50::TrotterUnit' completely with a factor of 4 (/home/edci/workspace/SQA_kernels/src/qmc.cpp:57:0)
INFO: [HLS 214-186] Unrolling loop 'VITIS_LOOP_18_1' (/home/edci/workspace/SQA_kernels/src/qmc.cpp:18:19) in function 'U50::TrotterUnit' completely with a factor of 8 (/home/edci/workspace/SQA_kernels/src/qmc.cpp:57:0)
INFO: [HLS 214-186] Unrolling loop 'VITIS_LOOP_9_1' (/home/edci/workspace/SQA_kernels/src/qmc.cpp:9:21) in function 'U50::TrotterUnit' completely with a factor of 1 (/home/edci/workspace/SQA_kernels/src/qmc.cpp:57:0)
INFO: [HLS 214-186] Unrolling loop 'VITIS_LOOP_9_1' (/home/edci/workspace/SQA_kernels/src/qmc.cpp:9:21) in function 'U50::TrotterUnit' completely with a factor of 2 (/home/edci/workspace/SQA_kernels/src/qmc.cpp:57:0)
INFO: [HLS 214-186] Unrolling loop 'VITIS_LOOP_9_1' (/home/edci/workspace/SQA_kernels/src/qmc.cpp:9:21) in function 'U50::TrotterUnit' completely with a factor of 4 (/home/edci/workspace/SQA_kernels/src/qmc.cpp:57:0)
INFO: [HLS 214-186] Unrolling loop 'VITIS_LOOP_18_1' (/home/edci/workspace/SQA_kernels/src/qmc.cpp:18:19) in function 'U50::TrotterUnit' completely with a factor of 8 (/home/edci/workspace/SQA_kernels/src/qmc.cpp:57:0)
INFO: [HLS 214-186] Unrolling loop 'VITIS_LOOP_9_1' (/home/edci/workspace/SQA_kernels/src/qmc.cpp:9:21) in function 'U50::TrotterUnit' completely with a factor of 1 (/home/edci/workspace/SQA_kernels/src/qmc.cpp:57:0)
INFO: [HLS 214-186] Unrolling loop 'VITIS_LOOP_9_1' (/home/edci/workspace/SQA_kernels/src/qmc.cpp:9:21) in function 'U50::TrotterUnit' completely with a factor of 2 (/home/edci/workspace/SQA_kernels/src/qmc.cpp:57:0)
INFO: [HLS 214-186] Unrolling loop 'VITIS_LOOP_9_1' (/home/edci/workspace/SQA_kernels/src/qmc.cpp:9:21) in function 'U50::TrotterUnit' completely with a factor of 4 (/home/edci/workspace/SQA_kernels/src/qmc.cpp:57:0)
INFO: [HLS 214-186] Unrolling loop 'VITIS_LOOP_18_1' (/home/edci/workspace/SQA_kernels/src/qmc.cpp:18:19) in function 'U50::TrotterUnit' completely with a factor of 8 (/home/edci/workspace/SQA_kernels/src/qmc.cpp:57:0)
INFO: [HLS 214-186] Unrolling loop 'VITIS_LOOP_9_1' (/home/edci/workspace/SQA_kernels/src/qmc.cpp:9:21) in function 'U50::TrotterUnit' completely with a factor of 1 (/home/edci/workspace/SQA_kernels/src/qmc.cpp:57:0)
INFO: [HLS 214-186] Unrolling loop 'VITIS_LOOP_9_1' (/home/edci/workspace/SQA_kernels/src/qmc.cpp:9:21) in function 'U50::TrotterUnit' completely with a factor of 2 (/home/edci/workspace/SQA_kernels/src/qmc.cpp:57:0)
INFO: [HLS 214-186] Unrolling loop 'VITIS_LOOP_9_1' (/home/edci/workspace/SQA_kernels/src/qmc.cpp:9:21) in function 'U50::TrotterUnit' completely with a factor of 4 (/home/edci/workspace/SQA_kernels/src/qmc.cpp:57:0)
INFO: [HLS 214-186] Unrolling loop 'VITIS_LOOP_18_1' (/home/edci/workspace/SQA_kernels/src/qmc.cpp:18:19) in function 'U50::TrotterUnit' completely with a factor of 8 (/home/edci/workspace/SQA_kernels/src/qmc.cpp:57:0)
INFO: [HLS 214-186] Unrolling loop 'VITIS_LOOP_9_1' (/home/edci/workspace/SQA_kernels/src/qmc.cpp:9:21) in function 'U50::TrotterUnit' completely with a factor of 1 (/home/edci/workspace/SQA_kernels/src/qmc.cpp:57:0)
INFO: [HLS 214-186] Unrolling loop 'VITIS_LOOP_9_1' (/home/edci/workspace/SQA_kernels/src/qmc.cpp:9:21) in function 'U50::TrotterUnit' completely with a factor of 2 (/home/edci/workspace/SQA_kernels/src/qmc.cpp:57:0)
INFO: [HLS 214-186] Unrolling loop 'VITIS_LOOP_9_1' (/home/edci/workspace/SQA_kernels/src/qmc.cpp:9:21) in function 'U50::TrotterUnit' completely with a factor of 4 (/home/edci/workspace/SQA_kernels/src/qmc.cpp:57:0)
INFO: [HLS 214-186] Unrolling loop 'VITIS_LOOP_18_1' (/home/edci/workspace/SQA_kernels/src/qmc.cpp:18:19) in function 'U50::TrotterUnit' completely with a factor of 8 (/home/edci/workspace/SQA_kernels/src/qmc.cpp:57:0)
INFO: [HLS 214-186] Unrolling loop 'VITIS_LOOP_9_1' (/home/edci/workspace/SQA_kernels/src/qmc.cpp:9:21) in function 'U50::TrotterUnit' completely with a factor of 1 (/home/edci/workspace/SQA_kernels/src/qmc.cpp:57:0)
INFO: [HLS 214-186] Unrolling loop 'VITIS_LOOP_9_1' (/home/edci/workspace/SQA_kernels/src/qmc.cpp:9:21) in function 'U50::TrotterUnit' completely with a factor of 2 (/home/edci/workspace/SQA_kernels/src/qmc.cpp:57:0)
INFO: [HLS 214-186] Unrolling loop 'VITIS_LOOP_9_1' (/home/edci/workspace/SQA_kernels/src/qmc.cpp:9:21) in function 'U50::TrotterUnit' completely with a factor of 4 (/home/edci/workspace/SQA_kernels/src/qmc.cpp:57:0)
INFO: [HLS 214-186] Unrolling loop 'VITIS_LOOP_18_1' (/home/edci/workspace/SQA_kernels/src/qmc.cpp:18:19) in function 'U50::TrotterUnit' completely with a factor of 8 (/home/edci/workspace/SQA_kernels/src/qmc.cpp:57:0)
INFO: [HLS 214-186] Unrolling loop 'VITIS_LOOP_9_1' (/home/edci/workspace/SQA_kernels/src/qmc.cpp:9:21) in function 'U50::TrotterUnit' completely with a factor of 1 (/home/edci/workspace/SQA_kernels/src/qmc.cpp:57:0)
INFO: [HLS 214-186] Unrolling loop 'VITIS_LOOP_9_1' (/home/edci/workspace/SQA_kernels/src/qmc.cpp:9:21) in function 'U50::TrotterUnit' completely with a factor of 2 (/home/edci/workspace/SQA_kernels/src/qmc.cpp:57:0)
INFO: [HLS 214-186] Unrolling loop 'VITIS_LOOP_9_1' (/home/edci/workspace/SQA_kernels/src/qmc.cpp:9:21) in function 'U50::TrotterUnit' completely with a factor of 4 (/home/edci/workspace/SQA_kernels/src/qmc.cpp:57:0)
INFO: [HLS 214-186] Unrolling loop 'VITIS_LOOP_18_1' (/home/edci/workspace/SQA_kernels/src/qmc.cpp:18:19) in function 'U50::TrotterUnit' completely with a factor of 8 (/home/edci/workspace/SQA_kernels/src/qmc.cpp:57:0)
INFO: [HLS 214-186] Unrolling loop 'VITIS_LOOP_9_1' (/home/edci/workspace/SQA_kernels/src/qmc.cpp:9:21) in function 'U50::TrotterUnit' completely with a factor of 1 (/home/edci/workspace/SQA_kernels/src/qmc.cpp:57:0)
INFO: [HLS 214-186] Unrolling loop 'VITIS_LOOP_9_1' (/home/edci/workspace/SQA_kernels/src/qmc.cpp:9:21) in function 'U50::TrotterUnit' completely with a factor of 2 (/home/edci/workspace/SQA_kernels/src/qmc.cpp:57:0)
INFO: [HLS 214-186] Unrolling loop 'VITIS_LOOP_9_1' (/home/edci/workspace/SQA_kernels/src/qmc.cpp:9:21) in function 'U50::TrotterUnit' completely with a factor of 4 (/home/edci/workspace/SQA_kernels/src/qmc.cpp:57:0)
INFO: [HLS 214-186] Unrolling loop 'VITIS_LOOP_18_1' (/home/edci/workspace/SQA_kernels/src/qmc.cpp:18:19) in function 'U50::TrotterUnit' completely with a factor of 8 (/home/edci/workspace/SQA_kernels/src/qmc.cpp:57:0)
INFO: [HLS 214-186] Unrolling loop 'VITIS_LOOP_9_1' (/home/edci/workspace/SQA_kernels/src/qmc.cpp:9:21) in function 'U50::TrotterUnit' completely with a factor of 1 (/home/edci/workspace/SQA_kernels/src/qmc.cpp:57:0)
INFO: [HLS 214-186] Unrolling loop 'VITIS_LOOP_9_1' (/home/edci/workspace/SQA_kernels/src/qmc.cpp:9:21) in function 'U50::TrotterUnit' completely with a factor of 2 (/home/edci/workspace/SQA_kernels/src/qmc.cpp:57:0)
INFO: [HLS 214-186] Unrolling loop 'VITIS_LOOP_9_1' (/home/edci/workspace/SQA_kernels/src/qmc.cpp:9:21) in function 'U50::TrotterUnit' completely with a factor of 4 (/home/edci/workspace/SQA_kernels/src/qmc.cpp:57:0)
INFO: [HLS 214-186] Unrolling loop 'VITIS_LOOP_18_1' (/home/edci/workspace/SQA_kernels/src/qmc.cpp:18:19) in function 'U50::TrotterUnit' completely with a factor of 8 (/home/edci/workspace/SQA_kernels/src/qmc.cpp:57:0)
INFO: [HLS 214-186] Unrolling loop 'VITIS_LOOP_9_1' (/home/edci/workspace/SQA_kernels/src/qmc.cpp:9:21) in function 'U50::TrotterUnit' completely with a factor of 1 (/home/edci/workspace/SQA_kernels/src/qmc.cpp:57:0)
INFO: [HLS 214-186] Unrolling loop 'VITIS_LOOP_9_1' (/home/edci/workspace/SQA_kernels/src/qmc.cpp:9:21) in function 'U50::TrotterUnit' completely with a factor of 2 (/home/edci/workspace/SQA_kernels/src/qmc.cpp:57:0)
INFO: [HLS 214-186] Unrolling loop 'VITIS_LOOP_9_1' (/home/edci/workspace/SQA_kernels/src/qmc.cpp:9:21) in function 'U50::TrotterUnit' completely with a factor of 4 (/home/edci/workspace/SQA_kernels/src/qmc.cpp:57:0)
INFO: [HLS 214-186] Unrolling loop 'VITIS_LOOP_18_1' (/home/edci/workspace/SQA_kernels/src/qmc.cpp:18:19) in function 'U50::TrotterUnit' completely with a factor of 8 (/home/edci/workspace/SQA_kernels/src/qmc.cpp:57:0)
INFO: [HLS 214-186] Unrolling loop 'VITIS_LOOP_9_1' (/home/edci/workspace/SQA_kernels/src/qmc.cpp:9:21) in function 'U50::TrotterUnit' completely with a factor of 1 (/home/edci/workspace/SQA_kernels/src/qmc.cpp:57:0)
INFO: [HLS 214-186] Unrolling loop 'VITIS_LOOP_9_1' (/home/edci/workspace/SQA_kernels/src/qmc.cpp:9:21) in function 'U50::TrotterUnit' completely with a factor of 2 (/home/edci/workspace/SQA_kernels/src/qmc.cpp:57:0)
INFO: [HLS 214-186] Unrolling loop 'VITIS_LOOP_9_1' (/home/edci/workspace/SQA_kernels/src/qmc.cpp:9:21) in function 'U50::TrotterUnit' completely with a factor of 4 (/home/edci/workspace/SQA_kernels/src/qmc.cpp:57:0)
INFO: [HLS 214-186] Unrolling loop 'VITIS_LOOP_18_1' (/home/edci/workspace/SQA_kernels/src/qmc.cpp:18:19) in function 'U50::TrotterUnit' completely with a factor of 8 (/home/edci/workspace/SQA_kernels/src/qmc.cpp:57:0)
INFO: [HLS 214-186] Unrolling loop 'VITIS_LOOP_9_1' (/home/edci/workspace/SQA_kernels/src/qmc.cpp:9:21) in function 'U50::TrotterUnit' completely with a factor of 1 (/home/edci/workspace/SQA_kernels/src/qmc.cpp:57:0)
INFO: [HLS 214-186] Unrolling loop 'VITIS_LOOP_9_1' (/home/edci/workspace/SQA_kernels/src/qmc.cpp:9:21) in function 'U50::TrotterUnit' completely with a factor of 2 (/home/edci/workspace/SQA_kernels/src/qmc.cpp:57:0)
INFO: [HLS 214-186] Unrolling loop 'VITIS_LOOP_9_1' (/home/edci/workspace/SQA_kernels/src/qmc.cpp:9:21) in function 'U50::TrotterUnit' completely with a factor of 4 (/home/edci/workspace/SQA_kernels/src/qmc.cpp:57:0)
INFO: [HLS 214-186] Unrolling loop 'VITIS_LOOP_18_1' (/home/edci/workspace/SQA_kernels/src/qmc.cpp:18:19) in function 'U50::TrotterUnit' completely with a factor of 8 (/home/edci/workspace/SQA_kernels/src/qmc.cpp:57:0)
INFO: [HLS 214-186] Unrolling loop 'VITIS_LOOP_9_1' (/home/edci/workspace/SQA_kernels/src/qmc.cpp:9:21) in function 'U50::TrotterUnit' completely with a factor of 1 (/home/edci/workspace/SQA_kernels/src/qmc.cpp:57:0)
INFO: [HLS 214-186] Unrolling loop 'VITIS_LOOP_9_1' (/home/edci/workspace/SQA_kernels/src/qmc.cpp:9:21) in function 'U50::TrotterUnit' completely with a factor of 2 (/home/edci/workspace/SQA_kernels/src/qmc.cpp:57:0)
INFO: [HLS 214-186] Unrolling loop 'VITIS_LOOP_9_1' (/home/edci/workspace/SQA_kernels/src/qmc.cpp:9:21) in function 'U50::TrotterUnit' completely with a factor of 4 (/home/edci/workspace/SQA_kernels/src/qmc.cpp:57:0)
INFO: [HLS 214-186] Unrolling loop 'VITIS_LOOP_18_1' (/home/edci/workspace/SQA_kernels/src/qmc.cpp:18:19) in function 'U50::TrotterUnit' completely with a factor of 8 (/home/edci/workspace/SQA_kernels/src/qmc.cpp:57:0)
INFO: [HLS 214-186] Unrolling loop 'VITIS_LOOP_9_1' (/home/edci/workspace/SQA_kernels/src/qmc.cpp:9:21) in function 'U50::TrotterUnit' completely with a factor of 1 (/home/edci/workspace/SQA_kernels/src/qmc.cpp:57:0)
INFO: [HLS 214-186] Unrolling loop 'VITIS_LOOP_9_1' (/home/edci/workspace/SQA_kernels/src/qmc.cpp:9:21) in function 'U50::TrotterUnit' completely with a factor of 2 (/home/edci/workspace/SQA_kernels/src/qmc.cpp:57:0)
INFO: [HLS 214-186] Unrolling loop 'VITIS_LOOP_9_1' (/home/edci/workspace/SQA_kernels/src/qmc.cpp:9:21) in function 'U50::TrotterUnit' completely with a factor of 4 (/home/edci/workspace/SQA_kernels/src/qmc.cpp:57:0)
INFO: [HLS 214-186] Unrolling loop 'VITIS_LOOP_18_1' (/home/edci/workspace/SQA_kernels/src/qmc.cpp:18:19) in function 'U50::TrotterUnit' completely with a factor of 8 (/home/edci/workspace/SQA_kernels/src/qmc.cpp:57:0)
INFO: [HLS 214-186] Unrolling loop 'VITIS_LOOP_9_1' (/home/edci/workspace/SQA_kernels/src/qmc.cpp:9:21) in function 'U50::TrotterUnit' completely with a factor of 1 (/home/edci/workspace/SQA_kernels/src/qmc.cpp:57:0)
INFO: [HLS 214-186] Unrolling loop 'VITIS_LOOP_9_1' (/home/edci/workspace/SQA_kernels/src/qmc.cpp:9:21) in function 'U50::TrotterUnit' completely with a factor of 2 (/home/edci/workspace/SQA_kernels/src/qmc.cpp:57:0)
INFO: [HLS 214-186] Unrolling loop 'VITIS_LOOP_9_1' (/home/edci/workspace/SQA_kernels/src/qmc.cpp:9:21) in function 'U50::TrotterUnit' completely with a factor of 4 (/home/edci/workspace/SQA_kernels/src/qmc.cpp:57:0)
INFO: [HLS 214-186] Unrolling loop 'VITIS_LOOP_18_1' (/home/edci/workspace/SQA_kernels/src/qmc.cpp:18:19) in function 'U50::TrotterUnit' completely with a factor of 8 (/home/edci/workspace/SQA_kernels/src/qmc.cpp:57:0)
INFO: [HLS 214-186] Unrolling loop 'VITIS_LOOP_9_1' (/home/edci/workspace/SQA_kernels/src/qmc.cpp:9:21) in function 'U50::TrotterUnit' completely with a factor of 1 (/home/edci/workspace/SQA_kernels/src/qmc.cpp:57:0)
INFO: [HLS 214-186] Unrolling loop 'VITIS_LOOP_9_1' (/home/edci/workspace/SQA_kernels/src/qmc.cpp:9:21) in function 'U50::TrotterUnit' completely with a factor of 2 (/home/edci/workspace/SQA_kernels/src/qmc.cpp:57:0)
INFO: [HLS 214-186] Unrolling loop 'VITIS_LOOP_9_1' (/home/edci/workspace/SQA_kernels/src/qmc.cpp:9:21) in function 'U50::TrotterUnit' completely with a factor of 4 (/home/edci/workspace/SQA_kernels/src/qmc.cpp:57:0)
INFO: [HLS 214-186] Unrolling loop 'VITIS_LOOP_18_1' (/home/edci/workspace/SQA_kernels/src/qmc.cpp:18:19) in function 'U50::TrotterUnit' completely with a factor of 8 (/home/edci/workspace/SQA_kernels/src/qmc.cpp:57:0)
INFO: [HLS 214-186] Unrolling loop 'VITIS_LOOP_9_1' (/home/edci/workspace/SQA_kernels/src/qmc.cpp:9:21) in function 'U50::TrotterUnit' completely with a factor of 1 (/home/edci/workspace/SQA_kernels/src/qmc.cpp:57:0)
INFO: [HLS 214-186] Unrolling loop 'VITIS_LOOP_9_1' (/home/edci/workspace/SQA_kernels/src/qmc.cpp:9:21) in function 'U50::TrotterUnit' completely with a factor of 2 (/home/edci/workspace/SQA_kernels/src/qmc.cpp:57:0)
INFO: [HLS 214-186] Unrolling loop 'VITIS_LOOP_9_1' (/home/edci/workspace/SQA_kernels/src/qmc.cpp:9:21) in function 'U50::TrotterUnit' completely with a factor of 4 (/home/edci/workspace/SQA_kernels/src/qmc.cpp:57:0)
INFO: [HLS 214-186] Unrolling loop 'VITIS_LOOP_18_1' (/home/edci/workspace/SQA_kernels/src/qmc.cpp:18:19) in function 'U50::TrotterUnit' completely with a factor of 8 (/home/edci/workspace/SQA_kernels/src/qmc.cpp:57:0)
INFO: [HLS 214-186] Unrolling loop 'VITIS_LOOP_9_1' (/home/edci/workspace/SQA_kernels/src/qmc.cpp:9:21) in function 'U50::TrotterUnit' completely with a factor of 1 (/home/edci/workspace/SQA_kernels/src/qmc.cpp:57:0)
INFO: [HLS 214-186] Unrolling loop 'VITIS_LOOP_9_1' (/home/edci/workspace/SQA_kernels/src/qmc.cpp:9:21) in function 'U50::TrotterUnit' completely with a factor of 2 (/home/edci/workspace/SQA_kernels/src/qmc.cpp:57:0)
INFO: [HLS 214-186] Unrolling loop 'VITIS_LOOP_9_1' (/home/edci/workspace/SQA_kernels/src/qmc.cpp:9:21) in function 'U50::TrotterUnit' completely with a factor of 4 (/home/edci/workspace/SQA_kernels/src/qmc.cpp:57:0)
INFO: [HLS 214-186] Unrolling loop 'VITIS_LOOP_18_1' (/home/edci/workspace/SQA_kernels/src/qmc.cpp:18:19) in function 'U50::TrotterUnit' completely with a factor of 8 (/home/edci/workspace/SQA_kernels/src/qmc.cpp:57:0)
INFO: [HLS 214-186] Unrolling loop 'VITIS_LOOP_72_1' (/home/edci/workspace/SQA_kernels/src/qmc.cpp:72:22) in function 'U50::TrotterUnit' completely with a factor of 16 (/home/edci/workspace/SQA_kernels/src/qmc.cpp:57:0)
INFO: [HLS 214-186] Unrolling loop 'VITIS_LOOP_74_2' (/home/edci/workspace/SQA_kernels/src/qmc.cpp:74:19) in function 'U50::TrotterUnit' completely with a factor of 32 (/home/edci/workspace/SQA_kernels/src/qmc.cpp:57:0)
INFO: [HLS 214-186] Unrolling loop 'VITIS_LOOP_74_2' (/home/edci/workspace/SQA_kernels/src/qmc.cpp:74:19) in function 'U50::TrotterUnit' completely with a factor of 32 (/home/edci/workspace/SQA_kernels/src/qmc.cpp:57:0)
INFO: [HLS 214-186] Unrolling loop 'VITIS_LOOP_74_2' (/home/edci/workspace/SQA_kernels/src/qmc.cpp:74:19) in function 'U50::TrotterUnit' completely with a factor of 32 (/home/edci/workspace/SQA_kernels/src/qmc.cpp:57:0)
INFO: [HLS 214-186] Unrolling loop 'VITIS_LOOP_74_2' (/home/edci/workspace/SQA_kernels/src/qmc.cpp:74:19) in function 'U50::TrotterUnit' completely with a factor of 32 (/home/edci/workspace/SQA_kernels/src/qmc.cpp:57:0)
INFO: [HLS 214-186] Unrolling loop 'VITIS_LOOP_74_2' (/home/edci/workspace/SQA_kernels/src/qmc.cpp:74:19) in function 'U50::TrotterUnit' completely with a factor of 32 (/home/edci/workspace/SQA_kernels/src/qmc.cpp:57:0)
INFO: [HLS 214-186] Unrolling loop 'VITIS_LOOP_74_2' (/home/edci/workspace/SQA_kernels/src/qmc.cpp:74:19) in function 'U50::TrotterUnit' completely with a factor of 32 (/home/edci/workspace/SQA_kernels/src/qmc.cpp:57:0)
INFO: [HLS 214-186] Unrolling loop 'VITIS_LOOP_74_2' (/home/edci/workspace/SQA_kernels/src/qmc.cpp:74:19) in function 'U50::TrotterUnit' completely with a factor of 32 (/home/edci/workspace/SQA_kernels/src/qmc.cpp:57:0)
INFO: [HLS 214-186] Unrolling loop 'VITIS_LOOP_74_2' (/home/edci/workspace/SQA_kernels/src/qmc.cpp:74:19) in function 'U50::TrotterUnit' completely with a factor of 32 (/home/edci/workspace/SQA_kernels/src/qmc.cpp:57:0)
INFO: [HLS 214-186] Unrolling loop 'VITIS_LOOP_74_2' (/home/edci/workspace/SQA_kernels/src/qmc.cpp:74:19) in function 'U50::TrotterUnit' completely with a factor of 32 (/home/edci/workspace/SQA_kernels/src/qmc.cpp:57:0)
INFO: [HLS 214-186] Unrolling loop 'VITIS_LOOP_74_2' (/home/edci/workspace/SQA_kernels/src/qmc.cpp:74:19) in function 'U50::TrotterUnit' completely with a factor of 32 (/home/edci/workspace/SQA_kernels/src/qmc.cpp:57:0)
INFO: [HLS 214-186] Unrolling loop 'VITIS_LOOP_74_2' (/home/edci/workspace/SQA_kernels/src/qmc.cpp:74:19) in function 'U50::TrotterUnit' completely with a factor of 32 (/home/edci/workspace/SQA_kernels/src/qmc.cpp:57:0)
INFO: [HLS 214-186] Unrolling loop 'VITIS_LOOP_74_2' (/home/edci/workspace/SQA_kernels/src/qmc.cpp:74:19) in function 'U50::TrotterUnit' completely with a factor of 32 (/home/edci/workspace/SQA_kernels/src/qmc.cpp:57:0)
INFO: [HLS 214-186] Unrolling loop 'VITIS_LOOP_74_2' (/home/edci/workspace/SQA_kernels/src/qmc.cpp:74:19) in function 'U50::TrotterUnit' completely with a factor of 32 (/home/edci/workspace/SQA_kernels/src/qmc.cpp:57:0)
INFO: [HLS 214-186] Unrolling loop 'VITIS_LOOP_74_2' (/home/edci/workspace/SQA_kernels/src/qmc.cpp:74:19) in function 'U50::TrotterUnit' completely with a factor of 32 (/home/edci/workspace/SQA_kernels/src/qmc.cpp:57:0)
INFO: [HLS 214-186] Unrolling loop 'VITIS_LOOP_74_2' (/home/edci/workspace/SQA_kernels/src/qmc.cpp:74:19) in function 'U50::TrotterUnit' completely with a factor of 32 (/home/edci/workspace/SQA_kernels/src/qmc.cpp:57:0)
INFO: [HLS 214-186] Unrolling loop 'VITIS_LOOP_74_2' (/home/edci/workspace/SQA_kernels/src/qmc.cpp:74:19) in function 'U50::TrotterUnit' completely with a factor of 32 (/home/edci/workspace/SQA_kernels/src/qmc.cpp:57:0)
INFO: [HLS 214-178] Inlining function 'fp_struct<float>::data() const' into 'fp_struct<float>::to_float() const' (/wrk/ci/prod/2021.1/rdi_builds/continuous/2021_06_10_3247384/src/shared/hls/clib/src/hls/utils/x_hls_utils.h:346:0)
INFO: [HLS 214-178] Inlining function 'fp_struct<float>::to_float() const' into 'fp_struct<float>::to_ieee() const' (/wrk/ci/prod/2021.1/rdi_builds/continuous/2021_06_10_3247384/src/shared/hls/clib/src/hls/utils/x_hls_utils.h:370:0)
INFO: [HLS 214-178] Inlining function 'fp_struct<float>::fp_struct(float)' into 'float generic_copysign<float>(float, float)' (/wrk/ci/prod/2021.1/rdi_builds/continuous/2021_06_10_3247384/src/shared/hls/clib/hlsmath/include/FloatingPoint/hls_copysign.h:10:0)
INFO: [HLS 214-178] Inlining function 'fp_struct<float>::to_ieee() const' into 'float generic_copysign<float>(float, float)' (/wrk/ci/prod/2021.1/rdi_builds/continuous/2021_06_10_3247384/src/shared/hls/clib/hlsmath/include/FloatingPoint/hls_copysign.h:10:0)
INFO: [HLS 214-178] Inlining function 'float generic_copysign<float>(float, float)' into 'hls::copysign(float, float)' (/wrk/ci/prod/2021.1/rdi_builds/continuous/2021_06_10_3247384/src/shared/hls/clib/hlsmath/src/c++/copysignfloat.cpp:6:0)
INFO: [HLS 214-178] Inlining function 'hls::copysign(float, float)' into 'hls::copysignf(float, float)' (/wrk/ci/prod/2021.1/rdi_builds/continuous/2021_06_10_3247384/src/shared/hls/clib/hlsmath/src/c++/copysignfloat.cpp:10:0)
WARNING: [HLS 214-253] Ignore array partition/reshape applied to 'logRand' which is a m_axi interface.
WARNING: [HLS 214-253] Ignore array partition/reshape applied to 'trotters' which is a m_axi interface.
INFO: [HLS 214-241] Aggregating maxi variable 'Jcoup' with non-compact mode in 512-bits
INFO: [HLS 214-241] Aggregating maxi variable 'trotters' with non-compact mode in 512-bits (/home/edci/workspace/SQA_kernels/src/qmc.cpp:155:0)
INFO: [HLS 214-270] Starting automatic array partition analysis...
INFO: [HLS 214-131] Inlining function '_llvm.fpga.unpack.none.f32.i32' into 'QuantumMonteCarloU50' (/home/edci/workspace/SQA_kernels/src/qmc.cpp:241:29)
INFO: [HLS 214-131] Inlining function '_llvm.fpga.unpack.none.f32.i32' into 'QuantumMonteCarloU50' (/home/edci/workspace/SQA_kernels/src/qmc.cpp:241:29)
INFO: [HLS 214-131] Inlining function '_llvm.fpga.unpack.none.f32.i32' into 'QuantumMonteCarloU50' (/home/edci/workspace/SQA_kernels/src/qmc.cpp:241:29)
INFO: [HLS 214-131] Inlining function '_llvm.fpga.unpack.none.f32.i32' into 'QuantumMonteCarloU50' (/home/edci/workspace/SQA_kernels/src/qmc.cpp:241:29)
INFO: [HLS 214-131] Inlining function '_llvm.fpga.unpack.none.f32.i32' into 'QuantumMonteCarloU50' (/home/edci/workspace/SQA_kernels/src/qmc.cpp:241:29)
INFO: [HLS 214-131] Inlining function '_llvm.fpga.unpack.none.f32.i32' into 'QuantumMonteCarloU50' (/home/edci/workspace/SQA_kernels/src/qmc.cpp:241:29)
INFO: [HLS 214-131] Inlining function '_llvm.fpga.unpack.none.f32.i32' into 'QuantumMonteCarloU50' (/home/edci/workspace/SQA_kernels/src/qmc.cpp:241:29)
INFO: [HLS 214-131] Inlining function '_llvm.fpga.unpack.none.f32.i32' into 'QuantumMonteCarloU50' (/home/edci/workspace/SQA_kernels/src/qmc.cpp:241:29)
INFO: [HLS 214-131] Inlining function '_llvm.fpga.unpack.none.f32.i32' into 'QuantumMonteCarloU50' (/home/edci/workspace/SQA_kernels/src/qmc.cpp:241:29)
INFO: [HLS 214-131] Inlining function '_llvm.fpga.unpack.none.f32.i32' into 'QuantumMonteCarloU50' (/home/edci/workspace/SQA_kernels/src/qmc.cpp:241:29)
INFO: [HLS 214-131] Inlining function '_llvm.fpga.unpack.none.f32.i32' into 'QuantumMonteCarloU50' (/home/edci/workspace/SQA_kernels/src/qmc.cpp:241:29)
INFO: [HLS 214-131] Inlining function '_llvm.fpga.unpack.none.f32.i32' into 'QuantumMonteCarloU50' (/home/edci/workspace/SQA_kernels/src/qmc.cpp:241:29)
INFO: [HLS 214-131] Inlining function '_llvm.fpga.unpack.none.f32.i32' into 'QuantumMonteCarloU50' (/home/edci/workspace/SQA_kernels/src/qmc.cpp:241:29)
INFO: [HLS 214-131] Inlining function '_llvm.fpga.unpack.none.f32.i32' into 'QuantumMonteCarloU50' (/home/edci/workspace/SQA_kernels/src/qmc.cpp:241:29)
INFO: [HLS 214-131] Inlining function '_llvm.fpga.unpack.none.f32.i32' into 'QuantumMonteCarloU50' (/home/edci/workspace/SQA_kernels/src/qmc.cpp:241:29)
INFO: [HLS 214-131] Inlining function '_llvm.fpga.unpack.none.f32.i32' into 'QuantumMonteCarloU50' (/home/edci/workspace/SQA_kernels/src/qmc.cpp:241:29)
INFO: [HLS 200-111] Finished Compiling Optimization and Transform: CPU user time: 133.9 seconds. CPU system time: 0.78 seconds. Elapsed time: 134.68 seconds; current allocated memory: 283.004 MB.
INFO: [HLS 200-111] Finished Checking Pragmas: CPU user time: 0 seconds. CPU system time: 0 seconds. Elapsed time: 0 seconds; current allocated memory: 283.006 MB.
INFO: [HLS 200-10] Starting code transformations ...
INFO: [HLS 200-111] Finished Standard Transforms: CPU user time: 8.99 seconds. CPU system time: 0.02 seconds. Elapsed time: 9.01 seconds; current allocated memory: 318.130 MB.
INFO: [HLS 200-10] Checking synthesizability ...
WARNING: [SYNCHK 200-23] /home/edci/Xilinx/Vitis_HLS/2021.1/common/technology/autopilot/ap_int_ref.h:819: variable-indexed range selection may cause suboptimal QoR.
INFO: [SYNCHK 200-10] 0 error(s), 1 warning(s).
INFO: [HLS 200-111] Finished Checking Synthesizability: CPU user time: 2.14 seconds. CPU system time: 0.03 seconds. Elapsed time: 2.17 seconds; current allocated memory: 373.354 MB.
WARNING: [HLS 200-1476] Applying partition directive (/home/edci/workspace/SQA_kernels/src/qmc.cpp:188:9) and reshape directive (/home/edci/workspace/SQA_kernels/src/qmc.cpp:189:9) on the same variable 'JcoupLocal' (/home/edci/workspace/SQA_kernels/src/qmc.cpp:186) may lead to unexpected synthesis behaviors.\

INFO: [XFORM 203-131] Reshaping array 'JcoupLocal' (/home/edci/workspace/SQA_kernels/src/qmc.cpp:186) in dimension 3 completely.
INFO: [XFORM 203-101] Partitioning array 'iPack' (/home/edci/workspace/SQA_kernels/src/qmc.cpp:166) in dimension 1 completely.
INFO: [XFORM 203-101] Partitioning array 'iSpin' (/home/edci/workspace/SQA_kernels/src/qmc.cpp:168) in dimension 1 completely.
INFO: [XFORM 203-101] Partitioning array 'dH' (/home/edci/workspace/SQA_kernels/src/qmc.cpp:178) in dimension 1 completely.
INFO: [XFORM 203-101] Partitioning array 'JcoupLocal' (/home/edci/workspace/SQA_kernels/src/qmc.cpp:186) in dimension 1 completely.
INFO: [XFORM 203-401] Performing if-conversion on hyperblock from (/home/edci/workspace/SQA_kernels/src/qmc.cpp:117:24) to (/home/edci/workspace/SQA_kernels/src/qmc.cpp:135:9) in function 'U50::TrotterUnitFinal'... converting 5 basic blocks.
INFO: [HLS 200-111] Finished Loop, function and other optimizations: CPU user time: 19.97 seconds. CPU system time: 0.05 seconds. Elapsed time: 20.03 seconds; current allocated memory: 472.905 MB.
INFO: [XFORM 203-541] Flattening a loop nest 'READ_NEW_JCOUP' (/home/edci/workspace/SQA_kernels/src/qmc.cpp:232:24) in function 'QuantumMonteCarloU50'.
WARNING: [HLS 200-960] Cannot flatten loop 'LOOP_STAGE' (/home/edci/workspace/SQA_kernels/src/qmc.cpp:205:16) in function 'QuantumMonteCarloU50' more than one sub loop.
INFO: [HLS 200-472] Inferring partial write operation for 'JcoupLocal[3]' (/home/edci/workspace/SQA_kernels/src/qmc.cpp:279:40)
INFO: [HLS 200-472] Inferring partial write operation for 'JcoupLocal[0]' (/home/edci/workspace/SQA_kernels/src/qmc.cpp:240:59)
INFO: [HLS 200-111] Finished Architecture Synthesis: CPU user time: 2.54 seconds. CPU system time: 0.04 seconds. Elapsed time: 2.6 seconds; current allocated memory: 600.530 MB.
INFO: [HLS 200-10] Starting hardware synthesis ...
INFO: [HLS 200-10] Synthesizing 'QuantumMonteCarloU50' ...
INFO: [HLS 200-10] ----------------------------------------------------------------
INFO: [HLS 200-42] -- Implementing module 'QuantumMonteCarloU50_Pipeline_READ_NEW_JCOUP_VITIS_LOOP_234_1' 
INFO: [HLS 200-10] ----------------------------------------------------------------
INFO: [SCHED 204-11] Starting scheduling ...
INFO: [SCHED 204-61] Pipelining loop 'READ_NEW_JCOUP_VITIS_LOOP_234_1'.
WARNING: [HLS 200-880] The II Violation in module 'QuantumMonteCarloU50_Pipeline_READ_NEW_JCOUP_VITIS_LOOP_234_1' (loop 'READ_NEW_JCOUP_VITIS_LOOP_234_1'): Unable to enforce a carried dependence constraint (II = 1, distance = 2, offset = 1) between 'store' operation ('JcoupLocal_0_addr_write_ln240', /home/edci/workspace/SQA_kernels/src/qmc.cpp:240) of variable 'or_ln240_15', /home/edci/workspace/SQA_kernels/src/qmc.cpp:240 on array 'JcoupLocal_0' and 'load' operation ('JcoupLocal_0_load', /home/edci/workspace/SQA_kernels/src/qmc.cpp:240) on array 'JcoupLocal_0'.
WARNING: [HLS 200-880] The II Violation in module 'QuantumMonteCarloU50_Pipeline_READ_NEW_JCOUP_VITIS_LOOP_234_1' (loop 'READ_NEW_JCOUP_VITIS_LOOP_234_1'): Unable to enforce a carried dependence constraint (II = 2, distance = 2, offset = 1) between 'store' operation ('JcoupLocal_0_addr_write_ln240', /home/edci/workspace/SQA_kernels/src/qmc.cpp:240) of variable 'or_ln240_15', /home/edci/workspace/SQA_kernels/src/qmc.cpp:240 on array 'JcoupLocal_0' and 'load' operation ('JcoupLocal_0_load', /home/edci/workspace/SQA_kernels/src/qmc.cpp:240) on array 'JcoupLocal_0'.
WARNING: [HLS 200-880] The II Violation in module 'QuantumMonteCarloU50_Pipeline_READ_NEW_JCOUP_VITIS_LOOP_234_1' (loop 'READ_NEW_JCOUP_VITIS_LOOP_234_1'): Unable to enforce a carried dependence constraint (II = 3, distance = 2, offset = 1) between 'store' operation ('JcoupLocal_0_addr_write_ln240', /home/edci/workspace/SQA_kernels/src/qmc.cpp:240) of variable 'or_ln240_15', /home/edci/workspace/SQA_kernels/src/qmc.cpp:240 on array 'JcoupLocal_0' and 'load' operation ('JcoupLocal_0_load', /home/edci/workspace/SQA_kernels/src/qmc.cpp:240) on array 'JcoupLocal_0'.
WARNING: [HLS 200-880] The II Violation in module 'QuantumMonteCarloU50_Pipeline_READ_NEW_JCOUP_VITIS_LOOP_234_1' (loop 'READ_NEW_JCOUP_VITIS_LOOP_234_1'): Unable to enforce a carried dependence constraint (II = 4, distance = 2, offset = 1) between 'store' operation ('JcoupLocal_0_addr_write_ln240', /home/edci/workspace/SQA_kernels/src/qmc.cpp:240) of variable 'or_ln240_15', /home/edci/workspace/SQA_kernels/src/qmc.cpp:240 on array 'JcoupLocal_0' and 'load' operation ('JcoupLocal_0_load', /home/edci/workspace/SQA_kernels/src/qmc.cpp:240) on array 'JcoupLocal_0'.
WARNING: [HLS 200-880] The II Violation in module 'QuantumMonteCarloU50_Pipeline_READ_NEW_JCOUP_VITIS_LOOP_234_1' (loop 'READ_NEW_JCOUP_VITIS_LOOP_234_1'): Unable to enforce a carried dependence constraint (II = 11, distance = 1, offset = 0) between 'store' operation ('reuse_reg_write_ln240', /home/edci/workspace/SQA_kernels/src/qmc.cpp:240) of variable 'or_ln240_15', /home/edci/workspace/SQA_kernels/src/qmc.cpp:240 on local variable 'reuse_reg' and 'load' operation ('reuse_reg_load') on local variable 'reuse_reg'.
WARNING: [HLS 200-880] The II Violation in module 'QuantumMonteCarloU50_Pipeline_READ_NEW_JCOUP_VITIS_LOOP_234_1' (loop 'READ_NEW_JCOUP_VITIS_LOOP_234_1'): Unable to enforce a carried dependence constraint (II = 13, distance = 1, offset = 0) between 'store' operation ('reuse_reg_write_ln240', /home/edci/workspace/SQA_kernels/src/qmc.cpp:240) of variable 'or_ln240_15', /home/edci/workspace/SQA_kernels/src/qmc.cpp:240 on local variable 'reuse_reg' and 'load' operation ('reuse_reg_load') on local variable 'reuse_reg'.
WARNING: [HLS 200-880] The II Violation in module 'QuantumMonteCarloU50_Pipeline_READ_NEW_JCOUP_VITIS_LOOP_234_1' (loop 'READ_NEW_JCOUP_VITIS_LOOP_234_1'): Unable to enforce a carried dependence constraint (II = 14, distance = 1, offset = 0) between 'store' operation ('reuse_reg_write_ln240', /home/edci/workspace/SQA_kernels/src/qmc.cpp:240) of variable 'or_ln240_15', /home/edci/workspace/SQA_kernels/src/qmc.cpp:240 on local variable 'reuse_reg' and 'load' operation ('reuse_reg_load') on local variable 'reuse_reg'.
INFO: [SCHED 204-61] Discarding stage scheduling solution.
INFO: [HLS 200-1470] Pipelining result : Target II = NA, Final II = 15, Depth = 92, loop 'READ_NEW_JCOUP_VITIS_LOOP_234_1'
INFO: [SCHED 204-11] Finished scheduling.
INFO: [HLS 200-111] Finished Scheduling: CPU user time: 1.67 seconds. CPU system time: 0.05 seconds. Elapsed time: 1.72 seconds; current allocated memory: 608.367 MB.
INFO: [BIND 205-100] Starting micro-architecture generation ...
INFO: [BIND 205-101] Performing variable lifetime analysis.
INFO: [BIND 205-101] Exploring resource sharing.
INFO: [BIND 205-101] Binding ...
INFO: [BIND 205-100] Finished micro-architecture generation.
INFO: [HLS 200-111] Finished Binding: CPU user time: 3.07 seconds. CPU system time: 0 seconds. Elapsed time: 3.08 seconds; current allocated memory: 610.490 MB.
INFO: [HLS 200-10] ----------------------------------------------------------------
INFO: [HLS 200-42] -- Implementing module 'copysignf' 
INFO: [HLS 200-10] ----------------------------------------------------------------
INFO: [SCHED 204-11] Starting scheduling ...
INFO: [SCHED 204-11] Finished scheduling.
INFO: [HLS 200-111] Finished Scheduling: CPU user time: 3.41 seconds. CPU system time: 0 seconds. Elapsed time: 3.42 seconds; current allocated memory: 610.561 MB.
INFO: [BIND 205-100] Starting micro-architecture generation ...
INFO: [BIND 205-101] Performing variable lifetime analysis.
INFO: [BIND 205-101] Exploring resource sharing.
INFO: [BIND 205-101] Binding ...
INFO: [BIND 205-100] Finished micro-architecture generation.
INFO: [HLS 200-111] Finished Binding: CPU user time: 0.02 seconds. CPU system time: 0 seconds. Elapsed time: 0.02 seconds; current allocated memory: 610.602 MB.
INFO: [HLS 200-10] ----------------------------------------------------------------
INFO: [HLS 200-42] -- Implementing module 'TrotterUnit' 
INFO: [HLS 200-10] ----------------------------------------------------------------
INFO: [SCHED 204-11] Starting scheduling ...
INFO: [SCHED 204-11] Finished scheduling.
INFO: [HLS 200-111] Finished Scheduling: CPU user time: 15.92 seconds. CPU system time: 0.02 seconds. Elapsed time: 15.95 seconds; current allocated memory: 641.195 MB.
INFO: [BIND 205-100] Starting micro-architecture generation ...
INFO: [BIND 205-101] Performing variable lifetime analysis.
INFO: [BIND 205-101] Exploring resource sharing.
INFO: [BIND 205-101] Binding ...
INFO: [BIND 205-100] Starting global binding ...
INFO: [BIND 205-100] Finished micro-architecture generation.
INFO: [HLS 200-111] Finished Binding: CPU user time: 10.28 seconds. CPU system time: 0.02 seconds. Elapsed time: 10.31 seconds; current allocated memory: 667.927 MB.
INFO: [HLS 200-10] ----------------------------------------------------------------
INFO: [HLS 200-42] -- Implementing module 'TrotterUnitFinal' 
INFO: [HLS 200-10] ----------------------------------------------------------------
INFO: [SCHED 204-11] Starting scheduling ...
INFO: [SCHED 204-11] Finished scheduling.
INFO: [HLS 200-111] Finished Scheduling: CPU user time: 5.37 seconds. CPU system time: 0.03 seconds. Elapsed time: 5.4 seconds; current allocated memory: 668.505 MB.
INFO: [BIND 205-100] Starting micro-architecture generation ...
INFO: [BIND 205-101] Performing variable lifetime analysis.
INFO: [BIND 205-101] Exploring resource sharing.
INFO: [BIND 205-101] Binding ...
INFO: [BIND 205-100] Finished micro-architecture generation.
INFO: [HLS 200-111] Finished Binding: CPU user time: 0.69 seconds. CPU system time: 0 seconds. Elapsed time: 0.69 seconds; current allocated memory: 669.212 MB.
INFO: [HLS 200-10] ----------------------------------------------------------------
INFO: [HLS 200-42] -- Implementing module 'QuantumMonteCarloU50_Pipeline_SHIFT_JCOUP' 
INFO: [HLS 200-10] ----------------------------------------------------------------
INFO: [SCHED 204-11] Starting scheduling ...
INFO: [SCHED 204-61] Pipelining loop 'SHIFT_JCOUP'.
INFO: [HLS 200-1470] Pipelining result : Target II = NA, Final II = 1, Depth = 2, loop 'SHIFT_JCOUP'
INFO: [SCHED 204-11] Finished scheduling.
INFO: [HLS 200-111] Finished Scheduling: CPU user time: 0.26 seconds. CPU system time: 0.01 seconds. Elapsed time: 0.26 seconds; current allocated memory: 669.332 MB.
INFO: [BIND 205-100] Starting micro-architecture generation ...
INFO: [BIND 205-101] Performing variable lifetime analysis.
INFO: [BIND 205-101] Exploring resource sharing.
INFO: [BIND 205-101] Binding ...
INFO: [BIND 205-100] Finished micro-architecture generation.
INFO: [HLS 200-111] Finished Binding: CPU user time: 0.06 seconds. CPU system time: 0 seconds. Elapsed time: 0.06 seconds; current allocated memory: 669.458 MB.
INFO: [HLS 200-10] ----------------------------------------------------------------
INFO: [HLS 200-42] -- Implementing module 'QuantumMonteCarloU50' 
INFO: [HLS 200-10] ----------------------------------------------------------------
INFO: [SCHED 204-11] Starting scheduling ...
INFO: [SCHED 204-11] Finished scheduling.
INFO: [HLS 200-111] Finished Scheduling: CPU user time: 0.38 seconds. CPU system time: 0 seconds. Elapsed time: 0.39 seconds; current allocated memory: 671.374 MB.
INFO: [BIND 205-100] Starting micro-architecture generation ...
INFO: [BIND 205-101] Performing variable lifetime analysis.
INFO: [BIND 205-101] Exploring resource sharing.
INFO: [BIND 205-101] Binding ...
INFO: [BIND 205-100] Finished micro-architecture generation.
INFO: [HLS 200-111] Finished Binding: CPU user time: 1.17 seconds. CPU system time: 0.01 seconds. Elapsed time: 1.17 seconds; current allocated memory: 674.343 MB.
INFO: [HLS 200-10] ----------------------------------------------------------------
INFO: [HLS 200-10] -- Generating RTL for module 'QuantumMonteCarloU50_Pipeline_READ_NEW_JCOUP_VITIS_LOOP_234_1' 
INFO: [HLS 200-10] ----------------------------------------------------------------
INFO: [HLS 200-1030] Apply Unified Pipeline Control on module 'QuantumMonteCarloU50_Pipeline_READ_NEW_JCOUP_VITIS_LOOP_234_1' pipeline 'READ_NEW_JCOUP_VITIS_LOOP_234_1' pipeline type 'loop pipeline'
INFO: [RTGEN 206-104] Estimated max fanout for 'QuantumMonteCarloU50_Pipeline_READ_NEW_JCOUP_VITIS_LOOP_234_1' is 360807 from HDL expression: ((1'b0 == ap_block_pp0_stage0_11001) & (1'b1 == ap_CS_fsm_pp0_stage0))
INFO: [RTGEN 206-100] Finished creating RTL model for 'QuantumMonteCarloU50_Pipeline_READ_NEW_JCOUP_VITIS_LOOP_234_1'.
INFO: [HLS 200-111] Finished Creating RTL model: CPU user time: 7.54 seconds. CPU system time: 0 seconds. Elapsed time: 7.54 seconds; current allocated memory: 682.123 MB.
INFO: [HLS 200-10] ----------------------------------------------------------------
