

================================================================
== Synthesis Summary Report of 'QuantumMonteCarloU50'
================================================================
+ General Information: 
    * Date:           Sat Sep 25 11:05:26 2021
    * Version:        2021.1 (Build 3247384 on Thu Jun 10 19:36:33 MDT 2021)
    * Project:        SQA-Vitis
    * Solution:       solution1 (Vitis Kernel Flow Target)
    * Product family: virtexuplus
    * Target device:  xcvu35p-fsvh2892-2-e
    

+ Performance & Resource Estimates: 
    
    PS: '+' for module; 'o' for loop; '*' for dataflow
    +------------------------------------------------------------------------------+--------+-------+---------+-----------+----------+---------+------+----------+---------+------------+---------------+--------------+-----+
    |                                    Modules                                   |  Issue |       | Latency |  Latency  | Iteration|         | Trip |          |         |            |               |              |     |
    |                                    & Loops                                   |  Type  | Slack | (cycles)|    (ns)   |  Latency | Interval| Count| Pipelined|  BRAM   |     DSP    |       FF      |      LUT     | URAM|
    +------------------------------------------------------------------------------+--------+-------+---------+-----------+----------+---------+------+----------+---------+------------+---------------+--------------+-----+
    |+ QuantumMonteCarloU50                                                        |  Timing|  -0.41|  2777590|  9.258e+06|         -|  2777591|     -|        no|  92 (3%)|  4126 (69%)|  1076511 (61%)|  759195 (87%)|    -|
    | + grp_QuantumMonteCarloU50_Pipeline_READ_TROTTERS_READ_TROTTERS_1_fu_3187    |       -|   0.00|     2051|  6.836e+03|         -|     2051|     -|        no|        -|           -|     1018 (~0%)|     590 (~0%)|    -|
    |  o READ_TROTTERS_READ_TROTTERS_1                                             |       -|   2.43|     2049|  6.829e+03|         3|        1|  2048|       yes|        -|           -|              -|             -|    -|
    | + grp_QuantumMonteCarloU50_Pipeline_READ_JCOUP_fu_3258                       |       -|   0.00|      265|    883.245|         -|      265|     -|        no|        -|           -|     26951 (1%)|    2528 (~0%)|    -|
    |  o READ_JCOUP                                                                |      II|   2.43|      263|    876.579|        75|        3|    64|       yes|        -|           -|              -|             -|    -|
    | + grp_Run_fu_3271                                                            |  Timing|  -0.41|      173|    576.609|         -|      173|     -|        no|        -|    128 (2%)|     29734 (1%)|    20045 (2%)|    -|
    |  + grp_Run_Pipeline_SUM_UP_fu_343                                            |       -|   0.09|      120|    399.960|         -|      120|     -|        no|        -|    122 (2%)|     27765 (1%)|    18626 (2%)|    -|
    |   o SUM_UP                                                                   |      II|   2.43|      118|    393.294|        57|        2|    32|       yes|        -|           -|              -|             -|    -|
    | + grp_Run_fu_3279                                                            |  Timing|  -0.41|      173|    576.609|         -|      173|     -|        no|        -|    128 (2%)|     29734 (1%)|    20045 (2%)|    -|
    |  + grp_Run_Pipeline_SUM_UP_fu_343                                            |       -|   0.09|      120|    399.960|         -|      120|     -|        no|        -|    122 (2%)|     27765 (1%)|    18626 (2%)|    -|
    |   o SUM_UP                                                                   |      II|   2.43|      118|    393.294|        57|        2|    32|       yes|        -|           -|              -|             -|    -|
    | + grp_Run_fu_3287                                                            |  Timing|  -0.41|      173|    576.609|         -|      173|     -|        no|        -|    128 (2%)|     29734 (1%)|    20045 (2%)|    -|
    |  + grp_Run_Pipeline_SUM_UP_fu_343                                            |       -|   0.09|      120|    399.960|         -|      120|     -|        no|        -|    122 (2%)|     27765 (1%)|    18626 (2%)|    -|
    |   o SUM_UP                                                                   |      II|   2.43|      118|    393.294|        57|        2|    32|       yes|        -|           -|              -|             -|    -|
    | + grp_Run_fu_3295                                                            |  Timing|  -0.41|      173|    576.609|         -|      173|     -|        no|        -|    128 (2%)|     29734 (1%)|    20045 (2%)|    -|
    |  + grp_Run_Pipeline_SUM_UP_fu_343                                            |       -|   0.09|      120|    399.960|         -|      120|     -|        no|        -|    122 (2%)|     27765 (1%)|    18626 (2%)|    -|
    |   o SUM_UP                                                                   |      II|   2.43|      118|    393.294|        57|        2|    32|       yes|        -|           -|              -|             -|    -|
    | + grp_Run_fu_3303                                                            |  Timing|  -0.41|      173|    576.609|         -|      173|     -|        no|        -|    128 (2%)|     29734 (1%)|    20045 (2%)|    -|
    |  + grp_Run_Pipeline_SUM_UP_fu_343                                            |       -|   0.09|      120|    399.960|         -|      120|     -|        no|        -|    122 (2%)|     27765 (1%)|    18626 (2%)|    -|
    |   o SUM_UP                                                                   |      II|   2.43|      118|    393.294|        57|        2|    32|       yes|        -|           -|              -|             -|    -|
    | + grp_Run_fu_3311                                                            |  Timing|  -0.41|      173|    576.609|         -|      173|     -|        no|        -|    128 (2%)|     29734 (1%)|    20045 (2%)|    -|
    |  + grp_Run_Pipeline_SUM_UP_fu_343                                            |       -|   0.09|      120|    399.960|         -|      120|     -|        no|        -|    122 (2%)|     27765 (1%)|    18626 (2%)|    -|
    |   o SUM_UP                                                                   |      II|   2.43|      118|    393.294|        57|        2|    32|       yes|        -|           -|              -|             -|    -|
    | + grp_Run_fu_3319                                                            |  Timing|  -0.41|      173|    576.609|         -|      173|     -|        no|        -|    128 (2%)|     29734 (1%)|    20045 (2%)|    -|
    |  + grp_Run_Pipeline_SUM_UP_fu_343                                            |       -|   0.09|      120|    399.960|         -|      120|     -|        no|        -|    122 (2%)|     27765 (1%)|    18626 (2%)|    -|
    |   o SUM_UP                                                                   |      II|   2.43|      118|    393.294|        57|        2|    32|       yes|        -|           -|              -|             -|    -|
    | + grp_Run_fu_3327                                                            |  Timing|  -0.41|      173|    576.609|         -|      173|     -|        no|        -|    128 (2%)|     29734 (1%)|    20045 (2%)|    -|
    |  + grp_Run_Pipeline_SUM_UP_fu_343                                            |       -|   0.09|      120|    399.960|         -|      120|     -|        no|        -|    122 (2%)|     27765 (1%)|    18626 (2%)|    -|
    |   o SUM_UP                                                                   |      II|   2.43|      118|    393.294|        57|        2|    32|       yes|        -|           -|              -|             -|    -|
    | + grp_Run_fu_3335                                                            |  Timing|  -0.41|      173|    576.609|         -|      173|     -|        no|        -|    128 (2%)|     29734 (1%)|    20045 (2%)|    -|
    |  + grp_Run_Pipeline_SUM_UP_fu_343                                            |       -|   0.09|      120|    399.960|         -|      120|     -|        no|        -|    122 (2%)|     27765 (1%)|    18626 (2%)|    -|
    |   o SUM_UP                                                                   |      II|   2.43|      118|    393.294|        57|        2|    32|       yes|        -|           -|              -|             -|    -|
    | + grp_Run_fu_3343                                                            |  Timing|  -0.41|      173|    576.609|         -|      173|     -|        no|        -|    128 (2%)|     29734 (1%)|    20045 (2%)|    -|
    |  + grp_Run_Pipeline_SUM_UP_fu_343                                            |       -|   0.09|      120|    399.960|         -|      120|     -|        no|        -|    122 (2%)|     27765 (1%)|    18626 (2%)|    -|
    |   o SUM_UP                                                                   |      II|   2.43|      118|    393.294|        57|        2|    32|       yes|        -|           -|              -|             -|    -|
    | + grp_Run_fu_3351                                                            |  Timing|  -0.41|      173|    576.609|         -|      173|     -|        no|        -|    128 (2%)|     29734 (1%)|    20045 (2%)|    -|
    |  + grp_Run_Pipeline_SUM_UP_fu_343                                            |       -|   0.09|      120|    399.960|         -|      120|     -|        no|        -|    122 (2%)|     27765 (1%)|    18626 (2%)|    -|
    |   o SUM_UP                                                                   |      II|   2.43|      118|    393.294|        57|        2|    32|       yes|        -|           -|              -|             -|    -|
    | + grp_Run_fu_3359                                                            |  Timing|  -0.41|      173|    576.609|         -|      173|     -|        no|        -|    128 (2%)|     29734 (1%)|    20045 (2%)|    -|
    |  + grp_Run_Pipeline_SUM_UP_fu_343                                            |       -|   0.09|      120|    399.960|         -|      120|     -|        no|        -|    122 (2%)|     27765 (1%)|    18626 (2%)|    -|
    |   o SUM_UP                                                                   |      II|   2.43|      118|    393.294|        57|        2|    32|       yes|        -|           -|              -|             -|    -|
    | + grp_Run_fu_3367                                                            |  Timing|  -0.41|      173|    576.609|         -|      173|     -|        no|        -|    128 (2%)|     29734 (1%)|    20045 (2%)|    -|
    |  + grp_Run_Pipeline_SUM_UP_fu_343                                            |       -|   0.09|      120|    399.960|         -|      120|     -|        no|        -|    122 (2%)|     27765 (1%)|    18626 (2%)|    -|
    |   o SUM_UP                                                                   |      II|   2.43|      118|    393.294|        57|        2|    32|       yes|        -|           -|              -|             -|    -|
    | + grp_Run_fu_3375                                                            |  Timing|  -0.41|      173|    576.609|         -|      173|     -|        no|        -|    128 (2%)|     29734 (1%)|    20045 (2%)|    -|
    |  + grp_Run_Pipeline_SUM_UP_fu_343                                            |       -|   0.09|      120|    399.960|         -|      120|     -|        no|        -|    122 (2%)|     27765 (1%)|    18626 (2%)|    -|
    |   o SUM_UP                                                                   |      II|   2.43|      118|    393.294|        57|        2|    32|       yes|        -|           -|              -|             -|    -|
    | + grp_Run_fu_3383                                                            |  Timing|  -0.41|      173|    576.609|         -|      173|     -|        no|        -|    128 (2%)|     29734 (1%)|    20045 (2%)|    -|
    |  + grp_Run_Pipeline_SUM_UP_fu_343                                            |       -|   0.09|      120|    399.960|         -|      120|     -|        no|        -|    122 (2%)|     27765 (1%)|    18626 (2%)|    -|
    |   o SUM_UP                                                                   |      II|   2.43|      118|    393.294|        57|        2|    32|       yes|        -|           -|              -|             -|    -|
    | + grp_Run_fu_3391                                                            |  Timing|  -0.41|      173|    576.609|         -|      173|     -|        no|        -|    128 (2%)|     29734 (1%)|    20045 (2%)|    -|
    |  + grp_Run_Pipeline_SUM_UP_fu_343                                            |       -|   0.09|      120|    399.960|         -|      120|     -|        no|        -|    122 (2%)|     27765 (1%)|    18626 (2%)|    -|
    |   o SUM_UP                                                                   |      II|   2.43|      118|    393.294|        57|        2|    32|       yes|        -|           -|              -|             -|    -|
    | + grp_Run_fu_3399                                                            |  Timing|  -0.41|      173|    576.609|         -|      173|     -|        no|        -|    128 (2%)|     29734 (1%)|    20045 (2%)|    -|
    |  + grp_Run_Pipeline_SUM_UP_fu_343                                            |       -|   0.09|      120|    399.960|         -|      120|     -|        no|        -|    122 (2%)|     27765 (1%)|    18626 (2%)|    -|
    |   o SUM_UP                                                                   |      II|   2.43|      118|    393.294|        57|        2|    32|       yes|        -|           -|              -|             -|    -|
    | + grp_Run_fu_3407                                                            |  Timing|  -0.41|      173|    576.609|         -|      173|     -|        no|        -|    128 (2%)|     29734 (1%)|    20045 (2%)|    -|
    |  + grp_Run_Pipeline_SUM_UP_fu_343                                            |       -|   0.09|      120|    399.960|         -|      120|     -|        no|        -|    122 (2%)|     27765 (1%)|    18626 (2%)|    -|
    |   o SUM_UP                                                                   |      II|   2.43|      118|    393.294|        57|        2|    32|       yes|        -|           -|              -|             -|    -|
    | + grp_Run_fu_3415                                                            |  Timing|  -0.41|      173|    576.609|         -|      173|     -|        no|        -|    128 (2%)|     29734 (1%)|    20045 (2%)|    -|
    |  + grp_Run_Pipeline_SUM_UP_fu_343                                            |       -|   0.09|      120|    399.960|         -|      120|     -|        no|        -|    122 (2%)|     27765 (1%)|    18626 (2%)|    -|
    |   o SUM_UP                                                                   |      II|   2.43|      118|    393.294|        57|        2|    32|       yes|        -|           -|              -|             -|    -|
    | + grp_Run_fu_3423                                                            |  Timing|  -0.41|      173|    576.609|         -|      173|     -|        no|        -|    128 (2%)|     29734 (1%)|    20045 (2%)|    -|
    |  + grp_Run_Pipeline_SUM_UP_fu_343                                            |       -|   0.09|      120|    399.960|         -|      120|     -|        no|        -|    122 (2%)|     27765 (1%)|    18626 (2%)|    -|
    |   o SUM_UP                                                                   |      II|   2.43|      118|    393.294|        57|        2|    32|       yes|        -|           -|              -|             -|    -|
    | + grp_Run_fu_3431                                                            |  Timing|  -0.41|      173|    576.609|         -|      173|     -|        no|        -|    128 (2%)|     29734 (1%)|    20045 (2%)|    -|
    |  + grp_Run_Pipeline_SUM_UP_fu_343                                            |       -|   0.09|      120|    399.960|         -|      120|     -|        no|        -|    122 (2%)|     27765 (1%)|    18626 (2%)|    -|
    |   o SUM_UP                                                                   |      II|   2.43|      118|    393.294|        57|        2|    32|       yes|        -|           -|              -|             -|    -|
    | + grp_Run_fu_3439                                                            |  Timing|  -0.41|      173|    576.609|         -|      173|     -|        no|        -|    128 (2%)|     29734 (1%)|    20045 (2%)|    -|
    |  + grp_Run_Pipeline_SUM_UP_fu_343                                            |       -|   0.09|      120|    399.960|         -|      120|     -|        no|        -|    122 (2%)|     27765 (1%)|    18626 (2%)|    -|
    |   o SUM_UP                                                                   |      II|   2.43|      118|    393.294|        57|        2|    32|       yes|        -|           -|              -|             -|    -|
    | + grp_Run_fu_3447                                                            |  Timing|  -0.41|      173|    576.609|         -|      173|     -|        no|        -|    128 (2%)|     29734 (1%)|    20045 (2%)|    -|
    |  + grp_Run_Pipeline_SUM_UP_fu_343                                            |       -|   0.09|      120|    399.960|         -|      120|     -|        no|        -|    122 (2%)|     27765 (1%)|    18626 (2%)|    -|
    |   o SUM_UP                                                                   |      II|   2.43|      118|    393.294|        57|        2|    32|       yes|        -|           -|              -|             -|    -|
    | + grp_Run_fu_3455                                                            |  Timing|  -0.41|      173|    576.609|         -|      173|     -|        no|        -|    128 (2%)|     29734 (1%)|    20045 (2%)|    -|
    |  + grp_Run_Pipeline_SUM_UP_fu_343                                            |       -|   0.09|      120|    399.960|         -|      120|     -|        no|        -|    122 (2%)|     27765 (1%)|    18626 (2%)|    -|
    |   o SUM_UP                                                                   |      II|   2.43|      118|    393.294|        57|        2|    32|       yes|        -|           -|              -|             -|    -|
    | + grp_Run_fu_3463                                                            |  Timing|  -0.41|      173|    576.609|         -|      173|     -|        no|        -|    128 (2%)|     29734 (1%)|    20045 (2%)|    -|
    |  + grp_Run_Pipeline_SUM_UP_fu_343                                            |       -|   0.09|      120|    399.960|         -|      120|     -|        no|        -|    122 (2%)|     27765 (1%)|    18626 (2%)|    -|
    |   o SUM_UP                                                                   |      II|   2.43|      118|    393.294|        57|        2|    32|       yes|        -|           -|              -|             -|    -|
    | + grp_Run_fu_3471                                                            |  Timing|  -0.41|      173|    576.609|         -|      173|     -|        no|        -|    128 (2%)|     29734 (1%)|    20045 (2%)|    -|
    |  + grp_Run_Pipeline_SUM_UP_fu_343                                            |       -|   0.09|      120|    399.960|         -|      120|     -|        no|        -|    122 (2%)|     27765 (1%)|    18626 (2%)|    -|
    |   o SUM_UP                                                                   |      II|   2.43|      118|    393.294|        57|        2|    32|       yes|        -|           -|              -|             -|    -|
    | + grp_Run_fu_3479                                                            |  Timing|  -0.41|      173|    576.609|         -|      173|     -|        no|        -|    128 (2%)|     29734 (1%)|    20045 (2%)|    -|
    |  + grp_Run_Pipeline_SUM_UP_fu_343                                            |       -|   0.09|      120|    399.960|         -|      120|     -|        no|        -|    122 (2%)|     27765 (1%)|    18626 (2%)|    -|
    |   o SUM_UP                                                                   |      II|   2.43|      118|    393.294|        57|        2|    32|       yes|        -|           -|              -|             -|    -|
    | + grp_Run_fu_3487                                                            |  Timing|  -0.41|      173|    576.609|         -|      173|     -|        no|        -|    128 (2%)|     29734 (1%)|    20045 (2%)|    -|
    |  + grp_Run_Pipeline_SUM_UP_fu_343                                            |       -|   0.09|      120|    399.960|         -|      120|     -|        no|        -|    122 (2%)|     27765 (1%)|    18626 (2%)|    -|
    |   o SUM_UP                                                                   |      II|   2.43|      118|    393.294|        57|        2|    32|       yes|        -|           -|              -|             -|    -|
    | + grp_Run_fu_3495                                                            |  Timing|  -0.41|      173|    576.609|         -|      173|     -|        no|        -|    128 (2%)|     29734 (1%)|    20045 (2%)|    -|
    |  + grp_Run_Pipeline_SUM_UP_fu_343                                            |       -|   0.09|      120|    399.960|         -|      120|     -|        no|        -|    122 (2%)|     27765 (1%)|    18626 (2%)|    -|
    |   o SUM_UP                                                                   |      II|   2.43|      118|    393.294|        57|        2|    32|       yes|        -|           -|              -|             -|    -|
    | + grp_Run_fu_3503                                                            |  Timing|  -0.41|      173|    576.609|         -|      173|     -|        no|        -|    128 (2%)|     29734 (1%)|    20045 (2%)|    -|
    |  + grp_Run_Pipeline_SUM_UP_fu_343                                            |       -|   0.09|      120|    399.960|         -|      120|     -|        no|        -|    122 (2%)|     27765 (1%)|    18626 (2%)|    -|
    |   o SUM_UP                                                                   |      II|   2.43|      118|    393.294|        57|        2|    32|       yes|        -|           -|              -|             -|    -|
    | + grp_Run_fu_3511                                                            |  Timing|  -0.41|      173|    576.609|         -|      173|     -|        no|        -|    128 (2%)|     29734 (1%)|    20045 (2%)|    -|
    |  + grp_Run_Pipeline_SUM_UP_fu_343                                            |       -|   0.09|      120|    399.960|         -|      120|     -|        no|        -|    122 (2%)|     27765 (1%)|    18626 (2%)|    -|
    |   o SUM_UP                                                                   |      II|   2.43|      118|    393.294|        57|        2|    32|       yes|        -|           -|              -|             -|    -|
    | + grp_RunFinal_fu_3519                                                       |       -|   0.09|       22|     73.326|         -|       22|     -|        no|        -|     5 (~0%)|      796 (~0%)|     733 (~0%)|    -|
    | + grp_RunFinal_fu_3538                                                       |       -|   0.09|       22|     73.326|         -|       22|     -|        no|        -|     5 (~0%)|      796 (~0%)|     733 (~0%)|    -|
    | + grp_RunFinal_fu_3557                                                       |       -|   0.09|       22|     73.326|         -|       22|     -|        no|        -|     5 (~0%)|      796 (~0%)|     733 (~0%)|    -|
    | + grp_RunFinal_fu_3576                                                       |       -|   0.09|       22|     73.326|         -|       22|     -|        no|        -|     5 (~0%)|      796 (~0%)|     733 (~0%)|    -|
    | + grp_RunFinal_fu_3595                                                       |       -|   0.09|       22|     73.326|         -|       22|     -|        no|        -|     5 (~0%)|      796 (~0%)|     733 (~0%)|    -|
    | + grp_RunFinal_fu_3614                                                       |       -|   0.09|       22|     73.326|         -|       22|     -|        no|        -|     5 (~0%)|      796 (~0%)|     733 (~0%)|    -|
    | + grp_RunFinal_fu_3633                                                       |       -|   0.09|       22|     73.326|         -|       22|     -|        no|        -|     5 (~0%)|      796 (~0%)|     733 (~0%)|    -|
    | + grp_RunFinal_fu_3652                                                       |       -|   0.09|       22|     73.326|         -|       22|     -|        no|        -|     5 (~0%)|      796 (~0%)|     733 (~0%)|    -|
    | + grp_RunFinal_fu_3671                                                       |       -|   0.09|       22|     73.326|         -|       22|     -|        no|        -|     5 (~0%)|      796 (~0%)|     733 (~0%)|    -|
    | + grp_RunFinal_fu_3690                                                       |       -|   0.09|       22|     73.326|         -|       22|     -|        no|        -|     5 (~0%)|      796 (~0%)|     733 (~0%)|    -|
    | + grp_RunFinal_fu_3709                                                       |       -|   0.09|       22|     73.326|         -|       22|     -|        no|        -|     5 (~0%)|      796 (~0%)|     733 (~0%)|    -|
    | + grp_RunFinal_fu_3728                                                       |       -|   0.09|       22|     73.326|         -|       22|     -|        no|        -|     5 (~0%)|      796 (~0%)|     733 (~0%)|    -|
    | + grp_RunFinal_fu_3747                                                       |       -|   0.09|       22|     73.326|         -|       22|     -|        no|        -|     5 (~0%)|      796 (~0%)|     733 (~0%)|    -|
    | + grp_RunFinal_fu_3766                                                       |       -|   0.09|       22|     73.326|         -|       22|     -|        no|        -|     5 (~0%)|      796 (~0%)|     733 (~0%)|    -|
    | + grp_RunFinal_fu_3785                                                       |       -|   0.09|       22|     73.326|         -|       22|     -|        no|        -|     5 (~0%)|      796 (~0%)|     733 (~0%)|    -|
    | + grp_RunFinal_fu_3804                                                       |       -|   0.09|       22|     73.326|         -|       22|     -|        no|        -|     5 (~0%)|      796 (~0%)|     733 (~0%)|    -|
    | + grp_RunFinal_fu_3823                                                       |       -|   0.09|       22|     73.326|         -|       22|     -|        no|        -|     5 (~0%)|      796 (~0%)|     733 (~0%)|    -|
    | + grp_RunFinal_fu_3842                                                       |       -|   0.09|       22|     73.326|         -|       22|     -|        no|        -|     5 (~0%)|      796 (~0%)|     733 (~0%)|    -|
    | + grp_RunFinal_fu_3861                                                       |       -|   0.09|       22|     73.326|         -|       22|     -|        no|        -|     5 (~0%)|      796 (~0%)|     733 (~0%)|    -|
    | + grp_RunFinal_fu_3880                                                       |       -|   0.09|       22|     73.326|         -|       22|     -|        no|        -|     5 (~0%)|      796 (~0%)|     733 (~0%)|    -|
    | + grp_RunFinal_fu_3899                                                       |       -|   0.09|       22|     73.326|         -|       22|     -|        no|        -|     5 (~0%)|      796 (~0%)|     733 (~0%)|    -|
    | + grp_RunFinal_fu_3918                                                       |       -|   0.09|       22|     73.326|         -|       22|     -|        no|        -|     5 (~0%)|      796 (~0%)|     733 (~0%)|    -|
    | + grp_RunFinal_fu_3937                                                       |       -|   0.09|       22|     73.326|         -|       22|     -|        no|        -|     5 (~0%)|      796 (~0%)|     733 (~0%)|    -|
    | + grp_RunFinal_fu_3956                                                       |       -|   0.09|       22|     73.326|         -|       22|     -|        no|        -|     5 (~0%)|      796 (~0%)|     733 (~0%)|    -|
    | + grp_RunFinal_fu_3975                                                       |       -|   0.09|       22|     73.326|         -|       22|     -|        no|        -|     5 (~0%)|      796 (~0%)|     733 (~0%)|    -|
    | + grp_RunFinal_fu_3994                                                       |       -|   0.09|       22|     73.326|         -|       22|     -|        no|        -|     5 (~0%)|      796 (~0%)|     733 (~0%)|    -|
    | + grp_RunFinal_fu_4013                                                       |       -|   0.09|       22|     73.326|         -|       22|     -|        no|        -|     5 (~0%)|      796 (~0%)|     733 (~0%)|    -|
    | + grp_RunFinal_fu_4032                                                       |       -|   0.09|       22|     73.326|         -|       22|     -|        no|        -|     5 (~0%)|      796 (~0%)|     733 (~0%)|    -|
    | + grp_RunFinal_fu_4051                                                       |       -|   0.09|       22|     73.326|         -|       22|     -|        no|        -|     5 (~0%)|      796 (~0%)|     733 (~0%)|    -|
    | + grp_RunFinal_fu_4070                                                       |       -|   0.09|       22|     73.326|         -|       22|     -|        no|        -|     5 (~0%)|      796 (~0%)|     733 (~0%)|    -|
    | + grp_RunFinal_fu_4089                                                       |       -|   0.09|       22|     73.326|         -|       22|     -|        no|        -|     5 (~0%)|      796 (~0%)|     733 (~0%)|    -|
    | + grp_QuantumMonteCarloU50_Pipeline_SHIFT_JCOUP_fu_4109                      |       -|   0.69|      127|    423.291|         -|      127|     -|        no|        -|           -|     64582 (3%)|    63968 (7%)|    -|
    |  o SHIFT_JCOUP                                                               |       -|   2.43|      125|    416.625|        63|        1|    64|       yes|        -|           -|              -|             -|    -|
    | + grp_QuantumMonteCarloU50_Pipeline_WRITE_TROTTERS_WRITE_TROTTERS_1_fu_4177  |       -|   0.00|     2051|  6.836e+03|         -|     2051|     -|        no|        -|           -|     1000 (~0%)|    1235 (~0%)|    -|
    |  o WRITE_TROTTERS_WRITE_TROTTERS_1                                           |       -|   2.43|     2049|  6.829e+03|         3|        1|  2048|       yes|        -|           -|              -|             -|    -|
    | o LOOP_STAGE                                                                 |       -|   2.43|  2773344|  9.244e+06|       672|        -|  4127|        no|        -|           -|              -|             -|    -|
    +------------------------------------------------------------------------------+--------+-------+---------+-----------+----------+---------+------+----------+---------+------------+---------------+--------------+-----+


================================================================
== HW Interfaces
================================================================
* M_AXI
+-------------+--------------+---------------+---------+--------+----------+-----------+--------------+--------------+-------------+-------------+
| Interface   | Data Width   | Address Width | Latency | Offset | Register | Max Widen | Max Read     | Max Write    | Num Read    | Num Write   |
|             | (SW->HW)     |               |         |        |          | Bitwidth  | Burst Length | Burst Length | Outstanding | Outstanding |
+-------------+--------------+---------------+---------+--------+----------+-----------+--------------+--------------+-------------+-------------+
| m_axi_gmem0 | 64 -> 512    | 64            | 64      | slave  | 0        | 512       | 16           | 16           | 16          | 16          |
| m_axi_gmem1 | 2048 -> 1024 | 64            | 64      | slave  | 0        | 512       | 16           | 16           | 16          | 16          |
| m_axi_gmem2 | 32 -> 32     | 64            | 64      | slave  | 0        | 512       | 16           | 16           | 16          | 16          |
| m_axi_gmem3 | 32 -> 32     | 64            | 64      | slave  | 0        | 512       | 16           | 16           | 16          | 16          |
+-------------+--------------+---------------+---------+--------+----------+-----------+--------------+--------------+-------------+-------------+

* S_AXILITE
+---------------+------------+---------------+--------+----------+
| Interface     | Data Width | Address Width | Offset | Register |
+---------------+------------+---------------+--------+----------+
| s_axi_control | 32         | 7             | 16     | 0        |
+---------------+------------+---------------+--------+----------+

* TOP LEVEL CONTROL
+-----------+---------------+-----------+
| Interface | Type          | Ports     |
+-----------+---------------+-----------+
| ap_clk    | clock         | ap_clk    |
| ap_rst_n  | reset         | ap_rst_n  |
| interrupt | interrupt     | interrupt |
| ap_ctrl   | ap_ctrl_chain |           |
+-----------+---------------+-----------+


================================================================
== SW I/O Information
================================================================
* Top Function Arguments
+----------+-----------+---------------+
| Argument | Direction | Datatype      |
+----------+-----------+---------------+
| trotters | inout     | ap_uint<64>*  |
| jcoup    | in        |  const *      |
| h        | in        | float const * |
| jperp    | in        | float const   |
| beta     | in        | float const   |
| log_rand | in        | float const * |
+----------+-----------+---------------+

* SW-to-HW Mapping
+----------+--------------------------+-----------+----------+-----------------------+
| Argument | HW Name                  | HW Type   | HW Usage | HW Info               |
+----------+--------------------------+-----------+----------+-----------------------+
| trotters | m_axi_gmem0              | interface |          |                       |
| trotters | s_axi_control trotters_1 | register  | offset   | offset=0x10, range=32 |
| trotters | s_axi_control trotters_2 | register  | offset   | offset=0x14, range=32 |
| jcoup    | m_axi_gmem1              | interface |          |                       |
| jcoup    | s_axi_control jcoup_1    | register  | offset   | offset=0x1c, range=32 |
| jcoup    | s_axi_control jcoup_2    | register  | offset   | offset=0x20, range=32 |
| h        | m_axi_gmem2              | interface |          |                       |
| h        | s_axi_control h_1        | register  | offset   | offset=0x28, range=32 |
| h        | s_axi_control h_2        | register  | offset   | offset=0x2c, range=32 |
| jperp    | s_axi_control jperp      | register  |          | offset=0x34, range=32 |
| beta     | s_axi_control beta       | register  |          | offset=0x3c, range=32 |
| log_rand | m_axi_gmem3              | interface |          |                       |
| log_rand | s_axi_control log_rand_1 | register  | offset   | offset=0x44, range=32 |
| log_rand | s_axi_control log_rand_2 | register  | offset   | offset=0x48, range=32 |
+----------+--------------------------+-----------+----------+-----------------------+


================================================================
== M_AXI Burst Information
================================================================
* Burst Summary
+--------------+---------------------------------------------------------------------------------------------------------------------------------------------------------------------------------------------------------------------------------+-----------------------------------------------------------------+
| HW Interface | Message                                                                                                                                                                                                                         | Location                                                        |
+--------------+---------------------------------------------------------------------------------------------------------------------------------------------------------------------------------------------------------------------------------+-----------------------------------------------------------------+
| m_axi_gmem0  | Multiple burst reads of length 256 and bit width 512. These bursts requests might be further partitioned into multiple requests during RTL generation, based on max_read_burst_length or max_write_burst_length settings.       | Simulated-Quantum-Annealing/vitis/src/kernel/qmc_u50.cpp:260:5  |
| m_axi_gmem1  | Multiple burst reads of variable length and bit width 1024. These bursts requests might be further partitioned into multiple requests during RTL generation, based on max_read_burst_length or max_write_burst_length settings. | Simulated-Quantum-Annealing/vitis/src/kernel/qmc_u50.cpp:319:23 |
| m_axi_gmem0  | Multiple burst writes of length 256 and bit width 512. These bursts requests might be further partitioned into multiple requests during RTL generation, based on max_read_burst_length or max_write_burst_length settings.      | Simulated-Quantum-Annealing/vitis/src/kernel/qmc_u50.cpp:351:5  |
+--------------+---------------------------------------------------------------------------------------------------------------------------------------------------------------------------------------------------------------------------------+-----------------------------------------------------------------+

* Bursts and Widening Missed
+--------------+----------+--------------------------------------------------------------------------------+------------+-----------------------------------------------------------------+
| HW Interface | Variable | Problem                                                                        | Resolution | Location                                                        |
+--------------+----------+--------------------------------------------------------------------------------+------------+-----------------------------------------------------------------+
| m_axi_gmem1  | jcoup    | Alignment is insufficient, current alignment is 64 byte(s) but 256 is required | 214-228    | Simulated-Quantum-Annealing/vitis/src/kernel/qmc_u50.cpp:319:23 |
+--------------+----------+--------------------------------------------------------------------------------+------------+-----------------------------------------------------------------+

    * Resolution URL: www.xilinx.com/cgi-bin/docs/rdoc?v=2021.1;t=hls+guidance;d=XXX-YYY.html (replace XXX-YYY with column value)

