

================================================================
== Vitis HLS Report for 'QuantumMonteCarloU50_Pipeline_WRITE_TROTTERS'
================================================================
* Date:           Tue Aug 24 11:37:36 2021

* Version:        2021.1 (Build 3247384 on Thu Jun 10 19:36:07 MDT 2021)
* Project:        QuantumMonteCarloU50
* Solution:       solution (Vitis Kernel Flow Target)
* Product family: virtexuplus
* Target device:  xcu50-fsvh2104-2-e


================================================================
== Performance Estimates
================================================================
+ Timing: 
    * Summary: 
    +--------+---------+----------+------------+
    |  Clock |  Target | Estimated| Uncertainty|
    +--------+---------+----------+------------+
    |ap_clk  |  3.33 ns|  2.433 ns|     0.90 ns|
    +--------+---------+----------+------------+

+ Latency: 
    * Summary: 
    +---------+---------+----------+----------+-----+-----+---------+
    |  Latency (cycles) |  Latency (absolute) |  Interval | Pipeline|
    |   min   |   max   |    min   |    max   | min | max |   Type  |
    +---------+---------+----------+----------+-----+-----+---------+
    |       37|       37|  0.123 us|  0.123 us|   37|   37|       no|
    +---------+---------+----------+----------+-----+-----+---------+

    + Detail: 
        * Instance: 
        N/A

        * Loop: 
        +------------------+---------+---------+----------+-----------+-----------+------+----------+
        |                  |  Latency (cycles) | Iteration|  Initiation Interval  | Trip |          |
        |     Loop Name    |   min   |   max   |  Latency |  achieved |   target  | Count| Pipelined|
        +------------------+---------+---------+----------+-----------+-----------+------+----------+
        |- WRITE_TROTTERS  |       35|       35|        10|          8|          1|     4|       yes|
        +------------------+---------+---------+----------+-----------+-----------+------+----------+



================================================================
== Utilization Estimates
================================================================
* Summary: 
+---------------------+---------+------+---------+--------+-----+
|         Name        | BRAM_18K|  DSP |    FF   |   LUT  | URAM|
+---------------------+---------+------+---------+--------+-----+
|DSP                  |        -|     -|        -|       -|    -|
|Expression           |        -|     -|        0|      37|    -|
|FIFO                 |        -|     -|        -|       -|    -|
|Instance             |        -|     -|        0|      40|    -|
|Memory               |        -|     -|        -|       -|    -|
|Multiplexer          |        -|     -|        -|     351|    -|
|Register             |        -|     -|     2577|       -|    -|
+---------------------+---------+------+---------+--------+-----+
|Total                |        0|     0|     2577|     428|    0|
+---------------------+---------+------+---------+--------+-----+
|Available SLR        |     1344|  2976|   871680|  435840|  320|
+---------------------+---------+------+---------+--------+-----+
|Utilization SLR (%)  |        0|     0|       ~0|      ~0|    0|
+---------------------+---------+------+---------+--------+-----+
|Available            |     2688|  5952|  1743360|  871680|  640|
+---------------------+---------+------+---------+--------+-----+
|Utilization (%)      |        0|     0|       ~0|      ~0|    0|
+---------------------+---------+------+---------+--------+-----+

+ Detail: 
    * Instance: 
    +---------------------+----------------+---------+----+---+----+-----+
    |       Instance      |     Module     | BRAM_18K| DSP| FF| LUT| URAM|
    +---------------------+----------------+---------+----+---+----+-----+
    |mux_42_512_1_1_U108  |mux_42_512_1_1  |        0|   0|  0|  20|    0|
    |mux_42_512_1_1_U109  |mux_42_512_1_1  |        0|   0|  0|  20|    0|
    +---------------------+----------------+---------+----+---+----+-----+
    |Total                |                |        0|   0|  0|  40|    0|
    +---------------------+----------------+---------+----+---+----+-----+

    * DSP: 
    N/A

    * Memory: 
    N/A

    * FIFO: 
    N/A

    * Expression: 
    +---------------------------+----------+----+---+----+------------+------------+
    |       Variable Name       | Operation| DSP| FF| LUT| Bitwidth P0| Bitwidth P1|
    +---------------------------+----------+----+---+----+------------+------------+
    |add_ln299_fu_531_p2        |         +|   0|  0|  10|           3|           1|
    |ap_block_pp0_stage0_11001  |       and|   0|  0|   2|           1|           1|
    |ap_block_pp0_stage2_11001  |       and|   0|  0|   2|           1|           1|
    |ap_block_pp0_stage3_11001  |       and|   0|  0|   2|           1|           1|
    |ap_block_pp0_stage4_11001  |       and|   0|  0|   2|           1|           1|
    |ap_block_pp0_stage5_11001  |       and|   0|  0|   2|           1|           1|
    |ap_block_pp0_stage6_11001  |       and|   0|  0|   2|           1|           1|
    |ap_block_pp0_stage7_11001  |       and|   0|  0|   2|           1|           1|
    |ap_block_state3_io         |       and|   0|  0|   2|           1|           1|
    |icmp_ln299_fu_525_p2       |      icmp|   0|  0|   9|           3|           4|
    |ap_enable_pp0              |       xor|   0|  0|   2|           1|           2|
    +---------------------------+----------+----+---+----+------------+------------+
    |Total                      |          |   0|  0|  37|          15|          15|
    +---------------------------+----------+----+---+----+------------+------------+

    * Multiplexer: 
    +-----------------------------+----+-----------+-----+-----------+
    |             Name            | LUT| Input Size| Bits| Total Bits|
    +-----------------------------+----+-----------+-----+-----------+
    |ap_NS_fsm                    |  49|          9|    1|          9|
    |ap_done_int                  |   9|          2|    1|          2|
    |ap_enable_reg_pp0_iter0      |   9|          2|    1|          2|
    |ap_enable_reg_pp0_iter0_reg  |   9|          2|    1|          2|
    |ap_enable_reg_pp0_iter1      |   9|          2|    1|          2|
    |ap_sig_allocacmp_t_1         |   9|          2|    3|          6|
    |gmem0_blk_n_W                |   9|          2|    1|          2|
    |m_axi_gmem0_WDATA            |  31|          6|  512|       3072|
    |t_fu_76                      |   9|          2|    3|          6|
    |trottersLocal_V_0_address0   |  26|          5|    3|         15|
    |trottersLocal_V_0_address1   |  26|          5|    3|         15|
    |trottersLocal_V_1_address0   |  26|          5|    3|         15|
    |trottersLocal_V_1_address1   |  26|          5|    3|         15|
    |trottersLocal_V_2_address0   |  26|          5|    3|         15|
    |trottersLocal_V_2_address1   |  26|          5|    3|         15|
    |trottersLocal_V_3_address0   |  26|          5|    3|         15|
    |trottersLocal_V_3_address1   |  26|          5|    3|         15|
    +-----------------------------+----+-----------+-----+-----------+
    |Total                        | 351|         69|  548|       3223|
    +-----------------------------+----+-----------+-----+-----------+

    * Register: 
    +-----------------------------+-----+----+-----+-----------+
    |             Name            |  FF | LUT| Bits| Const Bits|
    +-----------------------------+-----+----+-----+-----------+
    |ap_CS_fsm                    |    8|   0|    8|          0|
    |ap_done_reg                  |    1|   0|    1|          0|
    |ap_enable_reg_pp0_iter0_reg  |    1|   0|    1|          0|
    |ap_enable_reg_pp0_iter1      |    1|   0|    1|          0|
    |icmp_ln299_reg_604           |    1|   0|    1|          0|
    |reg_500                      |  512|   0|  512|          0|
    |reg_507                      |  512|   0|  512|          0|
    |t_fu_76                      |    3|   0|    3|          0|
    |tmp_5_reg_705                |  512|   0|  512|          0|
    |tmp_6_reg_750                |  512|   0|  512|          0|
    |tmp_9_reg_755                |  512|   0|  512|          0|
    |trunc_ln303_reg_608          |    2|   0|    2|          0|
    +-----------------------------+-----+----+-----+-----------+
    |Total                        | 2577|   0| 2577|          0|
    +-----------------------------+-----+----+-----+-----------+



================================================================
== Interface
================================================================
* Summary: 
+----------------------------+-----+-----+------------+----------------------------------------------+--------------+
|          RTL Ports         | Dir | Bits|  Protocol  |                 Source Object                |    C Type    |
+----------------------------+-----+-----+------------+----------------------------------------------+--------------+
|ap_clk                      |   in|    1|  ap_ctrl_hs|  QuantumMonteCarloU50_Pipeline_WRITE_TROTTERS|  return value|
|ap_rst                      |   in|    1|  ap_ctrl_hs|  QuantumMonteCarloU50_Pipeline_WRITE_TROTTERS|  return value|
|ap_start                    |   in|    1|  ap_ctrl_hs|  QuantumMonteCarloU50_Pipeline_WRITE_TROTTERS|  return value|
|ap_done                     |  out|    1|  ap_ctrl_hs|  QuantumMonteCarloU50_Pipeline_WRITE_TROTTERS|  return value|
|ap_idle                     |  out|    1|  ap_ctrl_hs|  QuantumMonteCarloU50_Pipeline_WRITE_TROTTERS|  return value|
|ap_ready                    |  out|    1|  ap_ctrl_hs|  QuantumMonteCarloU50_Pipeline_WRITE_TROTTERS|  return value|
|m_axi_gmem0_AWVALID         |  out|    1|       m_axi|                                         gmem0|       pointer|
|m_axi_gmem0_AWREADY         |   in|    1|       m_axi|                                         gmem0|       pointer|
|m_axi_gmem0_AWADDR          |  out|   64|       m_axi|                                         gmem0|       pointer|
|m_axi_gmem0_AWID            |  out|    1|       m_axi|                                         gmem0|       pointer|
|m_axi_gmem0_AWLEN           |  out|   32|       m_axi|                                         gmem0|       pointer|
|m_axi_gmem0_AWSIZE          |  out|    3|       m_axi|                                         gmem0|       pointer|
|m_axi_gmem0_AWBURST         |  out|    2|       m_axi|                                         gmem0|       pointer|
|m_axi_gmem0_AWLOCK          |  out|    2|       m_axi|                                         gmem0|       pointer|
|m_axi_gmem0_AWCACHE         |  out|    4|       m_axi|                                         gmem0|       pointer|
|m_axi_gmem0_AWPROT          |  out|    3|       m_axi|                                         gmem0|       pointer|
|m_axi_gmem0_AWQOS           |  out|    4|       m_axi|                                         gmem0|       pointer|
|m_axi_gmem0_AWREGION        |  out|    4|       m_axi|                                         gmem0|       pointer|
|m_axi_gmem0_AWUSER          |  out|    1|       m_axi|                                         gmem0|       pointer|
|m_axi_gmem0_WVALID          |  out|    1|       m_axi|                                         gmem0|       pointer|
|m_axi_gmem0_WREADY          |   in|    1|       m_axi|                                         gmem0|       pointer|
|m_axi_gmem0_WDATA           |  out|  512|       m_axi|                                         gmem0|       pointer|
|m_axi_gmem0_WSTRB           |  out|   64|       m_axi|                                         gmem0|       pointer|
|m_axi_gmem0_WLAST           |  out|    1|       m_axi|                                         gmem0|       pointer|
|m_axi_gmem0_WID             |  out|    1|       m_axi|                                         gmem0|       pointer|
|m_axi_gmem0_WUSER           |  out|    1|       m_axi|                                         gmem0|       pointer|
|m_axi_gmem0_ARVALID         |  out|    1|       m_axi|                                         gmem0|       pointer|
|m_axi_gmem0_ARREADY         |   in|    1|       m_axi|                                         gmem0|       pointer|
|m_axi_gmem0_ARADDR          |  out|   64|       m_axi|                                         gmem0|       pointer|
|m_axi_gmem0_ARID            |  out|    1|       m_axi|                                         gmem0|       pointer|
|m_axi_gmem0_ARLEN           |  out|   32|       m_axi|                                         gmem0|       pointer|
|m_axi_gmem0_ARSIZE          |  out|    3|       m_axi|                                         gmem0|       pointer|
|m_axi_gmem0_ARBURST         |  out|    2|       m_axi|                                         gmem0|       pointer|
|m_axi_gmem0_ARLOCK          |  out|    2|       m_axi|                                         gmem0|       pointer|
|m_axi_gmem0_ARCACHE         |  out|    4|       m_axi|                                         gmem0|       pointer|
|m_axi_gmem0_ARPROT          |  out|    3|       m_axi|                                         gmem0|       pointer|
|m_axi_gmem0_ARQOS           |  out|    4|       m_axi|                                         gmem0|       pointer|
|m_axi_gmem0_ARREGION        |  out|    4|       m_axi|                                         gmem0|       pointer|
|m_axi_gmem0_ARUSER          |  out|    1|       m_axi|                                         gmem0|       pointer|
|m_axi_gmem0_RVALID          |   in|    1|       m_axi|                                         gmem0|       pointer|
|m_axi_gmem0_RREADY          |  out|    1|       m_axi|                                         gmem0|       pointer|
|m_axi_gmem0_RDATA           |   in|  512|       m_axi|                                         gmem0|       pointer|
|m_axi_gmem0_RLAST           |   in|    1|       m_axi|                                         gmem0|       pointer|
|m_axi_gmem0_RID             |   in|    1|       m_axi|                                         gmem0|       pointer|
|m_axi_gmem0_RUSER           |   in|    1|       m_axi|                                         gmem0|       pointer|
|m_axi_gmem0_RRESP           |   in|    2|       m_axi|                                         gmem0|       pointer|
|m_axi_gmem0_BVALID          |   in|    1|       m_axi|                                         gmem0|       pointer|
|m_axi_gmem0_BREADY          |  out|    1|       m_axi|                                         gmem0|       pointer|
|m_axi_gmem0_BRESP           |   in|    2|       m_axi|                                         gmem0|       pointer|
|m_axi_gmem0_BID             |   in|    1|       m_axi|                                         gmem0|       pointer|
|m_axi_gmem0_BUSER           |   in|    1|       m_axi|                                         gmem0|       pointer|
|trottersLocal_V_3_address0  |  out|    3|   ap_memory|                             trottersLocal_V_3|         array|
|trottersLocal_V_3_ce0       |  out|    1|   ap_memory|                             trottersLocal_V_3|         array|
|trottersLocal_V_3_q0        |   in|  512|   ap_memory|                             trottersLocal_V_3|         array|
|trottersLocal_V_3_address1  |  out|    3|   ap_memory|                             trottersLocal_V_3|         array|
|trottersLocal_V_3_ce1       |  out|    1|   ap_memory|                             trottersLocal_V_3|         array|
|trottersLocal_V_3_q1        |   in|  512|   ap_memory|                             trottersLocal_V_3|         array|
|trottersLocal_V_2_address0  |  out|    3|   ap_memory|                             trottersLocal_V_2|         array|
|trottersLocal_V_2_ce0       |  out|    1|   ap_memory|                             trottersLocal_V_2|         array|
|trottersLocal_V_2_q0        |   in|  512|   ap_memory|                             trottersLocal_V_2|         array|
|trottersLocal_V_2_address1  |  out|    3|   ap_memory|                             trottersLocal_V_2|         array|
|trottersLocal_V_2_ce1       |  out|    1|   ap_memory|                             trottersLocal_V_2|         array|
|trottersLocal_V_2_q1        |   in|  512|   ap_memory|                             trottersLocal_V_2|         array|
|trottersLocal_V_1_address0  |  out|    3|   ap_memory|                             trottersLocal_V_1|         array|
|trottersLocal_V_1_ce0       |  out|    1|   ap_memory|                             trottersLocal_V_1|         array|
|trottersLocal_V_1_q0        |   in|  512|   ap_memory|                             trottersLocal_V_1|         array|
|trottersLocal_V_1_address1  |  out|    3|   ap_memory|                             trottersLocal_V_1|         array|
|trottersLocal_V_1_ce1       |  out|    1|   ap_memory|                             trottersLocal_V_1|         array|
|trottersLocal_V_1_q1        |   in|  512|   ap_memory|                             trottersLocal_V_1|         array|
|trottersLocal_V_0_address0  |  out|    3|   ap_memory|                             trottersLocal_V_0|         array|
|trottersLocal_V_0_ce0       |  out|    1|   ap_memory|                             trottersLocal_V_0|         array|
|trottersLocal_V_0_q0        |   in|  512|   ap_memory|                             trottersLocal_V_0|         array|
|trottersLocal_V_0_address1  |  out|    3|   ap_memory|                             trottersLocal_V_0|         array|
|trottersLocal_V_0_ce1       |  out|    1|   ap_memory|                             trottersLocal_V_0|         array|
|trottersLocal_V_0_q1        |   in|  512|   ap_memory|                             trottersLocal_V_0|         array|
|sext_ln198                  |   in|   58|     ap_none|                                    sext_ln198|        scalar|
+----------------------------+-----+-----+------------+----------------------------------------------+--------------+

