

================================================================
== Vitis HLS Report for 'QuantumMonteCarloU50_Pipeline_WRITE_TROTTERS_VITIS_LOOP_281_3'
================================================================
* Date:           Wed Aug 25 10:39:37 2021

* Version:        2021.1 (Build 3247384 on Thu Jun 10 19:36:07 MDT 2021)
* Project:        QuantumMonteCarloU50
* Solution:       solution (Vitis Kernel Flow Target)
* Product family: virtexuplus
* Target device:  xcu50-fsvh2104-2-e


================================================================
== Performance Estimates
================================================================
+ Timing: 
    * Summary: 
    +--------+---------+----------+------------+
    |  Clock |  Target | Estimated| Uncertainty|
    +--------+---------+----------+------------+
    |ap_clk  |  3.33 ns|  2.433 ns|     0.90 ns|
    +--------+---------+----------+------------+

+ Latency: 
    * Summary: 
    +---------+---------+----------+----------+------+------+---------+
    |  Latency (cycles) |  Latency (absolute) |   Interval  | Pipeline|
    |   min   |   max   |    min   |    max   |  min |  max |   Type  |
    +---------+---------+----------+----------+------+------+---------+
    |     1028|     1028|  3.426 us|  3.426 us|  1028|  1028|       no|
    +---------+---------+----------+----------+------+------+---------+

    + Detail: 
        * Instance: 
        N/A

        * Loop: 
        +-----------------------------------+---------+---------+----------+-----------+-----------+------+----------+
        |                                   |  Latency (cycles) | Iteration|  Initiation Interval  | Trip |          |
        |             Loop Name             |   min   |   max   |  Latency |  achieved |   target  | Count| Pipelined|
        +-----------------------------------+---------+---------+----------+-----------+-----------+------+----------+
        |- WRITE_TROTTERS_VITIS_LOOP_281_3  |     1026|     1026|         4|          1|          1|  1024|       yes|
        +-----------------------------------+---------+---------+----------+-----------+-----------+------+----------+

============================================================
+ Verbose Summary: Synthesis Manager
============================================================
InlineROM: 1
ExposeGlobal: 0
============================================================
+ Verbose Summary: CDFG Model
============================================================
IsTopModel: 0
ResetActiveHigh: 1
IsCombinational: 0
IsDatapathOnly: 0
HasWiredReturn: 1
HasMFsm: 2
HasVarLatency: 1
IsPipeline: 0
IsRtlPipelined: 0
IsInstanceOverlapped: 0
IsDontTouch: 0
HasImplIP: 0
IsGatedGlobalClock: 0

+ Individual pipeline summary: 
  * Pipeline-0: initiation interval (II) = 1, depth = 4


============================================================
+ Verbose Summary: Schedule
============================================================
* Number of FSM states : 4
* Pipeline : 1
  Pipeline-0 : II = 1, D = 4, States = { 1 2 3 4 }
* Dataflow Pipeline: 0

* FSM state transitions: 
1 --> 2 
2 --> 3 
3 --> 4 
4 --> 

* FSM state operations: 

State 1 <SV = 0> <Delay = 2.07>
ST_1 : Operation 7 [1/1] (0.00ns)   --->   "%phi_ln283 = alloca i32 1"   --->   Operation 7 'alloca' 'phi_ln283' <Predicate = true> <Delay = 0.00>
ST_1 : Operation 8 [1/1] (0.00ns)   --->   "%packOfst = alloca i32 1"   --->   Operation 8 'alloca' 'packOfst' <Predicate = true> <Delay = 0.00>
ST_1 : Operation 9 [1/1] (0.00ns)   --->   "%t = alloca i32 1"   --->   Operation 9 'alloca' 't' <Predicate = true> <Delay = 0.00>
ST_1 : Operation 10 [1/1] (0.00ns)   --->   "%indvar_flatten7 = alloca i32 1"   --->   Operation 10 'alloca' 'indvar_flatten7' <Predicate = true> <Delay = 0.00>
ST_1 : Operation 11 [1/1] (0.00ns)   --->   "%sext_ln194_read = read i58 @_ssdm_op_Read.ap_auto.i58, i58 %sext_ln194"   --->   Operation 11 'read' 'sext_ln194_read' <Predicate = true> <Delay = 0.00>
ST_1 : Operation 12 [1/1] (0.00ns)   --->   "%sext_ln194_cast = sext i58 %sext_ln194_read"   --->   Operation 12 'sext' 'sext_ln194_cast' <Predicate = true> <Delay = 0.00>
ST_1 : Operation 13 [1/1] (0.00ns)   --->   "%specinterface_ln0 = specinterface void @_ssdm_op_SpecInterface, i512 %gmem, void @empty_2, i32 0, i32 0, void @empty_3, i32 64, i32 0, void @empty_4, void @empty_12, void @empty_3, i32 16, i32 16, i32 16, i32 16, void @empty_3, void @empty_3"   --->   Operation 13 'specinterface' 'specinterface_ln0' <Predicate = true> <Delay = 0.00>
ST_1 : Operation 14 [1/1] (0.38ns)   --->   "%store_ln0 = store i11 0, i11 %indvar_flatten7"   --->   Operation 14 'store' 'store_ln0' <Predicate = true> <Delay = 0.38>
ST_1 : Operation 15 [1/1] (0.38ns)   --->   "%store_ln0 = store i3 0, i3 %t"   --->   Operation 15 'store' 'store_ln0' <Predicate = true> <Delay = 0.38>
ST_1 : Operation 16 [1/1] (0.38ns)   --->   "%store_ln0 = store i9 0, i9 %packOfst"   --->   Operation 16 'store' 'store_ln0' <Predicate = true> <Delay = 0.38>
ST_1 : Operation 17 [1/1] (0.38ns)   --->   "%store_ln0 = store i496 0, i496 %phi_ln283"   --->   Operation 17 'store' 'store_ln0' <Predicate = true> <Delay = 0.38>
ST_1 : Operation 18 [1/1] (0.00ns)   --->   "%br_ln0 = br void"   --->   Operation 18 'br' 'br_ln0' <Predicate = true> <Delay = 0.00>
ST_1 : Operation 19 [1/1] (0.00ns)   --->   "%indvar_flatten7_load = load i11 %indvar_flatten7" [/home/edci/workspace/SQA_kernels/src/qmc.cpp:280]   --->   Operation 19 'load' 'indvar_flatten7_load' <Predicate = true> <Delay = 0.00>
ST_1 : Operation 20 [1/1] (0.61ns)   --->   "%icmp_ln280 = icmp_eq  i11 %indvar_flatten7_load, i11 1024" [/home/edci/workspace/SQA_kernels/src/qmc.cpp:280]   --->   Operation 20 'icmp' 'icmp_ln280' <Predicate = true> <Delay = 0.61> <CoreInst = "Cmp">   --->   Core 9 'Cmp' <Latency = 0> <II = 1> <Delay = 0.63> <FuncUnit> <Opcode : 'icmp'> <InPorts = 2> <OutPorts = 1>
ST_1 : Operation 21 [1/1] (0.73ns)   --->   "%add_ln280 = add i11 %indvar_flatten7_load, i11 1" [/home/edci/workspace/SQA_kernels/src/qmc.cpp:280]   --->   Operation 21 'add' 'add_ln280' <Predicate = true> <Delay = 0.73> <CoreInst = "Adder">   --->   Core 1 'Adder' <Latency = 0> <II = 1> <Delay = 0.57> <FuncUnit> <Opcode : 'add' 'sub'> <InPorts = 2> <OutPorts = 1>
ST_1 : Operation 22 [1/1] (0.00ns)   --->   "%br_ln280 = br i1 %icmp_ln280, void %.split4, void %.exitStub" [/home/edci/workspace/SQA_kernels/src/qmc.cpp:280]   --->   Operation 22 'br' 'br_ln280' <Predicate = true> <Delay = 0.00>
ST_1 : Operation 23 [1/1] (0.00ns)   --->   "%packOfst_load = load i9 %packOfst" [/home/edci/workspace/SQA_kernels/src/qmc.cpp:281]   --->   Operation 23 'load' 'packOfst_load' <Predicate = (!icmp_ln280)> <Delay = 0.00>
ST_1 : Operation 24 [1/1] (0.59ns)   --->   "%icmp_ln281 = icmp_eq  i9 %packOfst_load, i9 256" [/home/edci/workspace/SQA_kernels/src/qmc.cpp:281]   --->   Operation 24 'icmp' 'icmp_ln281' <Predicate = (!icmp_ln280)> <Delay = 0.59> <CoreInst = "Cmp">   --->   Core 9 'Cmp' <Latency = 0> <II = 1> <Delay = 0.63> <FuncUnit> <Opcode : 'icmp'> <InPorts = 2> <OutPorts = 1>
ST_1 : Operation 25 [1/1] (0.30ns)   --->   "%select_ln280 = select i1 %icmp_ln281, i9 0, i9 %packOfst_load" [/home/edci/workspace/SQA_kernels/src/qmc.cpp:280]   --->   Operation 25 'select' 'select_ln280' <Predicate = (!icmp_ln280)> <Delay = 0.30> <CoreInst = "Sel">   --->   Core 73 'Sel' <Latency = 0> <II = 1> <Delay = 0.55> <FuncUnit> <Opcode : 'select'> <InPorts = 3> <OutPorts = 1>
ST_1 : Operation 26 [1/1] (0.00ns)   --->   "%zext_ln281 = zext i9 %select_ln280" [/home/edci/workspace/SQA_kernels/src/qmc.cpp:281]   --->   Operation 26 'zext' 'zext_ln281' <Predicate = (!icmp_ln280)> <Delay = 0.00>
ST_1 : Operation 27 [1/1] (0.00ns)   --->   "%trunc_ln281 = trunc i9 %select_ln280" [/home/edci/workspace/SQA_kernels/src/qmc.cpp:281]   --->   Operation 27 'trunc' 'trunc_ln281' <Predicate = (!icmp_ln280)> <Delay = 0.00>
ST_1 : Operation 28 [1/1] (0.00ns)   --->   "%trottersLocal_V_0_addr = getelementptr i16 %trottersLocal_V_0, i64 0, i64 %zext_ln281" [/home/edci/workspace/SQA_kernels/src/qmc.cpp:283]   --->   Operation 28 'getelementptr' 'trottersLocal_V_0_addr' <Predicate = (!icmp_ln280)> <Delay = 0.00>
ST_1 : Operation 29 [2/2] (1.17ns)   --->   "%trottersLocal_V_0_load = load i8 %trottersLocal_V_0_addr" [/home/edci/workspace/SQA_kernels/src/qmc.cpp:283]   --->   Operation 29 'load' 'trottersLocal_V_0_load' <Predicate = (!icmp_ln280)> <Delay = 1.17> <CoreInst = "RAM">   --->   Core 83 'RAM' <Latency = 1> <II = 1> <Delay = 1.17> <Storage> <Opcode : 'load' 'store'> <Ports = 2> <Width = 16> <Depth = 256> <RAM>
ST_1 : Operation 30 [1/1] (0.00ns)   --->   "%trottersLocal_V_1_addr = getelementptr i16 %trottersLocal_V_1, i64 0, i64 %zext_ln281" [/home/edci/workspace/SQA_kernels/src/qmc.cpp:283]   --->   Operation 30 'getelementptr' 'trottersLocal_V_1_addr' <Predicate = (!icmp_ln280)> <Delay = 0.00>
ST_1 : Operation 31 [2/2] (1.17ns)   --->   "%trottersLocal_V_1_load = load i8 %trottersLocal_V_1_addr" [/home/edci/workspace/SQA_kernels/src/qmc.cpp:283]   --->   Operation 31 'load' 'trottersLocal_V_1_load' <Predicate = (!icmp_ln280)> <Delay = 1.17> <CoreInst = "RAM">   --->   Core 83 'RAM' <Latency = 1> <II = 1> <Delay = 1.17> <Storage> <Opcode : 'load' 'store'> <Ports = 2> <Width = 16> <Depth = 256> <RAM>
ST_1 : Operation 32 [1/1] (0.00ns)   --->   "%trottersLocal_V_2_addr = getelementptr i16 %trottersLocal_V_2, i64 0, i64 %zext_ln281" [/home/edci/workspace/SQA_kernels/src/qmc.cpp:283]   --->   Operation 32 'getelementptr' 'trottersLocal_V_2_addr' <Predicate = (!icmp_ln280)> <Delay = 0.00>
ST_1 : Operation 33 [2/2] (1.17ns)   --->   "%trottersLocal_V_2_load = load i8 %trottersLocal_V_2_addr" [/home/edci/workspace/SQA_kernels/src/qmc.cpp:283]   --->   Operation 33 'load' 'trottersLocal_V_2_load' <Predicate = (!icmp_ln280)> <Delay = 1.17> <CoreInst = "RAM">   --->   Core 83 'RAM' <Latency = 1> <II = 1> <Delay = 1.17> <Storage> <Opcode : 'load' 'store'> <Ports = 2> <Width = 16> <Depth = 256> <RAM>
ST_1 : Operation 34 [1/1] (0.00ns)   --->   "%trottersLocal_V_3_addr = getelementptr i16 %trottersLocal_V_3, i64 0, i64 %zext_ln281" [/home/edci/workspace/SQA_kernels/src/qmc.cpp:283]   --->   Operation 34 'getelementptr' 'trottersLocal_V_3_addr' <Predicate = (!icmp_ln280)> <Delay = 0.00>
ST_1 : Operation 35 [2/2] (1.17ns)   --->   "%trottersLocal_V_3_load = load i8 %trottersLocal_V_3_addr" [/home/edci/workspace/SQA_kernels/src/qmc.cpp:283]   --->   Operation 35 'load' 'trottersLocal_V_3_load' <Predicate = (!icmp_ln280)> <Delay = 1.17> <CoreInst = "RAM">   --->   Core 83 'RAM' <Latency = 1> <II = 1> <Delay = 1.17> <Storage> <Opcode : 'load' 'store'> <Ports = 2> <Width = 16> <Depth = 256> <RAM>
ST_1 : Operation 36 [1/1] (0.63ns)   --->   "%icmp_ln283 = icmp_eq  i5 %trunc_ln281, i5 31" [/home/edci/workspace/SQA_kernels/src/qmc.cpp:283]   --->   Operation 36 'icmp' 'icmp_ln283' <Predicate = (!icmp_ln280)> <Delay = 0.63> <CoreInst = "Cmp">   --->   Core 9 'Cmp' <Latency = 0> <II = 1> <Delay = 0.63> <FuncUnit> <Opcode : 'icmp'> <InPorts = 2> <OutPorts = 1>
ST_1 : Operation 37 [1/1] (0.00ns)   --->   "%br_ln283 = br i1 %icmp_ln283, void %.split._crit_edge, void" [/home/edci/workspace/SQA_kernels/src/qmc.cpp:283]   --->   Operation 37 'br' 'br_ln283' <Predicate = (!icmp_ln280)> <Delay = 0.00>
ST_1 : Operation 38 [1/1] (0.71ns)   --->   "%add_ln281 = add i9 %select_ln280, i9 1" [/home/edci/workspace/SQA_kernels/src/qmc.cpp:281]   --->   Operation 38 'add' 'add_ln281' <Predicate = (!icmp_ln280)> <Delay = 0.71> <CoreInst = "Adder">   --->   Core 1 'Adder' <Latency = 0> <II = 1> <Delay = 0.57> <FuncUnit> <Opcode : 'add' 'sub'> <InPorts = 2> <OutPorts = 1>
ST_1 : Operation 39 [1/1] (0.38ns)   --->   "%store_ln280 = store i11 %add_ln280, i11 %indvar_flatten7" [/home/edci/workspace/SQA_kernels/src/qmc.cpp:280]   --->   Operation 39 'store' 'store_ln280' <Predicate = (!icmp_ln280)> <Delay = 0.38>
ST_1 : Operation 40 [1/1] (0.38ns)   --->   "%store_ln281 = store i9 %add_ln281, i9 %packOfst" [/home/edci/workspace/SQA_kernels/src/qmc.cpp:281]   --->   Operation 40 'store' 'store_ln281' <Predicate = (!icmp_ln280)> <Delay = 0.38>

State 2 <SV = 1> <Delay = 1.62>
ST_2 : Operation 41 [1/1] (0.00ns)   --->   "%t_load = load i3 %t" [/home/edci/workspace/SQA_kernels/src/qmc.cpp:280]   --->   Operation 41 'load' 't_load' <Predicate = (!icmp_ln280)> <Delay = 0.00>
ST_2 : Operation 42 [1/1] (0.57ns)   --->   "%add_ln280_1 = add i3 %t_load, i3 1" [/home/edci/workspace/SQA_kernels/src/qmc.cpp:280]   --->   Operation 42 'add' 'add_ln280_1' <Predicate = (!icmp_ln280 & icmp_ln281)> <Delay = 0.57> <CoreInst = "Adder">   --->   Core 1 'Adder' <Latency = 0> <II = 1> <Delay = 0.57> <FuncUnit> <Opcode : 'add' 'sub'> <InPorts = 2> <OutPorts = 1>
ST_2 : Operation 43 [1/1] (0.27ns)   --->   "%select_ln280_2 = select i1 %icmp_ln281, i3 %add_ln280_1, i3 %t_load" [/home/edci/workspace/SQA_kernels/src/qmc.cpp:280]   --->   Operation 43 'select' 'select_ln280_2' <Predicate = (!icmp_ln280)> <Delay = 0.27> <CoreInst = "Sel">   --->   Core 73 'Sel' <Latency = 0> <II = 1> <Delay = 0.55> <FuncUnit> <Opcode : 'select'> <InPorts = 3> <OutPorts = 1>
ST_2 : Operation 44 [1/1] (0.00ns)   --->   "%trunc_ln280 = trunc i3 %select_ln280_2" [/home/edci/workspace/SQA_kernels/src/qmc.cpp:280]   --->   Operation 44 'trunc' 'trunc_ln280' <Predicate = (!icmp_ln280)> <Delay = 0.00>
ST_2 : Operation 45 [1/2] (1.17ns)   --->   "%trottersLocal_V_0_load = load i8 %trottersLocal_V_0_addr" [/home/edci/workspace/SQA_kernels/src/qmc.cpp:283]   --->   Operation 45 'load' 'trottersLocal_V_0_load' <Predicate = (!icmp_ln280)> <Delay = 1.17> <CoreInst = "RAM">   --->   Core 83 'RAM' <Latency = 1> <II = 1> <Delay = 1.17> <Storage> <Opcode : 'load' 'store'> <Ports = 2> <Width = 16> <Depth = 256> <RAM>
ST_2 : Operation 46 [1/2] (1.17ns)   --->   "%trottersLocal_V_1_load = load i8 %trottersLocal_V_1_addr" [/home/edci/workspace/SQA_kernels/src/qmc.cpp:283]   --->   Operation 46 'load' 'trottersLocal_V_1_load' <Predicate = (!icmp_ln280)> <Delay = 1.17> <CoreInst = "RAM">   --->   Core 83 'RAM' <Latency = 1> <II = 1> <Delay = 1.17> <Storage> <Opcode : 'load' 'store'> <Ports = 2> <Width = 16> <Depth = 256> <RAM>
ST_2 : Operation 47 [1/2] (1.17ns)   --->   "%trottersLocal_V_2_load = load i8 %trottersLocal_V_2_addr" [/home/edci/workspace/SQA_kernels/src/qmc.cpp:283]   --->   Operation 47 'load' 'trottersLocal_V_2_load' <Predicate = (!icmp_ln280)> <Delay = 1.17> <CoreInst = "RAM">   --->   Core 83 'RAM' <Latency = 1> <II = 1> <Delay = 1.17> <Storage> <Opcode : 'load' 'store'> <Ports = 2> <Width = 16> <Depth = 256> <RAM>
ST_2 : Operation 48 [1/2] (1.17ns)   --->   "%trottersLocal_V_3_load = load i8 %trottersLocal_V_3_addr" [/home/edci/workspace/SQA_kernels/src/qmc.cpp:283]   --->   Operation 48 'load' 'trottersLocal_V_3_load' <Predicate = (!icmp_ln280)> <Delay = 1.17> <CoreInst = "RAM">   --->   Core 83 'RAM' <Latency = 1> <II = 1> <Delay = 1.17> <Storage> <Opcode : 'load' 'store'> <Ports = 2> <Width = 16> <Depth = 256> <RAM>
ST_2 : Operation 49 [1/1] (0.45ns)   --->   "%tmp = mux i16 @_ssdm_op_Mux.ap_auto.4i16.i2, i16 %trottersLocal_V_0_load, i16 %trottersLocal_V_1_load, i16 %trottersLocal_V_2_load, i16 %trottersLocal_V_3_load, i2 %trunc_ln280" [/home/edci/workspace/SQA_kernels/src/qmc.cpp:283]   --->   Operation 49 'mux' 'tmp' <Predicate = (!icmp_ln280)> <Delay = 0.45> <CoreInst = "Multiplexer">   --->   Core 76 'Multiplexer' <Latency = 0> <II = 1> <Delay = 0.45> <FuncUnit> <Opcode : 'mux'> <InPorts = 2> <OutPorts = 1>
ST_2 : Operation 50 [1/1] (0.38ns)   --->   "%store_ln280 = store i3 %select_ln280_2, i3 %t" [/home/edci/workspace/SQA_kernels/src/qmc.cpp:280]   --->   Operation 50 'store' 'store_ln280' <Predicate = (!icmp_ln280)> <Delay = 0.38>

State 3 <SV = 2> <Delay = 1.50>
ST_3 : Operation 51 [1/1] (0.00ns)   --->   "%gmem_addr = getelementptr i512 %gmem, i64 %sext_ln194_cast" [/home/edci/workspace/SQA_kernels/src/qmc.cpp:194]   --->   Operation 51 'getelementptr' 'gmem_addr' <Predicate = true> <Delay = 0.00>
ST_3 : Operation 52 [1/1] (0.00ns)   --->   "%phi_ln283_load = load i496 %phi_ln283" [/home/edci/workspace/SQA_kernels/src/qmc.cpp:280]   --->   Operation 52 'load' 'phi_ln283_load' <Predicate = (!icmp_ln280 & !icmp_ln281)> <Delay = 0.00>
ST_3 : Operation 53 [1/1] (0.00ns)   --->   "%specloopname_ln0 = specloopname void @_ssdm_op_SpecLoopName, void @WRITE_TROTTERS_VITIS_LOOP_281_3_str"   --->   Operation 53 'specloopname' 'specloopname_ln0' <Predicate = (!icmp_ln280)> <Delay = 0.00>
ST_3 : Operation 54 [1/1] (0.00ns)   --->   "%empty = speclooptripcount i32 @_ssdm_op_SpecLoopTripCount, i64 1024, i64 1024, i64 1024"   --->   Operation 54 'speclooptripcount' 'empty' <Predicate = (!icmp_ln280)> <Delay = 0.00>
ST_3 : Operation 55 [1/1] (0.55ns)   --->   "%select_ln280_1 = select i1 %icmp_ln281, i496 0, i496 %phi_ln283_load" [/home/edci/workspace/SQA_kernels/src/qmc.cpp:280]   --->   Operation 55 'select' 'select_ln280_1' <Predicate = (!icmp_ln280)> <Delay = 0.55> <CoreInst = "Sel">   --->   Core 73 'Sel' <Latency = 0> <II = 1> <Delay = 0.55> <FuncUnit> <Opcode : 'select'> <InPorts = 3> <OutPorts = 1>
ST_3 : Operation 56 [1/1] (0.00ns)   --->   "%specpipeline_ln281 = specpipeline void @_ssdm_op_SpecPipeline, i32 4294967295, i32 0, i32 0, i32 0, void @empty_3" [/home/edci/workspace/SQA_kernels/src/qmc.cpp:281]   --->   Operation 56 'specpipeline' 'specpipeline_ln281' <Predicate = (!icmp_ln280)> <Delay = 0.00>
ST_3 : Operation 57 [1/1] (0.00ns)   --->   "%specloopname_ln281 = specloopname void @_ssdm_op_SpecLoopName, void @empty_15" [/home/edci/workspace/SQA_kernels/src/qmc.cpp:281]   --->   Operation 57 'specloopname' 'specloopname_ln281' <Predicate = (!icmp_ln280)> <Delay = 0.00>
ST_3 : Operation 58 [1/1] (0.00ns)   --->   "%or_ln = bitconcatenate i512 @_ssdm_op_BitConcatenate.i512.i16.i496, i16 %tmp, i496 %select_ln280_1" [/home/edci/workspace/SQA_kernels/src/qmc.cpp:283]   --->   Operation 58 'bitconcatenate' 'or_ln' <Predicate = (!icmp_ln280)> <Delay = 0.00>
ST_3 : Operation 59 [1/1] (0.00ns)   --->   "%tmp_6 = partselect i480 @_ssdm_op_PartSelect.i480.i496.i32.i32, i496 %select_ln280_1, i32 16, i32 495" [/home/edci/workspace/SQA_kernels/src/qmc.cpp:280]   --->   Operation 59 'partselect' 'tmp_6' <Predicate = (!icmp_ln280 & !icmp_ln283)> <Delay = 0.00>
ST_3 : Operation 60 [1/1] (0.00ns)   --->   "%tmp_7 = bitconcatenate i496 @_ssdm_op_BitConcatenate.i496.i16.i480, i16 %tmp, i480 %tmp_6" [/home/edci/workspace/SQA_kernels/src/qmc.cpp:283]   --->   Operation 60 'bitconcatenate' 'tmp_7' <Predicate = (!icmp_ln280 & !icmp_ln283)> <Delay = 0.00>
ST_3 : Operation 61 [1/1] (0.55ns)   --->   "%select_ln283 = select i1 %icmp_ln283, i496 0, i496 %tmp_7" [/home/edci/workspace/SQA_kernels/src/qmc.cpp:283]   --->   Operation 61 'select' 'select_ln283' <Predicate = (!icmp_ln280)> <Delay = 0.55> <CoreInst = "Sel">   --->   Core 73 'Sel' <Latency = 0> <II = 1> <Delay = 0.55> <FuncUnit> <Opcode : 'select'> <InPorts = 3> <OutPorts = 1>
ST_3 : Operation 62 [1/1] (0.38ns)   --->   "%store_ln283 = store i496 %select_ln283, i496 %phi_ln283" [/home/edci/workspace/SQA_kernels/src/qmc.cpp:283]   --->   Operation 62 'store' 'store_ln283' <Predicate = (!icmp_ln280)> <Delay = 0.38>
ST_3 : Operation 63 [1/1] (0.00ns)   --->   "%br_ln0 = br void"   --->   Operation 63 'br' 'br_ln0' <Predicate = (!icmp_ln280)> <Delay = 0.00>
ST_3 : Operation 66 [1/1] (0.00ns)   --->   "%ret_ln0 = ret"   --->   Operation 66 'ret' 'ret_ln0' <Predicate = (icmp_ln280)> <Delay = 0.00>

State 4 <SV = 3> <Delay = 2.43>
ST_4 : Operation 64 [1/1] (2.43ns)   --->   "%write_ln283 = write void @_ssdm_op_Write.m_axi.p1i512, i512 %gmem_addr, i512 %or_ln, i64 18446744073709551615" [/home/edci/workspace/SQA_kernels/src/qmc.cpp:283]   --->   Operation 64 'write' 'write_ln283' <Predicate = (icmp_ln283)> <Delay = 2.43> <CoreInst = "m_axi">   --->   Core 121 'm_axi' <Latency = 5> <II = 1> <Delay = 1.00> <Adapter> <Opcode : 'read' 'write' 'readreq' 'writereq' 'writeresp'>
ST_4 : Operation 65 [1/1] (0.00ns)   --->   "%br_ln283 = br void %.split._crit_edge" [/home/edci/workspace/SQA_kernels/src/qmc.cpp:283]   --->   Operation 65 'br' 'br_ln283' <Predicate = (icmp_ln283)> <Delay = 0.00>


============================================================
+ Verbose Summary: Binding
============================================================
STG Binding: 
---------------- STG Properties BEGIN ----------------
- Is combinational: 0
- Is one-state seq: 0
- Is datapath-only: 0
- Is pipelined: 0
- Is top level: 0
Port [ Return ] is wired: 1; IO mode=ap_ctrl_hs:ce=0
Port [ gmem]:  wired=1; compound=1; hidden=0; nouse=0; global=0; static=0; extern=0; dir=1; type=4; pingpong=0; private_global=0; IO mode=m_axi:ce=0
Port [ sext_ln194]:  wired=1; compound=0; hidden=0; nouse=0; global=0; static=0; extern=0; dir=0; type=0; pingpong=0; private_global=0; IO mode=ap_none:ce=0
Port [ trottersLocal_V_0]:  wired=1; compound=1; hidden=0; nouse=0; global=0; static=0; extern=0; dir=0; type=1; pingpong=0; private_global=0; MemPort=[13]; IO mode=ap_memory:ce=0
Port [ trottersLocal_V_1]:  wired=1; compound=1; hidden=0; nouse=0; global=0; static=0; extern=0; dir=0; type=1; pingpong=0; private_global=0; MemPort=[13]; IO mode=ap_memory:ce=0
Port [ trottersLocal_V_2]:  wired=1; compound=1; hidden=0; nouse=0; global=0; static=0; extern=0; dir=0; type=1; pingpong=0; private_global=0; MemPort=[13]; IO mode=ap_memory:ce=0
Port [ trottersLocal_V_3]:  wired=1; compound=1; hidden=0; nouse=0; global=0; static=0; extern=0; dir=0; type=1; pingpong=0; private_global=0; MemPort=[13]; IO mode=ap_memory:ce=0
---------------- STG Properties END ------------------

---------------- Datapath Model BEGIN ----------------

<LifeTime>
<method=bitvector/>
phi_ln283              (alloca           ) [ 01110]
packOfst               (alloca           ) [ 01000]
t                      (alloca           ) [ 01100]
indvar_flatten7        (alloca           ) [ 01000]
sext_ln194_read        (read             ) [ 00000]
sext_ln194_cast        (sext             ) [ 01110]
specinterface_ln0      (specinterface    ) [ 00000]
store_ln0              (store            ) [ 00000]
store_ln0              (store            ) [ 00000]
store_ln0              (store            ) [ 00000]
store_ln0              (store            ) [ 00000]
br_ln0                 (br               ) [ 00000]
indvar_flatten7_load   (load             ) [ 00000]
icmp_ln280             (icmp             ) [ 01110]
add_ln280              (add              ) [ 00000]
br_ln280               (br               ) [ 00000]
packOfst_load          (load             ) [ 00000]
icmp_ln281             (icmp             ) [ 01110]
select_ln280           (select           ) [ 00000]
zext_ln281             (zext             ) [ 00000]
trunc_ln281            (trunc            ) [ 00000]
trottersLocal_V_0_addr (getelementptr    ) [ 01100]
trottersLocal_V_1_addr (getelementptr    ) [ 01100]
trottersLocal_V_2_addr (getelementptr    ) [ 01100]
trottersLocal_V_3_addr (getelementptr    ) [ 01100]
icmp_ln283             (icmp             ) [ 01111]
br_ln283               (br               ) [ 00000]
add_ln281              (add              ) [ 00000]
store_ln280            (store            ) [ 00000]
store_ln281            (store            ) [ 00000]
t_load                 (load             ) [ 00000]
add_ln280_1            (add              ) [ 00000]
select_ln280_2         (select           ) [ 00000]
trunc_ln280            (trunc            ) [ 00000]
trottersLocal_V_0_load (load             ) [ 00000]
trottersLocal_V_1_load (load             ) [ 00000]
trottersLocal_V_2_load (load             ) [ 00000]
trottersLocal_V_3_load (load             ) [ 00000]
tmp                    (mux              ) [ 01010]
store_ln280            (store            ) [ 00000]
gmem_addr              (getelementptr    ) [ 01001]
phi_ln283_load         (load             ) [ 00000]
specloopname_ln0       (specloopname     ) [ 00000]
empty                  (speclooptripcount) [ 00000]
select_ln280_1         (select           ) [ 00000]
specpipeline_ln281     (specpipeline     ) [ 00000]
specloopname_ln281     (specloopname     ) [ 00000]
or_ln                  (bitconcatenate   ) [ 01001]
tmp_6                  (partselect       ) [ 00000]
tmp_7                  (bitconcatenate   ) [ 00000]
select_ln283           (select           ) [ 00000]
store_ln283            (store            ) [ 00000]
br_ln0                 (br               ) [ 00000]
write_ln283            (write            ) [ 00000]
br_ln283               (br               ) [ 00000]
ret_ln0                (ret              ) [ 00000]
</LifeTime>

<model>

<comp_list>
<comp id="0" class="1000" name="gmem">
<pin_list>
<pin id="1" dir="1" index="0" bw="1" slack="0"/>
</pin_list>
<bind>
<StgValue><ssdm name="gmem"/></StgValue>
</bind>
</comp>

<comp id="2" class="1000" name="sext_ln194">
<pin_list>
<pin id="3" dir="1" index="0" bw="1" slack="0"/>
</pin_list>
<bind>
<StgValue><ssdm name="sext_ln194"/></StgValue>
</bind>
</comp>

<comp id="4" class="1000" name="trottersLocal_V_0">
<pin_list>
<pin id="5" dir="1" index="0" bw="1" slack="0"/>
</pin_list>
<bind>
<StgValue><ssdm name="trottersLocal_V_0"/><MemPortTyVec>1 3 </MemPortTyVec>
</StgValue>
</bind>
</comp>

<comp id="6" class="1000" name="trottersLocal_V_1">
<pin_list>
<pin id="7" dir="1" index="0" bw="1" slack="0"/>
</pin_list>
<bind>
<StgValue><ssdm name="trottersLocal_V_1"/><MemPortTyVec>1 3 </MemPortTyVec>
</StgValue>
</bind>
</comp>

<comp id="8" class="1000" name="trottersLocal_V_2">
<pin_list>
<pin id="9" dir="1" index="0" bw="1" slack="0"/>
</pin_list>
<bind>
<StgValue><ssdm name="trottersLocal_V_2"/><MemPortTyVec>1 3 </MemPortTyVec>
</StgValue>
</bind>
</comp>

<comp id="10" class="1000" name="trottersLocal_V_3">
<pin_list>
<pin id="11" dir="1" index="0" bw="1" slack="0"/>
</pin_list>
<bind>
<StgValue><ssdm name="trottersLocal_V_3"/><MemPortTyVec>1 3 </MemPortTyVec>
</StgValue>
</bind>
</comp>

<comp id="12" class="1001" name="const_12">
<pin_list>
<pin id="13" dir="1" index="0" bw="1" slack="0"/>
</pin_list>
<bind>
<StgValue><ssdm name=""/></StgValue>
</bind>
</comp>

<comp id="14" class="1001" name="const_14">
<pin_list>
<pin id="15" dir="1" index="0" bw="1" slack="0"/>
</pin_list>
<bind>
<StgValue><ssdm name="_ssdm_op_Read.ap_auto.i58"/></StgValue>
</bind>
</comp>

<comp id="16" class="1001" name="const_16">
<pin_list>
<pin id="17" dir="1" index="0" bw="1" slack="2147483647"/>
</pin_list>
<bind>
<StgValue><ssdm name="_ssdm_op_SpecInterface"/></StgValue>
</bind>
</comp>

<comp id="18" class="1001" name="const_18">
<pin_list>
<pin id="19" dir="1" index="0" bw="1" slack="2147483647"/>
</pin_list>
<bind>
<StgValue><ssdm name="empty_2"/></StgValue>
</bind>
</comp>

<comp id="20" class="1001" name="const_20">
<pin_list>
<pin id="21" dir="1" index="0" bw="1" slack="2147483647"/>
</pin_list>
<bind>
<StgValue><ssdm name=""/></StgValue>
</bind>
</comp>

<comp id="22" class="1001" name="const_22">
<pin_list>
<pin id="23" dir="1" index="0" bw="1" slack="2147483647"/>
</pin_list>
<bind>
<StgValue><ssdm name="empty_3"/></StgValue>
</bind>
</comp>

<comp id="24" class="1001" name="const_24">
<pin_list>
<pin id="25" dir="1" index="0" bw="1" slack="2147483647"/>
</pin_list>
<bind>
<StgValue><ssdm name=""/></StgValue>
</bind>
</comp>

<comp id="26" class="1001" name="const_26">
<pin_list>
<pin id="27" dir="1" index="0" bw="1" slack="2147483647"/>
</pin_list>
<bind>
<StgValue><ssdm name="empty_4"/></StgValue>
</bind>
</comp>

<comp id="28" class="1001" name="const_28">
<pin_list>
<pin id="29" dir="1" index="0" bw="1" slack="2147483647"/>
</pin_list>
<bind>
<StgValue><ssdm name="empty_12"/></StgValue>
</bind>
</comp>

<comp id="30" class="1001" name="const_30">
<pin_list>
<pin id="31" dir="1" index="0" bw="1" slack="0"/>
</pin_list>
<bind>
<StgValue><ssdm name=""/></StgValue>
</bind>
</comp>

<comp id="32" class="1001" name="const_32">
<pin_list>
<pin id="33" dir="1" index="0" bw="1" slack="0"/>
</pin_list>
<bind>
<StgValue><ssdm name=""/></StgValue>
</bind>
</comp>

<comp id="34" class="1001" name="const_34">
<pin_list>
<pin id="35" dir="1" index="0" bw="1" slack="0"/>
</pin_list>
<bind>
<StgValue><ssdm name=""/></StgValue>
</bind>
</comp>

<comp id="36" class="1001" name="const_36">
<pin_list>
<pin id="37" dir="1" index="0" bw="1" slack="0"/>
</pin_list>
<bind>
<StgValue><ssdm name=""/></StgValue>
</bind>
</comp>

<comp id="38" class="1001" name="const_38">
<pin_list>
<pin id="39" dir="1" index="0" bw="1" slack="0"/>
</pin_list>
<bind>
<StgValue><ssdm name=""/></StgValue>
</bind>
</comp>

<comp id="40" class="1001" name="const_40">
<pin_list>
<pin id="41" dir="1" index="0" bw="1" slack="0"/>
</pin_list>
<bind>
<StgValue><ssdm name=""/></StgValue>
</bind>
</comp>

<comp id="42" class="1001" name="const_42">
<pin_list>
<pin id="43" dir="1" index="0" bw="1" slack="0"/>
</pin_list>
<bind>
<StgValue><ssdm name=""/></StgValue>
</bind>
</comp>

<comp id="44" class="1001" name="const_44">
<pin_list>
<pin id="45" dir="1" index="0" bw="1" slack="0"/>
</pin_list>
<bind>
<StgValue><ssdm name=""/></StgValue>
</bind>
</comp>

<comp id="46" class="1001" name="const_46">
<pin_list>
<pin id="47" dir="1" index="0" bw="1" slack="0"/>
</pin_list>
<bind>
<StgValue><ssdm name=""/></StgValue>
</bind>
</comp>

<comp id="48" class="1001" name="const_48">
<pin_list>
<pin id="49" dir="1" index="0" bw="1" slack="0"/>
</pin_list>
<bind>
<StgValue><ssdm name=""/></StgValue>
</bind>
</comp>

<comp id="50" class="1001" name="const_50">
<pin_list>
<pin id="51" dir="1" index="0" bw="1" slack="0"/>
</pin_list>
<bind>
<StgValue><ssdm name=""/></StgValue>
</bind>
</comp>

<comp id="52" class="1001" name="const_52">
<pin_list>
<pin id="53" dir="1" index="0" bw="1" slack="0"/>
</pin_list>
<bind>
<StgValue><ssdm name=""/></StgValue>
</bind>
</comp>

<comp id="54" class="1001" name="const_54">
<pin_list>
<pin id="55" dir="1" index="0" bw="1" slack="0"/>
</pin_list>
<bind>
<StgValue><ssdm name="_ssdm_op_Mux.ap_auto.4i16.i2"/></StgValue>
</bind>
</comp>

<comp id="56" class="1001" name="const_56">
<pin_list>
<pin id="57" dir="1" index="0" bw="1" slack="2147483647"/>
</pin_list>
<bind>
<StgValue><ssdm name="_ssdm_op_SpecLoopName"/></StgValue>
</bind>
</comp>

<comp id="58" class="1001" name="const_58">
<pin_list>
<pin id="59" dir="1" index="0" bw="1" slack="2147483647"/>
</pin_list>
<bind>
<StgValue><ssdm name="WRITE_TROTTERS_VITIS_LOOP_281_3_str"/></StgValue>
</bind>
</comp>

<comp id="60" class="1001" name="const_60">
<pin_list>
<pin id="61" dir="1" index="0" bw="1" slack="2147483647"/>
</pin_list>
<bind>
<StgValue><ssdm name="_ssdm_op_SpecLoopTripCount"/></StgValue>
</bind>
</comp>

<comp id="62" class="1001" name="const_62">
<pin_list>
<pin id="63" dir="1" index="0" bw="1" slack="2147483647"/>
</pin_list>
<bind>
<StgValue><ssdm name=""/></StgValue>
</bind>
</comp>

<comp id="64" class="1001" name="const_64">
<pin_list>
<pin id="65" dir="1" index="0" bw="1" slack="2147483647"/>
</pin_list>
<bind>
<StgValue><ssdm name="_ssdm_op_SpecPipeline"/></StgValue>
</bind>
</comp>

<comp id="66" class="1001" name="const_66">
<pin_list>
<pin id="67" dir="1" index="0" bw="1" slack="2147483647"/>
</pin_list>
<bind>
<StgValue><ssdm name=""/></StgValue>
</bind>
</comp>

<comp id="68" class="1001" name="const_68">
<pin_list>
<pin id="69" dir="1" index="0" bw="1" slack="2147483647"/>
</pin_list>
<bind>
<StgValue><ssdm name="empty_15"/></StgValue>
</bind>
</comp>

<comp id="70" class="1001" name="const_70">
<pin_list>
<pin id="71" dir="1" index="0" bw="1" slack="0"/>
</pin_list>
<bind>
<StgValue><ssdm name="_ssdm_op_BitConcatenate.i512.i16.i496"/></StgValue>
</bind>
</comp>

<comp id="72" class="1001" name="const_72">
<pin_list>
<pin id="73" dir="1" index="0" bw="1" slack="0"/>
</pin_list>
<bind>
<StgValue><ssdm name="_ssdm_op_PartSelect.i480.i496.i32.i32"/></StgValue>
</bind>
</comp>

<comp id="74" class="1001" name="const_74">
<pin_list>
<pin id="75" dir="1" index="0" bw="1" slack="0"/>
</pin_list>
<bind>
<StgValue><ssdm name=""/></StgValue>
</bind>
</comp>

<comp id="76" class="1001" name="const_76">
<pin_list>
<pin id="77" dir="1" index="0" bw="1" slack="0"/>
</pin_list>
<bind>
<StgValue><ssdm name="_ssdm_op_BitConcatenate.i496.i16.i480"/></StgValue>
</bind>
</comp>

<comp id="78" class="1001" name="const_78">
<pin_list>
<pin id="79" dir="1" index="0" bw="1" slack="0"/>
</pin_list>
<bind>
<StgValue><ssdm name="_ssdm_op_Write.m_axi.p1i512"/></StgValue>
</bind>
</comp>

<comp id="80" class="1001" name="const_80">
<pin_list>
<pin id="81" dir="1" index="0" bw="1" slack="0"/>
</pin_list>
<bind>
<StgValue><ssdm name=""/></StgValue>
</bind>
</comp>

<comp id="82" class="1004" name="phi_ln283_fu_82">
<pin_list>
<pin id="83" dir="0" index="0" bw="1" slack="0"/>
<pin id="84" dir="1" index="1" bw="496" slack="0"/>
</pin_list>
<bind>
<opcode="alloca(26) " fcode="alloca"/>
<opset="phi_ln283/1 "/>
</bind>
</comp>

<comp id="86" class="1004" name="packOfst_fu_86">
<pin_list>
<pin id="87" dir="0" index="0" bw="1" slack="0"/>
<pin id="88" dir="1" index="1" bw="9" slack="0"/>
</pin_list>
<bind>
<opcode="alloca(26) " fcode="alloca"/>
<opset="packOfst/1 "/>
</bind>
</comp>

<comp id="90" class="1004" name="t_fu_90">
<pin_list>
<pin id="91" dir="0" index="0" bw="1" slack="0"/>
<pin id="92" dir="1" index="1" bw="3" slack="0"/>
</pin_list>
<bind>
<opcode="alloca(26) " fcode="alloca"/>
<opset="t/1 "/>
</bind>
</comp>

<comp id="94" class="1004" name="indvar_flatten7_fu_94">
<pin_list>
<pin id="95" dir="0" index="0" bw="1" slack="0"/>
<pin id="96" dir="1" index="1" bw="11" slack="0"/>
</pin_list>
<bind>
<opcode="alloca(26) " fcode="alloca"/>
<opset="indvar_flatten7/1 "/>
</bind>
</comp>

<comp id="98" class="1004" name="sext_ln194_read_read_fu_98">
<pin_list>
<pin id="99" dir="0" index="0" bw="58" slack="0"/>
<pin id="100" dir="0" index="1" bw="58" slack="0"/>
<pin id="101" dir="1" index="2" bw="58" slack="0"/>
</pin_list>
<bind>
<opcode="read(1150) " fcode="read"/>
<opset="sext_ln194_read/1 "/>
</bind>
</comp>

<comp id="104" class="1004" name="write_ln283_write_fu_104">
<pin_list>
<pin id="105" dir="0" index="0" bw="0" slack="0"/>
<pin id="106" dir="0" index="1" bw="512" slack="1"/>
<pin id="107" dir="0" index="2" bw="512" slack="1"/>
<pin id="108" dir="0" index="3" bw="1" slack="0"/>
<pin id="109" dir="1" index="4" bw="0" slack="2147483647"/>
</pin_list>
<bind>
<opcode="write(1151) " fcode="write"/>
<opset="write_ln283/4 "/>
</bind>
</comp>

<comp id="112" class="1004" name="trottersLocal_V_0_addr_gep_fu_112">
<pin_list>
<pin id="113" dir="0" index="0" bw="16" slack="0"/>
<pin id="114" dir="0" index="1" bw="1" slack="0"/>
<pin id="115" dir="0" index="2" bw="9" slack="0"/>
<pin id="116" dir="1" index="3" bw="8" slack="0"/>
</pin_list>
<bind>
<opcode="getelementptr(29) " fcode="getelementptr"/>
<opset="trottersLocal_V_0_addr/1 "/>
</bind>
</comp>

<comp id="119" class="1004" name="grp_access_fu_119">
<pin_list>
<pin id="120" dir="0" index="0" bw="8" slack="0"/>
<pin id="121" dir="0" index="1" bw="16" slack="2147483647"/>
<pin id="122" dir="0" index="2" bw="0" slack="2147483647"/>
<pin id="123" dir="1" index="3" bw="16" slack="0"/>
</pin_list>
<bind>
<opcode="load(27) " fcode="load"/>
<opset="trottersLocal_V_0_load/1 "/>
</bind>
</comp>

<comp id="125" class="1004" name="trottersLocal_V_1_addr_gep_fu_125">
<pin_list>
<pin id="126" dir="0" index="0" bw="16" slack="0"/>
<pin id="127" dir="0" index="1" bw="1" slack="0"/>
<pin id="128" dir="0" index="2" bw="9" slack="0"/>
<pin id="129" dir="1" index="3" bw="8" slack="0"/>
</pin_list>
<bind>
<opcode="getelementptr(29) " fcode="getelementptr"/>
<opset="trottersLocal_V_1_addr/1 "/>
</bind>
</comp>

<comp id="132" class="1004" name="grp_access_fu_132">
<pin_list>
<pin id="133" dir="0" index="0" bw="8" slack="0"/>
<pin id="134" dir="0" index="1" bw="16" slack="2147483647"/>
<pin id="135" dir="0" index="2" bw="0" slack="2147483647"/>
<pin id="136" dir="1" index="3" bw="16" slack="0"/>
</pin_list>
<bind>
<opcode="load(27) " fcode="load"/>
<opset="trottersLocal_V_1_load/1 "/>
</bind>
</comp>

<comp id="138" class="1004" name="trottersLocal_V_2_addr_gep_fu_138">
<pin_list>
<pin id="139" dir="0" index="0" bw="16" slack="0"/>
<pin id="140" dir="0" index="1" bw="1" slack="0"/>
<pin id="141" dir="0" index="2" bw="9" slack="0"/>
<pin id="142" dir="1" index="3" bw="8" slack="0"/>
</pin_list>
<bind>
<opcode="getelementptr(29) " fcode="getelementptr"/>
<opset="trottersLocal_V_2_addr/1 "/>
</bind>
</comp>

<comp id="145" class="1004" name="grp_access_fu_145">
<pin_list>
<pin id="146" dir="0" index="0" bw="8" slack="0"/>
<pin id="147" dir="0" index="1" bw="16" slack="2147483647"/>
<pin id="148" dir="0" index="2" bw="0" slack="2147483647"/>
<pin id="149" dir="1" index="3" bw="16" slack="0"/>
</pin_list>
<bind>
<opcode="load(27) " fcode="load"/>
<opset="trottersLocal_V_2_load/1 "/>
</bind>
</comp>

<comp id="151" class="1004" name="trottersLocal_V_3_addr_gep_fu_151">
<pin_list>
<pin id="152" dir="0" index="0" bw="16" slack="0"/>
<pin id="153" dir="0" index="1" bw="1" slack="0"/>
<pin id="154" dir="0" index="2" bw="9" slack="0"/>
<pin id="155" dir="1" index="3" bw="8" slack="0"/>
</pin_list>
<bind>
<opcode="getelementptr(29) " fcode="getelementptr"/>
<opset="trottersLocal_V_3_addr/1 "/>
</bind>
</comp>

<comp id="158" class="1004" name="grp_access_fu_158">
<pin_list>
<pin id="159" dir="0" index="0" bw="8" slack="0"/>
<pin id="160" dir="0" index="1" bw="16" slack="2147483647"/>
<pin id="161" dir="0" index="2" bw="0" slack="2147483647"/>
<pin id="162" dir="1" index="3" bw="16" slack="0"/>
</pin_list>
<bind>
<opcode="load(27) " fcode="load"/>
<opset="trottersLocal_V_3_load/1 "/>
</bind>
</comp>

<comp id="164" class="1004" name="sext_ln194_cast_fu_164">
<pin_list>
<pin id="165" dir="0" index="0" bw="58" slack="0"/>
<pin id="166" dir="1" index="1" bw="64" slack="2"/>
</pin_list>
<bind>
<opcode="sext(35) " fcode="sext"/>
<opset="sext_ln194_cast/1 "/>
</bind>
</comp>

<comp id="168" class="1004" name="store_ln0_store_fu_168">
<pin_list>
<pin id="169" dir="0" index="0" bw="1" slack="0"/>
<pin id="170" dir="0" index="1" bw="11" slack="0"/>
<pin id="171" dir="1" index="2" bw="0" slack="2147483647"/>
</pin_list>
<bind>
<opcode="store(28) " fcode="store"/>
<opset="store_ln0/1 "/>
</bind>
</comp>

<comp id="173" class="1004" name="store_ln0_store_fu_173">
<pin_list>
<pin id="174" dir="0" index="0" bw="1" slack="0"/>
<pin id="175" dir="0" index="1" bw="3" slack="0"/>
<pin id="176" dir="1" index="2" bw="0" slack="2147483647"/>
</pin_list>
<bind>
<opcode="store(28) " fcode="store"/>
<opset="store_ln0/1 "/>
</bind>
</comp>

<comp id="178" class="1004" name="store_ln0_store_fu_178">
<pin_list>
<pin id="179" dir="0" index="0" bw="1" slack="0"/>
<pin id="180" dir="0" index="1" bw="9" slack="0"/>
<pin id="181" dir="1" index="2" bw="0" slack="2147483647"/>
</pin_list>
<bind>
<opcode="store(28) " fcode="store"/>
<opset="store_ln0/1 "/>
</bind>
</comp>

<comp id="183" class="1004" name="store_ln0_store_fu_183">
<pin_list>
<pin id="184" dir="0" index="0" bw="1" slack="0"/>
<pin id="185" dir="0" index="1" bw="496" slack="0"/>
<pin id="186" dir="1" index="2" bw="0" slack="2147483647"/>
</pin_list>
<bind>
<opcode="store(28) " fcode="store"/>
<opset="store_ln0/1 "/>
</bind>
</comp>

<comp id="188" class="1004" name="indvar_flatten7_load_load_fu_188">
<pin_list>
<pin id="189" dir="0" index="0" bw="11" slack="0"/>
<pin id="190" dir="1" index="1" bw="11" slack="0"/>
</pin_list>
<bind>
<opcode="load(27) " fcode="load"/>
<opset="indvar_flatten7_load/1 "/>
</bind>
</comp>

<comp id="191" class="1004" name="icmp_ln280_fu_191">
<pin_list>
<pin id="192" dir="0" index="0" bw="11" slack="0"/>
<pin id="193" dir="0" index="1" bw="11" slack="0"/>
<pin id="194" dir="1" index="2" bw="1" slack="1"/>
</pin_list>
<bind>
<opcode="icmp(45) " fcode="icmp"/>
<opset="icmp_ln280/1 "/>
</bind>
</comp>

<comp id="197" class="1004" name="add_ln280_fu_197">
<pin_list>
<pin id="198" dir="0" index="0" bw="11" slack="0"/>
<pin id="199" dir="0" index="1" bw="1" slack="0"/>
<pin id="200" dir="1" index="2" bw="11" slack="0"/>
</pin_list>
<bind>
<opcode="add(8) " fcode="add"/>
<opset="add_ln280/1 "/>
</bind>
</comp>

<comp id="203" class="1004" name="packOfst_load_load_fu_203">
<pin_list>
<pin id="204" dir="0" index="0" bw="9" slack="0"/>
<pin id="205" dir="1" index="1" bw="9" slack="0"/>
</pin_list>
<bind>
<opcode="load(27) " fcode="load"/>
<opset="packOfst_load/1 "/>
</bind>
</comp>

<comp id="206" class="1004" name="icmp_ln281_fu_206">
<pin_list>
<pin id="207" dir="0" index="0" bw="9" slack="0"/>
<pin id="208" dir="0" index="1" bw="9" slack="0"/>
<pin id="209" dir="1" index="2" bw="1" slack="0"/>
</pin_list>
<bind>
<opcode="icmp(45) " fcode="icmp"/>
<opset="icmp_ln281/1 "/>
</bind>
</comp>

<comp id="212" class="1004" name="select_ln280_fu_212">
<pin_list>
<pin id="213" dir="0" index="0" bw="1" slack="0"/>
<pin id="214" dir="0" index="1" bw="1" slack="0"/>
<pin id="215" dir="0" index="2" bw="9" slack="0"/>
<pin id="216" dir="1" index="3" bw="9" slack="0"/>
</pin_list>
<bind>
<opcode="select(49) " fcode="select"/>
<opset="select_ln280/1 "/>
</bind>
</comp>

<comp id="220" class="1004" name="zext_ln281_fu_220">
<pin_list>
<pin id="221" dir="0" index="0" bw="9" slack="0"/>
<pin id="222" dir="1" index="1" bw="64" slack="0"/>
</pin_list>
<bind>
<opcode="zext(34) " fcode="zext"/>
<opset="zext_ln281/1 "/>
</bind>
</comp>

<comp id="228" class="1004" name="trunc_ln281_fu_228">
<pin_list>
<pin id="229" dir="0" index="0" bw="9" slack="0"/>
<pin id="230" dir="1" index="1" bw="5" slack="0"/>
</pin_list>
<bind>
<opcode="trunc(33) " fcode="trunc"/>
<opset="trunc_ln281/1 "/>
</bind>
</comp>

<comp id="232" class="1004" name="icmp_ln283_fu_232">
<pin_list>
<pin id="233" dir="0" index="0" bw="5" slack="0"/>
<pin id="234" dir="0" index="1" bw="1" slack="0"/>
<pin id="235" dir="1" index="2" bw="1" slack="2"/>
</pin_list>
<bind>
<opcode="icmp(45) " fcode="icmp"/>
<opset="icmp_ln283/1 "/>
</bind>
</comp>

<comp id="238" class="1004" name="add_ln281_fu_238">
<pin_list>
<pin id="239" dir="0" index="0" bw="9" slack="0"/>
<pin id="240" dir="0" index="1" bw="1" slack="0"/>
<pin id="241" dir="1" index="2" bw="9" slack="0"/>
</pin_list>
<bind>
<opcode="add(8) " fcode="add"/>
<opset="add_ln281/1 "/>
</bind>
</comp>

<comp id="244" class="1004" name="store_ln280_store_fu_244">
<pin_list>
<pin id="245" dir="0" index="0" bw="11" slack="0"/>
<pin id="246" dir="0" index="1" bw="11" slack="0"/>
<pin id="247" dir="1" index="2" bw="0" slack="2147483647"/>
</pin_list>
<bind>
<opcode="store(28) " fcode="store"/>
<opset="store_ln280/1 "/>
</bind>
</comp>

<comp id="249" class="1004" name="store_ln281_store_fu_249">
<pin_list>
<pin id="250" dir="0" index="0" bw="9" slack="0"/>
<pin id="251" dir="0" index="1" bw="9" slack="0"/>
<pin id="252" dir="1" index="2" bw="0" slack="2147483647"/>
</pin_list>
<bind>
<opcode="store(28) " fcode="store"/>
<opset="store_ln281/1 "/>
</bind>
</comp>

<comp id="254" class="1004" name="t_load_load_fu_254">
<pin_list>
<pin id="255" dir="0" index="0" bw="3" slack="1"/>
<pin id="256" dir="1" index="1" bw="3" slack="0"/>
</pin_list>
<bind>
<opcode="load(27) " fcode="load"/>
<opset="t_load/2 "/>
</bind>
</comp>

<comp id="257" class="1004" name="add_ln280_1_fu_257">
<pin_list>
<pin id="258" dir="0" index="0" bw="3" slack="0"/>
<pin id="259" dir="0" index="1" bw="1" slack="0"/>
<pin id="260" dir="1" index="2" bw="3" slack="0"/>
</pin_list>
<bind>
<opcode="add(8) " fcode="add"/>
<opset="add_ln280_1/2 "/>
</bind>
</comp>

<comp id="263" class="1004" name="select_ln280_2_fu_263">
<pin_list>
<pin id="264" dir="0" index="0" bw="1" slack="1"/>
<pin id="265" dir="0" index="1" bw="3" slack="0"/>
<pin id="266" dir="0" index="2" bw="3" slack="0"/>
<pin id="267" dir="1" index="3" bw="3" slack="0"/>
</pin_list>
<bind>
<opcode="select(49) " fcode="select"/>
<opset="select_ln280_2/2 "/>
</bind>
</comp>

<comp id="270" class="1004" name="trunc_ln280_fu_270">
<pin_list>
<pin id="271" dir="0" index="0" bw="3" slack="0"/>
<pin id="272" dir="1" index="1" bw="2" slack="0"/>
</pin_list>
<bind>
<opcode="trunc(33) " fcode="trunc"/>
<opset="trunc_ln280/2 "/>
</bind>
</comp>

<comp id="274" class="1004" name="tmp_fu_274">
<pin_list>
<pin id="275" dir="0" index="0" bw="16" slack="0"/>
<pin id="276" dir="0" index="1" bw="16" slack="0"/>
<pin id="277" dir="0" index="2" bw="16" slack="0"/>
<pin id="278" dir="0" index="3" bw="16" slack="0"/>
<pin id="279" dir="0" index="4" bw="16" slack="0"/>
<pin id="280" dir="0" index="5" bw="2" slack="0"/>
<pin id="281" dir="1" index="6" bw="16" slack="1"/>
</pin_list>
<bind>
<opcode="mux(1196) " fcode="mux"/>
<opset="tmp/2 "/>
</bind>
</comp>

<comp id="288" class="1004" name="store_ln280_store_fu_288">
<pin_list>
<pin id="289" dir="0" index="0" bw="3" slack="0"/>
<pin id="290" dir="0" index="1" bw="3" slack="1"/>
<pin id="291" dir="1" index="2" bw="0" slack="2147483647"/>
</pin_list>
<bind>
<opcode="store(28) " fcode="store"/>
<opset="store_ln280/2 "/>
</bind>
</comp>

<comp id="293" class="1004" name="gmem_addr_fu_293">
<pin_list>
<pin id="294" dir="0" index="0" bw="512" slack="0"/>
<pin id="295" dir="0" index="1" bw="58" slack="2"/>
<pin id="296" dir="1" index="2" bw="512" slack="1"/>
</pin_list>
<bind>
<opcode="getelementptr(29) " fcode="getelementptr"/>
<opset="gmem_addr/3 "/>
</bind>
</comp>

<comp id="298" class="1004" name="phi_ln283_load_load_fu_298">
<pin_list>
<pin id="299" dir="0" index="0" bw="496" slack="2"/>
<pin id="300" dir="1" index="1" bw="496" slack="0"/>
</pin_list>
<bind>
<opcode="load(27) " fcode="load"/>
<opset="phi_ln283_load/3 "/>
</bind>
</comp>

<comp id="301" class="1004" name="select_ln280_1_fu_301">
<pin_list>
<pin id="302" dir="0" index="0" bw="1" slack="2"/>
<pin id="303" dir="0" index="1" bw="1" slack="0"/>
<pin id="304" dir="0" index="2" bw="496" slack="0"/>
<pin id="305" dir="1" index="3" bw="496" slack="0"/>
</pin_list>
<bind>
<opcode="select(49) " fcode="select"/>
<opset="select_ln280_1/3 "/>
</bind>
</comp>

<comp id="308" class="1004" name="or_ln_fu_308">
<pin_list>
<pin id="309" dir="0" index="0" bw="512" slack="0"/>
<pin id="310" dir="0" index="1" bw="16" slack="1"/>
<pin id="311" dir="0" index="2" bw="496" slack="0"/>
<pin id="312" dir="1" index="3" bw="512" slack="1"/>
</pin_list>
<bind>
<opcode="bitconcatenate(1004) " fcode="bitconcatenate"/>
<opset="or_ln/3 "/>
</bind>
</comp>

<comp id="315" class="1004" name="tmp_6_fu_315">
<pin_list>
<pin id="316" dir="0" index="0" bw="480" slack="0"/>
<pin id="317" dir="0" index="1" bw="496" slack="0"/>
<pin id="318" dir="0" index="2" bw="6" slack="0"/>
<pin id="319" dir="0" index="3" bw="10" slack="0"/>
<pin id="320" dir="1" index="4" bw="480" slack="0"/>
</pin_list>
<bind>
<opcode="partselect(1002) " fcode="partselect"/>
<opset="tmp_6/3 "/>
</bind>
</comp>

<comp id="325" class="1004" name="tmp_7_fu_325">
<pin_list>
<pin id="326" dir="0" index="0" bw="496" slack="0"/>
<pin id="327" dir="0" index="1" bw="16" slack="1"/>
<pin id="328" dir="0" index="2" bw="480" slack="0"/>
<pin id="329" dir="1" index="3" bw="496" slack="0"/>
</pin_list>
<bind>
<opcode="bitconcatenate(1004) " fcode="bitconcatenate"/>
<opset="tmp_7/3 "/>
</bind>
</comp>

<comp id="332" class="1004" name="select_ln283_fu_332">
<pin_list>
<pin id="333" dir="0" index="0" bw="1" slack="2"/>
<pin id="334" dir="0" index="1" bw="1" slack="0"/>
<pin id="335" dir="0" index="2" bw="496" slack="0"/>
<pin id="336" dir="1" index="3" bw="496" slack="0"/>
</pin_list>
<bind>
<opcode="select(49) " fcode="select"/>
<opset="select_ln283/3 "/>
</bind>
</comp>

<comp id="339" class="1004" name="store_ln283_store_fu_339">
<pin_list>
<pin id="340" dir="0" index="0" bw="496" slack="0"/>
<pin id="341" dir="0" index="1" bw="496" slack="2"/>
<pin id="342" dir="1" index="2" bw="0" slack="2147483647"/>
</pin_list>
<bind>
<opcode="store(28) " fcode="store"/>
<opset="store_ln283/3 "/>
</bind>
</comp>

<comp id="344" class="1005" name="phi_ln283_reg_344">
<pin_list>
<pin id="345" dir="0" index="0" bw="496" slack="0"/>
<pin id="346" dir="1" index="1" bw="496" slack="0"/>
</pin_list>
<bind>
<opset="phi_ln283 "/>
</bind>
</comp>

<comp id="351" class="1005" name="packOfst_reg_351">
<pin_list>
<pin id="352" dir="0" index="0" bw="9" slack="0"/>
<pin id="353" dir="1" index="1" bw="9" slack="0"/>
</pin_list>
<bind>
<opset="packOfst "/>
</bind>
</comp>

<comp id="358" class="1005" name="t_reg_358">
<pin_list>
<pin id="359" dir="0" index="0" bw="3" slack="0"/>
<pin id="360" dir="1" index="1" bw="3" slack="0"/>
</pin_list>
<bind>
<opset="t "/>
</bind>
</comp>

<comp id="365" class="1005" name="indvar_flatten7_reg_365">
<pin_list>
<pin id="366" dir="0" index="0" bw="11" slack="0"/>
<pin id="367" dir="1" index="1" bw="11" slack="0"/>
</pin_list>
<bind>
<opset="indvar_flatten7 "/>
</bind>
</comp>

<comp id="372" class="1005" name="sext_ln194_cast_reg_372">
<pin_list>
<pin id="373" dir="0" index="0" bw="64" slack="2"/>
<pin id="374" dir="1" index="1" bw="64" slack="2"/>
</pin_list>
<bind>
<opset="sext_ln194_cast "/>
</bind>
</comp>

<comp id="377" class="1005" name="icmp_ln280_reg_377">
<pin_list>
<pin id="378" dir="0" index="0" bw="1" slack="1"/>
<pin id="379" dir="1" index="1" bw="1" slack="2147483647"/>
</pin_list>
<bind>
<opset="icmp_ln280 "/>
</bind>
</comp>

<comp id="381" class="1005" name="icmp_ln281_reg_381">
<pin_list>
<pin id="382" dir="0" index="0" bw="1" slack="1"/>
<pin id="383" dir="1" index="1" bw="1" slack="1"/>
</pin_list>
<bind>
<opset="icmp_ln281 "/>
</bind>
</comp>

<comp id="387" class="1005" name="trottersLocal_V_0_addr_reg_387">
<pin_list>
<pin id="388" dir="0" index="0" bw="8" slack="1"/>
<pin id="389" dir="1" index="1" bw="8" slack="1"/>
</pin_list>
<bind>
<opset="trottersLocal_V_0_addr "/>
</bind>
</comp>

<comp id="392" class="1005" name="trottersLocal_V_1_addr_reg_392">
<pin_list>
<pin id="393" dir="0" index="0" bw="8" slack="1"/>
<pin id="394" dir="1" index="1" bw="8" slack="1"/>
</pin_list>
<bind>
<opset="trottersLocal_V_1_addr "/>
</bind>
</comp>

<comp id="397" class="1005" name="trottersLocal_V_2_addr_reg_397">
<pin_list>
<pin id="398" dir="0" index="0" bw="8" slack="1"/>
<pin id="399" dir="1" index="1" bw="8" slack="1"/>
</pin_list>
<bind>
<opset="trottersLocal_V_2_addr "/>
</bind>
</comp>

<comp id="402" class="1005" name="trottersLocal_V_3_addr_reg_402">
<pin_list>
<pin id="403" dir="0" index="0" bw="8" slack="1"/>
<pin id="404" dir="1" index="1" bw="8" slack="1"/>
</pin_list>
<bind>
<opset="trottersLocal_V_3_addr "/>
</bind>
</comp>

<comp id="407" class="1005" name="icmp_ln283_reg_407">
<pin_list>
<pin id="408" dir="0" index="0" bw="1" slack="2"/>
<pin id="409" dir="1" index="1" bw="1" slack="2"/>
</pin_list>
<bind>
<opset="icmp_ln283 "/>
</bind>
</comp>

<comp id="412" class="1005" name="tmp_reg_412">
<pin_list>
<pin id="413" dir="0" index="0" bw="16" slack="1"/>
<pin id="414" dir="1" index="1" bw="16" slack="1"/>
</pin_list>
<bind>
<opset="tmp "/>
</bind>
</comp>

<comp id="418" class="1005" name="gmem_addr_reg_418">
<pin_list>
<pin id="419" dir="0" index="0" bw="512" slack="1"/>
<pin id="420" dir="1" index="1" bw="512" slack="1"/>
</pin_list>
<bind>
<opset="gmem_addr "/>
</bind>
</comp>

<comp id="423" class="1005" name="or_ln_reg_423">
<pin_list>
<pin id="424" dir="0" index="0" bw="512" slack="1"/>
<pin id="425" dir="1" index="1" bw="512" slack="1"/>
</pin_list>
<bind>
<opset="or_ln "/>
</bind>
</comp>

</comp_list>

<net_list>
<net id="85"><net_src comp="12" pin="0"/><net_sink comp="82" pin=0"/></net>

<net id="89"><net_src comp="12" pin="0"/><net_sink comp="86" pin=0"/></net>

<net id="93"><net_src comp="12" pin="0"/><net_sink comp="90" pin=0"/></net>

<net id="97"><net_src comp="12" pin="0"/><net_sink comp="94" pin=0"/></net>

<net id="102"><net_src comp="14" pin="0"/><net_sink comp="98" pin=0"/></net>

<net id="103"><net_src comp="2" pin="0"/><net_sink comp="98" pin=1"/></net>

<net id="110"><net_src comp="78" pin="0"/><net_sink comp="104" pin=0"/></net>

<net id="111"><net_src comp="80" pin="0"/><net_sink comp="104" pin=3"/></net>

<net id="117"><net_src comp="4" pin="0"/><net_sink comp="112" pin=0"/></net>

<net id="118"><net_src comp="46" pin="0"/><net_sink comp="112" pin=1"/></net>

<net id="124"><net_src comp="112" pin="3"/><net_sink comp="119" pin=0"/></net>

<net id="130"><net_src comp="6" pin="0"/><net_sink comp="125" pin=0"/></net>

<net id="131"><net_src comp="46" pin="0"/><net_sink comp="125" pin=1"/></net>

<net id="137"><net_src comp="125" pin="3"/><net_sink comp="132" pin=0"/></net>

<net id="143"><net_src comp="8" pin="0"/><net_sink comp="138" pin=0"/></net>

<net id="144"><net_src comp="46" pin="0"/><net_sink comp="138" pin=1"/></net>

<net id="150"><net_src comp="138" pin="3"/><net_sink comp="145" pin=0"/></net>

<net id="156"><net_src comp="10" pin="0"/><net_sink comp="151" pin=0"/></net>

<net id="157"><net_src comp="46" pin="0"/><net_sink comp="151" pin=1"/></net>

<net id="163"><net_src comp="151" pin="3"/><net_sink comp="158" pin=0"/></net>

<net id="167"><net_src comp="98" pin="2"/><net_sink comp="164" pin=0"/></net>

<net id="172"><net_src comp="32" pin="0"/><net_sink comp="168" pin=0"/></net>

<net id="177"><net_src comp="34" pin="0"/><net_sink comp="173" pin=0"/></net>

<net id="182"><net_src comp="36" pin="0"/><net_sink comp="178" pin=0"/></net>

<net id="187"><net_src comp="38" pin="0"/><net_sink comp="183" pin=0"/></net>

<net id="195"><net_src comp="188" pin="1"/><net_sink comp="191" pin=0"/></net>

<net id="196"><net_src comp="40" pin="0"/><net_sink comp="191" pin=1"/></net>

<net id="201"><net_src comp="188" pin="1"/><net_sink comp="197" pin=0"/></net>

<net id="202"><net_src comp="42" pin="0"/><net_sink comp="197" pin=1"/></net>

<net id="210"><net_src comp="203" pin="1"/><net_sink comp="206" pin=0"/></net>

<net id="211"><net_src comp="44" pin="0"/><net_sink comp="206" pin=1"/></net>

<net id="217"><net_src comp="206" pin="2"/><net_sink comp="212" pin=0"/></net>

<net id="218"><net_src comp="36" pin="0"/><net_sink comp="212" pin=1"/></net>

<net id="219"><net_src comp="203" pin="1"/><net_sink comp="212" pin=2"/></net>

<net id="223"><net_src comp="212" pin="3"/><net_sink comp="220" pin=0"/></net>

<net id="224"><net_src comp="220" pin="1"/><net_sink comp="112" pin=2"/></net>

<net id="225"><net_src comp="220" pin="1"/><net_sink comp="125" pin=2"/></net>

<net id="226"><net_src comp="220" pin="1"/><net_sink comp="138" pin=2"/></net>

<net id="227"><net_src comp="220" pin="1"/><net_sink comp="151" pin=2"/></net>

<net id="231"><net_src comp="212" pin="3"/><net_sink comp="228" pin=0"/></net>

<net id="236"><net_src comp="228" pin="1"/><net_sink comp="232" pin=0"/></net>

<net id="237"><net_src comp="48" pin="0"/><net_sink comp="232" pin=1"/></net>

<net id="242"><net_src comp="212" pin="3"/><net_sink comp="238" pin=0"/></net>

<net id="243"><net_src comp="50" pin="0"/><net_sink comp="238" pin=1"/></net>

<net id="248"><net_src comp="197" pin="2"/><net_sink comp="244" pin=0"/></net>

<net id="253"><net_src comp="238" pin="2"/><net_sink comp="249" pin=0"/></net>

<net id="261"><net_src comp="254" pin="1"/><net_sink comp="257" pin=0"/></net>

<net id="262"><net_src comp="52" pin="0"/><net_sink comp="257" pin=1"/></net>

<net id="268"><net_src comp="257" pin="2"/><net_sink comp="263" pin=1"/></net>

<net id="269"><net_src comp="254" pin="1"/><net_sink comp="263" pin=2"/></net>

<net id="273"><net_src comp="263" pin="3"/><net_sink comp="270" pin=0"/></net>

<net id="282"><net_src comp="54" pin="0"/><net_sink comp="274" pin=0"/></net>

<net id="283"><net_src comp="119" pin="3"/><net_sink comp="274" pin=1"/></net>

<net id="284"><net_src comp="132" pin="3"/><net_sink comp="274" pin=2"/></net>

<net id="285"><net_src comp="145" pin="3"/><net_sink comp="274" pin=3"/></net>

<net id="286"><net_src comp="158" pin="3"/><net_sink comp="274" pin=4"/></net>

<net id="287"><net_src comp="270" pin="1"/><net_sink comp="274" pin=5"/></net>

<net id="292"><net_src comp="263" pin="3"/><net_sink comp="288" pin=0"/></net>

<net id="297"><net_src comp="0" pin="0"/><net_sink comp="293" pin=0"/></net>

<net id="306"><net_src comp="38" pin="0"/><net_sink comp="301" pin=1"/></net>

<net id="307"><net_src comp="298" pin="1"/><net_sink comp="301" pin=2"/></net>

<net id="313"><net_src comp="70" pin="0"/><net_sink comp="308" pin=0"/></net>

<net id="314"><net_src comp="301" pin="3"/><net_sink comp="308" pin=2"/></net>

<net id="321"><net_src comp="72" pin="0"/><net_sink comp="315" pin=0"/></net>

<net id="322"><net_src comp="301" pin="3"/><net_sink comp="315" pin=1"/></net>

<net id="323"><net_src comp="30" pin="0"/><net_sink comp="315" pin=2"/></net>

<net id="324"><net_src comp="74" pin="0"/><net_sink comp="315" pin=3"/></net>

<net id="330"><net_src comp="76" pin="0"/><net_sink comp="325" pin=0"/></net>

<net id="331"><net_src comp="315" pin="4"/><net_sink comp="325" pin=2"/></net>

<net id="337"><net_src comp="38" pin="0"/><net_sink comp="332" pin=1"/></net>

<net id="338"><net_src comp="325" pin="3"/><net_sink comp="332" pin=2"/></net>

<net id="343"><net_src comp="332" pin="3"/><net_sink comp="339" pin=0"/></net>

<net id="347"><net_src comp="82" pin="1"/><net_sink comp="344" pin=0"/></net>

<net id="348"><net_src comp="344" pin="1"/><net_sink comp="183" pin=1"/></net>

<net id="349"><net_src comp="344" pin="1"/><net_sink comp="298" pin=0"/></net>

<net id="350"><net_src comp="344" pin="1"/><net_sink comp="339" pin=1"/></net>

<net id="354"><net_src comp="86" pin="1"/><net_sink comp="351" pin=0"/></net>

<net id="355"><net_src comp="351" pin="1"/><net_sink comp="178" pin=1"/></net>

<net id="356"><net_src comp="351" pin="1"/><net_sink comp="203" pin=0"/></net>

<net id="357"><net_src comp="351" pin="1"/><net_sink comp="249" pin=1"/></net>

<net id="361"><net_src comp="90" pin="1"/><net_sink comp="358" pin=0"/></net>

<net id="362"><net_src comp="358" pin="1"/><net_sink comp="173" pin=1"/></net>

<net id="363"><net_src comp="358" pin="1"/><net_sink comp="254" pin=0"/></net>

<net id="364"><net_src comp="358" pin="1"/><net_sink comp="288" pin=1"/></net>

<net id="368"><net_src comp="94" pin="1"/><net_sink comp="365" pin=0"/></net>

<net id="369"><net_src comp="365" pin="1"/><net_sink comp="168" pin=1"/></net>

<net id="370"><net_src comp="365" pin="1"/><net_sink comp="188" pin=0"/></net>

<net id="371"><net_src comp="365" pin="1"/><net_sink comp="244" pin=1"/></net>

<net id="375"><net_src comp="164" pin="1"/><net_sink comp="372" pin=0"/></net>

<net id="376"><net_src comp="372" pin="1"/><net_sink comp="293" pin=1"/></net>

<net id="380"><net_src comp="191" pin="2"/><net_sink comp="377" pin=0"/></net>

<net id="384"><net_src comp="206" pin="2"/><net_sink comp="381" pin=0"/></net>

<net id="385"><net_src comp="381" pin="1"/><net_sink comp="263" pin=0"/></net>

<net id="386"><net_src comp="381" pin="1"/><net_sink comp="301" pin=0"/></net>

<net id="390"><net_src comp="112" pin="3"/><net_sink comp="387" pin=0"/></net>

<net id="391"><net_src comp="387" pin="1"/><net_sink comp="119" pin=0"/></net>

<net id="395"><net_src comp="125" pin="3"/><net_sink comp="392" pin=0"/></net>

<net id="396"><net_src comp="392" pin="1"/><net_sink comp="132" pin=0"/></net>

<net id="400"><net_src comp="138" pin="3"/><net_sink comp="397" pin=0"/></net>

<net id="401"><net_src comp="397" pin="1"/><net_sink comp="145" pin=0"/></net>

<net id="405"><net_src comp="151" pin="3"/><net_sink comp="402" pin=0"/></net>

<net id="406"><net_src comp="402" pin="1"/><net_sink comp="158" pin=0"/></net>

<net id="410"><net_src comp="232" pin="2"/><net_sink comp="407" pin=0"/></net>

<net id="411"><net_src comp="407" pin="1"/><net_sink comp="332" pin=0"/></net>

<net id="415"><net_src comp="274" pin="6"/><net_sink comp="412" pin=0"/></net>

<net id="416"><net_src comp="412" pin="1"/><net_sink comp="308" pin=1"/></net>

<net id="417"><net_src comp="412" pin="1"/><net_sink comp="325" pin=1"/></net>

<net id="421"><net_src comp="293" pin="2"/><net_sink comp="418" pin=0"/></net>

<net id="422"><net_src comp="418" pin="1"/><net_sink comp="104" pin=1"/></net>

<net id="426"><net_src comp="308" pin="3"/><net_sink comp="423" pin=0"/></net>

<net id="427"><net_src comp="423" pin="1"/><net_sink comp="104" pin=2"/></net>

</net_list>

</model> 
---------------- Datapath Model END ------------------

* FSMD analyzer results:
  - Output states:
	Port: gmem | {4 }
 - Input state : 
	Port: QuantumMonteCarloU50_Pipeline_WRITE_TROTTERS_VITIS_LOOP_281_3 : sext_ln194 | {1 }
	Port: QuantumMonteCarloU50_Pipeline_WRITE_TROTTERS_VITIS_LOOP_281_3 : trottersLocal_V_0 | {1 2 }
	Port: QuantumMonteCarloU50_Pipeline_WRITE_TROTTERS_VITIS_LOOP_281_3 : trottersLocal_V_1 | {1 2 }
	Port: QuantumMonteCarloU50_Pipeline_WRITE_TROTTERS_VITIS_LOOP_281_3 : trottersLocal_V_2 | {1 2 }
	Port: QuantumMonteCarloU50_Pipeline_WRITE_TROTTERS_VITIS_LOOP_281_3 : trottersLocal_V_3 | {1 2 }
  - Chain level:
	State 1
		store_ln0 : 1
		store_ln0 : 1
		store_ln0 : 1
		store_ln0 : 1
		indvar_flatten7_load : 1
		icmp_ln280 : 2
		add_ln280 : 2
		br_ln280 : 3
		packOfst_load : 1
		icmp_ln281 : 2
		select_ln280 : 3
		zext_ln281 : 4
		trunc_ln281 : 4
		trottersLocal_V_0_addr : 5
		trottersLocal_V_0_load : 6
		trottersLocal_V_1_addr : 5
		trottersLocal_V_1_load : 6
		trottersLocal_V_2_addr : 5
		trottersLocal_V_2_load : 6
		trottersLocal_V_3_addr : 5
		trottersLocal_V_3_load : 6
		icmp_ln283 : 5
		br_ln283 : 6
		add_ln281 : 4
		store_ln280 : 3
		store_ln281 : 5
	State 2
		add_ln280_1 : 1
		select_ln280_2 : 2
		trunc_ln280 : 3
		tmp : 4
		store_ln280 : 3
	State 3
		select_ln280_1 : 1
		or_ln : 2
		tmp_6 : 2
		tmp_7 : 3
		select_ln283 : 4
		store_ln283 : 5
	State 4


============================================================
+ Verbose Summary: Datapath Resource usage 
============================================================

* Functional unit list:
|----------|----------------------------|---------|---------|
| Operation|       Functional Unit      |    FF   |   LUT   |
|----------|----------------------------|---------|---------|
|          |     select_ln280_fu_212    |    0    |    9    |
|  select  |    select_ln280_2_fu_263   |    0    |    3    |
|          |    select_ln280_1_fu_301   |    0    |   418   |
|          |     select_ln283_fu_332    |    0    |   418   |
|----------|----------------------------|---------|---------|
|          |      add_ln280_fu_197      |    0    |    18   |
|    add   |      add_ln281_fu_238      |    0    |    16   |
|          |     add_ln280_1_fu_257     |    0    |    10   |
|----------|----------------------------|---------|---------|
|          |      icmp_ln280_fu_191     |    0    |    11   |
|   icmp   |      icmp_ln281_fu_206     |    0    |    11   |
|          |      icmp_ln283_fu_232     |    0    |    9    |
|----------|----------------------------|---------|---------|
|    mux   |         tmp_fu_274         |    0    |    20   |
|----------|----------------------------|---------|---------|
|   read   | sext_ln194_read_read_fu_98 |    0    |    0    |
|----------|----------------------------|---------|---------|
|   write  |  write_ln283_write_fu_104  |    0    |    0    |
|----------|----------------------------|---------|---------|
|   sext   |   sext_ln194_cast_fu_164   |    0    |    0    |
|----------|----------------------------|---------|---------|
|   zext   |      zext_ln281_fu_220     |    0    |    0    |
|----------|----------------------------|---------|---------|
|   trunc  |     trunc_ln281_fu_228     |    0    |    0    |
|          |     trunc_ln280_fu_270     |    0    |    0    |
|----------|----------------------------|---------|---------|
|bitconcatenate|        or_ln_fu_308        |    0    |    0    |
|          |        tmp_7_fu_325        |    0    |    0    |
|----------|----------------------------|---------|---------|
|partselect|        tmp_6_fu_315        |    0    |    0    |
|----------|----------------------------|---------|---------|
|   Total  |                            |    0    |   943   |
|----------|----------------------------|---------|---------|

Memories:
N/A

* Register list:
+------------------------------+--------+
|                              |   FF   |
+------------------------------+--------+
|       gmem_addr_reg_418      |   512  |
|      icmp_ln280_reg_377      |    1   |
|      icmp_ln281_reg_381      |    1   |
|      icmp_ln283_reg_407      |    1   |
|    indvar_flatten7_reg_365   |   11   |
|         or_ln_reg_423        |   512  |
|       packOfst_reg_351       |    9   |
|       phi_ln283_reg_344      |   496  |
|    sext_ln194_cast_reg_372   |   64   |
|           t_reg_358          |    3   |
|          tmp_reg_412         |   16   |
|trottersLocal_V_0_addr_reg_387|    8   |
|trottersLocal_V_1_addr_reg_392|    8   |
|trottersLocal_V_2_addr_reg_397|    8   |
|trottersLocal_V_3_addr_reg_402|    8   |
+------------------------------+--------+
|             Total            |  1658  |
+------------------------------+--------+

* Multiplexer (MUX) list: 
|-------------------|------|------|------|--------||---------||---------|
|        Comp       |  Pin | Size |  BW  | S x BW ||  Delay  ||   LUT   |
|-------------------|------|------|------|--------||---------||---------|
| grp_access_fu_119 |  p0  |   2  |   8  |   16   ||    9    |
| grp_access_fu_132 |  p0  |   2  |   8  |   16   ||    9    |
| grp_access_fu_145 |  p0  |   2  |   8  |   16   ||    9    |
| grp_access_fu_158 |  p0  |   2  |   8  |   16   ||    9    |
|-------------------|------|------|------|--------||---------||---------|
|       Total       |      |      |      |   64   ||  1.548  ||    36   |
|-------------------|------|------|------|--------||---------||---------|



* Summary:
+-----------+--------+--------+--------+
|           |  Delay |   FF   |   LUT  |
+-----------+--------+--------+--------+
|  Function |    -   |    0   |   943  |
|   Memory  |    -   |    -   |    -   |
|Multiplexer|    1   |    -   |   36   |
|  Register |    -   |  1658  |    -   |
+-----------+--------+--------+--------+
|   Total   |    1   |  1658  |   979  |
+-----------+--------+--------+--------+
