

================================================================
== Vitis HLS Report for 'QuantumMonteCarloU50_Pipeline_SHIFT_JCOUP'
================================================================
* Date:           Wed Aug 25 10:39:37 2021

* Version:        2021.1 (Build 3247384 on Thu Jun 10 19:36:07 MDT 2021)
* Project:        QuantumMonteCarloU50
* Solution:       solution (Vitis Kernel Flow Target)
* Product family: virtexuplus
* Target device:  xcu50-fsvh2104-2-e


================================================================
== Performance Estimates
================================================================
+ Timing: 
    * Summary: 
    +--------+---------+----------+------------+
    |  Clock |  Target | Estimated| Uncertainty|
    +--------+---------+----------+------------+
    |ap_clk  |  3.33 ns|  2.400 ns|     0.90 ns|
    +--------+---------+----------+------------+

+ Latency: 
    * Summary: 
    +---------+---------+----------+----------+-----+-----+---------+
    |  Latency (cycles) |  Latency (absolute) |  Interval | Pipeline|
    |   min   |   max   |    min   |    max   | min | max |   Type  |
    +---------+---------+----------+----------+-----+-----+---------+
    |      258|      258|  0.860 us|  0.860 us|  258|  258|       no|
    +---------+---------+----------+----------+-----+-----+---------+

    + Detail: 
        * Instance: 
        N/A

        * Loop: 
        +---------------+---------+---------+----------+-----------+-----------+------+----------+
        |               |  Latency (cycles) | Iteration|  Initiation Interval  | Trip |          |
        |   Loop Name   |   min   |   max   |  Latency |  achieved |   target  | Count| Pipelined|
        +---------------+---------+---------+----------+-----------+-----------+------+----------+
        |- SHIFT_JCOUP  |      256|      256|         2|          1|          1|   256|       yes|
        +---------------+---------+---------+----------+-----------+-----------+------+----------+

============================================================
+ Verbose Summary: Synthesis Manager
============================================================
InlineROM: 1
ExposeGlobal: 0
============================================================
+ Verbose Summary: CDFG Model
============================================================
IsTopModel: 0
ResetActiveHigh: 1
IsCombinational: 0
IsDatapathOnly: 0
HasWiredReturn: 1
HasMFsm: 2
HasVarLatency: 1
IsPipeline: 0
IsRtlPipelined: 0
IsInstanceOverlapped: 0
IsDontTouch: 0
HasImplIP: 0
IsGatedGlobalClock: 0

+ Individual pipeline summary: 
  * Pipeline-0: initiation interval (II) = 1, depth = 2


============================================================
+ Verbose Summary: Schedule
============================================================
* Number of FSM states : 2
* Pipeline : 1
  Pipeline-0 : II = 1, D = 2, States = { 1 2 }
* Dataflow Pipeline: 0

* FSM state transitions: 
1 --> 2 
2 --> 

* FSM state operations: 

State 1 <SV = 0> <Delay = 1.20>
ST_1 : Operation 5 [1/1] (0.00ns)   --->   "%packOfst = alloca i32 1"   --->   Operation 5 'alloca' 'packOfst' <Predicate = true> <Delay = 0.00>
ST_1 : Operation 6 [1/1] (0.38ns)   --->   "%store_ln0 = store i9 0, i9 %packOfst"   --->   Operation 6 'store' 'store_ln0' <Predicate = true> <Delay = 0.38>
ST_1 : Operation 7 [1/1] (0.00ns)   --->   "%br_ln0 = br void"   --->   Operation 7 'br' 'br_ln0' <Predicate = true> <Delay = 0.00>
ST_1 : Operation 8 [1/1] (0.00ns)   --->   "%packOfst_1 = load i9 %packOfst" [/home/edci/workspace/SQA_kernels/src/qmc.cpp:270]   --->   Operation 8 'load' 'packOfst_1' <Predicate = true> <Delay = 0.00>
ST_1 : Operation 9 [1/1] (0.59ns)   --->   "%icmp_ln270 = icmp_eq  i9 %packOfst_1, i9 256" [/home/edci/workspace/SQA_kernels/src/qmc.cpp:270]   --->   Operation 9 'icmp' 'icmp_ln270' <Predicate = true> <Delay = 0.59> <CoreInst = "Cmp">   --->   Core 9 'Cmp' <Latency = 0> <II = 1> <Delay = 0.59> <FuncUnit> <Opcode : 'icmp'> <InPorts = 2> <OutPorts = 1>
ST_1 : Operation 10 [1/1] (0.00ns)   --->   "%empty = speclooptripcount i32 @_ssdm_op_SpecLoopTripCount, i64 256, i64 256, i64 256"   --->   Operation 10 'speclooptripcount' 'empty' <Predicate = true> <Delay = 0.00>
ST_1 : Operation 11 [1/1] (0.71ns)   --->   "%add_ln270 = add i9 %packOfst_1, i9 1" [/home/edci/workspace/SQA_kernels/src/qmc.cpp:270]   --->   Operation 11 'add' 'add_ln270' <Predicate = true> <Delay = 0.71> <CoreInst = "Adder">   --->   Core 1 'Adder' <Latency = 0> <II = 1> <Delay = 0.71> <FuncUnit> <Opcode : 'add' 'sub'> <InPorts = 2> <OutPorts = 1>
ST_1 : Operation 12 [1/1] (0.00ns)   --->   "%br_ln270 = br i1 %icmp_ln270, void %.split10, void %.exitStub" [/home/edci/workspace/SQA_kernels/src/qmc.cpp:270]   --->   Operation 12 'br' 'br_ln270' <Predicate = true> <Delay = 0.00>
ST_1 : Operation 13 [1/1] (0.00ns)   --->   "%zext_ln270 = zext i9 %packOfst_1" [/home/edci/workspace/SQA_kernels/src/qmc.cpp:270]   --->   Operation 13 'zext' 'zext_ln270' <Predicate = (!icmp_ln270)> <Delay = 0.00>
ST_1 : Operation 14 [1/1] (0.00ns)   --->   "%JcoupLocal_2_addr = getelementptr i512 %JcoupLocal_2, i64 0, i64 %zext_ln270" [/home/edci/workspace/SQA_kernels/src/qmc.cpp:274]   --->   Operation 14 'getelementptr' 'JcoupLocal_2_addr' <Predicate = (!icmp_ln270)> <Delay = 0.00>
ST_1 : Operation 15 [2/2] (1.20ns)   --->   "%JcoupLocal_2_load = load i8 %JcoupLocal_2_addr" [/home/edci/workspace/SQA_kernels/src/qmc.cpp:274]   --->   Operation 15 'load' 'JcoupLocal_2_load' <Predicate = (!icmp_ln270)> <Delay = 1.20> <CoreInst = "RAM">   --->   Core 83 'RAM' <Latency = 1> <II = 1> <Delay = 1.20> <Storage> <Opcode : 'load' 'store'> <Ports = 2> <Width = 512> <Depth = 256> <RAM>
ST_1 : Operation 16 [1/1] (0.00ns)   --->   "%JcoupLocal_1_addr = getelementptr i512 %JcoupLocal_1, i64 0, i64 %zext_ln270" [/home/edci/workspace/SQA_kernels/src/qmc.cpp:274]   --->   Operation 16 'getelementptr' 'JcoupLocal_1_addr' <Predicate = (!icmp_ln270)> <Delay = 0.00>
ST_1 : Operation 17 [2/2] (1.20ns)   --->   "%JcoupLocal_1_load = load i8 %JcoupLocal_1_addr" [/home/edci/workspace/SQA_kernels/src/qmc.cpp:274]   --->   Operation 17 'load' 'JcoupLocal_1_load' <Predicate = (!icmp_ln270)> <Delay = 1.20> <CoreInst = "RAM">   --->   Core 83 'RAM' <Latency = 1> <II = 1> <Delay = 1.20> <Storage> <Opcode : 'load' 'store'> <Ports = 2> <Width = 512> <Depth = 256> <RAM>
ST_1 : Operation 18 [1/1] (0.00ns)   --->   "%JcoupLocal_0_addr = getelementptr i512 %JcoupLocal_0, i64 0, i64 %zext_ln270" [/home/edci/workspace/SQA_kernels/src/qmc.cpp:274]   --->   Operation 18 'getelementptr' 'JcoupLocal_0_addr' <Predicate = (!icmp_ln270)> <Delay = 0.00>
ST_1 : Operation 19 [2/2] (1.20ns)   --->   "%JcoupLocal_0_load = load i8 %JcoupLocal_0_addr" [/home/edci/workspace/SQA_kernels/src/qmc.cpp:274]   --->   Operation 19 'load' 'JcoupLocal_0_load' <Predicate = (!icmp_ln270)> <Delay = 1.20> <CoreInst = "RAM">   --->   Core 83 'RAM' <Latency = 1> <II = 1> <Delay = 1.20> <Storage> <Opcode : 'load' 'store'> <Ports = 2> <Width = 512> <Depth = 256> <RAM>
ST_1 : Operation 20 [1/1] (0.38ns)   --->   "%store_ln270 = store i9 %add_ln270, i9 %packOfst" [/home/edci/workspace/SQA_kernels/src/qmc.cpp:270]   --->   Operation 20 'store' 'store_ln270' <Predicate = (!icmp_ln270)> <Delay = 0.38>
ST_1 : Operation 31 [1/1] (0.00ns)   --->   "%ret_ln0 = ret"   --->   Operation 31 'ret' 'ret_ln0' <Predicate = (icmp_ln270)> <Delay = 0.00>

State 2 <SV = 1> <Delay = 2.40>
ST_2 : Operation 21 [1/1] (0.00ns)   --->   "%specpipeline_ln270 = specpipeline void @_ssdm_op_SpecPipeline, i32 4294967295, i32 0, i32 0, i32 0, void @empty_3" [/home/edci/workspace/SQA_kernels/src/qmc.cpp:270]   --->   Operation 21 'specpipeline' 'specpipeline_ln270' <Predicate = true> <Delay = 0.00>
ST_2 : Operation 22 [1/1] (0.00ns)   --->   "%specloopname_ln270 = specloopname void @_ssdm_op_SpecLoopName, void @empty_19" [/home/edci/workspace/SQA_kernels/src/qmc.cpp:270]   --->   Operation 22 'specloopname' 'specloopname_ln270' <Predicate = true> <Delay = 0.00>
ST_2 : Operation 23 [1/2] (1.20ns)   --->   "%JcoupLocal_2_load = load i8 %JcoupLocal_2_addr" [/home/edci/workspace/SQA_kernels/src/qmc.cpp:274]   --->   Operation 23 'load' 'JcoupLocal_2_load' <Predicate = true> <Delay = 1.20> <CoreInst = "RAM">   --->   Core 83 'RAM' <Latency = 1> <II = 1> <Delay = 1.20> <Storage> <Opcode : 'load' 'store'> <Ports = 2> <Width = 512> <Depth = 256> <RAM>
ST_2 : Operation 24 [1/1] (0.00ns)   --->   "%JcoupLocal_3_addr = getelementptr i512 %JcoupLocal_3, i64 0, i64 %zext_ln270" [/home/edci/workspace/SQA_kernels/src/qmc.cpp:274]   --->   Operation 24 'getelementptr' 'JcoupLocal_3_addr' <Predicate = true> <Delay = 0.00>
ST_2 : Operation 25 [1/1] (1.20ns)   --->   "%store_ln274 = store i512 %JcoupLocal_2_load, i8 %JcoupLocal_3_addr" [/home/edci/workspace/SQA_kernels/src/qmc.cpp:274]   --->   Operation 25 'store' 'store_ln274' <Predicate = true> <Delay = 1.20> <CoreInst = "RAM">   --->   Core 83 'RAM' <Latency = 1> <II = 1> <Delay = 1.20> <Storage> <Opcode : 'load' 'store'> <Ports = 2> <Width = 512> <Depth = 256> <RAM>
ST_2 : Operation 26 [1/2] (1.20ns)   --->   "%JcoupLocal_1_load = load i8 %JcoupLocal_1_addr" [/home/edci/workspace/SQA_kernels/src/qmc.cpp:274]   --->   Operation 26 'load' 'JcoupLocal_1_load' <Predicate = true> <Delay = 1.20> <CoreInst = "RAM">   --->   Core 83 'RAM' <Latency = 1> <II = 1> <Delay = 1.20> <Storage> <Opcode : 'load' 'store'> <Ports = 2> <Width = 512> <Depth = 256> <RAM>
ST_2 : Operation 27 [1/1] (1.20ns)   --->   "%store_ln274 = store i512 %JcoupLocal_1_load, i8 %JcoupLocal_2_addr" [/home/edci/workspace/SQA_kernels/src/qmc.cpp:274]   --->   Operation 27 'store' 'store_ln274' <Predicate = true> <Delay = 1.20> <CoreInst = "RAM">   --->   Core 83 'RAM' <Latency = 1> <II = 1> <Delay = 1.20> <Storage> <Opcode : 'load' 'store'> <Ports = 2> <Width = 512> <Depth = 256> <RAM>
ST_2 : Operation 28 [1/2] (1.20ns)   --->   "%JcoupLocal_0_load = load i8 %JcoupLocal_0_addr" [/home/edci/workspace/SQA_kernels/src/qmc.cpp:274]   --->   Operation 28 'load' 'JcoupLocal_0_load' <Predicate = true> <Delay = 1.20> <CoreInst = "RAM">   --->   Core 83 'RAM' <Latency = 1> <II = 1> <Delay = 1.20> <Storage> <Opcode : 'load' 'store'> <Ports = 2> <Width = 512> <Depth = 256> <RAM>
ST_2 : Operation 29 [1/1] (1.20ns)   --->   "%store_ln274 = store i512 %JcoupLocal_0_load, i8 %JcoupLocal_1_addr" [/home/edci/workspace/SQA_kernels/src/qmc.cpp:274]   --->   Operation 29 'store' 'store_ln274' <Predicate = true> <Delay = 1.20> <CoreInst = "RAM">   --->   Core 83 'RAM' <Latency = 1> <II = 1> <Delay = 1.20> <Storage> <Opcode : 'load' 'store'> <Ports = 2> <Width = 512> <Depth = 256> <RAM>
ST_2 : Operation 30 [1/1] (0.00ns)   --->   "%br_ln0 = br void"   --->   Operation 30 'br' 'br_ln0' <Predicate = true> <Delay = 0.00>


============================================================
+ Verbose Summary: Binding
============================================================
STG Binding: 
---------------- STG Properties BEGIN ----------------
- Is combinational: 0
- Is one-state seq: 0
- Is datapath-only: 0
- Is pipelined: 0
- Is top level: 0
Port [ Return ] is wired: 1; IO mode=ap_ctrl_hs:ce=0
Port [ JcoupLocal_2]:  wired=1; compound=1; hidden=0; nouse=0; global=0; static=0; extern=0; dir=2; type=1; pingpong=0; private_global=0; MemPort=[01]; IO mode=ap_memory:ce=0
Port [ JcoupLocal_3]:  wired=1; compound=1; hidden=0; nouse=0; global=0; static=0; extern=0; dir=1; type=1; pingpong=0; private_global=0; MemPort=[03]; IO mode=ap_memory:ce=0
Port [ JcoupLocal_1]:  wired=1; compound=1; hidden=0; nouse=0; global=0; static=0; extern=0; dir=2; type=1; pingpong=0; private_global=0; MemPort=[01]; IO mode=ap_memory:ce=0
Port [ JcoupLocal_0]:  wired=1; compound=1; hidden=0; nouse=0; global=0; static=0; extern=0; dir=0; type=1; pingpong=0; private_global=0; MemPort=[13]; IO mode=ap_memory:ce=0
---------------- STG Properties END ------------------

---------------- Datapath Model BEGIN ----------------

<LifeTime>
<method=bitvector/>
packOfst           (alloca           ) [ 010]
store_ln0          (store            ) [ 000]
br_ln0             (br               ) [ 000]
packOfst_1         (load             ) [ 000]
icmp_ln270         (icmp             ) [ 010]
empty              (speclooptripcount) [ 000]
add_ln270          (add              ) [ 000]
br_ln270           (br               ) [ 000]
zext_ln270         (zext             ) [ 011]
JcoupLocal_2_addr  (getelementptr    ) [ 011]
JcoupLocal_1_addr  (getelementptr    ) [ 011]
JcoupLocal_0_addr  (getelementptr    ) [ 011]
store_ln270        (store            ) [ 000]
specpipeline_ln270 (specpipeline     ) [ 000]
specloopname_ln270 (specloopname     ) [ 000]
JcoupLocal_2_load  (load             ) [ 000]
JcoupLocal_3_addr  (getelementptr    ) [ 000]
store_ln274        (store            ) [ 000]
JcoupLocal_1_load  (load             ) [ 000]
store_ln274        (store            ) [ 000]
JcoupLocal_0_load  (load             ) [ 000]
store_ln274        (store            ) [ 000]
br_ln0             (br               ) [ 000]
ret_ln0            (ret              ) [ 000]
</LifeTime>

<model>

<comp_list>
<comp id="0" class="1000" name="JcoupLocal_2">
<pin_list>
<pin id="1" dir="1" index="0" bw="1" slack="0"/>
</pin_list>
<bind>
<StgValue><ssdm name="JcoupLocal_2"/><MemPortTyVec>0 1 </MemPortTyVec>
</StgValue>
</bind>
</comp>

<comp id="2" class="1000" name="JcoupLocal_3">
<pin_list>
<pin id="3" dir="1" index="0" bw="1" slack="0"/>
</pin_list>
<bind>
<StgValue><ssdm name="JcoupLocal_3"/><MemPortTyVec>0 3 </MemPortTyVec>
</StgValue>
</bind>
</comp>

<comp id="4" class="1000" name="JcoupLocal_1">
<pin_list>
<pin id="5" dir="1" index="0" bw="1" slack="0"/>
</pin_list>
<bind>
<StgValue><ssdm name="JcoupLocal_1"/><MemPortTyVec>0 1 </MemPortTyVec>
</StgValue>
</bind>
</comp>

<comp id="6" class="1000" name="JcoupLocal_0">
<pin_list>
<pin id="7" dir="1" index="0" bw="1" slack="0"/>
</pin_list>
<bind>
<StgValue><ssdm name="JcoupLocal_0"/><MemPortTyVec>1 3 </MemPortTyVec>
</StgValue>
</bind>
</comp>

<comp id="8" class="1001" name="const_8">
<pin_list>
<pin id="9" dir="1" index="0" bw="1" slack="0"/>
</pin_list>
<bind>
<StgValue><ssdm name=""/></StgValue>
</bind>
</comp>

<comp id="10" class="1001" name="const_10">
<pin_list>
<pin id="11" dir="1" index="0" bw="1" slack="0"/>
</pin_list>
<bind>
<StgValue><ssdm name=""/></StgValue>
</bind>
</comp>

<comp id="12" class="1001" name="const_12">
<pin_list>
<pin id="13" dir="1" index="0" bw="1" slack="0"/>
</pin_list>
<bind>
<StgValue><ssdm name=""/></StgValue>
</bind>
</comp>

<comp id="14" class="1001" name="const_14">
<pin_list>
<pin id="15" dir="1" index="0" bw="1" slack="2147483647"/>
</pin_list>
<bind>
<StgValue><ssdm name="_ssdm_op_SpecLoopTripCount"/></StgValue>
</bind>
</comp>

<comp id="16" class="1001" name="const_16">
<pin_list>
<pin id="17" dir="1" index="0" bw="1" slack="2147483647"/>
</pin_list>
<bind>
<StgValue><ssdm name=""/></StgValue>
</bind>
</comp>

<comp id="18" class="1001" name="const_18">
<pin_list>
<pin id="19" dir="1" index="0" bw="1" slack="0"/>
</pin_list>
<bind>
<StgValue><ssdm name=""/></StgValue>
</bind>
</comp>

<comp id="20" class="1001" name="const_20">
<pin_list>
<pin id="21" dir="1" index="0" bw="1" slack="0"/>
</pin_list>
<bind>
<StgValue><ssdm name=""/></StgValue>
</bind>
</comp>

<comp id="22" class="1001" name="const_22">
<pin_list>
<pin id="23" dir="1" index="0" bw="1" slack="2147483647"/>
</pin_list>
<bind>
<StgValue><ssdm name="_ssdm_op_SpecPipeline"/></StgValue>
</bind>
</comp>

<comp id="24" class="1001" name="const_24">
<pin_list>
<pin id="25" dir="1" index="0" bw="1" slack="2147483647"/>
</pin_list>
<bind>
<StgValue><ssdm name=""/></StgValue>
</bind>
</comp>

<comp id="26" class="1001" name="const_26">
<pin_list>
<pin id="27" dir="1" index="0" bw="1" slack="2147483647"/>
</pin_list>
<bind>
<StgValue><ssdm name=""/></StgValue>
</bind>
</comp>

<comp id="28" class="1001" name="const_28">
<pin_list>
<pin id="29" dir="1" index="0" bw="1" slack="2147483647"/>
</pin_list>
<bind>
<StgValue><ssdm name="empty_3"/></StgValue>
</bind>
</comp>

<comp id="30" class="1001" name="const_30">
<pin_list>
<pin id="31" dir="1" index="0" bw="1" slack="2147483647"/>
</pin_list>
<bind>
<StgValue><ssdm name="_ssdm_op_SpecLoopName"/></StgValue>
</bind>
</comp>

<comp id="32" class="1001" name="const_32">
<pin_list>
<pin id="33" dir="1" index="0" bw="1" slack="2147483647"/>
</pin_list>
<bind>
<StgValue><ssdm name="empty_19"/></StgValue>
</bind>
</comp>

<comp id="34" class="1004" name="packOfst_fu_34">
<pin_list>
<pin id="35" dir="0" index="0" bw="1" slack="0"/>
<pin id="36" dir="1" index="1" bw="9" slack="0"/>
</pin_list>
<bind>
<opcode="alloca(26) " fcode="alloca"/>
<opset="packOfst/1 "/>
</bind>
</comp>

<comp id="38" class="1004" name="JcoupLocal_2_addr_gep_fu_38">
<pin_list>
<pin id="39" dir="0" index="0" bw="512" slack="0"/>
<pin id="40" dir="0" index="1" bw="1" slack="0"/>
<pin id="41" dir="0" index="2" bw="9" slack="0"/>
<pin id="42" dir="1" index="3" bw="8" slack="0"/>
</pin_list>
<bind>
<opcode="getelementptr(29) " fcode="getelementptr"/>
<opset="JcoupLocal_2_addr/1 "/>
</bind>
</comp>

<comp id="45" class="1004" name="grp_access_fu_45">
<pin_list>
<pin id="46" dir="0" index="0" bw="8" slack="1"/>
<pin id="47" dir="0" index="1" bw="512" slack="0"/>
<pin id="48" dir="0" index="2" bw="0" slack="0"/>
<pin id="50" dir="0" index="4" bw="8" slack="2147483647"/>
<pin id="51" dir="0" index="5" bw="512" slack="2147483647"/>
<pin id="52" dir="0" index="6" bw="0" slack="2147483647"/>
<pin id="49" dir="1" index="3" bw="512" slack="2147483647"/>
<pin id="53" dir="1" index="7" bw="512" slack="0"/>
</pin_list>
<bind>
<opcode="load(27) store(28) " fcode="store"/>
<opset="JcoupLocal_2_load/1 store_ln274/2 "/>
</bind>
</comp>

<comp id="55" class="1004" name="JcoupLocal_1_addr_gep_fu_55">
<pin_list>
<pin id="56" dir="0" index="0" bw="512" slack="0"/>
<pin id="57" dir="0" index="1" bw="1" slack="0"/>
<pin id="58" dir="0" index="2" bw="9" slack="0"/>
<pin id="59" dir="1" index="3" bw="8" slack="0"/>
</pin_list>
<bind>
<opcode="getelementptr(29) " fcode="getelementptr"/>
<opset="JcoupLocal_1_addr/1 "/>
</bind>
</comp>

<comp id="62" class="1004" name="grp_access_fu_62">
<pin_list>
<pin id="63" dir="0" index="0" bw="8" slack="1"/>
<pin id="64" dir="0" index="1" bw="512" slack="0"/>
<pin id="65" dir="0" index="2" bw="0" slack="0"/>
<pin id="67" dir="0" index="4" bw="8" slack="2147483647"/>
<pin id="68" dir="0" index="5" bw="512" slack="2147483647"/>
<pin id="69" dir="0" index="6" bw="0" slack="2147483647"/>
<pin id="66" dir="1" index="3" bw="512" slack="2147483647"/>
<pin id="70" dir="1" index="7" bw="512" slack="0"/>
</pin_list>
<bind>
<opcode="load(27) store(28) " fcode="store"/>
<opset="JcoupLocal_1_load/1 store_ln274/2 "/>
</bind>
</comp>

<comp id="72" class="1004" name="JcoupLocal_0_addr_gep_fu_72">
<pin_list>
<pin id="73" dir="0" index="0" bw="512" slack="0"/>
<pin id="74" dir="0" index="1" bw="1" slack="0"/>
<pin id="75" dir="0" index="2" bw="9" slack="0"/>
<pin id="76" dir="1" index="3" bw="8" slack="0"/>
</pin_list>
<bind>
<opcode="getelementptr(29) " fcode="getelementptr"/>
<opset="JcoupLocal_0_addr/1 "/>
</bind>
</comp>

<comp id="79" class="1004" name="grp_access_fu_79">
<pin_list>
<pin id="80" dir="0" index="0" bw="8" slack="0"/>
<pin id="81" dir="0" index="1" bw="512" slack="2147483647"/>
<pin id="82" dir="0" index="2" bw="0" slack="2147483647"/>
<pin id="83" dir="1" index="3" bw="512" slack="0"/>
</pin_list>
<bind>
<opcode="load(27) " fcode="load"/>
<opset="JcoupLocal_0_load/1 "/>
</bind>
</comp>

<comp id="85" class="1004" name="JcoupLocal_3_addr_gep_fu_85">
<pin_list>
<pin id="86" dir="0" index="0" bw="512" slack="0"/>
<pin id="87" dir="0" index="1" bw="1" slack="0"/>
<pin id="88" dir="0" index="2" bw="9" slack="1"/>
<pin id="89" dir="1" index="3" bw="8" slack="0"/>
</pin_list>
<bind>
<opcode="getelementptr(29) " fcode="getelementptr"/>
<opset="JcoupLocal_3_addr/2 "/>
</bind>
</comp>

<comp id="92" class="1004" name="store_ln274_access_fu_92">
<pin_list>
<pin id="93" dir="0" index="0" bw="8" slack="0"/>
<pin id="94" dir="0" index="1" bw="512" slack="0"/>
<pin id="95" dir="0" index="2" bw="0" slack="2147483647"/>
<pin id="96" dir="1" index="3" bw="512" slack="2147483647"/>
</pin_list>
<bind>
<opcode="store(28) " fcode="store"/>
<opset="store_ln274/2 "/>
</bind>
</comp>

<comp id="101" class="1004" name="store_ln0_store_fu_101">
<pin_list>
<pin id="102" dir="0" index="0" bw="1" slack="0"/>
<pin id="103" dir="0" index="1" bw="9" slack="0"/>
<pin id="104" dir="1" index="2" bw="0" slack="2147483647"/>
</pin_list>
<bind>
<opcode="store(28) " fcode="store"/>
<opset="store_ln0/1 "/>
</bind>
</comp>

<comp id="106" class="1004" name="packOfst_1_load_fu_106">
<pin_list>
<pin id="107" dir="0" index="0" bw="9" slack="0"/>
<pin id="108" dir="1" index="1" bw="9" slack="0"/>
</pin_list>
<bind>
<opcode="load(27) " fcode="load"/>
<opset="packOfst_1/1 "/>
</bind>
</comp>

<comp id="109" class="1004" name="icmp_ln270_fu_109">
<pin_list>
<pin id="110" dir="0" index="0" bw="9" slack="0"/>
<pin id="111" dir="0" index="1" bw="9" slack="0"/>
<pin id="112" dir="1" index="2" bw="1" slack="2147483647"/>
</pin_list>
<bind>
<opcode="icmp(45) " fcode="icmp"/>
<opset="icmp_ln270/1 "/>
</bind>
</comp>

<comp id="115" class="1004" name="add_ln270_fu_115">
<pin_list>
<pin id="116" dir="0" index="0" bw="9" slack="0"/>
<pin id="117" dir="0" index="1" bw="1" slack="0"/>
<pin id="118" dir="1" index="2" bw="9" slack="0"/>
</pin_list>
<bind>
<opcode="add(8) " fcode="add"/>
<opset="add_ln270/1 "/>
</bind>
</comp>

<comp id="121" class="1004" name="zext_ln270_fu_121">
<pin_list>
<pin id="122" dir="0" index="0" bw="9" slack="0"/>
<pin id="123" dir="1" index="1" bw="64" slack="0"/>
</pin_list>
<bind>
<opcode="zext(34) " fcode="zext"/>
<opset="zext_ln270/1 "/>
</bind>
</comp>

<comp id="128" class="1004" name="store_ln270_store_fu_128">
<pin_list>
<pin id="129" dir="0" index="0" bw="9" slack="0"/>
<pin id="130" dir="0" index="1" bw="9" slack="0"/>
<pin id="131" dir="1" index="2" bw="0" slack="2147483647"/>
</pin_list>
<bind>
<opcode="store(28) " fcode="store"/>
<opset="store_ln270/1 "/>
</bind>
</comp>

<comp id="133" class="1005" name="packOfst_reg_133">
<pin_list>
<pin id="134" dir="0" index="0" bw="9" slack="0"/>
<pin id="135" dir="1" index="1" bw="9" slack="0"/>
</pin_list>
<bind>
<opset="packOfst "/>
</bind>
</comp>

<comp id="143" class="1005" name="zext_ln270_reg_143">
<pin_list>
<pin id="144" dir="0" index="0" bw="64" slack="1"/>
<pin id="145" dir="1" index="1" bw="64" slack="1"/>
</pin_list>
<bind>
<opset="zext_ln270 "/>
</bind>
</comp>

<comp id="148" class="1005" name="JcoupLocal_2_addr_reg_148">
<pin_list>
<pin id="149" dir="0" index="0" bw="8" slack="1"/>
<pin id="150" dir="1" index="1" bw="8" slack="1"/>
</pin_list>
<bind>
<opset="JcoupLocal_2_addr "/>
</bind>
</comp>

<comp id="154" class="1005" name="JcoupLocal_1_addr_reg_154">
<pin_list>
<pin id="155" dir="0" index="0" bw="8" slack="1"/>
<pin id="156" dir="1" index="1" bw="8" slack="1"/>
</pin_list>
<bind>
<opset="JcoupLocal_1_addr "/>
</bind>
</comp>

<comp id="160" class="1005" name="JcoupLocal_0_addr_reg_160">
<pin_list>
<pin id="161" dir="0" index="0" bw="8" slack="1"/>
<pin id="162" dir="1" index="1" bw="8" slack="1"/>
</pin_list>
<bind>
<opset="JcoupLocal_0_addr "/>
</bind>
</comp>

</comp_list>

<net_list>
<net id="37"><net_src comp="8" pin="0"/><net_sink comp="34" pin=0"/></net>

<net id="43"><net_src comp="0" pin="0"/><net_sink comp="38" pin=0"/></net>

<net id="44"><net_src comp="20" pin="0"/><net_sink comp="38" pin=1"/></net>

<net id="54"><net_src comp="38" pin="3"/><net_sink comp="45" pin=2"/></net>

<net id="60"><net_src comp="4" pin="0"/><net_sink comp="55" pin=0"/></net>

<net id="61"><net_src comp="20" pin="0"/><net_sink comp="55" pin=1"/></net>

<net id="71"><net_src comp="55" pin="3"/><net_sink comp="62" pin=2"/></net>

<net id="77"><net_src comp="6" pin="0"/><net_sink comp="72" pin=0"/></net>

<net id="78"><net_src comp="20" pin="0"/><net_sink comp="72" pin=1"/></net>

<net id="84"><net_src comp="72" pin="3"/><net_sink comp="79" pin=0"/></net>

<net id="90"><net_src comp="2" pin="0"/><net_sink comp="85" pin=0"/></net>

<net id="91"><net_src comp="20" pin="0"/><net_sink comp="85" pin=1"/></net>

<net id="97"><net_src comp="45" pin="7"/><net_sink comp="92" pin=1"/></net>

<net id="98"><net_src comp="85" pin="3"/><net_sink comp="92" pin=0"/></net>

<net id="99"><net_src comp="62" pin="7"/><net_sink comp="45" pin=1"/></net>

<net id="100"><net_src comp="79" pin="3"/><net_sink comp="62" pin=1"/></net>

<net id="105"><net_src comp="10" pin="0"/><net_sink comp="101" pin=0"/></net>

<net id="113"><net_src comp="106" pin="1"/><net_sink comp="109" pin=0"/></net>

<net id="114"><net_src comp="12" pin="0"/><net_sink comp="109" pin=1"/></net>

<net id="119"><net_src comp="106" pin="1"/><net_sink comp="115" pin=0"/></net>

<net id="120"><net_src comp="18" pin="0"/><net_sink comp="115" pin=1"/></net>

<net id="124"><net_src comp="106" pin="1"/><net_sink comp="121" pin=0"/></net>

<net id="125"><net_src comp="121" pin="1"/><net_sink comp="38" pin=2"/></net>

<net id="126"><net_src comp="121" pin="1"/><net_sink comp="55" pin=2"/></net>

<net id="127"><net_src comp="121" pin="1"/><net_sink comp="72" pin=2"/></net>

<net id="132"><net_src comp="115" pin="2"/><net_sink comp="128" pin=0"/></net>

<net id="136"><net_src comp="34" pin="1"/><net_sink comp="133" pin=0"/></net>

<net id="137"><net_src comp="133" pin="1"/><net_sink comp="101" pin=1"/></net>

<net id="138"><net_src comp="133" pin="1"/><net_sink comp="106" pin=0"/></net>

<net id="139"><net_src comp="133" pin="1"/><net_sink comp="128" pin=1"/></net>

<net id="146"><net_src comp="121" pin="1"/><net_sink comp="143" pin=0"/></net>

<net id="147"><net_src comp="143" pin="1"/><net_sink comp="85" pin=2"/></net>

<net id="151"><net_src comp="38" pin="3"/><net_sink comp="148" pin=0"/></net>

<net id="152"><net_src comp="148" pin="1"/><net_sink comp="45" pin=2"/></net>

<net id="153"><net_src comp="148" pin="1"/><net_sink comp="45" pin=0"/></net>

<net id="157"><net_src comp="55" pin="3"/><net_sink comp="154" pin=0"/></net>

<net id="158"><net_src comp="154" pin="1"/><net_sink comp="62" pin=2"/></net>

<net id="159"><net_src comp="154" pin="1"/><net_sink comp="62" pin=0"/></net>

<net id="163"><net_src comp="72" pin="3"/><net_sink comp="160" pin=0"/></net>

<net id="164"><net_src comp="160" pin="1"/><net_sink comp="79" pin=0"/></net>

</net_list>

</model> 
---------------- Datapath Model END ------------------

* FSMD analyzer results:
  - Output states:
	Port: JcoupLocal_2 | {2 }
	Port: JcoupLocal_3 | {2 }
	Port: JcoupLocal_1 | {2 }
 - Input state : 
	Port: QuantumMonteCarloU50_Pipeline_SHIFT_JCOUP : JcoupLocal_2 | {1 2 }
	Port: QuantumMonteCarloU50_Pipeline_SHIFT_JCOUP : JcoupLocal_1 | {1 2 }
	Port: QuantumMonteCarloU50_Pipeline_SHIFT_JCOUP : JcoupLocal_0 | {1 2 }
  - Chain level:
	State 1
		store_ln0 : 1
		packOfst_1 : 1
		icmp_ln270 : 2
		add_ln270 : 2
		br_ln270 : 3
		zext_ln270 : 2
		JcoupLocal_2_addr : 3
		JcoupLocal_2_load : 4
		JcoupLocal_1_addr : 3
		JcoupLocal_1_load : 4
		JcoupLocal_0_addr : 3
		JcoupLocal_0_load : 4
		store_ln270 : 3
	State 2
		store_ln274 : 1
		store_ln274 : 1
		store_ln274 : 1


============================================================
+ Verbose Summary: Datapath Resource usage 
============================================================

* Functional unit list:
|----------|-------------------|---------|---------|
| Operation|  Functional Unit  |    FF   |   LUT   |
|----------|-------------------|---------|---------|
|    add   |  add_ln270_fu_115 |    0    |    16   |
|----------|-------------------|---------|---------|
|   icmp   | icmp_ln270_fu_109 |    0    |    11   |
|----------|-------------------|---------|---------|
|   zext   | zext_ln270_fu_121 |    0    |    0    |
|----------|-------------------|---------|---------|
|   Total  |                   |    0    |    27   |
|----------|-------------------|---------|---------|

Memories:
N/A

* Register list:
+-------------------------+--------+
|                         |   FF   |
+-------------------------+--------+
|JcoupLocal_0_addr_reg_160|    8   |
|JcoupLocal_1_addr_reg_154|    8   |
|JcoupLocal_2_addr_reg_148|    8   |
|     packOfst_reg_133    |    9   |
|    zext_ln270_reg_143   |   64   |
+-------------------------+--------+
|          Total          |   97   |
+-------------------------+--------+

* Multiplexer (MUX) list: 
|------------------|------|------|------|--------||---------||---------|
|       Comp       |  Pin | Size |  BW  | S x BW ||  Delay  ||   LUT   |
|------------------|------|------|------|--------||---------||---------|
| grp_access_fu_45 |  p2  |   2  |   0  |    0   ||    9    |
| grp_access_fu_62 |  p2  |   2  |   0  |    0   ||    9    |
| grp_access_fu_79 |  p0  |   2  |   8  |   16   ||    9    |
|------------------|------|------|------|--------||---------||---------|
|       Total      |      |      |      |   16   ||  1.161  ||    27   |
|------------------|------|------|------|--------||---------||---------|



* Summary:
+-----------+--------+--------+--------+
|           |  Delay |   FF   |   LUT  |
+-----------+--------+--------+--------+
|  Function |    -   |    0   |   27   |
|   Memory  |    -   |    -   |    -   |
|Multiplexer|    1   |    -   |   27   |
|  Register |    -   |   97   |    -   |
+-----------+--------+--------+--------+
|   Total   |    1   |   97   |   54   |
+-----------+--------+--------+--------+
