

================================================================
== Vitis HLS Report for 'QuantumMonteCarloU50_Pipeline_READ_TROTTERS_VITIS_LOOP_195_1'
================================================================
* Date:           Wed Aug 25 10:39:25 2021

* Version:        2021.1 (Build 3247384 on Thu Jun 10 19:36:07 MDT 2021)
* Project:        QuantumMonteCarloU50
* Solution:       solution (Vitis Kernel Flow Target)
* Product family: virtexuplus
* Target device:  xcu50-fsvh2104-2-e


================================================================
== Performance Estimates
================================================================
+ Timing: 
    * Summary: 
    +--------+---------+----------+------------+
    |  Clock |  Target | Estimated| Uncertainty|
    +--------+---------+----------+------------+
    |ap_clk  |  3.33 ns|  2.433 ns|     0.90 ns|
    +--------+---------+----------+------------+

+ Latency: 
    * Summary: 
    +---------+---------+----------+----------+------+------+---------+
    |  Latency (cycles) |  Latency (absolute) |   Interval  | Pipeline|
    |   min   |   max   |    min   |    max   |  min |  max |   Type  |
    +---------+---------+----------+----------+------+------+---------+
    |     1027|     1027|  3.423 us|  3.423 us|  1027|  1027|       no|
    +---------+---------+----------+----------+------+------+---------+

    + Detail: 
        * Instance: 
        N/A

        * Loop: 
        +----------------------------------+---------+---------+----------+-----------+-----------+------+----------+
        |                                  |  Latency (cycles) | Iteration|  Initiation Interval  | Trip |          |
        |             Loop Name            |   min   |   max   |  Latency |  achieved |   target  | Count| Pipelined|
        +----------------------------------+---------+---------+----------+-----------+-----------+------+----------+
        |- READ_TROTTERS_VITIS_LOOP_195_1  |     1025|     1025|         3|          1|          1|  1024|       yes|
        +----------------------------------+---------+---------+----------+-----------+-----------+------+----------+

============================================================
+ Verbose Summary: Synthesis Manager
============================================================
InlineROM: 1
ExposeGlobal: 0
============================================================
+ Verbose Summary: CDFG Model
============================================================
IsTopModel: 0
ResetActiveHigh: 1
IsCombinational: 0
IsDatapathOnly: 0
HasWiredReturn: 1
HasMFsm: 2
HasVarLatency: 1
IsPipeline: 0
IsRtlPipelined: 0
IsInstanceOverlapped: 0
IsDontTouch: 0
HasImplIP: 0
IsGatedGlobalClock: 0

+ Individual pipeline summary: 
  * Pipeline-0: initiation interval (II) = 1, depth = 3


============================================================
+ Verbose Summary: Schedule
============================================================
* Number of FSM states : 3
* Pipeline : 1
  Pipeline-0 : II = 1, D = 3, States = { 1 2 3 }
* Dataflow Pipeline: 0

* FSM state transitions: 
1 --> 2 
2 --> 3 
3 --> 

* FSM state operations: 

State 1 <SV = 0> <Delay = 1.99>
ST_1 : Operation 6 [1/1] (0.00ns)   --->   "%shiftreg38 = alloca i32 1"   --->   Operation 6 'alloca' 'shiftreg38' <Predicate = true> <Delay = 0.00>
ST_1 : Operation 7 [1/1] (0.00ns)   --->   "%packOfst = alloca i32 1"   --->   Operation 7 'alloca' 'packOfst' <Predicate = true> <Delay = 0.00>
ST_1 : Operation 8 [1/1] (0.00ns)   --->   "%t = alloca i32 1"   --->   Operation 8 'alloca' 't' <Predicate = true> <Delay = 0.00>
ST_1 : Operation 9 [1/1] (0.00ns)   --->   "%indvar_flatten = alloca i32 1"   --->   Operation 9 'alloca' 'indvar_flatten' <Predicate = true> <Delay = 0.00>
ST_1 : Operation 10 [1/1] (0.00ns)   --->   "%sext_ln194_read = read i58 @_ssdm_op_Read.ap_auto.i58, i58 %sext_ln194"   --->   Operation 10 'read' 'sext_ln194_read' <Predicate = true> <Delay = 0.00>
ST_1 : Operation 11 [1/1] (0.00ns)   --->   "%sext_ln194_cast = sext i58 %sext_ln194_read"   --->   Operation 11 'sext' 'sext_ln194_cast' <Predicate = true> <Delay = 0.00>
ST_1 : Operation 12 [1/1] (0.00ns)   --->   "%specinterface_ln0 = specinterface void @_ssdm_op_SpecInterface, i512 %gmem, void @empty_2, i32 0, i32 0, void @empty_3, i32 64, i32 0, void @empty_4, void @empty_12, void @empty_3, i32 16, i32 16, i32 16, i32 16, void @empty_3, void @empty_3"   --->   Operation 12 'specinterface' 'specinterface_ln0' <Predicate = true> <Delay = 0.00>
ST_1 : Operation 13 [1/1] (0.38ns)   --->   "%store_ln0 = store i11 0, i11 %indvar_flatten"   --->   Operation 13 'store' 'store_ln0' <Predicate = true> <Delay = 0.38>
ST_1 : Operation 14 [1/1] (0.38ns)   --->   "%store_ln0 = store i3 0, i3 %t"   --->   Operation 14 'store' 'store_ln0' <Predicate = true> <Delay = 0.38>
ST_1 : Operation 15 [1/1] (0.38ns)   --->   "%store_ln0 = store i9 0, i9 %packOfst"   --->   Operation 15 'store' 'store_ln0' <Predicate = true> <Delay = 0.38>
ST_1 : Operation 16 [1/1] (0.38ns)   --->   "%store_ln0 = store i496 0, i496 %shiftreg38"   --->   Operation 16 'store' 'store_ln0' <Predicate = true> <Delay = 0.38>
ST_1 : Operation 17 [1/1] (0.00ns)   --->   "%br_ln0 = br void"   --->   Operation 17 'br' 'br_ln0' <Predicate = true> <Delay = 0.00>
ST_1 : Operation 18 [1/1] (0.00ns)   --->   "%indvar_flatten_load = load i11 %indvar_flatten" [/home/edci/workspace/SQA_kernels/src/qmc.cpp:194]   --->   Operation 18 'load' 'indvar_flatten_load' <Predicate = true> <Delay = 0.00>
ST_1 : Operation 19 [1/1] (0.61ns)   --->   "%icmp_ln194 = icmp_eq  i11 %indvar_flatten_load, i11 1024" [/home/edci/workspace/SQA_kernels/src/qmc.cpp:194]   --->   Operation 19 'icmp' 'icmp_ln194' <Predicate = true> <Delay = 0.61> <CoreInst = "Cmp">   --->   Core 9 'Cmp' <Latency = 0> <II = 1> <Delay = 0.63> <FuncUnit> <Opcode : 'icmp'> <InPorts = 2> <OutPorts = 1>
ST_1 : Operation 20 [1/1] (0.73ns)   --->   "%add_ln194 = add i11 %indvar_flatten_load, i11 1" [/home/edci/workspace/SQA_kernels/src/qmc.cpp:194]   --->   Operation 20 'add' 'add_ln194' <Predicate = true> <Delay = 0.73> <CoreInst = "Adder">   --->   Core 1 'Adder' <Latency = 0> <II = 1> <Delay = 0.57> <FuncUnit> <Opcode : 'add' 'sub'> <InPorts = 2> <OutPorts = 1>
ST_1 : Operation 21 [1/1] (0.00ns)   --->   "%br_ln194 = br i1 %icmp_ln194, void %.split16, void %codeRepl.exitStub" [/home/edci/workspace/SQA_kernels/src/qmc.cpp:194]   --->   Operation 21 'br' 'br_ln194' <Predicate = true> <Delay = 0.00>
ST_1 : Operation 22 [1/1] (0.00ns)   --->   "%packOfst_load = load i9 %packOfst" [/home/edci/workspace/SQA_kernels/src/qmc.cpp:195]   --->   Operation 22 'load' 'packOfst_load' <Predicate = (!icmp_ln194)> <Delay = 0.00>
ST_1 : Operation 23 [1/1] (0.59ns)   --->   "%icmp_ln195 = icmp_eq  i9 %packOfst_load, i9 256" [/home/edci/workspace/SQA_kernels/src/qmc.cpp:195]   --->   Operation 23 'icmp' 'icmp_ln195' <Predicate = (!icmp_ln194)> <Delay = 0.59> <CoreInst = "Cmp">   --->   Core 9 'Cmp' <Latency = 0> <II = 1> <Delay = 0.63> <FuncUnit> <Opcode : 'icmp'> <InPorts = 2> <OutPorts = 1>
ST_1 : Operation 24 [1/1] (0.30ns)   --->   "%select_ln194 = select i1 %icmp_ln195, i9 0, i9 %packOfst_load" [/home/edci/workspace/SQA_kernels/src/qmc.cpp:194]   --->   Operation 24 'select' 'select_ln194' <Predicate = (!icmp_ln194)> <Delay = 0.30> <CoreInst = "Sel">   --->   Core 73 'Sel' <Latency = 0> <II = 1> <Delay = 0.27> <FuncUnit> <Opcode : 'select'> <InPorts = 3> <OutPorts = 1>
ST_1 : Operation 25 [1/1] (0.00ns)   --->   "%trunc_ln195 = trunc i9 %select_ln194" [/home/edci/workspace/SQA_kernels/src/qmc.cpp:195]   --->   Operation 25 'trunc' 'trunc_ln195' <Predicate = (!icmp_ln194)> <Delay = 0.00>
ST_1 : Operation 26 [1/1] (0.63ns)   --->   "%icmp_ln197 = icmp_eq  i5 %trunc_ln195, i5 0" [/home/edci/workspace/SQA_kernels/src/qmc.cpp:197]   --->   Operation 26 'icmp' 'icmp_ln197' <Predicate = (!icmp_ln194)> <Delay = 0.63> <CoreInst = "Cmp">   --->   Core 9 'Cmp' <Latency = 0> <II = 1> <Delay = 0.63> <FuncUnit> <Opcode : 'icmp'> <InPorts = 2> <OutPorts = 1>
ST_1 : Operation 27 [1/1] (0.71ns)   --->   "%add_ln195 = add i9 %select_ln194, i9 1" [/home/edci/workspace/SQA_kernels/src/qmc.cpp:195]   --->   Operation 27 'add' 'add_ln195' <Predicate = (!icmp_ln194)> <Delay = 0.71> <CoreInst = "Adder">   --->   Core 1 'Adder' <Latency = 0> <II = 1> <Delay = 0.57> <FuncUnit> <Opcode : 'add' 'sub'> <InPorts = 2> <OutPorts = 1>
ST_1 : Operation 28 [1/1] (0.38ns)   --->   "%store_ln194 = store i11 %add_ln194, i11 %indvar_flatten" [/home/edci/workspace/SQA_kernels/src/qmc.cpp:194]   --->   Operation 28 'store' 'store_ln194' <Predicate = (!icmp_ln194)> <Delay = 0.38>
ST_1 : Operation 29 [1/1] (0.38ns)   --->   "%store_ln195 = store i9 %add_ln195, i9 %packOfst" [/home/edci/workspace/SQA_kernels/src/qmc.cpp:195]   --->   Operation 29 'store' 'store_ln195' <Predicate = (!icmp_ln194)> <Delay = 0.38>

State 2 <SV = 1> <Delay = 2.43>
ST_2 : Operation 30 [1/1] (0.00ns)   --->   "%gmem_addr = getelementptr i512 %gmem, i64 %sext_ln194_cast" [/home/edci/workspace/SQA_kernels/src/qmc.cpp:194]   --->   Operation 30 'getelementptr' 'gmem_addr' <Predicate = true> <Delay = 0.00>
ST_2 : Operation 31 [1/1] (2.43ns)   --->   "%gmem_addr_read = read i512 @_ssdm_op_Read.m_axi.p1i512, i512 %gmem_addr" [/home/edci/workspace/SQA_kernels/src/qmc.cpp:197]   --->   Operation 31 'read' 'gmem_addr_read' <Predicate = (!icmp_ln194 & icmp_ln197)> <Delay = 2.43> <CoreInst = "m_axi">   --->   Core 121 'm_axi' <Latency = 6> <II = 1> <Delay = 1.00> <Adapter> <Opcode : 'read' 'write' 'readreq' 'writereq' 'writeresp'>
ST_2 : Operation 65 [1/1] (0.00ns)   --->   "%ret_ln0 = ret"   --->   Operation 65 'ret' 'ret_ln0' <Predicate = (icmp_ln194)> <Delay = 0.00>

State 3 <SV = 2> <Delay = 2.12>
ST_3 : Operation 32 [1/1] (0.00ns)   --->   "%shiftreg38_load = load i496 %shiftreg38" [/home/edci/workspace/SQA_kernels/src/qmc.cpp:194]   --->   Operation 32 'load' 'shiftreg38_load' <Predicate = (!icmp_ln194 & !icmp_ln195)> <Delay = 0.00>
ST_3 : Operation 33 [1/1] (0.00ns)   --->   "%t_load = load i3 %t" [/home/edci/workspace/SQA_kernels/src/qmc.cpp:194]   --->   Operation 33 'load' 't_load' <Predicate = (!icmp_ln194)> <Delay = 0.00>
ST_3 : Operation 34 [1/1] (0.00ns)   --->   "%specloopname_ln0 = specloopname void @_ssdm_op_SpecLoopName, void @READ_TROTTERS_VITIS_LOOP_195_1_str"   --->   Operation 34 'specloopname' 'specloopname_ln0' <Predicate = (!icmp_ln194)> <Delay = 0.00>
ST_3 : Operation 35 [1/1] (0.00ns)   --->   "%empty_136 = speclooptripcount i32 @_ssdm_op_SpecLoopTripCount, i64 1024, i64 1024, i64 1024"   --->   Operation 35 'speclooptripcount' 'empty_136' <Predicate = (!icmp_ln194)> <Delay = 0.00>
ST_3 : Operation 36 [1/1] (0.55ns)   --->   "%select_ln194_1 = select i1 %icmp_ln195, i496 0, i496 %shiftreg38_load" [/home/edci/workspace/SQA_kernels/src/qmc.cpp:194]   --->   Operation 36 'select' 'select_ln194_1' <Predicate = (!icmp_ln194)> <Delay = 0.55> <CoreInst = "Sel">   --->   Core 73 'Sel' <Latency = 0> <II = 1> <Delay = 0.27> <FuncUnit> <Opcode : 'select'> <InPorts = 3> <OutPorts = 1>
ST_3 : Operation 37 [1/1] (0.57ns)   --->   "%add_ln194_1 = add i3 %t_load, i3 1" [/home/edci/workspace/SQA_kernels/src/qmc.cpp:194]   --->   Operation 37 'add' 'add_ln194_1' <Predicate = (!icmp_ln194 & icmp_ln195)> <Delay = 0.57> <CoreInst = "Adder">   --->   Core 1 'Adder' <Latency = 0> <II = 1> <Delay = 0.57> <FuncUnit> <Opcode : 'add' 'sub'> <InPorts = 2> <OutPorts = 1>
ST_3 : Operation 38 [1/1] (0.27ns)   --->   "%select_ln194_2 = select i1 %icmp_ln195, i3 %add_ln194_1, i3 %t_load" [/home/edci/workspace/SQA_kernels/src/qmc.cpp:194]   --->   Operation 38 'select' 'select_ln194_2' <Predicate = (!icmp_ln194)> <Delay = 0.27> <CoreInst = "Sel">   --->   Core 73 'Sel' <Latency = 0> <II = 1> <Delay = 0.27> <FuncUnit> <Opcode : 'select'> <InPorts = 3> <OutPorts = 1>
ST_3 : Operation 39 [1/1] (0.00ns)   --->   "%trunc_ln194 = trunc i3 %select_ln194_2" [/home/edci/workspace/SQA_kernels/src/qmc.cpp:194]   --->   Operation 39 'trunc' 'trunc_ln194' <Predicate = (!icmp_ln194)> <Delay = 0.00>
ST_3 : Operation 40 [1/1] (0.00ns)   --->   "%zext_ln195 = zext i496 %select_ln194_1" [/home/edci/workspace/SQA_kernels/src/qmc.cpp:195]   --->   Operation 40 'zext' 'zext_ln195' <Predicate = (!icmp_ln194)> <Delay = 0.00>
ST_3 : Operation 41 [1/1] (0.00ns)   --->   "%zext_ln195_1 = zext i9 %select_ln194" [/home/edci/workspace/SQA_kernels/src/qmc.cpp:195]   --->   Operation 41 'zext' 'zext_ln195_1' <Predicate = (!icmp_ln194)> <Delay = 0.00>
ST_3 : Operation 42 [1/1] (0.00ns)   --->   "%specpipeline_ln195 = specpipeline void @_ssdm_op_SpecPipeline, i32 4294967295, i32 0, i32 0, i32 0, void @empty_3" [/home/edci/workspace/SQA_kernels/src/qmc.cpp:195]   --->   Operation 42 'specpipeline' 'specpipeline_ln195' <Predicate = (!icmp_ln194)> <Delay = 0.00>
ST_3 : Operation 43 [1/1] (0.00ns)   --->   "%specloopname_ln195 = specloopname void @_ssdm_op_SpecLoopName, void @empty_21" [/home/edci/workspace/SQA_kernels/src/qmc.cpp:195]   --->   Operation 43 'specloopname' 'specloopname_ln195' <Predicate = (!icmp_ln194)> <Delay = 0.00>
ST_3 : Operation 44 [1/1] (0.00ns)   --->   "%trottersLocal_V_0_addr = getelementptr i16 %trottersLocal_V_0, i64 0, i64 %zext_ln195_1" [/home/edci/workspace/SQA_kernels/src/qmc.cpp:197]   --->   Operation 44 'getelementptr' 'trottersLocal_V_0_addr' <Predicate = (!icmp_ln194)> <Delay = 0.00>
ST_3 : Operation 45 [1/1] (0.00ns)   --->   "%trottersLocal_V_1_addr = getelementptr i16 %trottersLocal_V_1, i64 0, i64 %zext_ln195_1" [/home/edci/workspace/SQA_kernels/src/qmc.cpp:197]   --->   Operation 45 'getelementptr' 'trottersLocal_V_1_addr' <Predicate = (!icmp_ln194)> <Delay = 0.00>
ST_3 : Operation 46 [1/1] (0.00ns)   --->   "%trottersLocal_V_2_addr = getelementptr i16 %trottersLocal_V_2, i64 0, i64 %zext_ln195_1" [/home/edci/workspace/SQA_kernels/src/qmc.cpp:197]   --->   Operation 46 'getelementptr' 'trottersLocal_V_2_addr' <Predicate = (!icmp_ln194)> <Delay = 0.00>
ST_3 : Operation 47 [1/1] (0.00ns)   --->   "%trottersLocal_V_3_addr = getelementptr i16 %trottersLocal_V_3, i64 0, i64 %zext_ln195_1" [/home/edci/workspace/SQA_kernels/src/qmc.cpp:197]   --->   Operation 47 'getelementptr' 'trottersLocal_V_3_addr' <Predicate = (!icmp_ln194)> <Delay = 0.00>
ST_3 : Operation 48 [1/1] (0.38ns)   --->   "%br_ln197 = br i1 %icmp_ln197, void %.split14._crit_edge, void" [/home/edci/workspace/SQA_kernels/src/qmc.cpp:197]   --->   Operation 48 'br' 'br_ln197' <Predicate = (!icmp_ln194)> <Delay = 0.38>
ST_3 : Operation 49 [1/1] (0.38ns)   --->   "%br_ln197 = br void %.split14._crit_edge" [/home/edci/workspace/SQA_kernels/src/qmc.cpp:197]   --->   Operation 49 'br' 'br_ln197' <Predicate = (!icmp_ln194 & icmp_ln197)> <Delay = 0.38>
ST_3 : Operation 50 [1/1] (0.00ns)   --->   "%empty = phi i512 %gmem_addr_read, void, i512 %zext_ln195, void %.split16" [/home/edci/workspace/SQA_kernels/src/qmc.cpp:197]   --->   Operation 50 'phi' 'empty' <Predicate = true> <Delay = 0.00>
ST_3 : Operation 51 [1/1] (0.00ns)   --->   "%trunc_ln197 = trunc i512 %empty" [/home/edci/workspace/SQA_kernels/src/qmc.cpp:197]   --->   Operation 51 'trunc' 'trunc_ln197' <Predicate = true> <Delay = 0.00>
ST_3 : Operation 52 [1/1] (0.00ns)   --->   "%trunc_ln197_2 = partselect i496 @_ssdm_op_PartSelect.i496.i512.i32.i32, i512 %empty, i32 16, i32 511" [/home/edci/workspace/SQA_kernels/src/qmc.cpp:197]   --->   Operation 52 'partselect' 'trunc_ln197_2' <Predicate = true> <Delay = 0.00>
ST_3 : Operation 53 [1/1] (0.65ns)   --->   "%switch_ln197 = switch i2 %trunc_ln194, void %branch3, i2 0, void %branch0, i2 1, void %branch1, i2 2, void %branch2" [/home/edci/workspace/SQA_kernels/src/qmc.cpp:197]   --->   Operation 53 'switch' 'switch_ln197' <Predicate = true> <Delay = 0.65>
ST_3 : Operation 54 [1/1] (1.17ns)   --->   "%store_ln197 = store i16 %trunc_ln197, i8 %trottersLocal_V_2_addr" [/home/edci/workspace/SQA_kernels/src/qmc.cpp:197]   --->   Operation 54 'store' 'store_ln197' <Predicate = (trunc_ln194 == 2)> <Delay = 1.17> <CoreInst = "RAM">   --->   Core 83 'RAM' <Latency = 1> <II = 1> <Delay = 1.17> <Storage> <Opcode : 'load' 'store'> <Ports = 2> <Width = 16> <Depth = 256> <RAM>
ST_3 : Operation 55 [1/1] (0.00ns)   --->   "%br_ln197 = br void %.split14._crit_edge101" [/home/edci/workspace/SQA_kernels/src/qmc.cpp:197]   --->   Operation 55 'br' 'br_ln197' <Predicate = (trunc_ln194 == 2)> <Delay = 0.00>
ST_3 : Operation 56 [1/1] (1.17ns)   --->   "%store_ln197 = store i16 %trunc_ln197, i8 %trottersLocal_V_1_addr" [/home/edci/workspace/SQA_kernels/src/qmc.cpp:197]   --->   Operation 56 'store' 'store_ln197' <Predicate = (trunc_ln194 == 1)> <Delay = 1.17> <CoreInst = "RAM">   --->   Core 83 'RAM' <Latency = 1> <II = 1> <Delay = 1.17> <Storage> <Opcode : 'load' 'store'> <Ports = 2> <Width = 16> <Depth = 256> <RAM>
ST_3 : Operation 57 [1/1] (0.00ns)   --->   "%br_ln197 = br void %.split14._crit_edge101" [/home/edci/workspace/SQA_kernels/src/qmc.cpp:197]   --->   Operation 57 'br' 'br_ln197' <Predicate = (trunc_ln194 == 1)> <Delay = 0.00>
ST_3 : Operation 58 [1/1] (1.17ns)   --->   "%store_ln197 = store i16 %trunc_ln197, i8 %trottersLocal_V_0_addr" [/home/edci/workspace/SQA_kernels/src/qmc.cpp:197]   --->   Operation 58 'store' 'store_ln197' <Predicate = (trunc_ln194 == 0)> <Delay = 1.17> <CoreInst = "RAM">   --->   Core 83 'RAM' <Latency = 1> <II = 1> <Delay = 1.17> <Storage> <Opcode : 'load' 'store'> <Ports = 2> <Width = 16> <Depth = 256> <RAM>
ST_3 : Operation 59 [1/1] (0.00ns)   --->   "%br_ln197 = br void %.split14._crit_edge101" [/home/edci/workspace/SQA_kernels/src/qmc.cpp:197]   --->   Operation 59 'br' 'br_ln197' <Predicate = (trunc_ln194 == 0)> <Delay = 0.00>
ST_3 : Operation 60 [1/1] (1.17ns)   --->   "%store_ln197 = store i16 %trunc_ln197, i8 %trottersLocal_V_3_addr" [/home/edci/workspace/SQA_kernels/src/qmc.cpp:197]   --->   Operation 60 'store' 'store_ln197' <Predicate = (trunc_ln194 == 3)> <Delay = 1.17> <CoreInst = "RAM">   --->   Core 83 'RAM' <Latency = 1> <II = 1> <Delay = 1.17> <Storage> <Opcode : 'load' 'store'> <Ports = 2> <Width = 16> <Depth = 256> <RAM>
ST_3 : Operation 61 [1/1] (0.00ns)   --->   "%br_ln197 = br void %.split14._crit_edge101" [/home/edci/workspace/SQA_kernels/src/qmc.cpp:197]   --->   Operation 61 'br' 'br_ln197' <Predicate = (trunc_ln194 == 3)> <Delay = 0.00>
ST_3 : Operation 62 [1/1] (0.38ns)   --->   "%store_ln194 = store i3 %select_ln194_2, i3 %t" [/home/edci/workspace/SQA_kernels/src/qmc.cpp:194]   --->   Operation 62 'store' 'store_ln194' <Predicate = true> <Delay = 0.38>
ST_3 : Operation 63 [1/1] (0.38ns)   --->   "%store_ln197 = store i496 %trunc_ln197_2, i496 %shiftreg38" [/home/edci/workspace/SQA_kernels/src/qmc.cpp:197]   --->   Operation 63 'store' 'store_ln197' <Predicate = true> <Delay = 0.38>
ST_3 : Operation 64 [1/1] (0.00ns)   --->   "%br_ln0 = br void"   --->   Operation 64 'br' 'br_ln0' <Predicate = true> <Delay = 0.00>


============================================================
+ Verbose Summary: Binding
============================================================
STG Binding: 
---------------- STG Properties BEGIN ----------------
- Is combinational: 0
- Is one-state seq: 0
- Is datapath-only: 0
- Is pipelined: 0
- Is top level: 0
Port [ Return ] is wired: 1; IO mode=ap_ctrl_hs:ce=0
Port [ gmem]:  wired=1; compound=1; hidden=0; nouse=0; global=0; static=0; extern=0; dir=0; type=4; pingpong=0; private_global=0; IO mode=m_axi:ce=0
Port [ sext_ln194]:  wired=1; compound=0; hidden=0; nouse=0; global=0; static=0; extern=0; dir=0; type=0; pingpong=0; private_global=0; IO mode=ap_none:ce=0
Port [ trottersLocal_V_0]:  wired=1; compound=1; hidden=0; nouse=0; global=0; static=0; extern=0; dir=1; type=1; pingpong=0; private_global=0; MemPort=[03]; IO mode=ap_memory:ce=0
Port [ trottersLocal_V_1]:  wired=1; compound=1; hidden=0; nouse=0; global=0; static=0; extern=0; dir=1; type=1; pingpong=0; private_global=0; MemPort=[03]; IO mode=ap_memory:ce=0
Port [ trottersLocal_V_2]:  wired=1; compound=1; hidden=0; nouse=0; global=0; static=0; extern=0; dir=1; type=1; pingpong=0; private_global=0; MemPort=[03]; IO mode=ap_memory:ce=0
Port [ trottersLocal_V_3]:  wired=1; compound=1; hidden=0; nouse=0; global=0; static=0; extern=0; dir=1; type=1; pingpong=0; private_global=0; MemPort=[03]; IO mode=ap_memory:ce=0
---------------- STG Properties END ------------------

---------------- Datapath Model BEGIN ----------------

<LifeTime>
<method=bitvector/>
shiftreg38             (alloca           ) [ 0111]
packOfst               (alloca           ) [ 0100]
t                      (alloca           ) [ 0111]
indvar_flatten         (alloca           ) [ 0100]
sext_ln194_read        (read             ) [ 0000]
sext_ln194_cast        (sext             ) [ 0110]
specinterface_ln0      (specinterface    ) [ 0000]
store_ln0              (store            ) [ 0000]
store_ln0              (store            ) [ 0000]
store_ln0              (store            ) [ 0000]
store_ln0              (store            ) [ 0000]
br_ln0                 (br               ) [ 0000]
indvar_flatten_load    (load             ) [ 0000]
icmp_ln194             (icmp             ) [ 0111]
add_ln194              (add              ) [ 0000]
br_ln194               (br               ) [ 0000]
packOfst_load          (load             ) [ 0000]
icmp_ln195             (icmp             ) [ 0111]
select_ln194           (select           ) [ 0111]
trunc_ln195            (trunc            ) [ 0000]
icmp_ln197             (icmp             ) [ 0111]
add_ln195              (add              ) [ 0000]
store_ln194            (store            ) [ 0000]
store_ln195            (store            ) [ 0000]
gmem_addr              (getelementptr    ) [ 0000]
gmem_addr_read         (read             ) [ 0101]
shiftreg38_load        (load             ) [ 0000]
t_load                 (load             ) [ 0000]
specloopname_ln0       (specloopname     ) [ 0000]
empty_136              (speclooptripcount) [ 0000]
select_ln194_1         (select           ) [ 0000]
add_ln194_1            (add              ) [ 0000]
select_ln194_2         (select           ) [ 0000]
trunc_ln194            (trunc            ) [ 0101]
zext_ln195             (zext             ) [ 0000]
zext_ln195_1           (zext             ) [ 0000]
specpipeline_ln195     (specpipeline     ) [ 0000]
specloopname_ln195     (specloopname     ) [ 0000]
trottersLocal_V_0_addr (getelementptr    ) [ 0000]
trottersLocal_V_1_addr (getelementptr    ) [ 0000]
trottersLocal_V_2_addr (getelementptr    ) [ 0000]
trottersLocal_V_3_addr (getelementptr    ) [ 0000]
br_ln197               (br               ) [ 0000]
br_ln197               (br               ) [ 0000]
empty                  (phi              ) [ 0101]
trunc_ln197            (trunc            ) [ 0000]
trunc_ln197_2          (partselect       ) [ 0000]
switch_ln197           (switch           ) [ 0000]
store_ln197            (store            ) [ 0000]
br_ln197               (br               ) [ 0000]
store_ln197            (store            ) [ 0000]
br_ln197               (br               ) [ 0000]
store_ln197            (store            ) [ 0000]
br_ln197               (br               ) [ 0000]
store_ln197            (store            ) [ 0000]
br_ln197               (br               ) [ 0000]
store_ln194            (store            ) [ 0000]
store_ln197            (store            ) [ 0000]
br_ln0                 (br               ) [ 0000]
ret_ln0                (ret              ) [ 0000]
</LifeTime>

<model>

<comp_list>
<comp id="0" class="1000" name="gmem">
<pin_list>
<pin id="1" dir="1" index="0" bw="1" slack="0"/>
</pin_list>
<bind>
<StgValue><ssdm name="gmem"/></StgValue>
</bind>
</comp>

<comp id="2" class="1000" name="sext_ln194">
<pin_list>
<pin id="3" dir="1" index="0" bw="1" slack="0"/>
</pin_list>
<bind>
<StgValue><ssdm name="sext_ln194"/></StgValue>
</bind>
</comp>

<comp id="4" class="1000" name="trottersLocal_V_0">
<pin_list>
<pin id="5" dir="1" index="0" bw="1" slack="0"/>
</pin_list>
<bind>
<StgValue><ssdm name="trottersLocal_V_0"/><MemPortTyVec>0 3 </MemPortTyVec>
</StgValue>
</bind>
</comp>

<comp id="6" class="1000" name="trottersLocal_V_1">
<pin_list>
<pin id="7" dir="1" index="0" bw="1" slack="0"/>
</pin_list>
<bind>
<StgValue><ssdm name="trottersLocal_V_1"/><MemPortTyVec>0 3 </MemPortTyVec>
</StgValue>
</bind>
</comp>

<comp id="8" class="1000" name="trottersLocal_V_2">
<pin_list>
<pin id="9" dir="1" index="0" bw="1" slack="0"/>
</pin_list>
<bind>
<StgValue><ssdm name="trottersLocal_V_2"/><MemPortTyVec>0 3 </MemPortTyVec>
</StgValue>
</bind>
</comp>

<comp id="10" class="1000" name="trottersLocal_V_3">
<pin_list>
<pin id="11" dir="1" index="0" bw="1" slack="0"/>
</pin_list>
<bind>
<StgValue><ssdm name="trottersLocal_V_3"/><MemPortTyVec>0 3 </MemPortTyVec>
</StgValue>
</bind>
</comp>

<comp id="12" class="1001" name="const_12">
<pin_list>
<pin id="13" dir="1" index="0" bw="1" slack="0"/>
</pin_list>
<bind>
<StgValue><ssdm name=""/></StgValue>
</bind>
</comp>

<comp id="14" class="1001" name="const_14">
<pin_list>
<pin id="15" dir="1" index="0" bw="1" slack="0"/>
</pin_list>
<bind>
<StgValue><ssdm name="_ssdm_op_Read.ap_auto.i58"/></StgValue>
</bind>
</comp>

<comp id="16" class="1001" name="const_16">
<pin_list>
<pin id="17" dir="1" index="0" bw="1" slack="2147483647"/>
</pin_list>
<bind>
<StgValue><ssdm name="_ssdm_op_SpecInterface"/></StgValue>
</bind>
</comp>

<comp id="18" class="1001" name="const_18">
<pin_list>
<pin id="19" dir="1" index="0" bw="1" slack="2147483647"/>
</pin_list>
<bind>
<StgValue><ssdm name="empty_2"/></StgValue>
</bind>
</comp>

<comp id="20" class="1001" name="const_20">
<pin_list>
<pin id="21" dir="1" index="0" bw="1" slack="2147483647"/>
</pin_list>
<bind>
<StgValue><ssdm name=""/></StgValue>
</bind>
</comp>

<comp id="22" class="1001" name="const_22">
<pin_list>
<pin id="23" dir="1" index="0" bw="1" slack="2147483647"/>
</pin_list>
<bind>
<StgValue><ssdm name="empty_3"/></StgValue>
</bind>
</comp>

<comp id="24" class="1001" name="const_24">
<pin_list>
<pin id="25" dir="1" index="0" bw="1" slack="2147483647"/>
</pin_list>
<bind>
<StgValue><ssdm name=""/></StgValue>
</bind>
</comp>

<comp id="26" class="1001" name="const_26">
<pin_list>
<pin id="27" dir="1" index="0" bw="1" slack="2147483647"/>
</pin_list>
<bind>
<StgValue><ssdm name="empty_4"/></StgValue>
</bind>
</comp>

<comp id="28" class="1001" name="const_28">
<pin_list>
<pin id="29" dir="1" index="0" bw="1" slack="2147483647"/>
</pin_list>
<bind>
<StgValue><ssdm name="empty_12"/></StgValue>
</bind>
</comp>

<comp id="30" class="1001" name="const_30">
<pin_list>
<pin id="31" dir="1" index="0" bw="1" slack="0"/>
</pin_list>
<bind>
<StgValue><ssdm name=""/></StgValue>
</bind>
</comp>

<comp id="32" class="1001" name="const_32">
<pin_list>
<pin id="33" dir="1" index="0" bw="1" slack="0"/>
</pin_list>
<bind>
<StgValue><ssdm name=""/></StgValue>
</bind>
</comp>

<comp id="34" class="1001" name="const_34">
<pin_list>
<pin id="35" dir="1" index="0" bw="1" slack="0"/>
</pin_list>
<bind>
<StgValue><ssdm name=""/></StgValue>
</bind>
</comp>

<comp id="36" class="1001" name="const_36">
<pin_list>
<pin id="37" dir="1" index="0" bw="1" slack="0"/>
</pin_list>
<bind>
<StgValue><ssdm name=""/></StgValue>
</bind>
</comp>

<comp id="38" class="1001" name="const_38">
<pin_list>
<pin id="39" dir="1" index="0" bw="1" slack="0"/>
</pin_list>
<bind>
<StgValue><ssdm name=""/></StgValue>
</bind>
</comp>

<comp id="40" class="1001" name="const_40">
<pin_list>
<pin id="41" dir="1" index="0" bw="1" slack="0"/>
</pin_list>
<bind>
<StgValue><ssdm name=""/></StgValue>
</bind>
</comp>

<comp id="42" class="1001" name="const_42">
<pin_list>
<pin id="43" dir="1" index="0" bw="1" slack="0"/>
</pin_list>
<bind>
<StgValue><ssdm name=""/></StgValue>
</bind>
</comp>

<comp id="44" class="1001" name="const_44">
<pin_list>
<pin id="45" dir="1" index="0" bw="1" slack="0"/>
</pin_list>
<bind>
<StgValue><ssdm name=""/></StgValue>
</bind>
</comp>

<comp id="46" class="1001" name="const_46">
<pin_list>
<pin id="47" dir="1" index="0" bw="1" slack="0"/>
</pin_list>
<bind>
<StgValue><ssdm name=""/></StgValue>
</bind>
</comp>

<comp id="48" class="1001" name="const_48">
<pin_list>
<pin id="49" dir="1" index="0" bw="1" slack="0"/>
</pin_list>
<bind>
<StgValue><ssdm name=""/></StgValue>
</bind>
</comp>

<comp id="50" class="1001" name="const_50">
<pin_list>
<pin id="51" dir="1" index="0" bw="1" slack="0"/>
</pin_list>
<bind>
<StgValue><ssdm name="_ssdm_op_Read.m_axi.p1i512"/></StgValue>
</bind>
</comp>

<comp id="52" class="1001" name="const_52">
<pin_list>
<pin id="53" dir="1" index="0" bw="1" slack="2147483647"/>
</pin_list>
<bind>
<StgValue><ssdm name="_ssdm_op_SpecLoopName"/></StgValue>
</bind>
</comp>

<comp id="54" class="1001" name="const_54">
<pin_list>
<pin id="55" dir="1" index="0" bw="1" slack="2147483647"/>
</pin_list>
<bind>
<StgValue><ssdm name="READ_TROTTERS_VITIS_LOOP_195_1_str"/></StgValue>
</bind>
</comp>

<comp id="56" class="1001" name="const_56">
<pin_list>
<pin id="57" dir="1" index="0" bw="1" slack="2147483647"/>
</pin_list>
<bind>
<StgValue><ssdm name="_ssdm_op_SpecLoopTripCount"/></StgValue>
</bind>
</comp>

<comp id="58" class="1001" name="const_58">
<pin_list>
<pin id="59" dir="1" index="0" bw="1" slack="2147483647"/>
</pin_list>
<bind>
<StgValue><ssdm name=""/></StgValue>
</bind>
</comp>

<comp id="60" class="1001" name="const_60">
<pin_list>
<pin id="61" dir="1" index="0" bw="1" slack="0"/>
</pin_list>
<bind>
<StgValue><ssdm name=""/></StgValue>
</bind>
</comp>

<comp id="62" class="1001" name="const_62">
<pin_list>
<pin id="63" dir="1" index="0" bw="1" slack="2147483647"/>
</pin_list>
<bind>
<StgValue><ssdm name="_ssdm_op_SpecPipeline"/></StgValue>
</bind>
</comp>

<comp id="64" class="1001" name="const_64">
<pin_list>
<pin id="65" dir="1" index="0" bw="1" slack="2147483647"/>
</pin_list>
<bind>
<StgValue><ssdm name=""/></StgValue>
</bind>
</comp>

<comp id="66" class="1001" name="const_66">
<pin_list>
<pin id="67" dir="1" index="0" bw="1" slack="2147483647"/>
</pin_list>
<bind>
<StgValue><ssdm name="empty_21"/></StgValue>
</bind>
</comp>

<comp id="68" class="1001" name="const_68">
<pin_list>
<pin id="69" dir="1" index="0" bw="1" slack="0"/>
</pin_list>
<bind>
<StgValue><ssdm name=""/></StgValue>
</bind>
</comp>

<comp id="70" class="1001" name="const_70">
<pin_list>
<pin id="71" dir="1" index="0" bw="1" slack="0"/>
</pin_list>
<bind>
<StgValue><ssdm name="_ssdm_op_PartSelect.i496.i512.i32.i32"/></StgValue>
</bind>
</comp>

<comp id="72" class="1001" name="const_72">
<pin_list>
<pin id="73" dir="1" index="0" bw="1" slack="0"/>
</pin_list>
<bind>
<StgValue><ssdm name=""/></StgValue>
</bind>
</comp>

<comp id="74" class="1001" name="const_74">
<pin_list>
<pin id="75" dir="1" index="0" bw="1" slack="2147483647"/>
</pin_list>
<bind>
<StgValue><ssdm name=""/></StgValue>
</bind>
</comp>

<comp id="76" class="1001" name="const_76">
<pin_list>
<pin id="77" dir="1" index="0" bw="1" slack="2147483647"/>
</pin_list>
<bind>
<StgValue><ssdm name=""/></StgValue>
</bind>
</comp>

<comp id="78" class="1001" name="const_78">
<pin_list>
<pin id="79" dir="1" index="0" bw="1" slack="2147483647"/>
</pin_list>
<bind>
<StgValue><ssdm name=""/></StgValue>
</bind>
</comp>

<comp id="80" class="1004" name="shiftreg38_fu_80">
<pin_list>
<pin id="81" dir="0" index="0" bw="1" slack="0"/>
<pin id="82" dir="1" index="1" bw="496" slack="0"/>
</pin_list>
<bind>
<opcode="alloca(26) " fcode="alloca"/>
<opset="shiftreg38/1 "/>
</bind>
</comp>

<comp id="84" class="1004" name="packOfst_fu_84">
<pin_list>
<pin id="85" dir="0" index="0" bw="1" slack="0"/>
<pin id="86" dir="1" index="1" bw="9" slack="0"/>
</pin_list>
<bind>
<opcode="alloca(26) " fcode="alloca"/>
<opset="packOfst/1 "/>
</bind>
</comp>

<comp id="88" class="1004" name="t_fu_88">
<pin_list>
<pin id="89" dir="0" index="0" bw="1" slack="0"/>
<pin id="90" dir="1" index="1" bw="3" slack="0"/>
</pin_list>
<bind>
<opcode="alloca(26) " fcode="alloca"/>
<opset="t/1 "/>
</bind>
</comp>

<comp id="92" class="1004" name="indvar_flatten_fu_92">
<pin_list>
<pin id="93" dir="0" index="0" bw="1" slack="0"/>
<pin id="94" dir="1" index="1" bw="11" slack="0"/>
</pin_list>
<bind>
<opcode="alloca(26) " fcode="alloca"/>
<opset="indvar_flatten/1 "/>
</bind>
</comp>

<comp id="96" class="1004" name="sext_ln194_read_read_fu_96">
<pin_list>
<pin id="97" dir="0" index="0" bw="58" slack="0"/>
<pin id="98" dir="0" index="1" bw="58" slack="0"/>
<pin id="99" dir="1" index="2" bw="58" slack="0"/>
</pin_list>
<bind>
<opcode="read(1150) " fcode="read"/>
<opset="sext_ln194_read/1 "/>
</bind>
</comp>

<comp id="102" class="1004" name="gmem_addr_read_read_fu_102">
<pin_list>
<pin id="103" dir="0" index="0" bw="512" slack="0"/>
<pin id="104" dir="0" index="1" bw="512" slack="0"/>
<pin id="105" dir="1" index="2" bw="512" slack="1"/>
</pin_list>
<bind>
<opcode="read(1150) " fcode="read"/>
<opset="gmem_addr_read/2 "/>
</bind>
</comp>

<comp id="107" class="1004" name="trottersLocal_V_0_addr_gep_fu_107">
<pin_list>
<pin id="108" dir="0" index="0" bw="16" slack="0"/>
<pin id="109" dir="0" index="1" bw="1" slack="0"/>
<pin id="110" dir="0" index="2" bw="9" slack="0"/>
<pin id="111" dir="1" index="3" bw="8" slack="0"/>
</pin_list>
<bind>
<opcode="getelementptr(29) " fcode="getelementptr"/>
<opset="trottersLocal_V_0_addr/3 "/>
</bind>
</comp>

<comp id="114" class="1004" name="trottersLocal_V_1_addr_gep_fu_114">
<pin_list>
<pin id="115" dir="0" index="0" bw="16" slack="0"/>
<pin id="116" dir="0" index="1" bw="1" slack="0"/>
<pin id="117" dir="0" index="2" bw="9" slack="0"/>
<pin id="118" dir="1" index="3" bw="8" slack="0"/>
</pin_list>
<bind>
<opcode="getelementptr(29) " fcode="getelementptr"/>
<opset="trottersLocal_V_1_addr/3 "/>
</bind>
</comp>

<comp id="121" class="1004" name="trottersLocal_V_2_addr_gep_fu_121">
<pin_list>
<pin id="122" dir="0" index="0" bw="16" slack="0"/>
<pin id="123" dir="0" index="1" bw="1" slack="0"/>
<pin id="124" dir="0" index="2" bw="9" slack="0"/>
<pin id="125" dir="1" index="3" bw="8" slack="0"/>
</pin_list>
<bind>
<opcode="getelementptr(29) " fcode="getelementptr"/>
<opset="trottersLocal_V_2_addr/3 "/>
</bind>
</comp>

<comp id="128" class="1004" name="trottersLocal_V_3_addr_gep_fu_128">
<pin_list>
<pin id="129" dir="0" index="0" bw="16" slack="0"/>
<pin id="130" dir="0" index="1" bw="1" slack="0"/>
<pin id="131" dir="0" index="2" bw="9" slack="0"/>
<pin id="132" dir="1" index="3" bw="8" slack="0"/>
</pin_list>
<bind>
<opcode="getelementptr(29) " fcode="getelementptr"/>
<opset="trottersLocal_V_3_addr/3 "/>
</bind>
</comp>

<comp id="135" class="1004" name="store_ln197_access_fu_135">
<pin_list>
<pin id="136" dir="0" index="0" bw="8" slack="0"/>
<pin id="137" dir="0" index="1" bw="16" slack="0"/>
<pin id="138" dir="0" index="2" bw="0" slack="2147483647"/>
<pin id="139" dir="1" index="3" bw="16" slack="2147483647"/>
</pin_list>
<bind>
<opcode="store(28) " fcode="store"/>
<opset="store_ln197/3 "/>
</bind>
</comp>

<comp id="141" class="1004" name="store_ln197_access_fu_141">
<pin_list>
<pin id="142" dir="0" index="0" bw="8" slack="0"/>
<pin id="143" dir="0" index="1" bw="16" slack="0"/>
<pin id="144" dir="0" index="2" bw="0" slack="2147483647"/>
<pin id="145" dir="1" index="3" bw="16" slack="2147483647"/>
</pin_list>
<bind>
<opcode="store(28) " fcode="store"/>
<opset="store_ln197/3 "/>
</bind>
</comp>

<comp id="147" class="1004" name="store_ln197_access_fu_147">
<pin_list>
<pin id="148" dir="0" index="0" bw="8" slack="0"/>
<pin id="149" dir="0" index="1" bw="16" slack="0"/>
<pin id="150" dir="0" index="2" bw="0" slack="2147483647"/>
<pin id="151" dir="1" index="3" bw="16" slack="2147483647"/>
</pin_list>
<bind>
<opcode="store(28) " fcode="store"/>
<opset="store_ln197/3 "/>
</bind>
</comp>

<comp id="153" class="1004" name="store_ln197_access_fu_153">
<pin_list>
<pin id="154" dir="0" index="0" bw="8" slack="0"/>
<pin id="155" dir="0" index="1" bw="16" slack="0"/>
<pin id="156" dir="0" index="2" bw="0" slack="2147483647"/>
<pin id="157" dir="1" index="3" bw="16" slack="2147483647"/>
</pin_list>
<bind>
<opcode="store(28) " fcode="store"/>
<opset="store_ln197/3 "/>
</bind>
</comp>

<comp id="159" class="1005" name="empty_reg_159">
<pin_list>
<pin id="160" dir="0" index="0" bw="512" slack="2147483647"/>
<pin id="161" dir="1" index="1" bw="512" slack="2147483647"/>
</pin_list>
<bind>
<opset="empty (phireg) "/>
</bind>
</comp>

<comp id="162" class="1004" name="empty_phi_fu_162">
<pin_list>
<pin id="163" dir="0" index="0" bw="512" slack="1"/>
<pin id="164" dir="0" index="1" bw="0" slack="2147483647"/>
<pin id="165" dir="0" index="2" bw="496" slack="0"/>
<pin id="166" dir="0" index="3" bw="0" slack="2147483647"/>
<pin id="167" dir="1" index="4" bw="512" slack="0"/>
</pin_list>
<bind>
<opcode="phi(47) " fcode="phi"/>
<opset="empty/3 "/>
</bind>
</comp>

<comp id="168" class="1004" name="sext_ln194_cast_fu_168">
<pin_list>
<pin id="169" dir="0" index="0" bw="58" slack="0"/>
<pin id="170" dir="1" index="1" bw="64" slack="1"/>
</pin_list>
<bind>
<opcode="sext(35) " fcode="sext"/>
<opset="sext_ln194_cast/1 "/>
</bind>
</comp>

<comp id="172" class="1004" name="store_ln0_store_fu_172">
<pin_list>
<pin id="173" dir="0" index="0" bw="1" slack="0"/>
<pin id="174" dir="0" index="1" bw="11" slack="0"/>
<pin id="175" dir="1" index="2" bw="0" slack="2147483647"/>
</pin_list>
<bind>
<opcode="store(28) " fcode="store"/>
<opset="store_ln0/1 "/>
</bind>
</comp>

<comp id="177" class="1004" name="store_ln0_store_fu_177">
<pin_list>
<pin id="178" dir="0" index="0" bw="1" slack="0"/>
<pin id="179" dir="0" index="1" bw="3" slack="0"/>
<pin id="180" dir="1" index="2" bw="0" slack="2147483647"/>
</pin_list>
<bind>
<opcode="store(28) " fcode="store"/>
<opset="store_ln0/1 "/>
</bind>
</comp>

<comp id="182" class="1004" name="store_ln0_store_fu_182">
<pin_list>
<pin id="183" dir="0" index="0" bw="1" slack="0"/>
<pin id="184" dir="0" index="1" bw="9" slack="0"/>
<pin id="185" dir="1" index="2" bw="0" slack="2147483647"/>
</pin_list>
<bind>
<opcode="store(28) " fcode="store"/>
<opset="store_ln0/1 "/>
</bind>
</comp>

<comp id="187" class="1004" name="store_ln0_store_fu_187">
<pin_list>
<pin id="188" dir="0" index="0" bw="1" slack="0"/>
<pin id="189" dir="0" index="1" bw="496" slack="0"/>
<pin id="190" dir="1" index="2" bw="0" slack="2147483647"/>
</pin_list>
<bind>
<opcode="store(28) " fcode="store"/>
<opset="store_ln0/1 "/>
</bind>
</comp>

<comp id="192" class="1004" name="indvar_flatten_load_load_fu_192">
<pin_list>
<pin id="193" dir="0" index="0" bw="11" slack="0"/>
<pin id="194" dir="1" index="1" bw="11" slack="0"/>
</pin_list>
<bind>
<opcode="load(27) " fcode="load"/>
<opset="indvar_flatten_load/1 "/>
</bind>
</comp>

<comp id="195" class="1004" name="icmp_ln194_fu_195">
<pin_list>
<pin id="196" dir="0" index="0" bw="11" slack="0"/>
<pin id="197" dir="0" index="1" bw="11" slack="0"/>
<pin id="198" dir="1" index="2" bw="1" slack="1"/>
</pin_list>
<bind>
<opcode="icmp(45) " fcode="icmp"/>
<opset="icmp_ln194/1 "/>
</bind>
</comp>

<comp id="201" class="1004" name="add_ln194_fu_201">
<pin_list>
<pin id="202" dir="0" index="0" bw="11" slack="0"/>
<pin id="203" dir="0" index="1" bw="1" slack="0"/>
<pin id="204" dir="1" index="2" bw="11" slack="0"/>
</pin_list>
<bind>
<opcode="add(8) " fcode="add"/>
<opset="add_ln194/1 "/>
</bind>
</comp>

<comp id="207" class="1004" name="packOfst_load_load_fu_207">
<pin_list>
<pin id="208" dir="0" index="0" bw="9" slack="0"/>
<pin id="209" dir="1" index="1" bw="9" slack="0"/>
</pin_list>
<bind>
<opcode="load(27) " fcode="load"/>
<opset="packOfst_load/1 "/>
</bind>
</comp>

<comp id="210" class="1004" name="icmp_ln195_fu_210">
<pin_list>
<pin id="211" dir="0" index="0" bw="9" slack="0"/>
<pin id="212" dir="0" index="1" bw="9" slack="0"/>
<pin id="213" dir="1" index="2" bw="1" slack="0"/>
</pin_list>
<bind>
<opcode="icmp(45) " fcode="icmp"/>
<opset="icmp_ln195/1 "/>
</bind>
</comp>

<comp id="216" class="1004" name="select_ln194_fu_216">
<pin_list>
<pin id="217" dir="0" index="0" bw="1" slack="0"/>
<pin id="218" dir="0" index="1" bw="1" slack="0"/>
<pin id="219" dir="0" index="2" bw="9" slack="0"/>
<pin id="220" dir="1" index="3" bw="9" slack="0"/>
</pin_list>
<bind>
<opcode="select(49) " fcode="select"/>
<opset="select_ln194/1 "/>
</bind>
</comp>

<comp id="224" class="1004" name="trunc_ln195_fu_224">
<pin_list>
<pin id="225" dir="0" index="0" bw="9" slack="0"/>
<pin id="226" dir="1" index="1" bw="5" slack="0"/>
</pin_list>
<bind>
<opcode="trunc(33) " fcode="trunc"/>
<opset="trunc_ln195/1 "/>
</bind>
</comp>

<comp id="228" class="1004" name="icmp_ln197_fu_228">
<pin_list>
<pin id="229" dir="0" index="0" bw="5" slack="0"/>
<pin id="230" dir="0" index="1" bw="1" slack="0"/>
<pin id="231" dir="1" index="2" bw="1" slack="1"/>
</pin_list>
<bind>
<opcode="icmp(45) " fcode="icmp"/>
<opset="icmp_ln197/1 "/>
</bind>
</comp>

<comp id="234" class="1004" name="add_ln195_fu_234">
<pin_list>
<pin id="235" dir="0" index="0" bw="9" slack="0"/>
<pin id="236" dir="0" index="1" bw="1" slack="0"/>
<pin id="237" dir="1" index="2" bw="9" slack="0"/>
</pin_list>
<bind>
<opcode="add(8) " fcode="add"/>
<opset="add_ln195/1 "/>
</bind>
</comp>

<comp id="240" class="1004" name="store_ln194_store_fu_240">
<pin_list>
<pin id="241" dir="0" index="0" bw="11" slack="0"/>
<pin id="242" dir="0" index="1" bw="11" slack="0"/>
<pin id="243" dir="1" index="2" bw="0" slack="2147483647"/>
</pin_list>
<bind>
<opcode="store(28) " fcode="store"/>
<opset="store_ln194/1 "/>
</bind>
</comp>

<comp id="245" class="1004" name="store_ln195_store_fu_245">
<pin_list>
<pin id="246" dir="0" index="0" bw="9" slack="0"/>
<pin id="247" dir="0" index="1" bw="9" slack="0"/>
<pin id="248" dir="1" index="2" bw="0" slack="2147483647"/>
</pin_list>
<bind>
<opcode="store(28) " fcode="store"/>
<opset="store_ln195/1 "/>
</bind>
</comp>

<comp id="250" class="1004" name="gmem_addr_fu_250">
<pin_list>
<pin id="251" dir="0" index="0" bw="512" slack="0"/>
<pin id="252" dir="0" index="1" bw="58" slack="1"/>
<pin id="253" dir="1" index="2" bw="512" slack="0"/>
</pin_list>
<bind>
<opcode="getelementptr(29) " fcode="getelementptr"/>
<opset="gmem_addr/2 "/>
</bind>
</comp>

<comp id="256" class="1004" name="shiftreg38_load_load_fu_256">
<pin_list>
<pin id="257" dir="0" index="0" bw="496" slack="2"/>
<pin id="258" dir="1" index="1" bw="496" slack="0"/>
</pin_list>
<bind>
<opcode="load(27) " fcode="load"/>
<opset="shiftreg38_load/3 "/>
</bind>
</comp>

<comp id="259" class="1004" name="t_load_load_fu_259">
<pin_list>
<pin id="260" dir="0" index="0" bw="3" slack="2"/>
<pin id="261" dir="1" index="1" bw="3" slack="0"/>
</pin_list>
<bind>
<opcode="load(27) " fcode="load"/>
<opset="t_load/3 "/>
</bind>
</comp>

<comp id="262" class="1004" name="select_ln194_1_fu_262">
<pin_list>
<pin id="263" dir="0" index="0" bw="1" slack="2"/>
<pin id="264" dir="0" index="1" bw="1" slack="0"/>
<pin id="265" dir="0" index="2" bw="496" slack="0"/>
<pin id="266" dir="1" index="3" bw="496" slack="0"/>
</pin_list>
<bind>
<opcode="select(49) " fcode="select"/>
<opset="select_ln194_1/3 "/>
</bind>
</comp>

<comp id="269" class="1004" name="add_ln194_1_fu_269">
<pin_list>
<pin id="270" dir="0" index="0" bw="3" slack="0"/>
<pin id="271" dir="0" index="1" bw="1" slack="0"/>
<pin id="272" dir="1" index="2" bw="3" slack="0"/>
</pin_list>
<bind>
<opcode="add(8) " fcode="add"/>
<opset="add_ln194_1/3 "/>
</bind>
</comp>

<comp id="275" class="1004" name="select_ln194_2_fu_275">
<pin_list>
<pin id="276" dir="0" index="0" bw="1" slack="2"/>
<pin id="277" dir="0" index="1" bw="3" slack="0"/>
<pin id="278" dir="0" index="2" bw="3" slack="0"/>
<pin id="279" dir="1" index="3" bw="3" slack="0"/>
</pin_list>
<bind>
<opcode="select(49) " fcode="select"/>
<opset="select_ln194_2/3 "/>
</bind>
</comp>

<comp id="282" class="1004" name="trunc_ln194_fu_282">
<pin_list>
<pin id="283" dir="0" index="0" bw="3" slack="0"/>
<pin id="284" dir="1" index="1" bw="2" slack="2147483647"/>
</pin_list>
<bind>
<opcode="trunc(33) " fcode="trunc"/>
<opset="trunc_ln194/3 "/>
</bind>
</comp>

<comp id="286" class="1004" name="zext_ln195_fu_286">
<pin_list>
<pin id="287" dir="0" index="0" bw="496" slack="0"/>
<pin id="288" dir="1" index="1" bw="512" slack="0"/>
</pin_list>
<bind>
<opcode="zext(34) " fcode="zext"/>
<opset="zext_ln195/3 "/>
</bind>
</comp>

<comp id="291" class="1004" name="zext_ln195_1_fu_291">
<pin_list>
<pin id="292" dir="0" index="0" bw="9" slack="2"/>
<pin id="293" dir="1" index="1" bw="64" slack="0"/>
</pin_list>
<bind>
<opcode="zext(34) " fcode="zext"/>
<opset="zext_ln195_1/3 "/>
</bind>
</comp>

<comp id="298" class="1004" name="trunc_ln197_fu_298">
<pin_list>
<pin id="299" dir="0" index="0" bw="512" slack="0"/>
<pin id="300" dir="1" index="1" bw="16" slack="0"/>
</pin_list>
<bind>
<opcode="trunc(33) " fcode="trunc"/>
<opset="trunc_ln197/3 "/>
</bind>
</comp>

<comp id="306" class="1004" name="trunc_ln197_2_fu_306">
<pin_list>
<pin id="307" dir="0" index="0" bw="496" slack="0"/>
<pin id="308" dir="0" index="1" bw="512" slack="0"/>
<pin id="309" dir="0" index="2" bw="6" slack="0"/>
<pin id="310" dir="0" index="3" bw="10" slack="0"/>
<pin id="311" dir="1" index="4" bw="496" slack="0"/>
</pin_list>
<bind>
<opcode="partselect(1002) " fcode="partselect"/>
<opset="trunc_ln197_2/3 "/>
</bind>
</comp>

<comp id="316" class="1004" name="store_ln194_store_fu_316">
<pin_list>
<pin id="317" dir="0" index="0" bw="3" slack="0"/>
<pin id="318" dir="0" index="1" bw="3" slack="2"/>
<pin id="319" dir="1" index="2" bw="0" slack="2147483647"/>
</pin_list>
<bind>
<opcode="store(28) " fcode="store"/>
<opset="store_ln194/3 "/>
</bind>
</comp>

<comp id="321" class="1004" name="store_ln197_store_fu_321">
<pin_list>
<pin id="322" dir="0" index="0" bw="496" slack="0"/>
<pin id="323" dir="0" index="1" bw="496" slack="2"/>
<pin id="324" dir="1" index="2" bw="0" slack="2147483647"/>
</pin_list>
<bind>
<opcode="store(28) " fcode="store"/>
<opset="store_ln197/3 "/>
</bind>
</comp>

<comp id="326" class="1005" name="shiftreg38_reg_326">
<pin_list>
<pin id="327" dir="0" index="0" bw="496" slack="0"/>
<pin id="328" dir="1" index="1" bw="496" slack="0"/>
</pin_list>
<bind>
<opset="shiftreg38 "/>
</bind>
</comp>

<comp id="333" class="1005" name="packOfst_reg_333">
<pin_list>
<pin id="334" dir="0" index="0" bw="9" slack="0"/>
<pin id="335" dir="1" index="1" bw="9" slack="0"/>
</pin_list>
<bind>
<opset="packOfst "/>
</bind>
</comp>

<comp id="340" class="1005" name="t_reg_340">
<pin_list>
<pin id="341" dir="0" index="0" bw="3" slack="0"/>
<pin id="342" dir="1" index="1" bw="3" slack="0"/>
</pin_list>
<bind>
<opset="t "/>
</bind>
</comp>

<comp id="347" class="1005" name="indvar_flatten_reg_347">
<pin_list>
<pin id="348" dir="0" index="0" bw="11" slack="0"/>
<pin id="349" dir="1" index="1" bw="11" slack="0"/>
</pin_list>
<bind>
<opset="indvar_flatten "/>
</bind>
</comp>

<comp id="354" class="1005" name="sext_ln194_cast_reg_354">
<pin_list>
<pin id="355" dir="0" index="0" bw="64" slack="1"/>
<pin id="356" dir="1" index="1" bw="64" slack="1"/>
</pin_list>
<bind>
<opset="sext_ln194_cast "/>
</bind>
</comp>

<comp id="359" class="1005" name="icmp_ln194_reg_359">
<pin_list>
<pin id="360" dir="0" index="0" bw="1" slack="1"/>
<pin id="361" dir="1" index="1" bw="1" slack="2147483647"/>
</pin_list>
<bind>
<opset="icmp_ln194 "/>
</bind>
</comp>

<comp id="363" class="1005" name="icmp_ln195_reg_363">
<pin_list>
<pin id="364" dir="0" index="0" bw="1" slack="2"/>
<pin id="365" dir="1" index="1" bw="1" slack="2"/>
</pin_list>
<bind>
<opset="icmp_ln195 "/>
</bind>
</comp>

<comp id="369" class="1005" name="select_ln194_reg_369">
<pin_list>
<pin id="370" dir="0" index="0" bw="9" slack="2"/>
<pin id="371" dir="1" index="1" bw="9" slack="2"/>
</pin_list>
<bind>
<opset="select_ln194 "/>
</bind>
</comp>

<comp id="374" class="1005" name="icmp_ln197_reg_374">
<pin_list>
<pin id="375" dir="0" index="0" bw="1" slack="1"/>
<pin id="376" dir="1" index="1" bw="1" slack="2147483647"/>
</pin_list>
<bind>
<opset="icmp_ln197 "/>
</bind>
</comp>

<comp id="378" class="1005" name="gmem_addr_read_reg_378">
<pin_list>
<pin id="379" dir="0" index="0" bw="512" slack="1"/>
<pin id="380" dir="1" index="1" bw="512" slack="1"/>
</pin_list>
<bind>
<opset="gmem_addr_read "/>
</bind>
</comp>

</comp_list>

<net_list>
<net id="83"><net_src comp="12" pin="0"/><net_sink comp="80" pin=0"/></net>

<net id="87"><net_src comp="12" pin="0"/><net_sink comp="84" pin=0"/></net>

<net id="91"><net_src comp="12" pin="0"/><net_sink comp="88" pin=0"/></net>

<net id="95"><net_src comp="12" pin="0"/><net_sink comp="92" pin=0"/></net>

<net id="100"><net_src comp="14" pin="0"/><net_sink comp="96" pin=0"/></net>

<net id="101"><net_src comp="2" pin="0"/><net_sink comp="96" pin=1"/></net>

<net id="106"><net_src comp="50" pin="0"/><net_sink comp="102" pin=0"/></net>

<net id="112"><net_src comp="4" pin="0"/><net_sink comp="107" pin=0"/></net>

<net id="113"><net_src comp="68" pin="0"/><net_sink comp="107" pin=1"/></net>

<net id="119"><net_src comp="6" pin="0"/><net_sink comp="114" pin=0"/></net>

<net id="120"><net_src comp="68" pin="0"/><net_sink comp="114" pin=1"/></net>

<net id="126"><net_src comp="8" pin="0"/><net_sink comp="121" pin=0"/></net>

<net id="127"><net_src comp="68" pin="0"/><net_sink comp="121" pin=1"/></net>

<net id="133"><net_src comp="10" pin="0"/><net_sink comp="128" pin=0"/></net>

<net id="134"><net_src comp="68" pin="0"/><net_sink comp="128" pin=1"/></net>

<net id="140"><net_src comp="121" pin="3"/><net_sink comp="135" pin=0"/></net>

<net id="146"><net_src comp="114" pin="3"/><net_sink comp="141" pin=0"/></net>

<net id="152"><net_src comp="107" pin="3"/><net_sink comp="147" pin=0"/></net>

<net id="158"><net_src comp="128" pin="3"/><net_sink comp="153" pin=0"/></net>

<net id="171"><net_src comp="96" pin="2"/><net_sink comp="168" pin=0"/></net>

<net id="176"><net_src comp="32" pin="0"/><net_sink comp="172" pin=0"/></net>

<net id="181"><net_src comp="34" pin="0"/><net_sink comp="177" pin=0"/></net>

<net id="186"><net_src comp="36" pin="0"/><net_sink comp="182" pin=0"/></net>

<net id="191"><net_src comp="38" pin="0"/><net_sink comp="187" pin=0"/></net>

<net id="199"><net_src comp="192" pin="1"/><net_sink comp="195" pin=0"/></net>

<net id="200"><net_src comp="40" pin="0"/><net_sink comp="195" pin=1"/></net>

<net id="205"><net_src comp="192" pin="1"/><net_sink comp="201" pin=0"/></net>

<net id="206"><net_src comp="42" pin="0"/><net_sink comp="201" pin=1"/></net>

<net id="214"><net_src comp="207" pin="1"/><net_sink comp="210" pin=0"/></net>

<net id="215"><net_src comp="44" pin="0"/><net_sink comp="210" pin=1"/></net>

<net id="221"><net_src comp="210" pin="2"/><net_sink comp="216" pin=0"/></net>

<net id="222"><net_src comp="36" pin="0"/><net_sink comp="216" pin=1"/></net>

<net id="223"><net_src comp="207" pin="1"/><net_sink comp="216" pin=2"/></net>

<net id="227"><net_src comp="216" pin="3"/><net_sink comp="224" pin=0"/></net>

<net id="232"><net_src comp="224" pin="1"/><net_sink comp="228" pin=0"/></net>

<net id="233"><net_src comp="46" pin="0"/><net_sink comp="228" pin=1"/></net>

<net id="238"><net_src comp="216" pin="3"/><net_sink comp="234" pin=0"/></net>

<net id="239"><net_src comp="48" pin="0"/><net_sink comp="234" pin=1"/></net>

<net id="244"><net_src comp="201" pin="2"/><net_sink comp="240" pin=0"/></net>

<net id="249"><net_src comp="234" pin="2"/><net_sink comp="245" pin=0"/></net>

<net id="254"><net_src comp="0" pin="0"/><net_sink comp="250" pin=0"/></net>

<net id="255"><net_src comp="250" pin="2"/><net_sink comp="102" pin=1"/></net>

<net id="267"><net_src comp="38" pin="0"/><net_sink comp="262" pin=1"/></net>

<net id="268"><net_src comp="256" pin="1"/><net_sink comp="262" pin=2"/></net>

<net id="273"><net_src comp="259" pin="1"/><net_sink comp="269" pin=0"/></net>

<net id="274"><net_src comp="60" pin="0"/><net_sink comp="269" pin=1"/></net>

<net id="280"><net_src comp="269" pin="2"/><net_sink comp="275" pin=1"/></net>

<net id="281"><net_src comp="259" pin="1"/><net_sink comp="275" pin=2"/></net>

<net id="285"><net_src comp="275" pin="3"/><net_sink comp="282" pin=0"/></net>

<net id="289"><net_src comp="262" pin="3"/><net_sink comp="286" pin=0"/></net>

<net id="290"><net_src comp="286" pin="1"/><net_sink comp="162" pin=2"/></net>

<net id="294"><net_src comp="291" pin="1"/><net_sink comp="107" pin=2"/></net>

<net id="295"><net_src comp="291" pin="1"/><net_sink comp="114" pin=2"/></net>

<net id="296"><net_src comp="291" pin="1"/><net_sink comp="121" pin=2"/></net>

<net id="297"><net_src comp="291" pin="1"/><net_sink comp="128" pin=2"/></net>

<net id="301"><net_src comp="162" pin="4"/><net_sink comp="298" pin=0"/></net>

<net id="302"><net_src comp="298" pin="1"/><net_sink comp="135" pin=1"/></net>

<net id="303"><net_src comp="298" pin="1"/><net_sink comp="141" pin=1"/></net>

<net id="304"><net_src comp="298" pin="1"/><net_sink comp="147" pin=1"/></net>

<net id="305"><net_src comp="298" pin="1"/><net_sink comp="153" pin=1"/></net>

<net id="312"><net_src comp="70" pin="0"/><net_sink comp="306" pin=0"/></net>

<net id="313"><net_src comp="162" pin="4"/><net_sink comp="306" pin=1"/></net>

<net id="314"><net_src comp="30" pin="0"/><net_sink comp="306" pin=2"/></net>

<net id="315"><net_src comp="72" pin="0"/><net_sink comp="306" pin=3"/></net>

<net id="320"><net_src comp="275" pin="3"/><net_sink comp="316" pin=0"/></net>

<net id="325"><net_src comp="306" pin="4"/><net_sink comp="321" pin=0"/></net>

<net id="329"><net_src comp="80" pin="1"/><net_sink comp="326" pin=0"/></net>

<net id="330"><net_src comp="326" pin="1"/><net_sink comp="187" pin=1"/></net>

<net id="331"><net_src comp="326" pin="1"/><net_sink comp="256" pin=0"/></net>

<net id="332"><net_src comp="326" pin="1"/><net_sink comp="321" pin=1"/></net>

<net id="336"><net_src comp="84" pin="1"/><net_sink comp="333" pin=0"/></net>

<net id="337"><net_src comp="333" pin="1"/><net_sink comp="182" pin=1"/></net>

<net id="338"><net_src comp="333" pin="1"/><net_sink comp="207" pin=0"/></net>

<net id="339"><net_src comp="333" pin="1"/><net_sink comp="245" pin=1"/></net>

<net id="343"><net_src comp="88" pin="1"/><net_sink comp="340" pin=0"/></net>

<net id="344"><net_src comp="340" pin="1"/><net_sink comp="177" pin=1"/></net>

<net id="345"><net_src comp="340" pin="1"/><net_sink comp="259" pin=0"/></net>

<net id="346"><net_src comp="340" pin="1"/><net_sink comp="316" pin=1"/></net>

<net id="350"><net_src comp="92" pin="1"/><net_sink comp="347" pin=0"/></net>

<net id="351"><net_src comp="347" pin="1"/><net_sink comp="172" pin=1"/></net>

<net id="352"><net_src comp="347" pin="1"/><net_sink comp="192" pin=0"/></net>

<net id="353"><net_src comp="347" pin="1"/><net_sink comp="240" pin=1"/></net>

<net id="357"><net_src comp="168" pin="1"/><net_sink comp="354" pin=0"/></net>

<net id="358"><net_src comp="354" pin="1"/><net_sink comp="250" pin=1"/></net>

<net id="362"><net_src comp="195" pin="2"/><net_sink comp="359" pin=0"/></net>

<net id="366"><net_src comp="210" pin="2"/><net_sink comp="363" pin=0"/></net>

<net id="367"><net_src comp="363" pin="1"/><net_sink comp="262" pin=0"/></net>

<net id="368"><net_src comp="363" pin="1"/><net_sink comp="275" pin=0"/></net>

<net id="372"><net_src comp="216" pin="3"/><net_sink comp="369" pin=0"/></net>

<net id="373"><net_src comp="369" pin="1"/><net_sink comp="291" pin=0"/></net>

<net id="377"><net_src comp="228" pin="2"/><net_sink comp="374" pin=0"/></net>

<net id="381"><net_src comp="102" pin="2"/><net_sink comp="378" pin=0"/></net>

<net id="382"><net_src comp="378" pin="1"/><net_sink comp="162" pin=0"/></net>

</net_list>

</model> 
---------------- Datapath Model END ------------------

* FSMD analyzer results:
  - Output states:
	Port: trottersLocal_V_0 | {3 }
	Port: trottersLocal_V_1 | {3 }
	Port: trottersLocal_V_2 | {3 }
	Port: trottersLocal_V_3 | {3 }
 - Input state : 
	Port: QuantumMonteCarloU50_Pipeline_READ_TROTTERS_VITIS_LOOP_195_1 : gmem | {2 }
	Port: QuantumMonteCarloU50_Pipeline_READ_TROTTERS_VITIS_LOOP_195_1 : sext_ln194 | {1 }
  - Chain level:
	State 1
		store_ln0 : 1
		store_ln0 : 1
		store_ln0 : 1
		store_ln0 : 1
		indvar_flatten_load : 1
		icmp_ln194 : 2
		add_ln194 : 2
		br_ln194 : 3
		packOfst_load : 1
		icmp_ln195 : 2
		select_ln194 : 3
		trunc_ln195 : 4
		icmp_ln197 : 5
		add_ln195 : 4
		store_ln194 : 3
		store_ln195 : 5
	State 2
		gmem_addr_read : 1
	State 3
		select_ln194_1 : 1
		add_ln194_1 : 1
		select_ln194_2 : 2
		trunc_ln194 : 3
		zext_ln195 : 2
		trottersLocal_V_0_addr : 1
		trottersLocal_V_1_addr : 1
		trottersLocal_V_2_addr : 1
		trottersLocal_V_3_addr : 1
		empty : 3
		trunc_ln197 : 4
		trunc_ln197_2 : 4
		switch_ln197 : 4
		store_ln197 : 5
		store_ln197 : 5
		store_ln197 : 5
		store_ln197 : 5
		store_ln194 : 3
		store_ln197 : 5


============================================================
+ Verbose Summary: Datapath Resource usage 
============================================================

* Functional unit list:
|----------|----------------------------|---------|---------|
| Operation|       Functional Unit      |    FF   |   LUT   |
|----------|----------------------------|---------|---------|
|          |     select_ln194_fu_216    |    0    |    9    |
|  select  |    select_ln194_1_fu_262   |    0    |   418   |
|          |    select_ln194_2_fu_275   |    0    |    3    |
|----------|----------------------------|---------|---------|
|          |      add_ln194_fu_201      |    0    |    18   |
|    add   |      add_ln195_fu_234      |    0    |    16   |
|          |     add_ln194_1_fu_269     |    0    |    10   |
|----------|----------------------------|---------|---------|
|          |      icmp_ln194_fu_195     |    0    |    11   |
|   icmp   |      icmp_ln195_fu_210     |    0    |    11   |
|          |      icmp_ln197_fu_228     |    0    |    9    |
|----------|----------------------------|---------|---------|
|   read   | sext_ln194_read_read_fu_96 |    0    |    0    |
|          | gmem_addr_read_read_fu_102 |    0    |    0    |
|----------|----------------------------|---------|---------|
|   sext   |   sext_ln194_cast_fu_168   |    0    |    0    |
|----------|----------------------------|---------|---------|
|          |     trunc_ln195_fu_224     |    0    |    0    |
|   trunc  |     trunc_ln194_fu_282     |    0    |    0    |
|          |     trunc_ln197_fu_298     |    0    |    0    |
|----------|----------------------------|---------|---------|
|   zext   |      zext_ln195_fu_286     |    0    |    0    |
|          |     zext_ln195_1_fu_291    |    0    |    0    |
|----------|----------------------------|---------|---------|
|partselect|    trunc_ln197_2_fu_306    |    0    |    0    |
|----------|----------------------------|---------|---------|
|   Total  |                            |    0    |   505   |
|----------|----------------------------|---------|---------|

Memories:
N/A

* Register list:
+-----------------------+--------+
|                       |   FF   |
+-----------------------+--------+
|     empty_reg_159     |   512  |
| gmem_addr_read_reg_378|   512  |
|   icmp_ln194_reg_359  |    1   |
|   icmp_ln195_reg_363  |    1   |
|   icmp_ln197_reg_374  |    1   |
| indvar_flatten_reg_347|   11   |
|    packOfst_reg_333   |    9   |
|  select_ln194_reg_369 |    9   |
|sext_ln194_cast_reg_354|   64   |
|   shiftreg38_reg_326  |   496  |
|       t_reg_340       |    3   |
+-----------------------+--------+
|         Total         |  1619  |
+-----------------------+--------+

* Multiplexer (MUX) list: 
|--------|------|------|------|--------|
|  Comp  |  Pin | Size |  BW  | S x BW |
|--------|------|------|------|--------|
|  Total |      |      |      |    0   |
|--------|------|------|------|--------|



* Summary:
+-----------+--------+--------+
|           |   FF   |   LUT  |
+-----------+--------+--------+
|  Function |    0   |   505  |
|   Memory  |    -   |    -   |
|Multiplexer|    -   |    -   |
|  Register |  1619  |    -   |
+-----------+--------+--------+
|   Total   |  1619  |   505  |
+-----------+--------+--------+
