

================================================================
== Vitis HLS Report for 'QuantumMonteCarloU50_Pipeline_READ_TROTTERS_VITIS_LOOP_188_1'
================================================================
* Date:           Thu Aug 26 17:23:01 2021

* Version:        2021.1 (Build 3247384 on Thu Jun 10 19:36:07 MDT 2021)
* Project:        QuantumMonteCarloU50
* Solution:       solution (Vitis Kernel Flow Target)
* Product family: virtexuplus
* Target device:  xcu50-fsvh2104-2-e


================================================================
== Performance Estimates
================================================================
+ Timing: 
    * Summary: 
    +--------+---------+----------+------------+
    |  Clock |  Target | Estimated| Uncertainty|
    +--------+---------+----------+------------+
    |ap_clk  |  3.33 ns|  2.433 ns|     0.90 ns|
    +--------+---------+----------+------------+

+ Latency: 
    * Summary: 
    +---------+---------+----------+----------+------+------+---------+
    |  Latency (cycles) |  Latency (absolute) |   Interval  | Pipeline|
    |   min   |   max   |    min   |    max   |  min |  max |   Type  |
    +---------+---------+----------+----------+------+------+---------+
    |     1027|     1027|  3.423 us|  3.423 us|  1027|  1027|       no|
    +---------+---------+----------+----------+------+------+---------+

    + Detail: 
        * Instance: 
        N/A

        * Loop: 
        +----------------------------------+---------+---------+----------+-----------+-----------+------+----------+
        |                                  |  Latency (cycles) | Iteration|  Initiation Interval  | Trip |          |
        |             Loop Name            |   min   |   max   |  Latency |  achieved |   target  | Count| Pipelined|
        +----------------------------------+---------+---------+----------+-----------+-----------+------+----------+
        |- READ_TROTTERS_VITIS_LOOP_188_1  |     1025|     1025|         3|          1|          1|  1024|       yes|
        +----------------------------------+---------+---------+----------+-----------+-----------+------+----------+

============================================================
+ Verbose Summary: Synthesis Manager
============================================================
InlineROM: 1
ExposeGlobal: 0
============================================================
+ Verbose Summary: CDFG Model
============================================================
IsTopModel: 0
ResetActiveHigh: 1
IsCombinational: 0
IsDatapathOnly: 0
HasWiredReturn: 1
HasMFsm: 2
HasVarLatency: 1
IsPipeline: 0
IsRtlPipelined: 0
IsInstanceOverlapped: 0
IsDontTouch: 0
HasImplIP: 0
IsGatedGlobalClock: 0

+ Individual pipeline summary: 
  * Pipeline-0: initiation interval (II) = 1, depth = 3


============================================================
+ Verbose Summary: Schedule
============================================================
* Number of FSM states : 3
* Pipeline : 1
  Pipeline-0 : II = 1, D = 3, States = { 1 2 3 }
* Dataflow Pipeline: 0

* FSM state transitions: 
1 --> 2 
2 --> 3 
3 --> 

* FSM state operations: 

State 1 <SV = 0> <Delay = 1.99>
ST_1 : Operation 6 [1/1] (0.00ns)   --->   "%shiftreg1061 = alloca i32 1"   --->   Operation 6 'alloca' 'shiftreg1061' <Predicate = true> <Delay = 0.00>
ST_1 : Operation 7 [1/1] (0.00ns)   --->   "%packOfst = alloca i32 1"   --->   Operation 7 'alloca' 'packOfst' <Predicate = true> <Delay = 0.00>
ST_1 : Operation 8 [1/1] (0.00ns)   --->   "%t = alloca i32 1"   --->   Operation 8 'alloca' 't' <Predicate = true> <Delay = 0.00>
ST_1 : Operation 9 [1/1] (0.00ns)   --->   "%indvar_flatten = alloca i32 1"   --->   Operation 9 'alloca' 'indvar_flatten' <Predicate = true> <Delay = 0.00>
ST_1 : Operation 10 [1/1] (0.00ns)   --->   "%sext_ln187_read = read i58 @_ssdm_op_Read.ap_auto.i58, i58 %sext_ln187"   --->   Operation 10 'read' 'sext_ln187_read' <Predicate = true> <Delay = 0.00>
ST_1 : Operation 11 [1/1] (0.00ns)   --->   "%sext_ln187_cast = sext i58 %sext_ln187_read"   --->   Operation 11 'sext' 'sext_ln187_cast' <Predicate = true> <Delay = 0.00>
ST_1 : Operation 12 [1/1] (0.00ns)   --->   "%specinterface_ln0 = specinterface void @_ssdm_op_SpecInterface, i512 %gmem, void @empty_0, i32 0, i32 0, void @empty_10, i32 64, i32 0, void @empty, void @empty_8, void @empty_10, i32 16, i32 16, i32 16, i32 16, void @empty_10, void @empty_10"   --->   Operation 12 'specinterface' 'specinterface_ln0' <Predicate = true> <Delay = 0.00>
ST_1 : Operation 13 [1/1] (0.38ns)   --->   "%store_ln0 = store i11 0, i11 %indvar_flatten"   --->   Operation 13 'store' 'store_ln0' <Predicate = true> <Delay = 0.38>
ST_1 : Operation 14 [1/1] (0.38ns)   --->   "%store_ln0 = store i3 0, i3 %t"   --->   Operation 14 'store' 'store_ln0' <Predicate = true> <Delay = 0.38>
ST_1 : Operation 15 [1/1] (0.38ns)   --->   "%store_ln0 = store i9 0, i9 %packOfst"   --->   Operation 15 'store' 'store_ln0' <Predicate = true> <Delay = 0.38>
ST_1 : Operation 16 [1/1] (0.38ns)   --->   "%store_ln0 = store i496 0, i496 %shiftreg1061"   --->   Operation 16 'store' 'store_ln0' <Predicate = true> <Delay = 0.38>
ST_1 : Operation 17 [1/1] (0.00ns)   --->   "%br_ln0 = br void"   --->   Operation 17 'br' 'br_ln0' <Predicate = true> <Delay = 0.00>
ST_1 : Operation 18 [1/1] (0.00ns)   --->   "%indvar_flatten_load = load i11 %indvar_flatten" [/home/edci/workspace/SQA_kernels/src/qmc.cpp:187]   --->   Operation 18 'load' 'indvar_flatten_load' <Predicate = true> <Delay = 0.00>
ST_1 : Operation 19 [1/1] (0.61ns)   --->   "%icmp_ln187 = icmp_eq  i11 %indvar_flatten_load, i11 1024" [/home/edci/workspace/SQA_kernels/src/qmc.cpp:187]   --->   Operation 19 'icmp' 'icmp_ln187' <Predicate = true> <Delay = 0.61> <CoreInst = "Cmp">   --->   Core 9 'Cmp' <Latency = 0> <II = 1> <Delay = 0.63> <FuncUnit> <Opcode : 'icmp'> <InPorts = 2> <OutPorts = 1>
ST_1 : Operation 20 [1/1] (0.73ns)   --->   "%add_ln187 = add i11 %indvar_flatten_load, i11 1" [/home/edci/workspace/SQA_kernels/src/qmc.cpp:187]   --->   Operation 20 'add' 'add_ln187' <Predicate = true> <Delay = 0.73> <CoreInst = "Adder">   --->   Core 1 'Adder' <Latency = 0> <II = 1> <Delay = 0.71> <FuncUnit> <Opcode : 'add' 'sub'> <InPorts = 2> <OutPorts = 1>
ST_1 : Operation 21 [1/1] (0.00ns)   --->   "%br_ln187 = br i1 %icmp_ln187, void %.split18, void %codeRepl.exitStub" [/home/edci/workspace/SQA_kernels/src/qmc.cpp:187]   --->   Operation 21 'br' 'br_ln187' <Predicate = true> <Delay = 0.00>
ST_1 : Operation 22 [1/1] (0.00ns)   --->   "%packOfst_load = load i9 %packOfst" [/home/edci/workspace/SQA_kernels/src/qmc.cpp:188]   --->   Operation 22 'load' 'packOfst_load' <Predicate = (!icmp_ln187)> <Delay = 0.00>
ST_1 : Operation 23 [1/1] (0.00ns)   --->   "%t_load = load i3 %t" [/home/edci/workspace/SQA_kernels/src/qmc.cpp:187]   --->   Operation 23 'load' 't_load' <Predicate = (!icmp_ln187)> <Delay = 0.00>
ST_1 : Operation 24 [1/1] (0.59ns)   --->   "%icmp_ln188 = icmp_eq  i9 %packOfst_load, i9 256" [/home/edci/workspace/SQA_kernels/src/qmc.cpp:188]   --->   Operation 24 'icmp' 'icmp_ln188' <Predicate = (!icmp_ln187)> <Delay = 0.59> <CoreInst = "Cmp">   --->   Core 9 'Cmp' <Latency = 0> <II = 1> <Delay = 0.63> <FuncUnit> <Opcode : 'icmp'> <InPorts = 2> <OutPorts = 1>
ST_1 : Operation 25 [1/1] (0.30ns)   --->   "%select_ln187 = select i1 %icmp_ln188, i9 0, i9 %packOfst_load" [/home/edci/workspace/SQA_kernels/src/qmc.cpp:187]   --->   Operation 25 'select' 'select_ln187' <Predicate = (!icmp_ln187)> <Delay = 0.30> <CoreInst = "Sel">   --->   Core 73 'Sel' <Latency = 0> <II = 1> <Delay = 0.27> <FuncUnit> <Opcode : 'select'> <InPorts = 3> <OutPorts = 1>
ST_1 : Operation 26 [1/1] (0.57ns)   --->   "%add_ln187_1 = add i3 %t_load, i3 1" [/home/edci/workspace/SQA_kernels/src/qmc.cpp:187]   --->   Operation 26 'add' 'add_ln187_1' <Predicate = (!icmp_ln187)> <Delay = 0.57> <CoreInst = "Adder">   --->   Core 1 'Adder' <Latency = 0> <II = 1> <Delay = 0.71> <FuncUnit> <Opcode : 'add' 'sub'> <InPorts = 2> <OutPorts = 1>
ST_1 : Operation 27 [1/1] (0.27ns)   --->   "%select_ln187_2 = select i1 %icmp_ln188, i3 %add_ln187_1, i3 %t_load" [/home/edci/workspace/SQA_kernels/src/qmc.cpp:187]   --->   Operation 27 'select' 'select_ln187_2' <Predicate = (!icmp_ln187)> <Delay = 0.27> <CoreInst = "Sel">   --->   Core 73 'Sel' <Latency = 0> <II = 1> <Delay = 0.27> <FuncUnit> <Opcode : 'select'> <InPorts = 3> <OutPorts = 1>
ST_1 : Operation 28 [1/1] (0.00ns)   --->   "%trunc_ln187 = trunc i3 %select_ln187_2" [/home/edci/workspace/SQA_kernels/src/qmc.cpp:187]   --->   Operation 28 'trunc' 'trunc_ln187' <Predicate = (!icmp_ln187)> <Delay = 0.00>
ST_1 : Operation 29 [1/1] (0.00ns)   --->   "%trunc_ln188 = trunc i9 %select_ln187" [/home/edci/workspace/SQA_kernels/src/qmc.cpp:188]   --->   Operation 29 'trunc' 'trunc_ln188' <Predicate = (!icmp_ln187)> <Delay = 0.00>
ST_1 : Operation 30 [1/1] (0.00ns)   --->   "%trunc_ln190 = trunc i9 %select_ln187" [/home/edci/workspace/SQA_kernels/src/qmc.cpp:190]   --->   Operation 30 'trunc' 'trunc_ln190' <Predicate = (!icmp_ln187)> <Delay = 0.00>
ST_1 : Operation 31 [1/1] (0.00ns)   --->   "%lshr_ln190_1 = partselect i4 @_ssdm_op_PartSelect.i4.i9.i32.i32, i9 %select_ln187, i32 4, i32 7" [/home/edci/workspace/SQA_kernels/src/qmc.cpp:190]   --->   Operation 31 'partselect' 'lshr_ln190_1' <Predicate = (!icmp_ln187)> <Delay = 0.00>
ST_1 : Operation 32 [1/1] (0.63ns)   --->   "%icmp_ln190 = icmp_eq  i5 %trunc_ln188, i5 0" [/home/edci/workspace/SQA_kernels/src/qmc.cpp:190]   --->   Operation 32 'icmp' 'icmp_ln190' <Predicate = (!icmp_ln187)> <Delay = 0.63> <CoreInst = "Cmp">   --->   Core 9 'Cmp' <Latency = 0> <II = 1> <Delay = 0.63> <FuncUnit> <Opcode : 'icmp'> <InPorts = 2> <OutPorts = 1>
ST_1 : Operation 33 [1/1] (0.65ns)   --->   "%switch_ln190 = switch i2 %trunc_ln187, void %branch27, i2 0, void %branch24, i2 1, void %branch25, i2 2, void %branch26" [/home/edci/workspace/SQA_kernels/src/qmc.cpp:190]   --->   Operation 33 'switch' 'switch_ln190' <Predicate = (!icmp_ln187)> <Delay = 0.65>
ST_1 : Operation 34 [1/1] (0.61ns)   --->   "%switch_ln190 = switch i4 %trunc_ln190, void %branch75, i4 0, void %branch60, i4 1, void %branch61, i4 2, void %branch62, i4 3, void %branch63, i4 4, void %branch64, i4 5, void %branch65, i4 6, void %branch66, i4 7, void %branch67, i4 8, void %branch68, i4 9, void %branch69, i4 10, void %branch70, i4 11, void %branch71, i4 12, void %branch72, i4 13, void %branch73, i4 14, void %branch74" [/home/edci/workspace/SQA_kernels/src/qmc.cpp:190]   --->   Operation 34 'switch' 'switch_ln190' <Predicate = (!icmp_ln187 & trunc_ln187 == 2)> <Delay = 0.61>
ST_1 : Operation 35 [1/1] (0.61ns)   --->   "%switch_ln190 = switch i4 %trunc_ln190, void %branch59, i4 0, void %branch44, i4 1, void %branch45, i4 2, void %branch46, i4 3, void %branch47, i4 4, void %branch48, i4 5, void %branch49, i4 6, void %branch50, i4 7, void %branch51, i4 8, void %branch52, i4 9, void %branch53, i4 10, void %branch54, i4 11, void %branch55, i4 12, void %branch56, i4 13, void %branch57, i4 14, void %branch58" [/home/edci/workspace/SQA_kernels/src/qmc.cpp:190]   --->   Operation 35 'switch' 'switch_ln190' <Predicate = (!icmp_ln187 & trunc_ln187 == 1)> <Delay = 0.61>
ST_1 : Operation 36 [1/1] (0.61ns)   --->   "%switch_ln190 = switch i4 %trunc_ln190, void %branch43, i4 0, void %branch28, i4 1, void %branch29, i4 2, void %branch30, i4 3, void %branch31, i4 4, void %branch32, i4 5, void %branch33, i4 6, void %branch34, i4 7, void %branch35, i4 8, void %branch36, i4 9, void %branch37, i4 10, void %branch38, i4 11, void %branch39, i4 12, void %branch40, i4 13, void %branch41, i4 14, void %branch42" [/home/edci/workspace/SQA_kernels/src/qmc.cpp:190]   --->   Operation 36 'switch' 'switch_ln190' <Predicate = (!icmp_ln187 & trunc_ln187 == 0)> <Delay = 0.61>
ST_1 : Operation 37 [1/1] (0.61ns)   --->   "%switch_ln190 = switch i4 %trunc_ln190, void %branch91, i4 0, void %branch76, i4 1, void %branch77, i4 2, void %branch78, i4 3, void %branch79, i4 4, void %branch80, i4 5, void %branch81, i4 6, void %branch82, i4 7, void %branch83, i4 8, void %branch84, i4 9, void %branch85, i4 10, void %branch86, i4 11, void %branch87, i4 12, void %branch88, i4 13, void %branch89, i4 14, void %branch90" [/home/edci/workspace/SQA_kernels/src/qmc.cpp:190]   --->   Operation 37 'switch' 'switch_ln190' <Predicate = (!icmp_ln187 & trunc_ln187 == 3)> <Delay = 0.61>
ST_1 : Operation 38 [1/1] (0.71ns)   --->   "%add_ln188 = add i9 %select_ln187, i9 1" [/home/edci/workspace/SQA_kernels/src/qmc.cpp:188]   --->   Operation 38 'add' 'add_ln188' <Predicate = (!icmp_ln187)> <Delay = 0.71> <CoreInst = "Adder">   --->   Core 1 'Adder' <Latency = 0> <II = 1> <Delay = 0.71> <FuncUnit> <Opcode : 'add' 'sub'> <InPorts = 2> <OutPorts = 1>
ST_1 : Operation 39 [1/1] (0.38ns)   --->   "%store_ln187 = store i11 %add_ln187, i11 %indvar_flatten" [/home/edci/workspace/SQA_kernels/src/qmc.cpp:187]   --->   Operation 39 'store' 'store_ln187' <Predicate = (!icmp_ln187)> <Delay = 0.38>
ST_1 : Operation 40 [1/1] (0.38ns)   --->   "%store_ln187 = store i3 %select_ln187_2, i3 %t" [/home/edci/workspace/SQA_kernels/src/qmc.cpp:187]   --->   Operation 40 'store' 'store_ln187' <Predicate = (!icmp_ln187)> <Delay = 0.38>
ST_1 : Operation 41 [1/1] (0.38ns)   --->   "%store_ln188 = store i9 %add_ln188, i9 %packOfst" [/home/edci/workspace/SQA_kernels/src/qmc.cpp:188]   --->   Operation 41 'store' 'store_ln188' <Predicate = (!icmp_ln187)> <Delay = 0.38>

State 2 <SV = 1> <Delay = 2.43>
ST_2 : Operation 42 [1/1] (0.00ns)   --->   "%gmem_addr = getelementptr i512 %gmem, i64 %sext_ln187_cast" [/home/edci/workspace/SQA_kernels/src/qmc.cpp:187]   --->   Operation 42 'getelementptr' 'gmem_addr' <Predicate = true> <Delay = 0.00>
ST_2 : Operation 43 [1/1] (2.43ns)   --->   "%gmem_addr_read = read i512 @_ssdm_op_Read.m_axi.p1i512, i512 %gmem_addr" [/home/edci/workspace/SQA_kernels/src/qmc.cpp:190]   --->   Operation 43 'read' 'gmem_addr_read' <Predicate = (!icmp_ln187 & icmp_ln190)> <Delay = 2.43> <CoreInst = "m_axi">   --->   Core 121 'm_axi' <Latency = 6> <II = 1> <Delay = 1.00> <Adapter> <Opcode : 'read' 'write' 'readreq' 'writereq' 'writeresp'>
ST_2 : Operation 44 [1/1] (0.00ns)   --->   "%br_ln190 = br void %branch265891" [/home/edci/workspace/SQA_kernels/src/qmc.cpp:190]   --->   Operation 44 'br' 'br_ln190' <Predicate = (!icmp_ln187 & trunc_ln187 == 2 & trunc_ln190 == 14)> <Delay = 0.00>
ST_2 : Operation 45 [1/1] (0.00ns)   --->   "%br_ln190 = br void %branch265891" [/home/edci/workspace/SQA_kernels/src/qmc.cpp:190]   --->   Operation 45 'br' 'br_ln190' <Predicate = (!icmp_ln187 & trunc_ln187 == 2 & trunc_ln190 == 13)> <Delay = 0.00>
ST_2 : Operation 46 [1/1] (0.00ns)   --->   "%br_ln190 = br void %branch265891" [/home/edci/workspace/SQA_kernels/src/qmc.cpp:190]   --->   Operation 46 'br' 'br_ln190' <Predicate = (!icmp_ln187 & trunc_ln187 == 2 & trunc_ln190 == 12)> <Delay = 0.00>
ST_2 : Operation 47 [1/1] (0.00ns)   --->   "%br_ln190 = br void %branch265891" [/home/edci/workspace/SQA_kernels/src/qmc.cpp:190]   --->   Operation 47 'br' 'br_ln190' <Predicate = (!icmp_ln187 & trunc_ln187 == 2 & trunc_ln190 == 11)> <Delay = 0.00>
ST_2 : Operation 48 [1/1] (0.00ns)   --->   "%br_ln190 = br void %branch265891" [/home/edci/workspace/SQA_kernels/src/qmc.cpp:190]   --->   Operation 48 'br' 'br_ln190' <Predicate = (!icmp_ln187 & trunc_ln187 == 2 & trunc_ln190 == 10)> <Delay = 0.00>
ST_2 : Operation 49 [1/1] (0.00ns)   --->   "%br_ln190 = br void %branch265891" [/home/edci/workspace/SQA_kernels/src/qmc.cpp:190]   --->   Operation 49 'br' 'br_ln190' <Predicate = (!icmp_ln187 & trunc_ln187 == 2 & trunc_ln190 == 9)> <Delay = 0.00>
ST_2 : Operation 50 [1/1] (0.00ns)   --->   "%br_ln190 = br void %branch265891" [/home/edci/workspace/SQA_kernels/src/qmc.cpp:190]   --->   Operation 50 'br' 'br_ln190' <Predicate = (!icmp_ln187 & trunc_ln187 == 2 & trunc_ln190 == 8)> <Delay = 0.00>
ST_2 : Operation 51 [1/1] (0.00ns)   --->   "%br_ln190 = br void %branch265891" [/home/edci/workspace/SQA_kernels/src/qmc.cpp:190]   --->   Operation 51 'br' 'br_ln190' <Predicate = (!icmp_ln187 & trunc_ln187 == 2 & trunc_ln190 == 7)> <Delay = 0.00>
ST_2 : Operation 52 [1/1] (0.00ns)   --->   "%br_ln190 = br void %branch265891" [/home/edci/workspace/SQA_kernels/src/qmc.cpp:190]   --->   Operation 52 'br' 'br_ln190' <Predicate = (!icmp_ln187 & trunc_ln187 == 2 & trunc_ln190 == 6)> <Delay = 0.00>
ST_2 : Operation 53 [1/1] (0.00ns)   --->   "%br_ln190 = br void %branch265891" [/home/edci/workspace/SQA_kernels/src/qmc.cpp:190]   --->   Operation 53 'br' 'br_ln190' <Predicate = (!icmp_ln187 & trunc_ln187 == 2 & trunc_ln190 == 5)> <Delay = 0.00>
ST_2 : Operation 54 [1/1] (0.00ns)   --->   "%br_ln190 = br void %branch265891" [/home/edci/workspace/SQA_kernels/src/qmc.cpp:190]   --->   Operation 54 'br' 'br_ln190' <Predicate = (!icmp_ln187 & trunc_ln187 == 2 & trunc_ln190 == 4)> <Delay = 0.00>
ST_2 : Operation 55 [1/1] (0.00ns)   --->   "%br_ln190 = br void %branch265891" [/home/edci/workspace/SQA_kernels/src/qmc.cpp:190]   --->   Operation 55 'br' 'br_ln190' <Predicate = (!icmp_ln187 & trunc_ln187 == 2 & trunc_ln190 == 3)> <Delay = 0.00>
ST_2 : Operation 56 [1/1] (0.00ns)   --->   "%br_ln190 = br void %branch265891" [/home/edci/workspace/SQA_kernels/src/qmc.cpp:190]   --->   Operation 56 'br' 'br_ln190' <Predicate = (!icmp_ln187 & trunc_ln187 == 2 & trunc_ln190 == 2)> <Delay = 0.00>
ST_2 : Operation 57 [1/1] (0.00ns)   --->   "%br_ln190 = br void %branch265891" [/home/edci/workspace/SQA_kernels/src/qmc.cpp:190]   --->   Operation 57 'br' 'br_ln190' <Predicate = (!icmp_ln187 & trunc_ln187 == 2 & trunc_ln190 == 1)> <Delay = 0.00>
ST_2 : Operation 58 [1/1] (0.00ns)   --->   "%br_ln190 = br void %branch265891" [/home/edci/workspace/SQA_kernels/src/qmc.cpp:190]   --->   Operation 58 'br' 'br_ln190' <Predicate = (!icmp_ln187 & trunc_ln187 == 2 & trunc_ln190 == 0)> <Delay = 0.00>
ST_2 : Operation 59 [1/1] (0.00ns)   --->   "%br_ln190 = br void %branch265891" [/home/edci/workspace/SQA_kernels/src/qmc.cpp:190]   --->   Operation 59 'br' 'br_ln190' <Predicate = (!icmp_ln187 & trunc_ln187 == 2 & trunc_ln190 == 15)> <Delay = 0.00>
ST_2 : Operation 60 [1/1] (0.00ns)   --->   "%br_ln190 = br void %branch255566" [/home/edci/workspace/SQA_kernels/src/qmc.cpp:190]   --->   Operation 60 'br' 'br_ln190' <Predicate = (!icmp_ln187 & trunc_ln187 == 1 & trunc_ln190 == 14)> <Delay = 0.00>
ST_2 : Operation 61 [1/1] (0.00ns)   --->   "%br_ln190 = br void %branch255566" [/home/edci/workspace/SQA_kernels/src/qmc.cpp:190]   --->   Operation 61 'br' 'br_ln190' <Predicate = (!icmp_ln187 & trunc_ln187 == 1 & trunc_ln190 == 13)> <Delay = 0.00>
ST_2 : Operation 62 [1/1] (0.00ns)   --->   "%br_ln190 = br void %branch255566" [/home/edci/workspace/SQA_kernels/src/qmc.cpp:190]   --->   Operation 62 'br' 'br_ln190' <Predicate = (!icmp_ln187 & trunc_ln187 == 1 & trunc_ln190 == 12)> <Delay = 0.00>
ST_2 : Operation 63 [1/1] (0.00ns)   --->   "%br_ln190 = br void %branch255566" [/home/edci/workspace/SQA_kernels/src/qmc.cpp:190]   --->   Operation 63 'br' 'br_ln190' <Predicate = (!icmp_ln187 & trunc_ln187 == 1 & trunc_ln190 == 11)> <Delay = 0.00>
ST_2 : Operation 64 [1/1] (0.00ns)   --->   "%br_ln190 = br void %branch255566" [/home/edci/workspace/SQA_kernels/src/qmc.cpp:190]   --->   Operation 64 'br' 'br_ln190' <Predicate = (!icmp_ln187 & trunc_ln187 == 1 & trunc_ln190 == 10)> <Delay = 0.00>
ST_2 : Operation 65 [1/1] (0.00ns)   --->   "%br_ln190 = br void %branch255566" [/home/edci/workspace/SQA_kernels/src/qmc.cpp:190]   --->   Operation 65 'br' 'br_ln190' <Predicate = (!icmp_ln187 & trunc_ln187 == 1 & trunc_ln190 == 9)> <Delay = 0.00>
ST_2 : Operation 66 [1/1] (0.00ns)   --->   "%br_ln190 = br void %branch255566" [/home/edci/workspace/SQA_kernels/src/qmc.cpp:190]   --->   Operation 66 'br' 'br_ln190' <Predicate = (!icmp_ln187 & trunc_ln187 == 1 & trunc_ln190 == 8)> <Delay = 0.00>
ST_2 : Operation 67 [1/1] (0.00ns)   --->   "%br_ln190 = br void %branch255566" [/home/edci/workspace/SQA_kernels/src/qmc.cpp:190]   --->   Operation 67 'br' 'br_ln190' <Predicate = (!icmp_ln187 & trunc_ln187 == 1 & trunc_ln190 == 7)> <Delay = 0.00>
ST_2 : Operation 68 [1/1] (0.00ns)   --->   "%br_ln190 = br void %branch255566" [/home/edci/workspace/SQA_kernels/src/qmc.cpp:190]   --->   Operation 68 'br' 'br_ln190' <Predicate = (!icmp_ln187 & trunc_ln187 == 1 & trunc_ln190 == 6)> <Delay = 0.00>
ST_2 : Operation 69 [1/1] (0.00ns)   --->   "%br_ln190 = br void %branch255566" [/home/edci/workspace/SQA_kernels/src/qmc.cpp:190]   --->   Operation 69 'br' 'br_ln190' <Predicate = (!icmp_ln187 & trunc_ln187 == 1 & trunc_ln190 == 5)> <Delay = 0.00>
ST_2 : Operation 70 [1/1] (0.00ns)   --->   "%br_ln190 = br void %branch255566" [/home/edci/workspace/SQA_kernels/src/qmc.cpp:190]   --->   Operation 70 'br' 'br_ln190' <Predicate = (!icmp_ln187 & trunc_ln187 == 1 & trunc_ln190 == 4)> <Delay = 0.00>
ST_2 : Operation 71 [1/1] (0.00ns)   --->   "%br_ln190 = br void %branch255566" [/home/edci/workspace/SQA_kernels/src/qmc.cpp:190]   --->   Operation 71 'br' 'br_ln190' <Predicate = (!icmp_ln187 & trunc_ln187 == 1 & trunc_ln190 == 3)> <Delay = 0.00>
ST_2 : Operation 72 [1/1] (0.00ns)   --->   "%br_ln190 = br void %branch255566" [/home/edci/workspace/SQA_kernels/src/qmc.cpp:190]   --->   Operation 72 'br' 'br_ln190' <Predicate = (!icmp_ln187 & trunc_ln187 == 1 & trunc_ln190 == 2)> <Delay = 0.00>
ST_2 : Operation 73 [1/1] (0.00ns)   --->   "%br_ln190 = br void %branch255566" [/home/edci/workspace/SQA_kernels/src/qmc.cpp:190]   --->   Operation 73 'br' 'br_ln190' <Predicate = (!icmp_ln187 & trunc_ln187 == 1 & trunc_ln190 == 1)> <Delay = 0.00>
ST_2 : Operation 74 [1/1] (0.00ns)   --->   "%br_ln190 = br void %branch255566" [/home/edci/workspace/SQA_kernels/src/qmc.cpp:190]   --->   Operation 74 'br' 'br_ln190' <Predicate = (!icmp_ln187 & trunc_ln187 == 1 & trunc_ln190 == 0)> <Delay = 0.00>
ST_2 : Operation 75 [1/1] (0.00ns)   --->   "%br_ln190 = br void %branch255566" [/home/edci/workspace/SQA_kernels/src/qmc.cpp:190]   --->   Operation 75 'br' 'br_ln190' <Predicate = (!icmp_ln187 & trunc_ln187 == 1 & trunc_ln190 == 15)> <Delay = 0.00>
ST_2 : Operation 76 [1/1] (0.00ns)   --->   "%br_ln190 = br void %branch245230" [/home/edci/workspace/SQA_kernels/src/qmc.cpp:190]   --->   Operation 76 'br' 'br_ln190' <Predicate = (!icmp_ln187 & trunc_ln187 == 0 & trunc_ln190 == 14)> <Delay = 0.00>
ST_2 : Operation 77 [1/1] (0.00ns)   --->   "%br_ln190 = br void %branch245230" [/home/edci/workspace/SQA_kernels/src/qmc.cpp:190]   --->   Operation 77 'br' 'br_ln190' <Predicate = (!icmp_ln187 & trunc_ln187 == 0 & trunc_ln190 == 13)> <Delay = 0.00>
ST_2 : Operation 78 [1/1] (0.00ns)   --->   "%br_ln190 = br void %branch245230" [/home/edci/workspace/SQA_kernels/src/qmc.cpp:190]   --->   Operation 78 'br' 'br_ln190' <Predicate = (!icmp_ln187 & trunc_ln187 == 0 & trunc_ln190 == 12)> <Delay = 0.00>
ST_2 : Operation 79 [1/1] (0.00ns)   --->   "%br_ln190 = br void %branch245230" [/home/edci/workspace/SQA_kernels/src/qmc.cpp:190]   --->   Operation 79 'br' 'br_ln190' <Predicate = (!icmp_ln187 & trunc_ln187 == 0 & trunc_ln190 == 11)> <Delay = 0.00>
ST_2 : Operation 80 [1/1] (0.00ns)   --->   "%br_ln190 = br void %branch245230" [/home/edci/workspace/SQA_kernels/src/qmc.cpp:190]   --->   Operation 80 'br' 'br_ln190' <Predicate = (!icmp_ln187 & trunc_ln187 == 0 & trunc_ln190 == 10)> <Delay = 0.00>
ST_2 : Operation 81 [1/1] (0.00ns)   --->   "%br_ln190 = br void %branch245230" [/home/edci/workspace/SQA_kernels/src/qmc.cpp:190]   --->   Operation 81 'br' 'br_ln190' <Predicate = (!icmp_ln187 & trunc_ln187 == 0 & trunc_ln190 == 9)> <Delay = 0.00>
ST_2 : Operation 82 [1/1] (0.00ns)   --->   "%br_ln190 = br void %branch245230" [/home/edci/workspace/SQA_kernels/src/qmc.cpp:190]   --->   Operation 82 'br' 'br_ln190' <Predicate = (!icmp_ln187 & trunc_ln187 == 0 & trunc_ln190 == 8)> <Delay = 0.00>
ST_2 : Operation 83 [1/1] (0.00ns)   --->   "%br_ln190 = br void %branch245230" [/home/edci/workspace/SQA_kernels/src/qmc.cpp:190]   --->   Operation 83 'br' 'br_ln190' <Predicate = (!icmp_ln187 & trunc_ln187 == 0 & trunc_ln190 == 7)> <Delay = 0.00>
ST_2 : Operation 84 [1/1] (0.00ns)   --->   "%br_ln190 = br void %branch245230" [/home/edci/workspace/SQA_kernels/src/qmc.cpp:190]   --->   Operation 84 'br' 'br_ln190' <Predicate = (!icmp_ln187 & trunc_ln187 == 0 & trunc_ln190 == 6)> <Delay = 0.00>
ST_2 : Operation 85 [1/1] (0.00ns)   --->   "%br_ln190 = br void %branch245230" [/home/edci/workspace/SQA_kernels/src/qmc.cpp:190]   --->   Operation 85 'br' 'br_ln190' <Predicate = (!icmp_ln187 & trunc_ln187 == 0 & trunc_ln190 == 5)> <Delay = 0.00>
ST_2 : Operation 86 [1/1] (0.00ns)   --->   "%br_ln190 = br void %branch245230" [/home/edci/workspace/SQA_kernels/src/qmc.cpp:190]   --->   Operation 86 'br' 'br_ln190' <Predicate = (!icmp_ln187 & trunc_ln187 == 0 & trunc_ln190 == 4)> <Delay = 0.00>
ST_2 : Operation 87 [1/1] (0.00ns)   --->   "%br_ln190 = br void %branch245230" [/home/edci/workspace/SQA_kernels/src/qmc.cpp:190]   --->   Operation 87 'br' 'br_ln190' <Predicate = (!icmp_ln187 & trunc_ln187 == 0 & trunc_ln190 == 3)> <Delay = 0.00>
ST_2 : Operation 88 [1/1] (0.00ns)   --->   "%br_ln190 = br void %branch245230" [/home/edci/workspace/SQA_kernels/src/qmc.cpp:190]   --->   Operation 88 'br' 'br_ln190' <Predicate = (!icmp_ln187 & trunc_ln187 == 0 & trunc_ln190 == 2)> <Delay = 0.00>
ST_2 : Operation 89 [1/1] (0.00ns)   --->   "%br_ln190 = br void %branch245230" [/home/edci/workspace/SQA_kernels/src/qmc.cpp:190]   --->   Operation 89 'br' 'br_ln190' <Predicate = (!icmp_ln187 & trunc_ln187 == 0 & trunc_ln190 == 1)> <Delay = 0.00>
ST_2 : Operation 90 [1/1] (0.00ns)   --->   "%br_ln190 = br void %branch245230" [/home/edci/workspace/SQA_kernels/src/qmc.cpp:190]   --->   Operation 90 'br' 'br_ln190' <Predicate = (!icmp_ln187 & trunc_ln187 == 0 & trunc_ln190 == 0)> <Delay = 0.00>
ST_2 : Operation 91 [1/1] (0.00ns)   --->   "%br_ln190 = br void %branch245230" [/home/edci/workspace/SQA_kernels/src/qmc.cpp:190]   --->   Operation 91 'br' 'br_ln190' <Predicate = (!icmp_ln187 & trunc_ln187 == 0 & trunc_ln190 == 15)> <Delay = 0.00>
ST_2 : Operation 92 [1/1] (0.00ns)   --->   "%br_ln190 = br void %branch276216" [/home/edci/workspace/SQA_kernels/src/qmc.cpp:190]   --->   Operation 92 'br' 'br_ln190' <Predicate = (!icmp_ln187 & trunc_ln187 == 3 & trunc_ln190 == 14)> <Delay = 0.00>
ST_2 : Operation 93 [1/1] (0.00ns)   --->   "%br_ln190 = br void %branch276216" [/home/edci/workspace/SQA_kernels/src/qmc.cpp:190]   --->   Operation 93 'br' 'br_ln190' <Predicate = (!icmp_ln187 & trunc_ln187 == 3 & trunc_ln190 == 13)> <Delay = 0.00>
ST_2 : Operation 94 [1/1] (0.00ns)   --->   "%br_ln190 = br void %branch276216" [/home/edci/workspace/SQA_kernels/src/qmc.cpp:190]   --->   Operation 94 'br' 'br_ln190' <Predicate = (!icmp_ln187 & trunc_ln187 == 3 & trunc_ln190 == 12)> <Delay = 0.00>
ST_2 : Operation 95 [1/1] (0.00ns)   --->   "%br_ln190 = br void %branch276216" [/home/edci/workspace/SQA_kernels/src/qmc.cpp:190]   --->   Operation 95 'br' 'br_ln190' <Predicate = (!icmp_ln187 & trunc_ln187 == 3 & trunc_ln190 == 11)> <Delay = 0.00>
ST_2 : Operation 96 [1/1] (0.00ns)   --->   "%br_ln190 = br void %branch276216" [/home/edci/workspace/SQA_kernels/src/qmc.cpp:190]   --->   Operation 96 'br' 'br_ln190' <Predicate = (!icmp_ln187 & trunc_ln187 == 3 & trunc_ln190 == 10)> <Delay = 0.00>
ST_2 : Operation 97 [1/1] (0.00ns)   --->   "%br_ln190 = br void %branch276216" [/home/edci/workspace/SQA_kernels/src/qmc.cpp:190]   --->   Operation 97 'br' 'br_ln190' <Predicate = (!icmp_ln187 & trunc_ln187 == 3 & trunc_ln190 == 9)> <Delay = 0.00>
ST_2 : Operation 98 [1/1] (0.00ns)   --->   "%br_ln190 = br void %branch276216" [/home/edci/workspace/SQA_kernels/src/qmc.cpp:190]   --->   Operation 98 'br' 'br_ln190' <Predicate = (!icmp_ln187 & trunc_ln187 == 3 & trunc_ln190 == 8)> <Delay = 0.00>
ST_2 : Operation 99 [1/1] (0.00ns)   --->   "%br_ln190 = br void %branch276216" [/home/edci/workspace/SQA_kernels/src/qmc.cpp:190]   --->   Operation 99 'br' 'br_ln190' <Predicate = (!icmp_ln187 & trunc_ln187 == 3 & trunc_ln190 == 7)> <Delay = 0.00>
ST_2 : Operation 100 [1/1] (0.00ns)   --->   "%br_ln190 = br void %branch276216" [/home/edci/workspace/SQA_kernels/src/qmc.cpp:190]   --->   Operation 100 'br' 'br_ln190' <Predicate = (!icmp_ln187 & trunc_ln187 == 3 & trunc_ln190 == 6)> <Delay = 0.00>
ST_2 : Operation 101 [1/1] (0.00ns)   --->   "%br_ln190 = br void %branch276216" [/home/edci/workspace/SQA_kernels/src/qmc.cpp:190]   --->   Operation 101 'br' 'br_ln190' <Predicate = (!icmp_ln187 & trunc_ln187 == 3 & trunc_ln190 == 5)> <Delay = 0.00>
ST_2 : Operation 102 [1/1] (0.00ns)   --->   "%br_ln190 = br void %branch276216" [/home/edci/workspace/SQA_kernels/src/qmc.cpp:190]   --->   Operation 102 'br' 'br_ln190' <Predicate = (!icmp_ln187 & trunc_ln187 == 3 & trunc_ln190 == 4)> <Delay = 0.00>
ST_2 : Operation 103 [1/1] (0.00ns)   --->   "%br_ln190 = br void %branch276216" [/home/edci/workspace/SQA_kernels/src/qmc.cpp:190]   --->   Operation 103 'br' 'br_ln190' <Predicate = (!icmp_ln187 & trunc_ln187 == 3 & trunc_ln190 == 3)> <Delay = 0.00>
ST_2 : Operation 104 [1/1] (0.00ns)   --->   "%br_ln190 = br void %branch276216" [/home/edci/workspace/SQA_kernels/src/qmc.cpp:190]   --->   Operation 104 'br' 'br_ln190' <Predicate = (!icmp_ln187 & trunc_ln187 == 3 & trunc_ln190 == 2)> <Delay = 0.00>
ST_2 : Operation 105 [1/1] (0.00ns)   --->   "%br_ln190 = br void %branch276216" [/home/edci/workspace/SQA_kernels/src/qmc.cpp:190]   --->   Operation 105 'br' 'br_ln190' <Predicate = (!icmp_ln187 & trunc_ln187 == 3 & trunc_ln190 == 1)> <Delay = 0.00>
ST_2 : Operation 106 [1/1] (0.00ns)   --->   "%br_ln190 = br void %branch276216" [/home/edci/workspace/SQA_kernels/src/qmc.cpp:190]   --->   Operation 106 'br' 'br_ln190' <Predicate = (!icmp_ln187 & trunc_ln187 == 3 & trunc_ln190 == 0)> <Delay = 0.00>
ST_2 : Operation 107 [1/1] (0.00ns)   --->   "%br_ln190 = br void %branch276216" [/home/edci/workspace/SQA_kernels/src/qmc.cpp:190]   --->   Operation 107 'br' 'br_ln190' <Predicate = (!icmp_ln187 & trunc_ln187 == 3 & trunc_ln190 == 15)> <Delay = 0.00>
ST_2 : Operation 255 [1/1] (0.00ns)   --->   "%ret_ln0 = ret"   --->   Operation 255 'ret' 'ret_ln0' <Predicate = (icmp_ln187)> <Delay = 0.00>

State 3 <SV = 2> <Delay = 1.62>
ST_3 : Operation 108 [1/1] (0.00ns)   --->   "%shiftreg1061_load = load i496 %shiftreg1061" [/home/edci/workspace/SQA_kernels/src/qmc.cpp:187]   --->   Operation 108 'load' 'shiftreg1061_load' <Predicate = (!icmp_ln187 & !icmp_ln188)> <Delay = 0.00>
ST_3 : Operation 109 [1/1] (0.00ns)   --->   "%specloopname_ln0 = specloopname void @_ssdm_op_SpecLoopName, void @READ_TROTTERS_VITIS_LOOP_188_1_str"   --->   Operation 109 'specloopname' 'specloopname_ln0' <Predicate = (!icmp_ln187)> <Delay = 0.00>
ST_3 : Operation 110 [1/1] (0.00ns)   --->   "%empty_132 = speclooptripcount i32 @_ssdm_op_SpecLoopTripCount, i64 1024, i64 1024, i64 1024"   --->   Operation 110 'speclooptripcount' 'empty_132' <Predicate = (!icmp_ln187)> <Delay = 0.00>
ST_3 : Operation 111 [1/1] (0.55ns)   --->   "%select_ln187_1 = select i1 %icmp_ln188, i496 0, i496 %shiftreg1061_load" [/home/edci/workspace/SQA_kernels/src/qmc.cpp:187]   --->   Operation 111 'select' 'select_ln187_1' <Predicate = (!icmp_ln187)> <Delay = 0.55> <CoreInst = "Sel">   --->   Core 73 'Sel' <Latency = 0> <II = 1> <Delay = 0.27> <FuncUnit> <Opcode : 'select'> <InPorts = 3> <OutPorts = 1>
ST_3 : Operation 112 [1/1] (0.00ns)   --->   "%zext_ln188 = zext i496 %select_ln187_1" [/home/edci/workspace/SQA_kernels/src/qmc.cpp:188]   --->   Operation 112 'zext' 'zext_ln188' <Predicate = (!icmp_ln187)> <Delay = 0.00>
ST_3 : Operation 113 [1/1] (0.00ns)   --->   "%specpipeline_ln188 = specpipeline void @_ssdm_op_SpecPipeline, i32 4294967295, i32 0, i32 0, i32 0, void @empty_10" [/home/edci/workspace/SQA_kernels/src/qmc.cpp:188]   --->   Operation 113 'specpipeline' 'specpipeline_ln188' <Predicate = (!icmp_ln187)> <Delay = 0.00>
ST_3 : Operation 114 [1/1] (0.00ns)   --->   "%specloopname_ln188 = specloopname void @_ssdm_op_SpecLoopName, void @empty_19" [/home/edci/workspace/SQA_kernels/src/qmc.cpp:188]   --->   Operation 114 'specloopname' 'specloopname_ln188' <Predicate = (!icmp_ln187)> <Delay = 0.00>
ST_3 : Operation 115 [1/1] (0.00ns)   --->   "%zext_ln190 = zext i4 %lshr_ln190_1" [/home/edci/workspace/SQA_kernels/src/qmc.cpp:190]   --->   Operation 115 'zext' 'zext_ln190' <Predicate = (!icmp_ln187)> <Delay = 0.00>
ST_3 : Operation 116 [1/1] (0.00ns)   --->   "%trottersLocal_V_0_0_addr = getelementptr i16 %trottersLocal_V_0_0, i64 0, i64 %zext_ln190" [/home/edci/workspace/SQA_kernels/src/qmc.cpp:190]   --->   Operation 116 'getelementptr' 'trottersLocal_V_0_0_addr' <Predicate = (!icmp_ln187)> <Delay = 0.00>
ST_3 : Operation 117 [1/1] (0.00ns)   --->   "%trottersLocal_V_0_1_addr = getelementptr i16 %trottersLocal_V_0_1, i64 0, i64 %zext_ln190" [/home/edci/workspace/SQA_kernels/src/qmc.cpp:190]   --->   Operation 117 'getelementptr' 'trottersLocal_V_0_1_addr' <Predicate = (!icmp_ln187)> <Delay = 0.00>
ST_3 : Operation 118 [1/1] (0.00ns)   --->   "%trottersLocal_V_0_2_addr = getelementptr i16 %trottersLocal_V_0_2, i64 0, i64 %zext_ln190" [/home/edci/workspace/SQA_kernels/src/qmc.cpp:190]   --->   Operation 118 'getelementptr' 'trottersLocal_V_0_2_addr' <Predicate = (!icmp_ln187)> <Delay = 0.00>
ST_3 : Operation 119 [1/1] (0.00ns)   --->   "%trottersLocal_V_0_3_addr = getelementptr i16 %trottersLocal_V_0_3, i64 0, i64 %zext_ln190" [/home/edci/workspace/SQA_kernels/src/qmc.cpp:190]   --->   Operation 119 'getelementptr' 'trottersLocal_V_0_3_addr' <Predicate = (!icmp_ln187)> <Delay = 0.00>
ST_3 : Operation 120 [1/1] (0.00ns)   --->   "%trottersLocal_V_0_4_addr = getelementptr i16 %trottersLocal_V_0_4, i64 0, i64 %zext_ln190" [/home/edci/workspace/SQA_kernels/src/qmc.cpp:190]   --->   Operation 120 'getelementptr' 'trottersLocal_V_0_4_addr' <Predicate = (!icmp_ln187)> <Delay = 0.00>
ST_3 : Operation 121 [1/1] (0.00ns)   --->   "%trottersLocal_V_0_5_addr = getelementptr i16 %trottersLocal_V_0_5, i64 0, i64 %zext_ln190" [/home/edci/workspace/SQA_kernels/src/qmc.cpp:190]   --->   Operation 121 'getelementptr' 'trottersLocal_V_0_5_addr' <Predicate = (!icmp_ln187)> <Delay = 0.00>
ST_3 : Operation 122 [1/1] (0.00ns)   --->   "%trottersLocal_V_0_6_addr = getelementptr i16 %trottersLocal_V_0_6, i64 0, i64 %zext_ln190" [/home/edci/workspace/SQA_kernels/src/qmc.cpp:190]   --->   Operation 122 'getelementptr' 'trottersLocal_V_0_6_addr' <Predicate = (!icmp_ln187)> <Delay = 0.00>
ST_3 : Operation 123 [1/1] (0.00ns)   --->   "%trottersLocal_V_0_7_addr = getelementptr i16 %trottersLocal_V_0_7, i64 0, i64 %zext_ln190" [/home/edci/workspace/SQA_kernels/src/qmc.cpp:190]   --->   Operation 123 'getelementptr' 'trottersLocal_V_0_7_addr' <Predicate = (!icmp_ln187)> <Delay = 0.00>
ST_3 : Operation 124 [1/1] (0.00ns)   --->   "%trottersLocal_V_0_8_addr = getelementptr i16 %trottersLocal_V_0_8, i64 0, i64 %zext_ln190" [/home/edci/workspace/SQA_kernels/src/qmc.cpp:190]   --->   Operation 124 'getelementptr' 'trottersLocal_V_0_8_addr' <Predicate = (!icmp_ln187)> <Delay = 0.00>
ST_3 : Operation 125 [1/1] (0.00ns)   --->   "%trottersLocal_V_0_9_addr = getelementptr i16 %trottersLocal_V_0_9, i64 0, i64 %zext_ln190" [/home/edci/workspace/SQA_kernels/src/qmc.cpp:190]   --->   Operation 125 'getelementptr' 'trottersLocal_V_0_9_addr' <Predicate = (!icmp_ln187)> <Delay = 0.00>
ST_3 : Operation 126 [1/1] (0.00ns)   --->   "%trottersLocal_V_0_10_addr = getelementptr i16 %trottersLocal_V_0_10, i64 0, i64 %zext_ln190" [/home/edci/workspace/SQA_kernels/src/qmc.cpp:190]   --->   Operation 126 'getelementptr' 'trottersLocal_V_0_10_addr' <Predicate = (!icmp_ln187)> <Delay = 0.00>
ST_3 : Operation 127 [1/1] (0.00ns)   --->   "%trottersLocal_V_0_11_addr = getelementptr i16 %trottersLocal_V_0_11, i64 0, i64 %zext_ln190" [/home/edci/workspace/SQA_kernels/src/qmc.cpp:190]   --->   Operation 127 'getelementptr' 'trottersLocal_V_0_11_addr' <Predicate = (!icmp_ln187)> <Delay = 0.00>
ST_3 : Operation 128 [1/1] (0.00ns)   --->   "%trottersLocal_V_0_12_addr = getelementptr i16 %trottersLocal_V_0_12, i64 0, i64 %zext_ln190" [/home/edci/workspace/SQA_kernels/src/qmc.cpp:190]   --->   Operation 128 'getelementptr' 'trottersLocal_V_0_12_addr' <Predicate = (!icmp_ln187)> <Delay = 0.00>
ST_3 : Operation 129 [1/1] (0.00ns)   --->   "%trottersLocal_V_0_13_addr = getelementptr i16 %trottersLocal_V_0_13, i64 0, i64 %zext_ln190" [/home/edci/workspace/SQA_kernels/src/qmc.cpp:190]   --->   Operation 129 'getelementptr' 'trottersLocal_V_0_13_addr' <Predicate = (!icmp_ln187)> <Delay = 0.00>
ST_3 : Operation 130 [1/1] (0.00ns)   --->   "%trottersLocal_V_0_14_addr = getelementptr i16 %trottersLocal_V_0_14, i64 0, i64 %zext_ln190" [/home/edci/workspace/SQA_kernels/src/qmc.cpp:190]   --->   Operation 130 'getelementptr' 'trottersLocal_V_0_14_addr' <Predicate = (!icmp_ln187)> <Delay = 0.00>
ST_3 : Operation 131 [1/1] (0.00ns)   --->   "%trottersLocal_V_0_15_addr = getelementptr i16 %trottersLocal_V_0_15, i64 0, i64 %zext_ln190" [/home/edci/workspace/SQA_kernels/src/qmc.cpp:190]   --->   Operation 131 'getelementptr' 'trottersLocal_V_0_15_addr' <Predicate = (!icmp_ln187)> <Delay = 0.00>
ST_3 : Operation 132 [1/1] (0.00ns)   --->   "%trottersLocal_V_1_0_addr = getelementptr i16 %trottersLocal_V_1_0, i64 0, i64 %zext_ln190" [/home/edci/workspace/SQA_kernels/src/qmc.cpp:190]   --->   Operation 132 'getelementptr' 'trottersLocal_V_1_0_addr' <Predicate = (!icmp_ln187)> <Delay = 0.00>
ST_3 : Operation 133 [1/1] (0.00ns)   --->   "%trottersLocal_V_1_1_addr = getelementptr i16 %trottersLocal_V_1_1, i64 0, i64 %zext_ln190" [/home/edci/workspace/SQA_kernels/src/qmc.cpp:190]   --->   Operation 133 'getelementptr' 'trottersLocal_V_1_1_addr' <Predicate = (!icmp_ln187)> <Delay = 0.00>
ST_3 : Operation 134 [1/1] (0.00ns)   --->   "%trottersLocal_V_1_2_addr = getelementptr i16 %trottersLocal_V_1_2, i64 0, i64 %zext_ln190" [/home/edci/workspace/SQA_kernels/src/qmc.cpp:190]   --->   Operation 134 'getelementptr' 'trottersLocal_V_1_2_addr' <Predicate = (!icmp_ln187)> <Delay = 0.00>
ST_3 : Operation 135 [1/1] (0.00ns)   --->   "%trottersLocal_V_1_3_addr = getelementptr i16 %trottersLocal_V_1_3, i64 0, i64 %zext_ln190" [/home/edci/workspace/SQA_kernels/src/qmc.cpp:190]   --->   Operation 135 'getelementptr' 'trottersLocal_V_1_3_addr' <Predicate = (!icmp_ln187)> <Delay = 0.00>
ST_3 : Operation 136 [1/1] (0.00ns)   --->   "%trottersLocal_V_1_4_addr = getelementptr i16 %trottersLocal_V_1_4, i64 0, i64 %zext_ln190" [/home/edci/workspace/SQA_kernels/src/qmc.cpp:190]   --->   Operation 136 'getelementptr' 'trottersLocal_V_1_4_addr' <Predicate = (!icmp_ln187)> <Delay = 0.00>
ST_3 : Operation 137 [1/1] (0.00ns)   --->   "%trottersLocal_V_1_5_addr = getelementptr i16 %trottersLocal_V_1_5, i64 0, i64 %zext_ln190" [/home/edci/workspace/SQA_kernels/src/qmc.cpp:190]   --->   Operation 137 'getelementptr' 'trottersLocal_V_1_5_addr' <Predicate = (!icmp_ln187)> <Delay = 0.00>
ST_3 : Operation 138 [1/1] (0.00ns)   --->   "%trottersLocal_V_1_6_addr = getelementptr i16 %trottersLocal_V_1_6, i64 0, i64 %zext_ln190" [/home/edci/workspace/SQA_kernels/src/qmc.cpp:190]   --->   Operation 138 'getelementptr' 'trottersLocal_V_1_6_addr' <Predicate = (!icmp_ln187)> <Delay = 0.00>
ST_3 : Operation 139 [1/1] (0.00ns)   --->   "%trottersLocal_V_1_7_addr = getelementptr i16 %trottersLocal_V_1_7, i64 0, i64 %zext_ln190" [/home/edci/workspace/SQA_kernels/src/qmc.cpp:190]   --->   Operation 139 'getelementptr' 'trottersLocal_V_1_7_addr' <Predicate = (!icmp_ln187)> <Delay = 0.00>
ST_3 : Operation 140 [1/1] (0.00ns)   --->   "%trottersLocal_V_1_8_addr = getelementptr i16 %trottersLocal_V_1_8, i64 0, i64 %zext_ln190" [/home/edci/workspace/SQA_kernels/src/qmc.cpp:190]   --->   Operation 140 'getelementptr' 'trottersLocal_V_1_8_addr' <Predicate = (!icmp_ln187)> <Delay = 0.00>
ST_3 : Operation 141 [1/1] (0.00ns)   --->   "%trottersLocal_V_1_9_addr = getelementptr i16 %trottersLocal_V_1_9, i64 0, i64 %zext_ln190" [/home/edci/workspace/SQA_kernels/src/qmc.cpp:190]   --->   Operation 141 'getelementptr' 'trottersLocal_V_1_9_addr' <Predicate = (!icmp_ln187)> <Delay = 0.00>
ST_3 : Operation 142 [1/1] (0.00ns)   --->   "%trottersLocal_V_1_10_addr = getelementptr i16 %trottersLocal_V_1_10, i64 0, i64 %zext_ln190" [/home/edci/workspace/SQA_kernels/src/qmc.cpp:190]   --->   Operation 142 'getelementptr' 'trottersLocal_V_1_10_addr' <Predicate = (!icmp_ln187)> <Delay = 0.00>
ST_3 : Operation 143 [1/1] (0.00ns)   --->   "%trottersLocal_V_1_11_addr = getelementptr i16 %trottersLocal_V_1_11, i64 0, i64 %zext_ln190" [/home/edci/workspace/SQA_kernels/src/qmc.cpp:190]   --->   Operation 143 'getelementptr' 'trottersLocal_V_1_11_addr' <Predicate = (!icmp_ln187)> <Delay = 0.00>
ST_3 : Operation 144 [1/1] (0.00ns)   --->   "%trottersLocal_V_1_12_addr = getelementptr i16 %trottersLocal_V_1_12, i64 0, i64 %zext_ln190" [/home/edci/workspace/SQA_kernels/src/qmc.cpp:190]   --->   Operation 144 'getelementptr' 'trottersLocal_V_1_12_addr' <Predicate = (!icmp_ln187)> <Delay = 0.00>
ST_3 : Operation 145 [1/1] (0.00ns)   --->   "%trottersLocal_V_1_13_addr = getelementptr i16 %trottersLocal_V_1_13, i64 0, i64 %zext_ln190" [/home/edci/workspace/SQA_kernels/src/qmc.cpp:190]   --->   Operation 145 'getelementptr' 'trottersLocal_V_1_13_addr' <Predicate = (!icmp_ln187)> <Delay = 0.00>
ST_3 : Operation 146 [1/1] (0.00ns)   --->   "%trottersLocal_V_1_14_addr = getelementptr i16 %trottersLocal_V_1_14, i64 0, i64 %zext_ln190" [/home/edci/workspace/SQA_kernels/src/qmc.cpp:190]   --->   Operation 146 'getelementptr' 'trottersLocal_V_1_14_addr' <Predicate = (!icmp_ln187)> <Delay = 0.00>
ST_3 : Operation 147 [1/1] (0.00ns)   --->   "%trottersLocal_V_1_15_addr = getelementptr i16 %trottersLocal_V_1_15, i64 0, i64 %zext_ln190" [/home/edci/workspace/SQA_kernels/src/qmc.cpp:190]   --->   Operation 147 'getelementptr' 'trottersLocal_V_1_15_addr' <Predicate = (!icmp_ln187)> <Delay = 0.00>
ST_3 : Operation 148 [1/1] (0.00ns)   --->   "%trottersLocal_V_2_0_addr = getelementptr i16 %trottersLocal_V_2_0, i64 0, i64 %zext_ln190" [/home/edci/workspace/SQA_kernels/src/qmc.cpp:190]   --->   Operation 148 'getelementptr' 'trottersLocal_V_2_0_addr' <Predicate = (!icmp_ln187)> <Delay = 0.00>
ST_3 : Operation 149 [1/1] (0.00ns)   --->   "%trottersLocal_V_2_1_addr = getelementptr i16 %trottersLocal_V_2_1, i64 0, i64 %zext_ln190" [/home/edci/workspace/SQA_kernels/src/qmc.cpp:190]   --->   Operation 149 'getelementptr' 'trottersLocal_V_2_1_addr' <Predicate = (!icmp_ln187)> <Delay = 0.00>
ST_3 : Operation 150 [1/1] (0.00ns)   --->   "%trottersLocal_V_2_2_addr = getelementptr i16 %trottersLocal_V_2_2, i64 0, i64 %zext_ln190" [/home/edci/workspace/SQA_kernels/src/qmc.cpp:190]   --->   Operation 150 'getelementptr' 'trottersLocal_V_2_2_addr' <Predicate = (!icmp_ln187)> <Delay = 0.00>
ST_3 : Operation 151 [1/1] (0.00ns)   --->   "%trottersLocal_V_2_3_addr = getelementptr i16 %trottersLocal_V_2_3, i64 0, i64 %zext_ln190" [/home/edci/workspace/SQA_kernels/src/qmc.cpp:190]   --->   Operation 151 'getelementptr' 'trottersLocal_V_2_3_addr' <Predicate = (!icmp_ln187)> <Delay = 0.00>
ST_3 : Operation 152 [1/1] (0.00ns)   --->   "%trottersLocal_V_2_4_addr = getelementptr i16 %trottersLocal_V_2_4, i64 0, i64 %zext_ln190" [/home/edci/workspace/SQA_kernels/src/qmc.cpp:190]   --->   Operation 152 'getelementptr' 'trottersLocal_V_2_4_addr' <Predicate = (!icmp_ln187)> <Delay = 0.00>
ST_3 : Operation 153 [1/1] (0.00ns)   --->   "%trottersLocal_V_2_5_addr = getelementptr i16 %trottersLocal_V_2_5, i64 0, i64 %zext_ln190" [/home/edci/workspace/SQA_kernels/src/qmc.cpp:190]   --->   Operation 153 'getelementptr' 'trottersLocal_V_2_5_addr' <Predicate = (!icmp_ln187)> <Delay = 0.00>
ST_3 : Operation 154 [1/1] (0.00ns)   --->   "%trottersLocal_V_2_6_addr = getelementptr i16 %trottersLocal_V_2_6, i64 0, i64 %zext_ln190" [/home/edci/workspace/SQA_kernels/src/qmc.cpp:190]   --->   Operation 154 'getelementptr' 'trottersLocal_V_2_6_addr' <Predicate = (!icmp_ln187)> <Delay = 0.00>
ST_3 : Operation 155 [1/1] (0.00ns)   --->   "%trottersLocal_V_2_7_addr = getelementptr i16 %trottersLocal_V_2_7, i64 0, i64 %zext_ln190" [/home/edci/workspace/SQA_kernels/src/qmc.cpp:190]   --->   Operation 155 'getelementptr' 'trottersLocal_V_2_7_addr' <Predicate = (!icmp_ln187)> <Delay = 0.00>
ST_3 : Operation 156 [1/1] (0.00ns)   --->   "%trottersLocal_V_2_8_addr = getelementptr i16 %trottersLocal_V_2_8, i64 0, i64 %zext_ln190" [/home/edci/workspace/SQA_kernels/src/qmc.cpp:190]   --->   Operation 156 'getelementptr' 'trottersLocal_V_2_8_addr' <Predicate = (!icmp_ln187)> <Delay = 0.00>
ST_3 : Operation 157 [1/1] (0.00ns)   --->   "%trottersLocal_V_2_9_addr = getelementptr i16 %trottersLocal_V_2_9, i64 0, i64 %zext_ln190" [/home/edci/workspace/SQA_kernels/src/qmc.cpp:190]   --->   Operation 157 'getelementptr' 'trottersLocal_V_2_9_addr' <Predicate = (!icmp_ln187)> <Delay = 0.00>
ST_3 : Operation 158 [1/1] (0.00ns)   --->   "%trottersLocal_V_2_10_addr = getelementptr i16 %trottersLocal_V_2_10, i64 0, i64 %zext_ln190" [/home/edci/workspace/SQA_kernels/src/qmc.cpp:190]   --->   Operation 158 'getelementptr' 'trottersLocal_V_2_10_addr' <Predicate = (!icmp_ln187)> <Delay = 0.00>
ST_3 : Operation 159 [1/1] (0.00ns)   --->   "%trottersLocal_V_2_11_addr = getelementptr i16 %trottersLocal_V_2_11, i64 0, i64 %zext_ln190" [/home/edci/workspace/SQA_kernels/src/qmc.cpp:190]   --->   Operation 159 'getelementptr' 'trottersLocal_V_2_11_addr' <Predicate = (!icmp_ln187)> <Delay = 0.00>
ST_3 : Operation 160 [1/1] (0.00ns)   --->   "%trottersLocal_V_2_12_addr = getelementptr i16 %trottersLocal_V_2_12, i64 0, i64 %zext_ln190" [/home/edci/workspace/SQA_kernels/src/qmc.cpp:190]   --->   Operation 160 'getelementptr' 'trottersLocal_V_2_12_addr' <Predicate = (!icmp_ln187)> <Delay = 0.00>
ST_3 : Operation 161 [1/1] (0.00ns)   --->   "%trottersLocal_V_2_13_addr = getelementptr i16 %trottersLocal_V_2_13, i64 0, i64 %zext_ln190" [/home/edci/workspace/SQA_kernels/src/qmc.cpp:190]   --->   Operation 161 'getelementptr' 'trottersLocal_V_2_13_addr' <Predicate = (!icmp_ln187)> <Delay = 0.00>
ST_3 : Operation 162 [1/1] (0.00ns)   --->   "%trottersLocal_V_2_14_addr = getelementptr i16 %trottersLocal_V_2_14, i64 0, i64 %zext_ln190" [/home/edci/workspace/SQA_kernels/src/qmc.cpp:190]   --->   Operation 162 'getelementptr' 'trottersLocal_V_2_14_addr' <Predicate = (!icmp_ln187)> <Delay = 0.00>
ST_3 : Operation 163 [1/1] (0.00ns)   --->   "%trottersLocal_V_2_15_addr = getelementptr i16 %trottersLocal_V_2_15, i64 0, i64 %zext_ln190" [/home/edci/workspace/SQA_kernels/src/qmc.cpp:190]   --->   Operation 163 'getelementptr' 'trottersLocal_V_2_15_addr' <Predicate = (!icmp_ln187)> <Delay = 0.00>
ST_3 : Operation 164 [1/1] (0.00ns)   --->   "%trottersLocal_V_3_0_addr = getelementptr i16 %trottersLocal_V_3_0, i64 0, i64 %zext_ln190" [/home/edci/workspace/SQA_kernels/src/qmc.cpp:190]   --->   Operation 164 'getelementptr' 'trottersLocal_V_3_0_addr' <Predicate = (!icmp_ln187)> <Delay = 0.00>
ST_3 : Operation 165 [1/1] (0.00ns)   --->   "%trottersLocal_V_3_1_addr = getelementptr i16 %trottersLocal_V_3_1, i64 0, i64 %zext_ln190" [/home/edci/workspace/SQA_kernels/src/qmc.cpp:190]   --->   Operation 165 'getelementptr' 'trottersLocal_V_3_1_addr' <Predicate = (!icmp_ln187)> <Delay = 0.00>
ST_3 : Operation 166 [1/1] (0.00ns)   --->   "%trottersLocal_V_3_2_addr = getelementptr i16 %trottersLocal_V_3_2, i64 0, i64 %zext_ln190" [/home/edci/workspace/SQA_kernels/src/qmc.cpp:190]   --->   Operation 166 'getelementptr' 'trottersLocal_V_3_2_addr' <Predicate = (!icmp_ln187)> <Delay = 0.00>
ST_3 : Operation 167 [1/1] (0.00ns)   --->   "%trottersLocal_V_3_3_addr = getelementptr i16 %trottersLocal_V_3_3, i64 0, i64 %zext_ln190" [/home/edci/workspace/SQA_kernels/src/qmc.cpp:190]   --->   Operation 167 'getelementptr' 'trottersLocal_V_3_3_addr' <Predicate = (!icmp_ln187)> <Delay = 0.00>
ST_3 : Operation 168 [1/1] (0.00ns)   --->   "%trottersLocal_V_3_4_addr = getelementptr i16 %trottersLocal_V_3_4, i64 0, i64 %zext_ln190" [/home/edci/workspace/SQA_kernels/src/qmc.cpp:190]   --->   Operation 168 'getelementptr' 'trottersLocal_V_3_4_addr' <Predicate = (!icmp_ln187)> <Delay = 0.00>
ST_3 : Operation 169 [1/1] (0.00ns)   --->   "%trottersLocal_V_3_5_addr = getelementptr i16 %trottersLocal_V_3_5, i64 0, i64 %zext_ln190" [/home/edci/workspace/SQA_kernels/src/qmc.cpp:190]   --->   Operation 169 'getelementptr' 'trottersLocal_V_3_5_addr' <Predicate = (!icmp_ln187)> <Delay = 0.00>
ST_3 : Operation 170 [1/1] (0.00ns)   --->   "%trottersLocal_V_3_6_addr = getelementptr i16 %trottersLocal_V_3_6, i64 0, i64 %zext_ln190" [/home/edci/workspace/SQA_kernels/src/qmc.cpp:190]   --->   Operation 170 'getelementptr' 'trottersLocal_V_3_6_addr' <Predicate = (!icmp_ln187)> <Delay = 0.00>
ST_3 : Operation 171 [1/1] (0.00ns)   --->   "%trottersLocal_V_3_7_addr = getelementptr i16 %trottersLocal_V_3_7, i64 0, i64 %zext_ln190" [/home/edci/workspace/SQA_kernels/src/qmc.cpp:190]   --->   Operation 171 'getelementptr' 'trottersLocal_V_3_7_addr' <Predicate = (!icmp_ln187)> <Delay = 0.00>
ST_3 : Operation 172 [1/1] (0.00ns)   --->   "%trottersLocal_V_3_8_addr = getelementptr i16 %trottersLocal_V_3_8, i64 0, i64 %zext_ln190" [/home/edci/workspace/SQA_kernels/src/qmc.cpp:190]   --->   Operation 172 'getelementptr' 'trottersLocal_V_3_8_addr' <Predicate = (!icmp_ln187)> <Delay = 0.00>
ST_3 : Operation 173 [1/1] (0.00ns)   --->   "%trottersLocal_V_3_9_addr = getelementptr i16 %trottersLocal_V_3_9, i64 0, i64 %zext_ln190" [/home/edci/workspace/SQA_kernels/src/qmc.cpp:190]   --->   Operation 173 'getelementptr' 'trottersLocal_V_3_9_addr' <Predicate = (!icmp_ln187)> <Delay = 0.00>
ST_3 : Operation 174 [1/1] (0.00ns)   --->   "%trottersLocal_V_3_10_addr = getelementptr i16 %trottersLocal_V_3_10, i64 0, i64 %zext_ln190" [/home/edci/workspace/SQA_kernels/src/qmc.cpp:190]   --->   Operation 174 'getelementptr' 'trottersLocal_V_3_10_addr' <Predicate = (!icmp_ln187)> <Delay = 0.00>
ST_3 : Operation 175 [1/1] (0.00ns)   --->   "%trottersLocal_V_3_11_addr = getelementptr i16 %trottersLocal_V_3_11, i64 0, i64 %zext_ln190" [/home/edci/workspace/SQA_kernels/src/qmc.cpp:190]   --->   Operation 175 'getelementptr' 'trottersLocal_V_3_11_addr' <Predicate = (!icmp_ln187)> <Delay = 0.00>
ST_3 : Operation 176 [1/1] (0.00ns)   --->   "%trottersLocal_V_3_12_addr = getelementptr i16 %trottersLocal_V_3_12, i64 0, i64 %zext_ln190" [/home/edci/workspace/SQA_kernels/src/qmc.cpp:190]   --->   Operation 176 'getelementptr' 'trottersLocal_V_3_12_addr' <Predicate = (!icmp_ln187)> <Delay = 0.00>
ST_3 : Operation 177 [1/1] (0.00ns)   --->   "%trottersLocal_V_3_13_addr = getelementptr i16 %trottersLocal_V_3_13, i64 0, i64 %zext_ln190" [/home/edci/workspace/SQA_kernels/src/qmc.cpp:190]   --->   Operation 177 'getelementptr' 'trottersLocal_V_3_13_addr' <Predicate = (!icmp_ln187)> <Delay = 0.00>
ST_3 : Operation 178 [1/1] (0.00ns)   --->   "%trottersLocal_V_3_14_addr = getelementptr i16 %trottersLocal_V_3_14, i64 0, i64 %zext_ln190" [/home/edci/workspace/SQA_kernels/src/qmc.cpp:190]   --->   Operation 178 'getelementptr' 'trottersLocal_V_3_14_addr' <Predicate = (!icmp_ln187)> <Delay = 0.00>
ST_3 : Operation 179 [1/1] (0.00ns)   --->   "%trottersLocal_V_3_15_addr = getelementptr i16 %trottersLocal_V_3_15, i64 0, i64 %zext_ln190" [/home/edci/workspace/SQA_kernels/src/qmc.cpp:190]   --->   Operation 179 'getelementptr' 'trottersLocal_V_3_15_addr' <Predicate = (!icmp_ln187)> <Delay = 0.00>
ST_3 : Operation 180 [1/1] (0.38ns)   --->   "%br_ln190 = br i1 %icmp_ln190, void %.split16._crit_edge, void" [/home/edci/workspace/SQA_kernels/src/qmc.cpp:190]   --->   Operation 180 'br' 'br_ln190' <Predicate = (!icmp_ln187)> <Delay = 0.38>
ST_3 : Operation 181 [1/1] (0.38ns)   --->   "%br_ln190 = br void %.split16._crit_edge" [/home/edci/workspace/SQA_kernels/src/qmc.cpp:190]   --->   Operation 181 'br' 'br_ln190' <Predicate = (!icmp_ln187 & icmp_ln190)> <Delay = 0.38>
ST_3 : Operation 182 [1/1] (0.00ns)   --->   "%empty = phi i512 %gmem_addr_read, void, i512 %zext_ln188, void %.split18" [/home/edci/workspace/SQA_kernels/src/qmc.cpp:190]   --->   Operation 182 'phi' 'empty' <Predicate = true> <Delay = 0.00>
ST_3 : Operation 183 [1/1] (0.00ns)   --->   "%trunc_ln190_1 = trunc i512 %empty" [/home/edci/workspace/SQA_kernels/src/qmc.cpp:190]   --->   Operation 183 'trunc' 'trunc_ln190_1' <Predicate = true> <Delay = 0.00>
ST_3 : Operation 184 [1/1] (0.00ns)   --->   "%trunc_ln190_3 = partselect i496 @_ssdm_op_PartSelect.i496.i512.i32.i32, i512 %empty, i32 16, i32 511" [/home/edci/workspace/SQA_kernels/src/qmc.cpp:190]   --->   Operation 184 'partselect' 'trunc_ln190_3' <Predicate = true> <Delay = 0.00>
ST_3 : Operation 185 [1/1] (0.68ns)   --->   "%store_ln190 = store i16 %trunc_ln190_1, i4 %trottersLocal_V_2_14_addr" [/home/edci/workspace/SQA_kernels/src/qmc.cpp:190]   --->   Operation 185 'store' 'store_ln190' <Predicate = (trunc_ln187 == 2 & trunc_ln190 == 14)> <Delay = 0.68> <CoreInst = "RAM">   --->   Core 83 'RAM' <Latency = 1> <II = 1> <Delay = 0.68> <Storage> <Opcode : 'load' 'store'> <Ports = 2> <Width = 16> <Depth = 16> <RAM>
ST_3 : Operation 186 [1/1] (0.68ns)   --->   "%store_ln190 = store i16 %trunc_ln190_1, i4 %trottersLocal_V_2_13_addr" [/home/edci/workspace/SQA_kernels/src/qmc.cpp:190]   --->   Operation 186 'store' 'store_ln190' <Predicate = (trunc_ln187 == 2 & trunc_ln190 == 13)> <Delay = 0.68> <CoreInst = "RAM">   --->   Core 83 'RAM' <Latency = 1> <II = 1> <Delay = 0.68> <Storage> <Opcode : 'load' 'store'> <Ports = 2> <Width = 16> <Depth = 16> <RAM>
ST_3 : Operation 187 [1/1] (0.68ns)   --->   "%store_ln190 = store i16 %trunc_ln190_1, i4 %trottersLocal_V_2_12_addr" [/home/edci/workspace/SQA_kernels/src/qmc.cpp:190]   --->   Operation 187 'store' 'store_ln190' <Predicate = (trunc_ln187 == 2 & trunc_ln190 == 12)> <Delay = 0.68> <CoreInst = "RAM">   --->   Core 83 'RAM' <Latency = 1> <II = 1> <Delay = 0.68> <Storage> <Opcode : 'load' 'store'> <Ports = 2> <Width = 16> <Depth = 16> <RAM>
ST_3 : Operation 188 [1/1] (0.68ns)   --->   "%store_ln190 = store i16 %trunc_ln190_1, i4 %trottersLocal_V_2_11_addr" [/home/edci/workspace/SQA_kernels/src/qmc.cpp:190]   --->   Operation 188 'store' 'store_ln190' <Predicate = (trunc_ln187 == 2 & trunc_ln190 == 11)> <Delay = 0.68> <CoreInst = "RAM">   --->   Core 83 'RAM' <Latency = 1> <II = 1> <Delay = 0.68> <Storage> <Opcode : 'load' 'store'> <Ports = 2> <Width = 16> <Depth = 16> <RAM>
ST_3 : Operation 189 [1/1] (0.68ns)   --->   "%store_ln190 = store i16 %trunc_ln190_1, i4 %trottersLocal_V_2_10_addr" [/home/edci/workspace/SQA_kernels/src/qmc.cpp:190]   --->   Operation 189 'store' 'store_ln190' <Predicate = (trunc_ln187 == 2 & trunc_ln190 == 10)> <Delay = 0.68> <CoreInst = "RAM">   --->   Core 83 'RAM' <Latency = 1> <II = 1> <Delay = 0.68> <Storage> <Opcode : 'load' 'store'> <Ports = 2> <Width = 16> <Depth = 16> <RAM>
ST_3 : Operation 190 [1/1] (0.68ns)   --->   "%store_ln190 = store i16 %trunc_ln190_1, i4 %trottersLocal_V_2_9_addr" [/home/edci/workspace/SQA_kernels/src/qmc.cpp:190]   --->   Operation 190 'store' 'store_ln190' <Predicate = (trunc_ln187 == 2 & trunc_ln190 == 9)> <Delay = 0.68> <CoreInst = "RAM">   --->   Core 83 'RAM' <Latency = 1> <II = 1> <Delay = 0.68> <Storage> <Opcode : 'load' 'store'> <Ports = 2> <Width = 16> <Depth = 16> <RAM>
ST_3 : Operation 191 [1/1] (0.68ns)   --->   "%store_ln190 = store i16 %trunc_ln190_1, i4 %trottersLocal_V_2_8_addr" [/home/edci/workspace/SQA_kernels/src/qmc.cpp:190]   --->   Operation 191 'store' 'store_ln190' <Predicate = (trunc_ln187 == 2 & trunc_ln190 == 8)> <Delay = 0.68> <CoreInst = "RAM">   --->   Core 83 'RAM' <Latency = 1> <II = 1> <Delay = 0.68> <Storage> <Opcode : 'load' 'store'> <Ports = 2> <Width = 16> <Depth = 16> <RAM>
ST_3 : Operation 192 [1/1] (0.68ns)   --->   "%store_ln190 = store i16 %trunc_ln190_1, i4 %trottersLocal_V_2_7_addr" [/home/edci/workspace/SQA_kernels/src/qmc.cpp:190]   --->   Operation 192 'store' 'store_ln190' <Predicate = (trunc_ln187 == 2 & trunc_ln190 == 7)> <Delay = 0.68> <CoreInst = "RAM">   --->   Core 83 'RAM' <Latency = 1> <II = 1> <Delay = 0.68> <Storage> <Opcode : 'load' 'store'> <Ports = 2> <Width = 16> <Depth = 16> <RAM>
ST_3 : Operation 193 [1/1] (0.68ns)   --->   "%store_ln190 = store i16 %trunc_ln190_1, i4 %trottersLocal_V_2_6_addr" [/home/edci/workspace/SQA_kernels/src/qmc.cpp:190]   --->   Operation 193 'store' 'store_ln190' <Predicate = (trunc_ln187 == 2 & trunc_ln190 == 6)> <Delay = 0.68> <CoreInst = "RAM">   --->   Core 83 'RAM' <Latency = 1> <II = 1> <Delay = 0.68> <Storage> <Opcode : 'load' 'store'> <Ports = 2> <Width = 16> <Depth = 16> <RAM>
ST_3 : Operation 194 [1/1] (0.68ns)   --->   "%store_ln190 = store i16 %trunc_ln190_1, i4 %trottersLocal_V_2_5_addr" [/home/edci/workspace/SQA_kernels/src/qmc.cpp:190]   --->   Operation 194 'store' 'store_ln190' <Predicate = (trunc_ln187 == 2 & trunc_ln190 == 5)> <Delay = 0.68> <CoreInst = "RAM">   --->   Core 83 'RAM' <Latency = 1> <II = 1> <Delay = 0.68> <Storage> <Opcode : 'load' 'store'> <Ports = 2> <Width = 16> <Depth = 16> <RAM>
ST_3 : Operation 195 [1/1] (0.68ns)   --->   "%store_ln190 = store i16 %trunc_ln190_1, i4 %trottersLocal_V_2_4_addr" [/home/edci/workspace/SQA_kernels/src/qmc.cpp:190]   --->   Operation 195 'store' 'store_ln190' <Predicate = (trunc_ln187 == 2 & trunc_ln190 == 4)> <Delay = 0.68> <CoreInst = "RAM">   --->   Core 83 'RAM' <Latency = 1> <II = 1> <Delay = 0.68> <Storage> <Opcode : 'load' 'store'> <Ports = 2> <Width = 16> <Depth = 16> <RAM>
ST_3 : Operation 196 [1/1] (0.68ns)   --->   "%store_ln190 = store i16 %trunc_ln190_1, i4 %trottersLocal_V_2_3_addr" [/home/edci/workspace/SQA_kernels/src/qmc.cpp:190]   --->   Operation 196 'store' 'store_ln190' <Predicate = (trunc_ln187 == 2 & trunc_ln190 == 3)> <Delay = 0.68> <CoreInst = "RAM">   --->   Core 83 'RAM' <Latency = 1> <II = 1> <Delay = 0.68> <Storage> <Opcode : 'load' 'store'> <Ports = 2> <Width = 16> <Depth = 16> <RAM>
ST_3 : Operation 197 [1/1] (0.68ns)   --->   "%store_ln190 = store i16 %trunc_ln190_1, i4 %trottersLocal_V_2_2_addr" [/home/edci/workspace/SQA_kernels/src/qmc.cpp:190]   --->   Operation 197 'store' 'store_ln190' <Predicate = (trunc_ln187 == 2 & trunc_ln190 == 2)> <Delay = 0.68> <CoreInst = "RAM">   --->   Core 83 'RAM' <Latency = 1> <II = 1> <Delay = 0.68> <Storage> <Opcode : 'load' 'store'> <Ports = 2> <Width = 16> <Depth = 16> <RAM>
ST_3 : Operation 198 [1/1] (0.68ns)   --->   "%store_ln190 = store i16 %trunc_ln190_1, i4 %trottersLocal_V_2_1_addr" [/home/edci/workspace/SQA_kernels/src/qmc.cpp:190]   --->   Operation 198 'store' 'store_ln190' <Predicate = (trunc_ln187 == 2 & trunc_ln190 == 1)> <Delay = 0.68> <CoreInst = "RAM">   --->   Core 83 'RAM' <Latency = 1> <II = 1> <Delay = 0.68> <Storage> <Opcode : 'load' 'store'> <Ports = 2> <Width = 16> <Depth = 16> <RAM>
ST_3 : Operation 199 [1/1] (0.68ns)   --->   "%store_ln190 = store i16 %trunc_ln190_1, i4 %trottersLocal_V_2_0_addr" [/home/edci/workspace/SQA_kernels/src/qmc.cpp:190]   --->   Operation 199 'store' 'store_ln190' <Predicate = (trunc_ln187 == 2 & trunc_ln190 == 0)> <Delay = 0.68> <CoreInst = "RAM">   --->   Core 83 'RAM' <Latency = 1> <II = 1> <Delay = 0.68> <Storage> <Opcode : 'load' 'store'> <Ports = 2> <Width = 16> <Depth = 16> <RAM>
ST_3 : Operation 200 [1/1] (0.68ns)   --->   "%store_ln190 = store i16 %trunc_ln190_1, i4 %trottersLocal_V_2_15_addr" [/home/edci/workspace/SQA_kernels/src/qmc.cpp:190]   --->   Operation 200 'store' 'store_ln190' <Predicate = (trunc_ln187 == 2 & trunc_ln190 == 15)> <Delay = 0.68> <CoreInst = "RAM">   --->   Core 83 'RAM' <Latency = 1> <II = 1> <Delay = 0.68> <Storage> <Opcode : 'load' 'store'> <Ports = 2> <Width = 16> <Depth = 16> <RAM>
ST_3 : Operation 201 [1/1] (0.00ns)   --->   "%br_ln190 = br void %.split16._crit_edge516" [/home/edci/workspace/SQA_kernels/src/qmc.cpp:190]   --->   Operation 201 'br' 'br_ln190' <Predicate = (trunc_ln187 == 2)> <Delay = 0.00>
ST_3 : Operation 202 [1/1] (0.68ns)   --->   "%store_ln190 = store i16 %trunc_ln190_1, i4 %trottersLocal_V_1_14_addr" [/home/edci/workspace/SQA_kernels/src/qmc.cpp:190]   --->   Operation 202 'store' 'store_ln190' <Predicate = (trunc_ln187 == 1 & trunc_ln190 == 14)> <Delay = 0.68> <CoreInst = "RAM">   --->   Core 83 'RAM' <Latency = 1> <II = 1> <Delay = 0.68> <Storage> <Opcode : 'load' 'store'> <Ports = 2> <Width = 16> <Depth = 16> <RAM>
ST_3 : Operation 203 [1/1] (0.68ns)   --->   "%store_ln190 = store i16 %trunc_ln190_1, i4 %trottersLocal_V_1_13_addr" [/home/edci/workspace/SQA_kernels/src/qmc.cpp:190]   --->   Operation 203 'store' 'store_ln190' <Predicate = (trunc_ln187 == 1 & trunc_ln190 == 13)> <Delay = 0.68> <CoreInst = "RAM">   --->   Core 83 'RAM' <Latency = 1> <II = 1> <Delay = 0.68> <Storage> <Opcode : 'load' 'store'> <Ports = 2> <Width = 16> <Depth = 16> <RAM>
ST_3 : Operation 204 [1/1] (0.68ns)   --->   "%store_ln190 = store i16 %trunc_ln190_1, i4 %trottersLocal_V_1_12_addr" [/home/edci/workspace/SQA_kernels/src/qmc.cpp:190]   --->   Operation 204 'store' 'store_ln190' <Predicate = (trunc_ln187 == 1 & trunc_ln190 == 12)> <Delay = 0.68> <CoreInst = "RAM">   --->   Core 83 'RAM' <Latency = 1> <II = 1> <Delay = 0.68> <Storage> <Opcode : 'load' 'store'> <Ports = 2> <Width = 16> <Depth = 16> <RAM>
ST_3 : Operation 205 [1/1] (0.68ns)   --->   "%store_ln190 = store i16 %trunc_ln190_1, i4 %trottersLocal_V_1_11_addr" [/home/edci/workspace/SQA_kernels/src/qmc.cpp:190]   --->   Operation 205 'store' 'store_ln190' <Predicate = (trunc_ln187 == 1 & trunc_ln190 == 11)> <Delay = 0.68> <CoreInst = "RAM">   --->   Core 83 'RAM' <Latency = 1> <II = 1> <Delay = 0.68> <Storage> <Opcode : 'load' 'store'> <Ports = 2> <Width = 16> <Depth = 16> <RAM>
ST_3 : Operation 206 [1/1] (0.68ns)   --->   "%store_ln190 = store i16 %trunc_ln190_1, i4 %trottersLocal_V_1_10_addr" [/home/edci/workspace/SQA_kernels/src/qmc.cpp:190]   --->   Operation 206 'store' 'store_ln190' <Predicate = (trunc_ln187 == 1 & trunc_ln190 == 10)> <Delay = 0.68> <CoreInst = "RAM">   --->   Core 83 'RAM' <Latency = 1> <II = 1> <Delay = 0.68> <Storage> <Opcode : 'load' 'store'> <Ports = 2> <Width = 16> <Depth = 16> <RAM>
ST_3 : Operation 207 [1/1] (0.68ns)   --->   "%store_ln190 = store i16 %trunc_ln190_1, i4 %trottersLocal_V_1_9_addr" [/home/edci/workspace/SQA_kernels/src/qmc.cpp:190]   --->   Operation 207 'store' 'store_ln190' <Predicate = (trunc_ln187 == 1 & trunc_ln190 == 9)> <Delay = 0.68> <CoreInst = "RAM">   --->   Core 83 'RAM' <Latency = 1> <II = 1> <Delay = 0.68> <Storage> <Opcode : 'load' 'store'> <Ports = 2> <Width = 16> <Depth = 16> <RAM>
ST_3 : Operation 208 [1/1] (0.68ns)   --->   "%store_ln190 = store i16 %trunc_ln190_1, i4 %trottersLocal_V_1_8_addr" [/home/edci/workspace/SQA_kernels/src/qmc.cpp:190]   --->   Operation 208 'store' 'store_ln190' <Predicate = (trunc_ln187 == 1 & trunc_ln190 == 8)> <Delay = 0.68> <CoreInst = "RAM">   --->   Core 83 'RAM' <Latency = 1> <II = 1> <Delay = 0.68> <Storage> <Opcode : 'load' 'store'> <Ports = 2> <Width = 16> <Depth = 16> <RAM>
ST_3 : Operation 209 [1/1] (0.68ns)   --->   "%store_ln190 = store i16 %trunc_ln190_1, i4 %trottersLocal_V_1_7_addr" [/home/edci/workspace/SQA_kernels/src/qmc.cpp:190]   --->   Operation 209 'store' 'store_ln190' <Predicate = (trunc_ln187 == 1 & trunc_ln190 == 7)> <Delay = 0.68> <CoreInst = "RAM">   --->   Core 83 'RAM' <Latency = 1> <II = 1> <Delay = 0.68> <Storage> <Opcode : 'load' 'store'> <Ports = 2> <Width = 16> <Depth = 16> <RAM>
ST_3 : Operation 210 [1/1] (0.68ns)   --->   "%store_ln190 = store i16 %trunc_ln190_1, i4 %trottersLocal_V_1_6_addr" [/home/edci/workspace/SQA_kernels/src/qmc.cpp:190]   --->   Operation 210 'store' 'store_ln190' <Predicate = (trunc_ln187 == 1 & trunc_ln190 == 6)> <Delay = 0.68> <CoreInst = "RAM">   --->   Core 83 'RAM' <Latency = 1> <II = 1> <Delay = 0.68> <Storage> <Opcode : 'load' 'store'> <Ports = 2> <Width = 16> <Depth = 16> <RAM>
ST_3 : Operation 211 [1/1] (0.68ns)   --->   "%store_ln190 = store i16 %trunc_ln190_1, i4 %trottersLocal_V_1_5_addr" [/home/edci/workspace/SQA_kernels/src/qmc.cpp:190]   --->   Operation 211 'store' 'store_ln190' <Predicate = (trunc_ln187 == 1 & trunc_ln190 == 5)> <Delay = 0.68> <CoreInst = "RAM">   --->   Core 83 'RAM' <Latency = 1> <II = 1> <Delay = 0.68> <Storage> <Opcode : 'load' 'store'> <Ports = 2> <Width = 16> <Depth = 16> <RAM>
ST_3 : Operation 212 [1/1] (0.68ns)   --->   "%store_ln190 = store i16 %trunc_ln190_1, i4 %trottersLocal_V_1_4_addr" [/home/edci/workspace/SQA_kernels/src/qmc.cpp:190]   --->   Operation 212 'store' 'store_ln190' <Predicate = (trunc_ln187 == 1 & trunc_ln190 == 4)> <Delay = 0.68> <CoreInst = "RAM">   --->   Core 83 'RAM' <Latency = 1> <II = 1> <Delay = 0.68> <Storage> <Opcode : 'load' 'store'> <Ports = 2> <Width = 16> <Depth = 16> <RAM>
ST_3 : Operation 213 [1/1] (0.68ns)   --->   "%store_ln190 = store i16 %trunc_ln190_1, i4 %trottersLocal_V_1_3_addr" [/home/edci/workspace/SQA_kernels/src/qmc.cpp:190]   --->   Operation 213 'store' 'store_ln190' <Predicate = (trunc_ln187 == 1 & trunc_ln190 == 3)> <Delay = 0.68> <CoreInst = "RAM">   --->   Core 83 'RAM' <Latency = 1> <II = 1> <Delay = 0.68> <Storage> <Opcode : 'load' 'store'> <Ports = 2> <Width = 16> <Depth = 16> <RAM>
ST_3 : Operation 214 [1/1] (0.68ns)   --->   "%store_ln190 = store i16 %trunc_ln190_1, i4 %trottersLocal_V_1_2_addr" [/home/edci/workspace/SQA_kernels/src/qmc.cpp:190]   --->   Operation 214 'store' 'store_ln190' <Predicate = (trunc_ln187 == 1 & trunc_ln190 == 2)> <Delay = 0.68> <CoreInst = "RAM">   --->   Core 83 'RAM' <Latency = 1> <II = 1> <Delay = 0.68> <Storage> <Opcode : 'load' 'store'> <Ports = 2> <Width = 16> <Depth = 16> <RAM>
ST_3 : Operation 215 [1/1] (0.68ns)   --->   "%store_ln190 = store i16 %trunc_ln190_1, i4 %trottersLocal_V_1_1_addr" [/home/edci/workspace/SQA_kernels/src/qmc.cpp:190]   --->   Operation 215 'store' 'store_ln190' <Predicate = (trunc_ln187 == 1 & trunc_ln190 == 1)> <Delay = 0.68> <CoreInst = "RAM">   --->   Core 83 'RAM' <Latency = 1> <II = 1> <Delay = 0.68> <Storage> <Opcode : 'load' 'store'> <Ports = 2> <Width = 16> <Depth = 16> <RAM>
ST_3 : Operation 216 [1/1] (0.68ns)   --->   "%store_ln190 = store i16 %trunc_ln190_1, i4 %trottersLocal_V_1_0_addr" [/home/edci/workspace/SQA_kernels/src/qmc.cpp:190]   --->   Operation 216 'store' 'store_ln190' <Predicate = (trunc_ln187 == 1 & trunc_ln190 == 0)> <Delay = 0.68> <CoreInst = "RAM">   --->   Core 83 'RAM' <Latency = 1> <II = 1> <Delay = 0.68> <Storage> <Opcode : 'load' 'store'> <Ports = 2> <Width = 16> <Depth = 16> <RAM>
ST_3 : Operation 217 [1/1] (0.68ns)   --->   "%store_ln190 = store i16 %trunc_ln190_1, i4 %trottersLocal_V_1_15_addr" [/home/edci/workspace/SQA_kernels/src/qmc.cpp:190]   --->   Operation 217 'store' 'store_ln190' <Predicate = (trunc_ln187 == 1 & trunc_ln190 == 15)> <Delay = 0.68> <CoreInst = "RAM">   --->   Core 83 'RAM' <Latency = 1> <II = 1> <Delay = 0.68> <Storage> <Opcode : 'load' 'store'> <Ports = 2> <Width = 16> <Depth = 16> <RAM>
ST_3 : Operation 218 [1/1] (0.00ns)   --->   "%br_ln190 = br void %.split16._crit_edge516" [/home/edci/workspace/SQA_kernels/src/qmc.cpp:190]   --->   Operation 218 'br' 'br_ln190' <Predicate = (trunc_ln187 == 1)> <Delay = 0.00>
ST_3 : Operation 219 [1/1] (0.68ns)   --->   "%store_ln190 = store i16 %trunc_ln190_1, i4 %trottersLocal_V_0_14_addr" [/home/edci/workspace/SQA_kernels/src/qmc.cpp:190]   --->   Operation 219 'store' 'store_ln190' <Predicate = (trunc_ln187 == 0 & trunc_ln190 == 14)> <Delay = 0.68> <CoreInst = "RAM">   --->   Core 83 'RAM' <Latency = 1> <II = 1> <Delay = 0.68> <Storage> <Opcode : 'load' 'store'> <Ports = 2> <Width = 16> <Depth = 16> <RAM>
ST_3 : Operation 220 [1/1] (0.68ns)   --->   "%store_ln190 = store i16 %trunc_ln190_1, i4 %trottersLocal_V_0_13_addr" [/home/edci/workspace/SQA_kernels/src/qmc.cpp:190]   --->   Operation 220 'store' 'store_ln190' <Predicate = (trunc_ln187 == 0 & trunc_ln190 == 13)> <Delay = 0.68> <CoreInst = "RAM">   --->   Core 83 'RAM' <Latency = 1> <II = 1> <Delay = 0.68> <Storage> <Opcode : 'load' 'store'> <Ports = 2> <Width = 16> <Depth = 16> <RAM>
ST_3 : Operation 221 [1/1] (0.68ns)   --->   "%store_ln190 = store i16 %trunc_ln190_1, i4 %trottersLocal_V_0_12_addr" [/home/edci/workspace/SQA_kernels/src/qmc.cpp:190]   --->   Operation 221 'store' 'store_ln190' <Predicate = (trunc_ln187 == 0 & trunc_ln190 == 12)> <Delay = 0.68> <CoreInst = "RAM">   --->   Core 83 'RAM' <Latency = 1> <II = 1> <Delay = 0.68> <Storage> <Opcode : 'load' 'store'> <Ports = 2> <Width = 16> <Depth = 16> <RAM>
ST_3 : Operation 222 [1/1] (0.68ns)   --->   "%store_ln190 = store i16 %trunc_ln190_1, i4 %trottersLocal_V_0_11_addr" [/home/edci/workspace/SQA_kernels/src/qmc.cpp:190]   --->   Operation 222 'store' 'store_ln190' <Predicate = (trunc_ln187 == 0 & trunc_ln190 == 11)> <Delay = 0.68> <CoreInst = "RAM">   --->   Core 83 'RAM' <Latency = 1> <II = 1> <Delay = 0.68> <Storage> <Opcode : 'load' 'store'> <Ports = 2> <Width = 16> <Depth = 16> <RAM>
ST_3 : Operation 223 [1/1] (0.68ns)   --->   "%store_ln190 = store i16 %trunc_ln190_1, i4 %trottersLocal_V_0_10_addr" [/home/edci/workspace/SQA_kernels/src/qmc.cpp:190]   --->   Operation 223 'store' 'store_ln190' <Predicate = (trunc_ln187 == 0 & trunc_ln190 == 10)> <Delay = 0.68> <CoreInst = "RAM">   --->   Core 83 'RAM' <Latency = 1> <II = 1> <Delay = 0.68> <Storage> <Opcode : 'load' 'store'> <Ports = 2> <Width = 16> <Depth = 16> <RAM>
ST_3 : Operation 224 [1/1] (0.68ns)   --->   "%store_ln190 = store i16 %trunc_ln190_1, i4 %trottersLocal_V_0_9_addr" [/home/edci/workspace/SQA_kernels/src/qmc.cpp:190]   --->   Operation 224 'store' 'store_ln190' <Predicate = (trunc_ln187 == 0 & trunc_ln190 == 9)> <Delay = 0.68> <CoreInst = "RAM">   --->   Core 83 'RAM' <Latency = 1> <II = 1> <Delay = 0.68> <Storage> <Opcode : 'load' 'store'> <Ports = 2> <Width = 16> <Depth = 16> <RAM>
ST_3 : Operation 225 [1/1] (0.68ns)   --->   "%store_ln190 = store i16 %trunc_ln190_1, i4 %trottersLocal_V_0_8_addr" [/home/edci/workspace/SQA_kernels/src/qmc.cpp:190]   --->   Operation 225 'store' 'store_ln190' <Predicate = (trunc_ln187 == 0 & trunc_ln190 == 8)> <Delay = 0.68> <CoreInst = "RAM">   --->   Core 83 'RAM' <Latency = 1> <II = 1> <Delay = 0.68> <Storage> <Opcode : 'load' 'store'> <Ports = 2> <Width = 16> <Depth = 16> <RAM>
ST_3 : Operation 226 [1/1] (0.68ns)   --->   "%store_ln190 = store i16 %trunc_ln190_1, i4 %trottersLocal_V_0_7_addr" [/home/edci/workspace/SQA_kernels/src/qmc.cpp:190]   --->   Operation 226 'store' 'store_ln190' <Predicate = (trunc_ln187 == 0 & trunc_ln190 == 7)> <Delay = 0.68> <CoreInst = "RAM">   --->   Core 83 'RAM' <Latency = 1> <II = 1> <Delay = 0.68> <Storage> <Opcode : 'load' 'store'> <Ports = 2> <Width = 16> <Depth = 16> <RAM>
ST_3 : Operation 227 [1/1] (0.68ns)   --->   "%store_ln190 = store i16 %trunc_ln190_1, i4 %trottersLocal_V_0_6_addr" [/home/edci/workspace/SQA_kernels/src/qmc.cpp:190]   --->   Operation 227 'store' 'store_ln190' <Predicate = (trunc_ln187 == 0 & trunc_ln190 == 6)> <Delay = 0.68> <CoreInst = "RAM">   --->   Core 83 'RAM' <Latency = 1> <II = 1> <Delay = 0.68> <Storage> <Opcode : 'load' 'store'> <Ports = 2> <Width = 16> <Depth = 16> <RAM>
ST_3 : Operation 228 [1/1] (0.68ns)   --->   "%store_ln190 = store i16 %trunc_ln190_1, i4 %trottersLocal_V_0_5_addr" [/home/edci/workspace/SQA_kernels/src/qmc.cpp:190]   --->   Operation 228 'store' 'store_ln190' <Predicate = (trunc_ln187 == 0 & trunc_ln190 == 5)> <Delay = 0.68> <CoreInst = "RAM">   --->   Core 83 'RAM' <Latency = 1> <II = 1> <Delay = 0.68> <Storage> <Opcode : 'load' 'store'> <Ports = 2> <Width = 16> <Depth = 16> <RAM>
ST_3 : Operation 229 [1/1] (0.68ns)   --->   "%store_ln190 = store i16 %trunc_ln190_1, i4 %trottersLocal_V_0_4_addr" [/home/edci/workspace/SQA_kernels/src/qmc.cpp:190]   --->   Operation 229 'store' 'store_ln190' <Predicate = (trunc_ln187 == 0 & trunc_ln190 == 4)> <Delay = 0.68> <CoreInst = "RAM">   --->   Core 83 'RAM' <Latency = 1> <II = 1> <Delay = 0.68> <Storage> <Opcode : 'load' 'store'> <Ports = 2> <Width = 16> <Depth = 16> <RAM>
ST_3 : Operation 230 [1/1] (0.68ns)   --->   "%store_ln190 = store i16 %trunc_ln190_1, i4 %trottersLocal_V_0_3_addr" [/home/edci/workspace/SQA_kernels/src/qmc.cpp:190]   --->   Operation 230 'store' 'store_ln190' <Predicate = (trunc_ln187 == 0 & trunc_ln190 == 3)> <Delay = 0.68> <CoreInst = "RAM">   --->   Core 83 'RAM' <Latency = 1> <II = 1> <Delay = 0.68> <Storage> <Opcode : 'load' 'store'> <Ports = 2> <Width = 16> <Depth = 16> <RAM>
ST_3 : Operation 231 [1/1] (0.68ns)   --->   "%store_ln190 = store i16 %trunc_ln190_1, i4 %trottersLocal_V_0_2_addr" [/home/edci/workspace/SQA_kernels/src/qmc.cpp:190]   --->   Operation 231 'store' 'store_ln190' <Predicate = (trunc_ln187 == 0 & trunc_ln190 == 2)> <Delay = 0.68> <CoreInst = "RAM">   --->   Core 83 'RAM' <Latency = 1> <II = 1> <Delay = 0.68> <Storage> <Opcode : 'load' 'store'> <Ports = 2> <Width = 16> <Depth = 16> <RAM>
ST_3 : Operation 232 [1/1] (0.68ns)   --->   "%store_ln190 = store i16 %trunc_ln190_1, i4 %trottersLocal_V_0_1_addr" [/home/edci/workspace/SQA_kernels/src/qmc.cpp:190]   --->   Operation 232 'store' 'store_ln190' <Predicate = (trunc_ln187 == 0 & trunc_ln190 == 1)> <Delay = 0.68> <CoreInst = "RAM">   --->   Core 83 'RAM' <Latency = 1> <II = 1> <Delay = 0.68> <Storage> <Opcode : 'load' 'store'> <Ports = 2> <Width = 16> <Depth = 16> <RAM>
ST_3 : Operation 233 [1/1] (0.68ns)   --->   "%store_ln190 = store i16 %trunc_ln190_1, i4 %trottersLocal_V_0_0_addr" [/home/edci/workspace/SQA_kernels/src/qmc.cpp:190]   --->   Operation 233 'store' 'store_ln190' <Predicate = (trunc_ln187 == 0 & trunc_ln190 == 0)> <Delay = 0.68> <CoreInst = "RAM">   --->   Core 83 'RAM' <Latency = 1> <II = 1> <Delay = 0.68> <Storage> <Opcode : 'load' 'store'> <Ports = 2> <Width = 16> <Depth = 16> <RAM>
ST_3 : Operation 234 [1/1] (0.68ns)   --->   "%store_ln190 = store i16 %trunc_ln190_1, i4 %trottersLocal_V_0_15_addr" [/home/edci/workspace/SQA_kernels/src/qmc.cpp:190]   --->   Operation 234 'store' 'store_ln190' <Predicate = (trunc_ln187 == 0 & trunc_ln190 == 15)> <Delay = 0.68> <CoreInst = "RAM">   --->   Core 83 'RAM' <Latency = 1> <II = 1> <Delay = 0.68> <Storage> <Opcode : 'load' 'store'> <Ports = 2> <Width = 16> <Depth = 16> <RAM>
ST_3 : Operation 235 [1/1] (0.00ns)   --->   "%br_ln190 = br void %.split16._crit_edge516" [/home/edci/workspace/SQA_kernels/src/qmc.cpp:190]   --->   Operation 235 'br' 'br_ln190' <Predicate = (trunc_ln187 == 0)> <Delay = 0.00>
ST_3 : Operation 236 [1/1] (0.68ns)   --->   "%store_ln190 = store i16 %trunc_ln190_1, i4 %trottersLocal_V_3_14_addr" [/home/edci/workspace/SQA_kernels/src/qmc.cpp:190]   --->   Operation 236 'store' 'store_ln190' <Predicate = (trunc_ln187 == 3 & trunc_ln190 == 14)> <Delay = 0.68> <CoreInst = "RAM">   --->   Core 83 'RAM' <Latency = 1> <II = 1> <Delay = 0.68> <Storage> <Opcode : 'load' 'store'> <Ports = 2> <Width = 16> <Depth = 16> <RAM>
ST_3 : Operation 237 [1/1] (0.68ns)   --->   "%store_ln190 = store i16 %trunc_ln190_1, i4 %trottersLocal_V_3_13_addr" [/home/edci/workspace/SQA_kernels/src/qmc.cpp:190]   --->   Operation 237 'store' 'store_ln190' <Predicate = (trunc_ln187 == 3 & trunc_ln190 == 13)> <Delay = 0.68> <CoreInst = "RAM">   --->   Core 83 'RAM' <Latency = 1> <II = 1> <Delay = 0.68> <Storage> <Opcode : 'load' 'store'> <Ports = 2> <Width = 16> <Depth = 16> <RAM>
ST_3 : Operation 238 [1/1] (0.68ns)   --->   "%store_ln190 = store i16 %trunc_ln190_1, i4 %trottersLocal_V_3_12_addr" [/home/edci/workspace/SQA_kernels/src/qmc.cpp:190]   --->   Operation 238 'store' 'store_ln190' <Predicate = (trunc_ln187 == 3 & trunc_ln190 == 12)> <Delay = 0.68> <CoreInst = "RAM">   --->   Core 83 'RAM' <Latency = 1> <II = 1> <Delay = 0.68> <Storage> <Opcode : 'load' 'store'> <Ports = 2> <Width = 16> <Depth = 16> <RAM>
ST_3 : Operation 239 [1/1] (0.68ns)   --->   "%store_ln190 = store i16 %trunc_ln190_1, i4 %trottersLocal_V_3_11_addr" [/home/edci/workspace/SQA_kernels/src/qmc.cpp:190]   --->   Operation 239 'store' 'store_ln190' <Predicate = (trunc_ln187 == 3 & trunc_ln190 == 11)> <Delay = 0.68> <CoreInst = "RAM">   --->   Core 83 'RAM' <Latency = 1> <II = 1> <Delay = 0.68> <Storage> <Opcode : 'load' 'store'> <Ports = 2> <Width = 16> <Depth = 16> <RAM>
ST_3 : Operation 240 [1/1] (0.68ns)   --->   "%store_ln190 = store i16 %trunc_ln190_1, i4 %trottersLocal_V_3_10_addr" [/home/edci/workspace/SQA_kernels/src/qmc.cpp:190]   --->   Operation 240 'store' 'store_ln190' <Predicate = (trunc_ln187 == 3 & trunc_ln190 == 10)> <Delay = 0.68> <CoreInst = "RAM">   --->   Core 83 'RAM' <Latency = 1> <II = 1> <Delay = 0.68> <Storage> <Opcode : 'load' 'store'> <Ports = 2> <Width = 16> <Depth = 16> <RAM>
ST_3 : Operation 241 [1/1] (0.68ns)   --->   "%store_ln190 = store i16 %trunc_ln190_1, i4 %trottersLocal_V_3_9_addr" [/home/edci/workspace/SQA_kernels/src/qmc.cpp:190]   --->   Operation 241 'store' 'store_ln190' <Predicate = (trunc_ln187 == 3 & trunc_ln190 == 9)> <Delay = 0.68> <CoreInst = "RAM">   --->   Core 83 'RAM' <Latency = 1> <II = 1> <Delay = 0.68> <Storage> <Opcode : 'load' 'store'> <Ports = 2> <Width = 16> <Depth = 16> <RAM>
ST_3 : Operation 242 [1/1] (0.68ns)   --->   "%store_ln190 = store i16 %trunc_ln190_1, i4 %trottersLocal_V_3_8_addr" [/home/edci/workspace/SQA_kernels/src/qmc.cpp:190]   --->   Operation 242 'store' 'store_ln190' <Predicate = (trunc_ln187 == 3 & trunc_ln190 == 8)> <Delay = 0.68> <CoreInst = "RAM">   --->   Core 83 'RAM' <Latency = 1> <II = 1> <Delay = 0.68> <Storage> <Opcode : 'load' 'store'> <Ports = 2> <Width = 16> <Depth = 16> <RAM>
ST_3 : Operation 243 [1/1] (0.68ns)   --->   "%store_ln190 = store i16 %trunc_ln190_1, i4 %trottersLocal_V_3_7_addr" [/home/edci/workspace/SQA_kernels/src/qmc.cpp:190]   --->   Operation 243 'store' 'store_ln190' <Predicate = (trunc_ln187 == 3 & trunc_ln190 == 7)> <Delay = 0.68> <CoreInst = "RAM">   --->   Core 83 'RAM' <Latency = 1> <II = 1> <Delay = 0.68> <Storage> <Opcode : 'load' 'store'> <Ports = 2> <Width = 16> <Depth = 16> <RAM>
ST_3 : Operation 244 [1/1] (0.68ns)   --->   "%store_ln190 = store i16 %trunc_ln190_1, i4 %trottersLocal_V_3_6_addr" [/home/edci/workspace/SQA_kernels/src/qmc.cpp:190]   --->   Operation 244 'store' 'store_ln190' <Predicate = (trunc_ln187 == 3 & trunc_ln190 == 6)> <Delay = 0.68> <CoreInst = "RAM">   --->   Core 83 'RAM' <Latency = 1> <II = 1> <Delay = 0.68> <Storage> <Opcode : 'load' 'store'> <Ports = 2> <Width = 16> <Depth = 16> <RAM>
ST_3 : Operation 245 [1/1] (0.68ns)   --->   "%store_ln190 = store i16 %trunc_ln190_1, i4 %trottersLocal_V_3_5_addr" [/home/edci/workspace/SQA_kernels/src/qmc.cpp:190]   --->   Operation 245 'store' 'store_ln190' <Predicate = (trunc_ln187 == 3 & trunc_ln190 == 5)> <Delay = 0.68> <CoreInst = "RAM">   --->   Core 83 'RAM' <Latency = 1> <II = 1> <Delay = 0.68> <Storage> <Opcode : 'load' 'store'> <Ports = 2> <Width = 16> <Depth = 16> <RAM>
ST_3 : Operation 246 [1/1] (0.68ns)   --->   "%store_ln190 = store i16 %trunc_ln190_1, i4 %trottersLocal_V_3_4_addr" [/home/edci/workspace/SQA_kernels/src/qmc.cpp:190]   --->   Operation 246 'store' 'store_ln190' <Predicate = (trunc_ln187 == 3 & trunc_ln190 == 4)> <Delay = 0.68> <CoreInst = "RAM">   --->   Core 83 'RAM' <Latency = 1> <II = 1> <Delay = 0.68> <Storage> <Opcode : 'load' 'store'> <Ports = 2> <Width = 16> <Depth = 16> <RAM>
ST_3 : Operation 247 [1/1] (0.68ns)   --->   "%store_ln190 = store i16 %trunc_ln190_1, i4 %trottersLocal_V_3_3_addr" [/home/edci/workspace/SQA_kernels/src/qmc.cpp:190]   --->   Operation 247 'store' 'store_ln190' <Predicate = (trunc_ln187 == 3 & trunc_ln190 == 3)> <Delay = 0.68> <CoreInst = "RAM">   --->   Core 83 'RAM' <Latency = 1> <II = 1> <Delay = 0.68> <Storage> <Opcode : 'load' 'store'> <Ports = 2> <Width = 16> <Depth = 16> <RAM>
ST_3 : Operation 248 [1/1] (0.68ns)   --->   "%store_ln190 = store i16 %trunc_ln190_1, i4 %trottersLocal_V_3_2_addr" [/home/edci/workspace/SQA_kernels/src/qmc.cpp:190]   --->   Operation 248 'store' 'store_ln190' <Predicate = (trunc_ln187 == 3 & trunc_ln190 == 2)> <Delay = 0.68> <CoreInst = "RAM">   --->   Core 83 'RAM' <Latency = 1> <II = 1> <Delay = 0.68> <Storage> <Opcode : 'load' 'store'> <Ports = 2> <Width = 16> <Depth = 16> <RAM>
ST_3 : Operation 249 [1/1] (0.68ns)   --->   "%store_ln190 = store i16 %trunc_ln190_1, i4 %trottersLocal_V_3_1_addr" [/home/edci/workspace/SQA_kernels/src/qmc.cpp:190]   --->   Operation 249 'store' 'store_ln190' <Predicate = (trunc_ln187 == 3 & trunc_ln190 == 1)> <Delay = 0.68> <CoreInst = "RAM">   --->   Core 83 'RAM' <Latency = 1> <II = 1> <Delay = 0.68> <Storage> <Opcode : 'load' 'store'> <Ports = 2> <Width = 16> <Depth = 16> <RAM>
ST_3 : Operation 250 [1/1] (0.68ns)   --->   "%store_ln190 = store i16 %trunc_ln190_1, i4 %trottersLocal_V_3_0_addr" [/home/edci/workspace/SQA_kernels/src/qmc.cpp:190]   --->   Operation 250 'store' 'store_ln190' <Predicate = (trunc_ln187 == 3 & trunc_ln190 == 0)> <Delay = 0.68> <CoreInst = "RAM">   --->   Core 83 'RAM' <Latency = 1> <II = 1> <Delay = 0.68> <Storage> <Opcode : 'load' 'store'> <Ports = 2> <Width = 16> <Depth = 16> <RAM>
ST_3 : Operation 251 [1/1] (0.68ns)   --->   "%store_ln190 = store i16 %trunc_ln190_1, i4 %trottersLocal_V_3_15_addr" [/home/edci/workspace/SQA_kernels/src/qmc.cpp:190]   --->   Operation 251 'store' 'store_ln190' <Predicate = (trunc_ln187 == 3 & trunc_ln190 == 15)> <Delay = 0.68> <CoreInst = "RAM">   --->   Core 83 'RAM' <Latency = 1> <II = 1> <Delay = 0.68> <Storage> <Opcode : 'load' 'store'> <Ports = 2> <Width = 16> <Depth = 16> <RAM>
ST_3 : Operation 252 [1/1] (0.00ns)   --->   "%br_ln190 = br void %.split16._crit_edge516" [/home/edci/workspace/SQA_kernels/src/qmc.cpp:190]   --->   Operation 252 'br' 'br_ln190' <Predicate = (trunc_ln187 == 3)> <Delay = 0.00>
ST_3 : Operation 253 [1/1] (0.38ns)   --->   "%store_ln190 = store i496 %trunc_ln190_3, i496 %shiftreg1061" [/home/edci/workspace/SQA_kernels/src/qmc.cpp:190]   --->   Operation 253 'store' 'store_ln190' <Predicate = true> <Delay = 0.38>
ST_3 : Operation 254 [1/1] (0.00ns)   --->   "%br_ln0 = br void"   --->   Operation 254 'br' 'br_ln0' <Predicate = true> <Delay = 0.00>


============================================================
+ Verbose Summary: Timing violations
============================================================
Target clock period: 3.33ns, clock uncertainty: 0.9ns.

 <State 1>: 2ns
The critical path consists of the following:
	'alloca' operation ('packOfst') [68]  (0 ns)
	'load' operation ('packOfst_load', /home/edci/workspace/SQA_kernels/src/qmc.cpp:188) on local variable 'packOfst' [87]  (0 ns)
	'icmp' operation ('icmp_ln188', /home/edci/workspace/SQA_kernels/src/qmc.cpp:188) [91]  (0.593 ns)
	'select' operation ('select_ln187', /home/edci/workspace/SQA_kernels/src/qmc.cpp:187) [92]  (0.303 ns)
	'add' operation ('add_ln188', /home/edci/workspace/SQA_kernels/src/qmc.cpp:188) [387]  (0.715 ns)
	'store' operation ('store_ln188', /home/edci/workspace/SQA_kernels/src/qmc.cpp:188) of variable 'add_ln188', /home/edci/workspace/SQA_kernels/src/qmc.cpp:188 on local variable 'packOfst' [390]  (0.387 ns)

 <State 2>: 2.43ns
The critical path consists of the following:
	'getelementptr' operation ('gmem_addr', /home/edci/workspace/SQA_kernels/src/qmc.cpp:187) [81]  (0 ns)
	bus read operation ('gmem_addr_read', /home/edci/workspace/SQA_kernels/src/qmc.cpp:190) on port 'gmem' (/home/edci/workspace/SQA_kernels/src/qmc.cpp:190) [171]  (2.43 ns)

 <State 3>: 1.63ns
The critical path consists of the following:
	'load' operation ('shiftreg1061_load', /home/edci/workspace/SQA_kernels/src/qmc.cpp:187) on local variable 'shiftreg1061' [86]  (0 ns)
	'select' operation ('select_ln187_1', /home/edci/workspace/SQA_kernels/src/qmc.cpp:187) [93]  (0.558 ns)
	multiplexor before 'phi' operation ('empty', /home/edci/workspace/SQA_kernels/src/qmc.cpp:190) with incoming values : ('zext_ln188', /home/edci/workspace/SQA_kernels/src/qmc.cpp:188) ('gmem_addr_read', /home/edci/workspace/SQA_kernels/src/qmc.cpp:190) [174]  (0.387 ns)
	'phi' operation ('empty', /home/edci/workspace/SQA_kernels/src/qmc.cpp:190) with incoming values : ('zext_ln188', /home/edci/workspace/SQA_kernels/src/qmc.cpp:188) ('gmem_addr_read', /home/edci/workspace/SQA_kernels/src/qmc.cpp:190) [174]  (0 ns)
	'store' operation ('store_ln190', /home/edci/workspace/SQA_kernels/src/qmc.cpp:190) of variable 'trunc_ln190_1', /home/edci/workspace/SQA_kernels/src/qmc.cpp:190 on array 'trottersLocal_V_0_4' [315]  (0.683 ns)


============================================================
+ Verbose Summary: Binding
============================================================
N/A
* FSMD analyzer results:
  - Output states:
 - Input state : 
  - Chain level:
	State 1
	State 2
	State 3


============================================================
+ Verbose Summary: Datapath Resource usage 
============================================================
N/A
