

================================================================
== Synthesis Summary Report of 'QuantumMonteCarloU50'
================================================================
+ General Information: 
    * Date:           Wed Oct 27 23:02:38 2021
    * Version:        2021.1 (Build 3247384 on Thu Jun 10 19:36:33 MDT 2021)
    * Project:        SQA-Vitis
    * Solution:       solution1 (Vitis Kernel Flow Target)
    * Product family: virtexuplus
    * Target device:  xcvu35p-fsvh2892-2-e
    

+ Performance & Resource Estimates: 
    
    PS: '+' for module; 'o' for loop; '*' for dataflow
    +------------------------------------------------------------------------------+--------+-------+---------+-----------+----------+---------+------+----------+----------+----------+--------------+--------------+-----+
    |                                    Modules                                   |  Issue |       | Latency |  Latency  | Iteration|         | Trip |          |          |          |              |              |     |
    |                                    & Loops                                   |  Type  | Slack | (cycles)|    (ns)   |  Latency | Interval| Count| Pipelined|   BRAM   |    DSP   |      FF      |      LUT     | URAM|
    +------------------------------------------------------------------------------+--------+-------+---------+-----------+----------+---------+------+----------+----------+----------+--------------+--------------+-----+
    |+ QuantumMonteCarloU50                                                        |  Timing|  -0.24|  1160679|  3.869e+06|         -|  1160680|     -|        no|  266 (9%)|  535 (8%)|  439113 (25%)|  175007 (20%)|    -|
    | + grp_QuantumMonteCarloU50_Pipeline_READ_TROTTERS_READ_TROTTERS_1_fu_1627    |       -|   0.00|      259|    863.247|         -|      259|     -|        no|         -|         -|    1004 (~0%)|     571 (~0%)|    -|
    |  o READ_TROTTERS_READ_TROTTERS_1                                             |       -|   2.43|      257|    856.581|         3|        1|   256|       yes|         -|         -|             -|             -|    -|
    | + grp_QuantumMonteCarloU50_Pipeline_PREFETCH_JCOUP_fu_1638                   |       -|   0.00|      122|    406.626|         -|      122|     -|        no|         -|         -|   111066 (6%)|     9474 (1%)|    -|
    |  o PREFETCH_JCOUP                                                            |      II|   2.43|      120|    399.960|        76|        3|    16|       yes|         -|         -|             -|             -|    -|
    | + grp_QuantumMonteCarloU50_Pipeline_SHIFT_JCOUP_fu_1922                      |       -|   0.94|       18|     59.994|         -|       18|     -|        no|         -|         -|      61 (~0%)|      60 (~0%)|    -|
    |  o SHIFT_JCOUP                                                               |       -|   2.43|       16|     53.328|         2|        1|    16|       yes|         -|         -|             -|             -|    -|
    | + grp_QuantumMonteCarloU50_Pipeline_READ_JCOUP_fu_2198                       |       -|   0.00|      122|    406.626|         -|      122|     -|        no|         -|         -|   111066 (6%)|     9702 (1%)|    -|
    |  o READ_JCOUP                                                                |      II|   2.43|      120|    399.960|        76|        3|    16|       yes|         -|         -|             -|             -|    -|
    | + grp_Run_fu_2483                                                            |  Timing|  -0.24|      168|    559.944|         -|      168|     -|        no|         -|  128 (2%)|    45959 (2%)|    25639 (2%)|    -|
    |  + grp_Run_Pipeline_SUM_UP_fu_185                                            |       -|   0.09|      130|    433.290|         -|      130|     -|        no|         -|  126 (2%)|    44833 (2%)|    24916 (2%)|    -|
    |   o SUM_UP                                                                   |      II|   2.43|      128|    426.624|        69|        4|    16|       yes|         -|         -|             -|             -|    -|
    | + grp_Run_fu_2492                                                            |  Timing|  -0.24|      168|    559.944|         -|      168|     -|        no|         -|  128 (2%)|    45959 (2%)|    25639 (2%)|    -|
    |  + grp_Run_Pipeline_SUM_UP_fu_185                                            |       -|   0.09|      130|    433.290|         -|      130|     -|        no|         -|  126 (2%)|    44833 (2%)|    24916 (2%)|    -|
    |   o SUM_UP                                                                   |      II|   2.43|      128|    426.624|        69|        4|    16|       yes|         -|         -|             -|             -|    -|
    | + grp_Run_fu_2501                                                            |  Timing|  -0.24|      168|    559.944|         -|      168|     -|        no|         -|  128 (2%)|    45959 (2%)|    25639 (2%)|    -|
    |  + grp_Run_Pipeline_SUM_UP_fu_185                                            |       -|   0.09|      130|    433.290|         -|      130|     -|        no|         -|  126 (2%)|    44833 (2%)|    24916 (2%)|    -|
    |   o SUM_UP                                                                   |      II|   2.43|      128|    426.624|        69|        4|    16|       yes|         -|         -|             -|             -|    -|
    | + grp_Run_fu_2510                                                            |  Timing|  -0.24|      168|    559.944|         -|      168|     -|        no|         -|  128 (2%)|    45959 (2%)|    25639 (2%)|    -|
    |  + grp_Run_Pipeline_SUM_UP_fu_185                                            |       -|   0.09|      130|    433.290|         -|      130|     -|        no|         -|  126 (2%)|    44833 (2%)|    24916 (2%)|    -|
    |   o SUM_UP                                                                   |      II|   2.43|      128|    426.624|        69|        4|    16|       yes|         -|         -|             -|             -|    -|
    | + grp_RunFinal_fu_2519                                                       |       -|   0.09|       22|     73.326|         -|       22|     -|        no|         -|   5 (~0%)|     791 (~0%)|     656 (~0%)|    -|
    | + grp_RunFinal_fu_2537                                                       |       -|   0.09|       22|     73.326|         -|       22|     -|        no|         -|   5 (~0%)|     791 (~0%)|     656 (~0%)|    -|
    | + grp_RunFinal_fu_2555                                                       |       -|   0.09|       22|     73.326|         -|       22|     -|        no|         -|   5 (~0%)|     791 (~0%)|     656 (~0%)|    -|
    | + grp_RunFinal_fu_2573                                                       |       -|   0.09|       22|     73.326|         -|       22|     -|        no|         -|   5 (~0%)|     791 (~0%)|     656 (~0%)|    -|
    | + grp_QuantumMonteCarloU50_Pipeline_WRITE_TROTTERS_WRITE_TROTTERS_1_fu_2591  |       -|   0.00|      259|    863.247|         -|      259|     -|        no|         -|         -|     988 (~0%)|     963 (~0%)|    -|
    |  o WRITE_TROTTERS_WRITE_TROTTERS_1                                           |       -|   2.43|      257|    856.581|         3|        1|   256|       yes|         -|         -|             -|             -|    -|
    | o LOOP_STAGE                                                                 |       -|   2.43|  1160017|  3.866e+06|       283|        -|  4099|        no|         -|         -|             -|             -|    -|
    +------------------------------------------------------------------------------+--------+-------+---------+-----------+----------+---------+------+----------+----------+----------+--------------+--------------+-----+


================================================================
== HW Interfaces
================================================================
* M_AXI
+-------------+--------------+---------------+---------+--------+----------+-----------+--------------+--------------+-------------+-------------+
| Interface   | Data Width   | Address Width | Latency | Offset | Register | Max Widen | Max Read     | Max Write    | Num Read    | Num Write   |
|             | (SW->HW)     |               |         |        |          | Bitwidth  | Burst Length | Burst Length | Outstanding | Outstanding |
+-------------+--------------+---------------+---------+--------+----------+-----------+--------------+--------------+-------------+-------------+
| m_axi_gmem0 | 64 -> 512    | 64            | 64      | slave  | 0        | 512       | 16           | 16           | 16          | 16          |
| m_axi_gmem1 | 2048 -> 1024 | 64            | 64      | slave  | 0        | 512       | 16           | 16           | 16          | 16          |
| m_axi_gmem2 | 2048 -> 1024 | 64            | 64      | slave  | 0        | 512       | 16           | 16           | 16          | 16          |
| m_axi_gmem3 | 2048 -> 1024 | 64            | 64      | slave  | 0        | 512       | 16           | 16           | 16          | 16          |
| m_axi_gmem4 | 2048 -> 1024 | 64            | 64      | slave  | 0        | 512       | 16           | 16           | 16          | 16          |
| m_axi_gmem5 | 32 -> 32     | 64            | 64      | slave  | 0        | 512       | 16           | 16           | 16          | 16          |
| m_axi_gmem6 | 32 -> 32     | 64            | 64      | slave  | 0        | 512       | 16           | 16           | 16          | 16          |
+-------------+--------------+---------------+---------+--------+----------+-----------+--------------+--------------+-------------+-------------+

* S_AXILITE
+---------------+------------+---------------+--------+----------+
| Interface     | Data Width | Address Width | Offset | Register |
+---------------+------------+---------------+--------+----------+
| s_axi_control | 32         | 7             | 16     | 0        |
+---------------+------------+---------------+--------+----------+

* TOP LEVEL CONTROL
+-----------+---------------+-----------+
| Interface | Type          | Ports     |
+-----------+---------------+-----------+
| ap_clk    | clock         | ap_clk    |
| ap_rst_n  | reset         | ap_rst_n  |
| interrupt | interrupt     | interrupt |
| ap_ctrl   | ap_ctrl_chain |           |
+-----------+---------------+-----------+


================================================================
== SW I/O Information
================================================================
* Top Function Arguments
+----------+-----------+---------------+
| Argument | Direction | Datatype      |
+----------+-----------+---------------+
| trotters | inout     | ap_uint<64>*  |
| jcoup_0  | in        |  const *      |
| jcoup_1  | in        |  const *      |
| jcoup_2  | in        |  const *      |
| jcoup_3  | in        |  const *      |
| h        | in        | float const * |
| jperp    | in        | float const   |
| beta     | in        | float const   |
| log_rand | in        | float const * |
+----------+-----------+---------------+

* SW-to-HW Mapping
+----------+--------------------------+-----------+----------+-----------------------+
| Argument | HW Name                  | HW Type   | HW Usage | HW Info               |
+----------+--------------------------+-----------+----------+-----------------------+
| trotters | m_axi_gmem0              | interface |          |                       |
| trotters | s_axi_control trotters_1 | register  | offset   | offset=0x10, range=32 |
| trotters | s_axi_control trotters_2 | register  | offset   | offset=0x14, range=32 |
| jcoup_0  | m_axi_gmem1              | interface |          |                       |
| jcoup_0  | s_axi_control jcoup_0_1  | register  | offset   | offset=0x1c, range=32 |
| jcoup_0  | s_axi_control jcoup_0_2  | register  | offset   | offset=0x20, range=32 |
| jcoup_1  | m_axi_gmem2              | interface |          |                       |
| jcoup_1  | s_axi_control jcoup_1_1  | register  | offset   | offset=0x28, range=32 |
| jcoup_1  | s_axi_control jcoup_1_2  | register  | offset   | offset=0x2c, range=32 |
| jcoup_2  | m_axi_gmem3              | interface |          |                       |
| jcoup_2  | s_axi_control jcoup_2_1  | register  | offset   | offset=0x34, range=32 |
| jcoup_2  | s_axi_control jcoup_2_2  | register  | offset   | offset=0x38, range=32 |
| jcoup_3  | m_axi_gmem4              | interface |          |                       |
| jcoup_3  | s_axi_control jcoup_3_1  | register  | offset   | offset=0x40, range=32 |
| jcoup_3  | s_axi_control jcoup_3_2  | register  | offset   | offset=0x44, range=32 |
| h        | m_axi_gmem5              | interface |          |                       |
| h        | s_axi_control h_1        | register  | offset   | offset=0x4c, range=32 |
| h        | s_axi_control h_2        | register  | offset   | offset=0x50, range=32 |
| jperp    | s_axi_control jperp      | register  |          | offset=0x58, range=32 |
| beta     | s_axi_control beta       | register  |          | offset=0x60, range=32 |
| log_rand | m_axi_gmem6              | interface |          |                       |
| log_rand | s_axi_control log_rand_1 | register  | offset   | offset=0x68, range=32 |
| log_rand | s_axi_control log_rand_2 | register  | offset   | offset=0x6c, range=32 |
+----------+--------------------------+-----------+----------+-----------------------+


================================================================
== M_AXI Burst Information
================================================================
* Burst Summary
+--------------+---------------------------------------------------------------------------------------------------------------------------------------------------------------------------------------------------------------------------------+-----------------------------------------------------------------+
| HW Interface | Message                                                                                                                                                                                                                         | Location                                                        |
+--------------+---------------------------------------------------------------------------------------------------------------------------------------------------------------------------------------------------------------------------------+-----------------------------------------------------------------+
| m_axi_gmem0  | Multiple burst reads of length 32 and bit width 512. These bursts requests might be further partitioned into multiple requests during RTL generation, based on max_read_burst_length or max_write_burst_length settings.        | Simulated-Quantum-Annealing/vitis/src/kernel/qmc_u50.cpp:264:5  |
| m_axi_gmem1  | Multiple burst reads of variable length and bit width 1024. These bursts requests might be further partitioned into multiple requests during RTL generation, based on max_read_burst_length or max_write_burst_length settings. | Simulated-Quantum-Annealing/vitis/src/kernel/qmc_u50.cpp:275:26 |
| m_axi_gmem2  | Multiple burst reads of variable length and bit width 1024. These bursts requests might be further partitioned into multiple requests during RTL generation, based on max_read_burst_length or max_write_burst_length settings. | Simulated-Quantum-Annealing/vitis/src/kernel/qmc_u50.cpp:276:33 |
| m_axi_gmem3  | Multiple burst reads of variable length and bit width 1024. These bursts requests might be further partitioned into multiple requests during RTL generation, based on max_read_burst_length or max_write_burst_length settings. | Simulated-Quantum-Annealing/vitis/src/kernel/qmc_u50.cpp:277:33 |
| m_axi_gmem4  | Multiple burst reads of variable length and bit width 1024. These bursts requests might be further partitioned into multiple requests during RTL generation, based on max_read_burst_length or max_write_burst_length settings. | Simulated-Quantum-Annealing/vitis/src/kernel/qmc_u50.cpp:278:33 |
| m_axi_gmem1  | Multiple burst reads of variable length and bit width 1024. These bursts requests might be further partitioned into multiple requests during RTL generation, based on max_read_burst_length or max_write_burst_length settings. | Simulated-Quantum-Annealing/vitis/src/kernel/qmc_u50.cpp:346:26 |
| m_axi_gmem2  | Multiple burst reads of variable length and bit width 1024. These bursts requests might be further partitioned into multiple requests during RTL generation, based on max_read_burst_length or max_write_burst_length settings. | Simulated-Quantum-Annealing/vitis/src/kernel/qmc_u50.cpp:347:37 |
| m_axi_gmem3  | Multiple burst reads of variable length and bit width 1024. These bursts requests might be further partitioned into multiple requests during RTL generation, based on max_read_burst_length or max_write_burst_length settings. | Simulated-Quantum-Annealing/vitis/src/kernel/qmc_u50.cpp:348:37 |
| m_axi_gmem4  | Multiple burst reads of variable length and bit width 1024. These bursts requests might be further partitioned into multiple requests during RTL generation, based on max_read_burst_length or max_write_burst_length settings. | Simulated-Quantum-Annealing/vitis/src/kernel/qmc_u50.cpp:349:37 |
| m_axi_gmem0  | Multiple burst writes of length 32 and bit width 512. These bursts requests might be further partitioned into multiple requests during RTL generation, based on max_read_burst_length or max_write_burst_length settings.       | Simulated-Quantum-Annealing/vitis/src/kernel/qmc_u50.cpp:370:5  |
+--------------+---------------------------------------------------------------------------------------------------------------------------------------------------------------------------------------------------------------------------------+-----------------------------------------------------------------+

* Bursts and Widening Missed
+--------------+----------+--------------------------------------------------------------------------------+------------+-----------------------------------------------------------------+
| HW Interface | Variable | Problem                                                                        | Resolution | Location                                                        |
+--------------+----------+--------------------------------------------------------------------------------+------------+-----------------------------------------------------------------+
| m_axi_gmem1  | jcoup_0  | Alignment is insufficient, current alignment is 64 byte(s) but 256 is required | 214-228    | Simulated-Quantum-Annealing/vitis/src/kernel/qmc_u50.cpp:346:26 |
| m_axi_gmem2  | jcoup_1  | Alignment is insufficient, current alignment is 64 byte(s) but 256 is required | 214-228    | Simulated-Quantum-Annealing/vitis/src/kernel/qmc_u50.cpp:347:37 |
| m_axi_gmem3  | jcoup_2  | Alignment is insufficient, current alignment is 64 byte(s) but 256 is required | 214-228    | Simulated-Quantum-Annealing/vitis/src/kernel/qmc_u50.cpp:348:37 |
| m_axi_gmem4  | jcoup_3  | Alignment is insufficient, current alignment is 64 byte(s) but 256 is required | 214-228    | Simulated-Quantum-Annealing/vitis/src/kernel/qmc_u50.cpp:349:37 |
| m_axi_gmem1  | jcoup_0  | Alignment is insufficient, current alignment is 64 byte(s) but 256 is required | 214-228    | Simulated-Quantum-Annealing/vitis/src/kernel/qmc_u50.cpp:275:26 |
| m_axi_gmem2  | jcoup_1  | Alignment is insufficient, current alignment is 64 byte(s) but 256 is required | 214-228    | Simulated-Quantum-Annealing/vitis/src/kernel/qmc_u50.cpp:276:33 |
| m_axi_gmem3  | jcoup_2  | Alignment is insufficient, current alignment is 64 byte(s) but 256 is required | 214-228    | Simulated-Quantum-Annealing/vitis/src/kernel/qmc_u50.cpp:277:33 |
| m_axi_gmem4  | jcoup_3  | Alignment is insufficient, current alignment is 64 byte(s) but 256 is required | 214-228    | Simulated-Quantum-Annealing/vitis/src/kernel/qmc_u50.cpp:278:33 |
+--------------+----------+--------------------------------------------------------------------------------+------------+-----------------------------------------------------------------+

    * Resolution URL: www.xilinx.com/cgi-bin/docs/rdoc?v=2021.1;t=hls+guidance;d=XXX-YYY.html (replace XXX-YYY with column value)

