

================================================================
== Vitis HLS Report for 'Run'
================================================================
* Date:           Wed Oct 27 23:02:06 2021

* Version:        2021.1 (Build 3247384 on Thu Jun 10 19:36:33 MDT 2021)
* Project:        SQA-Vitis
* Solution:       solution1 (Vitis Kernel Flow Target)
* Product family: virtexuplus
* Target device:  xcvu35p-fsvh2892-2-e


================================================================
== Performance Estimates
================================================================
+ Timing: 
    * Summary: 
    +--------+---------+----------+------------+
    |  Clock |  Target | Estimated| Uncertainty|
    +--------+---------+----------+------------+
    |ap_clk  |  3.33 ns|  2.673 ns|     0.90 ns|
    +--------+---------+----------+------------+

+ Latency: 
    * Summary: 
    +---------+---------+----------+----------+-----+-----+---------+
    |  Latency (cycles) |  Latency (absolute) |  Interval | Pipeline|
    |   min   |   max   |    min   |    max   | min | max |   Type  |
    +---------+---------+----------+----------+-----+-----+---------+
    |      168|      168|  0.560 us|  0.560 us|  168|  168|       no|
    +---------+---------+----------+----------+-----+-----+---------+

    + Detail: 
        * Instance: 
        +--------------------------------+---------------------+---------+---------+----------+----------+-----+-----+---------+
        |                                |                     |  Latency (cycles) |  Latency (absolute) |  Interval | Pipeline|
        |            Instance            |        Module       |   min   |   max   |    min   |    max   | min | max |   Type  |
        +--------------------------------+---------------------+---------+---------+----------+----------+-----+-----+---------+
        |grp_Run_Pipeline_SUM_UP_fu_185  |Run_Pipeline_SUM_UP  |      130|      130|  0.433 us|  0.433 us|  130|  130|       no|
        +--------------------------------+---------------------+---------+---------+----------+----------+-----+-----+---------+

        * Loop: 
        N/A



================================================================
== Utilization Estimates
================================================================
* Summary: 
+---------------------+---------+------+---------+--------+-----+
|         Name        | BRAM_18K|  DSP |    FF   |   LUT  | URAM|
+---------------------+---------+------+---------+--------+-----+
|DSP                  |        -|     -|        -|       -|    -|
|Expression           |        -|     -|        -|       -|    -|
|FIFO                 |        -|     -|        -|       -|    -|
|Instance             |        -|   128|    45151|   25114|    -|
|Memory               |        0|     -|       32|      33|    0|
|Multiplexer          |        -|     -|        -|     492|    -|
|Register             |        -|     -|      776|       -|    -|
+---------------------+---------+------+---------+--------+-----+
|Total                |        0|   128|    45959|   25639|    0|
+---------------------+---------+------+---------+--------+-----+
|Available SLR        |     1344|  2976|   871680|  435840|  320|
+---------------------+---------+------+---------+--------+-----+
|Utilization SLR (%)  |        0|     4|        5|       5|    0|
+---------------------+---------+------+---------+--------+-----+
|Available            |     2688|  5952|  1743360|  871680|  640|
+---------------------+---------+------+---------+--------+-----+
|Utilization (%)      |        0|     2|        2|       2|    0|
+---------------------+---------+------+---------+--------+-----+

+ Detail: 
    * Instance: 
    +-------------------------------------+--------------------------------+---------+-----+-------+-------+-----+
    |               Instance              |             Module             | BRAM_18K| DSP |   FF  |  LUT  | URAM|
    +-------------------------------------+--------------------------------+---------+-----+-------+-------+-----+
    |grp_Run_Pipeline_SUM_UP_fu_185       |Run_Pipeline_SUM_UP             |        0|  126|  44833|  24916|    0|
    |fadd_32ns_32ns_32_7_full_dsp_1_U903  |fadd_32ns_32ns_32_7_full_dsp_1  |        0|    2|    318|    198|    0|
    +-------------------------------------+--------------------------------+---------+-----+-------+-------+-----+
    |Total                                |                                |        0|  128|  45151|  25114|    0|
    +-------------------------------------+--------------------------------+---------+-----+-------+-------+-----+

    * DSP: 
    N/A

    * Memory: 
    +----------+------------+---------+----+----+-----+------+-----+------+-------------+
    |  Memory  |   Module   | BRAM_18K| FF | LUT| URAM| Words| Bits| Banks| W*Bits*Banks|
    +----------+------------+---------+----+----+-----+------+-----+------+-------------+
    |dh_tmp_U  |Run_dh_tmp  |        0|  32|  33|    0|    16|   32|     1|          512|
    +----------+------------+---------+----+----+-----+------+-----+------+-------------+
    |Total     |            |        0|  32|  33|    0|    16|   32|     1|          512|
    +----------+------------+---------+----+----+-----+------+-----+------+-------------+

    * FIFO: 
    N/A

    * Expression: 
    N/A

    * Multiplexer: 
    +-----------------+-----+-----------+-----+-----------+
    |       Name      | LUT | Input Size| Bits| Total Bits|
    +-----------------+-----+-----------+-----+-----------+
    |ap_NS_fsm        |  177|         40|    1|         40|
    |ap_return        |    9|          2|   32|         64|
    |dh_tmp_address0  |   65|         12|    4|         48|
    |dh_tmp_address1  |   54|         10|    4|         40|
    |dh_tmp_ce0       |   14|          3|    1|          3|
    |dh_tmp_d0        |   20|          4|   32|        128|
    |dh_tmp_we0       |   14|          3|    1|          3|
    |grp_fu_201_ce    |    9|          2|    1|          2|
    |grp_fu_201_p0    |   65|         13|   32|        416|
    |grp_fu_201_p1    |   65|         13|   32|        416|
    +-----------------+-----+-----------+-----+-----------+
    |Total            |  492|        102|  140|       1160|
    +-----------------+-----+-----------+-----+-----------+

    * Register: 
    +---------------------------------------------+----+----+-----+-----------+
    |                     Name                    | FF | LUT| Bits| Const Bits|
    +---------------------------------------------+----+----+-----+-----------+
    |add3_i_i_i_i_4_reg_378                       |  32|   0|   32|          0|
    |add3_i_i_i_i_5_reg_383                       |  32|   0|   32|          0|
    |add3_i_i_i_i_6_reg_389                       |  32|   0|   32|          0|
    |add3_i_i_i_i_7_reg_394                       |  32|   0|   32|          0|
    |ap_CS_fsm                                    |  39|   0|   39|          0|
    |ap_return_preg                               |  32|   0|   32|          0|
    |dh_tmp_load_10_reg_338                       |  32|   0|   32|          0|
    |dh_tmp_load_11_reg_343                       |  32|   0|   32|          0|
    |dh_tmp_load_12_reg_358                       |  32|   0|   32|          0|
    |dh_tmp_load_13_reg_363                       |  32|   0|   32|          0|
    |dh_tmp_load_2_reg_257                        |  32|   0|   32|          0|
    |dh_tmp_load_3_reg_262                        |  32|   0|   32|          0|
    |dh_tmp_load_4_reg_277                        |  32|   0|   32|          0|
    |dh_tmp_load_5_reg_282                        |  32|   0|   32|          0|
    |dh_tmp_load_6_reg_298                        |  32|   0|   32|          0|
    |dh_tmp_load_7_reg_303                        |  32|   0|   32|          0|
    |dh_tmp_load_8_reg_318                        |  32|   0|   32|          0|
    |dh_tmp_load_9_reg_323                        |  32|   0|   32|          0|
    |grp_Run_Pipeline_SUM_UP_fu_185_ap_start_reg  |   1|   0|    1|          0|
    |reg_205                                      |  32|   0|   32|          0|
    |reg_210                                      |  32|   0|   32|          0|
    |reg_215                                      |  32|   0|   32|          0|
    |reg_220                                      |  32|   0|   32|          0|
    |reg_226                                      |  32|   0|   32|          0|
    |reg_231                                      |  32|   0|   32|          0|
    +---------------------------------------------+----+----+-----+-----------+
    |Total                                        | 776|   0|  776|          0|
    +---------------------------------------------+----+----+-----+-----------+



================================================================
== Interface
================================================================
* Summary: 
+-------------------------+-----+------+------------+----------------+--------------+
|        RTL Ports        | Dir | Bits |  Protocol  |  Source Object |    C Type    |
+-------------------------+-----+------+------------+----------------+--------------+
|ap_clk                   |   in|     1|  ap_ctrl_hs|             Run|  return value|
|ap_rst                   |   in|     1|  ap_ctrl_hs|             Run|  return value|
|ap_start                 |   in|     1|  ap_ctrl_hs|             Run|  return value|
|ap_done                  |  out|     1|  ap_ctrl_hs|             Run|  return value|
|ap_idle                  |  out|     1|  ap_ctrl_hs|             Run|  return value|
|ap_ready                 |  out|     1|  ap_ctrl_hs|             Run|  return value|
|ap_return                |  out|    32|  ap_ctrl_hs|             Run|  return value|
|trotters_local_address0  |  out|     6|   ap_memory|  trotters_local|         array|
|trotters_local_ce0       |  out|     1|   ap_memory|  trotters_local|         array|
|trotters_local_q0        |   in|    64|   ap_memory|  trotters_local|         array|
|trotters_local_address1  |  out|     6|   ap_memory|  trotters_local|         array|
|trotters_local_ce1       |  out|     1|   ap_memory|  trotters_local|         array|
|trotters_local_q1        |   in|    64|   ap_memory|  trotters_local|         array|
|jcoup_local_0_address0   |  out|     4|   ap_memory|   jcoup_local_0|         array|
|jcoup_local_0_ce0        |  out|     1|   ap_memory|   jcoup_local_0|         array|
|jcoup_local_0_q0         |   in|  2048|   ap_memory|   jcoup_local_0|         array|
|jcoup_local_1_address0   |  out|     4|   ap_memory|   jcoup_local_1|         array|
|jcoup_local_1_ce0        |  out|     1|   ap_memory|   jcoup_local_1|         array|
|jcoup_local_1_q0         |   in|  2048|   ap_memory|   jcoup_local_1|         array|
|jcoup_local_2_address0   |  out|     4|   ap_memory|   jcoup_local_2|         array|
|jcoup_local_2_ce0        |  out|     1|   ap_memory|   jcoup_local_2|         array|
|jcoup_local_2_q0         |   in|  2048|   ap_memory|   jcoup_local_2|         array|
|jcoup_local_3_address0   |  out|     4|   ap_memory|   jcoup_local_3|         array|
|jcoup_local_3_ce0        |  out|     1|   ap_memory|   jcoup_local_3|         array|
|jcoup_local_3_q0         |   in|  2048|   ap_memory|   jcoup_local_3|         array|
+-------------------------+-----+------+------------+----------------+--------------+

