

================================================================
== Vitis HLS Report for 'QuantumMonteCarloU50_Pipeline_SHIFT_JCOUP'
================================================================
* Date:           Thu Sep  9 12:14:54 2021

* Version:        2021.1 (Build 3247384 on Thu Jun 10 19:36:07 MDT 2021)
* Project:        SQA-Vitis
* Solution:       solution1 (Vitis Kernel Flow Target)
* Product family: virtexuplus
* Target device:  xcvu35p-fsvh2892-2-e


================================================================
== Performance Estimates
================================================================
+ Timing: 
    * Summary: 
    +--------+---------+----------+------------+
    |  Clock |  Target | Estimated| Uncertainty|
    +--------+---------+----------+------------+
    |ap_clk  |  3.33 ns|  1.985 ns|     0.90 ns|
    +--------+---------+----------+------------+

+ Latency: 
    * Summary: 
    +---------+---------+----------+----------+-----+-----+---------+
    |  Latency (cycles) |  Latency (absolute) |  Interval | Pipeline|
    |   min   |   max   |    min   |    max   | min | max |   Type  |
    +---------+---------+----------+----------+-----+-----+---------+
    |      264|      264|  0.880 us|  0.880 us|  264|  264|       no|
    +---------+---------+----------+----------+-----+-----+---------+

    + Detail: 
        * Instance: 
        N/A

        * Loop: 
        +---------------+---------+---------+----------+-----------+-----------+------+----------+
        |               |  Latency (cycles) | Iteration|  Initiation Interval  | Trip |          |
        |   Loop Name   |   min   |   max   |  Latency |  achieved |   target  | Count| Pipelined|
        +---------------+---------+---------+----------+-----------+-----------+------+----------+
        |- SHIFT_JCOUP  |      262|      262|         8|          1|          1|   256|       yes|
        +---------------+---------+---------+----------+-----------+-----------+------+----------+



================================================================
== Utilization Estimates
================================================================
* Summary: 
+---------------------+---------+------+---------+--------+-----+
|         Name        | BRAM_18K|  DSP |    FF   |   LUT  | URAM|
+---------------------+---------+------+---------+--------+-----+
|DSP                  |        -|     -|        -|       -|    -|
|Expression           |        -|     -|        0|      29|    -|
|FIFO                 |        -|     -|        -|       -|    -|
|Instance             |        -|     -|        0|     455|    -|
|Memory               |        -|     -|        -|       -|    -|
|Multiplexer          |        -|     -|        -|      36|    -|
|Register             |        -|     -|      228|      96|    -|
+---------------------+---------+------+---------+--------+-----+
|Total                |        0|     0|      228|     616|    0|
+---------------------+---------+------+---------+--------+-----+
|Available SLR        |     1344|  2976|   871680|  435840|  320|
+---------------------+---------+------+---------+--------+-----+
|Utilization SLR (%)  |        0|     0|       ~0|      ~0|    0|
+---------------------+---------+------+---------+--------+-----+
|Available            |     2688|  5952|  1743360|  871680|  640|
+---------------------+---------+------+---------+--------+-----+
|Utilization (%)      |        0|     0|       ~0|      ~0|    0|
+---------------------+---------+------+---------+--------+-----+

+ Detail: 
    * Instance: 
    +-----------------------+------------------+---------+----+---+----+-----+
    |        Instance       |      Module      | BRAM_18K| DSP| FF| LUT| URAM|
    +-----------------------+------------------+---------+----+---+----+-----+
    |mux_1664_512_1_1_U745  |mux_1664_512_1_1  |        0|   0|  0|  65|    0|
    |mux_1664_512_1_1_U746  |mux_1664_512_1_1  |        0|   0|  0|  65|    0|
    |mux_1664_512_1_1_U747  |mux_1664_512_1_1  |        0|   0|  0|  65|    0|
    |mux_1664_512_1_1_U748  |mux_1664_512_1_1  |        0|   0|  0|  65|    0|
    |mux_1664_512_1_1_U749  |mux_1664_512_1_1  |        0|   0|  0|  65|    0|
    |mux_1664_512_1_1_U750  |mux_1664_512_1_1  |        0|   0|  0|  65|    0|
    |mux_1664_512_1_1_U751  |mux_1664_512_1_1  |        0|   0|  0|  65|    0|
    +-----------------------+------------------+---------+----+---+----+-----+
    |Total                  |                  |        0|   0|  0| 455|    0|
    +-----------------------+------------------+---------+----+---+----+-----+

    * DSP: 
    N/A

    * Memory: 
    N/A

    * FIFO: 
    N/A

    * Expression: 
    +-----------------------+----------+----+---+----+------------+------------+
    |     Variable Name     | Operation| DSP| FF| LUT| Bitwidth P0| Bitwidth P1|
    +-----------------------+----------+----+---+----+------------+------------+
    |add_ln342_fu_2002_p2   |         +|   0|  0|  16|           9|           1|
    |icmp_ln341_fu_1996_p2  |      icmp|   0|  0|  11|           9|          10|
    |ap_enable_pp0          |       xor|   0|  0|   2|           1|           2|
    +-----------------------+----------+----+---+----+------------+------------+
    |Total                  |          |   0|  0|  29|          19|          13|
    +-----------------------+----------+----+---+----+------------+------------+

    * Multiplexer: 
    +-----------------------------+----+-----------+-----+-----------+
    |             Name            | LUT| Input Size| Bits| Total Bits|
    +-----------------------------+----+-----------+-----+-----------+
    |ap_done_int                  |   9|          2|    1|          2|
    |ap_enable_reg_pp0_iter1      |   9|          2|    1|          2|
    |ap_sig_allocacmp_packOfst_1  |   9|          2|    9|         18|
    |packOfst_fu_320              |   9|          2|    9|         18|
    +-----------------------------+----+-----------+-----+-----------+
    |Total                        |  36|          8|   20|         40|
    +-----------------------------+----+-----------+-----+-----------+

    * Register: 
    +----------------------------------+----+----+-----+-----------+
    |               Name               | FF | LUT| Bits| Const Bits|
    +----------------------------------+----+----+-----+-----------+
    |ap_CS_fsm                         |   1|   0|    1|          0|
    |ap_done_reg                       |   1|   0|    1|          0|
    |ap_enable_reg_pp0_iter1           |   1|   0|    1|          0|
    |ap_enable_reg_pp0_iter2           |   1|   0|    1|          0|
    |ap_enable_reg_pp0_iter3           |   1|   0|    1|          0|
    |ap_enable_reg_pp0_iter4           |   1|   0|    1|          0|
    |ap_enable_reg_pp0_iter5           |   1|   0|    1|          0|
    |ap_enable_reg_pp0_iter6           |   1|   0|    1|          0|
    |ap_enable_reg_pp0_iter7           |   1|   0|    1|          0|
    |ap_loop_exit_ready_pp0_iter1_reg  |   1|   0|    1|          0|
    |ap_loop_exit_ready_pp0_iter2_reg  |   1|   0|    1|          0|
    |ap_loop_exit_ready_pp0_iter3_reg  |   1|   0|    1|          0|
    |ap_loop_exit_ready_pp0_iter4_reg  |   1|   0|    1|          0|
    |ap_loop_exit_ready_pp0_iter5_reg  |   1|   0|    1|          0|
    |ap_loop_exit_ready_pp0_iter6_reg  |   1|   0|    1|          0|
    |packOfst_fu_320                   |   9|   0|    9|          0|
    |trunc_ln346_reg_2433              |   4|   0|    4|          0|
    |zext_ln346_1_reg_2438             |   4|   0|   64|         60|
    |zext_ln346_reg_2634               |   4|   0|   64|         60|
    |trunc_ln346_reg_2433              |  64|  32|    4|          0|
    |zext_ln346_1_reg_2438             |  64|  32|   64|         60|
    |zext_ln346_reg_2634               |  64|  32|   64|         60|
    +----------------------------------+----+----+-----+-----------+
    |Total                             | 228|  96|  288|        240|
    +----------------------------------+----+----+-----+-----------+



================================================================
== Interface
================================================================
* Summary: 
+--------------------------+-----+-----+------------+-------------------------------------------+--------------+
|         RTL Ports        | Dir | Bits|  Protocol  |               Source Object               |    C Type    |
+--------------------------+-----+-----+------------+-------------------------------------------+--------------+
|ap_clk                    |   in|    1|  ap_ctrl_hs|  QuantumMonteCarloU50_Pipeline_SHIFT_JCOUP|  return value|
|ap_rst                    |   in|    1|  ap_ctrl_hs|  QuantumMonteCarloU50_Pipeline_SHIFT_JCOUP|  return value|
|ap_start                  |   in|    1|  ap_ctrl_hs|  QuantumMonteCarloU50_Pipeline_SHIFT_JCOUP|  return value|
|ap_done                   |  out|    1|  ap_ctrl_hs|  QuantumMonteCarloU50_Pipeline_SHIFT_JCOUP|  return value|
|ap_idle                   |  out|    1|  ap_ctrl_hs|  QuantumMonteCarloU50_Pipeline_SHIFT_JCOUP|  return value|
|ap_ready                  |  out|    1|  ap_ctrl_hs|  QuantumMonteCarloU50_Pipeline_SHIFT_JCOUP|  return value|
|JcoupLocal_0_0_address0   |  out|    4|   ap_memory|                             JcoupLocal_0_0|         array|
|JcoupLocal_0_0_ce0        |  out|    1|   ap_memory|                             JcoupLocal_0_0|         array|
|JcoupLocal_0_0_q0         |   in|  512|   ap_memory|                             JcoupLocal_0_0|         array|
|JcoupLocal_0_1_address0   |  out|    4|   ap_memory|                             JcoupLocal_0_1|         array|
|JcoupLocal_0_1_ce0        |  out|    1|   ap_memory|                             JcoupLocal_0_1|         array|
|JcoupLocal_0_1_q0         |   in|  512|   ap_memory|                             JcoupLocal_0_1|         array|
|JcoupLocal_0_2_address0   |  out|    4|   ap_memory|                             JcoupLocal_0_2|         array|
|JcoupLocal_0_2_ce0        |  out|    1|   ap_memory|                             JcoupLocal_0_2|         array|
|JcoupLocal_0_2_q0         |   in|  512|   ap_memory|                             JcoupLocal_0_2|         array|
|JcoupLocal_0_3_address0   |  out|    4|   ap_memory|                             JcoupLocal_0_3|         array|
|JcoupLocal_0_3_ce0        |  out|    1|   ap_memory|                             JcoupLocal_0_3|         array|
|JcoupLocal_0_3_q0         |   in|  512|   ap_memory|                             JcoupLocal_0_3|         array|
|JcoupLocal_0_4_address0   |  out|    4|   ap_memory|                             JcoupLocal_0_4|         array|
|JcoupLocal_0_4_ce0        |  out|    1|   ap_memory|                             JcoupLocal_0_4|         array|
|JcoupLocal_0_4_q0         |   in|  512|   ap_memory|                             JcoupLocal_0_4|         array|
|JcoupLocal_0_5_address0   |  out|    4|   ap_memory|                             JcoupLocal_0_5|         array|
|JcoupLocal_0_5_ce0        |  out|    1|   ap_memory|                             JcoupLocal_0_5|         array|
|JcoupLocal_0_5_q0         |   in|  512|   ap_memory|                             JcoupLocal_0_5|         array|
|JcoupLocal_0_6_address0   |  out|    4|   ap_memory|                             JcoupLocal_0_6|         array|
|JcoupLocal_0_6_ce0        |  out|    1|   ap_memory|                             JcoupLocal_0_6|         array|
|JcoupLocal_0_6_q0         |   in|  512|   ap_memory|                             JcoupLocal_0_6|         array|
|JcoupLocal_0_7_address0   |  out|    4|   ap_memory|                             JcoupLocal_0_7|         array|
|JcoupLocal_0_7_ce0        |  out|    1|   ap_memory|                             JcoupLocal_0_7|         array|
|JcoupLocal_0_7_q0         |   in|  512|   ap_memory|                             JcoupLocal_0_7|         array|
|JcoupLocal_0_8_address0   |  out|    4|   ap_memory|                             JcoupLocal_0_8|         array|
|JcoupLocal_0_8_ce0        |  out|    1|   ap_memory|                             JcoupLocal_0_8|         array|
|JcoupLocal_0_8_q0         |   in|  512|   ap_memory|                             JcoupLocal_0_8|         array|
|JcoupLocal_0_9_address0   |  out|    4|   ap_memory|                             JcoupLocal_0_9|         array|
|JcoupLocal_0_9_ce0        |  out|    1|   ap_memory|                             JcoupLocal_0_9|         array|
|JcoupLocal_0_9_q0         |   in|  512|   ap_memory|                             JcoupLocal_0_9|         array|
|JcoupLocal_0_10_address0  |  out|    4|   ap_memory|                            JcoupLocal_0_10|         array|
|JcoupLocal_0_10_ce0       |  out|    1|   ap_memory|                            JcoupLocal_0_10|         array|
|JcoupLocal_0_10_q0        |   in|  512|   ap_memory|                            JcoupLocal_0_10|         array|
|JcoupLocal_0_11_address0  |  out|    4|   ap_memory|                            JcoupLocal_0_11|         array|
|JcoupLocal_0_11_ce0       |  out|    1|   ap_memory|                            JcoupLocal_0_11|         array|
|JcoupLocal_0_11_q0        |   in|  512|   ap_memory|                            JcoupLocal_0_11|         array|
|JcoupLocal_0_12_address0  |  out|    4|   ap_memory|                            JcoupLocal_0_12|         array|
|JcoupLocal_0_12_ce0       |  out|    1|   ap_memory|                            JcoupLocal_0_12|         array|
|JcoupLocal_0_12_q0        |   in|  512|   ap_memory|                            JcoupLocal_0_12|         array|
|JcoupLocal_0_13_address0  |  out|    4|   ap_memory|                            JcoupLocal_0_13|         array|
|JcoupLocal_0_13_ce0       |  out|    1|   ap_memory|                            JcoupLocal_0_13|         array|
|JcoupLocal_0_13_q0        |   in|  512|   ap_memory|                            JcoupLocal_0_13|         array|
|JcoupLocal_0_14_address0  |  out|    4|   ap_memory|                            JcoupLocal_0_14|         array|
|JcoupLocal_0_14_ce0       |  out|    1|   ap_memory|                            JcoupLocal_0_14|         array|
|JcoupLocal_0_14_q0        |   in|  512|   ap_memory|                            JcoupLocal_0_14|         array|
|JcoupLocal_0_15_address0  |  out|    4|   ap_memory|                            JcoupLocal_0_15|         array|
|JcoupLocal_0_15_ce0       |  out|    1|   ap_memory|                            JcoupLocal_0_15|         array|
|JcoupLocal_0_15_q0        |   in|  512|   ap_memory|                            JcoupLocal_0_15|         array|
|JcoupLocal_1_0_address0   |  out|    4|   ap_memory|                             JcoupLocal_1_0|         array|
|JcoupLocal_1_0_ce0        |  out|    1|   ap_memory|                             JcoupLocal_1_0|         array|
|JcoupLocal_1_0_we0        |  out|    1|   ap_memory|                             JcoupLocal_1_0|         array|
|JcoupLocal_1_0_d0         |  out|  512|   ap_memory|                             JcoupLocal_1_0|         array|
|JcoupLocal_1_0_q0         |   in|  512|   ap_memory|                             JcoupLocal_1_0|         array|
|JcoupLocal_1_1_address0   |  out|    4|   ap_memory|                             JcoupLocal_1_1|         array|
|JcoupLocal_1_1_ce0        |  out|    1|   ap_memory|                             JcoupLocal_1_1|         array|
|JcoupLocal_1_1_we0        |  out|    1|   ap_memory|                             JcoupLocal_1_1|         array|
|JcoupLocal_1_1_d0         |  out|  512|   ap_memory|                             JcoupLocal_1_1|         array|
|JcoupLocal_1_1_q0         |   in|  512|   ap_memory|                             JcoupLocal_1_1|         array|
|JcoupLocal_1_2_address0   |  out|    4|   ap_memory|                             JcoupLocal_1_2|         array|
|JcoupLocal_1_2_ce0        |  out|    1|   ap_memory|                             JcoupLocal_1_2|         array|
|JcoupLocal_1_2_we0        |  out|    1|   ap_memory|                             JcoupLocal_1_2|         array|
|JcoupLocal_1_2_d0         |  out|  512|   ap_memory|                             JcoupLocal_1_2|         array|
|JcoupLocal_1_2_q0         |   in|  512|   ap_memory|                             JcoupLocal_1_2|         array|
|JcoupLocal_1_3_address0   |  out|    4|   ap_memory|                             JcoupLocal_1_3|         array|
|JcoupLocal_1_3_ce0        |  out|    1|   ap_memory|                             JcoupLocal_1_3|         array|
|JcoupLocal_1_3_we0        |  out|    1|   ap_memory|                             JcoupLocal_1_3|         array|
|JcoupLocal_1_3_d0         |  out|  512|   ap_memory|                             JcoupLocal_1_3|         array|
|JcoupLocal_1_3_q0         |   in|  512|   ap_memory|                             JcoupLocal_1_3|         array|
|JcoupLocal_1_4_address0   |  out|    4|   ap_memory|                             JcoupLocal_1_4|         array|
|JcoupLocal_1_4_ce0        |  out|    1|   ap_memory|                             JcoupLocal_1_4|         array|
|JcoupLocal_1_4_we0        |  out|    1|   ap_memory|                             JcoupLocal_1_4|         array|
|JcoupLocal_1_4_d0         |  out|  512|   ap_memory|                             JcoupLocal_1_4|         array|
|JcoupLocal_1_4_q0         |   in|  512|   ap_memory|                             JcoupLocal_1_4|         array|
|JcoupLocal_1_5_address0   |  out|    4|   ap_memory|                             JcoupLocal_1_5|         array|
|JcoupLocal_1_5_ce0        |  out|    1|   ap_memory|                             JcoupLocal_1_5|         array|
|JcoupLocal_1_5_we0        |  out|    1|   ap_memory|                             JcoupLocal_1_5|         array|
|JcoupLocal_1_5_d0         |  out|  512|   ap_memory|                             JcoupLocal_1_5|         array|
|JcoupLocal_1_5_q0         |   in|  512|   ap_memory|                             JcoupLocal_1_5|         array|
|JcoupLocal_1_6_address0   |  out|    4|   ap_memory|                             JcoupLocal_1_6|         array|
|JcoupLocal_1_6_ce0        |  out|    1|   ap_memory|                             JcoupLocal_1_6|         array|
|JcoupLocal_1_6_we0        |  out|    1|   ap_memory|                             JcoupLocal_1_6|         array|
|JcoupLocal_1_6_d0         |  out|  512|   ap_memory|                             JcoupLocal_1_6|         array|
|JcoupLocal_1_6_q0         |   in|  512|   ap_memory|                             JcoupLocal_1_6|         array|
|JcoupLocal_1_7_address0   |  out|    4|   ap_memory|                             JcoupLocal_1_7|         array|
|JcoupLocal_1_7_ce0        |  out|    1|   ap_memory|                             JcoupLocal_1_7|         array|
|JcoupLocal_1_7_we0        |  out|    1|   ap_memory|                             JcoupLocal_1_7|         array|
|JcoupLocal_1_7_d0         |  out|  512|   ap_memory|                             JcoupLocal_1_7|         array|
|JcoupLocal_1_7_q0         |   in|  512|   ap_memory|                             JcoupLocal_1_7|         array|
|JcoupLocal_1_8_address0   |  out|    4|   ap_memory|                             JcoupLocal_1_8|         array|
|JcoupLocal_1_8_ce0        |  out|    1|   ap_memory|                             JcoupLocal_1_8|         array|
|JcoupLocal_1_8_we0        |  out|    1|   ap_memory|                             JcoupLocal_1_8|         array|
|JcoupLocal_1_8_d0         |  out|  512|   ap_memory|                             JcoupLocal_1_8|         array|
|JcoupLocal_1_8_q0         |   in|  512|   ap_memory|                             JcoupLocal_1_8|         array|
|JcoupLocal_1_9_address0   |  out|    4|   ap_memory|                             JcoupLocal_1_9|         array|
|JcoupLocal_1_9_ce0        |  out|    1|   ap_memory|                             JcoupLocal_1_9|         array|
|JcoupLocal_1_9_we0        |  out|    1|   ap_memory|                             JcoupLocal_1_9|         array|
|JcoupLocal_1_9_d0         |  out|  512|   ap_memory|                             JcoupLocal_1_9|         array|
|JcoupLocal_1_9_q0         |   in|  512|   ap_memory|                             JcoupLocal_1_9|         array|
|JcoupLocal_1_10_address0  |  out|    4|   ap_memory|                            JcoupLocal_1_10|         array|
|JcoupLocal_1_10_ce0       |  out|    1|   ap_memory|                            JcoupLocal_1_10|         array|
|JcoupLocal_1_10_we0       |  out|    1|   ap_memory|                            JcoupLocal_1_10|         array|
|JcoupLocal_1_10_d0        |  out|  512|   ap_memory|                            JcoupLocal_1_10|         array|
|JcoupLocal_1_10_q0        |   in|  512|   ap_memory|                            JcoupLocal_1_10|         array|
|JcoupLocal_1_11_address0  |  out|    4|   ap_memory|                            JcoupLocal_1_11|         array|
|JcoupLocal_1_11_ce0       |  out|    1|   ap_memory|                            JcoupLocal_1_11|         array|
|JcoupLocal_1_11_we0       |  out|    1|   ap_memory|                            JcoupLocal_1_11|         array|
|JcoupLocal_1_11_d0        |  out|  512|   ap_memory|                            JcoupLocal_1_11|         array|
|JcoupLocal_1_11_q0        |   in|  512|   ap_memory|                            JcoupLocal_1_11|         array|
|JcoupLocal_1_12_address0  |  out|    4|   ap_memory|                            JcoupLocal_1_12|         array|
|JcoupLocal_1_12_ce0       |  out|    1|   ap_memory|                            JcoupLocal_1_12|         array|
|JcoupLocal_1_12_we0       |  out|    1|   ap_memory|                            JcoupLocal_1_12|         array|
|JcoupLocal_1_12_d0        |  out|  512|   ap_memory|                            JcoupLocal_1_12|         array|
|JcoupLocal_1_12_q0        |   in|  512|   ap_memory|                            JcoupLocal_1_12|         array|
|JcoupLocal_1_13_address0  |  out|    4|   ap_memory|                            JcoupLocal_1_13|         array|
|JcoupLocal_1_13_ce0       |  out|    1|   ap_memory|                            JcoupLocal_1_13|         array|
|JcoupLocal_1_13_we0       |  out|    1|   ap_memory|                            JcoupLocal_1_13|         array|
|JcoupLocal_1_13_d0        |  out|  512|   ap_memory|                            JcoupLocal_1_13|         array|
|JcoupLocal_1_13_q0        |   in|  512|   ap_memory|                            JcoupLocal_1_13|         array|
|JcoupLocal_1_14_address0  |  out|    4|   ap_memory|                            JcoupLocal_1_14|         array|
|JcoupLocal_1_14_ce0       |  out|    1|   ap_memory|                            JcoupLocal_1_14|         array|
|JcoupLocal_1_14_we0       |  out|    1|   ap_memory|                            JcoupLocal_1_14|         array|
|JcoupLocal_1_14_d0        |  out|  512|   ap_memory|                            JcoupLocal_1_14|         array|
|JcoupLocal_1_14_q0        |   in|  512|   ap_memory|                            JcoupLocal_1_14|         array|
|JcoupLocal_1_15_address0  |  out|    4|   ap_memory|                            JcoupLocal_1_15|         array|
|JcoupLocal_1_15_ce0       |  out|    1|   ap_memory|                            JcoupLocal_1_15|         array|
|JcoupLocal_1_15_we0       |  out|    1|   ap_memory|                            JcoupLocal_1_15|         array|
|JcoupLocal_1_15_d0        |  out|  512|   ap_memory|                            JcoupLocal_1_15|         array|
|JcoupLocal_1_15_q0        |   in|  512|   ap_memory|                            JcoupLocal_1_15|         array|
|JcoupLocal_2_0_address0   |  out|    4|   ap_memory|                             JcoupLocal_2_0|         array|
|JcoupLocal_2_0_ce0        |  out|    1|   ap_memory|                             JcoupLocal_2_0|         array|
|JcoupLocal_2_0_we0        |  out|    1|   ap_memory|                             JcoupLocal_2_0|         array|
|JcoupLocal_2_0_d0         |  out|  512|   ap_memory|                             JcoupLocal_2_0|         array|
|JcoupLocal_2_0_q0         |   in|  512|   ap_memory|                             JcoupLocal_2_0|         array|
|JcoupLocal_2_1_address0   |  out|    4|   ap_memory|                             JcoupLocal_2_1|         array|
|JcoupLocal_2_1_ce0        |  out|    1|   ap_memory|                             JcoupLocal_2_1|         array|
|JcoupLocal_2_1_we0        |  out|    1|   ap_memory|                             JcoupLocal_2_1|         array|
|JcoupLocal_2_1_d0         |  out|  512|   ap_memory|                             JcoupLocal_2_1|         array|
|JcoupLocal_2_1_q0         |   in|  512|   ap_memory|                             JcoupLocal_2_1|         array|
|JcoupLocal_2_2_address0   |  out|    4|   ap_memory|                             JcoupLocal_2_2|         array|
|JcoupLocal_2_2_ce0        |  out|    1|   ap_memory|                             JcoupLocal_2_2|         array|
|JcoupLocal_2_2_we0        |  out|    1|   ap_memory|                             JcoupLocal_2_2|         array|
|JcoupLocal_2_2_d0         |  out|  512|   ap_memory|                             JcoupLocal_2_2|         array|
|JcoupLocal_2_2_q0         |   in|  512|   ap_memory|                             JcoupLocal_2_2|         array|
|JcoupLocal_2_3_address0   |  out|    4|   ap_memory|                             JcoupLocal_2_3|         array|
|JcoupLocal_2_3_ce0        |  out|    1|   ap_memory|                             JcoupLocal_2_3|         array|
|JcoupLocal_2_3_we0        |  out|    1|   ap_memory|                             JcoupLocal_2_3|         array|
|JcoupLocal_2_3_d0         |  out|  512|   ap_memory|                             JcoupLocal_2_3|         array|
|JcoupLocal_2_3_q0         |   in|  512|   ap_memory|                             JcoupLocal_2_3|         array|
|JcoupLocal_2_4_address0   |  out|    4|   ap_memory|                             JcoupLocal_2_4|         array|
|JcoupLocal_2_4_ce0        |  out|    1|   ap_memory|                             JcoupLocal_2_4|         array|
|JcoupLocal_2_4_we0        |  out|    1|   ap_memory|                             JcoupLocal_2_4|         array|
|JcoupLocal_2_4_d0         |  out|  512|   ap_memory|                             JcoupLocal_2_4|         array|
|JcoupLocal_2_4_q0         |   in|  512|   ap_memory|                             JcoupLocal_2_4|         array|
|JcoupLocal_2_5_address0   |  out|    4|   ap_memory|                             JcoupLocal_2_5|         array|
|JcoupLocal_2_5_ce0        |  out|    1|   ap_memory|                             JcoupLocal_2_5|         array|
|JcoupLocal_2_5_we0        |  out|    1|   ap_memory|                             JcoupLocal_2_5|         array|
|JcoupLocal_2_5_d0         |  out|  512|   ap_memory|                             JcoupLocal_2_5|         array|
|JcoupLocal_2_5_q0         |   in|  512|   ap_memory|                             JcoupLocal_2_5|         array|
|JcoupLocal_2_6_address0   |  out|    4|   ap_memory|                             JcoupLocal_2_6|         array|
|JcoupLocal_2_6_ce0        |  out|    1|   ap_memory|                             JcoupLocal_2_6|         array|
|JcoupLocal_2_6_we0        |  out|    1|   ap_memory|                             JcoupLocal_2_6|         array|
|JcoupLocal_2_6_d0         |  out|  512|   ap_memory|                             JcoupLocal_2_6|         array|
|JcoupLocal_2_6_q0         |   in|  512|   ap_memory|                             JcoupLocal_2_6|         array|
|JcoupLocal_2_7_address0   |  out|    4|   ap_memory|                             JcoupLocal_2_7|         array|
|JcoupLocal_2_7_ce0        |  out|    1|   ap_memory|                             JcoupLocal_2_7|         array|
|JcoupLocal_2_7_we0        |  out|    1|   ap_memory|                             JcoupLocal_2_7|         array|
|JcoupLocal_2_7_d0         |  out|  512|   ap_memory|                             JcoupLocal_2_7|         array|
|JcoupLocal_2_7_q0         |   in|  512|   ap_memory|                             JcoupLocal_2_7|         array|
|JcoupLocal_2_8_address0   |  out|    4|   ap_memory|                             JcoupLocal_2_8|         array|
|JcoupLocal_2_8_ce0        |  out|    1|   ap_memory|                             JcoupLocal_2_8|         array|
|JcoupLocal_2_8_we0        |  out|    1|   ap_memory|                             JcoupLocal_2_8|         array|
|JcoupLocal_2_8_d0         |  out|  512|   ap_memory|                             JcoupLocal_2_8|         array|
|JcoupLocal_2_8_q0         |   in|  512|   ap_memory|                             JcoupLocal_2_8|         array|
|JcoupLocal_2_9_address0   |  out|    4|   ap_memory|                             JcoupLocal_2_9|         array|
|JcoupLocal_2_9_ce0        |  out|    1|   ap_memory|                             JcoupLocal_2_9|         array|
|JcoupLocal_2_9_we0        |  out|    1|   ap_memory|                             JcoupLocal_2_9|         array|
|JcoupLocal_2_9_d0         |  out|  512|   ap_memory|                             JcoupLocal_2_9|         array|
|JcoupLocal_2_9_q0         |   in|  512|   ap_memory|                             JcoupLocal_2_9|         array|
|JcoupLocal_2_10_address0  |  out|    4|   ap_memory|                            JcoupLocal_2_10|         array|
|JcoupLocal_2_10_ce0       |  out|    1|   ap_memory|                            JcoupLocal_2_10|         array|
|JcoupLocal_2_10_we0       |  out|    1|   ap_memory|                            JcoupLocal_2_10|         array|
|JcoupLocal_2_10_d0        |  out|  512|   ap_memory|                            JcoupLocal_2_10|         array|
|JcoupLocal_2_10_q0        |   in|  512|   ap_memory|                            JcoupLocal_2_10|         array|
|JcoupLocal_2_11_address0  |  out|    4|   ap_memory|                            JcoupLocal_2_11|         array|
|JcoupLocal_2_11_ce0       |  out|    1|   ap_memory|                            JcoupLocal_2_11|         array|
|JcoupLocal_2_11_we0       |  out|    1|   ap_memory|                            JcoupLocal_2_11|         array|
|JcoupLocal_2_11_d0        |  out|  512|   ap_memory|                            JcoupLocal_2_11|         array|
|JcoupLocal_2_11_q0        |   in|  512|   ap_memory|                            JcoupLocal_2_11|         array|
|JcoupLocal_2_12_address0  |  out|    4|   ap_memory|                            JcoupLocal_2_12|         array|
|JcoupLocal_2_12_ce0       |  out|    1|   ap_memory|                            JcoupLocal_2_12|         array|
|JcoupLocal_2_12_we0       |  out|    1|   ap_memory|                            JcoupLocal_2_12|         array|
|JcoupLocal_2_12_d0        |  out|  512|   ap_memory|                            JcoupLocal_2_12|         array|
|JcoupLocal_2_12_q0        |   in|  512|   ap_memory|                            JcoupLocal_2_12|         array|
|JcoupLocal_2_13_address0  |  out|    4|   ap_memory|                            JcoupLocal_2_13|         array|
|JcoupLocal_2_13_ce0       |  out|    1|   ap_memory|                            JcoupLocal_2_13|         array|
|JcoupLocal_2_13_we0       |  out|    1|   ap_memory|                            JcoupLocal_2_13|         array|
|JcoupLocal_2_13_d0        |  out|  512|   ap_memory|                            JcoupLocal_2_13|         array|
|JcoupLocal_2_13_q0        |   in|  512|   ap_memory|                            JcoupLocal_2_13|         array|
|JcoupLocal_2_14_address0  |  out|    4|   ap_memory|                            JcoupLocal_2_14|         array|
|JcoupLocal_2_14_ce0       |  out|    1|   ap_memory|                            JcoupLocal_2_14|         array|
|JcoupLocal_2_14_we0       |  out|    1|   ap_memory|                            JcoupLocal_2_14|         array|
|JcoupLocal_2_14_d0        |  out|  512|   ap_memory|                            JcoupLocal_2_14|         array|
|JcoupLocal_2_14_q0        |   in|  512|   ap_memory|                            JcoupLocal_2_14|         array|
|JcoupLocal_2_15_address0  |  out|    4|   ap_memory|                            JcoupLocal_2_15|         array|
|JcoupLocal_2_15_ce0       |  out|    1|   ap_memory|                            JcoupLocal_2_15|         array|
|JcoupLocal_2_15_we0       |  out|    1|   ap_memory|                            JcoupLocal_2_15|         array|
|JcoupLocal_2_15_d0        |  out|  512|   ap_memory|                            JcoupLocal_2_15|         array|
|JcoupLocal_2_15_q0        |   in|  512|   ap_memory|                            JcoupLocal_2_15|         array|
|JcoupLocal_3_0_address0   |  out|    4|   ap_memory|                             JcoupLocal_3_0|         array|
|JcoupLocal_3_0_ce0        |  out|    1|   ap_memory|                             JcoupLocal_3_0|         array|
|JcoupLocal_3_0_we0        |  out|    1|   ap_memory|                             JcoupLocal_3_0|         array|
|JcoupLocal_3_0_d0         |  out|  512|   ap_memory|                             JcoupLocal_3_0|         array|
|JcoupLocal_3_0_q0         |   in|  512|   ap_memory|                             JcoupLocal_3_0|         array|
|JcoupLocal_3_1_address0   |  out|    4|   ap_memory|                             JcoupLocal_3_1|         array|
|JcoupLocal_3_1_ce0        |  out|    1|   ap_memory|                             JcoupLocal_3_1|         array|
|JcoupLocal_3_1_we0        |  out|    1|   ap_memory|                             JcoupLocal_3_1|         array|
|JcoupLocal_3_1_d0         |  out|  512|   ap_memory|                             JcoupLocal_3_1|         array|
|JcoupLocal_3_1_q0         |   in|  512|   ap_memory|                             JcoupLocal_3_1|         array|
|JcoupLocal_3_2_address0   |  out|    4|   ap_memory|                             JcoupLocal_3_2|         array|
|JcoupLocal_3_2_ce0        |  out|    1|   ap_memory|                             JcoupLocal_3_2|         array|
|JcoupLocal_3_2_we0        |  out|    1|   ap_memory|                             JcoupLocal_3_2|         array|
|JcoupLocal_3_2_d0         |  out|  512|   ap_memory|                             JcoupLocal_3_2|         array|
|JcoupLocal_3_2_q0         |   in|  512|   ap_memory|                             JcoupLocal_3_2|         array|
|JcoupLocal_3_3_address0   |  out|    4|   ap_memory|                             JcoupLocal_3_3|         array|
|JcoupLocal_3_3_ce0        |  out|    1|   ap_memory|                             JcoupLocal_3_3|         array|
|JcoupLocal_3_3_we0        |  out|    1|   ap_memory|                             JcoupLocal_3_3|         array|
|JcoupLocal_3_3_d0         |  out|  512|   ap_memory|                             JcoupLocal_3_3|         array|
|JcoupLocal_3_3_q0         |   in|  512|   ap_memory|                             JcoupLocal_3_3|         array|
|JcoupLocal_3_4_address0   |  out|    4|   ap_memory|                             JcoupLocal_3_4|         array|
|JcoupLocal_3_4_ce0        |  out|    1|   ap_memory|                             JcoupLocal_3_4|         array|
|JcoupLocal_3_4_we0        |  out|    1|   ap_memory|                             JcoupLocal_3_4|         array|
|JcoupLocal_3_4_d0         |  out|  512|   ap_memory|                             JcoupLocal_3_4|         array|
|JcoupLocal_3_4_q0         |   in|  512|   ap_memory|                             JcoupLocal_3_4|         array|
|JcoupLocal_3_5_address0   |  out|    4|   ap_memory|                             JcoupLocal_3_5|         array|
|JcoupLocal_3_5_ce0        |  out|    1|   ap_memory|                             JcoupLocal_3_5|         array|
|JcoupLocal_3_5_we0        |  out|    1|   ap_memory|                             JcoupLocal_3_5|         array|
|JcoupLocal_3_5_d0         |  out|  512|   ap_memory|                             JcoupLocal_3_5|         array|
|JcoupLocal_3_5_q0         |   in|  512|   ap_memory|                             JcoupLocal_3_5|         array|
|JcoupLocal_3_6_address0   |  out|    4|   ap_memory|                             JcoupLocal_3_6|         array|
|JcoupLocal_3_6_ce0        |  out|    1|   ap_memory|                             JcoupLocal_3_6|         array|
|JcoupLocal_3_6_we0        |  out|    1|   ap_memory|                             JcoupLocal_3_6|         array|
|JcoupLocal_3_6_d0         |  out|  512|   ap_memory|                             JcoupLocal_3_6|         array|
|JcoupLocal_3_6_q0         |   in|  512|   ap_memory|                             JcoupLocal_3_6|         array|
|JcoupLocal_3_7_address0   |  out|    4|   ap_memory|                             JcoupLocal_3_7|         array|
|JcoupLocal_3_7_ce0        |  out|    1|   ap_memory|                             JcoupLocal_3_7|         array|
|JcoupLocal_3_7_we0        |  out|    1|   ap_memory|                             JcoupLocal_3_7|         array|
|JcoupLocal_3_7_d0         |  out|  512|   ap_memory|                             JcoupLocal_3_7|         array|
|JcoupLocal_3_7_q0         |   in|  512|   ap_memory|                             JcoupLocal_3_7|         array|
|JcoupLocal_3_8_address0   |  out|    4|   ap_memory|                             JcoupLocal_3_8|         array|
|JcoupLocal_3_8_ce0        |  out|    1|   ap_memory|                             JcoupLocal_3_8|         array|
|JcoupLocal_3_8_we0        |  out|    1|   ap_memory|                             JcoupLocal_3_8|         array|
|JcoupLocal_3_8_d0         |  out|  512|   ap_memory|                             JcoupLocal_3_8|         array|
|JcoupLocal_3_8_q0         |   in|  512|   ap_memory|                             JcoupLocal_3_8|         array|
|JcoupLocal_3_9_address0   |  out|    4|   ap_memory|                             JcoupLocal_3_9|         array|
|JcoupLocal_3_9_ce0        |  out|    1|   ap_memory|                             JcoupLocal_3_9|         array|
|JcoupLocal_3_9_we0        |  out|    1|   ap_memory|                             JcoupLocal_3_9|         array|
|JcoupLocal_3_9_d0         |  out|  512|   ap_memory|                             JcoupLocal_3_9|         array|
|JcoupLocal_3_9_q0         |   in|  512|   ap_memory|                             JcoupLocal_3_9|         array|
|JcoupLocal_3_10_address0  |  out|    4|   ap_memory|                            JcoupLocal_3_10|         array|
|JcoupLocal_3_10_ce0       |  out|    1|   ap_memory|                            JcoupLocal_3_10|         array|
|JcoupLocal_3_10_we0       |  out|    1|   ap_memory|                            JcoupLocal_3_10|         array|
|JcoupLocal_3_10_d0        |  out|  512|   ap_memory|                            JcoupLocal_3_10|         array|
|JcoupLocal_3_10_q0        |   in|  512|   ap_memory|                            JcoupLocal_3_10|         array|
|JcoupLocal_3_11_address0  |  out|    4|   ap_memory|                            JcoupLocal_3_11|         array|
|JcoupLocal_3_11_ce0       |  out|    1|   ap_memory|                            JcoupLocal_3_11|         array|
|JcoupLocal_3_11_we0       |  out|    1|   ap_memory|                            JcoupLocal_3_11|         array|
|JcoupLocal_3_11_d0        |  out|  512|   ap_memory|                            JcoupLocal_3_11|         array|
|JcoupLocal_3_11_q0        |   in|  512|   ap_memory|                            JcoupLocal_3_11|         array|
|JcoupLocal_3_12_address0  |  out|    4|   ap_memory|                            JcoupLocal_3_12|         array|
|JcoupLocal_3_12_ce0       |  out|    1|   ap_memory|                            JcoupLocal_3_12|         array|
|JcoupLocal_3_12_we0       |  out|    1|   ap_memory|                            JcoupLocal_3_12|         array|
|JcoupLocal_3_12_d0        |  out|  512|   ap_memory|                            JcoupLocal_3_12|         array|
|JcoupLocal_3_12_q0        |   in|  512|   ap_memory|                            JcoupLocal_3_12|         array|
|JcoupLocal_3_13_address0  |  out|    4|   ap_memory|                            JcoupLocal_3_13|         array|
|JcoupLocal_3_13_ce0       |  out|    1|   ap_memory|                            JcoupLocal_3_13|         array|
|JcoupLocal_3_13_we0       |  out|    1|   ap_memory|                            JcoupLocal_3_13|         array|
|JcoupLocal_3_13_d0        |  out|  512|   ap_memory|                            JcoupLocal_3_13|         array|
|JcoupLocal_3_13_q0        |   in|  512|   ap_memory|                            JcoupLocal_3_13|         array|
|JcoupLocal_3_14_address0  |  out|    4|   ap_memory|                            JcoupLocal_3_14|         array|
|JcoupLocal_3_14_ce0       |  out|    1|   ap_memory|                            JcoupLocal_3_14|         array|
|JcoupLocal_3_14_we0       |  out|    1|   ap_memory|                            JcoupLocal_3_14|         array|
|JcoupLocal_3_14_d0        |  out|  512|   ap_memory|                            JcoupLocal_3_14|         array|
|JcoupLocal_3_14_q0        |   in|  512|   ap_memory|                            JcoupLocal_3_14|         array|
|JcoupLocal_3_15_address0  |  out|    4|   ap_memory|                            JcoupLocal_3_15|         array|
|JcoupLocal_3_15_ce0       |  out|    1|   ap_memory|                            JcoupLocal_3_15|         array|
|JcoupLocal_3_15_we0       |  out|    1|   ap_memory|                            JcoupLocal_3_15|         array|
|JcoupLocal_3_15_d0        |  out|  512|   ap_memory|                            JcoupLocal_3_15|         array|
|JcoupLocal_3_15_q0        |   in|  512|   ap_memory|                            JcoupLocal_3_15|         array|
|JcoupLocal_4_0_address0   |  out|    4|   ap_memory|                             JcoupLocal_4_0|         array|
|JcoupLocal_4_0_ce0        |  out|    1|   ap_memory|                             JcoupLocal_4_0|         array|
|JcoupLocal_4_0_we0        |  out|    1|   ap_memory|                             JcoupLocal_4_0|         array|
|JcoupLocal_4_0_d0         |  out|  512|   ap_memory|                             JcoupLocal_4_0|         array|
|JcoupLocal_4_0_q0         |   in|  512|   ap_memory|                             JcoupLocal_4_0|         array|
|JcoupLocal_4_1_address0   |  out|    4|   ap_memory|                             JcoupLocal_4_1|         array|
|JcoupLocal_4_1_ce0        |  out|    1|   ap_memory|                             JcoupLocal_4_1|         array|
|JcoupLocal_4_1_we0        |  out|    1|   ap_memory|                             JcoupLocal_4_1|         array|
|JcoupLocal_4_1_d0         |  out|  512|   ap_memory|                             JcoupLocal_4_1|         array|
|JcoupLocal_4_1_q0         |   in|  512|   ap_memory|                             JcoupLocal_4_1|         array|
|JcoupLocal_4_2_address0   |  out|    4|   ap_memory|                             JcoupLocal_4_2|         array|
|JcoupLocal_4_2_ce0        |  out|    1|   ap_memory|                             JcoupLocal_4_2|         array|
|JcoupLocal_4_2_we0        |  out|    1|   ap_memory|                             JcoupLocal_4_2|         array|
|JcoupLocal_4_2_d0         |  out|  512|   ap_memory|                             JcoupLocal_4_2|         array|
|JcoupLocal_4_2_q0         |   in|  512|   ap_memory|                             JcoupLocal_4_2|         array|
|JcoupLocal_4_3_address0   |  out|    4|   ap_memory|                             JcoupLocal_4_3|         array|
|JcoupLocal_4_3_ce0        |  out|    1|   ap_memory|                             JcoupLocal_4_3|         array|
|JcoupLocal_4_3_we0        |  out|    1|   ap_memory|                             JcoupLocal_4_3|         array|
|JcoupLocal_4_3_d0         |  out|  512|   ap_memory|                             JcoupLocal_4_3|         array|
|JcoupLocal_4_3_q0         |   in|  512|   ap_memory|                             JcoupLocal_4_3|         array|
|JcoupLocal_4_4_address0   |  out|    4|   ap_memory|                             JcoupLocal_4_4|         array|
|JcoupLocal_4_4_ce0        |  out|    1|   ap_memory|                             JcoupLocal_4_4|         array|
|JcoupLocal_4_4_we0        |  out|    1|   ap_memory|                             JcoupLocal_4_4|         array|
|JcoupLocal_4_4_d0         |  out|  512|   ap_memory|                             JcoupLocal_4_4|         array|
|JcoupLocal_4_4_q0         |   in|  512|   ap_memory|                             JcoupLocal_4_4|         array|
|JcoupLocal_4_5_address0   |  out|    4|   ap_memory|                             JcoupLocal_4_5|         array|
|JcoupLocal_4_5_ce0        |  out|    1|   ap_memory|                             JcoupLocal_4_5|         array|
|JcoupLocal_4_5_we0        |  out|    1|   ap_memory|                             JcoupLocal_4_5|         array|
|JcoupLocal_4_5_d0         |  out|  512|   ap_memory|                             JcoupLocal_4_5|         array|
|JcoupLocal_4_5_q0         |   in|  512|   ap_memory|                             JcoupLocal_4_5|         array|
|JcoupLocal_4_6_address0   |  out|    4|   ap_memory|                             JcoupLocal_4_6|         array|
|JcoupLocal_4_6_ce0        |  out|    1|   ap_memory|                             JcoupLocal_4_6|         array|
|JcoupLocal_4_6_we0        |  out|    1|   ap_memory|                             JcoupLocal_4_6|         array|
|JcoupLocal_4_6_d0         |  out|  512|   ap_memory|                             JcoupLocal_4_6|         array|
|JcoupLocal_4_6_q0         |   in|  512|   ap_memory|                             JcoupLocal_4_6|         array|
|JcoupLocal_4_7_address0   |  out|    4|   ap_memory|                             JcoupLocal_4_7|         array|
|JcoupLocal_4_7_ce0        |  out|    1|   ap_memory|                             JcoupLocal_4_7|         array|
|JcoupLocal_4_7_we0        |  out|    1|   ap_memory|                             JcoupLocal_4_7|         array|
|JcoupLocal_4_7_d0         |  out|  512|   ap_memory|                             JcoupLocal_4_7|         array|
|JcoupLocal_4_7_q0         |   in|  512|   ap_memory|                             JcoupLocal_4_7|         array|
|JcoupLocal_4_8_address0   |  out|    4|   ap_memory|                             JcoupLocal_4_8|         array|
|JcoupLocal_4_8_ce0        |  out|    1|   ap_memory|                             JcoupLocal_4_8|         array|
|JcoupLocal_4_8_we0        |  out|    1|   ap_memory|                             JcoupLocal_4_8|         array|
|JcoupLocal_4_8_d0         |  out|  512|   ap_memory|                             JcoupLocal_4_8|         array|
|JcoupLocal_4_8_q0         |   in|  512|   ap_memory|                             JcoupLocal_4_8|         array|
|JcoupLocal_4_9_address0   |  out|    4|   ap_memory|                             JcoupLocal_4_9|         array|
|JcoupLocal_4_9_ce0        |  out|    1|   ap_memory|                             JcoupLocal_4_9|         array|
|JcoupLocal_4_9_we0        |  out|    1|   ap_memory|                             JcoupLocal_4_9|         array|
|JcoupLocal_4_9_d0         |  out|  512|   ap_memory|                             JcoupLocal_4_9|         array|
|JcoupLocal_4_9_q0         |   in|  512|   ap_memory|                             JcoupLocal_4_9|         array|
|JcoupLocal_4_10_address0  |  out|    4|   ap_memory|                            JcoupLocal_4_10|         array|
|JcoupLocal_4_10_ce0       |  out|    1|   ap_memory|                            JcoupLocal_4_10|         array|
|JcoupLocal_4_10_we0       |  out|    1|   ap_memory|                            JcoupLocal_4_10|         array|
|JcoupLocal_4_10_d0        |  out|  512|   ap_memory|                            JcoupLocal_4_10|         array|
|JcoupLocal_4_10_q0        |   in|  512|   ap_memory|                            JcoupLocal_4_10|         array|
|JcoupLocal_4_11_address0  |  out|    4|   ap_memory|                            JcoupLocal_4_11|         array|
|JcoupLocal_4_11_ce0       |  out|    1|   ap_memory|                            JcoupLocal_4_11|         array|
|JcoupLocal_4_11_we0       |  out|    1|   ap_memory|                            JcoupLocal_4_11|         array|
|JcoupLocal_4_11_d0        |  out|  512|   ap_memory|                            JcoupLocal_4_11|         array|
|JcoupLocal_4_11_q0        |   in|  512|   ap_memory|                            JcoupLocal_4_11|         array|
|JcoupLocal_4_12_address0  |  out|    4|   ap_memory|                            JcoupLocal_4_12|         array|
|JcoupLocal_4_12_ce0       |  out|    1|   ap_memory|                            JcoupLocal_4_12|         array|
|JcoupLocal_4_12_we0       |  out|    1|   ap_memory|                            JcoupLocal_4_12|         array|
|JcoupLocal_4_12_d0        |  out|  512|   ap_memory|                            JcoupLocal_4_12|         array|
|JcoupLocal_4_12_q0        |   in|  512|   ap_memory|                            JcoupLocal_4_12|         array|
|JcoupLocal_4_13_address0  |  out|    4|   ap_memory|                            JcoupLocal_4_13|         array|
|JcoupLocal_4_13_ce0       |  out|    1|   ap_memory|                            JcoupLocal_4_13|         array|
|JcoupLocal_4_13_we0       |  out|    1|   ap_memory|                            JcoupLocal_4_13|         array|
|JcoupLocal_4_13_d0        |  out|  512|   ap_memory|                            JcoupLocal_4_13|         array|
|JcoupLocal_4_13_q0        |   in|  512|   ap_memory|                            JcoupLocal_4_13|         array|
|JcoupLocal_4_14_address0  |  out|    4|   ap_memory|                            JcoupLocal_4_14|         array|
|JcoupLocal_4_14_ce0       |  out|    1|   ap_memory|                            JcoupLocal_4_14|         array|
|JcoupLocal_4_14_we0       |  out|    1|   ap_memory|                            JcoupLocal_4_14|         array|
|JcoupLocal_4_14_d0        |  out|  512|   ap_memory|                            JcoupLocal_4_14|         array|
|JcoupLocal_4_14_q0        |   in|  512|   ap_memory|                            JcoupLocal_4_14|         array|
|JcoupLocal_4_15_address0  |  out|    4|   ap_memory|                            JcoupLocal_4_15|         array|
|JcoupLocal_4_15_ce0       |  out|    1|   ap_memory|                            JcoupLocal_4_15|         array|
|JcoupLocal_4_15_we0       |  out|    1|   ap_memory|                            JcoupLocal_4_15|         array|
|JcoupLocal_4_15_d0        |  out|  512|   ap_memory|                            JcoupLocal_4_15|         array|
|JcoupLocal_4_15_q0        |   in|  512|   ap_memory|                            JcoupLocal_4_15|         array|
|JcoupLocal_5_0_address0   |  out|    4|   ap_memory|                             JcoupLocal_5_0|         array|
|JcoupLocal_5_0_ce0        |  out|    1|   ap_memory|                             JcoupLocal_5_0|         array|
|JcoupLocal_5_0_we0        |  out|    1|   ap_memory|                             JcoupLocal_5_0|         array|
|JcoupLocal_5_0_d0         |  out|  512|   ap_memory|                             JcoupLocal_5_0|         array|
|JcoupLocal_5_0_q0         |   in|  512|   ap_memory|                             JcoupLocal_5_0|         array|
|JcoupLocal_5_1_address0   |  out|    4|   ap_memory|                             JcoupLocal_5_1|         array|
|JcoupLocal_5_1_ce0        |  out|    1|   ap_memory|                             JcoupLocal_5_1|         array|
|JcoupLocal_5_1_we0        |  out|    1|   ap_memory|                             JcoupLocal_5_1|         array|
|JcoupLocal_5_1_d0         |  out|  512|   ap_memory|                             JcoupLocal_5_1|         array|
|JcoupLocal_5_1_q0         |   in|  512|   ap_memory|                             JcoupLocal_5_1|         array|
|JcoupLocal_5_2_address0   |  out|    4|   ap_memory|                             JcoupLocal_5_2|         array|
|JcoupLocal_5_2_ce0        |  out|    1|   ap_memory|                             JcoupLocal_5_2|         array|
|JcoupLocal_5_2_we0        |  out|    1|   ap_memory|                             JcoupLocal_5_2|         array|
|JcoupLocal_5_2_d0         |  out|  512|   ap_memory|                             JcoupLocal_5_2|         array|
|JcoupLocal_5_2_q0         |   in|  512|   ap_memory|                             JcoupLocal_5_2|         array|
|JcoupLocal_5_3_address0   |  out|    4|   ap_memory|                             JcoupLocal_5_3|         array|
|JcoupLocal_5_3_ce0        |  out|    1|   ap_memory|                             JcoupLocal_5_3|         array|
|JcoupLocal_5_3_we0        |  out|    1|   ap_memory|                             JcoupLocal_5_3|         array|
|JcoupLocal_5_3_d0         |  out|  512|   ap_memory|                             JcoupLocal_5_3|         array|
|JcoupLocal_5_3_q0         |   in|  512|   ap_memory|                             JcoupLocal_5_3|         array|
|JcoupLocal_5_4_address0   |  out|    4|   ap_memory|                             JcoupLocal_5_4|         array|
|JcoupLocal_5_4_ce0        |  out|    1|   ap_memory|                             JcoupLocal_5_4|         array|
|JcoupLocal_5_4_we0        |  out|    1|   ap_memory|                             JcoupLocal_5_4|         array|
|JcoupLocal_5_4_d0         |  out|  512|   ap_memory|                             JcoupLocal_5_4|         array|
|JcoupLocal_5_4_q0         |   in|  512|   ap_memory|                             JcoupLocal_5_4|         array|
|JcoupLocal_5_5_address0   |  out|    4|   ap_memory|                             JcoupLocal_5_5|         array|
|JcoupLocal_5_5_ce0        |  out|    1|   ap_memory|                             JcoupLocal_5_5|         array|
|JcoupLocal_5_5_we0        |  out|    1|   ap_memory|                             JcoupLocal_5_5|         array|
|JcoupLocal_5_5_d0         |  out|  512|   ap_memory|                             JcoupLocal_5_5|         array|
|JcoupLocal_5_5_q0         |   in|  512|   ap_memory|                             JcoupLocal_5_5|         array|
|JcoupLocal_5_6_address0   |  out|    4|   ap_memory|                             JcoupLocal_5_6|         array|
|JcoupLocal_5_6_ce0        |  out|    1|   ap_memory|                             JcoupLocal_5_6|         array|
|JcoupLocal_5_6_we0        |  out|    1|   ap_memory|                             JcoupLocal_5_6|         array|
|JcoupLocal_5_6_d0         |  out|  512|   ap_memory|                             JcoupLocal_5_6|         array|
|JcoupLocal_5_6_q0         |   in|  512|   ap_memory|                             JcoupLocal_5_6|         array|
|JcoupLocal_5_7_address0   |  out|    4|   ap_memory|                             JcoupLocal_5_7|         array|
|JcoupLocal_5_7_ce0        |  out|    1|   ap_memory|                             JcoupLocal_5_7|         array|
|JcoupLocal_5_7_we0        |  out|    1|   ap_memory|                             JcoupLocal_5_7|         array|
|JcoupLocal_5_7_d0         |  out|  512|   ap_memory|                             JcoupLocal_5_7|         array|
|JcoupLocal_5_7_q0         |   in|  512|   ap_memory|                             JcoupLocal_5_7|         array|
|JcoupLocal_5_8_address0   |  out|    4|   ap_memory|                             JcoupLocal_5_8|         array|
|JcoupLocal_5_8_ce0        |  out|    1|   ap_memory|                             JcoupLocal_5_8|         array|
|JcoupLocal_5_8_we0        |  out|    1|   ap_memory|                             JcoupLocal_5_8|         array|
|JcoupLocal_5_8_d0         |  out|  512|   ap_memory|                             JcoupLocal_5_8|         array|
|JcoupLocal_5_8_q0         |   in|  512|   ap_memory|                             JcoupLocal_5_8|         array|
|JcoupLocal_5_9_address0   |  out|    4|   ap_memory|                             JcoupLocal_5_9|         array|
|JcoupLocal_5_9_ce0        |  out|    1|   ap_memory|                             JcoupLocal_5_9|         array|
|JcoupLocal_5_9_we0        |  out|    1|   ap_memory|                             JcoupLocal_5_9|         array|
|JcoupLocal_5_9_d0         |  out|  512|   ap_memory|                             JcoupLocal_5_9|         array|
|JcoupLocal_5_9_q0         |   in|  512|   ap_memory|                             JcoupLocal_5_9|         array|
|JcoupLocal_5_10_address0  |  out|    4|   ap_memory|                            JcoupLocal_5_10|         array|
|JcoupLocal_5_10_ce0       |  out|    1|   ap_memory|                            JcoupLocal_5_10|         array|
|JcoupLocal_5_10_we0       |  out|    1|   ap_memory|                            JcoupLocal_5_10|         array|
|JcoupLocal_5_10_d0        |  out|  512|   ap_memory|                            JcoupLocal_5_10|         array|
|JcoupLocal_5_10_q0        |   in|  512|   ap_memory|                            JcoupLocal_5_10|         array|
|JcoupLocal_5_11_address0  |  out|    4|   ap_memory|                            JcoupLocal_5_11|         array|
|JcoupLocal_5_11_ce0       |  out|    1|   ap_memory|                            JcoupLocal_5_11|         array|
|JcoupLocal_5_11_we0       |  out|    1|   ap_memory|                            JcoupLocal_5_11|         array|
|JcoupLocal_5_11_d0        |  out|  512|   ap_memory|                            JcoupLocal_5_11|         array|
|JcoupLocal_5_11_q0        |   in|  512|   ap_memory|                            JcoupLocal_5_11|         array|
|JcoupLocal_5_12_address0  |  out|    4|   ap_memory|                            JcoupLocal_5_12|         array|
|JcoupLocal_5_12_ce0       |  out|    1|   ap_memory|                            JcoupLocal_5_12|         array|
|JcoupLocal_5_12_we0       |  out|    1|   ap_memory|                            JcoupLocal_5_12|         array|
|JcoupLocal_5_12_d0        |  out|  512|   ap_memory|                            JcoupLocal_5_12|         array|
|JcoupLocal_5_12_q0        |   in|  512|   ap_memory|                            JcoupLocal_5_12|         array|
|JcoupLocal_5_13_address0  |  out|    4|   ap_memory|                            JcoupLocal_5_13|         array|
|JcoupLocal_5_13_ce0       |  out|    1|   ap_memory|                            JcoupLocal_5_13|         array|
|JcoupLocal_5_13_we0       |  out|    1|   ap_memory|                            JcoupLocal_5_13|         array|
|JcoupLocal_5_13_d0        |  out|  512|   ap_memory|                            JcoupLocal_5_13|         array|
|JcoupLocal_5_13_q0        |   in|  512|   ap_memory|                            JcoupLocal_5_13|         array|
|JcoupLocal_5_14_address0  |  out|    4|   ap_memory|                            JcoupLocal_5_14|         array|
|JcoupLocal_5_14_ce0       |  out|    1|   ap_memory|                            JcoupLocal_5_14|         array|
|JcoupLocal_5_14_we0       |  out|    1|   ap_memory|                            JcoupLocal_5_14|         array|
|JcoupLocal_5_14_d0        |  out|  512|   ap_memory|                            JcoupLocal_5_14|         array|
|JcoupLocal_5_14_q0        |   in|  512|   ap_memory|                            JcoupLocal_5_14|         array|
|JcoupLocal_5_15_address0  |  out|    4|   ap_memory|                            JcoupLocal_5_15|         array|
|JcoupLocal_5_15_ce0       |  out|    1|   ap_memory|                            JcoupLocal_5_15|         array|
|JcoupLocal_5_15_we0       |  out|    1|   ap_memory|                            JcoupLocal_5_15|         array|
|JcoupLocal_5_15_d0        |  out|  512|   ap_memory|                            JcoupLocal_5_15|         array|
|JcoupLocal_5_15_q0        |   in|  512|   ap_memory|                            JcoupLocal_5_15|         array|
|JcoupLocal_6_0_address0   |  out|    4|   ap_memory|                             JcoupLocal_6_0|         array|
|JcoupLocal_6_0_ce0        |  out|    1|   ap_memory|                             JcoupLocal_6_0|         array|
|JcoupLocal_6_0_we0        |  out|    1|   ap_memory|                             JcoupLocal_6_0|         array|
|JcoupLocal_6_0_d0         |  out|  512|   ap_memory|                             JcoupLocal_6_0|         array|
|JcoupLocal_6_0_q0         |   in|  512|   ap_memory|                             JcoupLocal_6_0|         array|
|JcoupLocal_6_1_address0   |  out|    4|   ap_memory|                             JcoupLocal_6_1|         array|
|JcoupLocal_6_1_ce0        |  out|    1|   ap_memory|                             JcoupLocal_6_1|         array|
|JcoupLocal_6_1_we0        |  out|    1|   ap_memory|                             JcoupLocal_6_1|         array|
|JcoupLocal_6_1_d0         |  out|  512|   ap_memory|                             JcoupLocal_6_1|         array|
|JcoupLocal_6_1_q0         |   in|  512|   ap_memory|                             JcoupLocal_6_1|         array|
|JcoupLocal_6_2_address0   |  out|    4|   ap_memory|                             JcoupLocal_6_2|         array|
|JcoupLocal_6_2_ce0        |  out|    1|   ap_memory|                             JcoupLocal_6_2|         array|
|JcoupLocal_6_2_we0        |  out|    1|   ap_memory|                             JcoupLocal_6_2|         array|
|JcoupLocal_6_2_d0         |  out|  512|   ap_memory|                             JcoupLocal_6_2|         array|
|JcoupLocal_6_2_q0         |   in|  512|   ap_memory|                             JcoupLocal_6_2|         array|
|JcoupLocal_6_3_address0   |  out|    4|   ap_memory|                             JcoupLocal_6_3|         array|
|JcoupLocal_6_3_ce0        |  out|    1|   ap_memory|                             JcoupLocal_6_3|         array|
|JcoupLocal_6_3_we0        |  out|    1|   ap_memory|                             JcoupLocal_6_3|         array|
|JcoupLocal_6_3_d0         |  out|  512|   ap_memory|                             JcoupLocal_6_3|         array|
|JcoupLocal_6_3_q0         |   in|  512|   ap_memory|                             JcoupLocal_6_3|         array|
|JcoupLocal_6_4_address0   |  out|    4|   ap_memory|                             JcoupLocal_6_4|         array|
|JcoupLocal_6_4_ce0        |  out|    1|   ap_memory|                             JcoupLocal_6_4|         array|
|JcoupLocal_6_4_we0        |  out|    1|   ap_memory|                             JcoupLocal_6_4|         array|
|JcoupLocal_6_4_d0         |  out|  512|   ap_memory|                             JcoupLocal_6_4|         array|
|JcoupLocal_6_4_q0         |   in|  512|   ap_memory|                             JcoupLocal_6_4|         array|
|JcoupLocal_6_5_address0   |  out|    4|   ap_memory|                             JcoupLocal_6_5|         array|
|JcoupLocal_6_5_ce0        |  out|    1|   ap_memory|                             JcoupLocal_6_5|         array|
|JcoupLocal_6_5_we0        |  out|    1|   ap_memory|                             JcoupLocal_6_5|         array|
|JcoupLocal_6_5_d0         |  out|  512|   ap_memory|                             JcoupLocal_6_5|         array|
|JcoupLocal_6_5_q0         |   in|  512|   ap_memory|                             JcoupLocal_6_5|         array|
|JcoupLocal_6_6_address0   |  out|    4|   ap_memory|                             JcoupLocal_6_6|         array|
|JcoupLocal_6_6_ce0        |  out|    1|   ap_memory|                             JcoupLocal_6_6|         array|
|JcoupLocal_6_6_we0        |  out|    1|   ap_memory|                             JcoupLocal_6_6|         array|
|JcoupLocal_6_6_d0         |  out|  512|   ap_memory|                             JcoupLocal_6_6|         array|
|JcoupLocal_6_6_q0         |   in|  512|   ap_memory|                             JcoupLocal_6_6|         array|
|JcoupLocal_6_7_address0   |  out|    4|   ap_memory|                             JcoupLocal_6_7|         array|
|JcoupLocal_6_7_ce0        |  out|    1|   ap_memory|                             JcoupLocal_6_7|         array|
|JcoupLocal_6_7_we0        |  out|    1|   ap_memory|                             JcoupLocal_6_7|         array|
|JcoupLocal_6_7_d0         |  out|  512|   ap_memory|                             JcoupLocal_6_7|         array|
|JcoupLocal_6_7_q0         |   in|  512|   ap_memory|                             JcoupLocal_6_7|         array|
|JcoupLocal_6_8_address0   |  out|    4|   ap_memory|                             JcoupLocal_6_8|         array|
|JcoupLocal_6_8_ce0        |  out|    1|   ap_memory|                             JcoupLocal_6_8|         array|
|JcoupLocal_6_8_we0        |  out|    1|   ap_memory|                             JcoupLocal_6_8|         array|
|JcoupLocal_6_8_d0         |  out|  512|   ap_memory|                             JcoupLocal_6_8|         array|
|JcoupLocal_6_8_q0         |   in|  512|   ap_memory|                             JcoupLocal_6_8|         array|
|JcoupLocal_6_9_address0   |  out|    4|   ap_memory|                             JcoupLocal_6_9|         array|
|JcoupLocal_6_9_ce0        |  out|    1|   ap_memory|                             JcoupLocal_6_9|         array|
|JcoupLocal_6_9_we0        |  out|    1|   ap_memory|                             JcoupLocal_6_9|         array|
|JcoupLocal_6_9_d0         |  out|  512|   ap_memory|                             JcoupLocal_6_9|         array|
|JcoupLocal_6_9_q0         |   in|  512|   ap_memory|                             JcoupLocal_6_9|         array|
|JcoupLocal_6_10_address0  |  out|    4|   ap_memory|                            JcoupLocal_6_10|         array|
|JcoupLocal_6_10_ce0       |  out|    1|   ap_memory|                            JcoupLocal_6_10|         array|
|JcoupLocal_6_10_we0       |  out|    1|   ap_memory|                            JcoupLocal_6_10|         array|
|JcoupLocal_6_10_d0        |  out|  512|   ap_memory|                            JcoupLocal_6_10|         array|
|JcoupLocal_6_10_q0        |   in|  512|   ap_memory|                            JcoupLocal_6_10|         array|
|JcoupLocal_6_11_address0  |  out|    4|   ap_memory|                            JcoupLocal_6_11|         array|
|JcoupLocal_6_11_ce0       |  out|    1|   ap_memory|                            JcoupLocal_6_11|         array|
|JcoupLocal_6_11_we0       |  out|    1|   ap_memory|                            JcoupLocal_6_11|         array|
|JcoupLocal_6_11_d0        |  out|  512|   ap_memory|                            JcoupLocal_6_11|         array|
|JcoupLocal_6_11_q0        |   in|  512|   ap_memory|                            JcoupLocal_6_11|         array|
|JcoupLocal_6_12_address0  |  out|    4|   ap_memory|                            JcoupLocal_6_12|         array|
|JcoupLocal_6_12_ce0       |  out|    1|   ap_memory|                            JcoupLocal_6_12|         array|
|JcoupLocal_6_12_we0       |  out|    1|   ap_memory|                            JcoupLocal_6_12|         array|
|JcoupLocal_6_12_d0        |  out|  512|   ap_memory|                            JcoupLocal_6_12|         array|
|JcoupLocal_6_12_q0        |   in|  512|   ap_memory|                            JcoupLocal_6_12|         array|
|JcoupLocal_6_13_address0  |  out|    4|   ap_memory|                            JcoupLocal_6_13|         array|
|JcoupLocal_6_13_ce0       |  out|    1|   ap_memory|                            JcoupLocal_6_13|         array|
|JcoupLocal_6_13_we0       |  out|    1|   ap_memory|                            JcoupLocal_6_13|         array|
|JcoupLocal_6_13_d0        |  out|  512|   ap_memory|                            JcoupLocal_6_13|         array|
|JcoupLocal_6_13_q0        |   in|  512|   ap_memory|                            JcoupLocal_6_13|         array|
|JcoupLocal_6_14_address0  |  out|    4|   ap_memory|                            JcoupLocal_6_14|         array|
|JcoupLocal_6_14_ce0       |  out|    1|   ap_memory|                            JcoupLocal_6_14|         array|
|JcoupLocal_6_14_we0       |  out|    1|   ap_memory|                            JcoupLocal_6_14|         array|
|JcoupLocal_6_14_d0        |  out|  512|   ap_memory|                            JcoupLocal_6_14|         array|
|JcoupLocal_6_14_q0        |   in|  512|   ap_memory|                            JcoupLocal_6_14|         array|
|JcoupLocal_6_15_address0  |  out|    4|   ap_memory|                            JcoupLocal_6_15|         array|
|JcoupLocal_6_15_ce0       |  out|    1|   ap_memory|                            JcoupLocal_6_15|         array|
|JcoupLocal_6_15_we0       |  out|    1|   ap_memory|                            JcoupLocal_6_15|         array|
|JcoupLocal_6_15_d0        |  out|  512|   ap_memory|                            JcoupLocal_6_15|         array|
|JcoupLocal_6_15_q0        |   in|  512|   ap_memory|                            JcoupLocal_6_15|         array|
|JcoupLocal_7_0_address0   |  out|    4|   ap_memory|                             JcoupLocal_7_0|         array|
|JcoupLocal_7_0_ce0        |  out|    1|   ap_memory|                             JcoupLocal_7_0|         array|
|JcoupLocal_7_0_we0        |  out|    1|   ap_memory|                             JcoupLocal_7_0|         array|
|JcoupLocal_7_0_d0         |  out|  512|   ap_memory|                             JcoupLocal_7_0|         array|
|JcoupLocal_7_1_address0   |  out|    4|   ap_memory|                             JcoupLocal_7_1|         array|
|JcoupLocal_7_1_ce0        |  out|    1|   ap_memory|                             JcoupLocal_7_1|         array|
|JcoupLocal_7_1_we0        |  out|    1|   ap_memory|                             JcoupLocal_7_1|         array|
|JcoupLocal_7_1_d0         |  out|  512|   ap_memory|                             JcoupLocal_7_1|         array|
|JcoupLocal_7_2_address0   |  out|    4|   ap_memory|                             JcoupLocal_7_2|         array|
|JcoupLocal_7_2_ce0        |  out|    1|   ap_memory|                             JcoupLocal_7_2|         array|
|JcoupLocal_7_2_we0        |  out|    1|   ap_memory|                             JcoupLocal_7_2|         array|
|JcoupLocal_7_2_d0         |  out|  512|   ap_memory|                             JcoupLocal_7_2|         array|
|JcoupLocal_7_3_address0   |  out|    4|   ap_memory|                             JcoupLocal_7_3|         array|
|JcoupLocal_7_3_ce0        |  out|    1|   ap_memory|                             JcoupLocal_7_3|         array|
|JcoupLocal_7_3_we0        |  out|    1|   ap_memory|                             JcoupLocal_7_3|         array|
|JcoupLocal_7_3_d0         |  out|  512|   ap_memory|                             JcoupLocal_7_3|         array|
|JcoupLocal_7_4_address0   |  out|    4|   ap_memory|                             JcoupLocal_7_4|         array|
|JcoupLocal_7_4_ce0        |  out|    1|   ap_memory|                             JcoupLocal_7_4|         array|
|JcoupLocal_7_4_we0        |  out|    1|   ap_memory|                             JcoupLocal_7_4|         array|
|JcoupLocal_7_4_d0         |  out|  512|   ap_memory|                             JcoupLocal_7_4|         array|
|JcoupLocal_7_5_address0   |  out|    4|   ap_memory|                             JcoupLocal_7_5|         array|
|JcoupLocal_7_5_ce0        |  out|    1|   ap_memory|                             JcoupLocal_7_5|         array|
|JcoupLocal_7_5_we0        |  out|    1|   ap_memory|                             JcoupLocal_7_5|         array|
|JcoupLocal_7_5_d0         |  out|  512|   ap_memory|                             JcoupLocal_7_5|         array|
|JcoupLocal_7_6_address0   |  out|    4|   ap_memory|                             JcoupLocal_7_6|         array|
|JcoupLocal_7_6_ce0        |  out|    1|   ap_memory|                             JcoupLocal_7_6|         array|
|JcoupLocal_7_6_we0        |  out|    1|   ap_memory|                             JcoupLocal_7_6|         array|
|JcoupLocal_7_6_d0         |  out|  512|   ap_memory|                             JcoupLocal_7_6|         array|
|JcoupLocal_7_7_address0   |  out|    4|   ap_memory|                             JcoupLocal_7_7|         array|
|JcoupLocal_7_7_ce0        |  out|    1|   ap_memory|                             JcoupLocal_7_7|         array|
|JcoupLocal_7_7_we0        |  out|    1|   ap_memory|                             JcoupLocal_7_7|         array|
|JcoupLocal_7_7_d0         |  out|  512|   ap_memory|                             JcoupLocal_7_7|         array|
|JcoupLocal_7_8_address0   |  out|    4|   ap_memory|                             JcoupLocal_7_8|         array|
|JcoupLocal_7_8_ce0        |  out|    1|   ap_memory|                             JcoupLocal_7_8|         array|
|JcoupLocal_7_8_we0        |  out|    1|   ap_memory|                             JcoupLocal_7_8|         array|
|JcoupLocal_7_8_d0         |  out|  512|   ap_memory|                             JcoupLocal_7_8|         array|
|JcoupLocal_7_9_address0   |  out|    4|   ap_memory|                             JcoupLocal_7_9|         array|
|JcoupLocal_7_9_ce0        |  out|    1|   ap_memory|                             JcoupLocal_7_9|         array|
|JcoupLocal_7_9_we0        |  out|    1|   ap_memory|                             JcoupLocal_7_9|         array|
|JcoupLocal_7_9_d0         |  out|  512|   ap_memory|                             JcoupLocal_7_9|         array|
|JcoupLocal_7_10_address0  |  out|    4|   ap_memory|                            JcoupLocal_7_10|         array|
|JcoupLocal_7_10_ce0       |  out|    1|   ap_memory|                            JcoupLocal_7_10|         array|
|JcoupLocal_7_10_we0       |  out|    1|   ap_memory|                            JcoupLocal_7_10|         array|
|JcoupLocal_7_10_d0        |  out|  512|   ap_memory|                            JcoupLocal_7_10|         array|
|JcoupLocal_7_11_address0  |  out|    4|   ap_memory|                            JcoupLocal_7_11|         array|
|JcoupLocal_7_11_ce0       |  out|    1|   ap_memory|                            JcoupLocal_7_11|         array|
|JcoupLocal_7_11_we0       |  out|    1|   ap_memory|                            JcoupLocal_7_11|         array|
|JcoupLocal_7_11_d0        |  out|  512|   ap_memory|                            JcoupLocal_7_11|         array|
|JcoupLocal_7_12_address0  |  out|    4|   ap_memory|                            JcoupLocal_7_12|         array|
|JcoupLocal_7_12_ce0       |  out|    1|   ap_memory|                            JcoupLocal_7_12|         array|
|JcoupLocal_7_12_we0       |  out|    1|   ap_memory|                            JcoupLocal_7_12|         array|
|JcoupLocal_7_12_d0        |  out|  512|   ap_memory|                            JcoupLocal_7_12|         array|
|JcoupLocal_7_13_address0  |  out|    4|   ap_memory|                            JcoupLocal_7_13|         array|
|JcoupLocal_7_13_ce0       |  out|    1|   ap_memory|                            JcoupLocal_7_13|         array|
|JcoupLocal_7_13_we0       |  out|    1|   ap_memory|                            JcoupLocal_7_13|         array|
|JcoupLocal_7_13_d0        |  out|  512|   ap_memory|                            JcoupLocal_7_13|         array|
|JcoupLocal_7_14_address0  |  out|    4|   ap_memory|                            JcoupLocal_7_14|         array|
|JcoupLocal_7_14_ce0       |  out|    1|   ap_memory|                            JcoupLocal_7_14|         array|
|JcoupLocal_7_14_we0       |  out|    1|   ap_memory|                            JcoupLocal_7_14|         array|
|JcoupLocal_7_14_d0        |  out|  512|   ap_memory|                            JcoupLocal_7_14|         array|
|JcoupLocal_7_15_address0  |  out|    4|   ap_memory|                            JcoupLocal_7_15|         array|
|JcoupLocal_7_15_ce0       |  out|    1|   ap_memory|                            JcoupLocal_7_15|         array|
|JcoupLocal_7_15_we0       |  out|    1|   ap_memory|                            JcoupLocal_7_15|         array|
|JcoupLocal_7_15_d0        |  out|  512|   ap_memory|                            JcoupLocal_7_15|         array|
+--------------------------+-----+-----+------------+-------------------------------------------+--------------+

