

================================================================
== Vitis HLS Report for 'Run'
================================================================
* Date:           Mon Oct 18 00:47:13 2021

* Version:        2021.1 (Build 3247384 on Thu Jun 10 19:36:33 MDT 2021)
* Project:        SQA-Vitis
* Solution:       solution1 (Vitis Kernel Flow Target)
* Product family: virtexuplus
* Target device:  xcvu35p-fsvh2892-2-e


================================================================
== Performance Estimates
================================================================
+ Timing: 
    * Summary: 
    +--------+---------+----------+------------+
    |  Clock |  Target | Estimated| Uncertainty|
    +--------+---------+----------+------------+
    |ap_clk  |  3.33 ns|  2.885 ns|     0.90 ns|
    +--------+---------+----------+------------+

+ Latency: 
    * Summary: 
    +---------+---------+----------+----------+-----+-----+---------+
    |  Latency (cycles) |  Latency (absolute) |  Interval | Pipeline|
    |   min   |   max   |    min   |    max   | min | max |   Type  |
    +---------+---------+----------+----------+-----+-----+---------+
    |      171|      192|  0.570 us|  0.640 us|  171|  192|       no|
    +---------+---------+----------+----------+-----+-----+---------+

    + Detail: 
        * Instance: 
        +--------------------------------+---------------------+---------+---------+----------+----------+-----+-----+---------+
        |                                |                     |  Latency (cycles) |  Latency (absolute) |  Interval | Pipeline|
        |            Instance            |        Module       |   min   |   max   |    min   |    max   | min | max |   Type  |
        +--------------------------------+---------------------+---------+---------+----------+----------+-----+-----+---------+
        |grp_Run_Pipeline_SUM_UP_fu_622  |Run_Pipeline_SUM_UP  |      116|      116|  0.387 us|  0.387 us|  116|  116|       no|
        +--------------------------------+---------------------+---------+---------+----------+----------+-----+-----+---------+

        * Loop: 
        N/A



================================================================
== Utilization Estimates
================================================================
* Summary: 
+---------------------+---------+------+---------+--------+-----+
|         Name        | BRAM_18K|  DSP |    FF   |   LUT  | URAM|
+---------------------+---------+------+---------+--------+-----+
|DSP                  |        -|     -|        -|       -|    -|
|Expression           |        -|     -|        0|     192|    -|
|FIFO                 |        -|     -|        -|       -|    -|
|Instance             |        -|   131|    28922|   19870|    -|
|Memory               |        0|     -|       32|      33|    0|
|Multiplexer          |        -|     -|        -|    1572|    -|
|Register             |        -|     -|     1243|       -|    -|
+---------------------+---------+------+---------+--------+-----+
|Total                |        0|   131|    30197|   21667|    0|
+---------------------+---------+------+---------+--------+-----+
|Available SLR        |     1344|  2976|   871680|  435840|  320|
+---------------------+---------+------+---------+--------+-----+
|Utilization SLR (%)  |        0|     4|        3|       4|    0|
+---------------------+---------+------+---------+--------+-----+
|Available            |     2688|  5952|  1743360|  871680|  640|
+---------------------+---------+------+---------+--------+-----+
|Utilization (%)      |        0|     2|        1|       2|    0|
+---------------------+---------+------+---------+--------+-----+

+ Detail: 
    * Instance: 
    +-------------------------------------+--------------------------------+---------+-----+-------+-------+-----+
    |               Instance              |             Module             | BRAM_18K| DSP |   FF  |  LUT  | URAM|
    +-------------------------------------+--------------------------------+---------+-----+-------+-------+-----+
    |grp_Run_Pipeline_SUM_UP_fu_622       |Run_Pipeline_SUM_UP             |        0|  122|  27825|  19198|    0|
    |fadd_32ns_32ns_32_7_full_dsp_1_U606  |fadd_32ns_32ns_32_7_full_dsp_1  |        0|    2|    318|    198|    0|
    |fadd_32ns_32ns_32_7_full_dsp_1_U607  |fadd_32ns_32ns_32_7_full_dsp_1  |        0|    2|    318|    198|    0|
    |fadd_32ns_32ns_32_7_full_dsp_1_U608  |fadd_32ns_32ns_32_7_full_dsp_1  |        0|    2|    318|    198|    0|
    |fcmp_32ns_32ns_1_2_no_dsp_1_U611     |fcmp_32ns_32ns_1_2_no_dsp_1     |        0|    0|      0|      0|    0|
    |fdiv_32ns_32ns_32_12_no_dsp_1_U610   |fdiv_32ns_32ns_32_12_no_dsp_1   |        0|    0|      0|      0|    0|
    |fmul_32ns_32ns_32_4_max_dsp_1_U609   |fmul_32ns_32ns_32_4_max_dsp_1   |        0|    3|    143|     78|    0|
    +-------------------------------------+--------------------------------+---------+-----+-------+-------+-----+
    |Total                                |                                |        0|  131|  28922|  19870|    0|
    +-------------------------------------+--------------------------------+---------+-----+-------+-------+-----+

    * DSP: 
    N/A

    * Memory: 
    +------------+--------------+---------+----+----+-----+------+-----+------+-------------+
    |   Memory   |    Module    | BRAM_18K| FF | LUT| URAM| Words| Bits| Banks| W*Bits*Banks|
    +------------+--------------+---------+----+----+-----+------+-----+------+-------------+
    |dh_tmp_2_U  |Run_dh_tmp_2  |        0|  32|  33|    0|    32|   32|     1|         1024|
    +------------+--------------+---------+----+----+-----+------+-----+------+-------------+
    |Total       |              |        0|  32|  33|    0|    32|   32|     1|         1024|
    +------------+--------------+---------+----+----+-----+------+-----+------+-------------+

    * FIFO: 
    N/A

    * Expression: 
    +-------------------------+----------+----+---+----+------------+------------+
    |      Variable Name      | Operation| DSP| FF| LUT| Bitwidth P0| Bitwidth P1|
    +-------------------------+----------+----+---+----+------------+------------+
    |and_ln129_fu_944_p2      |       and|   0|  0|   2|           1|           1|
    |and_ln153_1_fu_1092_p2   |       and|   0|  0|   2|           1|           1|
    |and_ln153_fu_1086_p2     |       and|   0|  0|   2|           1|           1|
    |icmp_ln129_1_fu_938_p2   |      icmp|   0|  0|  12|          13|          13|
    |icmp_ln129_fu_918_p2     |      icmp|   0|  0|  12|          13|          13|
    |icmp_ln153_1_fu_1060_p2  |      icmp|   0|  0|  16|          23|           1|
    |icmp_ln153_2_fu_1066_p2  |      icmp|   0|  0|  11|           8|           2|
    |icmp_ln153_3_fu_1072_p2  |      icmp|   0|  0|  16|          23|           1|
    |icmp_ln153_fu_1054_p2    |      icmp|   0|  0|  11|           8|           2|
    |or_ln153_1_fu_1082_p2    |        or|   0|  0|   2|           1|           1|
    |or_ln153_fu_1078_p2      |        or|   0|  0|   2|           1|           1|
    |dh_tmp_5_fu_959_p3       |    select|   0|  0|  32|           1|          32|
    |dh_tmp_7_fu_1010_p3      |    select|   0|  0|  32|           1|          32|
    |select_ln138_fu_950_p3   |    select|   0|  0|  32|           1|          32|
    |p_Repl2_s_fu_990_p2      |       xor|   0|  0|   2|           1|           2|
    |r_fu_1098_p2             |       xor|   0|  0|   2|           1|           2|
    |xor_ln1049_fu_955_p2     |       xor|   0|  0|   2|           1|           1|
    |xor_ln129_fu_924_p2      |       xor|   0|  0|   2|           1|           2|
    +-------------------------+----------+----+---+----+------------+------------+
    |Total                    |          |   0|  0| 192|         100|         140|
    +-------------------------+----------+----+---+----+------------+------------+

    * Multiplexer: 
    +-------------------------+-----+-----------+-----+-----------+
    |           Name          | LUT | Input Size| Bits| Total Bits|
    +-------------------------+-----+-----------+-----+-----------+
    |ap_NS_fsm                |  364|         78|    1|         78|
    |dh_tmp_2_address0        |  107|         22|    5|        110|
    |dh_tmp_2_address1        |   97|         20|    5|        100|
    |dh_tmp_2_ce0             |   14|          3|    1|          3|
    |dh_tmp_2_d0              |   26|          5|   32|        160|
    |dh_tmp_2_d1              |   14|          3|   32|         96|
    |dh_tmp_2_we0             |   14|          3|    1|          3|
    |grp_fu_757_ce            |    9|          2|    1|          2|
    |grp_fu_757_p0            |   91|         19|   32|        608|
    |grp_fu_757_p1            |   91|         19|   32|        608|
    |grp_fu_761_ce            |    9|          2|    1|          2|
    |grp_fu_761_p0            |   26|          5|   32|        160|
    |grp_fu_761_p1            |   26|          5|   32|        160|
    |grp_fu_765_ce            |    9|          2|    1|          2|
    |grp_fu_765_p0            |   14|          3|   32|         96|
    |grp_fu_765_p1            |   14|          3|   32|         96|
    |grp_fu_769_p0            |   14|          3|   32|         96|
    |grp_fu_769_p1            |   14|          3|   32|         96|
    |j_stream_0_010_read      |    9|          2|    1|          2|
    |j_stream_0_011_read      |    9|          2|    1|          2|
    |j_stream_0_012_read      |    9|          2|    1|          2|
    |j_stream_0_013_read      |    9|          2|    1|          2|
    |j_stream_0_014_read      |    9|          2|    1|          2|
    |j_stream_0_015_read      |    9|          2|    1|          2|
    |j_stream_0_016_read      |    9|          2|    1|          2|
    |j_stream_0_017_read      |    9|          2|    1|          2|
    |j_stream_0_018_read      |    9|          2|    1|          2|
    |j_stream_0_019_read      |    9|          2|    1|          2|
    |j_stream_0_01_read       |    9|          2|    1|          2|
    |j_stream_0_020_read      |    9|          2|    1|          2|
    |j_stream_0_021_read      |    9|          2|    1|          2|
    |j_stream_0_022_read      |    9|          2|    1|          2|
    |j_stream_0_023_read      |    9|          2|    1|          2|
    |j_stream_0_024_read      |    9|          2|    1|          2|
    |j_stream_0_025_read      |    9|          2|    1|          2|
    |j_stream_0_026_read      |    9|          2|    1|          2|
    |j_stream_0_027_read      |    9|          2|    1|          2|
    |j_stream_0_028_read      |    9|          2|    1|          2|
    |j_stream_0_029_read      |    9|          2|    1|          2|
    |j_stream_0_02_read       |    9|          2|    1|          2|
    |j_stream_0_030_read      |    9|          2|    1|          2|
    |j_stream_0_031_read      |    9|          2|    1|          2|
    |j_stream_0_032_read      |    9|          2|    1|          2|
    |j_stream_0_033_read      |    9|          2|    1|          2|
    |j_stream_0_034_read      |    9|          2|    1|          2|
    |j_stream_0_035_read      |    9|          2|    1|          2|
    |j_stream_0_036_read      |    9|          2|    1|          2|
    |j_stream_0_037_read      |    9|          2|    1|          2|
    |j_stream_0_038_read      |    9|          2|    1|          2|
    |j_stream_0_039_read      |    9|          2|    1|          2|
    |j_stream_0_03_read       |    9|          2|    1|          2|
    |j_stream_0_040_read      |    9|          2|    1|          2|
    |j_stream_0_041_read      |    9|          2|    1|          2|
    |j_stream_0_042_read      |    9|          2|    1|          2|
    |j_stream_0_043_read      |    9|          2|    1|          2|
    |j_stream_0_044_read      |    9|          2|    1|          2|
    |j_stream_0_045_read      |    9|          2|    1|          2|
    |j_stream_0_046_read      |    9|          2|    1|          2|
    |j_stream_0_047_read      |    9|          2|    1|          2|
    |j_stream_0_048_read      |    9|          2|    1|          2|
    |j_stream_0_049_read      |    9|          2|    1|          2|
    |j_stream_0_04_read       |    9|          2|    1|          2|
    |j_stream_0_050_read      |    9|          2|    1|          2|
    |j_stream_0_051_read      |    9|          2|    1|          2|
    |j_stream_0_052_read      |    9|          2|    1|          2|
    |j_stream_0_053_read      |    9|          2|    1|          2|
    |j_stream_0_054_read      |    9|          2|    1|          2|
    |j_stream_0_055_read      |    9|          2|    1|          2|
    |j_stream_0_056_read      |    9|          2|    1|          2|
    |j_stream_0_057_read      |    9|          2|    1|          2|
    |j_stream_0_058_read      |    9|          2|    1|          2|
    |j_stream_0_059_read      |    9|          2|    1|          2|
    |j_stream_0_05_read       |    9|          2|    1|          2|
    |j_stream_0_060_read      |    9|          2|    1|          2|
    |j_stream_0_061_read      |    9|          2|    1|          2|
    |j_stream_0_062_read      |    9|          2|    1|          2|
    |j_stream_0_063_read      |    9|          2|    1|          2|
    |j_stream_0_06_read       |    9|          2|    1|          2|
    |j_stream_0_07_read       |    9|          2|    1|          2|
    |j_stream_0_08_read       |    9|          2|    1|          2|
    |j_stream_0_09_read       |    9|          2|    1|          2|
    |j_stream_0_0_read        |    9|          2|    1|          2|
    |trotters_local_address0  |   20|          4|    6|         24|
    |trotters_local_ce0       |   14|          3|    1|          3|
    |trotters_local_ce1       |    9|          2|    1|          2|
    +-------------------------+-----+-----------+-----+-----------+
    |Total                    | 1572|        337|  408|       2633|
    +-------------------------+-----+-----------+-----+-----------+

    * Register: 
    +---------------------------------------------+----+----+-----+-----------+
    |                     Name                    | FF | LUT| Bits| Const Bits|
    +---------------------------------------------+----+----+-----+-----------+
    |add3_i_i_i_i_1_reg_1345                      |  32|   0|   32|          0|
    |add3_i_i_i_i_2_reg_1350                      |  32|   0|   32|          0|
    |add3_i_i_i_i_3_reg_1355                      |  32|   0|   32|          0|
    |add3_i_i_i_i_i_8_reg_1329                    |  32|   0|   32|          0|
    |add3_i_i_i_i_i_9_reg_1334                    |  32|   0|   32|          0|
    |add3_i_i_i_i_reg_1340                        |  32|   0|   32|          0|
    |and_ln129_reg_1162                           |   1|   0|    1|          0|
    |and_ln153_1_reg_1416                         |   1|   0|    1|          0|
    |ap_CS_fsm                                    |  77|   0|   77|          0|
    |dh_tmp_5_reg_1365                            |  32|   0|   32|          0|
    |div_i_reg_1370                               |  32|   0|   32|          0|
    |grp_Run_Pipeline_SUM_UP_fu_622_ap_start_reg  |   1|   0|    1|          0|
    |icmp_ln153_1_reg_1401                        |   1|   0|    1|          0|
    |icmp_ln153_2_reg_1406                        |   1|   0|    1|          0|
    |icmp_ln153_3_reg_1411                        |   1|   0|    1|          0|
    |icmp_ln153_reg_1396                          |   1|   0|    1|          0|
    |p_Result_135_reg_1385                        |   1|   0|    1|          0|
    |p_Result_s_reg_1420                          |  64|   0|   64|          0|
    |p_Val2_s_reg_1380                            |  64|   0|   64|          0|
    |reg_783                                      |  32|   0|   32|          0|
    |reg_788                                      |  32|   0|   32|          0|
    |reg_793                                      |  32|   0|   32|          0|
    |reg_798                                      |  32|   0|   32|          0|
    |reg_803                                      |  32|   0|   32|          0|
    |reg_808                                      |  32|   0|   32|          0|
    |reg_813                                      |  32|   0|   32|          0|
    |reg_818                                      |  32|   0|   32|          0|
    |reg_823                                      |  32|   0|   32|          0|
    |reg_828                                      |  32|   0|   32|          0|
    |reg_833                                      |  32|   0|   32|          0|
    |reg_838                                      |  32|   0|   32|          0|
    |reg_843                                      |  32|   0|   32|          0|
    |reg_848                                      |  32|   0|   32|          0|
    |reg_853                                      |  32|   0|   32|          0|
    |reg_860                                      |  32|   0|   32|          0|
    |reg_868                                      |  32|   0|   32|          0|
    |reg_875                                      |  32|   0|   32|          0|
    |reg_882                                      |  32|   0|   32|          0|
    |reg_888                                      |  32|   0|   32|          0|
    |reg_895                                      |  32|   0|   32|          0|
    |reg_901                                      |  32|   0|   32|          0|
    |reg_908                                      |  32|   0|   32|          0|
    |select_ln138_reg_1360                        |  32|   0|   32|          0|
    |trotters_local_addr_1_reg_1375               |   6|   0|    6|          0|
    +---------------------------------------------+----+----+-----+-----------+
    |Total                                        |1243|   0| 1243|          0|
    +---------------------------------------------+----+----+-----+-----------+



================================================================
== Interface
================================================================
* Summary: 
+-------------------------+-----+-----+------------+----------------------+--------------+
|        RTL Ports        | Dir | Bits|  Protocol  |     Source Object    |    C Type    |
+-------------------------+-----+-----+------------+----------------------+--------------+
|ap_clk                   |   in|    1|  ap_ctrl_hs|                   Run|  return value|
|ap_rst                   |   in|    1|  ap_ctrl_hs|                   Run|  return value|
|ap_start                 |   in|    1|  ap_ctrl_hs|                   Run|  return value|
|ap_done                  |  out|    1|  ap_ctrl_hs|                   Run|  return value|
|ap_idle                  |  out|    1|  ap_ctrl_hs|                   Run|  return value|
|ap_ready                 |  out|    1|  ap_ctrl_hs|                   Run|  return value|
|stage                    |   in|   13|     ap_none|                 stage|        scalar|
|info_t_offset            |   in|    2|     ap_none|         info_t_offset|        scalar|
|info_beta                |   in|   32|     ap_none|             info_beta|        scalar|
|info_dh_tunnel           |   in|   32|     ap_none|        info_dh_tunnel|        scalar|
|info_neg_dh_tunnel       |   in|   32|     ap_none|    info_neg_dh_tunnel|        scalar|
|state_i_pack             |   in|    6|     ap_none|          state_i_pack|        scalar|
|state_i_spin             |   in|   32|     ap_none|          state_i_spin|        scalar|
|state_up_spin            |   in|    1|     ap_none|         state_up_spin|        scalar|
|state_down_spin          |   in|    1|     ap_none|       state_down_spin|        scalar|
|state_h_local            |   in|   32|     ap_none|         state_h_local|        scalar|
|state_log_rand_local     |   in|   32|     ap_none|  state_log_rand_local|        scalar|
|trotters_local_address0  |  out|    6|   ap_memory|        trotters_local|         array|
|trotters_local_ce0       |  out|    1|   ap_memory|        trotters_local|         array|
|trotters_local_we0       |  out|    1|   ap_memory|        trotters_local|         array|
|trotters_local_d0        |  out|   64|   ap_memory|        trotters_local|         array|
|trotters_local_q0        |   in|   64|   ap_memory|        trotters_local|         array|
|trotters_local_address1  |  out|    6|   ap_memory|        trotters_local|         array|
|trotters_local_ce1       |  out|    1|   ap_memory|        trotters_local|         array|
|trotters_local_q1        |   in|   64|   ap_memory|        trotters_local|         array|
|j_stream_0_0_dout        |   in|   32|     ap_fifo|          j_stream_0_0|       pointer|
|j_stream_0_0_empty_n     |   in|    1|     ap_fifo|          j_stream_0_0|       pointer|
|j_stream_0_0_read        |  out|    1|     ap_fifo|          j_stream_0_0|       pointer|
|j_stream_0_01_dout       |   in|   32|     ap_fifo|         j_stream_0_01|       pointer|
|j_stream_0_01_empty_n    |   in|    1|     ap_fifo|         j_stream_0_01|       pointer|
|j_stream_0_01_read       |  out|    1|     ap_fifo|         j_stream_0_01|       pointer|
|j_stream_0_02_dout       |   in|   32|     ap_fifo|         j_stream_0_02|       pointer|
|j_stream_0_02_empty_n    |   in|    1|     ap_fifo|         j_stream_0_02|       pointer|
|j_stream_0_02_read       |  out|    1|     ap_fifo|         j_stream_0_02|       pointer|
|j_stream_0_03_dout       |   in|   32|     ap_fifo|         j_stream_0_03|       pointer|
|j_stream_0_03_empty_n    |   in|    1|     ap_fifo|         j_stream_0_03|       pointer|
|j_stream_0_03_read       |  out|    1|     ap_fifo|         j_stream_0_03|       pointer|
|j_stream_0_04_dout       |   in|   32|     ap_fifo|         j_stream_0_04|       pointer|
|j_stream_0_04_empty_n    |   in|    1|     ap_fifo|         j_stream_0_04|       pointer|
|j_stream_0_04_read       |  out|    1|     ap_fifo|         j_stream_0_04|       pointer|
|j_stream_0_05_dout       |   in|   32|     ap_fifo|         j_stream_0_05|       pointer|
|j_stream_0_05_empty_n    |   in|    1|     ap_fifo|         j_stream_0_05|       pointer|
|j_stream_0_05_read       |  out|    1|     ap_fifo|         j_stream_0_05|       pointer|
|j_stream_0_06_dout       |   in|   32|     ap_fifo|         j_stream_0_06|       pointer|
|j_stream_0_06_empty_n    |   in|    1|     ap_fifo|         j_stream_0_06|       pointer|
|j_stream_0_06_read       |  out|    1|     ap_fifo|         j_stream_0_06|       pointer|
|j_stream_0_07_dout       |   in|   32|     ap_fifo|         j_stream_0_07|       pointer|
|j_stream_0_07_empty_n    |   in|    1|     ap_fifo|         j_stream_0_07|       pointer|
|j_stream_0_07_read       |  out|    1|     ap_fifo|         j_stream_0_07|       pointer|
|j_stream_0_08_dout       |   in|   32|     ap_fifo|         j_stream_0_08|       pointer|
|j_stream_0_08_empty_n    |   in|    1|     ap_fifo|         j_stream_0_08|       pointer|
|j_stream_0_08_read       |  out|    1|     ap_fifo|         j_stream_0_08|       pointer|
|j_stream_0_09_dout       |   in|   32|     ap_fifo|         j_stream_0_09|       pointer|
|j_stream_0_09_empty_n    |   in|    1|     ap_fifo|         j_stream_0_09|       pointer|
|j_stream_0_09_read       |  out|    1|     ap_fifo|         j_stream_0_09|       pointer|
|j_stream_0_010_dout      |   in|   32|     ap_fifo|        j_stream_0_010|       pointer|
|j_stream_0_010_empty_n   |   in|    1|     ap_fifo|        j_stream_0_010|       pointer|
|j_stream_0_010_read      |  out|    1|     ap_fifo|        j_stream_0_010|       pointer|
|j_stream_0_011_dout      |   in|   32|     ap_fifo|        j_stream_0_011|       pointer|
|j_stream_0_011_empty_n   |   in|    1|     ap_fifo|        j_stream_0_011|       pointer|
|j_stream_0_011_read      |  out|    1|     ap_fifo|        j_stream_0_011|       pointer|
|j_stream_0_012_dout      |   in|   32|     ap_fifo|        j_stream_0_012|       pointer|
|j_stream_0_012_empty_n   |   in|    1|     ap_fifo|        j_stream_0_012|       pointer|
|j_stream_0_012_read      |  out|    1|     ap_fifo|        j_stream_0_012|       pointer|
|j_stream_0_013_dout      |   in|   32|     ap_fifo|        j_stream_0_013|       pointer|
|j_stream_0_013_empty_n   |   in|    1|     ap_fifo|        j_stream_0_013|       pointer|
|j_stream_0_013_read      |  out|    1|     ap_fifo|        j_stream_0_013|       pointer|
|j_stream_0_014_dout      |   in|   32|     ap_fifo|        j_stream_0_014|       pointer|
|j_stream_0_014_empty_n   |   in|    1|     ap_fifo|        j_stream_0_014|       pointer|
|j_stream_0_014_read      |  out|    1|     ap_fifo|        j_stream_0_014|       pointer|
|j_stream_0_015_dout      |   in|   32|     ap_fifo|        j_stream_0_015|       pointer|
|j_stream_0_015_empty_n   |   in|    1|     ap_fifo|        j_stream_0_015|       pointer|
|j_stream_0_015_read      |  out|    1|     ap_fifo|        j_stream_0_015|       pointer|
|j_stream_0_016_dout      |   in|   32|     ap_fifo|        j_stream_0_016|       pointer|
|j_stream_0_016_empty_n   |   in|    1|     ap_fifo|        j_stream_0_016|       pointer|
|j_stream_0_016_read      |  out|    1|     ap_fifo|        j_stream_0_016|       pointer|
|j_stream_0_017_dout      |   in|   32|     ap_fifo|        j_stream_0_017|       pointer|
|j_stream_0_017_empty_n   |   in|    1|     ap_fifo|        j_stream_0_017|       pointer|
|j_stream_0_017_read      |  out|    1|     ap_fifo|        j_stream_0_017|       pointer|
|j_stream_0_018_dout      |   in|   32|     ap_fifo|        j_stream_0_018|       pointer|
|j_stream_0_018_empty_n   |   in|    1|     ap_fifo|        j_stream_0_018|       pointer|
|j_stream_0_018_read      |  out|    1|     ap_fifo|        j_stream_0_018|       pointer|
|j_stream_0_019_dout      |   in|   32|     ap_fifo|        j_stream_0_019|       pointer|
|j_stream_0_019_empty_n   |   in|    1|     ap_fifo|        j_stream_0_019|       pointer|
|j_stream_0_019_read      |  out|    1|     ap_fifo|        j_stream_0_019|       pointer|
|j_stream_0_020_dout      |   in|   32|     ap_fifo|        j_stream_0_020|       pointer|
|j_stream_0_020_empty_n   |   in|    1|     ap_fifo|        j_stream_0_020|       pointer|
|j_stream_0_020_read      |  out|    1|     ap_fifo|        j_stream_0_020|       pointer|
|j_stream_0_021_dout      |   in|   32|     ap_fifo|        j_stream_0_021|       pointer|
|j_stream_0_021_empty_n   |   in|    1|     ap_fifo|        j_stream_0_021|       pointer|
|j_stream_0_021_read      |  out|    1|     ap_fifo|        j_stream_0_021|       pointer|
|j_stream_0_022_dout      |   in|   32|     ap_fifo|        j_stream_0_022|       pointer|
|j_stream_0_022_empty_n   |   in|    1|     ap_fifo|        j_stream_0_022|       pointer|
|j_stream_0_022_read      |  out|    1|     ap_fifo|        j_stream_0_022|       pointer|
|j_stream_0_023_dout      |   in|   32|     ap_fifo|        j_stream_0_023|       pointer|
|j_stream_0_023_empty_n   |   in|    1|     ap_fifo|        j_stream_0_023|       pointer|
|j_stream_0_023_read      |  out|    1|     ap_fifo|        j_stream_0_023|       pointer|
|j_stream_0_024_dout      |   in|   32|     ap_fifo|        j_stream_0_024|       pointer|
|j_stream_0_024_empty_n   |   in|    1|     ap_fifo|        j_stream_0_024|       pointer|
|j_stream_0_024_read      |  out|    1|     ap_fifo|        j_stream_0_024|       pointer|
|j_stream_0_025_dout      |   in|   32|     ap_fifo|        j_stream_0_025|       pointer|
|j_stream_0_025_empty_n   |   in|    1|     ap_fifo|        j_stream_0_025|       pointer|
|j_stream_0_025_read      |  out|    1|     ap_fifo|        j_stream_0_025|       pointer|
|j_stream_0_026_dout      |   in|   32|     ap_fifo|        j_stream_0_026|       pointer|
|j_stream_0_026_empty_n   |   in|    1|     ap_fifo|        j_stream_0_026|       pointer|
|j_stream_0_026_read      |  out|    1|     ap_fifo|        j_stream_0_026|       pointer|
|j_stream_0_027_dout      |   in|   32|     ap_fifo|        j_stream_0_027|       pointer|
|j_stream_0_027_empty_n   |   in|    1|     ap_fifo|        j_stream_0_027|       pointer|
|j_stream_0_027_read      |  out|    1|     ap_fifo|        j_stream_0_027|       pointer|
|j_stream_0_028_dout      |   in|   32|     ap_fifo|        j_stream_0_028|       pointer|
|j_stream_0_028_empty_n   |   in|    1|     ap_fifo|        j_stream_0_028|       pointer|
|j_stream_0_028_read      |  out|    1|     ap_fifo|        j_stream_0_028|       pointer|
|j_stream_0_029_dout      |   in|   32|     ap_fifo|        j_stream_0_029|       pointer|
|j_stream_0_029_empty_n   |   in|    1|     ap_fifo|        j_stream_0_029|       pointer|
|j_stream_0_029_read      |  out|    1|     ap_fifo|        j_stream_0_029|       pointer|
|j_stream_0_030_dout      |   in|   32|     ap_fifo|        j_stream_0_030|       pointer|
|j_stream_0_030_empty_n   |   in|    1|     ap_fifo|        j_stream_0_030|       pointer|
|j_stream_0_030_read      |  out|    1|     ap_fifo|        j_stream_0_030|       pointer|
|j_stream_0_031_dout      |   in|   32|     ap_fifo|        j_stream_0_031|       pointer|
|j_stream_0_031_empty_n   |   in|    1|     ap_fifo|        j_stream_0_031|       pointer|
|j_stream_0_031_read      |  out|    1|     ap_fifo|        j_stream_0_031|       pointer|
|j_stream_0_032_dout      |   in|   32|     ap_fifo|        j_stream_0_032|       pointer|
|j_stream_0_032_empty_n   |   in|    1|     ap_fifo|        j_stream_0_032|       pointer|
|j_stream_0_032_read      |  out|    1|     ap_fifo|        j_stream_0_032|       pointer|
|j_stream_0_033_dout      |   in|   32|     ap_fifo|        j_stream_0_033|       pointer|
|j_stream_0_033_empty_n   |   in|    1|     ap_fifo|        j_stream_0_033|       pointer|
|j_stream_0_033_read      |  out|    1|     ap_fifo|        j_stream_0_033|       pointer|
|j_stream_0_034_dout      |   in|   32|     ap_fifo|        j_stream_0_034|       pointer|
|j_stream_0_034_empty_n   |   in|    1|     ap_fifo|        j_stream_0_034|       pointer|
|j_stream_0_034_read      |  out|    1|     ap_fifo|        j_stream_0_034|       pointer|
|j_stream_0_035_dout      |   in|   32|     ap_fifo|        j_stream_0_035|       pointer|
|j_stream_0_035_empty_n   |   in|    1|     ap_fifo|        j_stream_0_035|       pointer|
|j_stream_0_035_read      |  out|    1|     ap_fifo|        j_stream_0_035|       pointer|
|j_stream_0_036_dout      |   in|   32|     ap_fifo|        j_stream_0_036|       pointer|
|j_stream_0_036_empty_n   |   in|    1|     ap_fifo|        j_stream_0_036|       pointer|
|j_stream_0_036_read      |  out|    1|     ap_fifo|        j_stream_0_036|       pointer|
|j_stream_0_037_dout      |   in|   32|     ap_fifo|        j_stream_0_037|       pointer|
|j_stream_0_037_empty_n   |   in|    1|     ap_fifo|        j_stream_0_037|       pointer|
|j_stream_0_037_read      |  out|    1|     ap_fifo|        j_stream_0_037|       pointer|
|j_stream_0_038_dout      |   in|   32|     ap_fifo|        j_stream_0_038|       pointer|
|j_stream_0_038_empty_n   |   in|    1|     ap_fifo|        j_stream_0_038|       pointer|
|j_stream_0_038_read      |  out|    1|     ap_fifo|        j_stream_0_038|       pointer|
|j_stream_0_039_dout      |   in|   32|     ap_fifo|        j_stream_0_039|       pointer|
|j_stream_0_039_empty_n   |   in|    1|     ap_fifo|        j_stream_0_039|       pointer|
|j_stream_0_039_read      |  out|    1|     ap_fifo|        j_stream_0_039|       pointer|
|j_stream_0_040_dout      |   in|   32|     ap_fifo|        j_stream_0_040|       pointer|
|j_stream_0_040_empty_n   |   in|    1|     ap_fifo|        j_stream_0_040|       pointer|
|j_stream_0_040_read      |  out|    1|     ap_fifo|        j_stream_0_040|       pointer|
|j_stream_0_041_dout      |   in|   32|     ap_fifo|        j_stream_0_041|       pointer|
|j_stream_0_041_empty_n   |   in|    1|     ap_fifo|        j_stream_0_041|       pointer|
|j_stream_0_041_read      |  out|    1|     ap_fifo|        j_stream_0_041|       pointer|
|j_stream_0_042_dout      |   in|   32|     ap_fifo|        j_stream_0_042|       pointer|
|j_stream_0_042_empty_n   |   in|    1|     ap_fifo|        j_stream_0_042|       pointer|
|j_stream_0_042_read      |  out|    1|     ap_fifo|        j_stream_0_042|       pointer|
|j_stream_0_043_dout      |   in|   32|     ap_fifo|        j_stream_0_043|       pointer|
|j_stream_0_043_empty_n   |   in|    1|     ap_fifo|        j_stream_0_043|       pointer|
|j_stream_0_043_read      |  out|    1|     ap_fifo|        j_stream_0_043|       pointer|
|j_stream_0_044_dout      |   in|   32|     ap_fifo|        j_stream_0_044|       pointer|
|j_stream_0_044_empty_n   |   in|    1|     ap_fifo|        j_stream_0_044|       pointer|
|j_stream_0_044_read      |  out|    1|     ap_fifo|        j_stream_0_044|       pointer|
|j_stream_0_045_dout      |   in|   32|     ap_fifo|        j_stream_0_045|       pointer|
|j_stream_0_045_empty_n   |   in|    1|     ap_fifo|        j_stream_0_045|       pointer|
|j_stream_0_045_read      |  out|    1|     ap_fifo|        j_stream_0_045|       pointer|
|j_stream_0_046_dout      |   in|   32|     ap_fifo|        j_stream_0_046|       pointer|
|j_stream_0_046_empty_n   |   in|    1|     ap_fifo|        j_stream_0_046|       pointer|
|j_stream_0_046_read      |  out|    1|     ap_fifo|        j_stream_0_046|       pointer|
|j_stream_0_047_dout      |   in|   32|     ap_fifo|        j_stream_0_047|       pointer|
|j_stream_0_047_empty_n   |   in|    1|     ap_fifo|        j_stream_0_047|       pointer|
|j_stream_0_047_read      |  out|    1|     ap_fifo|        j_stream_0_047|       pointer|
|j_stream_0_048_dout      |   in|   32|     ap_fifo|        j_stream_0_048|       pointer|
|j_stream_0_048_empty_n   |   in|    1|     ap_fifo|        j_stream_0_048|       pointer|
|j_stream_0_048_read      |  out|    1|     ap_fifo|        j_stream_0_048|       pointer|
|j_stream_0_049_dout      |   in|   32|     ap_fifo|        j_stream_0_049|       pointer|
|j_stream_0_049_empty_n   |   in|    1|     ap_fifo|        j_stream_0_049|       pointer|
|j_stream_0_049_read      |  out|    1|     ap_fifo|        j_stream_0_049|       pointer|
|j_stream_0_050_dout      |   in|   32|     ap_fifo|        j_stream_0_050|       pointer|
|j_stream_0_050_empty_n   |   in|    1|     ap_fifo|        j_stream_0_050|       pointer|
|j_stream_0_050_read      |  out|    1|     ap_fifo|        j_stream_0_050|       pointer|
|j_stream_0_051_dout      |   in|   32|     ap_fifo|        j_stream_0_051|       pointer|
|j_stream_0_051_empty_n   |   in|    1|     ap_fifo|        j_stream_0_051|       pointer|
|j_stream_0_051_read      |  out|    1|     ap_fifo|        j_stream_0_051|       pointer|
|j_stream_0_052_dout      |   in|   32|     ap_fifo|        j_stream_0_052|       pointer|
|j_stream_0_052_empty_n   |   in|    1|     ap_fifo|        j_stream_0_052|       pointer|
|j_stream_0_052_read      |  out|    1|     ap_fifo|        j_stream_0_052|       pointer|
|j_stream_0_053_dout      |   in|   32|     ap_fifo|        j_stream_0_053|       pointer|
|j_stream_0_053_empty_n   |   in|    1|     ap_fifo|        j_stream_0_053|       pointer|
|j_stream_0_053_read      |  out|    1|     ap_fifo|        j_stream_0_053|       pointer|
|j_stream_0_054_dout      |   in|   32|     ap_fifo|        j_stream_0_054|       pointer|
|j_stream_0_054_empty_n   |   in|    1|     ap_fifo|        j_stream_0_054|       pointer|
|j_stream_0_054_read      |  out|    1|     ap_fifo|        j_stream_0_054|       pointer|
|j_stream_0_055_dout      |   in|   32|     ap_fifo|        j_stream_0_055|       pointer|
|j_stream_0_055_empty_n   |   in|    1|     ap_fifo|        j_stream_0_055|       pointer|
|j_stream_0_055_read      |  out|    1|     ap_fifo|        j_stream_0_055|       pointer|
|j_stream_0_056_dout      |   in|   32|     ap_fifo|        j_stream_0_056|       pointer|
|j_stream_0_056_empty_n   |   in|    1|     ap_fifo|        j_stream_0_056|       pointer|
|j_stream_0_056_read      |  out|    1|     ap_fifo|        j_stream_0_056|       pointer|
|j_stream_0_057_dout      |   in|   32|     ap_fifo|        j_stream_0_057|       pointer|
|j_stream_0_057_empty_n   |   in|    1|     ap_fifo|        j_stream_0_057|       pointer|
|j_stream_0_057_read      |  out|    1|     ap_fifo|        j_stream_0_057|       pointer|
|j_stream_0_058_dout      |   in|   32|     ap_fifo|        j_stream_0_058|       pointer|
|j_stream_0_058_empty_n   |   in|    1|     ap_fifo|        j_stream_0_058|       pointer|
|j_stream_0_058_read      |  out|    1|     ap_fifo|        j_stream_0_058|       pointer|
|j_stream_0_059_dout      |   in|   32|     ap_fifo|        j_stream_0_059|       pointer|
|j_stream_0_059_empty_n   |   in|    1|     ap_fifo|        j_stream_0_059|       pointer|
|j_stream_0_059_read      |  out|    1|     ap_fifo|        j_stream_0_059|       pointer|
|j_stream_0_060_dout      |   in|   32|     ap_fifo|        j_stream_0_060|       pointer|
|j_stream_0_060_empty_n   |   in|    1|     ap_fifo|        j_stream_0_060|       pointer|
|j_stream_0_060_read      |  out|    1|     ap_fifo|        j_stream_0_060|       pointer|
|j_stream_0_061_dout      |   in|   32|     ap_fifo|        j_stream_0_061|       pointer|
|j_stream_0_061_empty_n   |   in|    1|     ap_fifo|        j_stream_0_061|       pointer|
|j_stream_0_061_read      |  out|    1|     ap_fifo|        j_stream_0_061|       pointer|
|j_stream_0_062_dout      |   in|   32|     ap_fifo|        j_stream_0_062|       pointer|
|j_stream_0_062_empty_n   |   in|    1|     ap_fifo|        j_stream_0_062|       pointer|
|j_stream_0_062_read      |  out|    1|     ap_fifo|        j_stream_0_062|       pointer|
|j_stream_0_063_dout      |   in|   32|     ap_fifo|        j_stream_0_063|       pointer|
|j_stream_0_063_empty_n   |   in|    1|     ap_fifo|        j_stream_0_063|       pointer|
|j_stream_0_063_read      |  out|    1|     ap_fifo|        j_stream_0_063|       pointer|
+-------------------------+-----+-----+------------+----------------------+--------------+

