

================================================================
== Vitis HLS Report for 'ShiftJcoupCache'
================================================================
* Date:           Mon Oct 18 00:46:51 2021

* Version:        2021.1 (Build 3247384 on Thu Jun 10 19:36:33 MDT 2021)
* Project:        SQA-Vitis
* Solution:       solution1 (Vitis Kernel Flow Target)
* Product family: virtexuplus
* Target device:  xcvu35p-fsvh2892-2-e


================================================================
== Performance Estimates
================================================================
+ Timing: 
    * Summary: 
    +--------+---------+----------+------------+
    |  Clock |  Target | Estimated| Uncertainty|
    +--------+---------+----------+------------+
    |ap_clk  |  3.33 ns|  2.417 ns|     0.90 ns|
    +--------+---------+----------+------------+

+ Latency: 
    * Summary: 
    +---------+---------+----------+----------+-----+-----+---------+
    |  Latency (cycles) |  Latency (absolute) |  Interval | Pipeline|
    |   min   |   max   |    min   |    max   | min | max |   Type  |
    +---------+---------+----------+----------+-----+-----+---------+
    |       66|       66|  0.220 us|  0.220 us|   66|   66|       no|
    +---------+---------+----------+----------+-----+-----+---------+

    + Detail: 
        * Instance: 
        N/A

        * Loop: 
        +---------------+---------+---------+----------+-----------+-----------+------+----------+
        |               |  Latency (cycles) | Iteration|  Initiation Interval  | Trip |          |
        |   Loop Name   |   min   |   max   |  Latency |  achieved |   target  | Count| Pipelined|
        +---------------+---------+---------+----------+-----------+-----------+------+----------+
        |- SHIFT_JCOUP  |       64|       64|         2|          1|          1|    64|       yes|
        +---------------+---------+---------+----------+-----------+-----------+------+----------+



================================================================
== Utilization Estimates
================================================================
* Summary: 
+---------------------+---------+------+---------+--------+-----+
|         Name        | BRAM_18K|  DSP |    FF   |   LUT  | URAM|
+---------------------+---------+------+---------+--------+-----+
|DSP                  |        -|     -|        -|       -|    -|
|Expression           |        -|     -|        0|      37|    -|
|FIFO                 |        -|     -|        -|       -|    -|
|Instance             |        -|     -|        -|       -|    -|
|Memory               |        -|     -|        -|       -|    -|
|Multiplexer          |        -|     -|        -|    1764|    -|
|Register             |        -|     -|       28|       -|    -|
+---------------------+---------+------+---------+--------+-----+
|Total                |        0|     0|       28|    1801|    0|
+---------------------+---------+------+---------+--------+-----+
|Available SLR        |     1344|  2976|   871680|  435840|  320|
+---------------------+---------+------+---------+--------+-----+
|Utilization SLR (%)  |        0|     0|       ~0|      ~0|    0|
+---------------------+---------+------+---------+--------+-----+
|Available            |     2688|  5952|  1743360|  871680|  640|
+---------------------+---------+------+---------+--------+-----+
|Utilization (%)      |        0|     0|       ~0|      ~0|    0|
+---------------------+---------+------+---------+--------+-----+

+ Detail: 
    * Instance: 
    N/A

    * DSP: 
    N/A

    * Memory: 
    N/A

    * FIFO: 
    N/A

    * Expression: 
    +----------------------------------+----------+----+---+----+------------+------------+
    |           Variable Name          | Operation| DSP| FF| LUT| Bitwidth P0| Bitwidth P1|
    +----------------------------------+----------+----+---+----+------------+------------+
    |add_ln322_fu_1357_p2              |         +|   0|  0|  14|           7|           1|
    |ap_block_pp0_stage0_01001         |       and|   0|  0|   2|           1|           1|
    |io_acc_block_signal_op346         |       and|   0|  0|   2|           1|           1|
    |io_acc_block_signal_op477         |       and|   0|  0|   2|           1|           1|
    |io_acc_block_signal_op608         |       and|   0|  0|   2|           1|           1|
    |icmp_ln322_fu_1351_p2             |      icmp|   0|  0|  11|           7|           8|
    |ap_block_state2_pp0_stage0_iter1  |        or|   0|  0|   2|           1|           1|
    |ap_enable_pp0                     |       xor|   0|  0|   2|           1|           2|
    +----------------------------------+----------+----+---+----+------------+------------+
    |Total                             |          |   0|  0|  37|          20|          16|
    +----------------------------------+----------+----+---+----+------------+------------+

    * Multiplexer: 
    +-------------------------+----+-----------+-----+-----------+
    |           Name          | LUT| Input Size| Bits| Total Bits|
    +-------------------------+----+-----------+-----+-----------+
    |ap_done_int              |   9|          2|    1|          2|
    |ap_enable_reg_pp0_iter1  |   9|          2|    1|          2|
    |ap_sig_allocacmp_ofst_4  |   9|          2|    7|         14|
    |j_stream_0_04100_blk_n   |   9|          2|    1|          2|
    |j_stream_0_04101_blk_n   |   9|          2|    1|          2|
    |j_stream_0_04102_blk_n   |   9|          2|    1|          2|
    |j_stream_0_04103_blk_n   |   9|          2|    1|          2|
    |j_stream_0_04104_blk_n   |   9|          2|    1|          2|
    |j_stream_0_04105_blk_n   |   9|          2|    1|          2|
    |j_stream_0_04106_blk_n   |   9|          2|    1|          2|
    |j_stream_0_04107_blk_n   |   9|          2|    1|          2|
    |j_stream_0_04108_blk_n   |   9|          2|    1|          2|
    |j_stream_0_04109_blk_n   |   9|          2|    1|          2|
    |j_stream_0_04110_blk_n   |   9|          2|    1|          2|
    |j_stream_0_04111_blk_n   |   9|          2|    1|          2|
    |j_stream_0_04112_blk_n   |   9|          2|    1|          2|
    |j_stream_0_04113_blk_n   |   9|          2|    1|          2|
    |j_stream_0_04114_blk_n   |   9|          2|    1|          2|
    |j_stream_0_04115_blk_n   |   9|          2|    1|          2|
    |j_stream_0_04116_blk_n   |   9|          2|    1|          2|
    |j_stream_0_04117_blk_n   |   9|          2|    1|          2|
    |j_stream_0_04118_blk_n   |   9|          2|    1|          2|
    |j_stream_0_04119_blk_n   |   9|          2|    1|          2|
    |j_stream_0_04120_blk_n   |   9|          2|    1|          2|
    |j_stream_0_04121_blk_n   |   9|          2|    1|          2|
    |j_stream_0_04122_blk_n   |   9|          2|    1|          2|
    |j_stream_0_04123_blk_n   |   9|          2|    1|          2|
    |j_stream_0_04124_blk_n   |   9|          2|    1|          2|
    |j_stream_0_04125_blk_n   |   9|          2|    1|          2|
    |j_stream_0_04126_blk_n   |   9|          2|    1|          2|
    |j_stream_0_04127_blk_n   |   9|          2|    1|          2|
    |j_stream_0_0464_blk_n    |   9|          2|    1|          2|
    |j_stream_0_0465_blk_n    |   9|          2|    1|          2|
    |j_stream_0_0466_blk_n    |   9|          2|    1|          2|
    |j_stream_0_0467_blk_n    |   9|          2|    1|          2|
    |j_stream_0_0468_blk_n    |   9|          2|    1|          2|
    |j_stream_0_0469_blk_n    |   9|          2|    1|          2|
    |j_stream_0_0470_blk_n    |   9|          2|    1|          2|
    |j_stream_0_0471_blk_n    |   9|          2|    1|          2|
    |j_stream_0_0472_blk_n    |   9|          2|    1|          2|
    |j_stream_0_0473_blk_n    |   9|          2|    1|          2|
    |j_stream_0_0474_blk_n    |   9|          2|    1|          2|
    |j_stream_0_0475_blk_n    |   9|          2|    1|          2|
    |j_stream_0_0476_blk_n    |   9|          2|    1|          2|
    |j_stream_0_0477_blk_n    |   9|          2|    1|          2|
    |j_stream_0_0478_blk_n    |   9|          2|    1|          2|
    |j_stream_0_0479_blk_n    |   9|          2|    1|          2|
    |j_stream_0_0480_blk_n    |   9|          2|    1|          2|
    |j_stream_0_0481_blk_n    |   9|          2|    1|          2|
    |j_stream_0_0482_blk_n    |   9|          2|    1|          2|
    |j_stream_0_0483_blk_n    |   9|          2|    1|          2|
    |j_stream_0_0484_blk_n    |   9|          2|    1|          2|
    |j_stream_0_0485_blk_n    |   9|          2|    1|          2|
    |j_stream_0_0486_blk_n    |   9|          2|    1|          2|
    |j_stream_0_0487_blk_n    |   9|          2|    1|          2|
    |j_stream_0_0488_blk_n    |   9|          2|    1|          2|
    |j_stream_0_0489_blk_n    |   9|          2|    1|          2|
    |j_stream_0_0490_blk_n    |   9|          2|    1|          2|
    |j_stream_0_0491_blk_n    |   9|          2|    1|          2|
    |j_stream_0_0492_blk_n    |   9|          2|    1|          2|
    |j_stream_0_0493_blk_n    |   9|          2|    1|          2|
    |j_stream_0_0494_blk_n    |   9|          2|    1|          2|
    |j_stream_0_0495_blk_n    |   9|          2|    1|          2|
    |j_stream_0_0496_blk_n    |   9|          2|    1|          2|
    |j_stream_0_0497_blk_n    |   9|          2|    1|          2|
    |j_stream_0_0498_blk_n    |   9|          2|    1|          2|
    |j_stream_0_0499_blk_n    |   9|          2|    1|          2|
    |j_stream_0_05128_blk_n   |   9|          2|    1|          2|
    |j_stream_0_05129_blk_n   |   9|          2|    1|          2|
    |j_stream_0_05130_blk_n   |   9|          2|    1|          2|
    |j_stream_0_05131_blk_n   |   9|          2|    1|          2|
    |j_stream_0_05132_blk_n   |   9|          2|    1|          2|
    |j_stream_0_05133_blk_n   |   9|          2|    1|          2|
    |j_stream_0_05134_blk_n   |   9|          2|    1|          2|
    |j_stream_0_05135_blk_n   |   9|          2|    1|          2|
    |j_stream_0_05136_blk_n   |   9|          2|    1|          2|
    |j_stream_0_05137_blk_n   |   9|          2|    1|          2|
    |j_stream_0_05138_blk_n   |   9|          2|    1|          2|
    |j_stream_0_05139_blk_n   |   9|          2|    1|          2|
    |j_stream_0_05140_blk_n   |   9|          2|    1|          2|
    |j_stream_0_05141_blk_n   |   9|          2|    1|          2|
    |j_stream_0_05142_blk_n   |   9|          2|    1|          2|
    |j_stream_0_05143_blk_n   |   9|          2|    1|          2|
    |j_stream_0_05144_blk_n   |   9|          2|    1|          2|
    |j_stream_0_05145_blk_n   |   9|          2|    1|          2|
    |j_stream_0_05146_blk_n   |   9|          2|    1|          2|
    |j_stream_0_05147_blk_n   |   9|          2|    1|          2|
    |j_stream_0_05148_blk_n   |   9|          2|    1|          2|
    |j_stream_0_05149_blk_n   |   9|          2|    1|          2|
    |j_stream_0_05150_blk_n   |   9|          2|    1|          2|
    |j_stream_0_05151_blk_n   |   9|          2|    1|          2|
    |j_stream_0_05152_blk_n   |   9|          2|    1|          2|
    |j_stream_0_05153_blk_n   |   9|          2|    1|          2|
    |j_stream_0_05154_blk_n   |   9|          2|    1|          2|
    |j_stream_0_05155_blk_n   |   9|          2|    1|          2|
    |j_stream_0_05156_blk_n   |   9|          2|    1|          2|
    |j_stream_0_05157_blk_n   |   9|          2|    1|          2|
    |j_stream_0_05158_blk_n   |   9|          2|    1|          2|
    |j_stream_0_05159_blk_n   |   9|          2|    1|          2|
    |j_stream_0_05160_blk_n   |   9|          2|    1|          2|
    |j_stream_0_05161_blk_n   |   9|          2|    1|          2|
    |j_stream_0_05162_blk_n   |   9|          2|    1|          2|
    |j_stream_0_05163_blk_n   |   9|          2|    1|          2|
    |j_stream_0_05164_blk_n   |   9|          2|    1|          2|
    |j_stream_0_05165_blk_n   |   9|          2|    1|          2|
    |j_stream_0_05166_blk_n   |   9|          2|    1|          2|
    |j_stream_0_05167_blk_n   |   9|          2|    1|          2|
    |j_stream_0_05168_blk_n   |   9|          2|    1|          2|
    |j_stream_0_05169_blk_n   |   9|          2|    1|          2|
    |j_stream_0_05170_blk_n   |   9|          2|    1|          2|
    |j_stream_0_05171_blk_n   |   9|          2|    1|          2|
    |j_stream_0_05172_blk_n   |   9|          2|    1|          2|
    |j_stream_0_05173_blk_n   |   9|          2|    1|          2|
    |j_stream_0_05174_blk_n   |   9|          2|    1|          2|
    |j_stream_0_05175_blk_n   |   9|          2|    1|          2|
    |j_stream_0_05176_blk_n   |   9|          2|    1|          2|
    |j_stream_0_05177_blk_n   |   9|          2|    1|          2|
    |j_stream_0_05178_blk_n   |   9|          2|    1|          2|
    |j_stream_0_05179_blk_n   |   9|          2|    1|          2|
    |j_stream_0_05180_blk_n   |   9|          2|    1|          2|
    |j_stream_0_05181_blk_n   |   9|          2|    1|          2|
    |j_stream_0_05182_blk_n   |   9|          2|    1|          2|
    |j_stream_0_05183_blk_n   |   9|          2|    1|          2|
    |j_stream_0_05184_blk_n   |   9|          2|    1|          2|
    |j_stream_0_05185_blk_n   |   9|          2|    1|          2|
    |j_stream_0_05186_blk_n   |   9|          2|    1|          2|
    |j_stream_0_05187_blk_n   |   9|          2|    1|          2|
    |j_stream_0_05188_blk_n   |   9|          2|    1|          2|
    |j_stream_0_05189_blk_n   |   9|          2|    1|          2|
    |j_stream_0_05190_blk_n   |   9|          2|    1|          2|
    |j_stream_0_05191_blk_n   |   9|          2|    1|          2|
    |j_stream_0_06192_blk_n   |   9|          2|    1|          2|
    |j_stream_0_06193_blk_n   |   9|          2|    1|          2|
    |j_stream_0_06194_blk_n   |   9|          2|    1|          2|
    |j_stream_0_06195_blk_n   |   9|          2|    1|          2|
    |j_stream_0_06196_blk_n   |   9|          2|    1|          2|
    |j_stream_0_06197_blk_n   |   9|          2|    1|          2|
    |j_stream_0_06198_blk_n   |   9|          2|    1|          2|
    |j_stream_0_06199_blk_n   |   9|          2|    1|          2|
    |j_stream_0_06200_blk_n   |   9|          2|    1|          2|
    |j_stream_0_06201_blk_n   |   9|          2|    1|          2|
    |j_stream_0_06202_blk_n   |   9|          2|    1|          2|
    |j_stream_0_06203_blk_n   |   9|          2|    1|          2|
    |j_stream_0_06204_blk_n   |   9|          2|    1|          2|
    |j_stream_0_06205_blk_n   |   9|          2|    1|          2|
    |j_stream_0_06206_blk_n   |   9|          2|    1|          2|
    |j_stream_0_06207_blk_n   |   9|          2|    1|          2|
    |j_stream_0_06208_blk_n   |   9|          2|    1|          2|
    |j_stream_0_06209_blk_n   |   9|          2|    1|          2|
    |j_stream_0_06210_blk_n   |   9|          2|    1|          2|
    |j_stream_0_06211_blk_n   |   9|          2|    1|          2|
    |j_stream_0_06212_blk_n   |   9|          2|    1|          2|
    |j_stream_0_06213_blk_n   |   9|          2|    1|          2|
    |j_stream_0_06214_blk_n   |   9|          2|    1|          2|
    |j_stream_0_06215_blk_n   |   9|          2|    1|          2|
    |j_stream_0_06216_blk_n   |   9|          2|    1|          2|
    |j_stream_0_06217_blk_n   |   9|          2|    1|          2|
    |j_stream_0_06218_blk_n   |   9|          2|    1|          2|
    |j_stream_0_06219_blk_n   |   9|          2|    1|          2|
    |j_stream_0_06220_blk_n   |   9|          2|    1|          2|
    |j_stream_0_06221_blk_n   |   9|          2|    1|          2|
    |j_stream_0_06222_blk_n   |   9|          2|    1|          2|
    |j_stream_0_06223_blk_n   |   9|          2|    1|          2|
    |j_stream_0_06224_blk_n   |   9|          2|    1|          2|
    |j_stream_0_06225_blk_n   |   9|          2|    1|          2|
    |j_stream_0_06226_blk_n   |   9|          2|    1|          2|
    |j_stream_0_06227_blk_n   |   9|          2|    1|          2|
    |j_stream_0_06228_blk_n   |   9|          2|    1|          2|
    |j_stream_0_06229_blk_n   |   9|          2|    1|          2|
    |j_stream_0_06230_blk_n   |   9|          2|    1|          2|
    |j_stream_0_06231_blk_n   |   9|          2|    1|          2|
    |j_stream_0_06232_blk_n   |   9|          2|    1|          2|
    |j_stream_0_06233_blk_n   |   9|          2|    1|          2|
    |j_stream_0_06234_blk_n   |   9|          2|    1|          2|
    |j_stream_0_06235_blk_n   |   9|          2|    1|          2|
    |j_stream_0_06236_blk_n   |   9|          2|    1|          2|
    |j_stream_0_06237_blk_n   |   9|          2|    1|          2|
    |j_stream_0_06238_blk_n   |   9|          2|    1|          2|
    |j_stream_0_06239_blk_n   |   9|          2|    1|          2|
    |j_stream_0_06240_blk_n   |   9|          2|    1|          2|
    |j_stream_0_06241_blk_n   |   9|          2|    1|          2|
    |j_stream_0_06242_blk_n   |   9|          2|    1|          2|
    |j_stream_0_06243_blk_n   |   9|          2|    1|          2|
    |j_stream_0_06244_blk_n   |   9|          2|    1|          2|
    |j_stream_0_06245_blk_n   |   9|          2|    1|          2|
    |j_stream_0_06246_blk_n   |   9|          2|    1|          2|
    |j_stream_0_06247_blk_n   |   9|          2|    1|          2|
    |j_stream_0_06248_blk_n   |   9|          2|    1|          2|
    |j_stream_0_06249_blk_n   |   9|          2|    1|          2|
    |j_stream_0_06250_blk_n   |   9|          2|    1|          2|
    |j_stream_0_06251_blk_n   |   9|          2|    1|          2|
    |j_stream_0_06252_blk_n   |   9|          2|    1|          2|
    |j_stream_0_06253_blk_n   |   9|          2|    1|          2|
    |j_stream_0_06254_blk_n   |   9|          2|    1|          2|
    |j_stream_0_06255_blk_n   |   9|          2|    1|          2|
    |ofst_fu_684              |   9|          2|    7|         14|
    +-------------------------+----+-----------+-----+-----------+
    |Total                    |1764|        392|  208|        416|
    +-------------------------+----+-----------+-----+-----------+

    * Register: 
    +---------------------------------+---+----+-----+-----------+
    |               Name              | FF| LUT| Bits| Const Bits|
    +---------------------------------+---+----+-----+-----------+
    |ap_CS_fsm                        |  1|   0|    1|          0|
    |ap_done_reg                      |  1|   0|    1|          0|
    |ap_enable_reg_pp0_iter1          |  1|   0|    1|          0|
    |ofst_fu_684                      |  7|   0|    7|          0|
    |this_jcoup_local1_addr_reg_4260  |  6|   0|    6|          0|
    |this_jcoup_local2_addr_reg_4254  |  6|   0|    6|          0|
    |this_jcoup_local3_addr_reg_4248  |  6|   0|    6|          0|
    +---------------------------------+---+----+-----+-----------+
    |Total                            | 28|   0|   28|          0|
    +---------------------------------+---+----+-----+-----------+



================================================================
== Interface
================================================================
* Summary: 
+----------------------------+-----+------+------------+-------------------+--------------+
|          RTL Ports         | Dir | Bits |  Protocol  |   Source Object   |    C Type    |
+----------------------------+-----+------+------------+-------------------+--------------+
|ap_clk                      |   in|     1|  ap_ctrl_hs|    ShiftJcoupCache|  return value|
|ap_rst                      |   in|     1|  ap_ctrl_hs|    ShiftJcoupCache|  return value|
|ap_start                    |   in|     1|  ap_ctrl_hs|    ShiftJcoupCache|  return value|
|ap_done                     |  out|     1|  ap_ctrl_hs|    ShiftJcoupCache|  return value|
|ap_idle                     |  out|     1|  ap_ctrl_hs|    ShiftJcoupCache|  return value|
|ap_ready                    |  out|     1|  ap_ctrl_hs|    ShiftJcoupCache|  return value|
|j_stream_0_06192_din        |  out|    32|     ap_fifo|   j_stream_0_06192|       pointer|
|j_stream_0_06192_full_n     |   in|     1|     ap_fifo|   j_stream_0_06192|       pointer|
|j_stream_0_06192_write      |  out|     1|     ap_fifo|   j_stream_0_06192|       pointer|
|j_stream_0_06193_din        |  out|    32|     ap_fifo|   j_stream_0_06193|       pointer|
|j_stream_0_06193_full_n     |   in|     1|     ap_fifo|   j_stream_0_06193|       pointer|
|j_stream_0_06193_write      |  out|     1|     ap_fifo|   j_stream_0_06193|       pointer|
|j_stream_0_06194_din        |  out|    32|     ap_fifo|   j_stream_0_06194|       pointer|
|j_stream_0_06194_full_n     |   in|     1|     ap_fifo|   j_stream_0_06194|       pointer|
|j_stream_0_06194_write      |  out|     1|     ap_fifo|   j_stream_0_06194|       pointer|
|j_stream_0_06195_din        |  out|    32|     ap_fifo|   j_stream_0_06195|       pointer|
|j_stream_0_06195_full_n     |   in|     1|     ap_fifo|   j_stream_0_06195|       pointer|
|j_stream_0_06195_write      |  out|     1|     ap_fifo|   j_stream_0_06195|       pointer|
|j_stream_0_06196_din        |  out|    32|     ap_fifo|   j_stream_0_06196|       pointer|
|j_stream_0_06196_full_n     |   in|     1|     ap_fifo|   j_stream_0_06196|       pointer|
|j_stream_0_06196_write      |  out|     1|     ap_fifo|   j_stream_0_06196|       pointer|
|j_stream_0_06197_din        |  out|    32|     ap_fifo|   j_stream_0_06197|       pointer|
|j_stream_0_06197_full_n     |   in|     1|     ap_fifo|   j_stream_0_06197|       pointer|
|j_stream_0_06197_write      |  out|     1|     ap_fifo|   j_stream_0_06197|       pointer|
|j_stream_0_06198_din        |  out|    32|     ap_fifo|   j_stream_0_06198|       pointer|
|j_stream_0_06198_full_n     |   in|     1|     ap_fifo|   j_stream_0_06198|       pointer|
|j_stream_0_06198_write      |  out|     1|     ap_fifo|   j_stream_0_06198|       pointer|
|j_stream_0_06199_din        |  out|    32|     ap_fifo|   j_stream_0_06199|       pointer|
|j_stream_0_06199_full_n     |   in|     1|     ap_fifo|   j_stream_0_06199|       pointer|
|j_stream_0_06199_write      |  out|     1|     ap_fifo|   j_stream_0_06199|       pointer|
|j_stream_0_06200_din        |  out|    32|     ap_fifo|   j_stream_0_06200|       pointer|
|j_stream_0_06200_full_n     |   in|     1|     ap_fifo|   j_stream_0_06200|       pointer|
|j_stream_0_06200_write      |  out|     1|     ap_fifo|   j_stream_0_06200|       pointer|
|j_stream_0_06201_din        |  out|    32|     ap_fifo|   j_stream_0_06201|       pointer|
|j_stream_0_06201_full_n     |   in|     1|     ap_fifo|   j_stream_0_06201|       pointer|
|j_stream_0_06201_write      |  out|     1|     ap_fifo|   j_stream_0_06201|       pointer|
|j_stream_0_06202_din        |  out|    32|     ap_fifo|   j_stream_0_06202|       pointer|
|j_stream_0_06202_full_n     |   in|     1|     ap_fifo|   j_stream_0_06202|       pointer|
|j_stream_0_06202_write      |  out|     1|     ap_fifo|   j_stream_0_06202|       pointer|
|j_stream_0_06203_din        |  out|    32|     ap_fifo|   j_stream_0_06203|       pointer|
|j_stream_0_06203_full_n     |   in|     1|     ap_fifo|   j_stream_0_06203|       pointer|
|j_stream_0_06203_write      |  out|     1|     ap_fifo|   j_stream_0_06203|       pointer|
|j_stream_0_06204_din        |  out|    32|     ap_fifo|   j_stream_0_06204|       pointer|
|j_stream_0_06204_full_n     |   in|     1|     ap_fifo|   j_stream_0_06204|       pointer|
|j_stream_0_06204_write      |  out|     1|     ap_fifo|   j_stream_0_06204|       pointer|
|j_stream_0_06205_din        |  out|    32|     ap_fifo|   j_stream_0_06205|       pointer|
|j_stream_0_06205_full_n     |   in|     1|     ap_fifo|   j_stream_0_06205|       pointer|
|j_stream_0_06205_write      |  out|     1|     ap_fifo|   j_stream_0_06205|       pointer|
|j_stream_0_06206_din        |  out|    32|     ap_fifo|   j_stream_0_06206|       pointer|
|j_stream_0_06206_full_n     |   in|     1|     ap_fifo|   j_stream_0_06206|       pointer|
|j_stream_0_06206_write      |  out|     1|     ap_fifo|   j_stream_0_06206|       pointer|
|j_stream_0_06207_din        |  out|    32|     ap_fifo|   j_stream_0_06207|       pointer|
|j_stream_0_06207_full_n     |   in|     1|     ap_fifo|   j_stream_0_06207|       pointer|
|j_stream_0_06207_write      |  out|     1|     ap_fifo|   j_stream_0_06207|       pointer|
|j_stream_0_06208_din        |  out|    32|     ap_fifo|   j_stream_0_06208|       pointer|
|j_stream_0_06208_full_n     |   in|     1|     ap_fifo|   j_stream_0_06208|       pointer|
|j_stream_0_06208_write      |  out|     1|     ap_fifo|   j_stream_0_06208|       pointer|
|j_stream_0_06209_din        |  out|    32|     ap_fifo|   j_stream_0_06209|       pointer|
|j_stream_0_06209_full_n     |   in|     1|     ap_fifo|   j_stream_0_06209|       pointer|
|j_stream_0_06209_write      |  out|     1|     ap_fifo|   j_stream_0_06209|       pointer|
|j_stream_0_06210_din        |  out|    32|     ap_fifo|   j_stream_0_06210|       pointer|
|j_stream_0_06210_full_n     |   in|     1|     ap_fifo|   j_stream_0_06210|       pointer|
|j_stream_0_06210_write      |  out|     1|     ap_fifo|   j_stream_0_06210|       pointer|
|j_stream_0_06211_din        |  out|    32|     ap_fifo|   j_stream_0_06211|       pointer|
|j_stream_0_06211_full_n     |   in|     1|     ap_fifo|   j_stream_0_06211|       pointer|
|j_stream_0_06211_write      |  out|     1|     ap_fifo|   j_stream_0_06211|       pointer|
|j_stream_0_06212_din        |  out|    32|     ap_fifo|   j_stream_0_06212|       pointer|
|j_stream_0_06212_full_n     |   in|     1|     ap_fifo|   j_stream_0_06212|       pointer|
|j_stream_0_06212_write      |  out|     1|     ap_fifo|   j_stream_0_06212|       pointer|
|j_stream_0_06213_din        |  out|    32|     ap_fifo|   j_stream_0_06213|       pointer|
|j_stream_0_06213_full_n     |   in|     1|     ap_fifo|   j_stream_0_06213|       pointer|
|j_stream_0_06213_write      |  out|     1|     ap_fifo|   j_stream_0_06213|       pointer|
|j_stream_0_06214_din        |  out|    32|     ap_fifo|   j_stream_0_06214|       pointer|
|j_stream_0_06214_full_n     |   in|     1|     ap_fifo|   j_stream_0_06214|       pointer|
|j_stream_0_06214_write      |  out|     1|     ap_fifo|   j_stream_0_06214|       pointer|
|j_stream_0_06215_din        |  out|    32|     ap_fifo|   j_stream_0_06215|       pointer|
|j_stream_0_06215_full_n     |   in|     1|     ap_fifo|   j_stream_0_06215|       pointer|
|j_stream_0_06215_write      |  out|     1|     ap_fifo|   j_stream_0_06215|       pointer|
|j_stream_0_06216_din        |  out|    32|     ap_fifo|   j_stream_0_06216|       pointer|
|j_stream_0_06216_full_n     |   in|     1|     ap_fifo|   j_stream_0_06216|       pointer|
|j_stream_0_06216_write      |  out|     1|     ap_fifo|   j_stream_0_06216|       pointer|
|j_stream_0_06217_din        |  out|    32|     ap_fifo|   j_stream_0_06217|       pointer|
|j_stream_0_06217_full_n     |   in|     1|     ap_fifo|   j_stream_0_06217|       pointer|
|j_stream_0_06217_write      |  out|     1|     ap_fifo|   j_stream_0_06217|       pointer|
|j_stream_0_06218_din        |  out|    32|     ap_fifo|   j_stream_0_06218|       pointer|
|j_stream_0_06218_full_n     |   in|     1|     ap_fifo|   j_stream_0_06218|       pointer|
|j_stream_0_06218_write      |  out|     1|     ap_fifo|   j_stream_0_06218|       pointer|
|j_stream_0_06219_din        |  out|    32|     ap_fifo|   j_stream_0_06219|       pointer|
|j_stream_0_06219_full_n     |   in|     1|     ap_fifo|   j_stream_0_06219|       pointer|
|j_stream_0_06219_write      |  out|     1|     ap_fifo|   j_stream_0_06219|       pointer|
|j_stream_0_06220_din        |  out|    32|     ap_fifo|   j_stream_0_06220|       pointer|
|j_stream_0_06220_full_n     |   in|     1|     ap_fifo|   j_stream_0_06220|       pointer|
|j_stream_0_06220_write      |  out|     1|     ap_fifo|   j_stream_0_06220|       pointer|
|j_stream_0_06221_din        |  out|    32|     ap_fifo|   j_stream_0_06221|       pointer|
|j_stream_0_06221_full_n     |   in|     1|     ap_fifo|   j_stream_0_06221|       pointer|
|j_stream_0_06221_write      |  out|     1|     ap_fifo|   j_stream_0_06221|       pointer|
|j_stream_0_06222_din        |  out|    32|     ap_fifo|   j_stream_0_06222|       pointer|
|j_stream_0_06222_full_n     |   in|     1|     ap_fifo|   j_stream_0_06222|       pointer|
|j_stream_0_06222_write      |  out|     1|     ap_fifo|   j_stream_0_06222|       pointer|
|j_stream_0_06223_din        |  out|    32|     ap_fifo|   j_stream_0_06223|       pointer|
|j_stream_0_06223_full_n     |   in|     1|     ap_fifo|   j_stream_0_06223|       pointer|
|j_stream_0_06223_write      |  out|     1|     ap_fifo|   j_stream_0_06223|       pointer|
|j_stream_0_06224_din        |  out|    32|     ap_fifo|   j_stream_0_06224|       pointer|
|j_stream_0_06224_full_n     |   in|     1|     ap_fifo|   j_stream_0_06224|       pointer|
|j_stream_0_06224_write      |  out|     1|     ap_fifo|   j_stream_0_06224|       pointer|
|j_stream_0_06225_din        |  out|    32|     ap_fifo|   j_stream_0_06225|       pointer|
|j_stream_0_06225_full_n     |   in|     1|     ap_fifo|   j_stream_0_06225|       pointer|
|j_stream_0_06225_write      |  out|     1|     ap_fifo|   j_stream_0_06225|       pointer|
|j_stream_0_06226_din        |  out|    32|     ap_fifo|   j_stream_0_06226|       pointer|
|j_stream_0_06226_full_n     |   in|     1|     ap_fifo|   j_stream_0_06226|       pointer|
|j_stream_0_06226_write      |  out|     1|     ap_fifo|   j_stream_0_06226|       pointer|
|j_stream_0_06227_din        |  out|    32|     ap_fifo|   j_stream_0_06227|       pointer|
|j_stream_0_06227_full_n     |   in|     1|     ap_fifo|   j_stream_0_06227|       pointer|
|j_stream_0_06227_write      |  out|     1|     ap_fifo|   j_stream_0_06227|       pointer|
|j_stream_0_06228_din        |  out|    32|     ap_fifo|   j_stream_0_06228|       pointer|
|j_stream_0_06228_full_n     |   in|     1|     ap_fifo|   j_stream_0_06228|       pointer|
|j_stream_0_06228_write      |  out|     1|     ap_fifo|   j_stream_0_06228|       pointer|
|j_stream_0_06229_din        |  out|    32|     ap_fifo|   j_stream_0_06229|       pointer|
|j_stream_0_06229_full_n     |   in|     1|     ap_fifo|   j_stream_0_06229|       pointer|
|j_stream_0_06229_write      |  out|     1|     ap_fifo|   j_stream_0_06229|       pointer|
|j_stream_0_06230_din        |  out|    32|     ap_fifo|   j_stream_0_06230|       pointer|
|j_stream_0_06230_full_n     |   in|     1|     ap_fifo|   j_stream_0_06230|       pointer|
|j_stream_0_06230_write      |  out|     1|     ap_fifo|   j_stream_0_06230|       pointer|
|j_stream_0_06231_din        |  out|    32|     ap_fifo|   j_stream_0_06231|       pointer|
|j_stream_0_06231_full_n     |   in|     1|     ap_fifo|   j_stream_0_06231|       pointer|
|j_stream_0_06231_write      |  out|     1|     ap_fifo|   j_stream_0_06231|       pointer|
|j_stream_0_06232_din        |  out|    32|     ap_fifo|   j_stream_0_06232|       pointer|
|j_stream_0_06232_full_n     |   in|     1|     ap_fifo|   j_stream_0_06232|       pointer|
|j_stream_0_06232_write      |  out|     1|     ap_fifo|   j_stream_0_06232|       pointer|
|j_stream_0_06233_din        |  out|    32|     ap_fifo|   j_stream_0_06233|       pointer|
|j_stream_0_06233_full_n     |   in|     1|     ap_fifo|   j_stream_0_06233|       pointer|
|j_stream_0_06233_write      |  out|     1|     ap_fifo|   j_stream_0_06233|       pointer|
|j_stream_0_06234_din        |  out|    32|     ap_fifo|   j_stream_0_06234|       pointer|
|j_stream_0_06234_full_n     |   in|     1|     ap_fifo|   j_stream_0_06234|       pointer|
|j_stream_0_06234_write      |  out|     1|     ap_fifo|   j_stream_0_06234|       pointer|
|j_stream_0_06235_din        |  out|    32|     ap_fifo|   j_stream_0_06235|       pointer|
|j_stream_0_06235_full_n     |   in|     1|     ap_fifo|   j_stream_0_06235|       pointer|
|j_stream_0_06235_write      |  out|     1|     ap_fifo|   j_stream_0_06235|       pointer|
|j_stream_0_06236_din        |  out|    32|     ap_fifo|   j_stream_0_06236|       pointer|
|j_stream_0_06236_full_n     |   in|     1|     ap_fifo|   j_stream_0_06236|       pointer|
|j_stream_0_06236_write      |  out|     1|     ap_fifo|   j_stream_0_06236|       pointer|
|j_stream_0_06237_din        |  out|    32|     ap_fifo|   j_stream_0_06237|       pointer|
|j_stream_0_06237_full_n     |   in|     1|     ap_fifo|   j_stream_0_06237|       pointer|
|j_stream_0_06237_write      |  out|     1|     ap_fifo|   j_stream_0_06237|       pointer|
|j_stream_0_06238_din        |  out|    32|     ap_fifo|   j_stream_0_06238|       pointer|
|j_stream_0_06238_full_n     |   in|     1|     ap_fifo|   j_stream_0_06238|       pointer|
|j_stream_0_06238_write      |  out|     1|     ap_fifo|   j_stream_0_06238|       pointer|
|j_stream_0_06239_din        |  out|    32|     ap_fifo|   j_stream_0_06239|       pointer|
|j_stream_0_06239_full_n     |   in|     1|     ap_fifo|   j_stream_0_06239|       pointer|
|j_stream_0_06239_write      |  out|     1|     ap_fifo|   j_stream_0_06239|       pointer|
|j_stream_0_06240_din        |  out|    32|     ap_fifo|   j_stream_0_06240|       pointer|
|j_stream_0_06240_full_n     |   in|     1|     ap_fifo|   j_stream_0_06240|       pointer|
|j_stream_0_06240_write      |  out|     1|     ap_fifo|   j_stream_0_06240|       pointer|
|j_stream_0_06241_din        |  out|    32|     ap_fifo|   j_stream_0_06241|       pointer|
|j_stream_0_06241_full_n     |   in|     1|     ap_fifo|   j_stream_0_06241|       pointer|
|j_stream_0_06241_write      |  out|     1|     ap_fifo|   j_stream_0_06241|       pointer|
|j_stream_0_06242_din        |  out|    32|     ap_fifo|   j_stream_0_06242|       pointer|
|j_stream_0_06242_full_n     |   in|     1|     ap_fifo|   j_stream_0_06242|       pointer|
|j_stream_0_06242_write      |  out|     1|     ap_fifo|   j_stream_0_06242|       pointer|
|j_stream_0_06243_din        |  out|    32|     ap_fifo|   j_stream_0_06243|       pointer|
|j_stream_0_06243_full_n     |   in|     1|     ap_fifo|   j_stream_0_06243|       pointer|
|j_stream_0_06243_write      |  out|     1|     ap_fifo|   j_stream_0_06243|       pointer|
|j_stream_0_06244_din        |  out|    32|     ap_fifo|   j_stream_0_06244|       pointer|
|j_stream_0_06244_full_n     |   in|     1|     ap_fifo|   j_stream_0_06244|       pointer|
|j_stream_0_06244_write      |  out|     1|     ap_fifo|   j_stream_0_06244|       pointer|
|j_stream_0_06245_din        |  out|    32|     ap_fifo|   j_stream_0_06245|       pointer|
|j_stream_0_06245_full_n     |   in|     1|     ap_fifo|   j_stream_0_06245|       pointer|
|j_stream_0_06245_write      |  out|     1|     ap_fifo|   j_stream_0_06245|       pointer|
|j_stream_0_06246_din        |  out|    32|     ap_fifo|   j_stream_0_06246|       pointer|
|j_stream_0_06246_full_n     |   in|     1|     ap_fifo|   j_stream_0_06246|       pointer|
|j_stream_0_06246_write      |  out|     1|     ap_fifo|   j_stream_0_06246|       pointer|
|j_stream_0_06247_din        |  out|    32|     ap_fifo|   j_stream_0_06247|       pointer|
|j_stream_0_06247_full_n     |   in|     1|     ap_fifo|   j_stream_0_06247|       pointer|
|j_stream_0_06247_write      |  out|     1|     ap_fifo|   j_stream_0_06247|       pointer|
|j_stream_0_06248_din        |  out|    32|     ap_fifo|   j_stream_0_06248|       pointer|
|j_stream_0_06248_full_n     |   in|     1|     ap_fifo|   j_stream_0_06248|       pointer|
|j_stream_0_06248_write      |  out|     1|     ap_fifo|   j_stream_0_06248|       pointer|
|j_stream_0_06249_din        |  out|    32|     ap_fifo|   j_stream_0_06249|       pointer|
|j_stream_0_06249_full_n     |   in|     1|     ap_fifo|   j_stream_0_06249|       pointer|
|j_stream_0_06249_write      |  out|     1|     ap_fifo|   j_stream_0_06249|       pointer|
|j_stream_0_06250_din        |  out|    32|     ap_fifo|   j_stream_0_06250|       pointer|
|j_stream_0_06250_full_n     |   in|     1|     ap_fifo|   j_stream_0_06250|       pointer|
|j_stream_0_06250_write      |  out|     1|     ap_fifo|   j_stream_0_06250|       pointer|
|j_stream_0_06251_din        |  out|    32|     ap_fifo|   j_stream_0_06251|       pointer|
|j_stream_0_06251_full_n     |   in|     1|     ap_fifo|   j_stream_0_06251|       pointer|
|j_stream_0_06251_write      |  out|     1|     ap_fifo|   j_stream_0_06251|       pointer|
|j_stream_0_06252_din        |  out|    32|     ap_fifo|   j_stream_0_06252|       pointer|
|j_stream_0_06252_full_n     |   in|     1|     ap_fifo|   j_stream_0_06252|       pointer|
|j_stream_0_06252_write      |  out|     1|     ap_fifo|   j_stream_0_06252|       pointer|
|j_stream_0_06253_din        |  out|    32|     ap_fifo|   j_stream_0_06253|       pointer|
|j_stream_0_06253_full_n     |   in|     1|     ap_fifo|   j_stream_0_06253|       pointer|
|j_stream_0_06253_write      |  out|     1|     ap_fifo|   j_stream_0_06253|       pointer|
|j_stream_0_06254_din        |  out|    32|     ap_fifo|   j_stream_0_06254|       pointer|
|j_stream_0_06254_full_n     |   in|     1|     ap_fifo|   j_stream_0_06254|       pointer|
|j_stream_0_06254_write      |  out|     1|     ap_fifo|   j_stream_0_06254|       pointer|
|j_stream_0_06255_din        |  out|    32|     ap_fifo|   j_stream_0_06255|       pointer|
|j_stream_0_06255_full_n     |   in|     1|     ap_fifo|   j_stream_0_06255|       pointer|
|j_stream_0_06255_write      |  out|     1|     ap_fifo|   j_stream_0_06255|       pointer|
|j_stream_0_05128_din        |  out|    32|     ap_fifo|   j_stream_0_05128|       pointer|
|j_stream_0_05128_full_n     |   in|     1|     ap_fifo|   j_stream_0_05128|       pointer|
|j_stream_0_05128_write      |  out|     1|     ap_fifo|   j_stream_0_05128|       pointer|
|j_stream_0_05129_din        |  out|    32|     ap_fifo|   j_stream_0_05129|       pointer|
|j_stream_0_05129_full_n     |   in|     1|     ap_fifo|   j_stream_0_05129|       pointer|
|j_stream_0_05129_write      |  out|     1|     ap_fifo|   j_stream_0_05129|       pointer|
|j_stream_0_05130_din        |  out|    32|     ap_fifo|   j_stream_0_05130|       pointer|
|j_stream_0_05130_full_n     |   in|     1|     ap_fifo|   j_stream_0_05130|       pointer|
|j_stream_0_05130_write      |  out|     1|     ap_fifo|   j_stream_0_05130|       pointer|
|j_stream_0_05131_din        |  out|    32|     ap_fifo|   j_stream_0_05131|       pointer|
|j_stream_0_05131_full_n     |   in|     1|     ap_fifo|   j_stream_0_05131|       pointer|
|j_stream_0_05131_write      |  out|     1|     ap_fifo|   j_stream_0_05131|       pointer|
|j_stream_0_05132_din        |  out|    32|     ap_fifo|   j_stream_0_05132|       pointer|
|j_stream_0_05132_full_n     |   in|     1|     ap_fifo|   j_stream_0_05132|       pointer|
|j_stream_0_05132_write      |  out|     1|     ap_fifo|   j_stream_0_05132|       pointer|
|j_stream_0_05133_din        |  out|    32|     ap_fifo|   j_stream_0_05133|       pointer|
|j_stream_0_05133_full_n     |   in|     1|     ap_fifo|   j_stream_0_05133|       pointer|
|j_stream_0_05133_write      |  out|     1|     ap_fifo|   j_stream_0_05133|       pointer|
|j_stream_0_05134_din        |  out|    32|     ap_fifo|   j_stream_0_05134|       pointer|
|j_stream_0_05134_full_n     |   in|     1|     ap_fifo|   j_stream_0_05134|       pointer|
|j_stream_0_05134_write      |  out|     1|     ap_fifo|   j_stream_0_05134|       pointer|
|j_stream_0_05135_din        |  out|    32|     ap_fifo|   j_stream_0_05135|       pointer|
|j_stream_0_05135_full_n     |   in|     1|     ap_fifo|   j_stream_0_05135|       pointer|
|j_stream_0_05135_write      |  out|     1|     ap_fifo|   j_stream_0_05135|       pointer|
|j_stream_0_05136_din        |  out|    32|     ap_fifo|   j_stream_0_05136|       pointer|
|j_stream_0_05136_full_n     |   in|     1|     ap_fifo|   j_stream_0_05136|       pointer|
|j_stream_0_05136_write      |  out|     1|     ap_fifo|   j_stream_0_05136|       pointer|
|j_stream_0_05137_din        |  out|    32|     ap_fifo|   j_stream_0_05137|       pointer|
|j_stream_0_05137_full_n     |   in|     1|     ap_fifo|   j_stream_0_05137|       pointer|
|j_stream_0_05137_write      |  out|     1|     ap_fifo|   j_stream_0_05137|       pointer|
|j_stream_0_05138_din        |  out|    32|     ap_fifo|   j_stream_0_05138|       pointer|
|j_stream_0_05138_full_n     |   in|     1|     ap_fifo|   j_stream_0_05138|       pointer|
|j_stream_0_05138_write      |  out|     1|     ap_fifo|   j_stream_0_05138|       pointer|
|j_stream_0_05139_din        |  out|    32|     ap_fifo|   j_stream_0_05139|       pointer|
|j_stream_0_05139_full_n     |   in|     1|     ap_fifo|   j_stream_0_05139|       pointer|
|j_stream_0_05139_write      |  out|     1|     ap_fifo|   j_stream_0_05139|       pointer|
|j_stream_0_05140_din        |  out|    32|     ap_fifo|   j_stream_0_05140|       pointer|
|j_stream_0_05140_full_n     |   in|     1|     ap_fifo|   j_stream_0_05140|       pointer|
|j_stream_0_05140_write      |  out|     1|     ap_fifo|   j_stream_0_05140|       pointer|
|j_stream_0_05141_din        |  out|    32|     ap_fifo|   j_stream_0_05141|       pointer|
|j_stream_0_05141_full_n     |   in|     1|     ap_fifo|   j_stream_0_05141|       pointer|
|j_stream_0_05141_write      |  out|     1|     ap_fifo|   j_stream_0_05141|       pointer|
|j_stream_0_05142_din        |  out|    32|     ap_fifo|   j_stream_0_05142|       pointer|
|j_stream_0_05142_full_n     |   in|     1|     ap_fifo|   j_stream_0_05142|       pointer|
|j_stream_0_05142_write      |  out|     1|     ap_fifo|   j_stream_0_05142|       pointer|
|j_stream_0_05143_din        |  out|    32|     ap_fifo|   j_stream_0_05143|       pointer|
|j_stream_0_05143_full_n     |   in|     1|     ap_fifo|   j_stream_0_05143|       pointer|
|j_stream_0_05143_write      |  out|     1|     ap_fifo|   j_stream_0_05143|       pointer|
|j_stream_0_05144_din        |  out|    32|     ap_fifo|   j_stream_0_05144|       pointer|
|j_stream_0_05144_full_n     |   in|     1|     ap_fifo|   j_stream_0_05144|       pointer|
|j_stream_0_05144_write      |  out|     1|     ap_fifo|   j_stream_0_05144|       pointer|
|j_stream_0_05145_din        |  out|    32|     ap_fifo|   j_stream_0_05145|       pointer|
|j_stream_0_05145_full_n     |   in|     1|     ap_fifo|   j_stream_0_05145|       pointer|
|j_stream_0_05145_write      |  out|     1|     ap_fifo|   j_stream_0_05145|       pointer|
|j_stream_0_05146_din        |  out|    32|     ap_fifo|   j_stream_0_05146|       pointer|
|j_stream_0_05146_full_n     |   in|     1|     ap_fifo|   j_stream_0_05146|       pointer|
|j_stream_0_05146_write      |  out|     1|     ap_fifo|   j_stream_0_05146|       pointer|
|j_stream_0_05147_din        |  out|    32|     ap_fifo|   j_stream_0_05147|       pointer|
|j_stream_0_05147_full_n     |   in|     1|     ap_fifo|   j_stream_0_05147|       pointer|
|j_stream_0_05147_write      |  out|     1|     ap_fifo|   j_stream_0_05147|       pointer|
|j_stream_0_05148_din        |  out|    32|     ap_fifo|   j_stream_0_05148|       pointer|
|j_stream_0_05148_full_n     |   in|     1|     ap_fifo|   j_stream_0_05148|       pointer|
|j_stream_0_05148_write      |  out|     1|     ap_fifo|   j_stream_0_05148|       pointer|
|j_stream_0_05149_din        |  out|    32|     ap_fifo|   j_stream_0_05149|       pointer|
|j_stream_0_05149_full_n     |   in|     1|     ap_fifo|   j_stream_0_05149|       pointer|
|j_stream_0_05149_write      |  out|     1|     ap_fifo|   j_stream_0_05149|       pointer|
|j_stream_0_05150_din        |  out|    32|     ap_fifo|   j_stream_0_05150|       pointer|
|j_stream_0_05150_full_n     |   in|     1|     ap_fifo|   j_stream_0_05150|       pointer|
|j_stream_0_05150_write      |  out|     1|     ap_fifo|   j_stream_0_05150|       pointer|
|j_stream_0_05151_din        |  out|    32|     ap_fifo|   j_stream_0_05151|       pointer|
|j_stream_0_05151_full_n     |   in|     1|     ap_fifo|   j_stream_0_05151|       pointer|
|j_stream_0_05151_write      |  out|     1|     ap_fifo|   j_stream_0_05151|       pointer|
|j_stream_0_05152_din        |  out|    32|     ap_fifo|   j_stream_0_05152|       pointer|
|j_stream_0_05152_full_n     |   in|     1|     ap_fifo|   j_stream_0_05152|       pointer|
|j_stream_0_05152_write      |  out|     1|     ap_fifo|   j_stream_0_05152|       pointer|
|j_stream_0_05153_din        |  out|    32|     ap_fifo|   j_stream_0_05153|       pointer|
|j_stream_0_05153_full_n     |   in|     1|     ap_fifo|   j_stream_0_05153|       pointer|
|j_stream_0_05153_write      |  out|     1|     ap_fifo|   j_stream_0_05153|       pointer|
|j_stream_0_05154_din        |  out|    32|     ap_fifo|   j_stream_0_05154|       pointer|
|j_stream_0_05154_full_n     |   in|     1|     ap_fifo|   j_stream_0_05154|       pointer|
|j_stream_0_05154_write      |  out|     1|     ap_fifo|   j_stream_0_05154|       pointer|
|j_stream_0_05155_din        |  out|    32|     ap_fifo|   j_stream_0_05155|       pointer|
|j_stream_0_05155_full_n     |   in|     1|     ap_fifo|   j_stream_0_05155|       pointer|
|j_stream_0_05155_write      |  out|     1|     ap_fifo|   j_stream_0_05155|       pointer|
|j_stream_0_05156_din        |  out|    32|     ap_fifo|   j_stream_0_05156|       pointer|
|j_stream_0_05156_full_n     |   in|     1|     ap_fifo|   j_stream_0_05156|       pointer|
|j_stream_0_05156_write      |  out|     1|     ap_fifo|   j_stream_0_05156|       pointer|
|j_stream_0_05157_din        |  out|    32|     ap_fifo|   j_stream_0_05157|       pointer|
|j_stream_0_05157_full_n     |   in|     1|     ap_fifo|   j_stream_0_05157|       pointer|
|j_stream_0_05157_write      |  out|     1|     ap_fifo|   j_stream_0_05157|       pointer|
|j_stream_0_05158_din        |  out|    32|     ap_fifo|   j_stream_0_05158|       pointer|
|j_stream_0_05158_full_n     |   in|     1|     ap_fifo|   j_stream_0_05158|       pointer|
|j_stream_0_05158_write      |  out|     1|     ap_fifo|   j_stream_0_05158|       pointer|
|j_stream_0_05159_din        |  out|    32|     ap_fifo|   j_stream_0_05159|       pointer|
|j_stream_0_05159_full_n     |   in|     1|     ap_fifo|   j_stream_0_05159|       pointer|
|j_stream_0_05159_write      |  out|     1|     ap_fifo|   j_stream_0_05159|       pointer|
|j_stream_0_05160_din        |  out|    32|     ap_fifo|   j_stream_0_05160|       pointer|
|j_stream_0_05160_full_n     |   in|     1|     ap_fifo|   j_stream_0_05160|       pointer|
|j_stream_0_05160_write      |  out|     1|     ap_fifo|   j_stream_0_05160|       pointer|
|j_stream_0_05161_din        |  out|    32|     ap_fifo|   j_stream_0_05161|       pointer|
|j_stream_0_05161_full_n     |   in|     1|     ap_fifo|   j_stream_0_05161|       pointer|
|j_stream_0_05161_write      |  out|     1|     ap_fifo|   j_stream_0_05161|       pointer|
|j_stream_0_05162_din        |  out|    32|     ap_fifo|   j_stream_0_05162|       pointer|
|j_stream_0_05162_full_n     |   in|     1|     ap_fifo|   j_stream_0_05162|       pointer|
|j_stream_0_05162_write      |  out|     1|     ap_fifo|   j_stream_0_05162|       pointer|
|j_stream_0_05163_din        |  out|    32|     ap_fifo|   j_stream_0_05163|       pointer|
|j_stream_0_05163_full_n     |   in|     1|     ap_fifo|   j_stream_0_05163|       pointer|
|j_stream_0_05163_write      |  out|     1|     ap_fifo|   j_stream_0_05163|       pointer|
|j_stream_0_05164_din        |  out|    32|     ap_fifo|   j_stream_0_05164|       pointer|
|j_stream_0_05164_full_n     |   in|     1|     ap_fifo|   j_stream_0_05164|       pointer|
|j_stream_0_05164_write      |  out|     1|     ap_fifo|   j_stream_0_05164|       pointer|
|j_stream_0_05165_din        |  out|    32|     ap_fifo|   j_stream_0_05165|       pointer|
|j_stream_0_05165_full_n     |   in|     1|     ap_fifo|   j_stream_0_05165|       pointer|
|j_stream_0_05165_write      |  out|     1|     ap_fifo|   j_stream_0_05165|       pointer|
|j_stream_0_05166_din        |  out|    32|     ap_fifo|   j_stream_0_05166|       pointer|
|j_stream_0_05166_full_n     |   in|     1|     ap_fifo|   j_stream_0_05166|       pointer|
|j_stream_0_05166_write      |  out|     1|     ap_fifo|   j_stream_0_05166|       pointer|
|j_stream_0_05167_din        |  out|    32|     ap_fifo|   j_stream_0_05167|       pointer|
|j_stream_0_05167_full_n     |   in|     1|     ap_fifo|   j_stream_0_05167|       pointer|
|j_stream_0_05167_write      |  out|     1|     ap_fifo|   j_stream_0_05167|       pointer|
|j_stream_0_05168_din        |  out|    32|     ap_fifo|   j_stream_0_05168|       pointer|
|j_stream_0_05168_full_n     |   in|     1|     ap_fifo|   j_stream_0_05168|       pointer|
|j_stream_0_05168_write      |  out|     1|     ap_fifo|   j_stream_0_05168|       pointer|
|j_stream_0_05169_din        |  out|    32|     ap_fifo|   j_stream_0_05169|       pointer|
|j_stream_0_05169_full_n     |   in|     1|     ap_fifo|   j_stream_0_05169|       pointer|
|j_stream_0_05169_write      |  out|     1|     ap_fifo|   j_stream_0_05169|       pointer|
|j_stream_0_05170_din        |  out|    32|     ap_fifo|   j_stream_0_05170|       pointer|
|j_stream_0_05170_full_n     |   in|     1|     ap_fifo|   j_stream_0_05170|       pointer|
|j_stream_0_05170_write      |  out|     1|     ap_fifo|   j_stream_0_05170|       pointer|
|j_stream_0_05171_din        |  out|    32|     ap_fifo|   j_stream_0_05171|       pointer|
|j_stream_0_05171_full_n     |   in|     1|     ap_fifo|   j_stream_0_05171|       pointer|
|j_stream_0_05171_write      |  out|     1|     ap_fifo|   j_stream_0_05171|       pointer|
|j_stream_0_05172_din        |  out|    32|     ap_fifo|   j_stream_0_05172|       pointer|
|j_stream_0_05172_full_n     |   in|     1|     ap_fifo|   j_stream_0_05172|       pointer|
|j_stream_0_05172_write      |  out|     1|     ap_fifo|   j_stream_0_05172|       pointer|
|j_stream_0_05173_din        |  out|    32|     ap_fifo|   j_stream_0_05173|       pointer|
|j_stream_0_05173_full_n     |   in|     1|     ap_fifo|   j_stream_0_05173|       pointer|
|j_stream_0_05173_write      |  out|     1|     ap_fifo|   j_stream_0_05173|       pointer|
|j_stream_0_05174_din        |  out|    32|     ap_fifo|   j_stream_0_05174|       pointer|
|j_stream_0_05174_full_n     |   in|     1|     ap_fifo|   j_stream_0_05174|       pointer|
|j_stream_0_05174_write      |  out|     1|     ap_fifo|   j_stream_0_05174|       pointer|
|j_stream_0_05175_din        |  out|    32|     ap_fifo|   j_stream_0_05175|       pointer|
|j_stream_0_05175_full_n     |   in|     1|     ap_fifo|   j_stream_0_05175|       pointer|
|j_stream_0_05175_write      |  out|     1|     ap_fifo|   j_stream_0_05175|       pointer|
|j_stream_0_05176_din        |  out|    32|     ap_fifo|   j_stream_0_05176|       pointer|
|j_stream_0_05176_full_n     |   in|     1|     ap_fifo|   j_stream_0_05176|       pointer|
|j_stream_0_05176_write      |  out|     1|     ap_fifo|   j_stream_0_05176|       pointer|
|j_stream_0_05177_din        |  out|    32|     ap_fifo|   j_stream_0_05177|       pointer|
|j_stream_0_05177_full_n     |   in|     1|     ap_fifo|   j_stream_0_05177|       pointer|
|j_stream_0_05177_write      |  out|     1|     ap_fifo|   j_stream_0_05177|       pointer|
|j_stream_0_05178_din        |  out|    32|     ap_fifo|   j_stream_0_05178|       pointer|
|j_stream_0_05178_full_n     |   in|     1|     ap_fifo|   j_stream_0_05178|       pointer|
|j_stream_0_05178_write      |  out|     1|     ap_fifo|   j_stream_0_05178|       pointer|
|j_stream_0_05179_din        |  out|    32|     ap_fifo|   j_stream_0_05179|       pointer|
|j_stream_0_05179_full_n     |   in|     1|     ap_fifo|   j_stream_0_05179|       pointer|
|j_stream_0_05179_write      |  out|     1|     ap_fifo|   j_stream_0_05179|       pointer|
|j_stream_0_05180_din        |  out|    32|     ap_fifo|   j_stream_0_05180|       pointer|
|j_stream_0_05180_full_n     |   in|     1|     ap_fifo|   j_stream_0_05180|       pointer|
|j_stream_0_05180_write      |  out|     1|     ap_fifo|   j_stream_0_05180|       pointer|
|j_stream_0_05181_din        |  out|    32|     ap_fifo|   j_stream_0_05181|       pointer|
|j_stream_0_05181_full_n     |   in|     1|     ap_fifo|   j_stream_0_05181|       pointer|
|j_stream_0_05181_write      |  out|     1|     ap_fifo|   j_stream_0_05181|       pointer|
|j_stream_0_05182_din        |  out|    32|     ap_fifo|   j_stream_0_05182|       pointer|
|j_stream_0_05182_full_n     |   in|     1|     ap_fifo|   j_stream_0_05182|       pointer|
|j_stream_0_05182_write      |  out|     1|     ap_fifo|   j_stream_0_05182|       pointer|
|j_stream_0_05183_din        |  out|    32|     ap_fifo|   j_stream_0_05183|       pointer|
|j_stream_0_05183_full_n     |   in|     1|     ap_fifo|   j_stream_0_05183|       pointer|
|j_stream_0_05183_write      |  out|     1|     ap_fifo|   j_stream_0_05183|       pointer|
|j_stream_0_05184_din        |  out|    32|     ap_fifo|   j_stream_0_05184|       pointer|
|j_stream_0_05184_full_n     |   in|     1|     ap_fifo|   j_stream_0_05184|       pointer|
|j_stream_0_05184_write      |  out|     1|     ap_fifo|   j_stream_0_05184|       pointer|
|j_stream_0_05185_din        |  out|    32|     ap_fifo|   j_stream_0_05185|       pointer|
|j_stream_0_05185_full_n     |   in|     1|     ap_fifo|   j_stream_0_05185|       pointer|
|j_stream_0_05185_write      |  out|     1|     ap_fifo|   j_stream_0_05185|       pointer|
|j_stream_0_05186_din        |  out|    32|     ap_fifo|   j_stream_0_05186|       pointer|
|j_stream_0_05186_full_n     |   in|     1|     ap_fifo|   j_stream_0_05186|       pointer|
|j_stream_0_05186_write      |  out|     1|     ap_fifo|   j_stream_0_05186|       pointer|
|j_stream_0_05187_din        |  out|    32|     ap_fifo|   j_stream_0_05187|       pointer|
|j_stream_0_05187_full_n     |   in|     1|     ap_fifo|   j_stream_0_05187|       pointer|
|j_stream_0_05187_write      |  out|     1|     ap_fifo|   j_stream_0_05187|       pointer|
|j_stream_0_05188_din        |  out|    32|     ap_fifo|   j_stream_0_05188|       pointer|
|j_stream_0_05188_full_n     |   in|     1|     ap_fifo|   j_stream_0_05188|       pointer|
|j_stream_0_05188_write      |  out|     1|     ap_fifo|   j_stream_0_05188|       pointer|
|j_stream_0_05189_din        |  out|    32|     ap_fifo|   j_stream_0_05189|       pointer|
|j_stream_0_05189_full_n     |   in|     1|     ap_fifo|   j_stream_0_05189|       pointer|
|j_stream_0_05189_write      |  out|     1|     ap_fifo|   j_stream_0_05189|       pointer|
|j_stream_0_05190_din        |  out|    32|     ap_fifo|   j_stream_0_05190|       pointer|
|j_stream_0_05190_full_n     |   in|     1|     ap_fifo|   j_stream_0_05190|       pointer|
|j_stream_0_05190_write      |  out|     1|     ap_fifo|   j_stream_0_05190|       pointer|
|j_stream_0_05191_din        |  out|    32|     ap_fifo|   j_stream_0_05191|       pointer|
|j_stream_0_05191_full_n     |   in|     1|     ap_fifo|   j_stream_0_05191|       pointer|
|j_stream_0_05191_write      |  out|     1|     ap_fifo|   j_stream_0_05191|       pointer|
|j_stream_0_0464_din         |  out|    32|     ap_fifo|    j_stream_0_0464|       pointer|
|j_stream_0_0464_full_n      |   in|     1|     ap_fifo|    j_stream_0_0464|       pointer|
|j_stream_0_0464_write       |  out|     1|     ap_fifo|    j_stream_0_0464|       pointer|
|j_stream_0_0465_din         |  out|    32|     ap_fifo|    j_stream_0_0465|       pointer|
|j_stream_0_0465_full_n      |   in|     1|     ap_fifo|    j_stream_0_0465|       pointer|
|j_stream_0_0465_write       |  out|     1|     ap_fifo|    j_stream_0_0465|       pointer|
|j_stream_0_0466_din         |  out|    32|     ap_fifo|    j_stream_0_0466|       pointer|
|j_stream_0_0466_full_n      |   in|     1|     ap_fifo|    j_stream_0_0466|       pointer|
|j_stream_0_0466_write       |  out|     1|     ap_fifo|    j_stream_0_0466|       pointer|
|j_stream_0_0467_din         |  out|    32|     ap_fifo|    j_stream_0_0467|       pointer|
|j_stream_0_0467_full_n      |   in|     1|     ap_fifo|    j_stream_0_0467|       pointer|
|j_stream_0_0467_write       |  out|     1|     ap_fifo|    j_stream_0_0467|       pointer|
|j_stream_0_0468_din         |  out|    32|     ap_fifo|    j_stream_0_0468|       pointer|
|j_stream_0_0468_full_n      |   in|     1|     ap_fifo|    j_stream_0_0468|       pointer|
|j_stream_0_0468_write       |  out|     1|     ap_fifo|    j_stream_0_0468|       pointer|
|j_stream_0_0469_din         |  out|    32|     ap_fifo|    j_stream_0_0469|       pointer|
|j_stream_0_0469_full_n      |   in|     1|     ap_fifo|    j_stream_0_0469|       pointer|
|j_stream_0_0469_write       |  out|     1|     ap_fifo|    j_stream_0_0469|       pointer|
|j_stream_0_0470_din         |  out|    32|     ap_fifo|    j_stream_0_0470|       pointer|
|j_stream_0_0470_full_n      |   in|     1|     ap_fifo|    j_stream_0_0470|       pointer|
|j_stream_0_0470_write       |  out|     1|     ap_fifo|    j_stream_0_0470|       pointer|
|j_stream_0_0471_din         |  out|    32|     ap_fifo|    j_stream_0_0471|       pointer|
|j_stream_0_0471_full_n      |   in|     1|     ap_fifo|    j_stream_0_0471|       pointer|
|j_stream_0_0471_write       |  out|     1|     ap_fifo|    j_stream_0_0471|       pointer|
|j_stream_0_0472_din         |  out|    32|     ap_fifo|    j_stream_0_0472|       pointer|
|j_stream_0_0472_full_n      |   in|     1|     ap_fifo|    j_stream_0_0472|       pointer|
|j_stream_0_0472_write       |  out|     1|     ap_fifo|    j_stream_0_0472|       pointer|
|j_stream_0_0473_din         |  out|    32|     ap_fifo|    j_stream_0_0473|       pointer|
|j_stream_0_0473_full_n      |   in|     1|     ap_fifo|    j_stream_0_0473|       pointer|
|j_stream_0_0473_write       |  out|     1|     ap_fifo|    j_stream_0_0473|       pointer|
|j_stream_0_0474_din         |  out|    32|     ap_fifo|    j_stream_0_0474|       pointer|
|j_stream_0_0474_full_n      |   in|     1|     ap_fifo|    j_stream_0_0474|       pointer|
|j_stream_0_0474_write       |  out|     1|     ap_fifo|    j_stream_0_0474|       pointer|
|j_stream_0_0475_din         |  out|    32|     ap_fifo|    j_stream_0_0475|       pointer|
|j_stream_0_0475_full_n      |   in|     1|     ap_fifo|    j_stream_0_0475|       pointer|
|j_stream_0_0475_write       |  out|     1|     ap_fifo|    j_stream_0_0475|       pointer|
|j_stream_0_0476_din         |  out|    32|     ap_fifo|    j_stream_0_0476|       pointer|
|j_stream_0_0476_full_n      |   in|     1|     ap_fifo|    j_stream_0_0476|       pointer|
|j_stream_0_0476_write       |  out|     1|     ap_fifo|    j_stream_0_0476|       pointer|
|j_stream_0_0477_din         |  out|    32|     ap_fifo|    j_stream_0_0477|       pointer|
|j_stream_0_0477_full_n      |   in|     1|     ap_fifo|    j_stream_0_0477|       pointer|
|j_stream_0_0477_write       |  out|     1|     ap_fifo|    j_stream_0_0477|       pointer|
|j_stream_0_0478_din         |  out|    32|     ap_fifo|    j_stream_0_0478|       pointer|
|j_stream_0_0478_full_n      |   in|     1|     ap_fifo|    j_stream_0_0478|       pointer|
|j_stream_0_0478_write       |  out|     1|     ap_fifo|    j_stream_0_0478|       pointer|
|j_stream_0_0479_din         |  out|    32|     ap_fifo|    j_stream_0_0479|       pointer|
|j_stream_0_0479_full_n      |   in|     1|     ap_fifo|    j_stream_0_0479|       pointer|
|j_stream_0_0479_write       |  out|     1|     ap_fifo|    j_stream_0_0479|       pointer|
|j_stream_0_0480_din         |  out|    32|     ap_fifo|    j_stream_0_0480|       pointer|
|j_stream_0_0480_full_n      |   in|     1|     ap_fifo|    j_stream_0_0480|       pointer|
|j_stream_0_0480_write       |  out|     1|     ap_fifo|    j_stream_0_0480|       pointer|
|j_stream_0_0481_din         |  out|    32|     ap_fifo|    j_stream_0_0481|       pointer|
|j_stream_0_0481_full_n      |   in|     1|     ap_fifo|    j_stream_0_0481|       pointer|
|j_stream_0_0481_write       |  out|     1|     ap_fifo|    j_stream_0_0481|       pointer|
|j_stream_0_0482_din         |  out|    32|     ap_fifo|    j_stream_0_0482|       pointer|
|j_stream_0_0482_full_n      |   in|     1|     ap_fifo|    j_stream_0_0482|       pointer|
|j_stream_0_0482_write       |  out|     1|     ap_fifo|    j_stream_0_0482|       pointer|
|j_stream_0_0483_din         |  out|    32|     ap_fifo|    j_stream_0_0483|       pointer|
|j_stream_0_0483_full_n      |   in|     1|     ap_fifo|    j_stream_0_0483|       pointer|
|j_stream_0_0483_write       |  out|     1|     ap_fifo|    j_stream_0_0483|       pointer|
|j_stream_0_0484_din         |  out|    32|     ap_fifo|    j_stream_0_0484|       pointer|
|j_stream_0_0484_full_n      |   in|     1|     ap_fifo|    j_stream_0_0484|       pointer|
|j_stream_0_0484_write       |  out|     1|     ap_fifo|    j_stream_0_0484|       pointer|
|j_stream_0_0485_din         |  out|    32|     ap_fifo|    j_stream_0_0485|       pointer|
|j_stream_0_0485_full_n      |   in|     1|     ap_fifo|    j_stream_0_0485|       pointer|
|j_stream_0_0485_write       |  out|     1|     ap_fifo|    j_stream_0_0485|       pointer|
|j_stream_0_0486_din         |  out|    32|     ap_fifo|    j_stream_0_0486|       pointer|
|j_stream_0_0486_full_n      |   in|     1|     ap_fifo|    j_stream_0_0486|       pointer|
|j_stream_0_0486_write       |  out|     1|     ap_fifo|    j_stream_0_0486|       pointer|
|j_stream_0_0487_din         |  out|    32|     ap_fifo|    j_stream_0_0487|       pointer|
|j_stream_0_0487_full_n      |   in|     1|     ap_fifo|    j_stream_0_0487|       pointer|
|j_stream_0_0487_write       |  out|     1|     ap_fifo|    j_stream_0_0487|       pointer|
|j_stream_0_0488_din         |  out|    32|     ap_fifo|    j_stream_0_0488|       pointer|
|j_stream_0_0488_full_n      |   in|     1|     ap_fifo|    j_stream_0_0488|       pointer|
|j_stream_0_0488_write       |  out|     1|     ap_fifo|    j_stream_0_0488|       pointer|
|j_stream_0_0489_din         |  out|    32|     ap_fifo|    j_stream_0_0489|       pointer|
|j_stream_0_0489_full_n      |   in|     1|     ap_fifo|    j_stream_0_0489|       pointer|
|j_stream_0_0489_write       |  out|     1|     ap_fifo|    j_stream_0_0489|       pointer|
|j_stream_0_0490_din         |  out|    32|     ap_fifo|    j_stream_0_0490|       pointer|
|j_stream_0_0490_full_n      |   in|     1|     ap_fifo|    j_stream_0_0490|       pointer|
|j_stream_0_0490_write       |  out|     1|     ap_fifo|    j_stream_0_0490|       pointer|
|j_stream_0_0491_din         |  out|    32|     ap_fifo|    j_stream_0_0491|       pointer|
|j_stream_0_0491_full_n      |   in|     1|     ap_fifo|    j_stream_0_0491|       pointer|
|j_stream_0_0491_write       |  out|     1|     ap_fifo|    j_stream_0_0491|       pointer|
|j_stream_0_0492_din         |  out|    32|     ap_fifo|    j_stream_0_0492|       pointer|
|j_stream_0_0492_full_n      |   in|     1|     ap_fifo|    j_stream_0_0492|       pointer|
|j_stream_0_0492_write       |  out|     1|     ap_fifo|    j_stream_0_0492|       pointer|
|j_stream_0_0493_din         |  out|    32|     ap_fifo|    j_stream_0_0493|       pointer|
|j_stream_0_0493_full_n      |   in|     1|     ap_fifo|    j_stream_0_0493|       pointer|
|j_stream_0_0493_write       |  out|     1|     ap_fifo|    j_stream_0_0493|       pointer|
|j_stream_0_0494_din         |  out|    32|     ap_fifo|    j_stream_0_0494|       pointer|
|j_stream_0_0494_full_n      |   in|     1|     ap_fifo|    j_stream_0_0494|       pointer|
|j_stream_0_0494_write       |  out|     1|     ap_fifo|    j_stream_0_0494|       pointer|
|j_stream_0_0495_din         |  out|    32|     ap_fifo|    j_stream_0_0495|       pointer|
|j_stream_0_0495_full_n      |   in|     1|     ap_fifo|    j_stream_0_0495|       pointer|
|j_stream_0_0495_write       |  out|     1|     ap_fifo|    j_stream_0_0495|       pointer|
|j_stream_0_0496_din         |  out|    32|     ap_fifo|    j_stream_0_0496|       pointer|
|j_stream_0_0496_full_n      |   in|     1|     ap_fifo|    j_stream_0_0496|       pointer|
|j_stream_0_0496_write       |  out|     1|     ap_fifo|    j_stream_0_0496|       pointer|
|j_stream_0_0497_din         |  out|    32|     ap_fifo|    j_stream_0_0497|       pointer|
|j_stream_0_0497_full_n      |   in|     1|     ap_fifo|    j_stream_0_0497|       pointer|
|j_stream_0_0497_write       |  out|     1|     ap_fifo|    j_stream_0_0497|       pointer|
|j_stream_0_0498_din         |  out|    32|     ap_fifo|    j_stream_0_0498|       pointer|
|j_stream_0_0498_full_n      |   in|     1|     ap_fifo|    j_stream_0_0498|       pointer|
|j_stream_0_0498_write       |  out|     1|     ap_fifo|    j_stream_0_0498|       pointer|
|j_stream_0_0499_din         |  out|    32|     ap_fifo|    j_stream_0_0499|       pointer|
|j_stream_0_0499_full_n      |   in|     1|     ap_fifo|    j_stream_0_0499|       pointer|
|j_stream_0_0499_write       |  out|     1|     ap_fifo|    j_stream_0_0499|       pointer|
|j_stream_0_04100_din        |  out|    32|     ap_fifo|   j_stream_0_04100|       pointer|
|j_stream_0_04100_full_n     |   in|     1|     ap_fifo|   j_stream_0_04100|       pointer|
|j_stream_0_04100_write      |  out|     1|     ap_fifo|   j_stream_0_04100|       pointer|
|j_stream_0_04101_din        |  out|    32|     ap_fifo|   j_stream_0_04101|       pointer|
|j_stream_0_04101_full_n     |   in|     1|     ap_fifo|   j_stream_0_04101|       pointer|
|j_stream_0_04101_write      |  out|     1|     ap_fifo|   j_stream_0_04101|       pointer|
|j_stream_0_04102_din        |  out|    32|     ap_fifo|   j_stream_0_04102|       pointer|
|j_stream_0_04102_full_n     |   in|     1|     ap_fifo|   j_stream_0_04102|       pointer|
|j_stream_0_04102_write      |  out|     1|     ap_fifo|   j_stream_0_04102|       pointer|
|j_stream_0_04103_din        |  out|    32|     ap_fifo|   j_stream_0_04103|       pointer|
|j_stream_0_04103_full_n     |   in|     1|     ap_fifo|   j_stream_0_04103|       pointer|
|j_stream_0_04103_write      |  out|     1|     ap_fifo|   j_stream_0_04103|       pointer|
|j_stream_0_04104_din        |  out|    32|     ap_fifo|   j_stream_0_04104|       pointer|
|j_stream_0_04104_full_n     |   in|     1|     ap_fifo|   j_stream_0_04104|       pointer|
|j_stream_0_04104_write      |  out|     1|     ap_fifo|   j_stream_0_04104|       pointer|
|j_stream_0_04105_din        |  out|    32|     ap_fifo|   j_stream_0_04105|       pointer|
|j_stream_0_04105_full_n     |   in|     1|     ap_fifo|   j_stream_0_04105|       pointer|
|j_stream_0_04105_write      |  out|     1|     ap_fifo|   j_stream_0_04105|       pointer|
|j_stream_0_04106_din        |  out|    32|     ap_fifo|   j_stream_0_04106|       pointer|
|j_stream_0_04106_full_n     |   in|     1|     ap_fifo|   j_stream_0_04106|       pointer|
|j_stream_0_04106_write      |  out|     1|     ap_fifo|   j_stream_0_04106|       pointer|
|j_stream_0_04107_din        |  out|    32|     ap_fifo|   j_stream_0_04107|       pointer|
|j_stream_0_04107_full_n     |   in|     1|     ap_fifo|   j_stream_0_04107|       pointer|
|j_stream_0_04107_write      |  out|     1|     ap_fifo|   j_stream_0_04107|       pointer|
|j_stream_0_04108_din        |  out|    32|     ap_fifo|   j_stream_0_04108|       pointer|
|j_stream_0_04108_full_n     |   in|     1|     ap_fifo|   j_stream_0_04108|       pointer|
|j_stream_0_04108_write      |  out|     1|     ap_fifo|   j_stream_0_04108|       pointer|
|j_stream_0_04109_din        |  out|    32|     ap_fifo|   j_stream_0_04109|       pointer|
|j_stream_0_04109_full_n     |   in|     1|     ap_fifo|   j_stream_0_04109|       pointer|
|j_stream_0_04109_write      |  out|     1|     ap_fifo|   j_stream_0_04109|       pointer|
|j_stream_0_04110_din        |  out|    32|     ap_fifo|   j_stream_0_04110|       pointer|
|j_stream_0_04110_full_n     |   in|     1|     ap_fifo|   j_stream_0_04110|       pointer|
|j_stream_0_04110_write      |  out|     1|     ap_fifo|   j_stream_0_04110|       pointer|
|j_stream_0_04111_din        |  out|    32|     ap_fifo|   j_stream_0_04111|       pointer|
|j_stream_0_04111_full_n     |   in|     1|     ap_fifo|   j_stream_0_04111|       pointer|
|j_stream_0_04111_write      |  out|     1|     ap_fifo|   j_stream_0_04111|       pointer|
|j_stream_0_04112_din        |  out|    32|     ap_fifo|   j_stream_0_04112|       pointer|
|j_stream_0_04112_full_n     |   in|     1|     ap_fifo|   j_stream_0_04112|       pointer|
|j_stream_0_04112_write      |  out|     1|     ap_fifo|   j_stream_0_04112|       pointer|
|j_stream_0_04113_din        |  out|    32|     ap_fifo|   j_stream_0_04113|       pointer|
|j_stream_0_04113_full_n     |   in|     1|     ap_fifo|   j_stream_0_04113|       pointer|
|j_stream_0_04113_write      |  out|     1|     ap_fifo|   j_stream_0_04113|       pointer|
|j_stream_0_04114_din        |  out|    32|     ap_fifo|   j_stream_0_04114|       pointer|
|j_stream_0_04114_full_n     |   in|     1|     ap_fifo|   j_stream_0_04114|       pointer|
|j_stream_0_04114_write      |  out|     1|     ap_fifo|   j_stream_0_04114|       pointer|
|j_stream_0_04115_din        |  out|    32|     ap_fifo|   j_stream_0_04115|       pointer|
|j_stream_0_04115_full_n     |   in|     1|     ap_fifo|   j_stream_0_04115|       pointer|
|j_stream_0_04115_write      |  out|     1|     ap_fifo|   j_stream_0_04115|       pointer|
|j_stream_0_04116_din        |  out|    32|     ap_fifo|   j_stream_0_04116|       pointer|
|j_stream_0_04116_full_n     |   in|     1|     ap_fifo|   j_stream_0_04116|       pointer|
|j_stream_0_04116_write      |  out|     1|     ap_fifo|   j_stream_0_04116|       pointer|
|j_stream_0_04117_din        |  out|    32|     ap_fifo|   j_stream_0_04117|       pointer|
|j_stream_0_04117_full_n     |   in|     1|     ap_fifo|   j_stream_0_04117|       pointer|
|j_stream_0_04117_write      |  out|     1|     ap_fifo|   j_stream_0_04117|       pointer|
|j_stream_0_04118_din        |  out|    32|     ap_fifo|   j_stream_0_04118|       pointer|
|j_stream_0_04118_full_n     |   in|     1|     ap_fifo|   j_stream_0_04118|       pointer|
|j_stream_0_04118_write      |  out|     1|     ap_fifo|   j_stream_0_04118|       pointer|
|j_stream_0_04119_din        |  out|    32|     ap_fifo|   j_stream_0_04119|       pointer|
|j_stream_0_04119_full_n     |   in|     1|     ap_fifo|   j_stream_0_04119|       pointer|
|j_stream_0_04119_write      |  out|     1|     ap_fifo|   j_stream_0_04119|       pointer|
|j_stream_0_04120_din        |  out|    32|     ap_fifo|   j_stream_0_04120|       pointer|
|j_stream_0_04120_full_n     |   in|     1|     ap_fifo|   j_stream_0_04120|       pointer|
|j_stream_0_04120_write      |  out|     1|     ap_fifo|   j_stream_0_04120|       pointer|
|j_stream_0_04121_din        |  out|    32|     ap_fifo|   j_stream_0_04121|       pointer|
|j_stream_0_04121_full_n     |   in|     1|     ap_fifo|   j_stream_0_04121|       pointer|
|j_stream_0_04121_write      |  out|     1|     ap_fifo|   j_stream_0_04121|       pointer|
|j_stream_0_04122_din        |  out|    32|     ap_fifo|   j_stream_0_04122|       pointer|
|j_stream_0_04122_full_n     |   in|     1|     ap_fifo|   j_stream_0_04122|       pointer|
|j_stream_0_04122_write      |  out|     1|     ap_fifo|   j_stream_0_04122|       pointer|
|j_stream_0_04123_din        |  out|    32|     ap_fifo|   j_stream_0_04123|       pointer|
|j_stream_0_04123_full_n     |   in|     1|     ap_fifo|   j_stream_0_04123|       pointer|
|j_stream_0_04123_write      |  out|     1|     ap_fifo|   j_stream_0_04123|       pointer|
|j_stream_0_04124_din        |  out|    32|     ap_fifo|   j_stream_0_04124|       pointer|
|j_stream_0_04124_full_n     |   in|     1|     ap_fifo|   j_stream_0_04124|       pointer|
|j_stream_0_04124_write      |  out|     1|     ap_fifo|   j_stream_0_04124|       pointer|
|j_stream_0_04125_din        |  out|    32|     ap_fifo|   j_stream_0_04125|       pointer|
|j_stream_0_04125_full_n     |   in|     1|     ap_fifo|   j_stream_0_04125|       pointer|
|j_stream_0_04125_write      |  out|     1|     ap_fifo|   j_stream_0_04125|       pointer|
|j_stream_0_04126_din        |  out|    32|     ap_fifo|   j_stream_0_04126|       pointer|
|j_stream_0_04126_full_n     |   in|     1|     ap_fifo|   j_stream_0_04126|       pointer|
|j_stream_0_04126_write      |  out|     1|     ap_fifo|   j_stream_0_04126|       pointer|
|j_stream_0_04127_din        |  out|    32|     ap_fifo|   j_stream_0_04127|       pointer|
|j_stream_0_04127_full_n     |   in|     1|     ap_fifo|   j_stream_0_04127|       pointer|
|j_stream_0_04127_write      |  out|     1|     ap_fifo|   j_stream_0_04127|       pointer|
|this_jcoup_local_address0   |  out|     6|   ap_memory|   this_jcoup_local|         array|
|this_jcoup_local_ce0        |  out|     1|   ap_memory|   this_jcoup_local|         array|
|this_jcoup_local_q0         |   in|  2048|   ap_memory|   this_jcoup_local|         array|
|this_jcoup_local1_address0  |  out|     6|   ap_memory|  this_jcoup_local1|         array|
|this_jcoup_local1_ce0       |  out|     1|   ap_memory|  this_jcoup_local1|         array|
|this_jcoup_local1_we0       |  out|     1|   ap_memory|  this_jcoup_local1|         array|
|this_jcoup_local1_d0        |  out|  2048|   ap_memory|  this_jcoup_local1|         array|
|this_jcoup_local1_address1  |  out|     6|   ap_memory|  this_jcoup_local1|         array|
|this_jcoup_local1_ce1       |  out|     1|   ap_memory|  this_jcoup_local1|         array|
|this_jcoup_local1_q1        |   in|  2048|   ap_memory|  this_jcoup_local1|         array|
|this_jcoup_local2_address0  |  out|     6|   ap_memory|  this_jcoup_local2|         array|
|this_jcoup_local2_ce0       |  out|     1|   ap_memory|  this_jcoup_local2|         array|
|this_jcoup_local2_we0       |  out|     1|   ap_memory|  this_jcoup_local2|         array|
|this_jcoup_local2_d0        |  out|  2048|   ap_memory|  this_jcoup_local2|         array|
|this_jcoup_local2_address1  |  out|     6|   ap_memory|  this_jcoup_local2|         array|
|this_jcoup_local2_ce1       |  out|     1|   ap_memory|  this_jcoup_local2|         array|
|this_jcoup_local2_q1        |   in|  2048|   ap_memory|  this_jcoup_local2|         array|
|this_jcoup_local3_address0  |  out|     6|   ap_memory|  this_jcoup_local3|         array|
|this_jcoup_local3_ce0       |  out|     1|   ap_memory|  this_jcoup_local3|         array|
|this_jcoup_local3_we0       |  out|     1|   ap_memory|  this_jcoup_local3|         array|
|this_jcoup_local3_d0        |  out|  2048|   ap_memory|  this_jcoup_local3|         array|
|this_jcoup_local3_address1  |  out|     6|   ap_memory|  this_jcoup_local3|         array|
|this_jcoup_local3_ce1       |  out|     1|   ap_memory|  this_jcoup_local3|         array|
|this_jcoup_local3_q1        |   in|  2048|   ap_memory|  this_jcoup_local3|         array|
+----------------------------+-----+------+------------+-------------------+--------------+

