

================================================================
== Vivado HLS Report for 'QuantumMonteCarloBas'
================================================================
* Date:           Sat Jun 26 14:33:06 2021

* Version:        2020.1 (Build 2897737 on Wed May 27 20:21:37 MDT 2020)
* Project:        SQA-HLS
* Solution:       solution1
* Product family: zynq
* Target device:  xc7z020-clg400-1


================================================================
== Performance Estimates
================================================================
+ Timing: 
    * Summary: 
    +--------+----------+----------+------------+
    |  Clock |  Target  | Estimated| Uncertainty|
    +--------+----------+----------+------------+
    |ap_clk  | 10.00 ns | 8.234 ns |   1.25 ns  |
    +--------+----------+----------+------------+

+ Latency: 
    * Summary: 
    +---------+----------+----------+-----------+-----+----------+---------+
    |  Latency (cycles)  |  Latency (absolute)  |    Interval    | Pipeline|
    |   min   |    max   |    min   |    max    | min |    max   |   Type  |
    +---------+----------+----------+-----------+-----+----------+---------+
    |       39|  29442066| 0.390 us | 0.294 sec |   39|  29442066|   none  |
    +---------+----------+----------+-----------+-----+----------+---------+

    + Detail: 
        * Instance: 
        N/A

        * Loop: 
        +-------------------+---------+----------+--------------+-----------+-----------+----------+----------+
        |                   |  Latency (cycles)  |   Iteration  |  Initiation Interval  |   Trip   |          |
        |     Loop Name     |   min   |    max   |    Latency   |  achieved |   target  |   Count  | Pipelined|
        +-------------------+---------+----------+--------------+-----------+-----------+----------+----------+
        |- LOOP_TROTTERS    |       29|  29442056| 29 ~ 7360514 |          -|          -|   1 ~ 4  |    no    |
        | + LOOP_SPINS      |       27|   7360512|   27 ~ 7188  |          -|          -| 1 ~ 1024 |    no    |
        |  ++ LOOP_COUPLES  |        7|      7168|             7|          -|          -| 1 ~ 1024 |    no    |
        +-------------------+---------+----------+--------------+-----------+-----------+----------+----------+



================================================================
== Utilization Estimates
================================================================
* Summary: 
+-----------------+---------+-------+--------+-------+-----+
|       Name      | BRAM_18K| DSP48E|   FF   |  LUT  | URAM|
+-----------------+---------+-------+--------+-------+-----+
|DSP              |        -|      -|       -|      -|    -|
|Expression       |        -|      -|       0|    586|    -|
|FIFO             |        -|      -|       -|      -|    -|
|Instance         |        -|      7|     959|   1894|    -|
|Memory           |        -|      -|       -|      -|    -|
|Multiplexer      |        -|      -|       -|    316|    -|
|Register         |        -|      -|     420|      -|    -|
+-----------------+---------+-------+--------+-------+-----+
|Total            |        0|      7|    1379|   2796|    0|
+-----------------+---------+-------+--------+-------+-----+
|Available        |      280|    220|  106400|  53200|    0|
+-----------------+---------+-------+--------+-------+-----+
|Utilization (%)  |        0|      3|       1|      5|    0|
+-----------------+---------+-------+--------+-------+-----+

+ Detail: 
    * Instance: 
    +-------------------------+----------------------+---------+-------+-----+-----+-----+
    |         Instance        |        Module        | BRAM_18K| DSP48E|  FF | LUT | URAM|
    +-------------------------+----------------------+---------+-------+-----+-----+-----+
    |QuantumMonteCarlobkb_U1  |QuantumMonteCarlobkb  |        0|      2|  205|  390|    0|
    |QuantumMonteCarlocud_U2  |QuantumMonteCarlocud  |        0|      2|  205|  390|    0|
    |QuantumMonteCarlodEe_U3  |QuantumMonteCarlodEe  |        0|      3|  143|  321|    0|
    |QuantumMonteCarloeOg_U4  |QuantumMonteCarloeOg  |        0|      0|  340|  554|    0|
    |QuantumMonteCarlofYi_U5  |QuantumMonteCarlofYi  |        0|      0|   66|  239|    0|
    +-------------------------+----------------------+---------+-------+-----+-----+-----+
    |Total                    |                      |        0|      7|  959| 1894|    0|
    +-------------------------+----------------------+---------+-------+-----+-----+-----+

    * DSP48E: 
    N/A

    * Memory: 
    N/A

    * FIFO: 
    N/A

    * Expression: 
    +-----------------------+----------+-------+---+----+------------+------------+
    |     Variable Name     | Operation| DSP48E| FF| LUT| Bitwidth P0| Bitwidth P1|
    +-----------------------+----------+-------+---+----+------------+------------+
    |add_ln31_fu_418_p2     |     +    |      0|  0|  19|          14|          14|
    |add_ln43_fu_490_p2     |     +    |      0|  0|  19|          14|          14|
    |add_ln44_fu_500_p2     |     +    |      0|  0|  29|          22|          22|
    |add_ln51_2_fu_354_p2   |     +    |      0|  0|  13|           2|           4|
    |add_ln51_fu_276_p2     |     +    |      0|  0|  39|          32|           2|
    |add_ln52_fu_429_p2     |     +    |      0|  0|  19|          14|          14|
    |add_ln53_fu_439_p2     |     +    |      0|  0|  19|          14|          14|
    |i_fu_398_p2            |     +    |      0|  0|  13|          11|           1|
    |j_fu_471_p2            |     +    |      0|  0|  13|          11|           1|
    |m_fu_305_p2            |     +    |      0|  0|  12|           3|           1|
    |and_ln52_fu_527_p2     |    and   |      0|  0|   2|           1|           1|
    |and_ln68_1_fu_643_p2   |    and   |      0|  0|   2|           1|           1|
    |and_ln68_fu_637_p2     |    and   |      0|  0|   2|           1|           1|
    |icmp_ln18_fu_299_p2    |   icmp   |      0|  0|   9|           3|           4|
    |icmp_ln20_fu_311_p2    |   icmp   |      0|  0|  18|          32|          32|
    |icmp_ln25_fu_392_p2    |   icmp   |      0|  0|  13|          11|          12|
    |icmp_ln27_fu_404_p2    |   icmp   |      0|  0|  18|          32|          32|
    |icmp_ln39_fu_465_p2    |   icmp   |      0|  0|  13|          11|          12|
    |icmp_ln41_fu_477_p2    |   icmp   |      0|  0|  18|          32|          32|
    |icmp_ln50_fu_328_p2    |   icmp   |      0|  0|   9|           3|           1|
    |icmp_ln51_fu_349_p2    |   icmp   |      0|  0|  18|          32|          32|
    |icmp_ln68_1_fu_611_p2  |   icmp   |      0|  0|  18|          23|           1|
    |icmp_ln68_2_fu_617_p2  |   icmp   |      0|  0|  11|           8|           2|
    |icmp_ln68_3_fu_623_p2  |   icmp   |      0|  0|  18|          23|           1|
    |icmp_ln68_fu_605_p2    |   icmp   |      0|  0|  11|           8|           2|
    |or_ln68_1_fu_633_p2    |    or    |      0|  0|   2|           1|           1|
    |or_ln68_fu_629_p2      |    or    |      0|  0|   2|           1|           1|
    |dH_10_fu_510_p3        |  select  |      0|  0|  32|           1|          32|
    |dH_4_fu_532_p3         |  select  |      0|  0|  32|           1|          32|
    |dH_6_fu_540_p3         |  select  |      0|  0|  32|           1|          32|
    |dH_9_fu_561_p3         |  select  |      0|  0|  32|           1|          32|
    |select_ln50_fu_341_p3  |  select  |      0|  0|   4|           1|           4|
    |select_ln51_fu_368_p3  |  select  |      0|  0|   3|           1|           1|
    |trotters_d0            |    xor   |      0|  0|   2|           1|           2|
    |xor_ln54_1_fu_522_p2   |    xor   |      0|  0|   2|           1|           2|
    |xor_ln54_fu_517_p2     |    xor   |      0|  0|   2|           1|           1|
    |xor_ln64_fu_551_p2     |    xor   |      0|  0|  33|          32|          33|
    |xor_ln68_fu_285_p2     |    xor   |      0|  0|  33|          32|          33|
    +-----------------------+----------+-------+---+----+------------+------------+
    |Total                  |          |      0|  0| 586|         433|         459|
    +-----------------------+----------+-------+---+----+------------+------------+

    * Multiplexer: 
    +-------------------+-----+-----------+-----+-----------+
    |        Name       | LUT | Input Size| Bits| Total Bits|
    +-------------------+-----+-----------+-----+-----------+
    |ap_NS_fsm          |  169|         38|    1|         38|
    |dH_0_reg_218       |    9|          2|   32|         64|
    |grp_fu_239_opcode  |   15|          3|    2|          6|
    |grp_fu_239_p1      |   15|          3|   32|         96|
    |grp_fu_249_p0      |   27|          5|   32|        160|
    |grp_fu_249_p1      |   21|          4|   32|        128|
    |i_0_reg_206        |    9|          2|   11|         22|
    |j_0_reg_228        |    9|          2|   11|         22|
    |m_0_reg_195        |    9|          2|    3|          6|
    |trotters_address0  |   33|          6|   12|         72|
    +-------------------+-----+-----------+-----+-----------+
    |Total              |  316|         67|  168|        614|
    +-------------------+-----+-----------+-----+-----------+

    * Register: 
    +----------------------------+----+----+-----+-----------+
    |            Name            | FF | LUT| Bits| Const Bits|
    +----------------------------+----+----+-----+-----------+
    |Jcoup_load_reg_794          |  32|   0|   32|          0|
    |add_ln51_reg_679            |  32|   0|   32|          0|
    |ap_CS_fsm                   |  37|   0|   37|          0|
    |bitcast_ln68_1_reg_684      |  32|   0|   32|          0|
    |dH_0_reg_218                |  32|   0|   32|          0|
    |dH_6_reg_816                |  32|   0|   32|          0|
    |i_0_reg_206                 |  11|   0|   11|          0|
    |i_reg_719                   |  11|   0|   11|          0|
    |icmp_ln68_1_reg_836         |   1|   0|    1|          0|
    |icmp_ln68_2_reg_841         |   1|   0|    1|          0|
    |icmp_ln68_3_reg_846         |   1|   0|    1|          0|
    |icmp_ln68_reg_831           |   1|   0|    1|          0|
    |j_0_reg_228                 |  11|   0|   11|          0|
    |j_reg_771                   |  11|   0|   11|          0|
    |logRandNumber_addr_reg_742  |  12|   0|   12|          0|
    |m_0_reg_195                 |   3|   0|    3|          0|
    |m_reg_692                   |   3|   0|    3|          0|
    |reg_264                     |  32|   0|   32|          0|
    |reg_271                     |  32|   0|   32|          0|
    |sext_ln52_cast_reg_706      |   4|   0|   14|         10|
    |this_spin_reg_757           |   1|   0|    1|          0|
    |tmp_2_reg_668               |  32|   0|   32|          0|
    |trotters_addr_1_reg_732     |  12|   0|   12|          0|
    |trotters_addr_2_reg_737     |  12|   0|   12|          0|
    |trotters_addr_reg_727       |  12|   0|   12|          0|
    |trotters_load_reg_789       |   1|   0|    1|          0|
    |up_trotter_reg_804          |   1|   0|    1|          0|
    |xor_ln54_reg_810            |   1|   0|    1|          0|
    |zext_ln25_1_reg_711         |   3|   0|   14|         11|
    |zext_ln50_reg_700           |   3|   0|   14|         11|
    |zext_ln68_reg_752           |  11|   0|   22|         11|
    +----------------------------+----+----+-----+-----------+
    |Total                       | 420|   0|  463|         43|
    +----------------------------+----+----+-----+-----------+



================================================================
== Interface
================================================================
* Summary: 
+------------------------+-----+-----+------------+----------------------+--------------+
|        RTL Ports       | Dir | Bits|  Protocol  |     Source Object    |    C Type    |
+------------------------+-----+-----+------------+----------------------+--------------+
|ap_clk                  |  in |    1| ap_ctrl_hs | QuantumMonteCarloBas | return value |
|ap_rst                  |  in |    1| ap_ctrl_hs | QuantumMonteCarloBas | return value |
|ap_start                |  in |    1| ap_ctrl_hs | QuantumMonteCarloBas | return value |
|ap_done                 | out |    1| ap_ctrl_hs | QuantumMonteCarloBas | return value |
|ap_idle                 | out |    1| ap_ctrl_hs | QuantumMonteCarloBas | return value |
|ap_ready                | out |    1| ap_ctrl_hs | QuantumMonteCarloBas | return value |
|nTrot                   |  in |   32|   ap_none  |         nTrot        |    scalar    |
|nSpin                   |  in |   32|   ap_none  |         nSpin        |    scalar    |
|trotters_address0       | out |   12|  ap_memory |       trotters       |     array    |
|trotters_ce0            | out |    1|  ap_memory |       trotters       |     array    |
|trotters_we0            | out |    1|  ap_memory |       trotters       |     array    |
|trotters_d0             | out |    1|  ap_memory |       trotters       |     array    |
|trotters_q0             |  in |    1|  ap_memory |       trotters       |     array    |
|Jcoup_address0          | out |   20|  ap_memory |         Jcoup        |     array    |
|Jcoup_ce0               | out |    1|  ap_memory |         Jcoup        |     array    |
|Jcoup_q0                |  in |   32|  ap_memory |         Jcoup        |     array    |
|h_address0              | out |   10|  ap_memory |           h          |     array    |
|h_ce0                   | out |    1|  ap_memory |           h          |     array    |
|h_q0                    |  in |   32|  ap_memory |           h          |     array    |
|Jperp                   |  in |   32|   ap_none  |         Jperp        |    scalar    |
|Beta                    |  in |   32|   ap_none  |         Beta         |    scalar    |
|logRandNumber_address0  | out |   12|  ap_memory |     logRandNumber    |     array    |
|logRandNumber_ce0       | out |    1|  ap_memory |     logRandNumber    |     array    |
|logRandNumber_q0        |  in |   32|  ap_memory |     logRandNumber    |     array    |
+------------------------+-----+-----+------------+----------------------+--------------+

