

================================================================
== Vitis HLS Report for 'QuantumMonteCarlo_Pipeline_SHIFT_JCOUP'
================================================================
* Date:           Mon Aug  9 16:45:27 2021

* Version:        2021.1 (Build 3247384 on Thu Jun 10 19:36:33 MDT 2021)
* Project:        SQA-Vitis
* Solution:       solution1 (Vivado IP Flow Target)
* Product family: virtexuplus
* Target device:  xcvu35p-fsvh2892-2-e


================================================================
== Performance Estimates
================================================================
+ Timing: 
    * Summary: 
    +--------+----------+----------+------------+
    |  Clock |  Target  | Estimated| Uncertainty|
    +--------+----------+----------+------------+
    |ap_clk  |  10.00 ns|  2.400 ns|     2.70 ns|
    +--------+----------+----------+------------+

+ Latency: 
    * Summary: 
    +---------+---------+-----------+-----------+-----+-----+---------+
    |  Latency (cycles) |   Latency (absolute)  |  Interval | Pipeline|
    |   min   |   max   |    min    |    max    | min | max |   Type  |
    +---------+---------+-----------+-----------+-----+-----+---------+
    |        6|        6|  60.000 ns|  60.000 ns|    6|    6|       no|
    +---------+---------+-----------+-----------+-----+-----+---------+

    + Detail: 
        * Instance: 
        N/A

        * Loop: 
        +---------------+---------+---------+----------+-----------+-----------+------+----------+
        |               |  Latency (cycles) | Iteration|  Initiation Interval  | Trip |          |
        |   Loop Name   |   min   |   max   |  Latency |  achieved |   target  | Count| Pipelined|
        +---------------+---------+---------+----------+-----------+-----------+------+----------+
        |- SHIFT_JCOUP  |        4|        4|         2|          1|          1|     4|       yes|
        +---------------+---------+---------+----------+-----------+-----------+------+----------+



================================================================
== Utilization Estimates
================================================================
* Summary: 
+---------------------+---------+------+---------+--------+-----+
|         Name        | BRAM_18K|  DSP |    FF   |   LUT  | URAM|
+---------------------+---------+------+---------+--------+-----+
|DSP                  |        -|     -|        -|       -|    -|
|Expression           |        -|     -|        0|      21|    -|
|FIFO                 |        -|     -|        -|       -|    -|
|Instance             |        -|     -|        -|       -|    -|
|Memory               |        -|     -|        -|       -|    -|
|Multiplexer          |        -|     -|        -|      36|    -|
|Register             |        -|     -|       13|       -|    -|
+---------------------+---------+------+---------+--------+-----+
|Total                |        0|     0|       13|      57|    0|
+---------------------+---------+------+---------+--------+-----+
|Available SLR        |     1344|  2976|   871680|  435840|  320|
+---------------------+---------+------+---------+--------+-----+
|Utilization SLR (%)  |        0|     0|       ~0|      ~0|    0|
+---------------------+---------+------+---------+--------+-----+
|Available            |     2688|  5952|  1743360|  871680|  640|
+---------------------+---------+------+---------+--------+-----+
|Utilization (%)      |        0|     0|       ~0|      ~0|    0|
+---------------------+---------+------+---------+--------+-----+

+ Detail: 
    * Instance: 
    N/A

    * DSP: 
    N/A

    * Memory: 
    N/A

    * FIFO: 
    N/A

    * Expression: 
    +----------------------+----------+----+---+----+------------+------------+
    |     Variable Name    | Operation| DSP| FF| LUT| Bitwidth P0| Bitwidth P1|
    +----------------------+----------+----+---+----+------------+------------+
    |add_ln274_fu_127_p2   |         +|   0|  0|  10|           3|           1|
    |icmp_ln274_fu_121_p2  |      icmp|   0|  0|   9|           3|           4|
    |ap_enable_pp0         |       xor|   0|  0|   2|           1|           2|
    +----------------------+----------+----+---+----+------------+------------+
    |Total                 |          |   0|  0|  21|           7|           7|
    +----------------------+----------+----+---+----+------------+------------+

    * Multiplexer: 
    +-------------------------------+----+-----------+-----+-----------+
    |              Name             | LUT| Input Size| Bits| Total Bits|
    +-------------------------------+----+-----------+-----+-----------+
    |ap_done_int                    |   9|          2|    1|          2|
    |ap_enable_reg_pp0_iter1        |   9|          2|    1|          2|
    |ap_sig_allocacmp_packOffset_1  |   9|          2|    3|          6|
    |packOffset_fu_42               |   9|          2|    3|          6|
    +-------------------------------+----+-----------+-----+-----------+
    |Total                          |  36|          8|    8|         16|
    +-------------------------------+----+-----------+-----+-----------+

    * Register: 
    +---------------------------+---+----+-----+-----------+
    |            Name           | FF| LUT| Bits| Const Bits|
    +---------------------------+---+----+-----+-----------+
    |JcoupLocal_1_addr_reg_166  |  2|   0|    2|          0|
    |JcoupLocal_2_addr_reg_160  |  2|   0|    2|          0|
    |ap_CS_fsm                  |  1|   0|    1|          0|
    |ap_done_reg                |  1|   0|    1|          0|
    |ap_enable_reg_pp0_iter1    |  1|   0|    1|          0|
    |packOffset_fu_42           |  3|   0|    3|          0|
    |zext_ln274_reg_155         |  3|   0|   64|         61|
    +---------------------------+---+----+-----+-----------+
    |Total                      | 13|   0|   74|         61|
    +---------------------------+---+----+-----+-----------+



================================================================
== Interface
================================================================
* Summary: 
+-----------------------+-----+-------+------------+----------------------------------------+--------------+
|       RTL Ports       | Dir |  Bits |  Protocol  |              Source Object             |    C Type    |
+-----------------------+-----+-------+------------+----------------------------------------+--------------+
|ap_clk                 |   in|      1|  ap_ctrl_hs|  QuantumMonteCarlo_Pipeline_SHIFT_JCOUP|  return value|
|ap_rst                 |   in|      1|  ap_ctrl_hs|  QuantumMonteCarlo_Pipeline_SHIFT_JCOUP|  return value|
|ap_start               |   in|      1|  ap_ctrl_hs|  QuantumMonteCarlo_Pipeline_SHIFT_JCOUP|  return value|
|ap_done                |  out|      1|  ap_ctrl_hs|  QuantumMonteCarlo_Pipeline_SHIFT_JCOUP|  return value|
|ap_idle                |  out|      1|  ap_ctrl_hs|  QuantumMonteCarlo_Pipeline_SHIFT_JCOUP|  return value|
|ap_ready               |  out|      1|  ap_ctrl_hs|  QuantumMonteCarlo_Pipeline_SHIFT_JCOUP|  return value|
|JcoupLocal_2_address0  |  out|      2|   ap_memory|                            JcoupLocal_2|         array|
|JcoupLocal_2_ce0       |  out|      1|   ap_memory|                            JcoupLocal_2|         array|
|JcoupLocal_2_q0        |   in|  32768|   ap_memory|                            JcoupLocal_2|         array|
|JcoupLocal_2_address1  |  out|      2|   ap_memory|                            JcoupLocal_2|         array|
|JcoupLocal_2_ce1       |  out|      1|   ap_memory|                            JcoupLocal_2|         array|
|JcoupLocal_2_we1       |  out|      1|   ap_memory|                            JcoupLocal_2|         array|
|JcoupLocal_2_d1        |  out|  32768|   ap_memory|                            JcoupLocal_2|         array|
|JcoupLocal_3_address1  |  out|      2|   ap_memory|                            JcoupLocal_3|         array|
|JcoupLocal_3_ce1       |  out|      1|   ap_memory|                            JcoupLocal_3|         array|
|JcoupLocal_3_we1       |  out|      1|   ap_memory|                            JcoupLocal_3|         array|
|JcoupLocal_3_d1        |  out|  32768|   ap_memory|                            JcoupLocal_3|         array|
|JcoupLocal_1_address0  |  out|      2|   ap_memory|                            JcoupLocal_1|         array|
|JcoupLocal_1_ce0       |  out|      1|   ap_memory|                            JcoupLocal_1|         array|
|JcoupLocal_1_q0        |   in|  32768|   ap_memory|                            JcoupLocal_1|         array|
|JcoupLocal_1_address1  |  out|      2|   ap_memory|                            JcoupLocal_1|         array|
|JcoupLocal_1_ce1       |  out|      1|   ap_memory|                            JcoupLocal_1|         array|
|JcoupLocal_1_we1       |  out|      1|   ap_memory|                            JcoupLocal_1|         array|
|JcoupLocal_1_d1        |  out|  32768|   ap_memory|                            JcoupLocal_1|         array|
|JcoupLocal_0_address0  |  out|      2|   ap_memory|                            JcoupLocal_0|         array|
|JcoupLocal_0_ce0       |  out|      1|   ap_memory|                            JcoupLocal_0|         array|
|JcoupLocal_0_q0        |   in|  32768|   ap_memory|                            JcoupLocal_0|         array|
+-----------------------+-----+-------+------------+----------------------------------------+--------------+

