

================================================================
== Synthesis Summary Report of 'QuantumMonteCarloU50'
================================================================
+ General Information: 
    * Date:           Tue Aug 24 17:36:55 2021
    * Version:        2021.1 (Build 3247384 on Thu Jun 10 19:36:07 MDT 2021)
    * Project:        QuantumMonteCarloU50
    * Solution:       solution (Vitis Kernel Flow Target)
    * Product family: virtexuplus
    * Target device:  xcu50-fsvh2104-2-e
    

+ Performance & Resource Estimates: 
    
    PS: '+' for module; 'o' for loop; '*' for dataflow
    +-----------------------------------------------------------------------------+--------+-------+---------+-----------+----------+---------+------+----------+----------+----------+--------------+--------------+-----+
    |                                   Modules                                   |  Issue |       | Latency |  Latency  | Iteration|         | Trip |          |          |          |              |              |     |
    |                                   & Loops                                   |  Type  | Slack | (cycles)|    (ns)   |  Latency | Interval| Count| Pipelined|   BRAM   |    DSP   |      FF      |      LUT     | URAM|
    +-----------------------------------------------------------------------------+--------+-------+---------+-----------+----------+---------+------+----------+----------+----------+--------------+--------------+-----+
    |+ QuantumMonteCarloU50                                                       |  Timing|  -0.18|  5667017|  1.889e+07|         -|  5667018|     -|        no|  156 (5%)|  543 (9%)|  514226 (29%)|  297386 (34%)|    -|
    | + grp_QuantumMonteCarloU50_Pipeline_READ_TROTTERS_VITIS_LOOP_195_1_fu_536   |       -|   0.00|     1027|  3.423e+03|         -|     1027|     -|        no|         -|         -|    1060 (~0%)|     609 (~0%)|    -|
    |  o READ_TROTTERS_VITIS_LOOP_195_1                                           |       -|   2.43|     1025|  3.416e+03|         3|        1|  1024|       yes|         -|         -|             -|             -|    -|
    | + grp_QuantumMonteCarloU50_Pipeline_READ_NEW_JCOUP_fu_547                   |       -|   0.00|      259|    863.247|         -|      259|     -|        no|         -|         -|     545 (~0%)|      78 (~0%)|    -|
    |  o READ_NEW_JCOUP                                                           |       -|   2.43|      257|    856.581|         3|        1|   256|       yes|         -|         -|             -|             -|    -|
    | + grp_TrotterUnit_fu_555                                                    |  Timing|  -0.18|      356|  1.187e+03|         -|      356|     -|        no|         -|  128 (2%)|   123830 (7%)|    66077 (7%)|    -|
    |  + grp_copysignf_fu_174782                                                  |       -|   2.43|        0|      0.000|         -|        0|     -|        no|         -|         -|             -|             -|    -|
    |  + grp_copysignf_fu_174788                                                  |       -|   2.43|        0|      0.000|         -|        0|     -|        no|         -|         -|             -|             -|    -|
    |  + grp_copysignf_fu_174794                                                  |       -|   2.43|        0|      0.000|         -|        0|     -|        no|         -|         -|             -|             -|    -|
    |  + grp_copysignf_fu_174800                                                  |       -|   2.43|        0|      0.000|         -|        0|     -|        no|         -|         -|             -|             -|    -|
    |  + grp_copysignf_fu_174806                                                  |       -|   2.43|        0|      0.000|         -|        0|     -|        no|         -|         -|             -|             -|    -|
    |  + grp_copysignf_fu_174812                                                  |       -|   2.43|        0|      0.000|         -|        0|     -|        no|         -|         -|             -|             -|    -|
    |  + grp_copysignf_fu_174818                                                  |       -|   2.43|        0|      0.000|         -|        0|     -|        no|         -|         -|             -|             -|    -|
    |  + grp_copysignf_fu_174824                                                  |       -|   2.43|        0|      0.000|         -|        0|     -|        no|         -|         -|             -|             -|    -|
    |  + grp_copysignf_fu_174830                                                  |       -|   2.43|        0|      0.000|         -|        0|     -|        no|         -|         -|             -|             -|    -|
    |  + grp_copysignf_fu_174836                                                  |       -|   2.43|        0|      0.000|         -|        0|     -|        no|         -|         -|             -|             -|    -|
    |  + grp_copysignf_fu_174842                                                  |       -|   2.43|        0|      0.000|         -|        0|     -|        no|         -|         -|             -|             -|    -|
    |  + grp_copysignf_fu_174848                                                  |       -|   2.43|        0|      0.000|         -|        0|     -|        no|         -|         -|             -|             -|    -|
    |  + grp_copysignf_fu_174854                                                  |       -|   2.43|        0|      0.000|         -|        0|     -|        no|         -|         -|             -|             -|    -|
    |  + grp_copysignf_fu_174860                                                  |       -|   2.43|        0|      0.000|         -|        0|     -|        no|         -|         -|             -|             -|    -|
    |  + grp_copysignf_fu_174866                                                  |       -|   2.43|        0|      0.000|         -|        0|     -|        no|         -|         -|             -|             -|    -|
    |  + grp_copysignf_fu_174872                                                  |       -|   2.43|        0|      0.000|         -|        0|     -|        no|         -|         -|             -|             -|    -|
    | + grp_TrotterUnit_fu_569                                                    |  Timing|  -0.18|      356|  1.187e+03|         -|      356|     -|        no|         -|  128 (2%)|   123830 (7%)|    66077 (7%)|    -|
    |  + grp_copysignf_fu_174782                                                  |       -|   2.43|        0|      0.000|         -|        0|     -|        no|         -|         -|             -|             -|    -|
    |  + grp_copysignf_fu_174788                                                  |       -|   2.43|        0|      0.000|         -|        0|     -|        no|         -|         -|             -|             -|    -|
    |  + grp_copysignf_fu_174794                                                  |       -|   2.43|        0|      0.000|         -|        0|     -|        no|         -|         -|             -|             -|    -|
    |  + grp_copysignf_fu_174800                                                  |       -|   2.43|        0|      0.000|         -|        0|     -|        no|         -|         -|             -|             -|    -|
    |  + grp_copysignf_fu_174806                                                  |       -|   2.43|        0|      0.000|         -|        0|     -|        no|         -|         -|             -|             -|    -|
    |  + grp_copysignf_fu_174812                                                  |       -|   2.43|        0|      0.000|         -|        0|     -|        no|         -|         -|             -|             -|    -|
    |  + grp_copysignf_fu_174818                                                  |       -|   2.43|        0|      0.000|         -|        0|     -|        no|         -|         -|             -|             -|    -|
    |  + grp_copysignf_fu_174824                                                  |       -|   2.43|        0|      0.000|         -|        0|     -|        no|         -|         -|             -|             -|    -|
    |  + grp_copysignf_fu_174830                                                  |       -|   2.43|        0|      0.000|         -|        0|     -|        no|         -|         -|             -|             -|    -|
    |  + grp_copysignf_fu_174836                                                  |       -|   2.43|        0|      0.000|         -|        0|     -|        no|         -|         -|             -|             -|    -|
    |  + grp_copysignf_fu_174842                                                  |       -|   2.43|        0|      0.000|         -|        0|     -|        no|         -|         -|             -|             -|    -|
    |  + grp_copysignf_fu_174848                                                  |       -|   2.43|        0|      0.000|         -|        0|     -|        no|         -|         -|             -|             -|    -|
    |  + grp_copysignf_fu_174854                                                  |       -|   2.43|        0|      0.000|         -|        0|     -|        no|         -|         -|             -|             -|    -|
    |  + grp_copysignf_fu_174860                                                  |       -|   2.43|        0|      0.000|         -|        0|     -|        no|         -|         -|             -|             -|    -|
    |  + grp_copysignf_fu_174866                                                  |       -|   2.43|        0|      0.000|         -|        0|     -|        no|         -|         -|             -|             -|    -|
    |  + grp_copysignf_fu_174872                                                  |       -|   2.43|        0|      0.000|         -|        0|     -|        no|         -|         -|             -|             -|    -|
    | + grp_TrotterUnit_fu_583                                                    |  Timing|  -0.18|      356|  1.187e+03|         -|      356|     -|        no|         -|  128 (2%)|   123830 (7%)|    66077 (7%)|    -|
    |  + grp_copysignf_fu_174782                                                  |       -|   2.43|        0|      0.000|         -|        0|     -|        no|         -|         -|             -|             -|    -|
    |  + grp_copysignf_fu_174788                                                  |       -|   2.43|        0|      0.000|         -|        0|     -|        no|         -|         -|             -|             -|    -|
    |  + grp_copysignf_fu_174794                                                  |       -|   2.43|        0|      0.000|         -|        0|     -|        no|         -|         -|             -|             -|    -|
    |  + grp_copysignf_fu_174800                                                  |       -|   2.43|        0|      0.000|         -|        0|     -|        no|         -|         -|             -|             -|    -|
    |  + grp_copysignf_fu_174806                                                  |       -|   2.43|        0|      0.000|         -|        0|     -|        no|         -|         -|             -|             -|    -|
    |  + grp_copysignf_fu_174812                                                  |       -|   2.43|        0|      0.000|         -|        0|     -|        no|         -|         -|             -|             -|    -|
    |  + grp_copysignf_fu_174818                                                  |       -|   2.43|        0|      0.000|         -|        0|     -|        no|         -|         -|             -|             -|    -|
    |  + grp_copysignf_fu_174824                                                  |       -|   2.43|        0|      0.000|         -|        0|     -|        no|         -|         -|             -|             -|    -|
    |  + grp_copysignf_fu_174830                                                  |       -|   2.43|        0|      0.000|         -|        0|     -|        no|         -|         -|             -|             -|    -|
    |  + grp_copysignf_fu_174836                                                  |       -|   2.43|        0|      0.000|         -|        0|     -|        no|         -|         -|             -|             -|    -|
    |  + grp_copysignf_fu_174842                                                  |       -|   2.43|        0|      0.000|         -|        0|     -|        no|         -|         -|             -|             -|    -|
    |  + grp_copysignf_fu_174848                                                  |       -|   2.43|        0|      0.000|         -|        0|     -|        no|         -|         -|             -|             -|    -|
    |  + grp_copysignf_fu_174854                                                  |       -|   2.43|        0|      0.000|         -|        0|     -|        no|         -|         -|             -|             -|    -|
    |  + grp_copysignf_fu_174860                                                  |       -|   2.43|        0|      0.000|         -|        0|     -|        no|         -|         -|             -|             -|    -|
    |  + grp_copysignf_fu_174866                                                  |       -|   2.43|        0|      0.000|         -|        0|     -|        no|         -|         -|             -|             -|    -|
    |  + grp_copysignf_fu_174872                                                  |       -|   2.43|        0|      0.000|         -|        0|     -|        no|         -|         -|             -|             -|    -|
    | + grp_TrotterUnit_fu_597                                                    |  Timing|  -0.18|      356|  1.187e+03|         -|      356|     -|        no|         -|  128 (2%)|   123830 (7%)|    66077 (7%)|    -|
    |  + grp_copysignf_fu_174782                                                  |       -|   2.43|        0|      0.000|         -|        0|     -|        no|         -|         -|             -|             -|    -|
    |  + grp_copysignf_fu_174788                                                  |       -|   2.43|        0|      0.000|         -|        0|     -|        no|         -|         -|             -|             -|    -|
    |  + grp_copysignf_fu_174794                                                  |       -|   2.43|        0|      0.000|         -|        0|     -|        no|         -|         -|             -|             -|    -|
    |  + grp_copysignf_fu_174800                                                  |       -|   2.43|        0|      0.000|         -|        0|     -|        no|         -|         -|             -|             -|    -|
    |  + grp_copysignf_fu_174806                                                  |       -|   2.43|        0|      0.000|         -|        0|     -|        no|         -|         -|             -|             -|    -|
    |  + grp_copysignf_fu_174812                                                  |       -|   2.43|        0|      0.000|         -|        0|     -|        no|         -|         -|             -|             -|    -|
    |  + grp_copysignf_fu_174818                                                  |       -|   2.43|        0|      0.000|         -|        0|     -|        no|         -|         -|             -|             -|    -|
    |  + grp_copysignf_fu_174824                                                  |       -|   2.43|        0|      0.000|         -|        0|     -|        no|         -|         -|             -|             -|    -|
    |  + grp_copysignf_fu_174830                                                  |       -|   2.43|        0|      0.000|         -|        0|     -|        no|         -|         -|             -|             -|    -|
    |  + grp_copysignf_fu_174836                                                  |       -|   2.43|        0|      0.000|         -|        0|     -|        no|         -|         -|             -|             -|    -|
    |  + grp_copysignf_fu_174842                                                  |       -|   2.43|        0|      0.000|         -|        0|     -|        no|         -|         -|             -|             -|    -|
    |  + grp_copysignf_fu_174848                                                  |       -|   2.43|        0|      0.000|         -|        0|     -|        no|         -|         -|             -|             -|    -|
    |  + grp_copysignf_fu_174854                                                  |       -|   2.43|        0|      0.000|         -|        0|     -|        no|         -|         -|             -|             -|    -|
    |  + grp_copysignf_fu_174860                                                  |       -|   2.43|        0|      0.000|         -|        0|     -|        no|         -|         -|             -|             -|    -|
    |  + grp_copysignf_fu_174866                                                  |       -|   2.43|        0|      0.000|         -|        0|     -|        no|         -|         -|             -|             -|    -|
    |  + grp_copysignf_fu_174872                                                  |       -|   2.43|        0|      0.000|         -|        0|     -|        no|         -|         -|             -|             -|    -|
    | + grp_TrotterUnitFinal_fu_611                                               |       -|   0.09|       15|     49.995|         -|       15|     -|        no|         -|   7 (~0%)|    1007 (~0%)|     796 (~0%)|    -|
    | + grp_TrotterUnitFinal_fu_628                                               |       -|   0.09|       15|     49.995|         -|       15|     -|        no|         -|   7 (~0%)|    1007 (~0%)|     796 (~0%)|    -|
    | + grp_TrotterUnitFinal_fu_645                                               |       -|   0.09|       15|     49.995|         -|       15|     -|        no|         -|   7 (~0%)|    1007 (~0%)|     796 (~0%)|    -|
    | + grp_TrotterUnitFinal_fu_662                                               |       -|   0.09|       15|     49.995|         -|       15|     -|        no|         -|   7 (~0%)|    1007 (~0%)|     796 (~0%)|    -|
    | + grp_QuantumMonteCarloU50_Pipeline_SHIFT_JCOUP_fu_679                      |       -|   0.03|      258|    859.914|         -|      258|     -|        no|         -|         -|      37 (~0%)|      65 (~0%)|    -|
    |  o SHIFT_JCOUP                                                              |       -|   2.43|      256|    853.248|         2|        1|   256|       yes|         -|         -|             -|             -|    -|
    | + grp_QuantumMonteCarloU50_Pipeline_WRITE_TROTTERS_VITIS_LOOP_281_3_fu_687  |       -|   0.00|     1028|  3.426e+03|         -|     1028|     -|        no|         -|         -|    1123 (~0%)|    1063 (~0%)|    -|
    |  o WRITE_TROTTERS_VITIS_LOOP_281_3                                          |       -|   2.43|     1026|  3.420e+03|         4|        1|  1024|       yes|         -|         -|             -|             -|    -|
    | o LOOP_STAGE                                                                |       -|   2.43|  5664818|  1.888e+07|      1382|        -|  4099|        no|         -|         -|             -|             -|    -|
    |  o LOOP_STEP                                                                |       -|   2.43|      716|  2.386e+03|       358|        -|     2|        no|         -|         -|             -|             -|    -|
    +-----------------------------------------------------------------------------+--------+-------+---------+-----------+----------+---------+------+----------+----------+----------+--------------+--------------+-----+


================================================================
== HW Interfaces
================================================================
* M_AXI
+-------------+------------+---------------+---------+--------+----------+-----------+--------------+--------------+-------------+-------------+
| Interface   | Data Width | Address Width | Latency | Offset | Register | Max Widen | Max Read     | Max Write    | Num Read    | Num Write   |
|             | (SW->HW)   |               |         |        |          | Bitwidth  | Burst Length | Burst Length | Outstanding | Outstanding |
+-------------+------------+---------------+---------+--------+----------+-----------+--------------+--------------+-------------+-------------+
| m_axi_gmem0 | 16 -> 512  | 64            | 64      | slave  | 0        | 512       | 16           | 16           | 16          | 16          |
| m_axi_gmem1 | 512 -> 512 | 64            | 64      | slave  | 0        | 512       | 16           | 16           | 16          | 16          |
| m_axi_gmem2 | 32 -> 512  | 64            | 64      | slave  | 0        | 512       | 16           | 16           | 16          | 16          |
| m_axi_gmem3 | 32 -> 512  | 64            | 64      | slave  | 0        | 512       | 16           | 16           | 16          | 16          |
+-------------+------------+---------------+---------+--------+----------+-----------+--------------+--------------+-------------+-------------+

* S_AXILITE
+---------------+------------+---------------+--------+----------+
| Interface     | Data Width | Address Width | Offset | Register |
+---------------+------------+---------------+--------+----------+
| s_axi_control | 32         | 7             | 16     | 0        |
+---------------+------------+---------------+--------+----------+

* TOP LEVEL CONTROL
+-----------+---------------+-----------+
| Interface | Type          | Ports     |
+-----------+---------------+-----------+
| ap_clk    | clock         | ap_clk    |
| ap_rst_n  | reset         | ap_rst_n  |
| interrupt | interrupt     | interrupt |
| ap_ctrl   | ap_ctrl_chain |           |
+-----------+---------------+-----------+


================================================================
== SW I/O Information
================================================================
* Top Function Arguments
+----------+-----------+---------------+
| Argument | Direction | Datatype      |
+----------+-----------+---------------+
| trotters | inout     | ap_uint<16>*  |
| Jcoup    | in        |  const *      |
| h        | in        | float const * |
| Jperp    | in        | float const   |
| Beta     | in        | float const   |
| logRand  | in        | float const * |
+----------+-----------+---------------+

* SW-to-HW Mapping
+----------+--------------------------+-----------+----------+-----------------------+
| Argument | HW Name                  | HW Type   | HW Usage | HW Info               |
+----------+--------------------------+-----------+----------+-----------------------+
| trotters | m_axi_gmem0              | interface |          |                       |
| trotters | s_axi_control trotters_1 | register  | offset   | offset=0x10, range=32 |
| trotters | s_axi_control trotters_2 | register  | offset   | offset=0x14, range=32 |
| Jcoup    | m_axi_gmem1              | interface |          |                       |
| Jcoup    | s_axi_control Jcoup_1    | register  | offset   | offset=0x1c, range=32 |
| Jcoup    | s_axi_control Jcoup_2    | register  | offset   | offset=0x20, range=32 |
| h        | m_axi_gmem2              | interface |          |                       |
| h        | s_axi_control h_1        | register  | offset   | offset=0x28, range=32 |
| h        | s_axi_control h_2        | register  | offset   | offset=0x2c, range=32 |
| Jperp    | s_axi_control Jperp      | register  |          | offset=0x34, range=32 |
| Beta     | s_axi_control Beta       | register  |          | offset=0x3c, range=32 |
| logRand  | m_axi_gmem3              | interface |          |                       |
| logRand  | s_axi_control logRand_1  | register  | offset   | offset=0x44, range=32 |
| logRand  | s_axi_control logRand_2  | register  | offset   | offset=0x48, range=32 |
+----------+--------------------------+-----------+----------+-----------------------+


================================================================
== M_AXI Burst Information
================================================================
* Burst Summary
+--------------+----------------+---------------------------------------------------------------------------------------------------------------------------------------------------------------------------------------------------------------------------+----------------------------------------------------+
| HW Interface | Loop           | Message                                                                                                                                                                                                                   | Location                                           |
+--------------+----------------+---------------------------------------------------------------------------------------------------------------------------------------------------------------------------------------------------------------------------+----------------------------------------------------+
| m_axi_gmem0  |                | Multiple burst reads of length 32 and bit width 512. These bursts requests might be further partitioned into multiple requests during RTL generation, based on max_read_burst_length or max_write_burst_length settings.  | /home/edci/workspace/SQA_kernels/src/qmc.cpp:194:3 |
| m_axi_gmem1  | READ_NEW_JCOUP | Multiple burst reads of length 256 and bit width 512. These bursts requests might be further partitioned into multiple requests during RTL generation, based on max_read_burst_length or max_write_burst_length settings. | /home/edci/workspace/SQA_kernels/src/qmc.cpp:241:7 |
| m_axi_gmem0  |                | Multiple burst writes of length 32 and bit width 512. These bursts requests might be further partitioned into multiple requests during RTL generation, based on max_read_burst_length or max_write_burst_length settings. | /home/edci/workspace/SQA_kernels/src/qmc.cpp:280:3 |
+--------------+----------------+---------------------------------------------------------------------------------------------------------------------------------------------------------------------------------------------------------------------------+----------------------------------------------------+

* Bursts and Widening Missed
+--------------+----------+---------------------------------------------------------------------------------------------------------------------+----------------------------------------------------+
| HW Interface | Variable | Problem                                                                                                             | Location                                           |
+--------------+----------+---------------------------------------------------------------------------------------------------------------------+----------------------------------------------------+
| m_axi_gmem1  | Jcoup    | Could not widen since the size of type 'i512' is greater than or equal to the max_widen_bitwidth threshold of '64'. | /home/edci/workspace/SQA_kernels/src/qmc.cpp:241:7 |
| m_axi_gmem1  | Jcoup    | Could not widen since the size of type 'i512' is greater than or equal to the max_widen_bitwidth threshold of '64'. | /home/edci/workspace/SQA_kernels/src/qmc.cpp:241:7 |
+--------------+----------+---------------------------------------------------------------------------------------------------------------------+----------------------------------------------------+


