

================================================================
== Vitis HLS Report for 'QuantumMonteCarloU50_Pipeline_READ_TROTTERS_VITIS_LOOP_195_1'
================================================================
* Date:           Tue Aug 24 17:36:05 2021

* Version:        2021.1 (Build 3247384 on Thu Jun 10 19:36:07 MDT 2021)
* Project:        QuantumMonteCarloU50
* Solution:       solution (Vitis Kernel Flow Target)
* Product family: virtexuplus
* Target device:  xcu50-fsvh2104-2-e


================================================================
== Performance Estimates
================================================================
+ Timing: 
    * Summary: 
    +--------+---------+----------+------------+
    |  Clock |  Target | Estimated| Uncertainty|
    +--------+---------+----------+------------+
    |ap_clk  |  3.33 ns|  2.433 ns|     0.90 ns|
    +--------+---------+----------+------------+

+ Latency: 
    * Summary: 
    +---------+---------+----------+----------+------+------+---------+
    |  Latency (cycles) |  Latency (absolute) |   Interval  | Pipeline|
    |   min   |   max   |    min   |    max   |  min |  max |   Type  |
    +---------+---------+----------+----------+------+------+---------+
    |     1027|     1027|  3.423 us|  3.423 us|  1027|  1027|       no|
    +---------+---------+----------+----------+------+------+---------+

    + Detail: 
        * Instance: 
        N/A

        * Loop: 
        +----------------------------------+---------+---------+----------+-----------+-----------+------+----------+
        |                                  |  Latency (cycles) | Iteration|  Initiation Interval  | Trip |          |
        |             Loop Name            |   min   |   max   |  Latency |  achieved |   target  | Count| Pipelined|
        +----------------------------------+---------+---------+----------+-----------+-----------+------+----------+
        |- READ_TROTTERS_VITIS_LOOP_195_1  |     1025|     1025|         3|          1|          1|  1024|       yes|
        +----------------------------------+---------+---------+----------+-----------+-----------+------+----------+



================================================================
== Utilization Estimates
================================================================
* Summary: 
+---------------------+---------+------+---------+--------+-----+
|         Name        | BRAM_18K|  DSP |    FF   |   LUT  | URAM|
+---------------------+---------+------+---------+--------+-----+
|DSP                  |        -|     -|        -|       -|    -|
|Expression           |        -|     -|        0|     514|    -|
|FIFO                 |        -|     -|        -|       -|    -|
|Instance             |        -|     -|        -|       -|    -|
|Memory               |        -|     -|        -|       -|    -|
|Multiplexer          |        -|     -|        -|      95|    -|
|Register             |        -|     -|     1060|       -|    -|
+---------------------+---------+------+---------+--------+-----+
|Total                |        0|     0|     1060|     609|    0|
+---------------------+---------+------+---------+--------+-----+
|Available SLR        |     1344|  2976|   871680|  435840|  320|
+---------------------+---------+------+---------+--------+-----+
|Utilization SLR (%)  |        0|     0|       ~0|      ~0|    0|
+---------------------+---------+------+---------+--------+-----+
|Available            |     2688|  5952|  1743360|  871680|  640|
+---------------------+---------+------+---------+--------+-----+
|Utilization (%)      |        0|     0|       ~0|      ~0|    0|
+---------------------+---------+------+---------+--------+-----+

+ Detail: 
    * Instance: 
    N/A

    * DSP: 
    N/A

    * Memory: 
    N/A

    * FIFO: 
    N/A

    * Expression: 
    +----------------------------------+----------+----+---+-----+------------+------------+
    |           Variable Name          | Operation| DSP| FF| LUT | Bitwidth P0| Bitwidth P1|
    +----------------------------------+----------+----+---+-----+------------+------------+
    |add_ln194_1_fu_269_p2             |         +|   0|  0|   10|           3|           1|
    |add_ln194_fu_201_p2               |         +|   0|  0|   18|          11|           1|
    |add_ln195_fu_234_p2               |         +|   0|  0|   16|           9|           1|
    |ap_block_pp0_stage0_11001         |       and|   0|  0|    2|           1|           1|
    |ap_block_state2_pp0_stage0_iter1  |       and|   0|  0|    2|           1|           1|
    |ap_predicate_op31_read_state2     |       and|   0|  0|    2|           1|           1|
    |icmp_ln194_fu_195_p2              |      icmp|   0|  0|   12|          11|          12|
    |icmp_ln195_fu_210_p2              |      icmp|   0|  0|   11|           9|          10|
    |icmp_ln197_fu_228_p2              |      icmp|   0|  0|    9|           5|           1|
    |select_ln194_1_fu_262_p3          |    select|   0|  0|  418|           1|           1|
    |select_ln194_2_fu_275_p3          |    select|   0|  0|    3|           1|           3|
    |select_ln194_fu_216_p3            |    select|   0|  0|    9|           1|           1|
    |ap_enable_pp0                     |       xor|   0|  0|    2|           1|           2|
    +----------------------------------+----------+----+---+-----+------------+------------+
    |Total                             |          |   0|  0|  514|          55|          36|
    +----------------------------------+----------+----+---+-----+------------+------------+

    * Multiplexer: 
    +--------------------------------------+----+-----------+-----+-----------+
    |                 Name                 | LUT| Input Size| Bits| Total Bits|
    +--------------------------------------+----+-----------+-----+-----------+
    |ap_done_int                           |   9|          2|    1|          2|
    |ap_enable_reg_pp0_iter2               |   9|          2|    1|          2|
    |ap_phi_mux_empty_phi_fu_162_p4        |  14|          3|  512|       1536|
    |ap_sig_allocacmp_indvar_flatten_load  |   9|          2|   11|         22|
    |ap_sig_allocacmp_packOfst_load        |   9|          2|    9|         18|
    |gmem0_blk_n_R                         |   9|          2|    1|          2|
    |indvar_flatten_fu_92                  |   9|          2|   11|         22|
    |packOfst_fu_84                        |   9|          2|    9|         18|
    |shiftreg38_fu_80                      |   9|          2|  496|        992|
    |t_fu_88                               |   9|          2|    3|          6|
    +--------------------------------------+----+-----------+-----+-----------+
    |Total                                 |  95|         21| 1054|       2620|
    +--------------------------------------+----+-----------+-----+-----------+

    * Register: 
    +------------------------------------+-----+----+-----+-----------+
    |                Name                |  FF | LUT| Bits| Const Bits|
    +------------------------------------+-----+----+-----+-----------+
    |ap_CS_fsm                           |    1|   0|    1|          0|
    |ap_done_reg                         |    1|   0|    1|          0|
    |ap_enable_reg_pp0_iter1             |    1|   0|    1|          0|
    |ap_enable_reg_pp0_iter2             |    1|   0|    1|          0|
    |ap_loop_exit_ready_pp0_iter1_reg    |    1|   0|    1|          0|
    |gmem0_addr_read_reg_378             |  512|   0|  512|          0|
    |icmp_ln194_reg_359                  |    1|   0|    1|          0|
    |icmp_ln194_reg_359_pp0_iter1_reg    |    1|   0|    1|          0|
    |icmp_ln195_reg_363                  |    1|   0|    1|          0|
    |icmp_ln195_reg_363_pp0_iter1_reg    |    1|   0|    1|          0|
    |icmp_ln197_reg_374                  |    1|   0|    1|          0|
    |icmp_ln197_reg_374_pp0_iter1_reg    |    1|   0|    1|          0|
    |indvar_flatten_fu_92                |   11|   0|   11|          0|
    |packOfst_fu_84                      |    9|   0|    9|          0|
    |select_ln194_reg_369                |    9|   0|    9|          0|
    |select_ln194_reg_369_pp0_iter1_reg  |    9|   0|    9|          0|
    |shiftreg38_fu_80                    |  496|   0|  496|          0|
    |t_fu_88                             |    3|   0|    3|          0|
    +------------------------------------+-----+----+-----+-----------+
    |Total                               | 1060|   0| 1060|          0|
    +------------------------------------+-----+----+-----+-----------+



================================================================
== Interface
================================================================
* Summary: 
+----------------------------+-----+-----+------------+--------------------------------------------------------------+--------------+
|          RTL Ports         | Dir | Bits|  Protocol  |                         Source Object                        |    C Type    |
+----------------------------+-----+-----+------------+--------------------------------------------------------------+--------------+
|ap_clk                      |   in|    1|  ap_ctrl_hs|  QuantumMonteCarloU50_Pipeline_READ_TROTTERS_VITIS_LOOP_195_1|  return value|
|ap_rst                      |   in|    1|  ap_ctrl_hs|  QuantumMonteCarloU50_Pipeline_READ_TROTTERS_VITIS_LOOP_195_1|  return value|
|ap_start                    |   in|    1|  ap_ctrl_hs|  QuantumMonteCarloU50_Pipeline_READ_TROTTERS_VITIS_LOOP_195_1|  return value|
|ap_done                     |  out|    1|  ap_ctrl_hs|  QuantumMonteCarloU50_Pipeline_READ_TROTTERS_VITIS_LOOP_195_1|  return value|
|ap_idle                     |  out|    1|  ap_ctrl_hs|  QuantumMonteCarloU50_Pipeline_READ_TROTTERS_VITIS_LOOP_195_1|  return value|
|ap_ready                    |  out|    1|  ap_ctrl_hs|  QuantumMonteCarloU50_Pipeline_READ_TROTTERS_VITIS_LOOP_195_1|  return value|
|m_axi_gmem0_AWVALID         |  out|    1|       m_axi|                                                         gmem0|       pointer|
|m_axi_gmem0_AWREADY         |   in|    1|       m_axi|                                                         gmem0|       pointer|
|m_axi_gmem0_AWADDR          |  out|   64|       m_axi|                                                         gmem0|       pointer|
|m_axi_gmem0_AWID            |  out|    1|       m_axi|                                                         gmem0|       pointer|
|m_axi_gmem0_AWLEN           |  out|   32|       m_axi|                                                         gmem0|       pointer|
|m_axi_gmem0_AWSIZE          |  out|    3|       m_axi|                                                         gmem0|       pointer|
|m_axi_gmem0_AWBURST         |  out|    2|       m_axi|                                                         gmem0|       pointer|
|m_axi_gmem0_AWLOCK          |  out|    2|       m_axi|                                                         gmem0|       pointer|
|m_axi_gmem0_AWCACHE         |  out|    4|       m_axi|                                                         gmem0|       pointer|
|m_axi_gmem0_AWPROT          |  out|    3|       m_axi|                                                         gmem0|       pointer|
|m_axi_gmem0_AWQOS           |  out|    4|       m_axi|                                                         gmem0|       pointer|
|m_axi_gmem0_AWREGION        |  out|    4|       m_axi|                                                         gmem0|       pointer|
|m_axi_gmem0_AWUSER          |  out|    1|       m_axi|                                                         gmem0|       pointer|
|m_axi_gmem0_WVALID          |  out|    1|       m_axi|                                                         gmem0|       pointer|
|m_axi_gmem0_WREADY          |   in|    1|       m_axi|                                                         gmem0|       pointer|
|m_axi_gmem0_WDATA           |  out|  512|       m_axi|                                                         gmem0|       pointer|
|m_axi_gmem0_WSTRB           |  out|   64|       m_axi|                                                         gmem0|       pointer|
|m_axi_gmem0_WLAST           |  out|    1|       m_axi|                                                         gmem0|       pointer|
|m_axi_gmem0_WID             |  out|    1|       m_axi|                                                         gmem0|       pointer|
|m_axi_gmem0_WUSER           |  out|    1|       m_axi|                                                         gmem0|       pointer|
|m_axi_gmem0_ARVALID         |  out|    1|       m_axi|                                                         gmem0|       pointer|
|m_axi_gmem0_ARREADY         |   in|    1|       m_axi|                                                         gmem0|       pointer|
|m_axi_gmem0_ARADDR          |  out|   64|       m_axi|                                                         gmem0|       pointer|
|m_axi_gmem0_ARID            |  out|    1|       m_axi|                                                         gmem0|       pointer|
|m_axi_gmem0_ARLEN           |  out|   32|       m_axi|                                                         gmem0|       pointer|
|m_axi_gmem0_ARSIZE          |  out|    3|       m_axi|                                                         gmem0|       pointer|
|m_axi_gmem0_ARBURST         |  out|    2|       m_axi|                                                         gmem0|       pointer|
|m_axi_gmem0_ARLOCK          |  out|    2|       m_axi|                                                         gmem0|       pointer|
|m_axi_gmem0_ARCACHE         |  out|    4|       m_axi|                                                         gmem0|       pointer|
|m_axi_gmem0_ARPROT          |  out|    3|       m_axi|                                                         gmem0|       pointer|
|m_axi_gmem0_ARQOS           |  out|    4|       m_axi|                                                         gmem0|       pointer|
|m_axi_gmem0_ARREGION        |  out|    4|       m_axi|                                                         gmem0|       pointer|
|m_axi_gmem0_ARUSER          |  out|    1|       m_axi|                                                         gmem0|       pointer|
|m_axi_gmem0_RVALID          |   in|    1|       m_axi|                                                         gmem0|       pointer|
|m_axi_gmem0_RREADY          |  out|    1|       m_axi|                                                         gmem0|       pointer|
|m_axi_gmem0_RDATA           |   in|  512|       m_axi|                                                         gmem0|       pointer|
|m_axi_gmem0_RLAST           |   in|    1|       m_axi|                                                         gmem0|       pointer|
|m_axi_gmem0_RID             |   in|    1|       m_axi|                                                         gmem0|       pointer|
|m_axi_gmem0_RUSER           |   in|    1|       m_axi|                                                         gmem0|       pointer|
|m_axi_gmem0_RRESP           |   in|    2|       m_axi|                                                         gmem0|       pointer|
|m_axi_gmem0_BVALID          |   in|    1|       m_axi|                                                         gmem0|       pointer|
|m_axi_gmem0_BREADY          |  out|    1|       m_axi|                                                         gmem0|       pointer|
|m_axi_gmem0_BRESP           |   in|    2|       m_axi|                                                         gmem0|       pointer|
|m_axi_gmem0_BID             |   in|    1|       m_axi|                                                         gmem0|       pointer|
|m_axi_gmem0_BUSER           |   in|    1|       m_axi|                                                         gmem0|       pointer|
|sext_ln194                  |   in|   58|     ap_none|                                                    sext_ln194|        scalar|
|trottersLocal_V_0_address0  |  out|    8|   ap_memory|                                             trottersLocal_V_0|         array|
|trottersLocal_V_0_ce0       |  out|    1|   ap_memory|                                             trottersLocal_V_0|         array|
|trottersLocal_V_0_we0       |  out|    1|   ap_memory|                                             trottersLocal_V_0|         array|
|trottersLocal_V_0_d0        |  out|   16|   ap_memory|                                             trottersLocal_V_0|         array|
|trottersLocal_V_1_address0  |  out|    8|   ap_memory|                                             trottersLocal_V_1|         array|
|trottersLocal_V_1_ce0       |  out|    1|   ap_memory|                                             trottersLocal_V_1|         array|
|trottersLocal_V_1_we0       |  out|    1|   ap_memory|                                             trottersLocal_V_1|         array|
|trottersLocal_V_1_d0        |  out|   16|   ap_memory|                                             trottersLocal_V_1|         array|
|trottersLocal_V_2_address0  |  out|    8|   ap_memory|                                             trottersLocal_V_2|         array|
|trottersLocal_V_2_ce0       |  out|    1|   ap_memory|                                             trottersLocal_V_2|         array|
|trottersLocal_V_2_we0       |  out|    1|   ap_memory|                                             trottersLocal_V_2|         array|
|trottersLocal_V_2_d0        |  out|   16|   ap_memory|                                             trottersLocal_V_2|         array|
|trottersLocal_V_3_address0  |  out|    8|   ap_memory|                                             trottersLocal_V_3|         array|
|trottersLocal_V_3_ce0       |  out|    1|   ap_memory|                                             trottersLocal_V_3|         array|
|trottersLocal_V_3_we0       |  out|    1|   ap_memory|                                             trottersLocal_V_3|         array|
|trottersLocal_V_3_d0        |  out|   16|   ap_memory|                                             trottersLocal_V_3|         array|
+----------------------------+-----+-----+------------+--------------------------------------------------------------+--------------+

