

================================================================
== Vitis HLS Report for 'QuantumMonteCarloU50_Pipeline_SHIFT_JCOUP'
================================================================
* Date:           Tue Nov  2 06:34:32 2021

* Version:        2021.1 (Build 3247384 on Thu Jun 10 19:36:33 MDT 2021)
* Project:        SQA-Vitis
* Solution:       solution1 (Vitis Kernel Flow Target)
* Product family: virtexuplus
* Target device:  xcvu35p-fsvh2892-2-e


================================================================
== Performance Estimates
================================================================
+ Timing: 
    * Summary: 
    +--------+---------+----------+------------+
    |  Clock |  Target | Estimated| Uncertainty|
    +--------+---------+----------+------------+
    |ap_clk  |  3.33 ns|  1.492 ns|     0.90 ns|
    +--------+---------+----------+------------+

+ Latency: 
    * Summary: 
    +---------+---------+----------+----------+-----+-----+---------+
    |  Latency (cycles) |  Latency (absolute) |  Interval | Pipeline|
    |   min   |   max   |    min   |    max   | min | max |   Type  |
    +---------+---------+----------+----------+-----+-----+---------+
    |       34|       34|  0.113 us|  0.113 us|   34|   34|       no|
    +---------+---------+----------+----------+-----+-----+---------+

    + Detail: 
        * Instance: 
        N/A

        * Loop: 
        +---------------+---------+---------+----------+-----------+-----------+------+----------+
        |               |  Latency (cycles) | Iteration|  Initiation Interval  | Trip |          |
        |   Loop Name   |   min   |   max   |  Latency |  achieved |   target  | Count| Pipelined|
        +---------------+---------+---------+----------+-----------+-----------+------+----------+
        |- SHIFT_JCOUP  |       32|       32|         2|          1|          1|    32|       yes|
        +---------------+---------+---------+----------+-----------+-----------+------+----------+



================================================================
== Utilization Estimates
================================================================
* Summary: 
+---------------------+---------+------+---------+--------+-----+
|         Name        | BRAM_18K|  DSP |    FF   |   LUT  | URAM|
+---------------------+---------+------+---------+--------+-----+
|DSP                  |        -|     -|        -|       -|    -|
|Expression           |        -|     -|        0|      25|    -|
|FIFO                 |        -|     -|        -|       -|    -|
|Instance             |        -|     -|        -|       -|    -|
|Memory               |        -|     -|        -|       -|    -|
|Multiplexer          |        -|     -|        -|      36|    -|
|Register             |        -|     -|       85|       -|    -|
+---------------------+---------+------+---------+--------+-----+
|Total                |        0|     0|       85|      61|    0|
+---------------------+---------+------+---------+--------+-----+
|Available SLR        |     1344|  2976|   871680|  435840|  320|
+---------------------+---------+------+---------+--------+-----+
|Utilization SLR (%)  |        0|     0|       ~0|      ~0|    0|
+---------------------+---------+------+---------+--------+-----+
|Available            |     2688|  5952|  1743360|  871680|  640|
+---------------------+---------+------+---------+--------+-----+
|Utilization (%)      |        0|     0|       ~0|      ~0|    0|
+---------------------+---------+------+---------+--------+-----+

+ Detail: 
    * Instance: 
    N/A

    * DSP: 
    N/A

    * Memory: 
    N/A

    * FIFO: 
    N/A

    * Expression: 
    +-----------------------+----------+----+---+----+------------+------------+
    |     Variable Name     | Operation| DSP| FF| LUT| Bitwidth P0| Bitwidth P1|
    +-----------------------+----------+----+---+----+------------+------------+
    |add_ln317_fu_2276_p2   |         +|   0|  0|  13|           6|           1|
    |icmp_ln317_fu_2270_p2  |      icmp|   0|  0|  10|           6|           7|
    |ap_enable_pp0          |       xor|   0|  0|   2|           1|           2|
    +-----------------------+----------+----+---+----+------------+------------+
    |Total                  |          |   0|  0|  25|          13|          10|
    +-----------------------+----------+----+---+----+------------+------------+

    * Multiplexer: 
    +-------------------------+----+-----------+-----+-----------+
    |           Name          | LUT| Input Size| Bits| Total Bits|
    +-------------------------+----+-----------+-----+-----------+
    |ap_done_int              |   9|          2|    1|          2|
    |ap_enable_reg_pp0_iter1  |   9|          2|    1|          2|
    |ap_sig_allocacmp_ofst_2  |   9|          2|    6|         12|
    |ofst_fu_316              |   9|          2|    6|         12|
    +-------------------------+----+-----------+-----+-----------+
    |Total                    |  36|          8|   14|         28|
    +-------------------------+----+-----------+-----+-----------+

    * Register: 
    +-------------------------------+---+----+-----+-----------+
    |              Name             | FF| LUT| Bits| Const Bits|
    +-------------------------------+---+----+-----+-----------+
    |ap_CS_fsm                      |  1|   0|    1|          0|
    |ap_done_reg                    |  1|   0|    1|          0|
    |ap_enable_reg_pp0_iter1        |  1|   0|    1|          0|
    |jcoup_local_0_0_addr_reg_3299  |  5|   0|    5|          0|
    |jcoup_local_0_1_addr_reg_3305  |  5|   0|    5|          0|
    |jcoup_local_1_0_addr_reg_3287  |  5|   0|    5|          0|
    |jcoup_local_1_1_addr_reg_3293  |  5|   0|    5|          0|
    |jcoup_local_2_0_addr_reg_3275  |  5|   0|    5|          0|
    |jcoup_local_2_1_addr_reg_3281  |  5|   0|    5|          0|
    |jcoup_local_3_0_addr_reg_3263  |  5|   0|    5|          0|
    |jcoup_local_3_1_addr_reg_3269  |  5|   0|    5|          0|
    |jcoup_local_4_0_addr_reg_3251  |  5|   0|    5|          0|
    |jcoup_local_4_1_addr_reg_3257  |  5|   0|    5|          0|
    |jcoup_local_5_0_addr_reg_3239  |  5|   0|    5|          0|
    |jcoup_local_5_1_addr_reg_3245  |  5|   0|    5|          0|
    |jcoup_local_6_0_addr_reg_3227  |  5|   0|    5|          0|
    |jcoup_local_6_1_addr_reg_3233  |  5|   0|    5|          0|
    |ofst_fu_316                    |  6|   0|    6|          0|
    |zext_ln317_reg_3221            |  6|   0|   64|         58|
    +-------------------------------+---+----+-----+-----------+
    |Total                          | 85|   0|  143|         58|
    +-------------------------------+---+----+-----+-----------+



================================================================
== Interface
================================================================
* Summary: 
+-----------------------------------+-----+------+------------+-------------------------------------------+--------------+
|             RTL Ports             | Dir | Bits |  Protocol  |               Source Object               |    C Type    |
+-----------------------------------+-----+------+------------+-------------------------------------------+--------------+
|ap_clk                             |   in|     1|  ap_ctrl_hs|  QuantumMonteCarloU50_Pipeline_SHIFT_JCOUP|  return value|
|ap_rst                             |   in|     1|  ap_ctrl_hs|  QuantumMonteCarloU50_Pipeline_SHIFT_JCOUP|  return value|
|ap_start                           |   in|     1|  ap_ctrl_hs|  QuantumMonteCarloU50_Pipeline_SHIFT_JCOUP|  return value|
|ap_done                            |  out|     1|  ap_ctrl_hs|  QuantumMonteCarloU50_Pipeline_SHIFT_JCOUP|  return value|
|ap_idle                            |  out|     1|  ap_ctrl_hs|  QuantumMonteCarloU50_Pipeline_SHIFT_JCOUP|  return value|
|ap_ready                           |  out|     1|  ap_ctrl_hs|  QuantumMonteCarloU50_Pipeline_SHIFT_JCOUP|  return value|
|jcoup_local_6_0_address0           |  out|     5|   ap_memory|                            jcoup_local_6_0|         array|
|jcoup_local_6_0_ce0                |  out|     1|   ap_memory|                            jcoup_local_6_0|         array|
|jcoup_local_6_0_we0                |  out|     1|   ap_memory|                            jcoup_local_6_0|         array|
|jcoup_local_6_0_d0                 |  out|  2048|   ap_memory|                            jcoup_local_6_0|         array|
|jcoup_local_6_0_address1           |  out|     5|   ap_memory|                            jcoup_local_6_0|         array|
|jcoup_local_6_0_ce1                |  out|     1|   ap_memory|                            jcoup_local_6_0|         array|
|jcoup_local_6_0_q1                 |   in|  2048|   ap_memory|                            jcoup_local_6_0|         array|
|jcoup_local_7_0_address0           |  out|     5|   ap_memory|                            jcoup_local_7_0|         array|
|jcoup_local_7_0_ce0                |  out|     1|   ap_memory|                            jcoup_local_7_0|         array|
|jcoup_local_7_0_we0                |  out|     1|   ap_memory|                            jcoup_local_7_0|         array|
|jcoup_local_7_0_d0                 |  out|  2048|   ap_memory|                            jcoup_local_7_0|         array|
|jcoup_local_6_1_address0           |  out|     5|   ap_memory|                            jcoup_local_6_1|         array|
|jcoup_local_6_1_ce0                |  out|     1|   ap_memory|                            jcoup_local_6_1|         array|
|jcoup_local_6_1_we0                |  out|     1|   ap_memory|                            jcoup_local_6_1|         array|
|jcoup_local_6_1_d0                 |  out|  2048|   ap_memory|                            jcoup_local_6_1|         array|
|jcoup_local_6_1_address1           |  out|     5|   ap_memory|                            jcoup_local_6_1|         array|
|jcoup_local_6_1_ce1                |  out|     1|   ap_memory|                            jcoup_local_6_1|         array|
|jcoup_local_6_1_q1                 |   in|  2048|   ap_memory|                            jcoup_local_6_1|         array|
|jcoup_local_7_1_address0           |  out|     5|   ap_memory|                            jcoup_local_7_1|         array|
|jcoup_local_7_1_ce0                |  out|     1|   ap_memory|                            jcoup_local_7_1|         array|
|jcoup_local_7_1_we0                |  out|     1|   ap_memory|                            jcoup_local_7_1|         array|
|jcoup_local_7_1_d0                 |  out|  2048|   ap_memory|                            jcoup_local_7_1|         array|
|jcoup_local_5_0_address0           |  out|     5|   ap_memory|                            jcoup_local_5_0|         array|
|jcoup_local_5_0_ce0                |  out|     1|   ap_memory|                            jcoup_local_5_0|         array|
|jcoup_local_5_0_we0                |  out|     1|   ap_memory|                            jcoup_local_5_0|         array|
|jcoup_local_5_0_d0                 |  out|  2048|   ap_memory|                            jcoup_local_5_0|         array|
|jcoup_local_5_0_address1           |  out|     5|   ap_memory|                            jcoup_local_5_0|         array|
|jcoup_local_5_0_ce1                |  out|     1|   ap_memory|                            jcoup_local_5_0|         array|
|jcoup_local_5_0_q1                 |   in|  2048|   ap_memory|                            jcoup_local_5_0|         array|
|jcoup_local_5_1_address0           |  out|     5|   ap_memory|                            jcoup_local_5_1|         array|
|jcoup_local_5_1_ce0                |  out|     1|   ap_memory|                            jcoup_local_5_1|         array|
|jcoup_local_5_1_we0                |  out|     1|   ap_memory|                            jcoup_local_5_1|         array|
|jcoup_local_5_1_d0                 |  out|  2048|   ap_memory|                            jcoup_local_5_1|         array|
|jcoup_local_5_1_address1           |  out|     5|   ap_memory|                            jcoup_local_5_1|         array|
|jcoup_local_5_1_ce1                |  out|     1|   ap_memory|                            jcoup_local_5_1|         array|
|jcoup_local_5_1_q1                 |   in|  2048|   ap_memory|                            jcoup_local_5_1|         array|
|jcoup_local_4_0_address0           |  out|     5|   ap_memory|                            jcoup_local_4_0|         array|
|jcoup_local_4_0_ce0                |  out|     1|   ap_memory|                            jcoup_local_4_0|         array|
|jcoup_local_4_0_we0                |  out|     1|   ap_memory|                            jcoup_local_4_0|         array|
|jcoup_local_4_0_d0                 |  out|  2048|   ap_memory|                            jcoup_local_4_0|         array|
|jcoup_local_4_0_address1           |  out|     5|   ap_memory|                            jcoup_local_4_0|         array|
|jcoup_local_4_0_ce1                |  out|     1|   ap_memory|                            jcoup_local_4_0|         array|
|jcoup_local_4_0_q1                 |   in|  2048|   ap_memory|                            jcoup_local_4_0|         array|
|jcoup_local_4_1_address0           |  out|     5|   ap_memory|                            jcoup_local_4_1|         array|
|jcoup_local_4_1_ce0                |  out|     1|   ap_memory|                            jcoup_local_4_1|         array|
|jcoup_local_4_1_we0                |  out|     1|   ap_memory|                            jcoup_local_4_1|         array|
|jcoup_local_4_1_d0                 |  out|  2048|   ap_memory|                            jcoup_local_4_1|         array|
|jcoup_local_4_1_address1           |  out|     5|   ap_memory|                            jcoup_local_4_1|         array|
|jcoup_local_4_1_ce1                |  out|     1|   ap_memory|                            jcoup_local_4_1|         array|
|jcoup_local_4_1_q1                 |   in|  2048|   ap_memory|                            jcoup_local_4_1|         array|
|jcoup_local_3_0_address0           |  out|     5|   ap_memory|                            jcoup_local_3_0|         array|
|jcoup_local_3_0_ce0                |  out|     1|   ap_memory|                            jcoup_local_3_0|         array|
|jcoup_local_3_0_we0                |  out|     1|   ap_memory|                            jcoup_local_3_0|         array|
|jcoup_local_3_0_d0                 |  out|  2048|   ap_memory|                            jcoup_local_3_0|         array|
|jcoup_local_3_0_address1           |  out|     5|   ap_memory|                            jcoup_local_3_0|         array|
|jcoup_local_3_0_ce1                |  out|     1|   ap_memory|                            jcoup_local_3_0|         array|
|jcoup_local_3_0_q1                 |   in|  2048|   ap_memory|                            jcoup_local_3_0|         array|
|jcoup_local_3_1_address0           |  out|     5|   ap_memory|                            jcoup_local_3_1|         array|
|jcoup_local_3_1_ce0                |  out|     1|   ap_memory|                            jcoup_local_3_1|         array|
|jcoup_local_3_1_we0                |  out|     1|   ap_memory|                            jcoup_local_3_1|         array|
|jcoup_local_3_1_d0                 |  out|  2048|   ap_memory|                            jcoup_local_3_1|         array|
|jcoup_local_3_1_address1           |  out|     5|   ap_memory|                            jcoup_local_3_1|         array|
|jcoup_local_3_1_ce1                |  out|     1|   ap_memory|                            jcoup_local_3_1|         array|
|jcoup_local_3_1_q1                 |   in|  2048|   ap_memory|                            jcoup_local_3_1|         array|
|jcoup_local_2_0_address0           |  out|     5|   ap_memory|                            jcoup_local_2_0|         array|
|jcoup_local_2_0_ce0                |  out|     1|   ap_memory|                            jcoup_local_2_0|         array|
|jcoup_local_2_0_we0                |  out|     1|   ap_memory|                            jcoup_local_2_0|         array|
|jcoup_local_2_0_d0                 |  out|  2048|   ap_memory|                            jcoup_local_2_0|         array|
|jcoup_local_2_0_address1           |  out|     5|   ap_memory|                            jcoup_local_2_0|         array|
|jcoup_local_2_0_ce1                |  out|     1|   ap_memory|                            jcoup_local_2_0|         array|
|jcoup_local_2_0_q1                 |   in|  2048|   ap_memory|                            jcoup_local_2_0|         array|
|jcoup_local_2_1_address0           |  out|     5|   ap_memory|                            jcoup_local_2_1|         array|
|jcoup_local_2_1_ce0                |  out|     1|   ap_memory|                            jcoup_local_2_1|         array|
|jcoup_local_2_1_we0                |  out|     1|   ap_memory|                            jcoup_local_2_1|         array|
|jcoup_local_2_1_d0                 |  out|  2048|   ap_memory|                            jcoup_local_2_1|         array|
|jcoup_local_2_1_address1           |  out|     5|   ap_memory|                            jcoup_local_2_1|         array|
|jcoup_local_2_1_ce1                |  out|     1|   ap_memory|                            jcoup_local_2_1|         array|
|jcoup_local_2_1_q1                 |   in|  2048|   ap_memory|                            jcoup_local_2_1|         array|
|jcoup_local_1_0_address0           |  out|     5|   ap_memory|                            jcoup_local_1_0|         array|
|jcoup_local_1_0_ce0                |  out|     1|   ap_memory|                            jcoup_local_1_0|         array|
|jcoup_local_1_0_we0                |  out|     1|   ap_memory|                            jcoup_local_1_0|         array|
|jcoup_local_1_0_d0                 |  out|  2048|   ap_memory|                            jcoup_local_1_0|         array|
|jcoup_local_1_0_address1           |  out|     5|   ap_memory|                            jcoup_local_1_0|         array|
|jcoup_local_1_0_ce1                |  out|     1|   ap_memory|                            jcoup_local_1_0|         array|
|jcoup_local_1_0_q1                 |   in|  2048|   ap_memory|                            jcoup_local_1_0|         array|
|jcoup_local_1_1_address0           |  out|     5|   ap_memory|                            jcoup_local_1_1|         array|
|jcoup_local_1_1_ce0                |  out|     1|   ap_memory|                            jcoup_local_1_1|         array|
|jcoup_local_1_1_we0                |  out|     1|   ap_memory|                            jcoup_local_1_1|         array|
|jcoup_local_1_1_d0                 |  out|  2048|   ap_memory|                            jcoup_local_1_1|         array|
|jcoup_local_1_1_address1           |  out|     5|   ap_memory|                            jcoup_local_1_1|         array|
|jcoup_local_1_1_ce1                |  out|     1|   ap_memory|                            jcoup_local_1_1|         array|
|jcoup_local_1_1_q1                 |   in|  2048|   ap_memory|                            jcoup_local_1_1|         array|
|jcoup_local_0_0_address0           |  out|     5|   ap_memory|                            jcoup_local_0_0|         array|
|jcoup_local_0_0_ce0                |  out|     1|   ap_memory|                            jcoup_local_0_0|         array|
|jcoup_local_0_0_we0                |  out|     1|   ap_memory|                            jcoup_local_0_0|         array|
|jcoup_local_0_0_d0                 |  out|  2048|   ap_memory|                            jcoup_local_0_0|         array|
|jcoup_local_0_0_address1           |  out|     5|   ap_memory|                            jcoup_local_0_0|         array|
|jcoup_local_0_0_ce1                |  out|     1|   ap_memory|                            jcoup_local_0_0|         array|
|jcoup_local_0_0_q1                 |   in|  2048|   ap_memory|                            jcoup_local_0_0|         array|
|jcoup_local_0_1_address0           |  out|     5|   ap_memory|                            jcoup_local_0_1|         array|
|jcoup_local_0_1_ce0                |  out|     1|   ap_memory|                            jcoup_local_0_1|         array|
|jcoup_local_0_1_we0                |  out|     1|   ap_memory|                            jcoup_local_0_1|         array|
|jcoup_local_0_1_d0                 |  out|  2048|   ap_memory|                            jcoup_local_0_1|         array|
|jcoup_local_0_1_address1           |  out|     5|   ap_memory|                            jcoup_local_0_1|         array|
|jcoup_local_0_1_ce1                |  out|     1|   ap_memory|                            jcoup_local_0_1|         array|
|jcoup_local_0_1_q1                 |   in|  2048|   ap_memory|                            jcoup_local_0_1|         array|
|jcoup_prefetch_data_0_0_address0   |  out|     5|   ap_memory|                    jcoup_prefetch_data_0_0|         array|
|jcoup_prefetch_data_0_0_ce0        |  out|     1|   ap_memory|                    jcoup_prefetch_data_0_0|         array|
|jcoup_prefetch_data_0_0_q0         |   in|    32|   ap_memory|                    jcoup_prefetch_data_0_0|         array|
|jcoup_prefetch_data_1_0_address0   |  out|     5|   ap_memory|                    jcoup_prefetch_data_1_0|         array|
|jcoup_prefetch_data_1_0_ce0        |  out|     1|   ap_memory|                    jcoup_prefetch_data_1_0|         array|
|jcoup_prefetch_data_1_0_q0         |   in|    32|   ap_memory|                    jcoup_prefetch_data_1_0|         array|
|jcoup_prefetch_data_2_0_address0   |  out|     5|   ap_memory|                    jcoup_prefetch_data_2_0|         array|
|jcoup_prefetch_data_2_0_ce0        |  out|     1|   ap_memory|                    jcoup_prefetch_data_2_0|         array|
|jcoup_prefetch_data_2_0_q0         |   in|    32|   ap_memory|                    jcoup_prefetch_data_2_0|         array|
|jcoup_prefetch_data_3_0_address0   |  out|     5|   ap_memory|                    jcoup_prefetch_data_3_0|         array|
|jcoup_prefetch_data_3_0_ce0        |  out|     1|   ap_memory|                    jcoup_prefetch_data_3_0|         array|
|jcoup_prefetch_data_3_0_q0         |   in|    32|   ap_memory|                    jcoup_prefetch_data_3_0|         array|
|jcoup_prefetch_data_4_0_address0   |  out|     5|   ap_memory|                    jcoup_prefetch_data_4_0|         array|
|jcoup_prefetch_data_4_0_ce0        |  out|     1|   ap_memory|                    jcoup_prefetch_data_4_0|         array|
|jcoup_prefetch_data_4_0_q0         |   in|    32|   ap_memory|                    jcoup_prefetch_data_4_0|         array|
|jcoup_prefetch_data_5_0_address0   |  out|     5|   ap_memory|                    jcoup_prefetch_data_5_0|         array|
|jcoup_prefetch_data_5_0_ce0        |  out|     1|   ap_memory|                    jcoup_prefetch_data_5_0|         array|
|jcoup_prefetch_data_5_0_q0         |   in|    32|   ap_memory|                    jcoup_prefetch_data_5_0|         array|
|jcoup_prefetch_data_6_0_address0   |  out|     5|   ap_memory|                    jcoup_prefetch_data_6_0|         array|
|jcoup_prefetch_data_6_0_ce0        |  out|     1|   ap_memory|                    jcoup_prefetch_data_6_0|         array|
|jcoup_prefetch_data_6_0_q0         |   in|    32|   ap_memory|                    jcoup_prefetch_data_6_0|         array|
|jcoup_prefetch_data_7_0_address0   |  out|     5|   ap_memory|                    jcoup_prefetch_data_7_0|         array|
|jcoup_prefetch_data_7_0_ce0        |  out|     1|   ap_memory|                    jcoup_prefetch_data_7_0|         array|
|jcoup_prefetch_data_7_0_q0         |   in|    32|   ap_memory|                    jcoup_prefetch_data_7_0|         array|
|jcoup_prefetch_data_8_0_address0   |  out|     5|   ap_memory|                    jcoup_prefetch_data_8_0|         array|
|jcoup_prefetch_data_8_0_ce0        |  out|     1|   ap_memory|                    jcoup_prefetch_data_8_0|         array|
|jcoup_prefetch_data_8_0_q0         |   in|    32|   ap_memory|                    jcoup_prefetch_data_8_0|         array|
|jcoup_prefetch_data_9_0_address0   |  out|     5|   ap_memory|                    jcoup_prefetch_data_9_0|         array|
|jcoup_prefetch_data_9_0_ce0        |  out|     1|   ap_memory|                    jcoup_prefetch_data_9_0|         array|
|jcoup_prefetch_data_9_0_q0         |   in|    32|   ap_memory|                    jcoup_prefetch_data_9_0|         array|
|jcoup_prefetch_data_10_0_address0  |  out|     5|   ap_memory|                   jcoup_prefetch_data_10_0|         array|
|jcoup_prefetch_data_10_0_ce0       |  out|     1|   ap_memory|                   jcoup_prefetch_data_10_0|         array|
|jcoup_prefetch_data_10_0_q0        |   in|    32|   ap_memory|                   jcoup_prefetch_data_10_0|         array|
|jcoup_prefetch_data_11_0_address0  |  out|     5|   ap_memory|                   jcoup_prefetch_data_11_0|         array|
|jcoup_prefetch_data_11_0_ce0       |  out|     1|   ap_memory|                   jcoup_prefetch_data_11_0|         array|
|jcoup_prefetch_data_11_0_q0        |   in|    32|   ap_memory|                   jcoup_prefetch_data_11_0|         array|
|jcoup_prefetch_data_12_0_address0  |  out|     5|   ap_memory|                   jcoup_prefetch_data_12_0|         array|
|jcoup_prefetch_data_12_0_ce0       |  out|     1|   ap_memory|                   jcoup_prefetch_data_12_0|         array|
|jcoup_prefetch_data_12_0_q0        |   in|    32|   ap_memory|                   jcoup_prefetch_data_12_0|         array|
|jcoup_prefetch_data_13_0_address0  |  out|     5|   ap_memory|                   jcoup_prefetch_data_13_0|         array|
|jcoup_prefetch_data_13_0_ce0       |  out|     1|   ap_memory|                   jcoup_prefetch_data_13_0|         array|
|jcoup_prefetch_data_13_0_q0        |   in|    32|   ap_memory|                   jcoup_prefetch_data_13_0|         array|
|jcoup_prefetch_data_14_0_address0  |  out|     5|   ap_memory|                   jcoup_prefetch_data_14_0|         array|
|jcoup_prefetch_data_14_0_ce0       |  out|     1|   ap_memory|                   jcoup_prefetch_data_14_0|         array|
|jcoup_prefetch_data_14_0_q0        |   in|    32|   ap_memory|                   jcoup_prefetch_data_14_0|         array|
|jcoup_prefetch_data_15_0_address0  |  out|     5|   ap_memory|                   jcoup_prefetch_data_15_0|         array|
|jcoup_prefetch_data_15_0_ce0       |  out|     1|   ap_memory|                   jcoup_prefetch_data_15_0|         array|
|jcoup_prefetch_data_15_0_q0        |   in|    32|   ap_memory|                   jcoup_prefetch_data_15_0|         array|
|jcoup_prefetch_data_16_0_address0  |  out|     5|   ap_memory|                   jcoup_prefetch_data_16_0|         array|
|jcoup_prefetch_data_16_0_ce0       |  out|     1|   ap_memory|                   jcoup_prefetch_data_16_0|         array|
|jcoup_prefetch_data_16_0_q0        |   in|    32|   ap_memory|                   jcoup_prefetch_data_16_0|         array|
|jcoup_prefetch_data_17_0_address0  |  out|     5|   ap_memory|                   jcoup_prefetch_data_17_0|         array|
|jcoup_prefetch_data_17_0_ce0       |  out|     1|   ap_memory|                   jcoup_prefetch_data_17_0|         array|
|jcoup_prefetch_data_17_0_q0        |   in|    32|   ap_memory|                   jcoup_prefetch_data_17_0|         array|
|jcoup_prefetch_data_18_0_address0  |  out|     5|   ap_memory|                   jcoup_prefetch_data_18_0|         array|
|jcoup_prefetch_data_18_0_ce0       |  out|     1|   ap_memory|                   jcoup_prefetch_data_18_0|         array|
|jcoup_prefetch_data_18_0_q0        |   in|    32|   ap_memory|                   jcoup_prefetch_data_18_0|         array|
|jcoup_prefetch_data_19_0_address0  |  out|     5|   ap_memory|                   jcoup_prefetch_data_19_0|         array|
|jcoup_prefetch_data_19_0_ce0       |  out|     1|   ap_memory|                   jcoup_prefetch_data_19_0|         array|
|jcoup_prefetch_data_19_0_q0        |   in|    32|   ap_memory|                   jcoup_prefetch_data_19_0|         array|
|jcoup_prefetch_data_20_0_address0  |  out|     5|   ap_memory|                   jcoup_prefetch_data_20_0|         array|
|jcoup_prefetch_data_20_0_ce0       |  out|     1|   ap_memory|                   jcoup_prefetch_data_20_0|         array|
|jcoup_prefetch_data_20_0_q0        |   in|    32|   ap_memory|                   jcoup_prefetch_data_20_0|         array|
|jcoup_prefetch_data_21_0_address0  |  out|     5|   ap_memory|                   jcoup_prefetch_data_21_0|         array|
|jcoup_prefetch_data_21_0_ce0       |  out|     1|   ap_memory|                   jcoup_prefetch_data_21_0|         array|
|jcoup_prefetch_data_21_0_q0        |   in|    32|   ap_memory|                   jcoup_prefetch_data_21_0|         array|
|jcoup_prefetch_data_22_0_address0  |  out|     5|   ap_memory|                   jcoup_prefetch_data_22_0|         array|
|jcoup_prefetch_data_22_0_ce0       |  out|     1|   ap_memory|                   jcoup_prefetch_data_22_0|         array|
|jcoup_prefetch_data_22_0_q0        |   in|    32|   ap_memory|                   jcoup_prefetch_data_22_0|         array|
|jcoup_prefetch_data_23_0_address0  |  out|     5|   ap_memory|                   jcoup_prefetch_data_23_0|         array|
|jcoup_prefetch_data_23_0_ce0       |  out|     1|   ap_memory|                   jcoup_prefetch_data_23_0|         array|
|jcoup_prefetch_data_23_0_q0        |   in|    32|   ap_memory|                   jcoup_prefetch_data_23_0|         array|
|jcoup_prefetch_data_24_0_address0  |  out|     5|   ap_memory|                   jcoup_prefetch_data_24_0|         array|
|jcoup_prefetch_data_24_0_ce0       |  out|     1|   ap_memory|                   jcoup_prefetch_data_24_0|         array|
|jcoup_prefetch_data_24_0_q0        |   in|    32|   ap_memory|                   jcoup_prefetch_data_24_0|         array|
|jcoup_prefetch_data_25_0_address0  |  out|     5|   ap_memory|                   jcoup_prefetch_data_25_0|         array|
|jcoup_prefetch_data_25_0_ce0       |  out|     1|   ap_memory|                   jcoup_prefetch_data_25_0|         array|
|jcoup_prefetch_data_25_0_q0        |   in|    32|   ap_memory|                   jcoup_prefetch_data_25_0|         array|
|jcoup_prefetch_data_26_0_address0  |  out|     5|   ap_memory|                   jcoup_prefetch_data_26_0|         array|
|jcoup_prefetch_data_26_0_ce0       |  out|     1|   ap_memory|                   jcoup_prefetch_data_26_0|         array|
|jcoup_prefetch_data_26_0_q0        |   in|    32|   ap_memory|                   jcoup_prefetch_data_26_0|         array|
|jcoup_prefetch_data_27_0_address0  |  out|     5|   ap_memory|                   jcoup_prefetch_data_27_0|         array|
|jcoup_prefetch_data_27_0_ce0       |  out|     1|   ap_memory|                   jcoup_prefetch_data_27_0|         array|
|jcoup_prefetch_data_27_0_q0        |   in|    32|   ap_memory|                   jcoup_prefetch_data_27_0|         array|
|jcoup_prefetch_data_28_0_address0  |  out|     5|   ap_memory|                   jcoup_prefetch_data_28_0|         array|
|jcoup_prefetch_data_28_0_ce0       |  out|     1|   ap_memory|                   jcoup_prefetch_data_28_0|         array|
|jcoup_prefetch_data_28_0_q0        |   in|    32|   ap_memory|                   jcoup_prefetch_data_28_0|         array|
|jcoup_prefetch_data_29_0_address0  |  out|     5|   ap_memory|                   jcoup_prefetch_data_29_0|         array|
|jcoup_prefetch_data_29_0_ce0       |  out|     1|   ap_memory|                   jcoup_prefetch_data_29_0|         array|
|jcoup_prefetch_data_29_0_q0        |   in|    32|   ap_memory|                   jcoup_prefetch_data_29_0|         array|
|jcoup_prefetch_data_30_0_address0  |  out|     5|   ap_memory|                   jcoup_prefetch_data_30_0|         array|
|jcoup_prefetch_data_30_0_ce0       |  out|     1|   ap_memory|                   jcoup_prefetch_data_30_0|         array|
|jcoup_prefetch_data_30_0_q0        |   in|    32|   ap_memory|                   jcoup_prefetch_data_30_0|         array|
|jcoup_prefetch_data_31_0_address0  |  out|     5|   ap_memory|                   jcoup_prefetch_data_31_0|         array|
|jcoup_prefetch_data_31_0_ce0       |  out|     1|   ap_memory|                   jcoup_prefetch_data_31_0|         array|
|jcoup_prefetch_data_31_0_q0        |   in|    32|   ap_memory|                   jcoup_prefetch_data_31_0|         array|
|jcoup_prefetch_data_32_0_address0  |  out|     5|   ap_memory|                   jcoup_prefetch_data_32_0|         array|
|jcoup_prefetch_data_32_0_ce0       |  out|     1|   ap_memory|                   jcoup_prefetch_data_32_0|         array|
|jcoup_prefetch_data_32_0_q0        |   in|    32|   ap_memory|                   jcoup_prefetch_data_32_0|         array|
|jcoup_prefetch_data_33_0_address0  |  out|     5|   ap_memory|                   jcoup_prefetch_data_33_0|         array|
|jcoup_prefetch_data_33_0_ce0       |  out|     1|   ap_memory|                   jcoup_prefetch_data_33_0|         array|
|jcoup_prefetch_data_33_0_q0        |   in|    32|   ap_memory|                   jcoup_prefetch_data_33_0|         array|
|jcoup_prefetch_data_34_0_address0  |  out|     5|   ap_memory|                   jcoup_prefetch_data_34_0|         array|
|jcoup_prefetch_data_34_0_ce0       |  out|     1|   ap_memory|                   jcoup_prefetch_data_34_0|         array|
|jcoup_prefetch_data_34_0_q0        |   in|    32|   ap_memory|                   jcoup_prefetch_data_34_0|         array|
|jcoup_prefetch_data_35_0_address0  |  out|     5|   ap_memory|                   jcoup_prefetch_data_35_0|         array|
|jcoup_prefetch_data_35_0_ce0       |  out|     1|   ap_memory|                   jcoup_prefetch_data_35_0|         array|
|jcoup_prefetch_data_35_0_q0        |   in|    32|   ap_memory|                   jcoup_prefetch_data_35_0|         array|
|jcoup_prefetch_data_36_0_address0  |  out|     5|   ap_memory|                   jcoup_prefetch_data_36_0|         array|
|jcoup_prefetch_data_36_0_ce0       |  out|     1|   ap_memory|                   jcoup_prefetch_data_36_0|         array|
|jcoup_prefetch_data_36_0_q0        |   in|    32|   ap_memory|                   jcoup_prefetch_data_36_0|         array|
|jcoup_prefetch_data_37_0_address0  |  out|     5|   ap_memory|                   jcoup_prefetch_data_37_0|         array|
|jcoup_prefetch_data_37_0_ce0       |  out|     1|   ap_memory|                   jcoup_prefetch_data_37_0|         array|
|jcoup_prefetch_data_37_0_q0        |   in|    32|   ap_memory|                   jcoup_prefetch_data_37_0|         array|
|jcoup_prefetch_data_38_0_address0  |  out|     5|   ap_memory|                   jcoup_prefetch_data_38_0|         array|
|jcoup_prefetch_data_38_0_ce0       |  out|     1|   ap_memory|                   jcoup_prefetch_data_38_0|         array|
|jcoup_prefetch_data_38_0_q0        |   in|    32|   ap_memory|                   jcoup_prefetch_data_38_0|         array|
|jcoup_prefetch_data_39_0_address0  |  out|     5|   ap_memory|                   jcoup_prefetch_data_39_0|         array|
|jcoup_prefetch_data_39_0_ce0       |  out|     1|   ap_memory|                   jcoup_prefetch_data_39_0|         array|
|jcoup_prefetch_data_39_0_q0        |   in|    32|   ap_memory|                   jcoup_prefetch_data_39_0|         array|
|jcoup_prefetch_data_40_0_address0  |  out|     5|   ap_memory|                   jcoup_prefetch_data_40_0|         array|
|jcoup_prefetch_data_40_0_ce0       |  out|     1|   ap_memory|                   jcoup_prefetch_data_40_0|         array|
|jcoup_prefetch_data_40_0_q0        |   in|    32|   ap_memory|                   jcoup_prefetch_data_40_0|         array|
|jcoup_prefetch_data_41_0_address0  |  out|     5|   ap_memory|                   jcoup_prefetch_data_41_0|         array|
|jcoup_prefetch_data_41_0_ce0       |  out|     1|   ap_memory|                   jcoup_prefetch_data_41_0|         array|
|jcoup_prefetch_data_41_0_q0        |   in|    32|   ap_memory|                   jcoup_prefetch_data_41_0|         array|
|jcoup_prefetch_data_42_0_address0  |  out|     5|   ap_memory|                   jcoup_prefetch_data_42_0|         array|
|jcoup_prefetch_data_42_0_ce0       |  out|     1|   ap_memory|                   jcoup_prefetch_data_42_0|         array|
|jcoup_prefetch_data_42_0_q0        |   in|    32|   ap_memory|                   jcoup_prefetch_data_42_0|         array|
|jcoup_prefetch_data_43_0_address0  |  out|     5|   ap_memory|                   jcoup_prefetch_data_43_0|         array|
|jcoup_prefetch_data_43_0_ce0       |  out|     1|   ap_memory|                   jcoup_prefetch_data_43_0|         array|
|jcoup_prefetch_data_43_0_q0        |   in|    32|   ap_memory|                   jcoup_prefetch_data_43_0|         array|
|jcoup_prefetch_data_44_0_address0  |  out|     5|   ap_memory|                   jcoup_prefetch_data_44_0|         array|
|jcoup_prefetch_data_44_0_ce0       |  out|     1|   ap_memory|                   jcoup_prefetch_data_44_0|         array|
|jcoup_prefetch_data_44_0_q0        |   in|    32|   ap_memory|                   jcoup_prefetch_data_44_0|         array|
|jcoup_prefetch_data_45_0_address0  |  out|     5|   ap_memory|                   jcoup_prefetch_data_45_0|         array|
|jcoup_prefetch_data_45_0_ce0       |  out|     1|   ap_memory|                   jcoup_prefetch_data_45_0|         array|
|jcoup_prefetch_data_45_0_q0        |   in|    32|   ap_memory|                   jcoup_prefetch_data_45_0|         array|
|jcoup_prefetch_data_46_0_address0  |  out|     5|   ap_memory|                   jcoup_prefetch_data_46_0|         array|
|jcoup_prefetch_data_46_0_ce0       |  out|     1|   ap_memory|                   jcoup_prefetch_data_46_0|         array|
|jcoup_prefetch_data_46_0_q0        |   in|    32|   ap_memory|                   jcoup_prefetch_data_46_0|         array|
|jcoup_prefetch_data_47_0_address0  |  out|     5|   ap_memory|                   jcoup_prefetch_data_47_0|         array|
|jcoup_prefetch_data_47_0_ce0       |  out|     1|   ap_memory|                   jcoup_prefetch_data_47_0|         array|
|jcoup_prefetch_data_47_0_q0        |   in|    32|   ap_memory|                   jcoup_prefetch_data_47_0|         array|
|jcoup_prefetch_data_48_0_address0  |  out|     5|   ap_memory|                   jcoup_prefetch_data_48_0|         array|
|jcoup_prefetch_data_48_0_ce0       |  out|     1|   ap_memory|                   jcoup_prefetch_data_48_0|         array|
|jcoup_prefetch_data_48_0_q0        |   in|    32|   ap_memory|                   jcoup_prefetch_data_48_0|         array|
|jcoup_prefetch_data_49_0_address0  |  out|     5|   ap_memory|                   jcoup_prefetch_data_49_0|         array|
|jcoup_prefetch_data_49_0_ce0       |  out|     1|   ap_memory|                   jcoup_prefetch_data_49_0|         array|
|jcoup_prefetch_data_49_0_q0        |   in|    32|   ap_memory|                   jcoup_prefetch_data_49_0|         array|
|jcoup_prefetch_data_50_0_address0  |  out|     5|   ap_memory|                   jcoup_prefetch_data_50_0|         array|
|jcoup_prefetch_data_50_0_ce0       |  out|     1|   ap_memory|                   jcoup_prefetch_data_50_0|         array|
|jcoup_prefetch_data_50_0_q0        |   in|    32|   ap_memory|                   jcoup_prefetch_data_50_0|         array|
|jcoup_prefetch_data_51_0_address0  |  out|     5|   ap_memory|                   jcoup_prefetch_data_51_0|         array|
|jcoup_prefetch_data_51_0_ce0       |  out|     1|   ap_memory|                   jcoup_prefetch_data_51_0|         array|
|jcoup_prefetch_data_51_0_q0        |   in|    32|   ap_memory|                   jcoup_prefetch_data_51_0|         array|
|jcoup_prefetch_data_52_0_address0  |  out|     5|   ap_memory|                   jcoup_prefetch_data_52_0|         array|
|jcoup_prefetch_data_52_0_ce0       |  out|     1|   ap_memory|                   jcoup_prefetch_data_52_0|         array|
|jcoup_prefetch_data_52_0_q0        |   in|    32|   ap_memory|                   jcoup_prefetch_data_52_0|         array|
|jcoup_prefetch_data_53_0_address0  |  out|     5|   ap_memory|                   jcoup_prefetch_data_53_0|         array|
|jcoup_prefetch_data_53_0_ce0       |  out|     1|   ap_memory|                   jcoup_prefetch_data_53_0|         array|
|jcoup_prefetch_data_53_0_q0        |   in|    32|   ap_memory|                   jcoup_prefetch_data_53_0|         array|
|jcoup_prefetch_data_54_0_address0  |  out|     5|   ap_memory|                   jcoup_prefetch_data_54_0|         array|
|jcoup_prefetch_data_54_0_ce0       |  out|     1|   ap_memory|                   jcoup_prefetch_data_54_0|         array|
|jcoup_prefetch_data_54_0_q0        |   in|    32|   ap_memory|                   jcoup_prefetch_data_54_0|         array|
|jcoup_prefetch_data_55_0_address0  |  out|     5|   ap_memory|                   jcoup_prefetch_data_55_0|         array|
|jcoup_prefetch_data_55_0_ce0       |  out|     1|   ap_memory|                   jcoup_prefetch_data_55_0|         array|
|jcoup_prefetch_data_55_0_q0        |   in|    32|   ap_memory|                   jcoup_prefetch_data_55_0|         array|
|jcoup_prefetch_data_56_0_address0  |  out|     5|   ap_memory|                   jcoup_prefetch_data_56_0|         array|
|jcoup_prefetch_data_56_0_ce0       |  out|     1|   ap_memory|                   jcoup_prefetch_data_56_0|         array|
|jcoup_prefetch_data_56_0_q0        |   in|    32|   ap_memory|                   jcoup_prefetch_data_56_0|         array|
|jcoup_prefetch_data_57_0_address0  |  out|     5|   ap_memory|                   jcoup_prefetch_data_57_0|         array|
|jcoup_prefetch_data_57_0_ce0       |  out|     1|   ap_memory|                   jcoup_prefetch_data_57_0|         array|
|jcoup_prefetch_data_57_0_q0        |   in|    32|   ap_memory|                   jcoup_prefetch_data_57_0|         array|
|jcoup_prefetch_data_58_0_address0  |  out|     5|   ap_memory|                   jcoup_prefetch_data_58_0|         array|
|jcoup_prefetch_data_58_0_ce0       |  out|     1|   ap_memory|                   jcoup_prefetch_data_58_0|         array|
|jcoup_prefetch_data_58_0_q0        |   in|    32|   ap_memory|                   jcoup_prefetch_data_58_0|         array|
|jcoup_prefetch_data_59_0_address0  |  out|     5|   ap_memory|                   jcoup_prefetch_data_59_0|         array|
|jcoup_prefetch_data_59_0_ce0       |  out|     1|   ap_memory|                   jcoup_prefetch_data_59_0|         array|
|jcoup_prefetch_data_59_0_q0        |   in|    32|   ap_memory|                   jcoup_prefetch_data_59_0|         array|
|jcoup_prefetch_data_60_0_address0  |  out|     5|   ap_memory|                   jcoup_prefetch_data_60_0|         array|
|jcoup_prefetch_data_60_0_ce0       |  out|     1|   ap_memory|                   jcoup_prefetch_data_60_0|         array|
|jcoup_prefetch_data_60_0_q0        |   in|    32|   ap_memory|                   jcoup_prefetch_data_60_0|         array|
|jcoup_prefetch_data_61_0_address0  |  out|     5|   ap_memory|                   jcoup_prefetch_data_61_0|         array|
|jcoup_prefetch_data_61_0_ce0       |  out|     1|   ap_memory|                   jcoup_prefetch_data_61_0|         array|
|jcoup_prefetch_data_61_0_q0        |   in|    32|   ap_memory|                   jcoup_prefetch_data_61_0|         array|
|jcoup_prefetch_data_62_0_address0  |  out|     5|   ap_memory|                   jcoup_prefetch_data_62_0|         array|
|jcoup_prefetch_data_62_0_ce0       |  out|     1|   ap_memory|                   jcoup_prefetch_data_62_0|         array|
|jcoup_prefetch_data_62_0_q0        |   in|    32|   ap_memory|                   jcoup_prefetch_data_62_0|         array|
|jcoup_prefetch_data_63_0_address0  |  out|     5|   ap_memory|                   jcoup_prefetch_data_63_0|         array|
|jcoup_prefetch_data_63_0_ce0       |  out|     1|   ap_memory|                   jcoup_prefetch_data_63_0|         array|
|jcoup_prefetch_data_63_0_q0        |   in|    32|   ap_memory|                   jcoup_prefetch_data_63_0|         array|
|jcoup_prefetch_data_0_1_address0   |  out|     5|   ap_memory|                    jcoup_prefetch_data_0_1|         array|
|jcoup_prefetch_data_0_1_ce0        |  out|     1|   ap_memory|                    jcoup_prefetch_data_0_1|         array|
|jcoup_prefetch_data_0_1_q0         |   in|    32|   ap_memory|                    jcoup_prefetch_data_0_1|         array|
|jcoup_prefetch_data_1_1_address0   |  out|     5|   ap_memory|                    jcoup_prefetch_data_1_1|         array|
|jcoup_prefetch_data_1_1_ce0        |  out|     1|   ap_memory|                    jcoup_prefetch_data_1_1|         array|
|jcoup_prefetch_data_1_1_q0         |   in|    32|   ap_memory|                    jcoup_prefetch_data_1_1|         array|
|jcoup_prefetch_data_2_1_address0   |  out|     5|   ap_memory|                    jcoup_prefetch_data_2_1|         array|
|jcoup_prefetch_data_2_1_ce0        |  out|     1|   ap_memory|                    jcoup_prefetch_data_2_1|         array|
|jcoup_prefetch_data_2_1_q0         |   in|    32|   ap_memory|                    jcoup_prefetch_data_2_1|         array|
|jcoup_prefetch_data_3_1_address0   |  out|     5|   ap_memory|                    jcoup_prefetch_data_3_1|         array|
|jcoup_prefetch_data_3_1_ce0        |  out|     1|   ap_memory|                    jcoup_prefetch_data_3_1|         array|
|jcoup_prefetch_data_3_1_q0         |   in|    32|   ap_memory|                    jcoup_prefetch_data_3_1|         array|
|jcoup_prefetch_data_4_1_address0   |  out|     5|   ap_memory|                    jcoup_prefetch_data_4_1|         array|
|jcoup_prefetch_data_4_1_ce0        |  out|     1|   ap_memory|                    jcoup_prefetch_data_4_1|         array|
|jcoup_prefetch_data_4_1_q0         |   in|    32|   ap_memory|                    jcoup_prefetch_data_4_1|         array|
|jcoup_prefetch_data_5_1_address0   |  out|     5|   ap_memory|                    jcoup_prefetch_data_5_1|         array|
|jcoup_prefetch_data_5_1_ce0        |  out|     1|   ap_memory|                    jcoup_prefetch_data_5_1|         array|
|jcoup_prefetch_data_5_1_q0         |   in|    32|   ap_memory|                    jcoup_prefetch_data_5_1|         array|
|jcoup_prefetch_data_6_1_address0   |  out|     5|   ap_memory|                    jcoup_prefetch_data_6_1|         array|
|jcoup_prefetch_data_6_1_ce0        |  out|     1|   ap_memory|                    jcoup_prefetch_data_6_1|         array|
|jcoup_prefetch_data_6_1_q0         |   in|    32|   ap_memory|                    jcoup_prefetch_data_6_1|         array|
|jcoup_prefetch_data_7_1_address0   |  out|     5|   ap_memory|                    jcoup_prefetch_data_7_1|         array|
|jcoup_prefetch_data_7_1_ce0        |  out|     1|   ap_memory|                    jcoup_prefetch_data_7_1|         array|
|jcoup_prefetch_data_7_1_q0         |   in|    32|   ap_memory|                    jcoup_prefetch_data_7_1|         array|
|jcoup_prefetch_data_8_1_address0   |  out|     5|   ap_memory|                    jcoup_prefetch_data_8_1|         array|
|jcoup_prefetch_data_8_1_ce0        |  out|     1|   ap_memory|                    jcoup_prefetch_data_8_1|         array|
|jcoup_prefetch_data_8_1_q0         |   in|    32|   ap_memory|                    jcoup_prefetch_data_8_1|         array|
|jcoup_prefetch_data_9_1_address0   |  out|     5|   ap_memory|                    jcoup_prefetch_data_9_1|         array|
|jcoup_prefetch_data_9_1_ce0        |  out|     1|   ap_memory|                    jcoup_prefetch_data_9_1|         array|
|jcoup_prefetch_data_9_1_q0         |   in|    32|   ap_memory|                    jcoup_prefetch_data_9_1|         array|
|jcoup_prefetch_data_10_1_address0  |  out|     5|   ap_memory|                   jcoup_prefetch_data_10_1|         array|
|jcoup_prefetch_data_10_1_ce0       |  out|     1|   ap_memory|                   jcoup_prefetch_data_10_1|         array|
|jcoup_prefetch_data_10_1_q0        |   in|    32|   ap_memory|                   jcoup_prefetch_data_10_1|         array|
|jcoup_prefetch_data_11_1_address0  |  out|     5|   ap_memory|                   jcoup_prefetch_data_11_1|         array|
|jcoup_prefetch_data_11_1_ce0       |  out|     1|   ap_memory|                   jcoup_prefetch_data_11_1|         array|
|jcoup_prefetch_data_11_1_q0        |   in|    32|   ap_memory|                   jcoup_prefetch_data_11_1|         array|
|jcoup_prefetch_data_12_1_address0  |  out|     5|   ap_memory|                   jcoup_prefetch_data_12_1|         array|
|jcoup_prefetch_data_12_1_ce0       |  out|     1|   ap_memory|                   jcoup_prefetch_data_12_1|         array|
|jcoup_prefetch_data_12_1_q0        |   in|    32|   ap_memory|                   jcoup_prefetch_data_12_1|         array|
|jcoup_prefetch_data_13_1_address0  |  out|     5|   ap_memory|                   jcoup_prefetch_data_13_1|         array|
|jcoup_prefetch_data_13_1_ce0       |  out|     1|   ap_memory|                   jcoup_prefetch_data_13_1|         array|
|jcoup_prefetch_data_13_1_q0        |   in|    32|   ap_memory|                   jcoup_prefetch_data_13_1|         array|
|jcoup_prefetch_data_14_1_address0  |  out|     5|   ap_memory|                   jcoup_prefetch_data_14_1|         array|
|jcoup_prefetch_data_14_1_ce0       |  out|     1|   ap_memory|                   jcoup_prefetch_data_14_1|         array|
|jcoup_prefetch_data_14_1_q0        |   in|    32|   ap_memory|                   jcoup_prefetch_data_14_1|         array|
|jcoup_prefetch_data_15_1_address0  |  out|     5|   ap_memory|                   jcoup_prefetch_data_15_1|         array|
|jcoup_prefetch_data_15_1_ce0       |  out|     1|   ap_memory|                   jcoup_prefetch_data_15_1|         array|
|jcoup_prefetch_data_15_1_q0        |   in|    32|   ap_memory|                   jcoup_prefetch_data_15_1|         array|
|jcoup_prefetch_data_16_1_address0  |  out|     5|   ap_memory|                   jcoup_prefetch_data_16_1|         array|
|jcoup_prefetch_data_16_1_ce0       |  out|     1|   ap_memory|                   jcoup_prefetch_data_16_1|         array|
|jcoup_prefetch_data_16_1_q0        |   in|    32|   ap_memory|                   jcoup_prefetch_data_16_1|         array|
|jcoup_prefetch_data_17_1_address0  |  out|     5|   ap_memory|                   jcoup_prefetch_data_17_1|         array|
|jcoup_prefetch_data_17_1_ce0       |  out|     1|   ap_memory|                   jcoup_prefetch_data_17_1|         array|
|jcoup_prefetch_data_17_1_q0        |   in|    32|   ap_memory|                   jcoup_prefetch_data_17_1|         array|
|jcoup_prefetch_data_18_1_address0  |  out|     5|   ap_memory|                   jcoup_prefetch_data_18_1|         array|
|jcoup_prefetch_data_18_1_ce0       |  out|     1|   ap_memory|                   jcoup_prefetch_data_18_1|         array|
|jcoup_prefetch_data_18_1_q0        |   in|    32|   ap_memory|                   jcoup_prefetch_data_18_1|         array|
|jcoup_prefetch_data_19_1_address0  |  out|     5|   ap_memory|                   jcoup_prefetch_data_19_1|         array|
|jcoup_prefetch_data_19_1_ce0       |  out|     1|   ap_memory|                   jcoup_prefetch_data_19_1|         array|
|jcoup_prefetch_data_19_1_q0        |   in|    32|   ap_memory|                   jcoup_prefetch_data_19_1|         array|
|jcoup_prefetch_data_20_1_address0  |  out|     5|   ap_memory|                   jcoup_prefetch_data_20_1|         array|
|jcoup_prefetch_data_20_1_ce0       |  out|     1|   ap_memory|                   jcoup_prefetch_data_20_1|         array|
|jcoup_prefetch_data_20_1_q0        |   in|    32|   ap_memory|                   jcoup_prefetch_data_20_1|         array|
|jcoup_prefetch_data_21_1_address0  |  out|     5|   ap_memory|                   jcoup_prefetch_data_21_1|         array|
|jcoup_prefetch_data_21_1_ce0       |  out|     1|   ap_memory|                   jcoup_prefetch_data_21_1|         array|
|jcoup_prefetch_data_21_1_q0        |   in|    32|   ap_memory|                   jcoup_prefetch_data_21_1|         array|
|jcoup_prefetch_data_22_1_address0  |  out|     5|   ap_memory|                   jcoup_prefetch_data_22_1|         array|
|jcoup_prefetch_data_22_1_ce0       |  out|     1|   ap_memory|                   jcoup_prefetch_data_22_1|         array|
|jcoup_prefetch_data_22_1_q0        |   in|    32|   ap_memory|                   jcoup_prefetch_data_22_1|         array|
|jcoup_prefetch_data_23_1_address0  |  out|     5|   ap_memory|                   jcoup_prefetch_data_23_1|         array|
|jcoup_prefetch_data_23_1_ce0       |  out|     1|   ap_memory|                   jcoup_prefetch_data_23_1|         array|
|jcoup_prefetch_data_23_1_q0        |   in|    32|   ap_memory|                   jcoup_prefetch_data_23_1|         array|
|jcoup_prefetch_data_24_1_address0  |  out|     5|   ap_memory|                   jcoup_prefetch_data_24_1|         array|
|jcoup_prefetch_data_24_1_ce0       |  out|     1|   ap_memory|                   jcoup_prefetch_data_24_1|         array|
|jcoup_prefetch_data_24_1_q0        |   in|    32|   ap_memory|                   jcoup_prefetch_data_24_1|         array|
|jcoup_prefetch_data_25_1_address0  |  out|     5|   ap_memory|                   jcoup_prefetch_data_25_1|         array|
|jcoup_prefetch_data_25_1_ce0       |  out|     1|   ap_memory|                   jcoup_prefetch_data_25_1|         array|
|jcoup_prefetch_data_25_1_q0        |   in|    32|   ap_memory|                   jcoup_prefetch_data_25_1|         array|
|jcoup_prefetch_data_26_1_address0  |  out|     5|   ap_memory|                   jcoup_prefetch_data_26_1|         array|
|jcoup_prefetch_data_26_1_ce0       |  out|     1|   ap_memory|                   jcoup_prefetch_data_26_1|         array|
|jcoup_prefetch_data_26_1_q0        |   in|    32|   ap_memory|                   jcoup_prefetch_data_26_1|         array|
|jcoup_prefetch_data_27_1_address0  |  out|     5|   ap_memory|                   jcoup_prefetch_data_27_1|         array|
|jcoup_prefetch_data_27_1_ce0       |  out|     1|   ap_memory|                   jcoup_prefetch_data_27_1|         array|
|jcoup_prefetch_data_27_1_q0        |   in|    32|   ap_memory|                   jcoup_prefetch_data_27_1|         array|
|jcoup_prefetch_data_28_1_address0  |  out|     5|   ap_memory|                   jcoup_prefetch_data_28_1|         array|
|jcoup_prefetch_data_28_1_ce0       |  out|     1|   ap_memory|                   jcoup_prefetch_data_28_1|         array|
|jcoup_prefetch_data_28_1_q0        |   in|    32|   ap_memory|                   jcoup_prefetch_data_28_1|         array|
|jcoup_prefetch_data_29_1_address0  |  out|     5|   ap_memory|                   jcoup_prefetch_data_29_1|         array|
|jcoup_prefetch_data_29_1_ce0       |  out|     1|   ap_memory|                   jcoup_prefetch_data_29_1|         array|
|jcoup_prefetch_data_29_1_q0        |   in|    32|   ap_memory|                   jcoup_prefetch_data_29_1|         array|
|jcoup_prefetch_data_30_1_address0  |  out|     5|   ap_memory|                   jcoup_prefetch_data_30_1|         array|
|jcoup_prefetch_data_30_1_ce0       |  out|     1|   ap_memory|                   jcoup_prefetch_data_30_1|         array|
|jcoup_prefetch_data_30_1_q0        |   in|    32|   ap_memory|                   jcoup_prefetch_data_30_1|         array|
|jcoup_prefetch_data_31_1_address0  |  out|     5|   ap_memory|                   jcoup_prefetch_data_31_1|         array|
|jcoup_prefetch_data_31_1_ce0       |  out|     1|   ap_memory|                   jcoup_prefetch_data_31_1|         array|
|jcoup_prefetch_data_31_1_q0        |   in|    32|   ap_memory|                   jcoup_prefetch_data_31_1|         array|
|jcoup_prefetch_data_32_1_address0  |  out|     5|   ap_memory|                   jcoup_prefetch_data_32_1|         array|
|jcoup_prefetch_data_32_1_ce0       |  out|     1|   ap_memory|                   jcoup_prefetch_data_32_1|         array|
|jcoup_prefetch_data_32_1_q0        |   in|    32|   ap_memory|                   jcoup_prefetch_data_32_1|         array|
|jcoup_prefetch_data_33_1_address0  |  out|     5|   ap_memory|                   jcoup_prefetch_data_33_1|         array|
|jcoup_prefetch_data_33_1_ce0       |  out|     1|   ap_memory|                   jcoup_prefetch_data_33_1|         array|
|jcoup_prefetch_data_33_1_q0        |   in|    32|   ap_memory|                   jcoup_prefetch_data_33_1|         array|
|jcoup_prefetch_data_34_1_address0  |  out|     5|   ap_memory|                   jcoup_prefetch_data_34_1|         array|
|jcoup_prefetch_data_34_1_ce0       |  out|     1|   ap_memory|                   jcoup_prefetch_data_34_1|         array|
|jcoup_prefetch_data_34_1_q0        |   in|    32|   ap_memory|                   jcoup_prefetch_data_34_1|         array|
|jcoup_prefetch_data_35_1_address0  |  out|     5|   ap_memory|                   jcoup_prefetch_data_35_1|         array|
|jcoup_prefetch_data_35_1_ce0       |  out|     1|   ap_memory|                   jcoup_prefetch_data_35_1|         array|
|jcoup_prefetch_data_35_1_q0        |   in|    32|   ap_memory|                   jcoup_prefetch_data_35_1|         array|
|jcoup_prefetch_data_36_1_address0  |  out|     5|   ap_memory|                   jcoup_prefetch_data_36_1|         array|
|jcoup_prefetch_data_36_1_ce0       |  out|     1|   ap_memory|                   jcoup_prefetch_data_36_1|         array|
|jcoup_prefetch_data_36_1_q0        |   in|    32|   ap_memory|                   jcoup_prefetch_data_36_1|         array|
|jcoup_prefetch_data_37_1_address0  |  out|     5|   ap_memory|                   jcoup_prefetch_data_37_1|         array|
|jcoup_prefetch_data_37_1_ce0       |  out|     1|   ap_memory|                   jcoup_prefetch_data_37_1|         array|
|jcoup_prefetch_data_37_1_q0        |   in|    32|   ap_memory|                   jcoup_prefetch_data_37_1|         array|
|jcoup_prefetch_data_38_1_address0  |  out|     5|   ap_memory|                   jcoup_prefetch_data_38_1|         array|
|jcoup_prefetch_data_38_1_ce0       |  out|     1|   ap_memory|                   jcoup_prefetch_data_38_1|         array|
|jcoup_prefetch_data_38_1_q0        |   in|    32|   ap_memory|                   jcoup_prefetch_data_38_1|         array|
|jcoup_prefetch_data_39_1_address0  |  out|     5|   ap_memory|                   jcoup_prefetch_data_39_1|         array|
|jcoup_prefetch_data_39_1_ce0       |  out|     1|   ap_memory|                   jcoup_prefetch_data_39_1|         array|
|jcoup_prefetch_data_39_1_q0        |   in|    32|   ap_memory|                   jcoup_prefetch_data_39_1|         array|
|jcoup_prefetch_data_40_1_address0  |  out|     5|   ap_memory|                   jcoup_prefetch_data_40_1|         array|
|jcoup_prefetch_data_40_1_ce0       |  out|     1|   ap_memory|                   jcoup_prefetch_data_40_1|         array|
|jcoup_prefetch_data_40_1_q0        |   in|    32|   ap_memory|                   jcoup_prefetch_data_40_1|         array|
|jcoup_prefetch_data_41_1_address0  |  out|     5|   ap_memory|                   jcoup_prefetch_data_41_1|         array|
|jcoup_prefetch_data_41_1_ce0       |  out|     1|   ap_memory|                   jcoup_prefetch_data_41_1|         array|
|jcoup_prefetch_data_41_1_q0        |   in|    32|   ap_memory|                   jcoup_prefetch_data_41_1|         array|
|jcoup_prefetch_data_42_1_address0  |  out|     5|   ap_memory|                   jcoup_prefetch_data_42_1|         array|
|jcoup_prefetch_data_42_1_ce0       |  out|     1|   ap_memory|                   jcoup_prefetch_data_42_1|         array|
|jcoup_prefetch_data_42_1_q0        |   in|    32|   ap_memory|                   jcoup_prefetch_data_42_1|         array|
|jcoup_prefetch_data_43_1_address0  |  out|     5|   ap_memory|                   jcoup_prefetch_data_43_1|         array|
|jcoup_prefetch_data_43_1_ce0       |  out|     1|   ap_memory|                   jcoup_prefetch_data_43_1|         array|
|jcoup_prefetch_data_43_1_q0        |   in|    32|   ap_memory|                   jcoup_prefetch_data_43_1|         array|
|jcoup_prefetch_data_44_1_address0  |  out|     5|   ap_memory|                   jcoup_prefetch_data_44_1|         array|
|jcoup_prefetch_data_44_1_ce0       |  out|     1|   ap_memory|                   jcoup_prefetch_data_44_1|         array|
|jcoup_prefetch_data_44_1_q0        |   in|    32|   ap_memory|                   jcoup_prefetch_data_44_1|         array|
|jcoup_prefetch_data_45_1_address0  |  out|     5|   ap_memory|                   jcoup_prefetch_data_45_1|         array|
|jcoup_prefetch_data_45_1_ce0       |  out|     1|   ap_memory|                   jcoup_prefetch_data_45_1|         array|
|jcoup_prefetch_data_45_1_q0        |   in|    32|   ap_memory|                   jcoup_prefetch_data_45_1|         array|
|jcoup_prefetch_data_46_1_address0  |  out|     5|   ap_memory|                   jcoup_prefetch_data_46_1|         array|
|jcoup_prefetch_data_46_1_ce0       |  out|     1|   ap_memory|                   jcoup_prefetch_data_46_1|         array|
|jcoup_prefetch_data_46_1_q0        |   in|    32|   ap_memory|                   jcoup_prefetch_data_46_1|         array|
|jcoup_prefetch_data_47_1_address0  |  out|     5|   ap_memory|                   jcoup_prefetch_data_47_1|         array|
|jcoup_prefetch_data_47_1_ce0       |  out|     1|   ap_memory|                   jcoup_prefetch_data_47_1|         array|
|jcoup_prefetch_data_47_1_q0        |   in|    32|   ap_memory|                   jcoup_prefetch_data_47_1|         array|
|jcoup_prefetch_data_48_1_address0  |  out|     5|   ap_memory|                   jcoup_prefetch_data_48_1|         array|
|jcoup_prefetch_data_48_1_ce0       |  out|     1|   ap_memory|                   jcoup_prefetch_data_48_1|         array|
|jcoup_prefetch_data_48_1_q0        |   in|    32|   ap_memory|                   jcoup_prefetch_data_48_1|         array|
|jcoup_prefetch_data_49_1_address0  |  out|     5|   ap_memory|                   jcoup_prefetch_data_49_1|         array|
|jcoup_prefetch_data_49_1_ce0       |  out|     1|   ap_memory|                   jcoup_prefetch_data_49_1|         array|
|jcoup_prefetch_data_49_1_q0        |   in|    32|   ap_memory|                   jcoup_prefetch_data_49_1|         array|
|jcoup_prefetch_data_50_1_address0  |  out|     5|   ap_memory|                   jcoup_prefetch_data_50_1|         array|
|jcoup_prefetch_data_50_1_ce0       |  out|     1|   ap_memory|                   jcoup_prefetch_data_50_1|         array|
|jcoup_prefetch_data_50_1_q0        |   in|    32|   ap_memory|                   jcoup_prefetch_data_50_1|         array|
|jcoup_prefetch_data_51_1_address0  |  out|     5|   ap_memory|                   jcoup_prefetch_data_51_1|         array|
|jcoup_prefetch_data_51_1_ce0       |  out|     1|   ap_memory|                   jcoup_prefetch_data_51_1|         array|
|jcoup_prefetch_data_51_1_q0        |   in|    32|   ap_memory|                   jcoup_prefetch_data_51_1|         array|
|jcoup_prefetch_data_52_1_address0  |  out|     5|   ap_memory|                   jcoup_prefetch_data_52_1|         array|
|jcoup_prefetch_data_52_1_ce0       |  out|     1|   ap_memory|                   jcoup_prefetch_data_52_1|         array|
|jcoup_prefetch_data_52_1_q0        |   in|    32|   ap_memory|                   jcoup_prefetch_data_52_1|         array|
|jcoup_prefetch_data_53_1_address0  |  out|     5|   ap_memory|                   jcoup_prefetch_data_53_1|         array|
|jcoup_prefetch_data_53_1_ce0       |  out|     1|   ap_memory|                   jcoup_prefetch_data_53_1|         array|
|jcoup_prefetch_data_53_1_q0        |   in|    32|   ap_memory|                   jcoup_prefetch_data_53_1|         array|
|jcoup_prefetch_data_54_1_address0  |  out|     5|   ap_memory|                   jcoup_prefetch_data_54_1|         array|
|jcoup_prefetch_data_54_1_ce0       |  out|     1|   ap_memory|                   jcoup_prefetch_data_54_1|         array|
|jcoup_prefetch_data_54_1_q0        |   in|    32|   ap_memory|                   jcoup_prefetch_data_54_1|         array|
|jcoup_prefetch_data_55_1_address0  |  out|     5|   ap_memory|                   jcoup_prefetch_data_55_1|         array|
|jcoup_prefetch_data_55_1_ce0       |  out|     1|   ap_memory|                   jcoup_prefetch_data_55_1|         array|
|jcoup_prefetch_data_55_1_q0        |   in|    32|   ap_memory|                   jcoup_prefetch_data_55_1|         array|
|jcoup_prefetch_data_56_1_address0  |  out|     5|   ap_memory|                   jcoup_prefetch_data_56_1|         array|
|jcoup_prefetch_data_56_1_ce0       |  out|     1|   ap_memory|                   jcoup_prefetch_data_56_1|         array|
|jcoup_prefetch_data_56_1_q0        |   in|    32|   ap_memory|                   jcoup_prefetch_data_56_1|         array|
|jcoup_prefetch_data_57_1_address0  |  out|     5|   ap_memory|                   jcoup_prefetch_data_57_1|         array|
|jcoup_prefetch_data_57_1_ce0       |  out|     1|   ap_memory|                   jcoup_prefetch_data_57_1|         array|
|jcoup_prefetch_data_57_1_q0        |   in|    32|   ap_memory|                   jcoup_prefetch_data_57_1|         array|
|jcoup_prefetch_data_58_1_address0  |  out|     5|   ap_memory|                   jcoup_prefetch_data_58_1|         array|
|jcoup_prefetch_data_58_1_ce0       |  out|     1|   ap_memory|                   jcoup_prefetch_data_58_1|         array|
|jcoup_prefetch_data_58_1_q0        |   in|    32|   ap_memory|                   jcoup_prefetch_data_58_1|         array|
|jcoup_prefetch_data_59_1_address0  |  out|     5|   ap_memory|                   jcoup_prefetch_data_59_1|         array|
|jcoup_prefetch_data_59_1_ce0       |  out|     1|   ap_memory|                   jcoup_prefetch_data_59_1|         array|
|jcoup_prefetch_data_59_1_q0        |   in|    32|   ap_memory|                   jcoup_prefetch_data_59_1|         array|
|jcoup_prefetch_data_60_1_address0  |  out|     5|   ap_memory|                   jcoup_prefetch_data_60_1|         array|
|jcoup_prefetch_data_60_1_ce0       |  out|     1|   ap_memory|                   jcoup_prefetch_data_60_1|         array|
|jcoup_prefetch_data_60_1_q0        |   in|    32|   ap_memory|                   jcoup_prefetch_data_60_1|         array|
|jcoup_prefetch_data_61_1_address0  |  out|     5|   ap_memory|                   jcoup_prefetch_data_61_1|         array|
|jcoup_prefetch_data_61_1_ce0       |  out|     1|   ap_memory|                   jcoup_prefetch_data_61_1|         array|
|jcoup_prefetch_data_61_1_q0        |   in|    32|   ap_memory|                   jcoup_prefetch_data_61_1|         array|
|jcoup_prefetch_data_62_1_address0  |  out|     5|   ap_memory|                   jcoup_prefetch_data_62_1|         array|
|jcoup_prefetch_data_62_1_ce0       |  out|     1|   ap_memory|                   jcoup_prefetch_data_62_1|         array|
|jcoup_prefetch_data_62_1_q0        |   in|    32|   ap_memory|                   jcoup_prefetch_data_62_1|         array|
|jcoup_prefetch_data_63_1_address0  |  out|     5|   ap_memory|                   jcoup_prefetch_data_63_1|         array|
|jcoup_prefetch_data_63_1_ce0       |  out|     1|   ap_memory|                   jcoup_prefetch_data_63_1|         array|
|jcoup_prefetch_data_63_1_q0        |   in|    32|   ap_memory|                   jcoup_prefetch_data_63_1|         array|
+-----------------------------------+-----+------+------------+-------------------------------------------+--------------+

