

================================================================
== Vitis HLS Report for 'QuantumMonteCarloU50_Pipeline_PREFETCH_JCOUP'
================================================================
* Date:           Tue Nov  2 06:34:31 2021

* Version:        2021.1 (Build 3247384 on Thu Jun 10 19:36:33 MDT 2021)
* Project:        SQA-Vitis
* Solution:       solution1 (Vitis Kernel Flow Target)
* Product family: virtexuplus
* Target device:  xcvu35p-fsvh2892-2-e


================================================================
== Performance Estimates
================================================================
+ Timing: 
    * Summary: 
    +--------+---------+----------+------------+
    |  Clock |  Target | Estimated| Uncertainty|
    +--------+---------+----------+------------+
    |ap_clk  |  3.33 ns|  2.433 ns|     0.90 ns|
    +--------+---------+----------+------------+

+ Latency: 
    * Summary: 
    +---------+---------+----------+----------+-----+-----+---------+
    |  Latency (cycles) |  Latency (absolute) |  Interval | Pipeline|
    |   min   |   max   |    min   |    max   | min | max |   Type  |
    +---------+---------+----------+----------+-----+-----+---------+
    |      170|      170|  0.567 us|  0.567 us|  170|  170|       no|
    +---------+---------+----------+----------+-----+-----+---------+

    + Detail: 
        * Instance: 
        N/A

        * Loop: 
        +------------------+---------+---------+----------+-----------+-----------+------+----------+
        |                  |  Latency (cycles) | Iteration|  Initiation Interval  | Trip |          |
        |     Loop Name    |   min   |   max   |  Latency |  achieved |   target  | Count| Pipelined|
        +------------------+---------+---------+----------+-----------+-----------+------+----------+
        |- PREFETCH_JCOUP  |      168|      168|        76|          3|          1|    32|       yes|
        +------------------+---------+---------+----------+-----------+-----------+------+----------+



================================================================
== Utilization Estimates
================================================================
* Summary: 
+---------------------+---------+------+---------+--------+-----+
|         Name        | BRAM_18K|  DSP |    FF   |   LUT  | URAM|
+---------------------+---------+------+---------+--------+-----+
|DSP                  |        -|     -|        -|       -|    -|
|Expression           |        -|     -|        0|    4525|    -|
|FIFO                 |        -|     -|        -|       -|    -|
|Instance             |        -|     -|        -|       -|    -|
|Memory               |        -|     -|        -|       -|    -|
|Multiplexer          |        -|     -|        -|     344|    -|
|Register             |        -|     -|    55635|      64|    -|
+---------------------+---------+------+---------+--------+-----+
|Total                |        0|     0|    55635|    4933|    0|
+---------------------+---------+------+---------+--------+-----+
|Available SLR        |     1344|  2976|   871680|  435840|  320|
+---------------------+---------+------+---------+--------+-----+
|Utilization SLR (%)  |        0|     0|        6|       1|    0|
+---------------------+---------+------+---------+--------+-----+
|Available            |     2688|  5952|  1743360|  871680|  640|
+---------------------+---------+------+---------+--------+-----+
|Utilization (%)      |        0|     0|        3|      ~0|    0|
+---------------------+---------+------+---------+--------+-----+

+ Detail: 
    * Instance: 
    N/A

    * DSP: 
    N/A

    * Memory: 
    N/A

    * FIFO: 
    N/A

    * Expression: 
    +------------------------------------+----------+----+---+------+------------+------------+
    |            Variable Name           | Operation| DSP| FF|  LUT | Bitwidth P0| Bitwidth P1|
    +------------------------------------+----------+----+---+------+------------+------------+
    |add_ln267_fu_2382_p2                |         +|   0|  0|    13|           6|           1|
    |add_ln269_fu_2404_p2                |         +|   0|  0|    71|          64|          64|
    |add_ln270_fu_2420_p2                |         +|   0|  0|    71|          64|          64|
    |ap_block_pp0_stage0_11001           |       and|   0|  0|     2|           1|           1|
    |ap_block_pp0_stage2_11001           |       and|   0|  0|     2|           1|           1|
    |ap_predicate_op259_read_state74     |       and|   0|  0|     2|           1|           1|
    |ap_predicate_op261_read_state74     |       and|   0|  0|     2|           1|           1|
    |icmp_ln267_fu_2376_p2               |      icmp|   0|  0|    10|           6|           7|
    |lshr_ln269_fu_2536_p2               |      lshr|   0|  0|  2171|        3072|        3072|
    |lshr_ln270_fu_3503_p2               |      lshr|   0|  0|  2171|        3072|        3072|
    |ap_block_pp0_stage1_11001           |        or|   0|  0|     2|           1|           1|
    |ap_block_state2_io                  |        or|   0|  0|     2|           1|           1|
    |ap_block_state72_pp0_stage2_iter23  |        or|   0|  0|     2|           1|           1|
    |ap_block_state74_pp0_stage1_iter24  |        or|   0|  0|     2|           1|           1|
    |ap_enable_pp0                       |       xor|   0|  0|     2|           1|           2|
    +------------------------------------+----------+----+---+------+------------+------------+
    |Total                               |          |   0|  0|  4525|        6293|        6290|
    +------------------------------------+----------+----+---+------+------------+------------+

    * Multiplexer: 
    +------------------------------------------+----+-----------+------+-----------+
    |                   Name                   | LUT| Input Size| Bits | Total Bits|
    +------------------------------------------+----+-----------+------+-----------+
    |ap_NS_fsm                                 |  20|          4|     1|          4|
    |ap_done_int                               |   9|          2|     1|          2|
    |ap_enable_reg_pp0_iter0                   |   9|          2|     1|          2|
    |ap_enable_reg_pp0_iter1                   |   9|          2|     1|          2|
    |ap_enable_reg_pp0_iter25                  |   9|          2|     1|          2|
    |ap_loop_exit_ready_pp0_iter10_reg         |   9|          2|     1|          2|
    |ap_loop_exit_ready_pp0_iter11_reg         |   9|          2|     1|          2|
    |ap_loop_exit_ready_pp0_iter12_reg         |   9|          2|     1|          2|
    |ap_loop_exit_ready_pp0_iter13_reg         |   9|          2|     1|          2|
    |ap_loop_exit_ready_pp0_iter14_reg         |   9|          2|     1|          2|
    |ap_loop_exit_ready_pp0_iter15_reg         |   9|          2|     1|          2|
    |ap_loop_exit_ready_pp0_iter16_reg         |   9|          2|     1|          2|
    |ap_loop_exit_ready_pp0_iter17_reg         |   9|          2|     1|          2|
    |ap_loop_exit_ready_pp0_iter18_reg         |   9|          2|     1|          2|
    |ap_loop_exit_ready_pp0_iter19_reg         |   9|          2|     1|          2|
    |ap_loop_exit_ready_pp0_iter1_reg          |   9|          2|     1|          2|
    |ap_loop_exit_ready_pp0_iter20_reg         |   9|          2|     1|          2|
    |ap_loop_exit_ready_pp0_iter21_reg         |   9|          2|     1|          2|
    |ap_loop_exit_ready_pp0_iter22_reg         |   9|          2|     1|          2|
    |ap_loop_exit_ready_pp0_iter23_reg         |   9|          2|     1|          2|
    |ap_loop_exit_ready_pp0_iter24_reg         |   9|          2|     1|          2|
    |ap_loop_exit_ready_pp0_iter2_reg          |   9|          2|     1|          2|
    |ap_loop_exit_ready_pp0_iter3_reg          |   9|          2|     1|          2|
    |ap_loop_exit_ready_pp0_iter4_reg          |   9|          2|     1|          2|
    |ap_loop_exit_ready_pp0_iter5_reg          |   9|          2|     1|          2|
    |ap_loop_exit_ready_pp0_iter6_reg          |   9|          2|     1|          2|
    |ap_loop_exit_ready_pp0_iter7_reg          |   9|          2|     1|          2|
    |ap_loop_exit_ready_pp0_iter8_reg          |   9|          2|     1|          2|
    |ap_loop_exit_ready_pp0_iter9_reg          |   9|          2|     1|          2|
    |ap_phi_reg_pp0_iter24_empty_477_reg_2341  |   9|          2|  1024|       2048|
    |ap_phi_reg_pp0_iter24_empty_478_reg_2330  |   9|          2|  1024|       2048|
    |ap_sig_allocacmp_ofst_4                   |   9|          2|     6|         12|
    |gmem1_blk_n_AR                            |   9|          2|     1|          2|
    |gmem1_blk_n_R                             |   9|          2|     1|          2|
    |gmem2_blk_n_AR                            |   9|          2|     1|          2|
    |gmem2_blk_n_R                             |   9|          2|     1|          2|
    |ofst_fu_592                               |   9|          2|     6|         12|
    +------------------------------------------+----+-----------+------+-----------+
    |Total                                     | 344|         76|  2093|       4188|
    +------------------------------------------+----+-----------+------+-----------+

    * Register: 
    +------------------------------------------+------+----+------+-----------+
    |                   Name                   |  FF  | LUT| Bits | Const Bits|
    +------------------------------------------+------+----+------+-----------+
    |ap_CS_fsm                                 |     3|   0|     3|          0|
    |ap_done_reg                               |     1|   0|     1|          0|
    |ap_enable_reg_pp0_iter0_reg               |     1|   0|     1|          0|
    |ap_enable_reg_pp0_iter1                   |     1|   0|     1|          0|
    |ap_enable_reg_pp0_iter10                  |     1|   0|     1|          0|
    |ap_enable_reg_pp0_iter11                  |     1|   0|     1|          0|
    |ap_enable_reg_pp0_iter12                  |     1|   0|     1|          0|
    |ap_enable_reg_pp0_iter13                  |     1|   0|     1|          0|
    |ap_enable_reg_pp0_iter14                  |     1|   0|     1|          0|
    |ap_enable_reg_pp0_iter15                  |     1|   0|     1|          0|
    |ap_enable_reg_pp0_iter16                  |     1|   0|     1|          0|
    |ap_enable_reg_pp0_iter17                  |     1|   0|     1|          0|
    |ap_enable_reg_pp0_iter18                  |     1|   0|     1|          0|
    |ap_enable_reg_pp0_iter19                  |     1|   0|     1|          0|
    |ap_enable_reg_pp0_iter2                   |     1|   0|     1|          0|
    |ap_enable_reg_pp0_iter20                  |     1|   0|     1|          0|
    |ap_enable_reg_pp0_iter21                  |     1|   0|     1|          0|
    |ap_enable_reg_pp0_iter22                  |     1|   0|     1|          0|
    |ap_enable_reg_pp0_iter23                  |     1|   0|     1|          0|
    |ap_enable_reg_pp0_iter24                  |     1|   0|     1|          0|
    |ap_enable_reg_pp0_iter25                  |     1|   0|     1|          0|
    |ap_enable_reg_pp0_iter3                   |     1|   0|     1|          0|
    |ap_enable_reg_pp0_iter4                   |     1|   0|     1|          0|
    |ap_enable_reg_pp0_iter5                   |     1|   0|     1|          0|
    |ap_enable_reg_pp0_iter6                   |     1|   0|     1|          0|
    |ap_enable_reg_pp0_iter7                   |     1|   0|     1|          0|
    |ap_enable_reg_pp0_iter8                   |     1|   0|     1|          0|
    |ap_enable_reg_pp0_iter9                   |     1|   0|     1|          0|
    |ap_loop_exit_ready_pp0_iter10_reg         |     1|   0|     1|          0|
    |ap_loop_exit_ready_pp0_iter11_reg         |     1|   0|     1|          0|
    |ap_loop_exit_ready_pp0_iter12_reg         |     1|   0|     1|          0|
    |ap_loop_exit_ready_pp0_iter13_reg         |     1|   0|     1|          0|
    |ap_loop_exit_ready_pp0_iter14_reg         |     1|   0|     1|          0|
    |ap_loop_exit_ready_pp0_iter15_reg         |     1|   0|     1|          0|
    |ap_loop_exit_ready_pp0_iter16_reg         |     1|   0|     1|          0|
    |ap_loop_exit_ready_pp0_iter17_reg         |     1|   0|     1|          0|
    |ap_loop_exit_ready_pp0_iter18_reg         |     1|   0|     1|          0|
    |ap_loop_exit_ready_pp0_iter19_reg         |     1|   0|     1|          0|
    |ap_loop_exit_ready_pp0_iter1_reg          |     1|   0|     1|          0|
    |ap_loop_exit_ready_pp0_iter20_reg         |     1|   0|     1|          0|
    |ap_loop_exit_ready_pp0_iter21_reg         |     1|   0|     1|          0|
    |ap_loop_exit_ready_pp0_iter22_reg         |     1|   0|     1|          0|
    |ap_loop_exit_ready_pp0_iter23_reg         |     1|   0|     1|          0|
    |ap_loop_exit_ready_pp0_iter24_reg         |     1|   0|     1|          0|
    |ap_loop_exit_ready_pp0_iter2_reg          |     1|   0|     1|          0|
    |ap_loop_exit_ready_pp0_iter3_reg          |     1|   0|     1|          0|
    |ap_loop_exit_ready_pp0_iter4_reg          |     1|   0|     1|          0|
    |ap_loop_exit_ready_pp0_iter5_reg          |     1|   0|     1|          0|
    |ap_loop_exit_ready_pp0_iter6_reg          |     1|   0|     1|          0|
    |ap_loop_exit_ready_pp0_iter7_reg          |     1|   0|     1|          0|
    |ap_loop_exit_ready_pp0_iter8_reg          |     1|   0|     1|          0|
    |ap_loop_exit_ready_pp0_iter9_reg          |     1|   0|     1|          0|
    |ap_phi_reg_pp0_iter10_empty_477_reg_2341  |  1024|   0|  1024|          0|
    |ap_phi_reg_pp0_iter10_empty_478_reg_2330  |  1024|   0|  1024|          0|
    |ap_phi_reg_pp0_iter11_empty_477_reg_2341  |  1024|   0|  1024|          0|
    |ap_phi_reg_pp0_iter11_empty_478_reg_2330  |  1024|   0|  1024|          0|
    |ap_phi_reg_pp0_iter12_empty_477_reg_2341  |  1024|   0|  1024|          0|
    |ap_phi_reg_pp0_iter12_empty_478_reg_2330  |  1024|   0|  1024|          0|
    |ap_phi_reg_pp0_iter13_empty_477_reg_2341  |  1024|   0|  1024|          0|
    |ap_phi_reg_pp0_iter13_empty_478_reg_2330  |  1024|   0|  1024|          0|
    |ap_phi_reg_pp0_iter14_empty_477_reg_2341  |  1024|   0|  1024|          0|
    |ap_phi_reg_pp0_iter14_empty_478_reg_2330  |  1024|   0|  1024|          0|
    |ap_phi_reg_pp0_iter15_empty_477_reg_2341  |  1024|   0|  1024|          0|
    |ap_phi_reg_pp0_iter15_empty_478_reg_2330  |  1024|   0|  1024|          0|
    |ap_phi_reg_pp0_iter16_empty_477_reg_2341  |  1024|   0|  1024|          0|
    |ap_phi_reg_pp0_iter16_empty_478_reg_2330  |  1024|   0|  1024|          0|
    |ap_phi_reg_pp0_iter17_empty_477_reg_2341  |  1024|   0|  1024|          0|
    |ap_phi_reg_pp0_iter17_empty_478_reg_2330  |  1024|   0|  1024|          0|
    |ap_phi_reg_pp0_iter18_empty_477_reg_2341  |  1024|   0|  1024|          0|
    |ap_phi_reg_pp0_iter18_empty_478_reg_2330  |  1024|   0|  1024|          0|
    |ap_phi_reg_pp0_iter19_empty_477_reg_2341  |  1024|   0|  1024|          0|
    |ap_phi_reg_pp0_iter19_empty_478_reg_2330  |  1024|   0|  1024|          0|
    |ap_phi_reg_pp0_iter1_empty_477_reg_2341   |  1024|   0|  1024|          0|
    |ap_phi_reg_pp0_iter1_empty_478_reg_2330   |  1024|   0|  1024|          0|
    |ap_phi_reg_pp0_iter20_empty_477_reg_2341  |  1024|   0|  1024|          0|
    |ap_phi_reg_pp0_iter20_empty_478_reg_2330  |  1024|   0|  1024|          0|
    |ap_phi_reg_pp0_iter21_empty_477_reg_2341  |  1024|   0|  1024|          0|
    |ap_phi_reg_pp0_iter21_empty_478_reg_2330  |  1024|   0|  1024|          0|
    |ap_phi_reg_pp0_iter22_empty_477_reg_2341  |  1024|   0|  1024|          0|
    |ap_phi_reg_pp0_iter22_empty_478_reg_2330  |  1024|   0|  1024|          0|
    |ap_phi_reg_pp0_iter23_empty_477_reg_2341  |  1024|   0|  1024|          0|
    |ap_phi_reg_pp0_iter23_empty_478_reg_2330  |  1024|   0|  1024|          0|
    |ap_phi_reg_pp0_iter24_empty_477_reg_2341  |  1024|   0|  1024|          0|
    |ap_phi_reg_pp0_iter24_empty_478_reg_2330  |  1024|   0|  1024|          0|
    |ap_phi_reg_pp0_iter25_empty_477_reg_2341  |  1024|   0|  1024|          0|
    |ap_phi_reg_pp0_iter2_empty_477_reg_2341   |  1024|   0|  1024|          0|
    |ap_phi_reg_pp0_iter2_empty_478_reg_2330   |  1024|   0|  1024|          0|
    |ap_phi_reg_pp0_iter3_empty_477_reg_2341   |  1024|   0|  1024|          0|
    |ap_phi_reg_pp0_iter3_empty_478_reg_2330   |  1024|   0|  1024|          0|
    |ap_phi_reg_pp0_iter4_empty_477_reg_2341   |  1024|   0|  1024|          0|
    |ap_phi_reg_pp0_iter4_empty_478_reg_2330   |  1024|   0|  1024|          0|
    |ap_phi_reg_pp0_iter5_empty_477_reg_2341   |  1024|   0|  1024|          0|
    |ap_phi_reg_pp0_iter5_empty_478_reg_2330   |  1024|   0|  1024|          0|
    |ap_phi_reg_pp0_iter6_empty_477_reg_2341   |  1024|   0|  1024|          0|
    |ap_phi_reg_pp0_iter6_empty_478_reg_2330   |  1024|   0|  1024|          0|
    |ap_phi_reg_pp0_iter7_empty_477_reg_2341   |  1024|   0|  1024|          0|
    |ap_phi_reg_pp0_iter7_empty_478_reg_2330   |  1024|   0|  1024|          0|
    |ap_phi_reg_pp0_iter8_empty_477_reg_2341   |  1024|   0|  1024|          0|
    |ap_phi_reg_pp0_iter8_empty_478_reg_2330   |  1024|   0|  1024|          0|
    |ap_phi_reg_pp0_iter9_empty_477_reg_2341   |  1024|   0|  1024|          0|
    |ap_phi_reg_pp0_iter9_empty_478_reg_2330   |  1024|   0|  1024|          0|
    |gmem1_addr_read_1_reg_4538                |  1024|   0|  1024|          0|
    |gmem1_addr_read_reg_4528                  |  1024|   0|  1024|          0|
    |gmem2_addr_read_1_reg_4543                |  1024|   0|  1024|          0|
    |gmem2_addr_read_reg_4533                  |  1024|   0|  1024|          0|
    |gmem2_addr_read_reg_4533_pp0_iter24_reg   |  1024|   0|  1024|          0|
    |icmp_ln267_reg_4502                       |     1|   0|     1|          0|
    |ofst_4_reg_4497                           |     6|   0|     6|          0|
    |ofst_fu_592                               |     6|   0|     6|          0|
    |select_ln269_cast_reg_4477                |     2|   0|    32|         30|
    |select_ln270_cast_reg_4482                |     2|   0|    32|         30|
    |trunc_ln269_s_reg_4506                    |    57|   0|    57|          0|
    |trunc_ln270_s_reg_4511                    |    57|   0|    57|          0|
    |zext_ln267_1_reg_4558                     |     6|   0|    64|         58|
    |zext_ln267_cast_reg_4492                  |    10|   0|  3072|       3062|
    |zext_ln270_cast_reg_4487                  |    10|   0|  3072|       3062|
    |icmp_ln267_reg_4502                       |    64|  32|     1|          0|
    |ofst_4_reg_4497                           |    64|  32|     6|          0|
    +------------------------------------------+------+----+------+-----------+
    |Total                                     | 55635|  64| 61756|       6242|
    +------------------------------------------+------+----+------+-----------+



================================================================
== Interface
================================================================
* Summary: 
+-----------------------------------+-----+------+------------+----------------------------------------------+--------------+
|             RTL Ports             | Dir | Bits |  Protocol  |                 Source Object                |    C Type    |
+-----------------------------------+-----+------+------------+----------------------------------------------+--------------+
|ap_clk                             |   in|     1|  ap_ctrl_hs|  QuantumMonteCarloU50_Pipeline_PREFETCH_JCOUP|  return value|
|ap_rst                             |   in|     1|  ap_ctrl_hs|  QuantumMonteCarloU50_Pipeline_PREFETCH_JCOUP|  return value|
|ap_start                           |   in|     1|  ap_ctrl_hs|  QuantumMonteCarloU50_Pipeline_PREFETCH_JCOUP|  return value|
|ap_done                            |  out|     1|  ap_ctrl_hs|  QuantumMonteCarloU50_Pipeline_PREFETCH_JCOUP|  return value|
|ap_idle                            |  out|     1|  ap_ctrl_hs|  QuantumMonteCarloU50_Pipeline_PREFETCH_JCOUP|  return value|
|ap_ready                           |  out|     1|  ap_ctrl_hs|  QuantumMonteCarloU50_Pipeline_PREFETCH_JCOUP|  return value|
|m_axi_gmem1_AWVALID                |  out|     1|       m_axi|                                         gmem1|       pointer|
|m_axi_gmem1_AWREADY                |   in|     1|       m_axi|                                         gmem1|       pointer|
|m_axi_gmem1_AWADDR                 |  out|    64|       m_axi|                                         gmem1|       pointer|
|m_axi_gmem1_AWID                   |  out|     1|       m_axi|                                         gmem1|       pointer|
|m_axi_gmem1_AWLEN                  |  out|    32|       m_axi|                                         gmem1|       pointer|
|m_axi_gmem1_AWSIZE                 |  out|     3|       m_axi|                                         gmem1|       pointer|
|m_axi_gmem1_AWBURST                |  out|     2|       m_axi|                                         gmem1|       pointer|
|m_axi_gmem1_AWLOCK                 |  out|     2|       m_axi|                                         gmem1|       pointer|
|m_axi_gmem1_AWCACHE                |  out|     4|       m_axi|                                         gmem1|       pointer|
|m_axi_gmem1_AWPROT                 |  out|     3|       m_axi|                                         gmem1|       pointer|
|m_axi_gmem1_AWQOS                  |  out|     4|       m_axi|                                         gmem1|       pointer|
|m_axi_gmem1_AWREGION               |  out|     4|       m_axi|                                         gmem1|       pointer|
|m_axi_gmem1_AWUSER                 |  out|     1|       m_axi|                                         gmem1|       pointer|
|m_axi_gmem1_WVALID                 |  out|     1|       m_axi|                                         gmem1|       pointer|
|m_axi_gmem1_WREADY                 |   in|     1|       m_axi|                                         gmem1|       pointer|
|m_axi_gmem1_WDATA                  |  out|  1024|       m_axi|                                         gmem1|       pointer|
|m_axi_gmem1_WSTRB                  |  out|   128|       m_axi|                                         gmem1|       pointer|
|m_axi_gmem1_WLAST                  |  out|     1|       m_axi|                                         gmem1|       pointer|
|m_axi_gmem1_WID                    |  out|     1|       m_axi|                                         gmem1|       pointer|
|m_axi_gmem1_WUSER                  |  out|     1|       m_axi|                                         gmem1|       pointer|
|m_axi_gmem1_ARVALID                |  out|     1|       m_axi|                                         gmem1|       pointer|
|m_axi_gmem1_ARREADY                |   in|     1|       m_axi|                                         gmem1|       pointer|
|m_axi_gmem1_ARADDR                 |  out|    64|       m_axi|                                         gmem1|       pointer|
|m_axi_gmem1_ARID                   |  out|     1|       m_axi|                                         gmem1|       pointer|
|m_axi_gmem1_ARLEN                  |  out|    32|       m_axi|                                         gmem1|       pointer|
|m_axi_gmem1_ARSIZE                 |  out|     3|       m_axi|                                         gmem1|       pointer|
|m_axi_gmem1_ARBURST                |  out|     2|       m_axi|                                         gmem1|       pointer|
|m_axi_gmem1_ARLOCK                 |  out|     2|       m_axi|                                         gmem1|       pointer|
|m_axi_gmem1_ARCACHE                |  out|     4|       m_axi|                                         gmem1|       pointer|
|m_axi_gmem1_ARPROT                 |  out|     3|       m_axi|                                         gmem1|       pointer|
|m_axi_gmem1_ARQOS                  |  out|     4|       m_axi|                                         gmem1|       pointer|
|m_axi_gmem1_ARREGION               |  out|     4|       m_axi|                                         gmem1|       pointer|
|m_axi_gmem1_ARUSER                 |  out|     1|       m_axi|                                         gmem1|       pointer|
|m_axi_gmem1_RVALID                 |   in|     1|       m_axi|                                         gmem1|       pointer|
|m_axi_gmem1_RREADY                 |  out|     1|       m_axi|                                         gmem1|       pointer|
|m_axi_gmem1_RDATA                  |   in|  1024|       m_axi|                                         gmem1|       pointer|
|m_axi_gmem1_RLAST                  |   in|     1|       m_axi|                                         gmem1|       pointer|
|m_axi_gmem1_RID                    |   in|     1|       m_axi|                                         gmem1|       pointer|
|m_axi_gmem1_RUSER                  |   in|     1|       m_axi|                                         gmem1|       pointer|
|m_axi_gmem1_RRESP                  |   in|     2|       m_axi|                                         gmem1|       pointer|
|m_axi_gmem1_BVALID                 |   in|     1|       m_axi|                                         gmem1|       pointer|
|m_axi_gmem1_BREADY                 |  out|     1|       m_axi|                                         gmem1|       pointer|
|m_axi_gmem1_BRESP                  |   in|     2|       m_axi|                                         gmem1|       pointer|
|m_axi_gmem1_BID                    |   in|     1|       m_axi|                                         gmem1|       pointer|
|m_axi_gmem1_BUSER                  |   in|     1|       m_axi|                                         gmem1|       pointer|
|m_axi_gmem2_AWVALID                |  out|     1|       m_axi|                                         gmem2|       pointer|
|m_axi_gmem2_AWREADY                |   in|     1|       m_axi|                                         gmem2|       pointer|
|m_axi_gmem2_AWADDR                 |  out|    64|       m_axi|                                         gmem2|       pointer|
|m_axi_gmem2_AWID                   |  out|     1|       m_axi|                                         gmem2|       pointer|
|m_axi_gmem2_AWLEN                  |  out|    32|       m_axi|                                         gmem2|       pointer|
|m_axi_gmem2_AWSIZE                 |  out|     3|       m_axi|                                         gmem2|       pointer|
|m_axi_gmem2_AWBURST                |  out|     2|       m_axi|                                         gmem2|       pointer|
|m_axi_gmem2_AWLOCK                 |  out|     2|       m_axi|                                         gmem2|       pointer|
|m_axi_gmem2_AWCACHE                |  out|     4|       m_axi|                                         gmem2|       pointer|
|m_axi_gmem2_AWPROT                 |  out|     3|       m_axi|                                         gmem2|       pointer|
|m_axi_gmem2_AWQOS                  |  out|     4|       m_axi|                                         gmem2|       pointer|
|m_axi_gmem2_AWREGION               |  out|     4|       m_axi|                                         gmem2|       pointer|
|m_axi_gmem2_AWUSER                 |  out|     1|       m_axi|                                         gmem2|       pointer|
|m_axi_gmem2_WVALID                 |  out|     1|       m_axi|                                         gmem2|       pointer|
|m_axi_gmem2_WREADY                 |   in|     1|       m_axi|                                         gmem2|       pointer|
|m_axi_gmem2_WDATA                  |  out|  1024|       m_axi|                                         gmem2|       pointer|
|m_axi_gmem2_WSTRB                  |  out|   128|       m_axi|                                         gmem2|       pointer|
|m_axi_gmem2_WLAST                  |  out|     1|       m_axi|                                         gmem2|       pointer|
|m_axi_gmem2_WID                    |  out|     1|       m_axi|                                         gmem2|       pointer|
|m_axi_gmem2_WUSER                  |  out|     1|       m_axi|                                         gmem2|       pointer|
|m_axi_gmem2_ARVALID                |  out|     1|       m_axi|                                         gmem2|       pointer|
|m_axi_gmem2_ARREADY                |   in|     1|       m_axi|                                         gmem2|       pointer|
|m_axi_gmem2_ARADDR                 |  out|    64|       m_axi|                                         gmem2|       pointer|
|m_axi_gmem2_ARID                   |  out|     1|       m_axi|                                         gmem2|       pointer|
|m_axi_gmem2_ARLEN                  |  out|    32|       m_axi|                                         gmem2|       pointer|
|m_axi_gmem2_ARSIZE                 |  out|     3|       m_axi|                                         gmem2|       pointer|
|m_axi_gmem2_ARBURST                |  out|     2|       m_axi|                                         gmem2|       pointer|
|m_axi_gmem2_ARLOCK                 |  out|     2|       m_axi|                                         gmem2|       pointer|
|m_axi_gmem2_ARCACHE                |  out|     4|       m_axi|                                         gmem2|       pointer|
|m_axi_gmem2_ARPROT                 |  out|     3|       m_axi|                                         gmem2|       pointer|
|m_axi_gmem2_ARQOS                  |  out|     4|       m_axi|                                         gmem2|       pointer|
|m_axi_gmem2_ARREGION               |  out|     4|       m_axi|                                         gmem2|       pointer|
|m_axi_gmem2_ARUSER                 |  out|     1|       m_axi|                                         gmem2|       pointer|
|m_axi_gmem2_RVALID                 |   in|     1|       m_axi|                                         gmem2|       pointer|
|m_axi_gmem2_RREADY                 |  out|     1|       m_axi|                                         gmem2|       pointer|
|m_axi_gmem2_RDATA                  |   in|  1024|       m_axi|                                         gmem2|       pointer|
|m_axi_gmem2_RLAST                  |   in|     1|       m_axi|                                         gmem2|       pointer|
|m_axi_gmem2_RID                    |   in|     1|       m_axi|                                         gmem2|       pointer|
|m_axi_gmem2_RUSER                  |   in|     1|       m_axi|                                         gmem2|       pointer|
|m_axi_gmem2_RRESP                  |   in|     2|       m_axi|                                         gmem2|       pointer|
|m_axi_gmem2_BVALID                 |   in|     1|       m_axi|                                         gmem2|       pointer|
|m_axi_gmem2_BREADY                 |  out|     1|       m_axi|                                         gmem2|       pointer|
|m_axi_gmem2_BRESP                  |   in|     2|       m_axi|                                         gmem2|       pointer|
|m_axi_gmem2_BID                    |   in|     1|       m_axi|                                         gmem2|       pointer|
|m_axi_gmem2_BUSER                  |   in|     1|       m_axi|                                         gmem2|       pointer|
|zext_ln267                         |   in|    10|     ap_none|                                    zext_ln267|        scalar|
|jcoup_prefetch_data_0_1_address0   |  out|     5|   ap_memory|                       jcoup_prefetch_data_0_1|         array|
|jcoup_prefetch_data_0_1_ce0        |  out|     1|   ap_memory|                       jcoup_prefetch_data_0_1|         array|
|jcoup_prefetch_data_0_1_we0        |  out|     1|   ap_memory|                       jcoup_prefetch_data_0_1|         array|
|jcoup_prefetch_data_0_1_d0         |  out|    32|   ap_memory|                       jcoup_prefetch_data_0_1|         array|
|jcoup_prefetch_data_1_1_address0   |  out|     5|   ap_memory|                       jcoup_prefetch_data_1_1|         array|
|jcoup_prefetch_data_1_1_ce0        |  out|     1|   ap_memory|                       jcoup_prefetch_data_1_1|         array|
|jcoup_prefetch_data_1_1_we0        |  out|     1|   ap_memory|                       jcoup_prefetch_data_1_1|         array|
|jcoup_prefetch_data_1_1_d0         |  out|    32|   ap_memory|                       jcoup_prefetch_data_1_1|         array|
|jcoup_prefetch_data_2_1_address0   |  out|     5|   ap_memory|                       jcoup_prefetch_data_2_1|         array|
|jcoup_prefetch_data_2_1_ce0        |  out|     1|   ap_memory|                       jcoup_prefetch_data_2_1|         array|
|jcoup_prefetch_data_2_1_we0        |  out|     1|   ap_memory|                       jcoup_prefetch_data_2_1|         array|
|jcoup_prefetch_data_2_1_d0         |  out|    32|   ap_memory|                       jcoup_prefetch_data_2_1|         array|
|jcoup_prefetch_data_3_1_address0   |  out|     5|   ap_memory|                       jcoup_prefetch_data_3_1|         array|
|jcoup_prefetch_data_3_1_ce0        |  out|     1|   ap_memory|                       jcoup_prefetch_data_3_1|         array|
|jcoup_prefetch_data_3_1_we0        |  out|     1|   ap_memory|                       jcoup_prefetch_data_3_1|         array|
|jcoup_prefetch_data_3_1_d0         |  out|    32|   ap_memory|                       jcoup_prefetch_data_3_1|         array|
|jcoup_prefetch_data_4_1_address0   |  out|     5|   ap_memory|                       jcoup_prefetch_data_4_1|         array|
|jcoup_prefetch_data_4_1_ce0        |  out|     1|   ap_memory|                       jcoup_prefetch_data_4_1|         array|
|jcoup_prefetch_data_4_1_we0        |  out|     1|   ap_memory|                       jcoup_prefetch_data_4_1|         array|
|jcoup_prefetch_data_4_1_d0         |  out|    32|   ap_memory|                       jcoup_prefetch_data_4_1|         array|
|jcoup_prefetch_data_5_1_address0   |  out|     5|   ap_memory|                       jcoup_prefetch_data_5_1|         array|
|jcoup_prefetch_data_5_1_ce0        |  out|     1|   ap_memory|                       jcoup_prefetch_data_5_1|         array|
|jcoup_prefetch_data_5_1_we0        |  out|     1|   ap_memory|                       jcoup_prefetch_data_5_1|         array|
|jcoup_prefetch_data_5_1_d0         |  out|    32|   ap_memory|                       jcoup_prefetch_data_5_1|         array|
|jcoup_prefetch_data_6_1_address0   |  out|     5|   ap_memory|                       jcoup_prefetch_data_6_1|         array|
|jcoup_prefetch_data_6_1_ce0        |  out|     1|   ap_memory|                       jcoup_prefetch_data_6_1|         array|
|jcoup_prefetch_data_6_1_we0        |  out|     1|   ap_memory|                       jcoup_prefetch_data_6_1|         array|
|jcoup_prefetch_data_6_1_d0         |  out|    32|   ap_memory|                       jcoup_prefetch_data_6_1|         array|
|jcoup_prefetch_data_7_1_address0   |  out|     5|   ap_memory|                       jcoup_prefetch_data_7_1|         array|
|jcoup_prefetch_data_7_1_ce0        |  out|     1|   ap_memory|                       jcoup_prefetch_data_7_1|         array|
|jcoup_prefetch_data_7_1_we0        |  out|     1|   ap_memory|                       jcoup_prefetch_data_7_1|         array|
|jcoup_prefetch_data_7_1_d0         |  out|    32|   ap_memory|                       jcoup_prefetch_data_7_1|         array|
|jcoup_prefetch_data_8_1_address0   |  out|     5|   ap_memory|                       jcoup_prefetch_data_8_1|         array|
|jcoup_prefetch_data_8_1_ce0        |  out|     1|   ap_memory|                       jcoup_prefetch_data_8_1|         array|
|jcoup_prefetch_data_8_1_we0        |  out|     1|   ap_memory|                       jcoup_prefetch_data_8_1|         array|
|jcoup_prefetch_data_8_1_d0         |  out|    32|   ap_memory|                       jcoup_prefetch_data_8_1|         array|
|jcoup_prefetch_data_9_1_address0   |  out|     5|   ap_memory|                       jcoup_prefetch_data_9_1|         array|
|jcoup_prefetch_data_9_1_ce0        |  out|     1|   ap_memory|                       jcoup_prefetch_data_9_1|         array|
|jcoup_prefetch_data_9_1_we0        |  out|     1|   ap_memory|                       jcoup_prefetch_data_9_1|         array|
|jcoup_prefetch_data_9_1_d0         |  out|    32|   ap_memory|                       jcoup_prefetch_data_9_1|         array|
|jcoup_prefetch_data_10_1_address0  |  out|     5|   ap_memory|                      jcoup_prefetch_data_10_1|         array|
|jcoup_prefetch_data_10_1_ce0       |  out|     1|   ap_memory|                      jcoup_prefetch_data_10_1|         array|
|jcoup_prefetch_data_10_1_we0       |  out|     1|   ap_memory|                      jcoup_prefetch_data_10_1|         array|
|jcoup_prefetch_data_10_1_d0        |  out|    32|   ap_memory|                      jcoup_prefetch_data_10_1|         array|
|jcoup_prefetch_data_11_1_address0  |  out|     5|   ap_memory|                      jcoup_prefetch_data_11_1|         array|
|jcoup_prefetch_data_11_1_ce0       |  out|     1|   ap_memory|                      jcoup_prefetch_data_11_1|         array|
|jcoup_prefetch_data_11_1_we0       |  out|     1|   ap_memory|                      jcoup_prefetch_data_11_1|         array|
|jcoup_prefetch_data_11_1_d0        |  out|    32|   ap_memory|                      jcoup_prefetch_data_11_1|         array|
|jcoup_prefetch_data_12_1_address0  |  out|     5|   ap_memory|                      jcoup_prefetch_data_12_1|         array|
|jcoup_prefetch_data_12_1_ce0       |  out|     1|   ap_memory|                      jcoup_prefetch_data_12_1|         array|
|jcoup_prefetch_data_12_1_we0       |  out|     1|   ap_memory|                      jcoup_prefetch_data_12_1|         array|
|jcoup_prefetch_data_12_1_d0        |  out|    32|   ap_memory|                      jcoup_prefetch_data_12_1|         array|
|jcoup_prefetch_data_13_1_address0  |  out|     5|   ap_memory|                      jcoup_prefetch_data_13_1|         array|
|jcoup_prefetch_data_13_1_ce0       |  out|     1|   ap_memory|                      jcoup_prefetch_data_13_1|         array|
|jcoup_prefetch_data_13_1_we0       |  out|     1|   ap_memory|                      jcoup_prefetch_data_13_1|         array|
|jcoup_prefetch_data_13_1_d0        |  out|    32|   ap_memory|                      jcoup_prefetch_data_13_1|         array|
|jcoup_prefetch_data_14_1_address0  |  out|     5|   ap_memory|                      jcoup_prefetch_data_14_1|         array|
|jcoup_prefetch_data_14_1_ce0       |  out|     1|   ap_memory|                      jcoup_prefetch_data_14_1|         array|
|jcoup_prefetch_data_14_1_we0       |  out|     1|   ap_memory|                      jcoup_prefetch_data_14_1|         array|
|jcoup_prefetch_data_14_1_d0        |  out|    32|   ap_memory|                      jcoup_prefetch_data_14_1|         array|
|jcoup_prefetch_data_15_1_address0  |  out|     5|   ap_memory|                      jcoup_prefetch_data_15_1|         array|
|jcoup_prefetch_data_15_1_ce0       |  out|     1|   ap_memory|                      jcoup_prefetch_data_15_1|         array|
|jcoup_prefetch_data_15_1_we0       |  out|     1|   ap_memory|                      jcoup_prefetch_data_15_1|         array|
|jcoup_prefetch_data_15_1_d0        |  out|    32|   ap_memory|                      jcoup_prefetch_data_15_1|         array|
|jcoup_prefetch_data_16_1_address0  |  out|     5|   ap_memory|                      jcoup_prefetch_data_16_1|         array|
|jcoup_prefetch_data_16_1_ce0       |  out|     1|   ap_memory|                      jcoup_prefetch_data_16_1|         array|
|jcoup_prefetch_data_16_1_we0       |  out|     1|   ap_memory|                      jcoup_prefetch_data_16_1|         array|
|jcoup_prefetch_data_16_1_d0        |  out|    32|   ap_memory|                      jcoup_prefetch_data_16_1|         array|
|jcoup_prefetch_data_17_1_address0  |  out|     5|   ap_memory|                      jcoup_prefetch_data_17_1|         array|
|jcoup_prefetch_data_17_1_ce0       |  out|     1|   ap_memory|                      jcoup_prefetch_data_17_1|         array|
|jcoup_prefetch_data_17_1_we0       |  out|     1|   ap_memory|                      jcoup_prefetch_data_17_1|         array|
|jcoup_prefetch_data_17_1_d0        |  out|    32|   ap_memory|                      jcoup_prefetch_data_17_1|         array|
|jcoup_prefetch_data_18_1_address0  |  out|     5|   ap_memory|                      jcoup_prefetch_data_18_1|         array|
|jcoup_prefetch_data_18_1_ce0       |  out|     1|   ap_memory|                      jcoup_prefetch_data_18_1|         array|
|jcoup_prefetch_data_18_1_we0       |  out|     1|   ap_memory|                      jcoup_prefetch_data_18_1|         array|
|jcoup_prefetch_data_18_1_d0        |  out|    32|   ap_memory|                      jcoup_prefetch_data_18_1|         array|
|jcoup_prefetch_data_19_1_address0  |  out|     5|   ap_memory|                      jcoup_prefetch_data_19_1|         array|
|jcoup_prefetch_data_19_1_ce0       |  out|     1|   ap_memory|                      jcoup_prefetch_data_19_1|         array|
|jcoup_prefetch_data_19_1_we0       |  out|     1|   ap_memory|                      jcoup_prefetch_data_19_1|         array|
|jcoup_prefetch_data_19_1_d0        |  out|    32|   ap_memory|                      jcoup_prefetch_data_19_1|         array|
|jcoup_prefetch_data_20_1_address0  |  out|     5|   ap_memory|                      jcoup_prefetch_data_20_1|         array|
|jcoup_prefetch_data_20_1_ce0       |  out|     1|   ap_memory|                      jcoup_prefetch_data_20_1|         array|
|jcoup_prefetch_data_20_1_we0       |  out|     1|   ap_memory|                      jcoup_prefetch_data_20_1|         array|
|jcoup_prefetch_data_20_1_d0        |  out|    32|   ap_memory|                      jcoup_prefetch_data_20_1|         array|
|jcoup_prefetch_data_21_1_address0  |  out|     5|   ap_memory|                      jcoup_prefetch_data_21_1|         array|
|jcoup_prefetch_data_21_1_ce0       |  out|     1|   ap_memory|                      jcoup_prefetch_data_21_1|         array|
|jcoup_prefetch_data_21_1_we0       |  out|     1|   ap_memory|                      jcoup_prefetch_data_21_1|         array|
|jcoup_prefetch_data_21_1_d0        |  out|    32|   ap_memory|                      jcoup_prefetch_data_21_1|         array|
|jcoup_prefetch_data_22_1_address0  |  out|     5|   ap_memory|                      jcoup_prefetch_data_22_1|         array|
|jcoup_prefetch_data_22_1_ce0       |  out|     1|   ap_memory|                      jcoup_prefetch_data_22_1|         array|
|jcoup_prefetch_data_22_1_we0       |  out|     1|   ap_memory|                      jcoup_prefetch_data_22_1|         array|
|jcoup_prefetch_data_22_1_d0        |  out|    32|   ap_memory|                      jcoup_prefetch_data_22_1|         array|
|jcoup_prefetch_data_23_1_address0  |  out|     5|   ap_memory|                      jcoup_prefetch_data_23_1|         array|
|jcoup_prefetch_data_23_1_ce0       |  out|     1|   ap_memory|                      jcoup_prefetch_data_23_1|         array|
|jcoup_prefetch_data_23_1_we0       |  out|     1|   ap_memory|                      jcoup_prefetch_data_23_1|         array|
|jcoup_prefetch_data_23_1_d0        |  out|    32|   ap_memory|                      jcoup_prefetch_data_23_1|         array|
|jcoup_prefetch_data_24_1_address0  |  out|     5|   ap_memory|                      jcoup_prefetch_data_24_1|         array|
|jcoup_prefetch_data_24_1_ce0       |  out|     1|   ap_memory|                      jcoup_prefetch_data_24_1|         array|
|jcoup_prefetch_data_24_1_we0       |  out|     1|   ap_memory|                      jcoup_prefetch_data_24_1|         array|
|jcoup_prefetch_data_24_1_d0        |  out|    32|   ap_memory|                      jcoup_prefetch_data_24_1|         array|
|jcoup_prefetch_data_25_1_address0  |  out|     5|   ap_memory|                      jcoup_prefetch_data_25_1|         array|
|jcoup_prefetch_data_25_1_ce0       |  out|     1|   ap_memory|                      jcoup_prefetch_data_25_1|         array|
|jcoup_prefetch_data_25_1_we0       |  out|     1|   ap_memory|                      jcoup_prefetch_data_25_1|         array|
|jcoup_prefetch_data_25_1_d0        |  out|    32|   ap_memory|                      jcoup_prefetch_data_25_1|         array|
|jcoup_prefetch_data_26_1_address0  |  out|     5|   ap_memory|                      jcoup_prefetch_data_26_1|         array|
|jcoup_prefetch_data_26_1_ce0       |  out|     1|   ap_memory|                      jcoup_prefetch_data_26_1|         array|
|jcoup_prefetch_data_26_1_we0       |  out|     1|   ap_memory|                      jcoup_prefetch_data_26_1|         array|
|jcoup_prefetch_data_26_1_d0        |  out|    32|   ap_memory|                      jcoup_prefetch_data_26_1|         array|
|jcoup_prefetch_data_27_1_address0  |  out|     5|   ap_memory|                      jcoup_prefetch_data_27_1|         array|
|jcoup_prefetch_data_27_1_ce0       |  out|     1|   ap_memory|                      jcoup_prefetch_data_27_1|         array|
|jcoup_prefetch_data_27_1_we0       |  out|     1|   ap_memory|                      jcoup_prefetch_data_27_1|         array|
|jcoup_prefetch_data_27_1_d0        |  out|    32|   ap_memory|                      jcoup_prefetch_data_27_1|         array|
|jcoup_prefetch_data_28_1_address0  |  out|     5|   ap_memory|                      jcoup_prefetch_data_28_1|         array|
|jcoup_prefetch_data_28_1_ce0       |  out|     1|   ap_memory|                      jcoup_prefetch_data_28_1|         array|
|jcoup_prefetch_data_28_1_we0       |  out|     1|   ap_memory|                      jcoup_prefetch_data_28_1|         array|
|jcoup_prefetch_data_28_1_d0        |  out|    32|   ap_memory|                      jcoup_prefetch_data_28_1|         array|
|jcoup_prefetch_data_29_1_address0  |  out|     5|   ap_memory|                      jcoup_prefetch_data_29_1|         array|
|jcoup_prefetch_data_29_1_ce0       |  out|     1|   ap_memory|                      jcoup_prefetch_data_29_1|         array|
|jcoup_prefetch_data_29_1_we0       |  out|     1|   ap_memory|                      jcoup_prefetch_data_29_1|         array|
|jcoup_prefetch_data_29_1_d0        |  out|    32|   ap_memory|                      jcoup_prefetch_data_29_1|         array|
|jcoup_prefetch_data_30_1_address0  |  out|     5|   ap_memory|                      jcoup_prefetch_data_30_1|         array|
|jcoup_prefetch_data_30_1_ce0       |  out|     1|   ap_memory|                      jcoup_prefetch_data_30_1|         array|
|jcoup_prefetch_data_30_1_we0       |  out|     1|   ap_memory|                      jcoup_prefetch_data_30_1|         array|
|jcoup_prefetch_data_30_1_d0        |  out|    32|   ap_memory|                      jcoup_prefetch_data_30_1|         array|
|jcoup_prefetch_data_31_1_address0  |  out|     5|   ap_memory|                      jcoup_prefetch_data_31_1|         array|
|jcoup_prefetch_data_31_1_ce0       |  out|     1|   ap_memory|                      jcoup_prefetch_data_31_1|         array|
|jcoup_prefetch_data_31_1_we0       |  out|     1|   ap_memory|                      jcoup_prefetch_data_31_1|         array|
|jcoup_prefetch_data_31_1_d0        |  out|    32|   ap_memory|                      jcoup_prefetch_data_31_1|         array|
|jcoup_prefetch_data_32_1_address0  |  out|     5|   ap_memory|                      jcoup_prefetch_data_32_1|         array|
|jcoup_prefetch_data_32_1_ce0       |  out|     1|   ap_memory|                      jcoup_prefetch_data_32_1|         array|
|jcoup_prefetch_data_32_1_we0       |  out|     1|   ap_memory|                      jcoup_prefetch_data_32_1|         array|
|jcoup_prefetch_data_32_1_d0        |  out|    32|   ap_memory|                      jcoup_prefetch_data_32_1|         array|
|jcoup_prefetch_data_33_1_address0  |  out|     5|   ap_memory|                      jcoup_prefetch_data_33_1|         array|
|jcoup_prefetch_data_33_1_ce0       |  out|     1|   ap_memory|                      jcoup_prefetch_data_33_1|         array|
|jcoup_prefetch_data_33_1_we0       |  out|     1|   ap_memory|                      jcoup_prefetch_data_33_1|         array|
|jcoup_prefetch_data_33_1_d0        |  out|    32|   ap_memory|                      jcoup_prefetch_data_33_1|         array|
|jcoup_prefetch_data_34_1_address0  |  out|     5|   ap_memory|                      jcoup_prefetch_data_34_1|         array|
|jcoup_prefetch_data_34_1_ce0       |  out|     1|   ap_memory|                      jcoup_prefetch_data_34_1|         array|
|jcoup_prefetch_data_34_1_we0       |  out|     1|   ap_memory|                      jcoup_prefetch_data_34_1|         array|
|jcoup_prefetch_data_34_1_d0        |  out|    32|   ap_memory|                      jcoup_prefetch_data_34_1|         array|
|jcoup_prefetch_data_35_1_address0  |  out|     5|   ap_memory|                      jcoup_prefetch_data_35_1|         array|
|jcoup_prefetch_data_35_1_ce0       |  out|     1|   ap_memory|                      jcoup_prefetch_data_35_1|         array|
|jcoup_prefetch_data_35_1_we0       |  out|     1|   ap_memory|                      jcoup_prefetch_data_35_1|         array|
|jcoup_prefetch_data_35_1_d0        |  out|    32|   ap_memory|                      jcoup_prefetch_data_35_1|         array|
|jcoup_prefetch_data_36_1_address0  |  out|     5|   ap_memory|                      jcoup_prefetch_data_36_1|         array|
|jcoup_prefetch_data_36_1_ce0       |  out|     1|   ap_memory|                      jcoup_prefetch_data_36_1|         array|
|jcoup_prefetch_data_36_1_we0       |  out|     1|   ap_memory|                      jcoup_prefetch_data_36_1|         array|
|jcoup_prefetch_data_36_1_d0        |  out|    32|   ap_memory|                      jcoup_prefetch_data_36_1|         array|
|jcoup_prefetch_data_37_1_address0  |  out|     5|   ap_memory|                      jcoup_prefetch_data_37_1|         array|
|jcoup_prefetch_data_37_1_ce0       |  out|     1|   ap_memory|                      jcoup_prefetch_data_37_1|         array|
|jcoup_prefetch_data_37_1_we0       |  out|     1|   ap_memory|                      jcoup_prefetch_data_37_1|         array|
|jcoup_prefetch_data_37_1_d0        |  out|    32|   ap_memory|                      jcoup_prefetch_data_37_1|         array|
|jcoup_prefetch_data_38_1_address0  |  out|     5|   ap_memory|                      jcoup_prefetch_data_38_1|         array|
|jcoup_prefetch_data_38_1_ce0       |  out|     1|   ap_memory|                      jcoup_prefetch_data_38_1|         array|
|jcoup_prefetch_data_38_1_we0       |  out|     1|   ap_memory|                      jcoup_prefetch_data_38_1|         array|
|jcoup_prefetch_data_38_1_d0        |  out|    32|   ap_memory|                      jcoup_prefetch_data_38_1|         array|
|jcoup_prefetch_data_39_1_address0  |  out|     5|   ap_memory|                      jcoup_prefetch_data_39_1|         array|
|jcoup_prefetch_data_39_1_ce0       |  out|     1|   ap_memory|                      jcoup_prefetch_data_39_1|         array|
|jcoup_prefetch_data_39_1_we0       |  out|     1|   ap_memory|                      jcoup_prefetch_data_39_1|         array|
|jcoup_prefetch_data_39_1_d0        |  out|    32|   ap_memory|                      jcoup_prefetch_data_39_1|         array|
|jcoup_prefetch_data_40_1_address0  |  out|     5|   ap_memory|                      jcoup_prefetch_data_40_1|         array|
|jcoup_prefetch_data_40_1_ce0       |  out|     1|   ap_memory|                      jcoup_prefetch_data_40_1|         array|
|jcoup_prefetch_data_40_1_we0       |  out|     1|   ap_memory|                      jcoup_prefetch_data_40_1|         array|
|jcoup_prefetch_data_40_1_d0        |  out|    32|   ap_memory|                      jcoup_prefetch_data_40_1|         array|
|jcoup_prefetch_data_41_1_address0  |  out|     5|   ap_memory|                      jcoup_prefetch_data_41_1|         array|
|jcoup_prefetch_data_41_1_ce0       |  out|     1|   ap_memory|                      jcoup_prefetch_data_41_1|         array|
|jcoup_prefetch_data_41_1_we0       |  out|     1|   ap_memory|                      jcoup_prefetch_data_41_1|         array|
|jcoup_prefetch_data_41_1_d0        |  out|    32|   ap_memory|                      jcoup_prefetch_data_41_1|         array|
|jcoup_prefetch_data_42_1_address0  |  out|     5|   ap_memory|                      jcoup_prefetch_data_42_1|         array|
|jcoup_prefetch_data_42_1_ce0       |  out|     1|   ap_memory|                      jcoup_prefetch_data_42_1|         array|
|jcoup_prefetch_data_42_1_we0       |  out|     1|   ap_memory|                      jcoup_prefetch_data_42_1|         array|
|jcoup_prefetch_data_42_1_d0        |  out|    32|   ap_memory|                      jcoup_prefetch_data_42_1|         array|
|jcoup_prefetch_data_43_1_address0  |  out|     5|   ap_memory|                      jcoup_prefetch_data_43_1|         array|
|jcoup_prefetch_data_43_1_ce0       |  out|     1|   ap_memory|                      jcoup_prefetch_data_43_1|         array|
|jcoup_prefetch_data_43_1_we0       |  out|     1|   ap_memory|                      jcoup_prefetch_data_43_1|         array|
|jcoup_prefetch_data_43_1_d0        |  out|    32|   ap_memory|                      jcoup_prefetch_data_43_1|         array|
|jcoup_prefetch_data_44_1_address0  |  out|     5|   ap_memory|                      jcoup_prefetch_data_44_1|         array|
|jcoup_prefetch_data_44_1_ce0       |  out|     1|   ap_memory|                      jcoup_prefetch_data_44_1|         array|
|jcoup_prefetch_data_44_1_we0       |  out|     1|   ap_memory|                      jcoup_prefetch_data_44_1|         array|
|jcoup_prefetch_data_44_1_d0        |  out|    32|   ap_memory|                      jcoup_prefetch_data_44_1|         array|
|jcoup_prefetch_data_45_1_address0  |  out|     5|   ap_memory|                      jcoup_prefetch_data_45_1|         array|
|jcoup_prefetch_data_45_1_ce0       |  out|     1|   ap_memory|                      jcoup_prefetch_data_45_1|         array|
|jcoup_prefetch_data_45_1_we0       |  out|     1|   ap_memory|                      jcoup_prefetch_data_45_1|         array|
|jcoup_prefetch_data_45_1_d0        |  out|    32|   ap_memory|                      jcoup_prefetch_data_45_1|         array|
|jcoup_prefetch_data_46_1_address0  |  out|     5|   ap_memory|                      jcoup_prefetch_data_46_1|         array|
|jcoup_prefetch_data_46_1_ce0       |  out|     1|   ap_memory|                      jcoup_prefetch_data_46_1|         array|
|jcoup_prefetch_data_46_1_we0       |  out|     1|   ap_memory|                      jcoup_prefetch_data_46_1|         array|
|jcoup_prefetch_data_46_1_d0        |  out|    32|   ap_memory|                      jcoup_prefetch_data_46_1|         array|
|jcoup_prefetch_data_47_1_address0  |  out|     5|   ap_memory|                      jcoup_prefetch_data_47_1|         array|
|jcoup_prefetch_data_47_1_ce0       |  out|     1|   ap_memory|                      jcoup_prefetch_data_47_1|         array|
|jcoup_prefetch_data_47_1_we0       |  out|     1|   ap_memory|                      jcoup_prefetch_data_47_1|         array|
|jcoup_prefetch_data_47_1_d0        |  out|    32|   ap_memory|                      jcoup_prefetch_data_47_1|         array|
|jcoup_prefetch_data_48_1_address0  |  out|     5|   ap_memory|                      jcoup_prefetch_data_48_1|         array|
|jcoup_prefetch_data_48_1_ce0       |  out|     1|   ap_memory|                      jcoup_prefetch_data_48_1|         array|
|jcoup_prefetch_data_48_1_we0       |  out|     1|   ap_memory|                      jcoup_prefetch_data_48_1|         array|
|jcoup_prefetch_data_48_1_d0        |  out|    32|   ap_memory|                      jcoup_prefetch_data_48_1|         array|
|jcoup_prefetch_data_49_1_address0  |  out|     5|   ap_memory|                      jcoup_prefetch_data_49_1|         array|
|jcoup_prefetch_data_49_1_ce0       |  out|     1|   ap_memory|                      jcoup_prefetch_data_49_1|         array|
|jcoup_prefetch_data_49_1_we0       |  out|     1|   ap_memory|                      jcoup_prefetch_data_49_1|         array|
|jcoup_prefetch_data_49_1_d0        |  out|    32|   ap_memory|                      jcoup_prefetch_data_49_1|         array|
|jcoup_prefetch_data_50_1_address0  |  out|     5|   ap_memory|                      jcoup_prefetch_data_50_1|         array|
|jcoup_prefetch_data_50_1_ce0       |  out|     1|   ap_memory|                      jcoup_prefetch_data_50_1|         array|
|jcoup_prefetch_data_50_1_we0       |  out|     1|   ap_memory|                      jcoup_prefetch_data_50_1|         array|
|jcoup_prefetch_data_50_1_d0        |  out|    32|   ap_memory|                      jcoup_prefetch_data_50_1|         array|
|jcoup_prefetch_data_51_1_address0  |  out|     5|   ap_memory|                      jcoup_prefetch_data_51_1|         array|
|jcoup_prefetch_data_51_1_ce0       |  out|     1|   ap_memory|                      jcoup_prefetch_data_51_1|         array|
|jcoup_prefetch_data_51_1_we0       |  out|     1|   ap_memory|                      jcoup_prefetch_data_51_1|         array|
|jcoup_prefetch_data_51_1_d0        |  out|    32|   ap_memory|                      jcoup_prefetch_data_51_1|         array|
|jcoup_prefetch_data_52_1_address0  |  out|     5|   ap_memory|                      jcoup_prefetch_data_52_1|         array|
|jcoup_prefetch_data_52_1_ce0       |  out|     1|   ap_memory|                      jcoup_prefetch_data_52_1|         array|
|jcoup_prefetch_data_52_1_we0       |  out|     1|   ap_memory|                      jcoup_prefetch_data_52_1|         array|
|jcoup_prefetch_data_52_1_d0        |  out|    32|   ap_memory|                      jcoup_prefetch_data_52_1|         array|
|jcoup_prefetch_data_53_1_address0  |  out|     5|   ap_memory|                      jcoup_prefetch_data_53_1|         array|
|jcoup_prefetch_data_53_1_ce0       |  out|     1|   ap_memory|                      jcoup_prefetch_data_53_1|         array|
|jcoup_prefetch_data_53_1_we0       |  out|     1|   ap_memory|                      jcoup_prefetch_data_53_1|         array|
|jcoup_prefetch_data_53_1_d0        |  out|    32|   ap_memory|                      jcoup_prefetch_data_53_1|         array|
|jcoup_prefetch_data_54_1_address0  |  out|     5|   ap_memory|                      jcoup_prefetch_data_54_1|         array|
|jcoup_prefetch_data_54_1_ce0       |  out|     1|   ap_memory|                      jcoup_prefetch_data_54_1|         array|
|jcoup_prefetch_data_54_1_we0       |  out|     1|   ap_memory|                      jcoup_prefetch_data_54_1|         array|
|jcoup_prefetch_data_54_1_d0        |  out|    32|   ap_memory|                      jcoup_prefetch_data_54_1|         array|
|jcoup_prefetch_data_55_1_address0  |  out|     5|   ap_memory|                      jcoup_prefetch_data_55_1|         array|
|jcoup_prefetch_data_55_1_ce0       |  out|     1|   ap_memory|                      jcoup_prefetch_data_55_1|         array|
|jcoup_prefetch_data_55_1_we0       |  out|     1|   ap_memory|                      jcoup_prefetch_data_55_1|         array|
|jcoup_prefetch_data_55_1_d0        |  out|    32|   ap_memory|                      jcoup_prefetch_data_55_1|         array|
|jcoup_prefetch_data_56_1_address0  |  out|     5|   ap_memory|                      jcoup_prefetch_data_56_1|         array|
|jcoup_prefetch_data_56_1_ce0       |  out|     1|   ap_memory|                      jcoup_prefetch_data_56_1|         array|
|jcoup_prefetch_data_56_1_we0       |  out|     1|   ap_memory|                      jcoup_prefetch_data_56_1|         array|
|jcoup_prefetch_data_56_1_d0        |  out|    32|   ap_memory|                      jcoup_prefetch_data_56_1|         array|
|jcoup_prefetch_data_57_1_address0  |  out|     5|   ap_memory|                      jcoup_prefetch_data_57_1|         array|
|jcoup_prefetch_data_57_1_ce0       |  out|     1|   ap_memory|                      jcoup_prefetch_data_57_1|         array|
|jcoup_prefetch_data_57_1_we0       |  out|     1|   ap_memory|                      jcoup_prefetch_data_57_1|         array|
|jcoup_prefetch_data_57_1_d0        |  out|    32|   ap_memory|                      jcoup_prefetch_data_57_1|         array|
|jcoup_prefetch_data_58_1_address0  |  out|     5|   ap_memory|                      jcoup_prefetch_data_58_1|         array|
|jcoup_prefetch_data_58_1_ce0       |  out|     1|   ap_memory|                      jcoup_prefetch_data_58_1|         array|
|jcoup_prefetch_data_58_1_we0       |  out|     1|   ap_memory|                      jcoup_prefetch_data_58_1|         array|
|jcoup_prefetch_data_58_1_d0        |  out|    32|   ap_memory|                      jcoup_prefetch_data_58_1|         array|
|jcoup_prefetch_data_59_1_address0  |  out|     5|   ap_memory|                      jcoup_prefetch_data_59_1|         array|
|jcoup_prefetch_data_59_1_ce0       |  out|     1|   ap_memory|                      jcoup_prefetch_data_59_1|         array|
|jcoup_prefetch_data_59_1_we0       |  out|     1|   ap_memory|                      jcoup_prefetch_data_59_1|         array|
|jcoup_prefetch_data_59_1_d0        |  out|    32|   ap_memory|                      jcoup_prefetch_data_59_1|         array|
|jcoup_prefetch_data_60_1_address0  |  out|     5|   ap_memory|                      jcoup_prefetch_data_60_1|         array|
|jcoup_prefetch_data_60_1_ce0       |  out|     1|   ap_memory|                      jcoup_prefetch_data_60_1|         array|
|jcoup_prefetch_data_60_1_we0       |  out|     1|   ap_memory|                      jcoup_prefetch_data_60_1|         array|
|jcoup_prefetch_data_60_1_d0        |  out|    32|   ap_memory|                      jcoup_prefetch_data_60_1|         array|
|jcoup_prefetch_data_61_1_address0  |  out|     5|   ap_memory|                      jcoup_prefetch_data_61_1|         array|
|jcoup_prefetch_data_61_1_ce0       |  out|     1|   ap_memory|                      jcoup_prefetch_data_61_1|         array|
|jcoup_prefetch_data_61_1_we0       |  out|     1|   ap_memory|                      jcoup_prefetch_data_61_1|         array|
|jcoup_prefetch_data_61_1_d0        |  out|    32|   ap_memory|                      jcoup_prefetch_data_61_1|         array|
|jcoup_prefetch_data_62_1_address0  |  out|     5|   ap_memory|                      jcoup_prefetch_data_62_1|         array|
|jcoup_prefetch_data_62_1_ce0       |  out|     1|   ap_memory|                      jcoup_prefetch_data_62_1|         array|
|jcoup_prefetch_data_62_1_we0       |  out|     1|   ap_memory|                      jcoup_prefetch_data_62_1|         array|
|jcoup_prefetch_data_62_1_d0        |  out|    32|   ap_memory|                      jcoup_prefetch_data_62_1|         array|
|jcoup_prefetch_data_63_1_address0  |  out|     5|   ap_memory|                      jcoup_prefetch_data_63_1|         array|
|jcoup_prefetch_data_63_1_ce0       |  out|     1|   ap_memory|                      jcoup_prefetch_data_63_1|         array|
|jcoup_prefetch_data_63_1_we0       |  out|     1|   ap_memory|                      jcoup_prefetch_data_63_1|         array|
|jcoup_prefetch_data_63_1_d0        |  out|    32|   ap_memory|                      jcoup_prefetch_data_63_1|         array|
|zext_ln270                         |   in|    10|     ap_none|                                    zext_ln270|        scalar|
|jcoup_prefetch_data_0_0_address0   |  out|     5|   ap_memory|                       jcoup_prefetch_data_0_0|         array|
|jcoup_prefetch_data_0_0_ce0        |  out|     1|   ap_memory|                       jcoup_prefetch_data_0_0|         array|
|jcoup_prefetch_data_0_0_we0        |  out|     1|   ap_memory|                       jcoup_prefetch_data_0_0|         array|
|jcoup_prefetch_data_0_0_d0         |  out|    32|   ap_memory|                       jcoup_prefetch_data_0_0|         array|
|jcoup_prefetch_data_1_0_address0   |  out|     5|   ap_memory|                       jcoup_prefetch_data_1_0|         array|
|jcoup_prefetch_data_1_0_ce0        |  out|     1|   ap_memory|                       jcoup_prefetch_data_1_0|         array|
|jcoup_prefetch_data_1_0_we0        |  out|     1|   ap_memory|                       jcoup_prefetch_data_1_0|         array|
|jcoup_prefetch_data_1_0_d0         |  out|    32|   ap_memory|                       jcoup_prefetch_data_1_0|         array|
|jcoup_prefetch_data_2_0_address0   |  out|     5|   ap_memory|                       jcoup_prefetch_data_2_0|         array|
|jcoup_prefetch_data_2_0_ce0        |  out|     1|   ap_memory|                       jcoup_prefetch_data_2_0|         array|
|jcoup_prefetch_data_2_0_we0        |  out|     1|   ap_memory|                       jcoup_prefetch_data_2_0|         array|
|jcoup_prefetch_data_2_0_d0         |  out|    32|   ap_memory|                       jcoup_prefetch_data_2_0|         array|
|jcoup_prefetch_data_3_0_address0   |  out|     5|   ap_memory|                       jcoup_prefetch_data_3_0|         array|
|jcoup_prefetch_data_3_0_ce0        |  out|     1|   ap_memory|                       jcoup_prefetch_data_3_0|         array|
|jcoup_prefetch_data_3_0_we0        |  out|     1|   ap_memory|                       jcoup_prefetch_data_3_0|         array|
|jcoup_prefetch_data_3_0_d0         |  out|    32|   ap_memory|                       jcoup_prefetch_data_3_0|         array|
|jcoup_prefetch_data_4_0_address0   |  out|     5|   ap_memory|                       jcoup_prefetch_data_4_0|         array|
|jcoup_prefetch_data_4_0_ce0        |  out|     1|   ap_memory|                       jcoup_prefetch_data_4_0|         array|
|jcoup_prefetch_data_4_0_we0        |  out|     1|   ap_memory|                       jcoup_prefetch_data_4_0|         array|
|jcoup_prefetch_data_4_0_d0         |  out|    32|   ap_memory|                       jcoup_prefetch_data_4_0|         array|
|jcoup_prefetch_data_5_0_address0   |  out|     5|   ap_memory|                       jcoup_prefetch_data_5_0|         array|
|jcoup_prefetch_data_5_0_ce0        |  out|     1|   ap_memory|                       jcoup_prefetch_data_5_0|         array|
|jcoup_prefetch_data_5_0_we0        |  out|     1|   ap_memory|                       jcoup_prefetch_data_5_0|         array|
|jcoup_prefetch_data_5_0_d0         |  out|    32|   ap_memory|                       jcoup_prefetch_data_5_0|         array|
|jcoup_prefetch_data_6_0_address0   |  out|     5|   ap_memory|                       jcoup_prefetch_data_6_0|         array|
|jcoup_prefetch_data_6_0_ce0        |  out|     1|   ap_memory|                       jcoup_prefetch_data_6_0|         array|
|jcoup_prefetch_data_6_0_we0        |  out|     1|   ap_memory|                       jcoup_prefetch_data_6_0|         array|
|jcoup_prefetch_data_6_0_d0         |  out|    32|   ap_memory|                       jcoup_prefetch_data_6_0|         array|
|jcoup_prefetch_data_7_0_address0   |  out|     5|   ap_memory|                       jcoup_prefetch_data_7_0|         array|
|jcoup_prefetch_data_7_0_ce0        |  out|     1|   ap_memory|                       jcoup_prefetch_data_7_0|         array|
|jcoup_prefetch_data_7_0_we0        |  out|     1|   ap_memory|                       jcoup_prefetch_data_7_0|         array|
|jcoup_prefetch_data_7_0_d0         |  out|    32|   ap_memory|                       jcoup_prefetch_data_7_0|         array|
|jcoup_prefetch_data_8_0_address0   |  out|     5|   ap_memory|                       jcoup_prefetch_data_8_0|         array|
|jcoup_prefetch_data_8_0_ce0        |  out|     1|   ap_memory|                       jcoup_prefetch_data_8_0|         array|
|jcoup_prefetch_data_8_0_we0        |  out|     1|   ap_memory|                       jcoup_prefetch_data_8_0|         array|
|jcoup_prefetch_data_8_0_d0         |  out|    32|   ap_memory|                       jcoup_prefetch_data_8_0|         array|
|jcoup_prefetch_data_9_0_address0   |  out|     5|   ap_memory|                       jcoup_prefetch_data_9_0|         array|
|jcoup_prefetch_data_9_0_ce0        |  out|     1|   ap_memory|                       jcoup_prefetch_data_9_0|         array|
|jcoup_prefetch_data_9_0_we0        |  out|     1|   ap_memory|                       jcoup_prefetch_data_9_0|         array|
|jcoup_prefetch_data_9_0_d0         |  out|    32|   ap_memory|                       jcoup_prefetch_data_9_0|         array|
|jcoup_prefetch_data_10_0_address0  |  out|     5|   ap_memory|                      jcoup_prefetch_data_10_0|         array|
|jcoup_prefetch_data_10_0_ce0       |  out|     1|   ap_memory|                      jcoup_prefetch_data_10_0|         array|
|jcoup_prefetch_data_10_0_we0       |  out|     1|   ap_memory|                      jcoup_prefetch_data_10_0|         array|
|jcoup_prefetch_data_10_0_d0        |  out|    32|   ap_memory|                      jcoup_prefetch_data_10_0|         array|
|jcoup_prefetch_data_11_0_address0  |  out|     5|   ap_memory|                      jcoup_prefetch_data_11_0|         array|
|jcoup_prefetch_data_11_0_ce0       |  out|     1|   ap_memory|                      jcoup_prefetch_data_11_0|         array|
|jcoup_prefetch_data_11_0_we0       |  out|     1|   ap_memory|                      jcoup_prefetch_data_11_0|         array|
|jcoup_prefetch_data_11_0_d0        |  out|    32|   ap_memory|                      jcoup_prefetch_data_11_0|         array|
|jcoup_prefetch_data_12_0_address0  |  out|     5|   ap_memory|                      jcoup_prefetch_data_12_0|         array|
|jcoup_prefetch_data_12_0_ce0       |  out|     1|   ap_memory|                      jcoup_prefetch_data_12_0|         array|
|jcoup_prefetch_data_12_0_we0       |  out|     1|   ap_memory|                      jcoup_prefetch_data_12_0|         array|
|jcoup_prefetch_data_12_0_d0        |  out|    32|   ap_memory|                      jcoup_prefetch_data_12_0|         array|
|jcoup_prefetch_data_13_0_address0  |  out|     5|   ap_memory|                      jcoup_prefetch_data_13_0|         array|
|jcoup_prefetch_data_13_0_ce0       |  out|     1|   ap_memory|                      jcoup_prefetch_data_13_0|         array|
|jcoup_prefetch_data_13_0_we0       |  out|     1|   ap_memory|                      jcoup_prefetch_data_13_0|         array|
|jcoup_prefetch_data_13_0_d0        |  out|    32|   ap_memory|                      jcoup_prefetch_data_13_0|         array|
|jcoup_prefetch_data_14_0_address0  |  out|     5|   ap_memory|                      jcoup_prefetch_data_14_0|         array|
|jcoup_prefetch_data_14_0_ce0       |  out|     1|   ap_memory|                      jcoup_prefetch_data_14_0|         array|
|jcoup_prefetch_data_14_0_we0       |  out|     1|   ap_memory|                      jcoup_prefetch_data_14_0|         array|
|jcoup_prefetch_data_14_0_d0        |  out|    32|   ap_memory|                      jcoup_prefetch_data_14_0|         array|
|jcoup_prefetch_data_15_0_address0  |  out|     5|   ap_memory|                      jcoup_prefetch_data_15_0|         array|
|jcoup_prefetch_data_15_0_ce0       |  out|     1|   ap_memory|                      jcoup_prefetch_data_15_0|         array|
|jcoup_prefetch_data_15_0_we0       |  out|     1|   ap_memory|                      jcoup_prefetch_data_15_0|         array|
|jcoup_prefetch_data_15_0_d0        |  out|    32|   ap_memory|                      jcoup_prefetch_data_15_0|         array|
|jcoup_prefetch_data_16_0_address0  |  out|     5|   ap_memory|                      jcoup_prefetch_data_16_0|         array|
|jcoup_prefetch_data_16_0_ce0       |  out|     1|   ap_memory|                      jcoup_prefetch_data_16_0|         array|
|jcoup_prefetch_data_16_0_we0       |  out|     1|   ap_memory|                      jcoup_prefetch_data_16_0|         array|
|jcoup_prefetch_data_16_0_d0        |  out|    32|   ap_memory|                      jcoup_prefetch_data_16_0|         array|
|jcoup_prefetch_data_17_0_address0  |  out|     5|   ap_memory|                      jcoup_prefetch_data_17_0|         array|
|jcoup_prefetch_data_17_0_ce0       |  out|     1|   ap_memory|                      jcoup_prefetch_data_17_0|         array|
|jcoup_prefetch_data_17_0_we0       |  out|     1|   ap_memory|                      jcoup_prefetch_data_17_0|         array|
|jcoup_prefetch_data_17_0_d0        |  out|    32|   ap_memory|                      jcoup_prefetch_data_17_0|         array|
|jcoup_prefetch_data_18_0_address0  |  out|     5|   ap_memory|                      jcoup_prefetch_data_18_0|         array|
|jcoup_prefetch_data_18_0_ce0       |  out|     1|   ap_memory|                      jcoup_prefetch_data_18_0|         array|
|jcoup_prefetch_data_18_0_we0       |  out|     1|   ap_memory|                      jcoup_prefetch_data_18_0|         array|
|jcoup_prefetch_data_18_0_d0        |  out|    32|   ap_memory|                      jcoup_prefetch_data_18_0|         array|
|jcoup_prefetch_data_19_0_address0  |  out|     5|   ap_memory|                      jcoup_prefetch_data_19_0|         array|
|jcoup_prefetch_data_19_0_ce0       |  out|     1|   ap_memory|                      jcoup_prefetch_data_19_0|         array|
|jcoup_prefetch_data_19_0_we0       |  out|     1|   ap_memory|                      jcoup_prefetch_data_19_0|         array|
|jcoup_prefetch_data_19_0_d0        |  out|    32|   ap_memory|                      jcoup_prefetch_data_19_0|         array|
|jcoup_prefetch_data_20_0_address0  |  out|     5|   ap_memory|                      jcoup_prefetch_data_20_0|         array|
|jcoup_prefetch_data_20_0_ce0       |  out|     1|   ap_memory|                      jcoup_prefetch_data_20_0|         array|
|jcoup_prefetch_data_20_0_we0       |  out|     1|   ap_memory|                      jcoup_prefetch_data_20_0|         array|
|jcoup_prefetch_data_20_0_d0        |  out|    32|   ap_memory|                      jcoup_prefetch_data_20_0|         array|
|jcoup_prefetch_data_21_0_address0  |  out|     5|   ap_memory|                      jcoup_prefetch_data_21_0|         array|
|jcoup_prefetch_data_21_0_ce0       |  out|     1|   ap_memory|                      jcoup_prefetch_data_21_0|         array|
|jcoup_prefetch_data_21_0_we0       |  out|     1|   ap_memory|                      jcoup_prefetch_data_21_0|         array|
|jcoup_prefetch_data_21_0_d0        |  out|    32|   ap_memory|                      jcoup_prefetch_data_21_0|         array|
|jcoup_prefetch_data_22_0_address0  |  out|     5|   ap_memory|                      jcoup_prefetch_data_22_0|         array|
|jcoup_prefetch_data_22_0_ce0       |  out|     1|   ap_memory|                      jcoup_prefetch_data_22_0|         array|
|jcoup_prefetch_data_22_0_we0       |  out|     1|   ap_memory|                      jcoup_prefetch_data_22_0|         array|
|jcoup_prefetch_data_22_0_d0        |  out|    32|   ap_memory|                      jcoup_prefetch_data_22_0|         array|
|jcoup_prefetch_data_23_0_address0  |  out|     5|   ap_memory|                      jcoup_prefetch_data_23_0|         array|
|jcoup_prefetch_data_23_0_ce0       |  out|     1|   ap_memory|                      jcoup_prefetch_data_23_0|         array|
|jcoup_prefetch_data_23_0_we0       |  out|     1|   ap_memory|                      jcoup_prefetch_data_23_0|         array|
|jcoup_prefetch_data_23_0_d0        |  out|    32|   ap_memory|                      jcoup_prefetch_data_23_0|         array|
|jcoup_prefetch_data_24_0_address0  |  out|     5|   ap_memory|                      jcoup_prefetch_data_24_0|         array|
|jcoup_prefetch_data_24_0_ce0       |  out|     1|   ap_memory|                      jcoup_prefetch_data_24_0|         array|
|jcoup_prefetch_data_24_0_we0       |  out|     1|   ap_memory|                      jcoup_prefetch_data_24_0|         array|
|jcoup_prefetch_data_24_0_d0        |  out|    32|   ap_memory|                      jcoup_prefetch_data_24_0|         array|
|jcoup_prefetch_data_25_0_address0  |  out|     5|   ap_memory|                      jcoup_prefetch_data_25_0|         array|
|jcoup_prefetch_data_25_0_ce0       |  out|     1|   ap_memory|                      jcoup_prefetch_data_25_0|         array|
|jcoup_prefetch_data_25_0_we0       |  out|     1|   ap_memory|                      jcoup_prefetch_data_25_0|         array|
|jcoup_prefetch_data_25_0_d0        |  out|    32|   ap_memory|                      jcoup_prefetch_data_25_0|         array|
|jcoup_prefetch_data_26_0_address0  |  out|     5|   ap_memory|                      jcoup_prefetch_data_26_0|         array|
|jcoup_prefetch_data_26_0_ce0       |  out|     1|   ap_memory|                      jcoup_prefetch_data_26_0|         array|
|jcoup_prefetch_data_26_0_we0       |  out|     1|   ap_memory|                      jcoup_prefetch_data_26_0|         array|
|jcoup_prefetch_data_26_0_d0        |  out|    32|   ap_memory|                      jcoup_prefetch_data_26_0|         array|
|jcoup_prefetch_data_27_0_address0  |  out|     5|   ap_memory|                      jcoup_prefetch_data_27_0|         array|
|jcoup_prefetch_data_27_0_ce0       |  out|     1|   ap_memory|                      jcoup_prefetch_data_27_0|         array|
|jcoup_prefetch_data_27_0_we0       |  out|     1|   ap_memory|                      jcoup_prefetch_data_27_0|         array|
|jcoup_prefetch_data_27_0_d0        |  out|    32|   ap_memory|                      jcoup_prefetch_data_27_0|         array|
|jcoup_prefetch_data_28_0_address0  |  out|     5|   ap_memory|                      jcoup_prefetch_data_28_0|         array|
|jcoup_prefetch_data_28_0_ce0       |  out|     1|   ap_memory|                      jcoup_prefetch_data_28_0|         array|
|jcoup_prefetch_data_28_0_we0       |  out|     1|   ap_memory|                      jcoup_prefetch_data_28_0|         array|
|jcoup_prefetch_data_28_0_d0        |  out|    32|   ap_memory|                      jcoup_prefetch_data_28_0|         array|
|jcoup_prefetch_data_29_0_address0  |  out|     5|   ap_memory|                      jcoup_prefetch_data_29_0|         array|
|jcoup_prefetch_data_29_0_ce0       |  out|     1|   ap_memory|                      jcoup_prefetch_data_29_0|         array|
|jcoup_prefetch_data_29_0_we0       |  out|     1|   ap_memory|                      jcoup_prefetch_data_29_0|         array|
|jcoup_prefetch_data_29_0_d0        |  out|    32|   ap_memory|                      jcoup_prefetch_data_29_0|         array|
|jcoup_prefetch_data_30_0_address0  |  out|     5|   ap_memory|                      jcoup_prefetch_data_30_0|         array|
|jcoup_prefetch_data_30_0_ce0       |  out|     1|   ap_memory|                      jcoup_prefetch_data_30_0|         array|
|jcoup_prefetch_data_30_0_we0       |  out|     1|   ap_memory|                      jcoup_prefetch_data_30_0|         array|
|jcoup_prefetch_data_30_0_d0        |  out|    32|   ap_memory|                      jcoup_prefetch_data_30_0|         array|
|jcoup_prefetch_data_31_0_address0  |  out|     5|   ap_memory|                      jcoup_prefetch_data_31_0|         array|
|jcoup_prefetch_data_31_0_ce0       |  out|     1|   ap_memory|                      jcoup_prefetch_data_31_0|         array|
|jcoup_prefetch_data_31_0_we0       |  out|     1|   ap_memory|                      jcoup_prefetch_data_31_0|         array|
|jcoup_prefetch_data_31_0_d0        |  out|    32|   ap_memory|                      jcoup_prefetch_data_31_0|         array|
|jcoup_prefetch_data_32_0_address0  |  out|     5|   ap_memory|                      jcoup_prefetch_data_32_0|         array|
|jcoup_prefetch_data_32_0_ce0       |  out|     1|   ap_memory|                      jcoup_prefetch_data_32_0|         array|
|jcoup_prefetch_data_32_0_we0       |  out|     1|   ap_memory|                      jcoup_prefetch_data_32_0|         array|
|jcoup_prefetch_data_32_0_d0        |  out|    32|   ap_memory|                      jcoup_prefetch_data_32_0|         array|
|jcoup_prefetch_data_33_0_address0  |  out|     5|   ap_memory|                      jcoup_prefetch_data_33_0|         array|
|jcoup_prefetch_data_33_0_ce0       |  out|     1|   ap_memory|                      jcoup_prefetch_data_33_0|         array|
|jcoup_prefetch_data_33_0_we0       |  out|     1|   ap_memory|                      jcoup_prefetch_data_33_0|         array|
|jcoup_prefetch_data_33_0_d0        |  out|    32|   ap_memory|                      jcoup_prefetch_data_33_0|         array|
|jcoup_prefetch_data_34_0_address0  |  out|     5|   ap_memory|                      jcoup_prefetch_data_34_0|         array|
|jcoup_prefetch_data_34_0_ce0       |  out|     1|   ap_memory|                      jcoup_prefetch_data_34_0|         array|
|jcoup_prefetch_data_34_0_we0       |  out|     1|   ap_memory|                      jcoup_prefetch_data_34_0|         array|
|jcoup_prefetch_data_34_0_d0        |  out|    32|   ap_memory|                      jcoup_prefetch_data_34_0|         array|
|jcoup_prefetch_data_35_0_address0  |  out|     5|   ap_memory|                      jcoup_prefetch_data_35_0|         array|
|jcoup_prefetch_data_35_0_ce0       |  out|     1|   ap_memory|                      jcoup_prefetch_data_35_0|         array|
|jcoup_prefetch_data_35_0_we0       |  out|     1|   ap_memory|                      jcoup_prefetch_data_35_0|         array|
|jcoup_prefetch_data_35_0_d0        |  out|    32|   ap_memory|                      jcoup_prefetch_data_35_0|         array|
|jcoup_prefetch_data_36_0_address0  |  out|     5|   ap_memory|                      jcoup_prefetch_data_36_0|         array|
|jcoup_prefetch_data_36_0_ce0       |  out|     1|   ap_memory|                      jcoup_prefetch_data_36_0|         array|
|jcoup_prefetch_data_36_0_we0       |  out|     1|   ap_memory|                      jcoup_prefetch_data_36_0|         array|
|jcoup_prefetch_data_36_0_d0        |  out|    32|   ap_memory|                      jcoup_prefetch_data_36_0|         array|
|jcoup_prefetch_data_37_0_address0  |  out|     5|   ap_memory|                      jcoup_prefetch_data_37_0|         array|
|jcoup_prefetch_data_37_0_ce0       |  out|     1|   ap_memory|                      jcoup_prefetch_data_37_0|         array|
|jcoup_prefetch_data_37_0_we0       |  out|     1|   ap_memory|                      jcoup_prefetch_data_37_0|         array|
|jcoup_prefetch_data_37_0_d0        |  out|    32|   ap_memory|                      jcoup_prefetch_data_37_0|         array|
|jcoup_prefetch_data_38_0_address0  |  out|     5|   ap_memory|                      jcoup_prefetch_data_38_0|         array|
|jcoup_prefetch_data_38_0_ce0       |  out|     1|   ap_memory|                      jcoup_prefetch_data_38_0|         array|
|jcoup_prefetch_data_38_0_we0       |  out|     1|   ap_memory|                      jcoup_prefetch_data_38_0|         array|
|jcoup_prefetch_data_38_0_d0        |  out|    32|   ap_memory|                      jcoup_prefetch_data_38_0|         array|
|jcoup_prefetch_data_39_0_address0  |  out|     5|   ap_memory|                      jcoup_prefetch_data_39_0|         array|
|jcoup_prefetch_data_39_0_ce0       |  out|     1|   ap_memory|                      jcoup_prefetch_data_39_0|         array|
|jcoup_prefetch_data_39_0_we0       |  out|     1|   ap_memory|                      jcoup_prefetch_data_39_0|         array|
|jcoup_prefetch_data_39_0_d0        |  out|    32|   ap_memory|                      jcoup_prefetch_data_39_0|         array|
|jcoup_prefetch_data_40_0_address0  |  out|     5|   ap_memory|                      jcoup_prefetch_data_40_0|         array|
|jcoup_prefetch_data_40_0_ce0       |  out|     1|   ap_memory|                      jcoup_prefetch_data_40_0|         array|
|jcoup_prefetch_data_40_0_we0       |  out|     1|   ap_memory|                      jcoup_prefetch_data_40_0|         array|
|jcoup_prefetch_data_40_0_d0        |  out|    32|   ap_memory|                      jcoup_prefetch_data_40_0|         array|
|jcoup_prefetch_data_41_0_address0  |  out|     5|   ap_memory|                      jcoup_prefetch_data_41_0|         array|
|jcoup_prefetch_data_41_0_ce0       |  out|     1|   ap_memory|                      jcoup_prefetch_data_41_0|         array|
|jcoup_prefetch_data_41_0_we0       |  out|     1|   ap_memory|                      jcoup_prefetch_data_41_0|         array|
|jcoup_prefetch_data_41_0_d0        |  out|    32|   ap_memory|                      jcoup_prefetch_data_41_0|         array|
|jcoup_prefetch_data_42_0_address0  |  out|     5|   ap_memory|                      jcoup_prefetch_data_42_0|         array|
|jcoup_prefetch_data_42_0_ce0       |  out|     1|   ap_memory|                      jcoup_prefetch_data_42_0|         array|
|jcoup_prefetch_data_42_0_we0       |  out|     1|   ap_memory|                      jcoup_prefetch_data_42_0|         array|
|jcoup_prefetch_data_42_0_d0        |  out|    32|   ap_memory|                      jcoup_prefetch_data_42_0|         array|
|jcoup_prefetch_data_43_0_address0  |  out|     5|   ap_memory|                      jcoup_prefetch_data_43_0|         array|
|jcoup_prefetch_data_43_0_ce0       |  out|     1|   ap_memory|                      jcoup_prefetch_data_43_0|         array|
|jcoup_prefetch_data_43_0_we0       |  out|     1|   ap_memory|                      jcoup_prefetch_data_43_0|         array|
|jcoup_prefetch_data_43_0_d0        |  out|    32|   ap_memory|                      jcoup_prefetch_data_43_0|         array|
|jcoup_prefetch_data_44_0_address0  |  out|     5|   ap_memory|                      jcoup_prefetch_data_44_0|         array|
|jcoup_prefetch_data_44_0_ce0       |  out|     1|   ap_memory|                      jcoup_prefetch_data_44_0|         array|
|jcoup_prefetch_data_44_0_we0       |  out|     1|   ap_memory|                      jcoup_prefetch_data_44_0|         array|
|jcoup_prefetch_data_44_0_d0        |  out|    32|   ap_memory|                      jcoup_prefetch_data_44_0|         array|
|jcoup_prefetch_data_45_0_address0  |  out|     5|   ap_memory|                      jcoup_prefetch_data_45_0|         array|
|jcoup_prefetch_data_45_0_ce0       |  out|     1|   ap_memory|                      jcoup_prefetch_data_45_0|         array|
|jcoup_prefetch_data_45_0_we0       |  out|     1|   ap_memory|                      jcoup_prefetch_data_45_0|         array|
|jcoup_prefetch_data_45_0_d0        |  out|    32|   ap_memory|                      jcoup_prefetch_data_45_0|         array|
|jcoup_prefetch_data_46_0_address0  |  out|     5|   ap_memory|                      jcoup_prefetch_data_46_0|         array|
|jcoup_prefetch_data_46_0_ce0       |  out|     1|   ap_memory|                      jcoup_prefetch_data_46_0|         array|
|jcoup_prefetch_data_46_0_we0       |  out|     1|   ap_memory|                      jcoup_prefetch_data_46_0|         array|
|jcoup_prefetch_data_46_0_d0        |  out|    32|   ap_memory|                      jcoup_prefetch_data_46_0|         array|
|jcoup_prefetch_data_47_0_address0  |  out|     5|   ap_memory|                      jcoup_prefetch_data_47_0|         array|
|jcoup_prefetch_data_47_0_ce0       |  out|     1|   ap_memory|                      jcoup_prefetch_data_47_0|         array|
|jcoup_prefetch_data_47_0_we0       |  out|     1|   ap_memory|                      jcoup_prefetch_data_47_0|         array|
|jcoup_prefetch_data_47_0_d0        |  out|    32|   ap_memory|                      jcoup_prefetch_data_47_0|         array|
|jcoup_prefetch_data_48_0_address0  |  out|     5|   ap_memory|                      jcoup_prefetch_data_48_0|         array|
|jcoup_prefetch_data_48_0_ce0       |  out|     1|   ap_memory|                      jcoup_prefetch_data_48_0|         array|
|jcoup_prefetch_data_48_0_we0       |  out|     1|   ap_memory|                      jcoup_prefetch_data_48_0|         array|
|jcoup_prefetch_data_48_0_d0        |  out|    32|   ap_memory|                      jcoup_prefetch_data_48_0|         array|
|jcoup_prefetch_data_49_0_address0  |  out|     5|   ap_memory|                      jcoup_prefetch_data_49_0|         array|
|jcoup_prefetch_data_49_0_ce0       |  out|     1|   ap_memory|                      jcoup_prefetch_data_49_0|         array|
|jcoup_prefetch_data_49_0_we0       |  out|     1|   ap_memory|                      jcoup_prefetch_data_49_0|         array|
|jcoup_prefetch_data_49_0_d0        |  out|    32|   ap_memory|                      jcoup_prefetch_data_49_0|         array|
|jcoup_prefetch_data_50_0_address0  |  out|     5|   ap_memory|                      jcoup_prefetch_data_50_0|         array|
|jcoup_prefetch_data_50_0_ce0       |  out|     1|   ap_memory|                      jcoup_prefetch_data_50_0|         array|
|jcoup_prefetch_data_50_0_we0       |  out|     1|   ap_memory|                      jcoup_prefetch_data_50_0|         array|
|jcoup_prefetch_data_50_0_d0        |  out|    32|   ap_memory|                      jcoup_prefetch_data_50_0|         array|
|jcoup_prefetch_data_51_0_address0  |  out|     5|   ap_memory|                      jcoup_prefetch_data_51_0|         array|
|jcoup_prefetch_data_51_0_ce0       |  out|     1|   ap_memory|                      jcoup_prefetch_data_51_0|         array|
|jcoup_prefetch_data_51_0_we0       |  out|     1|   ap_memory|                      jcoup_prefetch_data_51_0|         array|
|jcoup_prefetch_data_51_0_d0        |  out|    32|   ap_memory|                      jcoup_prefetch_data_51_0|         array|
|jcoup_prefetch_data_52_0_address0  |  out|     5|   ap_memory|                      jcoup_prefetch_data_52_0|         array|
|jcoup_prefetch_data_52_0_ce0       |  out|     1|   ap_memory|                      jcoup_prefetch_data_52_0|         array|
|jcoup_prefetch_data_52_0_we0       |  out|     1|   ap_memory|                      jcoup_prefetch_data_52_0|         array|
|jcoup_prefetch_data_52_0_d0        |  out|    32|   ap_memory|                      jcoup_prefetch_data_52_0|         array|
|jcoup_prefetch_data_53_0_address0  |  out|     5|   ap_memory|                      jcoup_prefetch_data_53_0|         array|
|jcoup_prefetch_data_53_0_ce0       |  out|     1|   ap_memory|                      jcoup_prefetch_data_53_0|         array|
|jcoup_prefetch_data_53_0_we0       |  out|     1|   ap_memory|                      jcoup_prefetch_data_53_0|         array|
|jcoup_prefetch_data_53_0_d0        |  out|    32|   ap_memory|                      jcoup_prefetch_data_53_0|         array|
|jcoup_prefetch_data_54_0_address0  |  out|     5|   ap_memory|                      jcoup_prefetch_data_54_0|         array|
|jcoup_prefetch_data_54_0_ce0       |  out|     1|   ap_memory|                      jcoup_prefetch_data_54_0|         array|
|jcoup_prefetch_data_54_0_we0       |  out|     1|   ap_memory|                      jcoup_prefetch_data_54_0|         array|
|jcoup_prefetch_data_54_0_d0        |  out|    32|   ap_memory|                      jcoup_prefetch_data_54_0|         array|
|jcoup_prefetch_data_55_0_address0  |  out|     5|   ap_memory|                      jcoup_prefetch_data_55_0|         array|
|jcoup_prefetch_data_55_0_ce0       |  out|     1|   ap_memory|                      jcoup_prefetch_data_55_0|         array|
|jcoup_prefetch_data_55_0_we0       |  out|     1|   ap_memory|                      jcoup_prefetch_data_55_0|         array|
|jcoup_prefetch_data_55_0_d0        |  out|    32|   ap_memory|                      jcoup_prefetch_data_55_0|         array|
|jcoup_prefetch_data_56_0_address0  |  out|     5|   ap_memory|                      jcoup_prefetch_data_56_0|         array|
|jcoup_prefetch_data_56_0_ce0       |  out|     1|   ap_memory|                      jcoup_prefetch_data_56_0|         array|
|jcoup_prefetch_data_56_0_we0       |  out|     1|   ap_memory|                      jcoup_prefetch_data_56_0|         array|
|jcoup_prefetch_data_56_0_d0        |  out|    32|   ap_memory|                      jcoup_prefetch_data_56_0|         array|
|jcoup_prefetch_data_57_0_address0  |  out|     5|   ap_memory|                      jcoup_prefetch_data_57_0|         array|
|jcoup_prefetch_data_57_0_ce0       |  out|     1|   ap_memory|                      jcoup_prefetch_data_57_0|         array|
|jcoup_prefetch_data_57_0_we0       |  out|     1|   ap_memory|                      jcoup_prefetch_data_57_0|         array|
|jcoup_prefetch_data_57_0_d0        |  out|    32|   ap_memory|                      jcoup_prefetch_data_57_0|         array|
|jcoup_prefetch_data_58_0_address0  |  out|     5|   ap_memory|                      jcoup_prefetch_data_58_0|         array|
|jcoup_prefetch_data_58_0_ce0       |  out|     1|   ap_memory|                      jcoup_prefetch_data_58_0|         array|
|jcoup_prefetch_data_58_0_we0       |  out|     1|   ap_memory|                      jcoup_prefetch_data_58_0|         array|
|jcoup_prefetch_data_58_0_d0        |  out|    32|   ap_memory|                      jcoup_prefetch_data_58_0|         array|
|jcoup_prefetch_data_59_0_address0  |  out|     5|   ap_memory|                      jcoup_prefetch_data_59_0|         array|
|jcoup_prefetch_data_59_0_ce0       |  out|     1|   ap_memory|                      jcoup_prefetch_data_59_0|         array|
|jcoup_prefetch_data_59_0_we0       |  out|     1|   ap_memory|                      jcoup_prefetch_data_59_0|         array|
|jcoup_prefetch_data_59_0_d0        |  out|    32|   ap_memory|                      jcoup_prefetch_data_59_0|         array|
|jcoup_prefetch_data_60_0_address0  |  out|     5|   ap_memory|                      jcoup_prefetch_data_60_0|         array|
|jcoup_prefetch_data_60_0_ce0       |  out|     1|   ap_memory|                      jcoup_prefetch_data_60_0|         array|
|jcoup_prefetch_data_60_0_we0       |  out|     1|   ap_memory|                      jcoup_prefetch_data_60_0|         array|
|jcoup_prefetch_data_60_0_d0        |  out|    32|   ap_memory|                      jcoup_prefetch_data_60_0|         array|
|jcoup_prefetch_data_61_0_address0  |  out|     5|   ap_memory|                      jcoup_prefetch_data_61_0|         array|
|jcoup_prefetch_data_61_0_ce0       |  out|     1|   ap_memory|                      jcoup_prefetch_data_61_0|         array|
|jcoup_prefetch_data_61_0_we0       |  out|     1|   ap_memory|                      jcoup_prefetch_data_61_0|         array|
|jcoup_prefetch_data_61_0_d0        |  out|    32|   ap_memory|                      jcoup_prefetch_data_61_0|         array|
|jcoup_prefetch_data_62_0_address0  |  out|     5|   ap_memory|                      jcoup_prefetch_data_62_0|         array|
|jcoup_prefetch_data_62_0_ce0       |  out|     1|   ap_memory|                      jcoup_prefetch_data_62_0|         array|
|jcoup_prefetch_data_62_0_we0       |  out|     1|   ap_memory|                      jcoup_prefetch_data_62_0|         array|
|jcoup_prefetch_data_62_0_d0        |  out|    32|   ap_memory|                      jcoup_prefetch_data_62_0|         array|
|jcoup_prefetch_data_63_0_address0  |  out|     5|   ap_memory|                      jcoup_prefetch_data_63_0|         array|
|jcoup_prefetch_data_63_0_ce0       |  out|     1|   ap_memory|                      jcoup_prefetch_data_63_0|         array|
|jcoup_prefetch_data_63_0_we0       |  out|     1|   ap_memory|                      jcoup_prefetch_data_63_0|         array|
|jcoup_prefetch_data_63_0_d0        |  out|    32|   ap_memory|                      jcoup_prefetch_data_63_0|         array|
|jcoup_1                            |   in|    64|     ap_none|                                       jcoup_1|        scalar|
|select_ln270                       |   in|     2|     ap_none|                                  select_ln270|        scalar|
|icmp_ln270                         |   in|     1|     ap_none|                                    icmp_ln270|        scalar|
|jcoup_0                            |   in|    64|     ap_none|                                       jcoup_0|        scalar|
|select_ln269                       |   in|     2|     ap_none|                                  select_ln269|        scalar|
|icmp_ln269                         |   in|     1|     ap_none|                                    icmp_ln269|        scalar|
+-----------------------------------+-----+------+------------+----------------------------------------------+--------------+

