

================================================================
== Vitis HLS Report for 'Run'
================================================================
* Date:           Mon Oct 18 02:31:33 2021

* Version:        2021.1 (Build 3247384 on Thu Jun 10 19:36:33 MDT 2021)
* Project:        SQA-Vitis
* Solution:       solution1 (Vitis Kernel Flow Target)
* Product family: virtexuplus
* Target device:  xcvu35p-fsvh2892-2-e


================================================================
== Performance Estimates
================================================================
+ Timing: 
    * Summary: 
    +--------+---------+----------+------------+
    |  Clock |  Target | Estimated| Uncertainty|
    +--------+---------+----------+------------+
    |ap_clk  |  3.33 ns|  2.885 ns|     0.90 ns|
    +--------+---------+----------+------------+

+ Latency: 
    * Summary: 
    +---------+---------+----------+----------+-----+-----+---------+
    |  Latency (cycles) |  Latency (absolute) |  Interval | Pipeline|
    |   min   |   max   |    min   |    max   | min | max |   Type  |
    +---------+---------+----------+----------+-----+-----+---------+
    |      175|      196|  0.583 us|  0.653 us|  175|  196|       no|
    +---------+---------+----------+----------+-----+-----+---------+

    + Detail: 
        * Instance: 
        +--------------------------------+---------------------+---------+---------+----------+----------+-----+-----+---------+
        |                                |                     |  Latency (cycles) |  Latency (absolute) |  Interval | Pipeline|
        |            Instance            |        Module       |   min   |   max   |    min   |    max   | min | max |   Type  |
        +--------------------------------+---------------------+---------+---------+----------+----------+-----+-----+---------+
        |grp_Run_Pipeline_SUM_UP_fu_771  |Run_Pipeline_SUM_UP  |      120|      120|  0.400 us|  0.400 us|  120|  120|       no|
        +--------------------------------+---------------------+---------+---------+----------+----------+-----+-----+---------+

        * Loop: 
        N/A



================================================================
== Utilization Estimates
================================================================
* Summary: 
+---------------------+---------+------+---------+--------+-----+
|         Name        | BRAM_18K|  DSP |    FF   |   LUT  | URAM|
+---------------------+---------+------+---------+--------+-----+
|DSP                  |        -|     -|        -|       -|    -|
|Expression           |        -|     -|        0|     255|    -|
|FIFO                 |        -|     -|        -|       -|    -|
|Instance             |        -|   131|    28862|   20458|    -|
|Memory               |        0|     -|       32|      33|    0|
|Multiplexer          |        -|     -|        -|    2173|    -|
|Register             |        -|     -|     1248|       -|    -|
+---------------------+---------+------+---------+--------+-----+
|Total                |        0|   131|    30142|   22919|    0|
+---------------------+---------+------+---------+--------+-----+
|Available SLR        |     1344|  2976|   871680|  435840|  320|
+---------------------+---------+------+---------+--------+-----+
|Utilization SLR (%)  |        0|     4|        3|       5|    0|
+---------------------+---------+------+---------+--------+-----+
|Available            |     2688|  5952|  1743360|  871680|  640|
+---------------------+---------+------+---------+--------+-----+
|Utilization (%)      |        0|     2|        1|       2|    0|
+---------------------+---------+------+---------+--------+-----+

+ Detail: 
    * Instance: 
    +--------------------------------------+--------------------------------+---------+-----+-------+-------+-----+
    |               Instance               |             Module             | BRAM_18K| DSP |   FF  |  LUT  | URAM|
    +--------------------------------------+--------------------------------+---------+-----+-------+-------+-----+
    |grp_Run_Pipeline_SUM_UP_fu_771        |Run_Pipeline_SUM_UP             |        0|  122|  27765|  19786|    0|
    |fadd_32ns_32ns_32_7_full_dsp_1_U1137  |fadd_32ns_32ns_32_7_full_dsp_1  |        0|    2|    318|    198|    0|
    |fadd_32ns_32ns_32_7_full_dsp_1_U1138  |fadd_32ns_32ns_32_7_full_dsp_1  |        0|    2|    318|    198|    0|
    |fadd_32ns_32ns_32_7_full_dsp_1_U1139  |fadd_32ns_32ns_32_7_full_dsp_1  |        0|    2|    318|    198|    0|
    |fcmp_32ns_32ns_1_2_no_dsp_1_U1142     |fcmp_32ns_32ns_1_2_no_dsp_1     |        0|    0|      0|      0|    0|
    |fdiv_32ns_32ns_32_12_no_dsp_1_U1141   |fdiv_32ns_32ns_32_12_no_dsp_1   |        0|    0|      0|      0|    0|
    |fmul_32ns_32ns_32_4_max_dsp_1_U1140   |fmul_32ns_32ns_32_4_max_dsp_1   |        0|    3|    143|     78|    0|
    +--------------------------------------+--------------------------------+---------+-----+-------+-------+-----+
    |Total                                 |                                |        0|  131|  28862|  20458|    0|
    +--------------------------------------+--------------------------------+---------+-----+-------+-------+-----+

    * DSP: 
    N/A

    * Memory: 
    +------------+--------------+---------+----+----+-----+------+-----+------+-------------+
    |   Memory   |    Module    | BRAM_18K| FF | LUT| URAM| Words| Bits| Banks| W*Bits*Banks|
    +------------+--------------+---------+----+----+-----+------+-----+------+-------------+
    |dh_tmp_2_U  |Run_dh_tmp_2  |        0|  32|  33|    0|    32|   32|     1|         1024|
    +------------+--------------+---------+----+----+-----+------+-----+------+-------------+
    |Total       |              |        0|  32|  33|    0|    32|   32|     1|         1024|
    +------------+--------------+---------+----+----+-----+------+-----+------+-------------+

    * FIFO: 
    N/A

    * Expression: 
    +-------------------------+----------+----+---+----+------------+------------+
    |      Variable Name      | Operation| DSP| FF| LUT| Bitwidth P0| Bitwidth P1|
    +-------------------------+----------+----+---+----+------------+------------+
    |and_ln129_fu_1223_p2     |       and|   0|  0|   2|           1|           1|
    |and_ln153_1_fu_1392_p2   |       and|   0|  0|   2|           1|           1|
    |and_ln153_fu_1386_p2     |       and|   0|  0|   2|           1|           1|
    |icmp_ln129_1_fu_1217_p2  |      icmp|   0|  0|  12|          13|          13|
    |icmp_ln129_fu_1197_p2    |      icmp|   0|  0|  12|          13|          13|
    |icmp_ln153_1_fu_1360_p2  |      icmp|   0|  0|  16|          23|           1|
    |icmp_ln153_2_fu_1366_p2  |      icmp|   0|  0|  11|           8|           2|
    |icmp_ln153_3_fu_1372_p2  |      icmp|   0|  0|  16|          23|           1|
    |icmp_ln153_fu_1354_p2    |      icmp|   0|  0|  11|           8|           2|
    |or_ln153_1_fu_1382_p2    |        or|   0|  0|   2|           1|           1|
    |or_ln153_fu_1378_p2      |        or|   0|  0|   2|           1|           1|
    |dh_tmp_5_fu_1238_p3      |    select|   0|  0|  32|           1|          32|
    |dh_tmp_7_fu_1310_p3      |    select|   0|  0|  32|           1|          32|
    |p_Val2_s_fu_1264_p3      |    select|   0|  0|  63|           1|          64|
    |select_ln138_fu_1229_p3  |    select|   0|  0|  32|           1|          32|
    |p_Repl2_s_fu_1290_p2     |       xor|   0|  0|   2|           1|           2|
    |r_fu_1398_p2             |       xor|   0|  0|   2|           1|           2|
    |xor_ln1049_fu_1234_p2    |       xor|   0|  0|   2|           1|           1|
    |xor_ln129_fu_1203_p2     |       xor|   0|  0|   2|           1|           2|
    +-------------------------+----------+----+---+----+------------+------------+
    |Total                    |          |   0|  0| 255|         101|         204|
    +-------------------------+----------+----+---+----+------------+------------+

    * Multiplexer: 
    +--------------------------+-----+-----------+-----+-----------+
    |           Name           | LUT | Input Size| Bits| Total Bits|
    +--------------------------+-----+-----------+-----+-----------+
    |ap_NS_fsm                 |  364|         78|    1|         78|
    |dh_tmp_2_address0         |  107|         22|    5|        110|
    |dh_tmp_2_address1         |   97|         20|    5|        100|
    |dh_tmp_2_ce0              |   14|          3|    1|          3|
    |dh_tmp_2_d0               |   26|          5|   32|        160|
    |dh_tmp_2_d1               |   14|          3|   32|         96|
    |dh_tmp_2_we0              |   14|          3|    1|          3|
    |grp_fu_1036_ce            |    9|          2|    1|          2|
    |grp_fu_1036_p0            |   91|         19|   32|        608|
    |grp_fu_1036_p1            |   91|         19|   32|        608|
    |grp_fu_1040_ce            |    9|          2|    1|          2|
    |grp_fu_1040_p0            |   26|          5|   32|        160|
    |grp_fu_1040_p1            |   26|          5|   32|        160|
    |grp_fu_1044_ce            |    9|          2|    1|          2|
    |grp_fu_1044_p0            |   14|          3|   32|         96|
    |grp_fu_1044_p1            |   14|          3|   32|         96|
    |grp_fu_1048_p0            |   14|          3|   32|         96|
    |grp_fu_1048_p1            |   14|          3|   32|         96|
    |j_stream_0_010_read       |    9|          2|    1|          2|
    |j_stream_0_011_read       |    9|          2|    1|          2|
    |j_stream_0_012_read       |    9|          2|    1|          2|
    |j_stream_0_013_read       |    9|          2|    1|          2|
    |j_stream_0_014_read       |    9|          2|    1|          2|
    |j_stream_0_015_read       |    9|          2|    1|          2|
    |j_stream_0_016_read       |    9|          2|    1|          2|
    |j_stream_0_017_read       |    9|          2|    1|          2|
    |j_stream_0_018_read       |    9|          2|    1|          2|
    |j_stream_0_019_read       |    9|          2|    1|          2|
    |j_stream_0_01_read        |    9|          2|    1|          2|
    |j_stream_0_020_read       |    9|          2|    1|          2|
    |j_stream_0_02100_read     |    9|          2|    1|          2|
    |j_stream_0_02101_read     |    9|          2|    1|          2|
    |j_stream_0_02102_read     |    9|          2|    1|          2|
    |j_stream_0_02103_read     |    9|          2|    1|          2|
    |j_stream_0_02104_read     |    9|          2|    1|          2|
    |j_stream_0_02105_read     |    9|          2|    1|          2|
    |j_stream_0_02106_read     |    9|          2|    1|          2|
    |j_stream_0_02107_read     |    9|          2|    1|          2|
    |j_stream_0_02108_read     |    9|          2|    1|          2|
    |j_stream_0_02109_read     |    9|          2|    1|          2|
    |j_stream_0_02110_read     |    9|          2|    1|          2|
    |j_stream_0_02111_read     |    9|          2|    1|          2|
    |j_stream_0_02112_read     |    9|          2|    1|          2|
    |j_stream_0_02113_read     |    9|          2|    1|          2|
    |j_stream_0_02114_read     |    9|          2|    1|          2|
    |j_stream_0_02115_read     |    9|          2|    1|          2|
    |j_stream_0_02116_read     |    9|          2|    1|          2|
    |j_stream_0_02117_read     |    9|          2|    1|          2|
    |j_stream_0_02118_read     |    9|          2|    1|          2|
    |j_stream_0_02119_read     |    9|          2|    1|          2|
    |j_stream_0_02120_read     |    9|          2|    1|          2|
    |j_stream_0_02121_read     |    9|          2|    1|          2|
    |j_stream_0_02122_read     |    9|          2|    1|          2|
    |j_stream_0_02123_read     |    9|          2|    1|          2|
    |j_stream_0_02124_read     |    9|          2|    1|          2|
    |j_stream_0_02125_read     |    9|          2|    1|          2|
    |j_stream_0_02126_read     |    9|          2|    1|          2|
    |j_stream_0_02127_read     |    9|          2|    1|          2|
    |j_stream_0_021_read       |    9|          2|    1|          2|
    |j_stream_0_022_read       |    9|          2|    1|          2|
    |j_stream_0_023_read       |    9|          2|    1|          2|
    |j_stream_0_024_read       |    9|          2|    1|          2|
    |j_stream_0_025_read       |    9|          2|    1|          2|
    |j_stream_0_0264_read      |    9|          2|    1|          2|
    |j_stream_0_0265_read      |    9|          2|    1|          2|
    |j_stream_0_0266_read      |    9|          2|    1|          2|
    |j_stream_0_0267_read      |    9|          2|    1|          2|
    |j_stream_0_0268_read      |    9|          2|    1|          2|
    |j_stream_0_0269_read      |    9|          2|    1|          2|
    |j_stream_0_026_read       |    9|          2|    1|          2|
    |j_stream_0_0270_read      |    9|          2|    1|          2|
    |j_stream_0_0271_read      |    9|          2|    1|          2|
    |j_stream_0_0272_read      |    9|          2|    1|          2|
    |j_stream_0_0273_read      |    9|          2|    1|          2|
    |j_stream_0_0274_read      |    9|          2|    1|          2|
    |j_stream_0_0275_read      |    9|          2|    1|          2|
    |j_stream_0_0276_read      |    9|          2|    1|          2|
    |j_stream_0_0277_read      |    9|          2|    1|          2|
    |j_stream_0_0278_read      |    9|          2|    1|          2|
    |j_stream_0_0279_read      |    9|          2|    1|          2|
    |j_stream_0_027_read       |    9|          2|    1|          2|
    |j_stream_0_0280_read      |    9|          2|    1|          2|
    |j_stream_0_0281_read      |    9|          2|    1|          2|
    |j_stream_0_0282_read      |    9|          2|    1|          2|
    |j_stream_0_0283_read      |    9|          2|    1|          2|
    |j_stream_0_0284_read      |    9|          2|    1|          2|
    |j_stream_0_0285_read      |    9|          2|    1|          2|
    |j_stream_0_0286_read      |    9|          2|    1|          2|
    |j_stream_0_0287_read      |    9|          2|    1|          2|
    |j_stream_0_0288_read      |    9|          2|    1|          2|
    |j_stream_0_0289_read      |    9|          2|    1|          2|
    |j_stream_0_028_read       |    9|          2|    1|          2|
    |j_stream_0_0290_read      |    9|          2|    1|          2|
    |j_stream_0_0291_read      |    9|          2|    1|          2|
    |j_stream_0_0292_read      |    9|          2|    1|          2|
    |j_stream_0_0293_read      |    9|          2|    1|          2|
    |j_stream_0_0294_read      |    9|          2|    1|          2|
    |j_stream_0_0295_read      |    9|          2|    1|          2|
    |j_stream_0_0296_read      |    9|          2|    1|          2|
    |j_stream_0_0297_read      |    9|          2|    1|          2|
    |j_stream_0_0298_read      |    9|          2|    1|          2|
    |j_stream_0_0299_read      |    9|          2|    1|          2|
    |j_stream_0_029_read       |    9|          2|    1|          2|
    |j_stream_0_02_read        |    9|          2|    1|          2|
    |j_stream_0_030_read       |    9|          2|    1|          2|
    |j_stream_0_031_read       |    9|          2|    1|          2|
    |j_stream_0_032_read       |    9|          2|    1|          2|
    |j_stream_0_033_read       |    9|          2|    1|          2|
    |j_stream_0_034_read       |    9|          2|    1|          2|
    |j_stream_0_035_read       |    9|          2|    1|          2|
    |j_stream_0_036_read       |    9|          2|    1|          2|
    |j_stream_0_037_read       |    9|          2|    1|          2|
    |j_stream_0_038_read       |    9|          2|    1|          2|
    |j_stream_0_039_read       |    9|          2|    1|          2|
    |j_stream_0_03_read        |    9|          2|    1|          2|
    |j_stream_0_040_read       |    9|          2|    1|          2|
    |j_stream_0_041_read       |    9|          2|    1|          2|
    |j_stream_0_042_read       |    9|          2|    1|          2|
    |j_stream_0_043_read       |    9|          2|    1|          2|
    |j_stream_0_044_read       |    9|          2|    1|          2|
    |j_stream_0_045_read       |    9|          2|    1|          2|
    |j_stream_0_046_read       |    9|          2|    1|          2|
    |j_stream_0_047_read       |    9|          2|    1|          2|
    |j_stream_0_048_read       |    9|          2|    1|          2|
    |j_stream_0_049_read       |    9|          2|    1|          2|
    |j_stream_0_04_read        |    9|          2|    1|          2|
    |j_stream_0_050_read       |    9|          2|    1|          2|
    |j_stream_0_051_read       |    9|          2|    1|          2|
    |j_stream_0_052_read       |    9|          2|    1|          2|
    |j_stream_0_053_read       |    9|          2|    1|          2|
    |j_stream_0_054_read       |    9|          2|    1|          2|
    |j_stream_0_055_read       |    9|          2|    1|          2|
    |j_stream_0_056_read       |    9|          2|    1|          2|
    |j_stream_0_057_read       |    9|          2|    1|          2|
    |j_stream_0_058_read       |    9|          2|    1|          2|
    |j_stream_0_059_read       |    9|          2|    1|          2|
    |j_stream_0_05_read        |    9|          2|    1|          2|
    |j_stream_0_060_read       |    9|          2|    1|          2|
    |j_stream_0_061_read       |    9|          2|    1|          2|
    |j_stream_0_062_read       |    9|          2|    1|          2|
    |j_stream_0_063_read       |    9|          2|    1|          2|
    |j_stream_0_06_read        |    9|          2|    1|          2|
    |j_stream_0_07_read        |    9|          2|    1|          2|
    |j_stream_0_08_read        |    9|          2|    1|          2|
    |j_stream_0_09_read        |    9|          2|    1|          2|
    |j_stream_0_0_read         |    9|          2|    1|          2|
    |trotters_local1_address0  |   20|          4|    5|         20|
    |trotters_local1_ce0       |   14|          3|    1|          3|
    |trotters_local_address0   |   20|          4|    5|         20|
    |trotters_local_ce0        |   14|          3|    1|          3|
    +--------------------------+-----+-----------+-----+-----------+
    |Total                     | 2173|        470|  476|       2778|
    +--------------------------+-----+-----------+-----+-----------+

    * Register: 
    +---------------------------------------------+----+----+-----+-----------+
    |                     Name                    | FF | LUT| Bits| Const Bits|
    +---------------------------------------------+----+----+-----+-----------+
    |add3_i_i_i_i_1_reg_1646                      |  32|   0|   32|          0|
    |add3_i_i_i_i_2_reg_1651                      |  32|   0|   32|          0|
    |add3_i_i_i_i_3_reg_1656                      |  32|   0|   32|          0|
    |add3_i_i_i_i_i_8_reg_1630                    |  32|   0|   32|          0|
    |add3_i_i_i_i_i_9_reg_1635                    |  32|   0|   32|          0|
    |add3_i_i_i_i_reg_1641                        |  32|   0|   32|          0|
    |and_ln129_reg_1463                           |   1|   0|    1|          0|
    |and_ln153_1_reg_1727                         |   1|   0|    1|          0|
    |ap_CS_fsm                                    |  77|   0|   77|          0|
    |dh_tmp_5_reg_1666                            |  32|   0|   32|          0|
    |div_i_reg_1671                               |  32|   0|   32|          0|
    |grp_Run_Pipeline_SUM_UP_fu_771_ap_start_reg  |   1|   0|    1|          0|
    |icmp_ln153_1_reg_1712                        |   1|   0|    1|          0|
    |icmp_ln153_2_reg_1717                        |   1|   0|    1|          0|
    |icmp_ln153_3_reg_1722                        |   1|   0|    1|          0|
    |icmp_ln153_reg_1707                          |   1|   0|    1|          0|
    |p_Result_135_reg_1696                        |   1|   0|    1|          0|
    |p_Result_s_reg_1731                          |  64|   0|   64|          0|
    |p_Val2_s_reg_1691                            |  64|   0|   64|          0|
    |reg_1062                                     |  32|   0|   32|          0|
    |reg_1067                                     |  32|   0|   32|          0|
    |reg_1072                                     |  32|   0|   32|          0|
    |reg_1077                                     |  32|   0|   32|          0|
    |reg_1082                                     |  32|   0|   32|          0|
    |reg_1087                                     |  32|   0|   32|          0|
    |reg_1092                                     |  32|   0|   32|          0|
    |reg_1097                                     |  32|   0|   32|          0|
    |reg_1102                                     |  32|   0|   32|          0|
    |reg_1107                                     |  32|   0|   32|          0|
    |reg_1112                                     |  32|   0|   32|          0|
    |reg_1117                                     |  32|   0|   32|          0|
    |reg_1122                                     |  32|   0|   32|          0|
    |reg_1127                                     |  32|   0|   32|          0|
    |reg_1132                                     |  32|   0|   32|          0|
    |reg_1139                                     |  32|   0|   32|          0|
    |reg_1147                                     |  32|   0|   32|          0|
    |reg_1154                                     |  32|   0|   32|          0|
    |reg_1161                                     |  32|   0|   32|          0|
    |reg_1167                                     |  32|   0|   32|          0|
    |reg_1174                                     |  32|   0|   32|          0|
    |reg_1180                                     |  32|   0|   32|          0|
    |reg_1187                                     |  32|   0|   32|          0|
    |select_ln138_reg_1661                        |  32|   0|   32|          0|
    |trotters_local1_addr_reg_1686                |   5|   0|    5|          0|
    |trotters_local_addr_reg_1681                 |   5|   0|    5|          0|
    |trunc_ln819_reg_1676                         |   1|   0|    1|          0|
    +---------------------------------------------+----+----+-----+-----------+
    |Total                                        |1248|   0| 1248|          0|
    +---------------------------------------------+----+----+-----+-----------+



================================================================
== Interface
================================================================
* Summary: 
+--------------------------+-----+-----+------------+----------------------+--------------+
|         RTL Ports        | Dir | Bits|  Protocol  |     Source Object    |    C Type    |
+--------------------------+-----+-----+------------+----------------------+--------------+
|ap_clk                    |   in|    1|  ap_ctrl_hs|                   Run|  return value|
|ap_rst                    |   in|    1|  ap_ctrl_hs|                   Run|  return value|
|ap_start                  |   in|    1|  ap_ctrl_hs|                   Run|  return value|
|ap_done                   |  out|    1|  ap_ctrl_hs|                   Run|  return value|
|ap_idle                   |  out|    1|  ap_ctrl_hs|                   Run|  return value|
|ap_ready                  |  out|    1|  ap_ctrl_hs|                   Run|  return value|
|stage                     |   in|   13|     ap_none|                 stage|        scalar|
|info_t_offset             |   in|    2|     ap_none|         info_t_offset|        scalar|
|info_beta                 |   in|   32|     ap_none|             info_beta|        scalar|
|info_dh_tunnel            |   in|   32|     ap_none|        info_dh_tunnel|        scalar|
|info_neg_dh_tunnel        |   in|   32|     ap_none|    info_neg_dh_tunnel|        scalar|
|state_i_pack              |   in|    6|     ap_none|          state_i_pack|        scalar|
|state_i_spin              |   in|   32|     ap_none|          state_i_spin|        scalar|
|state_up_spin             |   in|    1|     ap_none|         state_up_spin|        scalar|
|state_down_spin           |   in|    1|     ap_none|       state_down_spin|        scalar|
|state_h_local             |   in|   32|     ap_none|         state_h_local|        scalar|
|state_log_rand_local      |   in|   32|     ap_none|  state_log_rand_local|        scalar|
|trotters_local_address0   |  out|    5|   ap_memory|        trotters_local|         array|
|trotters_local_ce0        |  out|    1|   ap_memory|        trotters_local|         array|
|trotters_local_we0        |  out|    1|   ap_memory|        trotters_local|         array|
|trotters_local_d0         |  out|   64|   ap_memory|        trotters_local|         array|
|trotters_local_q0         |   in|   64|   ap_memory|        trotters_local|         array|
|trotters_local1_address0  |  out|    5|   ap_memory|       trotters_local1|         array|
|trotters_local1_ce0       |  out|    1|   ap_memory|       trotters_local1|         array|
|trotters_local1_we0       |  out|    1|   ap_memory|       trotters_local1|         array|
|trotters_local1_d0        |  out|   64|   ap_memory|       trotters_local1|         array|
|trotters_local1_q0        |   in|   64|   ap_memory|       trotters_local1|         array|
|j_stream_0_0_dout         |   in|   32|     ap_fifo|          j_stream_0_0|       pointer|
|j_stream_0_0_empty_n      |   in|    1|     ap_fifo|          j_stream_0_0|       pointer|
|j_stream_0_0_read         |  out|    1|     ap_fifo|          j_stream_0_0|       pointer|
|j_stream_0_01_dout        |   in|   32|     ap_fifo|         j_stream_0_01|       pointer|
|j_stream_0_01_empty_n     |   in|    1|     ap_fifo|         j_stream_0_01|       pointer|
|j_stream_0_01_read        |  out|    1|     ap_fifo|         j_stream_0_01|       pointer|
|j_stream_0_02_dout        |   in|   32|     ap_fifo|         j_stream_0_02|       pointer|
|j_stream_0_02_empty_n     |   in|    1|     ap_fifo|         j_stream_0_02|       pointer|
|j_stream_0_02_read        |  out|    1|     ap_fifo|         j_stream_0_02|       pointer|
|j_stream_0_03_dout        |   in|   32|     ap_fifo|         j_stream_0_03|       pointer|
|j_stream_0_03_empty_n     |   in|    1|     ap_fifo|         j_stream_0_03|       pointer|
|j_stream_0_03_read        |  out|    1|     ap_fifo|         j_stream_0_03|       pointer|
|j_stream_0_04_dout        |   in|   32|     ap_fifo|         j_stream_0_04|       pointer|
|j_stream_0_04_empty_n     |   in|    1|     ap_fifo|         j_stream_0_04|       pointer|
|j_stream_0_04_read        |  out|    1|     ap_fifo|         j_stream_0_04|       pointer|
|j_stream_0_05_dout        |   in|   32|     ap_fifo|         j_stream_0_05|       pointer|
|j_stream_0_05_empty_n     |   in|    1|     ap_fifo|         j_stream_0_05|       pointer|
|j_stream_0_05_read        |  out|    1|     ap_fifo|         j_stream_0_05|       pointer|
|j_stream_0_06_dout        |   in|   32|     ap_fifo|         j_stream_0_06|       pointer|
|j_stream_0_06_empty_n     |   in|    1|     ap_fifo|         j_stream_0_06|       pointer|
|j_stream_0_06_read        |  out|    1|     ap_fifo|         j_stream_0_06|       pointer|
|j_stream_0_07_dout        |   in|   32|     ap_fifo|         j_stream_0_07|       pointer|
|j_stream_0_07_empty_n     |   in|    1|     ap_fifo|         j_stream_0_07|       pointer|
|j_stream_0_07_read        |  out|    1|     ap_fifo|         j_stream_0_07|       pointer|
|j_stream_0_08_dout        |   in|   32|     ap_fifo|         j_stream_0_08|       pointer|
|j_stream_0_08_empty_n     |   in|    1|     ap_fifo|         j_stream_0_08|       pointer|
|j_stream_0_08_read        |  out|    1|     ap_fifo|         j_stream_0_08|       pointer|
|j_stream_0_09_dout        |   in|   32|     ap_fifo|         j_stream_0_09|       pointer|
|j_stream_0_09_empty_n     |   in|    1|     ap_fifo|         j_stream_0_09|       pointer|
|j_stream_0_09_read        |  out|    1|     ap_fifo|         j_stream_0_09|       pointer|
|j_stream_0_010_dout       |   in|   32|     ap_fifo|        j_stream_0_010|       pointer|
|j_stream_0_010_empty_n    |   in|    1|     ap_fifo|        j_stream_0_010|       pointer|
|j_stream_0_010_read       |  out|    1|     ap_fifo|        j_stream_0_010|       pointer|
|j_stream_0_011_dout       |   in|   32|     ap_fifo|        j_stream_0_011|       pointer|
|j_stream_0_011_empty_n    |   in|    1|     ap_fifo|        j_stream_0_011|       pointer|
|j_stream_0_011_read       |  out|    1|     ap_fifo|        j_stream_0_011|       pointer|
|j_stream_0_012_dout       |   in|   32|     ap_fifo|        j_stream_0_012|       pointer|
|j_stream_0_012_empty_n    |   in|    1|     ap_fifo|        j_stream_0_012|       pointer|
|j_stream_0_012_read       |  out|    1|     ap_fifo|        j_stream_0_012|       pointer|
|j_stream_0_013_dout       |   in|   32|     ap_fifo|        j_stream_0_013|       pointer|
|j_stream_0_013_empty_n    |   in|    1|     ap_fifo|        j_stream_0_013|       pointer|
|j_stream_0_013_read       |  out|    1|     ap_fifo|        j_stream_0_013|       pointer|
|j_stream_0_014_dout       |   in|   32|     ap_fifo|        j_stream_0_014|       pointer|
|j_stream_0_014_empty_n    |   in|    1|     ap_fifo|        j_stream_0_014|       pointer|
|j_stream_0_014_read       |  out|    1|     ap_fifo|        j_stream_0_014|       pointer|
|j_stream_0_015_dout       |   in|   32|     ap_fifo|        j_stream_0_015|       pointer|
|j_stream_0_015_empty_n    |   in|    1|     ap_fifo|        j_stream_0_015|       pointer|
|j_stream_0_015_read       |  out|    1|     ap_fifo|        j_stream_0_015|       pointer|
|j_stream_0_016_dout       |   in|   32|     ap_fifo|        j_stream_0_016|       pointer|
|j_stream_0_016_empty_n    |   in|    1|     ap_fifo|        j_stream_0_016|       pointer|
|j_stream_0_016_read       |  out|    1|     ap_fifo|        j_stream_0_016|       pointer|
|j_stream_0_017_dout       |   in|   32|     ap_fifo|        j_stream_0_017|       pointer|
|j_stream_0_017_empty_n    |   in|    1|     ap_fifo|        j_stream_0_017|       pointer|
|j_stream_0_017_read       |  out|    1|     ap_fifo|        j_stream_0_017|       pointer|
|j_stream_0_018_dout       |   in|   32|     ap_fifo|        j_stream_0_018|       pointer|
|j_stream_0_018_empty_n    |   in|    1|     ap_fifo|        j_stream_0_018|       pointer|
|j_stream_0_018_read       |  out|    1|     ap_fifo|        j_stream_0_018|       pointer|
|j_stream_0_019_dout       |   in|   32|     ap_fifo|        j_stream_0_019|       pointer|
|j_stream_0_019_empty_n    |   in|    1|     ap_fifo|        j_stream_0_019|       pointer|
|j_stream_0_019_read       |  out|    1|     ap_fifo|        j_stream_0_019|       pointer|
|j_stream_0_020_dout       |   in|   32|     ap_fifo|        j_stream_0_020|       pointer|
|j_stream_0_020_empty_n    |   in|    1|     ap_fifo|        j_stream_0_020|       pointer|
|j_stream_0_020_read       |  out|    1|     ap_fifo|        j_stream_0_020|       pointer|
|j_stream_0_021_dout       |   in|   32|     ap_fifo|        j_stream_0_021|       pointer|
|j_stream_0_021_empty_n    |   in|    1|     ap_fifo|        j_stream_0_021|       pointer|
|j_stream_0_021_read       |  out|    1|     ap_fifo|        j_stream_0_021|       pointer|
|j_stream_0_022_dout       |   in|   32|     ap_fifo|        j_stream_0_022|       pointer|
|j_stream_0_022_empty_n    |   in|    1|     ap_fifo|        j_stream_0_022|       pointer|
|j_stream_0_022_read       |  out|    1|     ap_fifo|        j_stream_0_022|       pointer|
|j_stream_0_023_dout       |   in|   32|     ap_fifo|        j_stream_0_023|       pointer|
|j_stream_0_023_empty_n    |   in|    1|     ap_fifo|        j_stream_0_023|       pointer|
|j_stream_0_023_read       |  out|    1|     ap_fifo|        j_stream_0_023|       pointer|
|j_stream_0_024_dout       |   in|   32|     ap_fifo|        j_stream_0_024|       pointer|
|j_stream_0_024_empty_n    |   in|    1|     ap_fifo|        j_stream_0_024|       pointer|
|j_stream_0_024_read       |  out|    1|     ap_fifo|        j_stream_0_024|       pointer|
|j_stream_0_025_dout       |   in|   32|     ap_fifo|        j_stream_0_025|       pointer|
|j_stream_0_025_empty_n    |   in|    1|     ap_fifo|        j_stream_0_025|       pointer|
|j_stream_0_025_read       |  out|    1|     ap_fifo|        j_stream_0_025|       pointer|
|j_stream_0_026_dout       |   in|   32|     ap_fifo|        j_stream_0_026|       pointer|
|j_stream_0_026_empty_n    |   in|    1|     ap_fifo|        j_stream_0_026|       pointer|
|j_stream_0_026_read       |  out|    1|     ap_fifo|        j_stream_0_026|       pointer|
|j_stream_0_027_dout       |   in|   32|     ap_fifo|        j_stream_0_027|       pointer|
|j_stream_0_027_empty_n    |   in|    1|     ap_fifo|        j_stream_0_027|       pointer|
|j_stream_0_027_read       |  out|    1|     ap_fifo|        j_stream_0_027|       pointer|
|j_stream_0_028_dout       |   in|   32|     ap_fifo|        j_stream_0_028|       pointer|
|j_stream_0_028_empty_n    |   in|    1|     ap_fifo|        j_stream_0_028|       pointer|
|j_stream_0_028_read       |  out|    1|     ap_fifo|        j_stream_0_028|       pointer|
|j_stream_0_029_dout       |   in|   32|     ap_fifo|        j_stream_0_029|       pointer|
|j_stream_0_029_empty_n    |   in|    1|     ap_fifo|        j_stream_0_029|       pointer|
|j_stream_0_029_read       |  out|    1|     ap_fifo|        j_stream_0_029|       pointer|
|j_stream_0_030_dout       |   in|   32|     ap_fifo|        j_stream_0_030|       pointer|
|j_stream_0_030_empty_n    |   in|    1|     ap_fifo|        j_stream_0_030|       pointer|
|j_stream_0_030_read       |  out|    1|     ap_fifo|        j_stream_0_030|       pointer|
|j_stream_0_031_dout       |   in|   32|     ap_fifo|        j_stream_0_031|       pointer|
|j_stream_0_031_empty_n    |   in|    1|     ap_fifo|        j_stream_0_031|       pointer|
|j_stream_0_031_read       |  out|    1|     ap_fifo|        j_stream_0_031|       pointer|
|j_stream_0_032_dout       |   in|   32|     ap_fifo|        j_stream_0_032|       pointer|
|j_stream_0_032_empty_n    |   in|    1|     ap_fifo|        j_stream_0_032|       pointer|
|j_stream_0_032_read       |  out|    1|     ap_fifo|        j_stream_0_032|       pointer|
|j_stream_0_033_dout       |   in|   32|     ap_fifo|        j_stream_0_033|       pointer|
|j_stream_0_033_empty_n    |   in|    1|     ap_fifo|        j_stream_0_033|       pointer|
|j_stream_0_033_read       |  out|    1|     ap_fifo|        j_stream_0_033|       pointer|
|j_stream_0_034_dout       |   in|   32|     ap_fifo|        j_stream_0_034|       pointer|
|j_stream_0_034_empty_n    |   in|    1|     ap_fifo|        j_stream_0_034|       pointer|
|j_stream_0_034_read       |  out|    1|     ap_fifo|        j_stream_0_034|       pointer|
|j_stream_0_035_dout       |   in|   32|     ap_fifo|        j_stream_0_035|       pointer|
|j_stream_0_035_empty_n    |   in|    1|     ap_fifo|        j_stream_0_035|       pointer|
|j_stream_0_035_read       |  out|    1|     ap_fifo|        j_stream_0_035|       pointer|
|j_stream_0_036_dout       |   in|   32|     ap_fifo|        j_stream_0_036|       pointer|
|j_stream_0_036_empty_n    |   in|    1|     ap_fifo|        j_stream_0_036|       pointer|
|j_stream_0_036_read       |  out|    1|     ap_fifo|        j_stream_0_036|       pointer|
|j_stream_0_037_dout       |   in|   32|     ap_fifo|        j_stream_0_037|       pointer|
|j_stream_0_037_empty_n    |   in|    1|     ap_fifo|        j_stream_0_037|       pointer|
|j_stream_0_037_read       |  out|    1|     ap_fifo|        j_stream_0_037|       pointer|
|j_stream_0_038_dout       |   in|   32|     ap_fifo|        j_stream_0_038|       pointer|
|j_stream_0_038_empty_n    |   in|    1|     ap_fifo|        j_stream_0_038|       pointer|
|j_stream_0_038_read       |  out|    1|     ap_fifo|        j_stream_0_038|       pointer|
|j_stream_0_039_dout       |   in|   32|     ap_fifo|        j_stream_0_039|       pointer|
|j_stream_0_039_empty_n    |   in|    1|     ap_fifo|        j_stream_0_039|       pointer|
|j_stream_0_039_read       |  out|    1|     ap_fifo|        j_stream_0_039|       pointer|
|j_stream_0_040_dout       |   in|   32|     ap_fifo|        j_stream_0_040|       pointer|
|j_stream_0_040_empty_n    |   in|    1|     ap_fifo|        j_stream_0_040|       pointer|
|j_stream_0_040_read       |  out|    1|     ap_fifo|        j_stream_0_040|       pointer|
|j_stream_0_041_dout       |   in|   32|     ap_fifo|        j_stream_0_041|       pointer|
|j_stream_0_041_empty_n    |   in|    1|     ap_fifo|        j_stream_0_041|       pointer|
|j_stream_0_041_read       |  out|    1|     ap_fifo|        j_stream_0_041|       pointer|
|j_stream_0_042_dout       |   in|   32|     ap_fifo|        j_stream_0_042|       pointer|
|j_stream_0_042_empty_n    |   in|    1|     ap_fifo|        j_stream_0_042|       pointer|
|j_stream_0_042_read       |  out|    1|     ap_fifo|        j_stream_0_042|       pointer|
|j_stream_0_043_dout       |   in|   32|     ap_fifo|        j_stream_0_043|       pointer|
|j_stream_0_043_empty_n    |   in|    1|     ap_fifo|        j_stream_0_043|       pointer|
|j_stream_0_043_read       |  out|    1|     ap_fifo|        j_stream_0_043|       pointer|
|j_stream_0_044_dout       |   in|   32|     ap_fifo|        j_stream_0_044|       pointer|
|j_stream_0_044_empty_n    |   in|    1|     ap_fifo|        j_stream_0_044|       pointer|
|j_stream_0_044_read       |  out|    1|     ap_fifo|        j_stream_0_044|       pointer|
|j_stream_0_045_dout       |   in|   32|     ap_fifo|        j_stream_0_045|       pointer|
|j_stream_0_045_empty_n    |   in|    1|     ap_fifo|        j_stream_0_045|       pointer|
|j_stream_0_045_read       |  out|    1|     ap_fifo|        j_stream_0_045|       pointer|
|j_stream_0_046_dout       |   in|   32|     ap_fifo|        j_stream_0_046|       pointer|
|j_stream_0_046_empty_n    |   in|    1|     ap_fifo|        j_stream_0_046|       pointer|
|j_stream_0_046_read       |  out|    1|     ap_fifo|        j_stream_0_046|       pointer|
|j_stream_0_047_dout       |   in|   32|     ap_fifo|        j_stream_0_047|       pointer|
|j_stream_0_047_empty_n    |   in|    1|     ap_fifo|        j_stream_0_047|       pointer|
|j_stream_0_047_read       |  out|    1|     ap_fifo|        j_stream_0_047|       pointer|
|j_stream_0_048_dout       |   in|   32|     ap_fifo|        j_stream_0_048|       pointer|
|j_stream_0_048_empty_n    |   in|    1|     ap_fifo|        j_stream_0_048|       pointer|
|j_stream_0_048_read       |  out|    1|     ap_fifo|        j_stream_0_048|       pointer|
|j_stream_0_049_dout       |   in|   32|     ap_fifo|        j_stream_0_049|       pointer|
|j_stream_0_049_empty_n    |   in|    1|     ap_fifo|        j_stream_0_049|       pointer|
|j_stream_0_049_read       |  out|    1|     ap_fifo|        j_stream_0_049|       pointer|
|j_stream_0_050_dout       |   in|   32|     ap_fifo|        j_stream_0_050|       pointer|
|j_stream_0_050_empty_n    |   in|    1|     ap_fifo|        j_stream_0_050|       pointer|
|j_stream_0_050_read       |  out|    1|     ap_fifo|        j_stream_0_050|       pointer|
|j_stream_0_051_dout       |   in|   32|     ap_fifo|        j_stream_0_051|       pointer|
|j_stream_0_051_empty_n    |   in|    1|     ap_fifo|        j_stream_0_051|       pointer|
|j_stream_0_051_read       |  out|    1|     ap_fifo|        j_stream_0_051|       pointer|
|j_stream_0_052_dout       |   in|   32|     ap_fifo|        j_stream_0_052|       pointer|
|j_stream_0_052_empty_n    |   in|    1|     ap_fifo|        j_stream_0_052|       pointer|
|j_stream_0_052_read       |  out|    1|     ap_fifo|        j_stream_0_052|       pointer|
|j_stream_0_053_dout       |   in|   32|     ap_fifo|        j_stream_0_053|       pointer|
|j_stream_0_053_empty_n    |   in|    1|     ap_fifo|        j_stream_0_053|       pointer|
|j_stream_0_053_read       |  out|    1|     ap_fifo|        j_stream_0_053|       pointer|
|j_stream_0_054_dout       |   in|   32|     ap_fifo|        j_stream_0_054|       pointer|
|j_stream_0_054_empty_n    |   in|    1|     ap_fifo|        j_stream_0_054|       pointer|
|j_stream_0_054_read       |  out|    1|     ap_fifo|        j_stream_0_054|       pointer|
|j_stream_0_055_dout       |   in|   32|     ap_fifo|        j_stream_0_055|       pointer|
|j_stream_0_055_empty_n    |   in|    1|     ap_fifo|        j_stream_0_055|       pointer|
|j_stream_0_055_read       |  out|    1|     ap_fifo|        j_stream_0_055|       pointer|
|j_stream_0_056_dout       |   in|   32|     ap_fifo|        j_stream_0_056|       pointer|
|j_stream_0_056_empty_n    |   in|    1|     ap_fifo|        j_stream_0_056|       pointer|
|j_stream_0_056_read       |  out|    1|     ap_fifo|        j_stream_0_056|       pointer|
|j_stream_0_057_dout       |   in|   32|     ap_fifo|        j_stream_0_057|       pointer|
|j_stream_0_057_empty_n    |   in|    1|     ap_fifo|        j_stream_0_057|       pointer|
|j_stream_0_057_read       |  out|    1|     ap_fifo|        j_stream_0_057|       pointer|
|j_stream_0_058_dout       |   in|   32|     ap_fifo|        j_stream_0_058|       pointer|
|j_stream_0_058_empty_n    |   in|    1|     ap_fifo|        j_stream_0_058|       pointer|
|j_stream_0_058_read       |  out|    1|     ap_fifo|        j_stream_0_058|       pointer|
|j_stream_0_059_dout       |   in|   32|     ap_fifo|        j_stream_0_059|       pointer|
|j_stream_0_059_empty_n    |   in|    1|     ap_fifo|        j_stream_0_059|       pointer|
|j_stream_0_059_read       |  out|    1|     ap_fifo|        j_stream_0_059|       pointer|
|j_stream_0_060_dout       |   in|   32|     ap_fifo|        j_stream_0_060|       pointer|
|j_stream_0_060_empty_n    |   in|    1|     ap_fifo|        j_stream_0_060|       pointer|
|j_stream_0_060_read       |  out|    1|     ap_fifo|        j_stream_0_060|       pointer|
|j_stream_0_061_dout       |   in|   32|     ap_fifo|        j_stream_0_061|       pointer|
|j_stream_0_061_empty_n    |   in|    1|     ap_fifo|        j_stream_0_061|       pointer|
|j_stream_0_061_read       |  out|    1|     ap_fifo|        j_stream_0_061|       pointer|
|j_stream_0_062_dout       |   in|   32|     ap_fifo|        j_stream_0_062|       pointer|
|j_stream_0_062_empty_n    |   in|    1|     ap_fifo|        j_stream_0_062|       pointer|
|j_stream_0_062_read       |  out|    1|     ap_fifo|        j_stream_0_062|       pointer|
|j_stream_0_063_dout       |   in|   32|     ap_fifo|        j_stream_0_063|       pointer|
|j_stream_0_063_empty_n    |   in|    1|     ap_fifo|        j_stream_0_063|       pointer|
|j_stream_0_063_read       |  out|    1|     ap_fifo|        j_stream_0_063|       pointer|
|j_stream_0_0264_dout      |   in|   32|     ap_fifo|       j_stream_0_0264|       pointer|
|j_stream_0_0264_empty_n   |   in|    1|     ap_fifo|       j_stream_0_0264|       pointer|
|j_stream_0_0264_read      |  out|    1|     ap_fifo|       j_stream_0_0264|       pointer|
|j_stream_0_0265_dout      |   in|   32|     ap_fifo|       j_stream_0_0265|       pointer|
|j_stream_0_0265_empty_n   |   in|    1|     ap_fifo|       j_stream_0_0265|       pointer|
|j_stream_0_0265_read      |  out|    1|     ap_fifo|       j_stream_0_0265|       pointer|
|j_stream_0_0266_dout      |   in|   32|     ap_fifo|       j_stream_0_0266|       pointer|
|j_stream_0_0266_empty_n   |   in|    1|     ap_fifo|       j_stream_0_0266|       pointer|
|j_stream_0_0266_read      |  out|    1|     ap_fifo|       j_stream_0_0266|       pointer|
|j_stream_0_0267_dout      |   in|   32|     ap_fifo|       j_stream_0_0267|       pointer|
|j_stream_0_0267_empty_n   |   in|    1|     ap_fifo|       j_stream_0_0267|       pointer|
|j_stream_0_0267_read      |  out|    1|     ap_fifo|       j_stream_0_0267|       pointer|
|j_stream_0_0268_dout      |   in|   32|     ap_fifo|       j_stream_0_0268|       pointer|
|j_stream_0_0268_empty_n   |   in|    1|     ap_fifo|       j_stream_0_0268|       pointer|
|j_stream_0_0268_read      |  out|    1|     ap_fifo|       j_stream_0_0268|       pointer|
|j_stream_0_0269_dout      |   in|   32|     ap_fifo|       j_stream_0_0269|       pointer|
|j_stream_0_0269_empty_n   |   in|    1|     ap_fifo|       j_stream_0_0269|       pointer|
|j_stream_0_0269_read      |  out|    1|     ap_fifo|       j_stream_0_0269|       pointer|
|j_stream_0_0270_dout      |   in|   32|     ap_fifo|       j_stream_0_0270|       pointer|
|j_stream_0_0270_empty_n   |   in|    1|     ap_fifo|       j_stream_0_0270|       pointer|
|j_stream_0_0270_read      |  out|    1|     ap_fifo|       j_stream_0_0270|       pointer|
|j_stream_0_0271_dout      |   in|   32|     ap_fifo|       j_stream_0_0271|       pointer|
|j_stream_0_0271_empty_n   |   in|    1|     ap_fifo|       j_stream_0_0271|       pointer|
|j_stream_0_0271_read      |  out|    1|     ap_fifo|       j_stream_0_0271|       pointer|
|j_stream_0_0272_dout      |   in|   32|     ap_fifo|       j_stream_0_0272|       pointer|
|j_stream_0_0272_empty_n   |   in|    1|     ap_fifo|       j_stream_0_0272|       pointer|
|j_stream_0_0272_read      |  out|    1|     ap_fifo|       j_stream_0_0272|       pointer|
|j_stream_0_0273_dout      |   in|   32|     ap_fifo|       j_stream_0_0273|       pointer|
|j_stream_0_0273_empty_n   |   in|    1|     ap_fifo|       j_stream_0_0273|       pointer|
|j_stream_0_0273_read      |  out|    1|     ap_fifo|       j_stream_0_0273|       pointer|
|j_stream_0_0274_dout      |   in|   32|     ap_fifo|       j_stream_0_0274|       pointer|
|j_stream_0_0274_empty_n   |   in|    1|     ap_fifo|       j_stream_0_0274|       pointer|
|j_stream_0_0274_read      |  out|    1|     ap_fifo|       j_stream_0_0274|       pointer|
|j_stream_0_0275_dout      |   in|   32|     ap_fifo|       j_stream_0_0275|       pointer|
|j_stream_0_0275_empty_n   |   in|    1|     ap_fifo|       j_stream_0_0275|       pointer|
|j_stream_0_0275_read      |  out|    1|     ap_fifo|       j_stream_0_0275|       pointer|
|j_stream_0_0276_dout      |   in|   32|     ap_fifo|       j_stream_0_0276|       pointer|
|j_stream_0_0276_empty_n   |   in|    1|     ap_fifo|       j_stream_0_0276|       pointer|
|j_stream_0_0276_read      |  out|    1|     ap_fifo|       j_stream_0_0276|       pointer|
|j_stream_0_0277_dout      |   in|   32|     ap_fifo|       j_stream_0_0277|       pointer|
|j_stream_0_0277_empty_n   |   in|    1|     ap_fifo|       j_stream_0_0277|       pointer|
|j_stream_0_0277_read      |  out|    1|     ap_fifo|       j_stream_0_0277|       pointer|
|j_stream_0_0278_dout      |   in|   32|     ap_fifo|       j_stream_0_0278|       pointer|
|j_stream_0_0278_empty_n   |   in|    1|     ap_fifo|       j_stream_0_0278|       pointer|
|j_stream_0_0278_read      |  out|    1|     ap_fifo|       j_stream_0_0278|       pointer|
|j_stream_0_0279_dout      |   in|   32|     ap_fifo|       j_stream_0_0279|       pointer|
|j_stream_0_0279_empty_n   |   in|    1|     ap_fifo|       j_stream_0_0279|       pointer|
|j_stream_0_0279_read      |  out|    1|     ap_fifo|       j_stream_0_0279|       pointer|
|j_stream_0_0280_dout      |   in|   32|     ap_fifo|       j_stream_0_0280|       pointer|
|j_stream_0_0280_empty_n   |   in|    1|     ap_fifo|       j_stream_0_0280|       pointer|
|j_stream_0_0280_read      |  out|    1|     ap_fifo|       j_stream_0_0280|       pointer|
|j_stream_0_0281_dout      |   in|   32|     ap_fifo|       j_stream_0_0281|       pointer|
|j_stream_0_0281_empty_n   |   in|    1|     ap_fifo|       j_stream_0_0281|       pointer|
|j_stream_0_0281_read      |  out|    1|     ap_fifo|       j_stream_0_0281|       pointer|
|j_stream_0_0282_dout      |   in|   32|     ap_fifo|       j_stream_0_0282|       pointer|
|j_stream_0_0282_empty_n   |   in|    1|     ap_fifo|       j_stream_0_0282|       pointer|
|j_stream_0_0282_read      |  out|    1|     ap_fifo|       j_stream_0_0282|       pointer|
|j_stream_0_0283_dout      |   in|   32|     ap_fifo|       j_stream_0_0283|       pointer|
|j_stream_0_0283_empty_n   |   in|    1|     ap_fifo|       j_stream_0_0283|       pointer|
|j_stream_0_0283_read      |  out|    1|     ap_fifo|       j_stream_0_0283|       pointer|
|j_stream_0_0284_dout      |   in|   32|     ap_fifo|       j_stream_0_0284|       pointer|
|j_stream_0_0284_empty_n   |   in|    1|     ap_fifo|       j_stream_0_0284|       pointer|
|j_stream_0_0284_read      |  out|    1|     ap_fifo|       j_stream_0_0284|       pointer|
|j_stream_0_0285_dout      |   in|   32|     ap_fifo|       j_stream_0_0285|       pointer|
|j_stream_0_0285_empty_n   |   in|    1|     ap_fifo|       j_stream_0_0285|       pointer|
|j_stream_0_0285_read      |  out|    1|     ap_fifo|       j_stream_0_0285|       pointer|
|j_stream_0_0286_dout      |   in|   32|     ap_fifo|       j_stream_0_0286|       pointer|
|j_stream_0_0286_empty_n   |   in|    1|     ap_fifo|       j_stream_0_0286|       pointer|
|j_stream_0_0286_read      |  out|    1|     ap_fifo|       j_stream_0_0286|       pointer|
|j_stream_0_0287_dout      |   in|   32|     ap_fifo|       j_stream_0_0287|       pointer|
|j_stream_0_0287_empty_n   |   in|    1|     ap_fifo|       j_stream_0_0287|       pointer|
|j_stream_0_0287_read      |  out|    1|     ap_fifo|       j_stream_0_0287|       pointer|
|j_stream_0_0288_dout      |   in|   32|     ap_fifo|       j_stream_0_0288|       pointer|
|j_stream_0_0288_empty_n   |   in|    1|     ap_fifo|       j_stream_0_0288|       pointer|
|j_stream_0_0288_read      |  out|    1|     ap_fifo|       j_stream_0_0288|       pointer|
|j_stream_0_0289_dout      |   in|   32|     ap_fifo|       j_stream_0_0289|       pointer|
|j_stream_0_0289_empty_n   |   in|    1|     ap_fifo|       j_stream_0_0289|       pointer|
|j_stream_0_0289_read      |  out|    1|     ap_fifo|       j_stream_0_0289|       pointer|
|j_stream_0_0290_dout      |   in|   32|     ap_fifo|       j_stream_0_0290|       pointer|
|j_stream_0_0290_empty_n   |   in|    1|     ap_fifo|       j_stream_0_0290|       pointer|
|j_stream_0_0290_read      |  out|    1|     ap_fifo|       j_stream_0_0290|       pointer|
|j_stream_0_0291_dout      |   in|   32|     ap_fifo|       j_stream_0_0291|       pointer|
|j_stream_0_0291_empty_n   |   in|    1|     ap_fifo|       j_stream_0_0291|       pointer|
|j_stream_0_0291_read      |  out|    1|     ap_fifo|       j_stream_0_0291|       pointer|
|j_stream_0_0292_dout      |   in|   32|     ap_fifo|       j_stream_0_0292|       pointer|
|j_stream_0_0292_empty_n   |   in|    1|     ap_fifo|       j_stream_0_0292|       pointer|
|j_stream_0_0292_read      |  out|    1|     ap_fifo|       j_stream_0_0292|       pointer|
|j_stream_0_0293_dout      |   in|   32|     ap_fifo|       j_stream_0_0293|       pointer|
|j_stream_0_0293_empty_n   |   in|    1|     ap_fifo|       j_stream_0_0293|       pointer|
|j_stream_0_0293_read      |  out|    1|     ap_fifo|       j_stream_0_0293|       pointer|
|j_stream_0_0294_dout      |   in|   32|     ap_fifo|       j_stream_0_0294|       pointer|
|j_stream_0_0294_empty_n   |   in|    1|     ap_fifo|       j_stream_0_0294|       pointer|
|j_stream_0_0294_read      |  out|    1|     ap_fifo|       j_stream_0_0294|       pointer|
|j_stream_0_0295_dout      |   in|   32|     ap_fifo|       j_stream_0_0295|       pointer|
|j_stream_0_0295_empty_n   |   in|    1|     ap_fifo|       j_stream_0_0295|       pointer|
|j_stream_0_0295_read      |  out|    1|     ap_fifo|       j_stream_0_0295|       pointer|
|j_stream_0_0296_dout      |   in|   32|     ap_fifo|       j_stream_0_0296|       pointer|
|j_stream_0_0296_empty_n   |   in|    1|     ap_fifo|       j_stream_0_0296|       pointer|
|j_stream_0_0296_read      |  out|    1|     ap_fifo|       j_stream_0_0296|       pointer|
|j_stream_0_0297_dout      |   in|   32|     ap_fifo|       j_stream_0_0297|       pointer|
|j_stream_0_0297_empty_n   |   in|    1|     ap_fifo|       j_stream_0_0297|       pointer|
|j_stream_0_0297_read      |  out|    1|     ap_fifo|       j_stream_0_0297|       pointer|
|j_stream_0_0298_dout      |   in|   32|     ap_fifo|       j_stream_0_0298|       pointer|
|j_stream_0_0298_empty_n   |   in|    1|     ap_fifo|       j_stream_0_0298|       pointer|
|j_stream_0_0298_read      |  out|    1|     ap_fifo|       j_stream_0_0298|       pointer|
|j_stream_0_0299_dout      |   in|   32|     ap_fifo|       j_stream_0_0299|       pointer|
|j_stream_0_0299_empty_n   |   in|    1|     ap_fifo|       j_stream_0_0299|       pointer|
|j_stream_0_0299_read      |  out|    1|     ap_fifo|       j_stream_0_0299|       pointer|
|j_stream_0_02100_dout     |   in|   32|     ap_fifo|      j_stream_0_02100|       pointer|
|j_stream_0_02100_empty_n  |   in|    1|     ap_fifo|      j_stream_0_02100|       pointer|
|j_stream_0_02100_read     |  out|    1|     ap_fifo|      j_stream_0_02100|       pointer|
|j_stream_0_02101_dout     |   in|   32|     ap_fifo|      j_stream_0_02101|       pointer|
|j_stream_0_02101_empty_n  |   in|    1|     ap_fifo|      j_stream_0_02101|       pointer|
|j_stream_0_02101_read     |  out|    1|     ap_fifo|      j_stream_0_02101|       pointer|
|j_stream_0_02102_dout     |   in|   32|     ap_fifo|      j_stream_0_02102|       pointer|
|j_stream_0_02102_empty_n  |   in|    1|     ap_fifo|      j_stream_0_02102|       pointer|
|j_stream_0_02102_read     |  out|    1|     ap_fifo|      j_stream_0_02102|       pointer|
|j_stream_0_02103_dout     |   in|   32|     ap_fifo|      j_stream_0_02103|       pointer|
|j_stream_0_02103_empty_n  |   in|    1|     ap_fifo|      j_stream_0_02103|       pointer|
|j_stream_0_02103_read     |  out|    1|     ap_fifo|      j_stream_0_02103|       pointer|
|j_stream_0_02104_dout     |   in|   32|     ap_fifo|      j_stream_0_02104|       pointer|
|j_stream_0_02104_empty_n  |   in|    1|     ap_fifo|      j_stream_0_02104|       pointer|
|j_stream_0_02104_read     |  out|    1|     ap_fifo|      j_stream_0_02104|       pointer|
|j_stream_0_02105_dout     |   in|   32|     ap_fifo|      j_stream_0_02105|       pointer|
|j_stream_0_02105_empty_n  |   in|    1|     ap_fifo|      j_stream_0_02105|       pointer|
|j_stream_0_02105_read     |  out|    1|     ap_fifo|      j_stream_0_02105|       pointer|
|j_stream_0_02106_dout     |   in|   32|     ap_fifo|      j_stream_0_02106|       pointer|
|j_stream_0_02106_empty_n  |   in|    1|     ap_fifo|      j_stream_0_02106|       pointer|
|j_stream_0_02106_read     |  out|    1|     ap_fifo|      j_stream_0_02106|       pointer|
|j_stream_0_02107_dout     |   in|   32|     ap_fifo|      j_stream_0_02107|       pointer|
|j_stream_0_02107_empty_n  |   in|    1|     ap_fifo|      j_stream_0_02107|       pointer|
|j_stream_0_02107_read     |  out|    1|     ap_fifo|      j_stream_0_02107|       pointer|
|j_stream_0_02108_dout     |   in|   32|     ap_fifo|      j_stream_0_02108|       pointer|
|j_stream_0_02108_empty_n  |   in|    1|     ap_fifo|      j_stream_0_02108|       pointer|
|j_stream_0_02108_read     |  out|    1|     ap_fifo|      j_stream_0_02108|       pointer|
|j_stream_0_02109_dout     |   in|   32|     ap_fifo|      j_stream_0_02109|       pointer|
|j_stream_0_02109_empty_n  |   in|    1|     ap_fifo|      j_stream_0_02109|       pointer|
|j_stream_0_02109_read     |  out|    1|     ap_fifo|      j_stream_0_02109|       pointer|
|j_stream_0_02110_dout     |   in|   32|     ap_fifo|      j_stream_0_02110|       pointer|
|j_stream_0_02110_empty_n  |   in|    1|     ap_fifo|      j_stream_0_02110|       pointer|
|j_stream_0_02110_read     |  out|    1|     ap_fifo|      j_stream_0_02110|       pointer|
|j_stream_0_02111_dout     |   in|   32|     ap_fifo|      j_stream_0_02111|       pointer|
|j_stream_0_02111_empty_n  |   in|    1|     ap_fifo|      j_stream_0_02111|       pointer|
|j_stream_0_02111_read     |  out|    1|     ap_fifo|      j_stream_0_02111|       pointer|
|j_stream_0_02112_dout     |   in|   32|     ap_fifo|      j_stream_0_02112|       pointer|
|j_stream_0_02112_empty_n  |   in|    1|     ap_fifo|      j_stream_0_02112|       pointer|
|j_stream_0_02112_read     |  out|    1|     ap_fifo|      j_stream_0_02112|       pointer|
|j_stream_0_02113_dout     |   in|   32|     ap_fifo|      j_stream_0_02113|       pointer|
|j_stream_0_02113_empty_n  |   in|    1|     ap_fifo|      j_stream_0_02113|       pointer|
|j_stream_0_02113_read     |  out|    1|     ap_fifo|      j_stream_0_02113|       pointer|
|j_stream_0_02114_dout     |   in|   32|     ap_fifo|      j_stream_0_02114|       pointer|
|j_stream_0_02114_empty_n  |   in|    1|     ap_fifo|      j_stream_0_02114|       pointer|
|j_stream_0_02114_read     |  out|    1|     ap_fifo|      j_stream_0_02114|       pointer|
|j_stream_0_02115_dout     |   in|   32|     ap_fifo|      j_stream_0_02115|       pointer|
|j_stream_0_02115_empty_n  |   in|    1|     ap_fifo|      j_stream_0_02115|       pointer|
|j_stream_0_02115_read     |  out|    1|     ap_fifo|      j_stream_0_02115|       pointer|
|j_stream_0_02116_dout     |   in|   32|     ap_fifo|      j_stream_0_02116|       pointer|
|j_stream_0_02116_empty_n  |   in|    1|     ap_fifo|      j_stream_0_02116|       pointer|
|j_stream_0_02116_read     |  out|    1|     ap_fifo|      j_stream_0_02116|       pointer|
|j_stream_0_02117_dout     |   in|   32|     ap_fifo|      j_stream_0_02117|       pointer|
|j_stream_0_02117_empty_n  |   in|    1|     ap_fifo|      j_stream_0_02117|       pointer|
|j_stream_0_02117_read     |  out|    1|     ap_fifo|      j_stream_0_02117|       pointer|
|j_stream_0_02118_dout     |   in|   32|     ap_fifo|      j_stream_0_02118|       pointer|
|j_stream_0_02118_empty_n  |   in|    1|     ap_fifo|      j_stream_0_02118|       pointer|
|j_stream_0_02118_read     |  out|    1|     ap_fifo|      j_stream_0_02118|       pointer|
|j_stream_0_02119_dout     |   in|   32|     ap_fifo|      j_stream_0_02119|       pointer|
|j_stream_0_02119_empty_n  |   in|    1|     ap_fifo|      j_stream_0_02119|       pointer|
|j_stream_0_02119_read     |  out|    1|     ap_fifo|      j_stream_0_02119|       pointer|
|j_stream_0_02120_dout     |   in|   32|     ap_fifo|      j_stream_0_02120|       pointer|
|j_stream_0_02120_empty_n  |   in|    1|     ap_fifo|      j_stream_0_02120|       pointer|
|j_stream_0_02120_read     |  out|    1|     ap_fifo|      j_stream_0_02120|       pointer|
|j_stream_0_02121_dout     |   in|   32|     ap_fifo|      j_stream_0_02121|       pointer|
|j_stream_0_02121_empty_n  |   in|    1|     ap_fifo|      j_stream_0_02121|       pointer|
|j_stream_0_02121_read     |  out|    1|     ap_fifo|      j_stream_0_02121|       pointer|
|j_stream_0_02122_dout     |   in|   32|     ap_fifo|      j_stream_0_02122|       pointer|
|j_stream_0_02122_empty_n  |   in|    1|     ap_fifo|      j_stream_0_02122|       pointer|
|j_stream_0_02122_read     |  out|    1|     ap_fifo|      j_stream_0_02122|       pointer|
|j_stream_0_02123_dout     |   in|   32|     ap_fifo|      j_stream_0_02123|       pointer|
|j_stream_0_02123_empty_n  |   in|    1|     ap_fifo|      j_stream_0_02123|       pointer|
|j_stream_0_02123_read     |  out|    1|     ap_fifo|      j_stream_0_02123|       pointer|
|j_stream_0_02124_dout     |   in|   32|     ap_fifo|      j_stream_0_02124|       pointer|
|j_stream_0_02124_empty_n  |   in|    1|     ap_fifo|      j_stream_0_02124|       pointer|
|j_stream_0_02124_read     |  out|    1|     ap_fifo|      j_stream_0_02124|       pointer|
|j_stream_0_02125_dout     |   in|   32|     ap_fifo|      j_stream_0_02125|       pointer|
|j_stream_0_02125_empty_n  |   in|    1|     ap_fifo|      j_stream_0_02125|       pointer|
|j_stream_0_02125_read     |  out|    1|     ap_fifo|      j_stream_0_02125|       pointer|
|j_stream_0_02126_dout     |   in|   32|     ap_fifo|      j_stream_0_02126|       pointer|
|j_stream_0_02126_empty_n  |   in|    1|     ap_fifo|      j_stream_0_02126|       pointer|
|j_stream_0_02126_read     |  out|    1|     ap_fifo|      j_stream_0_02126|       pointer|
|j_stream_0_02127_dout     |   in|   32|     ap_fifo|      j_stream_0_02127|       pointer|
|j_stream_0_02127_empty_n  |   in|    1|     ap_fifo|      j_stream_0_02127|       pointer|
|j_stream_0_02127_read     |  out|    1|     ap_fifo|      j_stream_0_02127|       pointer|
+--------------------------+-----+-----+------------+----------------------+--------------+

