

================================================================
== Vitis HLS Report for 'QuantumMonteCarloU50'
================================================================
* Date:           Wed Aug 25 10:39:49 2021

* Version:        2021.1 (Build 3247384 on Thu Jun 10 19:36:07 MDT 2021)
* Project:        QuantumMonteCarloU50
* Solution:       solution (Vitis Kernel Flow Target)
* Product family: virtexuplus
* Target device:  xcu50-fsvh2104-2-e


================================================================
== Performance Estimates
================================================================
+ Timing: 
    * Summary: 
    +--------+---------+----------+------------+
    |  Clock |  Target | Estimated| Uncertainty|
    +--------+---------+----------+------------+
    |ap_clk  |  3.33 ns|  2.433 ns|     0.90 ns|
    +--------+---------+----------+------------+

+ Latency: 
    * Summary: 
    +---------+---------+----------+-----------+---------+---------+---------+
    |  Latency (cycles) |  Latency (absolute)  |      Interval     | Pipeline|
    |   min   |   max   |    min   |    max    |   min   |   max   |   Type  |
    +---------+---------+----------+-----------+---------+---------+---------+
    |  1596710|  9175761|  5.322 ms|  30.583 ms|  1596711|  9175762|       no|
    +---------+---------+----------+-----------+---------+---------+---------+

    + Detail: 
        * Instance: 
        +--------------------------------------------------------------------------+---------------------------------------------------------------+---------+---------+----------+-----------+------+------+---------+
        |                                                                          |                                                               |  Latency (cycles) |  Latency (absolute)  |   Interval  | Pipeline|
        |                                 Instance                                 |                             Module                            |   min   |   max   |    min   |    max    |  min |  max |   Type  |
        +--------------------------------------------------------------------------+---------------------------------------------------------------+---------+---------+----------+-----------+------+------+---------+
        |grp_QuantumMonteCarloU50_Pipeline_READ_TROTTERS_VITIS_LOOP_195_1_fu_516   |QuantumMonteCarloU50_Pipeline_READ_TROTTERS_VITIS_LOOP_195_1   |     1027|     1027|  3.423 us|   3.423 us|  1027|  1027|       no|
        |grp_QuantumMonteCarloU50_Pipeline_READ_NEW_JCOUP_fu_527                   |QuantumMonteCarloU50_Pipeline_READ_NEW_JCOUP                   |      259|      259|  0.863 us|   0.863 us|   259|   259|       no|
        |grp_TrotterUnit_fu_535                                                    |TrotterUnit                                                    |        1|       96|  3.333 ns|   0.320 us|     1|    96|       no|
        |grp_TrotterUnit_fu_549                                                    |TrotterUnit                                                    |        1|       96|  3.333 ns|   0.320 us|     1|    96|       no|
        |grp_TrotterUnit_fu_563                                                    |TrotterUnit                                                    |        1|       96|  3.333 ns|   0.320 us|     1|    96|       no|
        |grp_TrotterUnit_fu_577                                                    |TrotterUnit                                                    |        1|       96|  3.333 ns|   0.320 us|     1|    96|       no|
        |grp_TrotterUnitFinal_fu_591                                               |TrotterUnitFinal                                               |        1|       15|  3.333 ns|  49.995 ns|     1|    15|       no|
        |grp_TrotterUnitFinal_fu_608                                               |TrotterUnitFinal                                               |        1|       15|  3.333 ns|  49.995 ns|     1|    15|       no|
        |grp_TrotterUnitFinal_fu_625                                               |TrotterUnitFinal                                               |        1|       15|  3.333 ns|  49.995 ns|     1|    15|       no|
        |grp_TrotterUnitFinal_fu_642                                               |TrotterUnitFinal                                               |        1|       15|  3.333 ns|  49.995 ns|     1|    15|       no|
        |grp_QuantumMonteCarloU50_Pipeline_SHIFT_JCOUP_fu_659                      |QuantumMonteCarloU50_Pipeline_SHIFT_JCOUP                      |      258|      258|  0.860 us|   0.860 us|   258|   258|       no|
        |grp_QuantumMonteCarloU50_Pipeline_WRITE_TROTTERS_VITIS_LOOP_281_3_fu_667  |QuantumMonteCarloU50_Pipeline_WRITE_TROTTERS_VITIS_LOOP_281_3  |     1028|     1028|  3.426 us|   3.426 us|  1028|  1028|       no|
        +--------------------------------------------------------------------------+---------------------------------------------------------------+---------+---------+----------+-----------+------+------+---------+

        * Loop: 
        +--------------+---------+---------+------------+-----------+-----------+------+----------+
        |              |  Latency (cycles) |  Iteration |  Initiation Interval  | Trip |          |
        |   Loop Name  |   min   |   max   |   Latency  |  achieved |   target  | Count| Pipelined|
        +--------------+---------+---------+------------+-----------+-----------+------+----------+
        |- LOOP_STAGE  |  1594511|  9173562|  389 ~ 2238|          -|          -|  4099|        no|
        | + LOOP_STEP  |       48|     1568|      3 ~ 98|          -|          -|    16|        no|
        +--------------+---------+---------+------------+-----------+-----------+------+----------+



================================================================
== Utilization Estimates
================================================================
* Summary: 
+---------------------+---------+------+---------+--------+-----+
|         Name        | BRAM_18K|  DSP |    FF   |   LUT  | URAM|
+---------------------+---------+------+---------+--------+-----+
|DSP                  |        -|     -|        -|       -|    -|
|Expression           |        -|     -|        0|   18282|    -|
|FIFO                 |        -|     -|        -|       -|    -|
|Instance             |       30|   543|   144175|   89422|    0|
|Memory               |       36|     -|        0|       0|    0|
|Multiplexer          |        -|     -|        -|    2639|    -|
|Register             |        -|     -|     5992|       -|    -|
+---------------------+---------+------+---------+--------+-----+
|Total                |       66|   543|   150167|  110343|    0|
+---------------------+---------+------+---------+--------+-----+
|Available SLR        |     1344|  2976|   871680|  435840|  320|
+---------------------+---------+------+---------+--------+-----+
|Utilization SLR (%)  |        4|    18|       17|      25|    0|
+---------------------+---------+------+---------+--------+-----+
|Available            |     2688|  5952|  1743360|  871680|  640|
+---------------------+---------+------+---------+--------+-----+
|Utilization (%)      |        2|     9|        8|      12|    0|
+---------------------+---------+------+---------+--------+-----+

+ Detail: 
    * Instance: 
    +--------------------------------------------------------------------------+---------------------------------------------------------------+---------+-----+-------+-------+-----+
    |                                 Instance                                 |                             Module                            | BRAM_18K| DSP |   FF  |  LUT  | URAM|
    +--------------------------------------------------------------------------+---------------------------------------------------------------+---------+-----+-------+-------+-----+
    |grp_QuantumMonteCarloU50_Pipeline_READ_NEW_JCOUP_fu_527                   |QuantumMonteCarloU50_Pipeline_READ_NEW_JCOUP                   |        0|    0|    545|     78|    0|
    |grp_QuantumMonteCarloU50_Pipeline_READ_TROTTERS_VITIS_LOOP_195_1_fu_516   |QuantumMonteCarloU50_Pipeline_READ_TROTTERS_VITIS_LOOP_195_1   |        0|    0|   1060|    609|    0|
    |grp_QuantumMonteCarloU50_Pipeline_SHIFT_JCOUP_fu_659                      |QuantumMonteCarloU50_Pipeline_SHIFT_JCOUP                      |        0|    0|     37|     65|    0|
    |grp_QuantumMonteCarloU50_Pipeline_WRITE_TROTTERS_VITIS_LOOP_281_3_fu_667  |QuantumMonteCarloU50_Pipeline_WRITE_TROTTERS_VITIS_LOOP_281_3  |        0|    0|   1123|   1063|    0|
    |grp_TrotterUnit_fu_535                                                    |TrotterUnit                                                    |        0|  128|  33858|  20520|    0|
    |grp_TrotterUnit_fu_549                                                    |TrotterUnit                                                    |        0|  128|  33858|  20520|    0|
    |grp_TrotterUnit_fu_563                                                    |TrotterUnit                                                    |        0|  128|  33858|  20520|    0|
    |grp_TrotterUnit_fu_577                                                    |TrotterUnit                                                    |        0|  128|  33858|  20520|    0|
    |grp_TrotterUnitFinal_fu_591                                               |TrotterUnitFinal                                               |        0|    7|   1007|    796|    0|
    |grp_TrotterUnitFinal_fu_608                                               |TrotterUnitFinal                                               |        0|    7|   1007|    796|    0|
    |grp_TrotterUnitFinal_fu_625                                               |TrotterUnitFinal                                               |        0|    7|   1007|    796|    0|
    |grp_TrotterUnitFinal_fu_642                                               |TrotterUnitFinal                                               |        0|    7|   1007|    796|    0|
    |control_s_axi_U                                                           |control_s_axi                                                  |        0|    0|    392|    680|    0|
    |fmul_32ns_32ns_32_4_max_dsp_1_U115                                        |fmul_32ns_32ns_32_4_max_dsp_1                                  |        0|    3|    143|     78|    0|
    |gmem_m_axi_U                                                              |gmem_m_axi                                                     |       30|    0|   1415|   1585|    0|
    +--------------------------------------------------------------------------+---------------------------------------------------------------+---------+-----+-------+-------+-----+
    |Total                                                                     |                                                               |       30|  543| 144175|  89422|    0|
    +--------------------------------------------------------------------------+---------------------------------------------------------------+---------+-----+-------+-------+-----+

    * DSP: 
    N/A

    * Memory: 
    +---------------------+-------------------+---------+---+----+-----+------+-----+------+-------------+
    |        Memory       |       Module      | BRAM_18K| FF| LUT| URAM| Words| Bits| Banks| W*Bits*Banks|
    +---------------------+-------------------+---------+---+----+-----+------+-----+------+-------------+
    |JcoupLocal_0_U       |JcoupLocal_0       |        8|  0|   0|    0|   256|  512|     1|       131072|
    |JcoupLocal_3_U       |JcoupLocal_0       |        8|  0|   0|    0|   256|  512|     1|       131072|
    |JcoupLocal_1_U       |JcoupLocal_1       |        8|  0|   0|    0|   256|  512|     1|       131072|
    |JcoupLocal_2_U       |JcoupLocal_1       |        8|  0|   0|    0|   256|  512|     1|       131072|
    |trottersLocal_V_0_U  |trottersLocal_V_0  |        1|  0|   0|    0|   256|   16|     1|         4096|
    |trottersLocal_V_1_U  |trottersLocal_V_0  |        1|  0|   0|    0|   256|   16|     1|         4096|
    |trottersLocal_V_2_U  |trottersLocal_V_0  |        1|  0|   0|    0|   256|   16|     1|         4096|
    |trottersLocal_V_3_U  |trottersLocal_V_0  |        1|  0|   0|    0|   256|   16|     1|         4096|
    +---------------------+-------------------+---------+---+----+-----+------+-----+------+-------------+
    |Total                |                   |       36|  0|   0|    0|  2048| 2112|     8|       540672|
    +---------------------+-------------------+---------+---+----+-----+------+-----+------+-------------+

    * FIFO: 
    N/A

    * Expression: 
    +-----------------------------------+----------+----+---+------+------------+------------+
    |           Variable Name           | Operation| DSP| FF|  LUT | Bitwidth P0| Bitwidth P1|
    +-----------------------------------+----------+----+---+------+------------+------------+
    |Ofst_1_fu_797_p2                   |         +|   0|  0|    19|          12|           2|
    |Ofst_2_fu_891_p2                   |         +|   0|  0|    19|          12|           3|
    |Ofst_3_fu_975_p2                   |         +|   0|  0|    19|          12|           3|
    |add_ln214_fu_725_p2                |         +|   0|  0|    20|          13|           1|
    |add_ln223_fu_1290_p2               |         +|   0|  0|    71|          64|          64|
    |add_ln234_1_fu_828_p2              |         +|   0|  0|    71|          64|          64|
    |add_ln234_2_fu_922_p2              |         +|   0|  0|    71|          64|          64|
    |add_ln234_3_fu_1006_p2             |         +|   0|  0|    71|          64|          64|
    |add_ln234_4_fu_1095_p2             |         +|   0|  0|    13|           6|           6|
    |add_ln234_5_fu_1153_p2             |         +|   0|  0|    13|           6|           6|
    |add_ln234_6_fu_1211_p2             |         +|   0|  0|    13|           6|           6|
    |add_ln234_7_fu_1249_p2             |         +|   0|  0|    13|           6|           6|
    |add_ln234_fu_747_p2                |         +|   0|  0|    71|          64|          64|
    |add_ln235_1_fu_1121_p2             |         +|   0|  0|    13|           6|           6|
    |add_ln235_2_fu_866_p2              |         +|   0|  0|    71|          64|          64|
    |add_ln235_3_fu_1179_p2             |         +|   0|  0|    13|           6|           6|
    |add_ln235_4_fu_960_p2              |         +|   0|  0|    71|          64|          64|
    |add_ln235_5_fu_1237_p2             |         +|   0|  0|    13|           6|           6|
    |add_ln235_6_fu_1039_p2             |         +|   0|  0|    71|          64|          64|
    |add_ln235_7_fu_1254_p2             |         +|   0|  0|    13|           6|           6|
    |add_ln235_fu_762_p2                |         +|   0|  0|    71|          64|          64|
    |packOfst_5_fu_1533_p2              |         +|   0|  0|    16|           9|           5|
    |spinOfst_1_fu_1370_p2              |         +|   0|  0|    12|           4|           2|
    |spinOfst_2_fu_1401_p2              |         +|   0|  0|    12|           4|           3|
    |spinOfst_3_fu_1432_p2              |         +|   0|  0|    12|           4|           3|
    |step_1_fu_1527_p2                  |         +|   0|  0|    20|          13|           9|
    |ap_block_state153_io               |       and|   0|  0|     2|           1|           1|
    |ap_block_state224_on_subcall_done  |       and|   0|  0|     2|           1|           1|
    |icmp_ln214_fu_719_p2               |      icmp|   0|  0|    12|          13|          13|
    |lshr_ln234_1_fu_1170_p2            |      lshr|   0|  0|  2171|         512|         512|
    |lshr_ln234_2_fu_1228_p2            |      lshr|   0|  0|  2171|         512|         512|
    |lshr_ln234_3_fu_1336_p2            |      lshr|   0|  0|  2171|         512|         512|
    |lshr_ln234_fu_1112_p2              |      lshr|   0|  0|  2171|         512|         512|
    |lshr_ln235_1_fu_1195_p2            |      lshr|   0|  0|  2171|         512|         512|
    |lshr_ln235_2_fu_1270_p2            |      lshr|   0|  0|  2171|         512|         512|
    |lshr_ln235_3_fu_1471_p2            |      lshr|   0|  0|  2171|         512|         512|
    |lshr_ln235_fu_1137_p2              |      lshr|   0|  0|  2171|         512|         512|
    |ap_block_state1                    |        or|   0|  0|     2|           1|           1|
    |ap_block_state226_on_subcall_done  |        or|   0|  0|     2|           1|           1|
    |ap_block_state227_on_subcall_done  |        or|   0|  0|     2|           1|           1|
    +-----------------------------------+----------+----+---+------+------------+------------+
    |Total                              |          |   0|  0| 18282|        4821|        4769|
    +-----------------------------------+----------+----+---+------+------------+------------+

    * Multiplexer: 
    +----------------------------+------+-----------+-----+-----------+
    |            Name            |  LUT | Input Size| Bits| Total Bits|
    +----------------------------+------+-----------+-----+-----------+
    |JcoupLocal_0_address0       |    20|          4|    8|         32|
    |JcoupLocal_0_ce0            |    20|          4|    1|          4|
    |JcoupLocal_0_we0            |     9|          2|    1|          2|
    |JcoupLocal_1_address0       |    14|          3|    8|         24|
    |JcoupLocal_1_ce0            |    14|          3|    1|          3|
    |JcoupLocal_1_ce1            |     9|          2|    1|          2|
    |JcoupLocal_1_we0            |     9|          2|    1|          2|
    |JcoupLocal_2_address0       |    14|          3|    8|         24|
    |JcoupLocal_2_ce0            |    14|          3|    1|          3|
    |JcoupLocal_2_ce1            |     9|          2|    1|          2|
    |JcoupLocal_2_we0            |     9|          2|    1|          2|
    |JcoupLocal_3_address0       |    14|          3|    8|         24|
    |JcoupLocal_3_ce0            |    14|          3|    1|          3|
    |JcoupLocal_3_we0            |     9|          2|    1|          2|
    |ap_NS_fsm                   |  1585|        299|    1|        299|
    |ap_done                     |     9|          2|    1|          2|
    |dH_0_0_reg_484              |     9|          2|   32|         64|
    |dH_1_0_reg_474              |     9|          2|   32|         64|
    |dH_2_0_reg_464              |     9|          2|   32|         64|
    |dH_3_0_reg_454              |     9|          2|   32|         64|
    |gmem_ARADDR                 |    65|         13|   64|        832|
    |gmem_ARBURST                |    14|          3|    2|          6|
    |gmem_ARCACHE                |    14|          3|    4|         12|
    |gmem_ARID                   |    14|          3|    1|          3|
    |gmem_ARLEN                  |    31|          6|   32|        192|
    |gmem_ARLOCK                 |    14|          3|    2|          6|
    |gmem_ARPROT                 |    14|          3|    3|          9|
    |gmem_ARQOS                  |    14|          3|    4|         12|
    |gmem_ARREGION               |    14|          3|    4|         12|
    |gmem_ARSIZE                 |    14|          3|    3|          9|
    |gmem_ARUSER                 |    14|          3|    1|          3|
    |gmem_ARVALID                |    20|          4|    1|          4|
    |gmem_AWADDR                 |    14|          3|   64|        192|
    |gmem_AWBURST                |     9|          2|    2|          4|
    |gmem_AWCACHE                |     9|          2|    4|          8|
    |gmem_AWID                   |     9|          2|    1|          2|
    |gmem_AWLEN                  |    14|          3|   32|         96|
    |gmem_AWLOCK                 |     9|          2|    2|          4|
    |gmem_AWPROT                 |     9|          2|    3|          6|
    |gmem_AWQOS                  |     9|          2|    4|          8|
    |gmem_AWREGION               |     9|          2|    4|          8|
    |gmem_AWSIZE                 |     9|          2|    3|          6|
    |gmem_AWUSER                 |     9|          2|    1|          2|
    |gmem_AWVALID                |    14|          3|    1|          3|
    |gmem_BREADY                 |    14|          3|    1|          3|
    |gmem_RREADY                 |    20|          4|    1|          4|
    |gmem_WVALID                 |     9|          2|    1|          2|
    |gmem_blk_n_AR               |     9|          2|    1|          2|
    |gmem_blk_n_AW               |     9|          2|    1|          2|
    |gmem_blk_n_B                |     9|          2|    1|          2|
    |gmem_blk_n_R                |     9|          2|    1|          2|
    |packOfst_4_reg_494          |     9|          2|    9|         18|
    |stage_fu_178                |     9|          2|   13|         26|
    |step_reg_505                |     9|          2|   13|         26|
    |trottersLocal_V_0_address0  |    31|          6|    8|         48|
    |trottersLocal_V_0_ce0       |    31|          6|    1|          6|
    |trottersLocal_V_0_d0        |    14|          3|   16|         48|
    |trottersLocal_V_0_we0       |    14|          3|    1|          3|
    |trottersLocal_V_1_address0  |    31|          6|    8|         48|
    |trottersLocal_V_1_ce0       |    31|          6|    1|          6|
    |trottersLocal_V_1_d0        |    14|          3|   16|         48|
    |trottersLocal_V_1_we0       |    14|          3|    1|          3|
    |trottersLocal_V_2_address0  |    31|          6|    8|         48|
    |trottersLocal_V_2_ce0       |    31|          6|    1|          6|
    |trottersLocal_V_2_d0        |    14|          3|   16|         48|
    |trottersLocal_V_2_we0       |    14|          3|    1|          3|
    |trottersLocal_V_3_address0  |    31|          6|    8|         48|
    |trottersLocal_V_3_ce0       |    31|          6|    1|          6|
    |trottersLocal_V_3_d0        |    14|          3|   16|         48|
    |trottersLocal_V_3_we0       |    14|          3|    1|          3|
    +----------------------------+------+-----------+-----+-----------+
    |Total                       |  2639|        519|  560|       2632|
    +----------------------------+------+-----------+-----+-----------+

    * Register: 
    +---------------------------------------------------------------------------------------+-----+----+-----+-----------+
    |                                          Name                                         |  FF | LUT| Bits| Const Bits|
    +---------------------------------------------------------------------------------------+-----+----+-----+-----------+
    |Ofst_1_reg_1669                                                                        |   12|   0|   12|          0|
    |Ofst_2_reg_1707                                                                        |   12|   0|   12|          0|
    |Ofst_reg_1640                                                                          |   12|   0|   12|          0|
    |add_ln214_reg_1635                                                                     |   13|   0|   13|          0|
    |add_ln223_reg_1877                                                                     |   64|   0|   64|          0|
    |add_ln234_7_reg_1857                                                                   |    6|   0|    6|          0|
    |add_ln235_5_reg_1852                                                                   |    6|   0|    6|          0|
    |add_ln235_7_reg_1862                                                                   |    6|   0|    6|          0|
    |ap_CS_fsm                                                                              |  298|   0|  298|          0|
    |ap_done_reg                                                                            |    1|   0|    1|          0|
    |ap_rst_n_inv                                                                           |    1|   0|    1|          0|
    |ap_rst_reg_1                                                                           |    1|   0|    1|          0|
    |ap_rst_reg_2                                                                           |    1|   0|    1|          0|
    |bitcast_ln235_1_reg_1977                                                               |   32|   0|   32|          0|
    |bitcast_ln235_2_reg_2002                                                               |   32|   0|   32|          0|
    |bitcast_ln235_3_reg_2027                                                               |   32|   0|   32|          0|
    |bitcast_ln235_reg_1952                                                                 |   32|   0|   32|          0|
    |dHTunnel_reg_1596                                                                      |   32|   0|   32|          0|
    |dH_0_0_reg_484                                                                         |   32|   0|   32|          0|
    |dH_0_reg_1947                                                                          |   32|   0|   32|          0|
    |dH_1_0_reg_474                                                                         |   32|   0|   32|          0|
    |dH_1_reg_1972                                                                          |   32|   0|   32|          0|
    |dH_2_0_reg_464                                                                         |   32|   0|   32|          0|
    |dH_2_reg_1997                                                                          |   32|   0|   32|          0|
    |dH_3_0_reg_454                                                                         |   32|   0|   32|          0|
    |dH_3_reg_2022                                                                          |   32|   0|   32|          0|
    |gmem_addr_1_read_reg_1778                                                              |  512|   0|  512|          0|
    |gmem_addr_2_read_reg_1802                                                              |  512|   0|  512|          0|
    |gmem_addr_3_read_reg_1812                                                              |  512|   0|  512|          0|
    |gmem_addr_4_read_reg_1827                                                              |  512|   0|  512|          0|
    |gmem_addr_5_read_reg_1837                                                              |  512|   0|  512|          0|
    |gmem_addr_6_read_reg_1847                                                              |  512|   0|  512|          0|
    |gmem_addr_7_read_reg_1872                                                              |  512|   0|  512|          0|
    |gmem_addr_8_read_reg_1932                                                              |  512|   0|  512|          0|
    |gmem_addr_reg_1557                                                                     |   64|   0|   64|          0|
    |grp_QuantumMonteCarloU50_Pipeline_READ_NEW_JCOUP_fu_527_ap_start_reg                   |    1|   0|    1|          0|
    |grp_QuantumMonteCarloU50_Pipeline_READ_TROTTERS_VITIS_LOOP_195_1_fu_516_ap_start_reg   |    1|   0|    1|          0|
    |grp_QuantumMonteCarloU50_Pipeline_SHIFT_JCOUP_fu_659_ap_start_reg                      |    1|   0|    1|          0|
    |grp_QuantumMonteCarloU50_Pipeline_WRITE_TROTTERS_VITIS_LOOP_281_3_fu_667_ap_start_reg  |    1|   0|    1|          0|
    |grp_TrotterUnitFinal_fu_591_ap_start_reg                                               |    1|   0|    1|          0|
    |grp_TrotterUnitFinal_fu_608_ap_start_reg                                               |    1|   0|    1|          0|
    |grp_TrotterUnitFinal_fu_625_ap_start_reg                                               |    1|   0|    1|          0|
    |grp_TrotterUnitFinal_fu_642_ap_start_reg                                               |    1|   0|    1|          0|
    |grp_TrotterUnit_fu_535_ap_start_reg                                                    |    1|   0|    1|          0|
    |grp_TrotterUnit_fu_549_ap_start_reg                                                    |    1|   0|    1|          0|
    |grp_TrotterUnit_fu_563_ap_start_reg                                                    |    1|   0|    1|          0|
    |grp_TrotterUnit_fu_577_ap_start_reg                                                    |    1|   0|    1|          0|
    |p_Result_17_reg_1942                                                                   |    1|   0|    1|          0|
    |p_Result_18_reg_1962                                                                   |    1|   0|    1|          0|
    |p_Result_19_reg_1967                                                                   |    1|   0|    1|          0|
    |p_Result_20_reg_1987                                                                   |    1|   0|    1|          0|
    |p_Result_21_reg_1992                                                                   |    1|   0|    1|          0|
    |p_Result_22_reg_2012                                                                   |    1|   0|    1|          0|
    |p_Result_23_reg_2017                                                                   |    1|   0|    1|          0|
    |p_Result_s_reg_1937                                                                    |    1|   0|    1|          0|
    |packOfst_1_reg_1674                                                                    |    8|   0|    8|          0|
    |packOfst_2_reg_1712                                                                    |    8|   0|    8|          0|
    |packOfst_3_reg_1739                                                                    |    8|   0|    8|          0|
    |packOfst_4_reg_494                                                                     |    9|   0|    9|          0|
    |packOfst_5_reg_2062                                                                    |    9|   0|    9|          0|
    |packOfst_reg_1882                                                                      |    8|   0|    8|          0|
    |spinOfst_1_reg_1957                                                                    |    4|   0|    4|          0|
    |spinOfst_2_reg_1982                                                                    |    4|   0|    4|          0|
    |spinOfst_3_reg_2007                                                                    |    4|   0|    4|          0|
    |spinOfst_reg_1783                                                                      |    4|   0|    4|          0|
    |stage_1_reg_1620                                                                       |   13|   0|   13|          0|
    |stage_fu_178                                                                           |   13|   0|   13|          0|
    |step_1_reg_2057                                                                        |   13|   0|   13|          0|
    |step_reg_505                                                                           |   13|   0|   13|          0|
    |tmp_reg_2032                                                                           |    1|   0|    1|          0|
    |trunc_ln234_11_reg_1750                                                                |   58|   0|   58|          0|
    |trunc_ln234_12_reg_1745                                                                |    4|   0|    4|          0|
    |trunc_ln234_13_reg_1927                                                                |   32|   0|   32|          0|
    |trunc_ln234_1_reg_1797                                                                 |   32|   0|   32|          0|
    |trunc_ln234_2_reg_1680                                                                 |    4|   0|    4|          0|
    |trunc_ln234_3_reg_1822                                                                 |   32|   0|   32|          0|
    |trunc_ln234_4_reg_1792                                                                 |    4|   0|    6|          2|
    |trunc_ln234_5_reg_1718                                                                 |    4|   0|    4|          0|
    |trunc_ln234_6_reg_1647                                                                 |   58|   0|   58|          0|
    |trunc_ln234_7_reg_1842                                                                 |   32|   0|   32|          0|
    |trunc_ln234_8_reg_1685                                                                 |   58|   0|   58|          0|
    |trunc_ln234_reg_1604                                                                   |    6|   0|    6|          0|
    |trunc_ln234_s_reg_1723                                                                 |   58|   0|   58|          0|
    |trunc_ln235_1_reg_1807                                                                 |   32|   0|   32|          0|
    |trunc_ln235_2_reg_1832                                                                 |   32|   0|   32|          0|
    |trunc_ln235_3_reg_1867                                                                 |   32|   0|   32|          0|
    |trunc_ln235_4_reg_1652                                                                 |   58|   0|   58|          0|
    |trunc_ln235_6_reg_1734                                                                 |   58|   0|   58|          0|
    |trunc_ln235_8_reg_1755                                                                 |   58|   0|   58|          0|
    |trunc_ln235_reg_1612                                                                   |    6|   0|    6|          0|
    |trunc_ln249_reg_2049                                                                   |    8|   0|    8|          0|
    |trunc_ln6_reg_1817                                                                     |    4|   0|    6|          2|
    |trunc_ln7_reg_1696                                                                     |   58|   0|   58|          0|
    |trunc_ln8_reg_2036                                                                     |   58|   0|   58|          0|
    |trunc_ln_reg_1550                                                                      |   58|   0|   58|          0|
    +---------------------------------------------------------------------------------------+-----+----+-----+-----------+
    |Total                                                                                  | 5992|   0| 5996|          4|
    +---------------------------------------------------------------------------------------+-----+----+-----+-----------+



================================================================
== Interface
================================================================
* Summary: 
+-----------------------+-----+-----+---------------+----------------------+--------------+
|       RTL Ports       | Dir | Bits|    Protocol   |     Source Object    |    C Type    |
+-----------------------+-----+-----+---------------+----------------------+--------------+
|s_axi_control_AWVALID  |   in|    1|          s_axi|               control|        scalar|
|s_axi_control_AWREADY  |  out|    1|          s_axi|               control|        scalar|
|s_axi_control_AWADDR   |   in|    7|          s_axi|               control|        scalar|
|s_axi_control_WVALID   |   in|    1|          s_axi|               control|        scalar|
|s_axi_control_WREADY   |  out|    1|          s_axi|               control|        scalar|
|s_axi_control_WDATA    |   in|   32|          s_axi|               control|        scalar|
|s_axi_control_WSTRB    |   in|    4|          s_axi|               control|        scalar|
|s_axi_control_ARVALID  |   in|    1|          s_axi|               control|        scalar|
|s_axi_control_ARREADY  |  out|    1|          s_axi|               control|        scalar|
|s_axi_control_ARADDR   |   in|    7|          s_axi|               control|        scalar|
|s_axi_control_RVALID   |  out|    1|          s_axi|               control|        scalar|
|s_axi_control_RREADY   |   in|    1|          s_axi|               control|        scalar|
|s_axi_control_RDATA    |  out|   32|          s_axi|               control|        scalar|
|s_axi_control_RRESP    |  out|    2|          s_axi|               control|        scalar|
|s_axi_control_BVALID   |  out|    1|          s_axi|               control|        scalar|
|s_axi_control_BREADY   |   in|    1|          s_axi|               control|        scalar|
|s_axi_control_BRESP    |  out|    2|          s_axi|               control|        scalar|
|ap_clk                 |   in|    1|  ap_ctrl_chain|  QuantumMonteCarloU50|  return value|
|ap_rst_n               |   in|    1|  ap_ctrl_chain|  QuantumMonteCarloU50|  return value|
|interrupt              |  out|    1|  ap_ctrl_chain|  QuantumMonteCarloU50|  return value|
|m_axi_gmem_AWVALID     |  out|    1|          m_axi|                  gmem|       pointer|
|m_axi_gmem_AWREADY     |   in|    1|          m_axi|                  gmem|       pointer|
|m_axi_gmem_AWADDR      |  out|   64|          m_axi|                  gmem|       pointer|
|m_axi_gmem_AWID        |  out|    1|          m_axi|                  gmem|       pointer|
|m_axi_gmem_AWLEN       |  out|    8|          m_axi|                  gmem|       pointer|
|m_axi_gmem_AWSIZE      |  out|    3|          m_axi|                  gmem|       pointer|
|m_axi_gmem_AWBURST     |  out|    2|          m_axi|                  gmem|       pointer|
|m_axi_gmem_AWLOCK      |  out|    2|          m_axi|                  gmem|       pointer|
|m_axi_gmem_AWCACHE     |  out|    4|          m_axi|                  gmem|       pointer|
|m_axi_gmem_AWPROT      |  out|    3|          m_axi|                  gmem|       pointer|
|m_axi_gmem_AWQOS       |  out|    4|          m_axi|                  gmem|       pointer|
|m_axi_gmem_AWREGION    |  out|    4|          m_axi|                  gmem|       pointer|
|m_axi_gmem_AWUSER      |  out|    1|          m_axi|                  gmem|       pointer|
|m_axi_gmem_WVALID      |  out|    1|          m_axi|                  gmem|       pointer|
|m_axi_gmem_WREADY      |   in|    1|          m_axi|                  gmem|       pointer|
|m_axi_gmem_WDATA       |  out|  512|          m_axi|                  gmem|       pointer|
|m_axi_gmem_WSTRB       |  out|   64|          m_axi|                  gmem|       pointer|
|m_axi_gmem_WLAST       |  out|    1|          m_axi|                  gmem|       pointer|
|m_axi_gmem_WID         |  out|    1|          m_axi|                  gmem|       pointer|
|m_axi_gmem_WUSER       |  out|    1|          m_axi|                  gmem|       pointer|
|m_axi_gmem_ARVALID     |  out|    1|          m_axi|                  gmem|       pointer|
|m_axi_gmem_ARREADY     |   in|    1|          m_axi|                  gmem|       pointer|
|m_axi_gmem_ARADDR      |  out|   64|          m_axi|                  gmem|       pointer|
|m_axi_gmem_ARID        |  out|    1|          m_axi|                  gmem|       pointer|
|m_axi_gmem_ARLEN       |  out|    8|          m_axi|                  gmem|       pointer|
|m_axi_gmem_ARSIZE      |  out|    3|          m_axi|                  gmem|       pointer|
|m_axi_gmem_ARBURST     |  out|    2|          m_axi|                  gmem|       pointer|
|m_axi_gmem_ARLOCK      |  out|    2|          m_axi|                  gmem|       pointer|
|m_axi_gmem_ARCACHE     |  out|    4|          m_axi|                  gmem|       pointer|
|m_axi_gmem_ARPROT      |  out|    3|          m_axi|                  gmem|       pointer|
|m_axi_gmem_ARQOS       |  out|    4|          m_axi|                  gmem|       pointer|
|m_axi_gmem_ARREGION    |  out|    4|          m_axi|                  gmem|       pointer|
|m_axi_gmem_ARUSER      |  out|    1|          m_axi|                  gmem|       pointer|
|m_axi_gmem_RVALID      |   in|    1|          m_axi|                  gmem|       pointer|
|m_axi_gmem_RREADY      |  out|    1|          m_axi|                  gmem|       pointer|
|m_axi_gmem_RDATA       |   in|  512|          m_axi|                  gmem|       pointer|
|m_axi_gmem_RLAST       |   in|    1|          m_axi|                  gmem|       pointer|
|m_axi_gmem_RID         |   in|    1|          m_axi|                  gmem|       pointer|
|m_axi_gmem_RUSER       |   in|    1|          m_axi|                  gmem|       pointer|
|m_axi_gmem_RRESP       |   in|    2|          m_axi|                  gmem|       pointer|
|m_axi_gmem_BVALID      |   in|    1|          m_axi|                  gmem|       pointer|
|m_axi_gmem_BREADY      |  out|    1|          m_axi|                  gmem|       pointer|
|m_axi_gmem_BRESP       |   in|    2|          m_axi|                  gmem|       pointer|
|m_axi_gmem_BID         |   in|    1|          m_axi|                  gmem|       pointer|
|m_axi_gmem_BUSER       |   in|    1|          m_axi|                  gmem|       pointer|
+-----------------------+-----+-----+---------------+----------------------+--------------+

