

================================================================
== Vivado HLS Report for 'QuantumMonteCarloOpt5Adv'
================================================================
* Date:           Mon Jun 28 19:09:30 2021

* Version:        2020.1 (Build 2897737 on Wed May 27 20:21:37 MDT 2020)
* Project:        SQA-HLS
* Solution:       solution1
* Product family: zynq
* Target device:  xc7z020-clg400-1


================================================================
== Performance Estimates
================================================================
+ Timing: 
    * Summary: 
    +--------+----------+----------+------------+
    |  Clock |  Target  | Estimated| Uncertainty|
    +--------+----------+----------+------------+
    |ap_clk  | 10.00 ns | 8.510 ns |   1.25 ns  |
    +--------+----------+----------+------------+

+ Latency: 
    * Summary: 
    +---------+---------+-----------+-----------+-----+---------+---------+
    |  Latency (cycles) |   Latency (absolute)  |    Interval   | Pipeline|
    |   min   |   max   |    min    |    max    | min |   max   |   Type  |
    +---------+---------+-----------+-----------+-----+---------+---------+
    |        4|  9190338| 40.000 ns | 91.903 ms |    4|  9190338|   none  |
    +---------+---------+-----------+-----------+-----+---------+---------+

    + Detail: 
        * Instance: 
        +---------------------------------+---------------------+---------+---------+-----------+----------+-----+-----+---------+
        |                                 |                     |  Latency (cycles) |  Latency (absolute)  |  Interval | Pipeline|
        |             Instance            |        Module       |   min   |   max   |    min    |    max   | min | max |   Type  |
        +---------------------------------+---------------------+---------+---------+-----------+----------+-----+-----+---------+
        |grp_TrotterUnit5Adv_0_s_fu_2662  |TrotterUnit5Adv_0_s  |        1|       57| 10.000 ns | 0.570 us |    1|   57|   none  |
        |grp_TrotterUnit5Adv_1_s_fu_2680  |TrotterUnit5Adv_1_s  |        1|       57| 10.000 ns | 0.570 us |    1|   57|   none  |
        |grp_TrotterUnit5Adv_2_s_fu_2697  |TrotterUnit5Adv_2_s  |        1|       57| 10.000 ns | 0.570 us |    1|   57|   none  |
        |grp_TrotterUnit5Adv_3_s_fu_2714  |TrotterUnit5Adv_3_s  |        1|       57| 10.000 ns | 0.570 us |    1|   57|   none  |
        |grp_TrotterUnit5Adv_4_s_fu_2731  |TrotterUnit5Adv_4_s  |        1|       57| 10.000 ns | 0.570 us |    1|   57|   none  |
        |grp_TrotterUnit5Adv_5_s_fu_2748  |TrotterUnit5Adv_5_s  |        1|       57| 10.000 ns | 0.570 us |    1|   57|   none  |
        |grp_TrotterUnit5Adv_6_s_fu_2765  |TrotterUnit5Adv_6_s  |        1|       57| 10.000 ns | 0.570 us |    1|   57|   none  |
        |grp_TrotterUnit5Adv_7_s_fu_2782  |TrotterUnit5Adv_7_s  |        1|       57| 10.000 ns | 0.570 us |    1|   57|   none  |
        +---------------------------------+---------------------+---------+---------+-----------+----------+-----+-----+---------+

        * Loop: 
        +-----------------------------+---------+---------+-------------+-----------+-----------+----------+----------+
        |                             |  Latency (cycles) |  Iteration  |  Initiation Interval  |   Trip   |          |
        |          Loop Name          |   min   |   max   |   Latency   |  achieved |   target  |   Count  | Pipelined|
        +-----------------------------+---------+---------+-------------+-----------+-----------+----------+----------+
        |- LOOP_CTRL                  |        0|  9190334| 4114 ~ 8914 |          -|          -| 0 ~ 1031 |    no    |
        | + LOOP_CTRL_GEN_LRN_1       |       69|       69|           63|          1|          1|         8|    yes   |
        | + LOOP_CTRL_SHIFT_JLOCAL_2  |      576|      576|            9|          -|          -|        64|    no    |
        | + LOOP_CTRL_SHIFT_JLOCAL_2  |      576|      576|            9|          -|          -|        64|    no    |
        | + LOOP_CTRL_SHIFT_JLOCAL_2  |      576|      576|            9|          -|          -|        64|    no    |
        | + LOOP_CTRL_SHIFT_JLOCAL_2  |      576|      576|            9|          -|          -|        64|    no    |
        | + LOOP_CTRL_SHIFT_JLOCAL_2  |      576|      576|            9|          -|          -|        64|    no    |
        | + LOOP_CTRL_SHIFT_JLOCAL_2  |      576|      576|            9|          -|          -|        64|    no    |
        | + LOOP_CTRL_SHIFT_JLOCAL_2  |      576|      576|            9|          -|          -|        64|    no    |
        | + LOOP_CTRL_2               |        0|     4800|    4 ~ 75   |          -|          -|  0 ~ 64  |    no    |
        +-----------------------------+---------+---------+-------------+-----------+-----------+----------+----------+



================================================================
== Utilization Estimates
================================================================
* Summary: 
+-----------------+---------+-------+--------+-------+-----+
|       Name      | BRAM_18K| DSP48E|   FF   |  LUT  | URAM|
+-----------------+---------+-------+--------+-------+-----+
|DSP              |        -|      -|       -|      -|    -|
|Expression       |        -|      7|       0|   2720|    -|
|FIFO             |        -|      -|       -|      -|    -|
|Instance         |       32|    142|   17776|  40312|    -|
|Memory           |       16|      -|       0|      0|    0|
|Multiplexer      |        -|      -|       -|   2498|    -|
|Register         |        0|      -|    3430|     96|    -|
+-----------------+---------+-------+--------+-------+-----+
|Total            |       48|    149|   21206|  45626|    0|
+-----------------+---------+-------+--------+-------+-----+
|Available        |      280|    220|  106400|  53200|    0|
+-----------------+---------+-------+--------+-------+-----+
|Utilization (%)  |       17|     67|      19|     85|    0|
+-----------------+---------+-------+--------+-------+-----+

+ Detail: 
    * Instance: 
    +-------------------------------------------+-----------------------------------------+---------+-------+------+------+-----+
    |                  Instance                 |                  Module                 | BRAM_18K| DSP48E|  FF  |  LUT | URAM|
    +-------------------------------------------+-----------------------------------------+---------+-------+------+------+-----+
    |QuantumMonteCarloOpt5Adv_AXILiteS_s_axi_U  |QuantumMonteCarloOpt5Adv_AXILiteS_s_axi  |       32|      0|  1430|  1352|    0|
    |QuantumMonteCarlodEe_U126                  |QuantumMonteCarlodEe                     |        0|      3|   143|   321|    0|
    |QuantumMonteCarloncg_U127                  |QuantumMonteCarloncg                     |        0|      0|   340|   554|    0|
    |QuantumMonteCarloocq_U128                  |QuantumMonteCarloocq                     |        0|      0|   128|   277|    0|
    |QuantumMonteCarloocq_U129                  |QuantumMonteCarloocq                     |        0|      0|   128|   277|    0|
    |QuantumMonteCarlopcA_U130                  |QuantumMonteCarlopcA                     |        0|      0|   100|   138|    0|
    |QuantumMonteCarlopcA_U131                  |QuantumMonteCarlopcA                     |        0|      0|   100|   138|    0|
    |QuantumMonteCarloqcK_U132                  |QuantumMonteCarloqcK                     |        0|     11|   317|   578|    0|
    |QuantumMonteCarloqcK_U133                  |QuantumMonteCarloqcK                     |        0|     11|   317|   578|    0|
    |QuantumMonteCarlorcU_U134                  |QuantumMonteCarlorcU                     |        0|     61|  1909|  1510|    0|
    |QuantumMonteCarlosc4_U135                  |QuantumMonteCarlosc4                     |        0|      0|     0|    45|    0|
    |grp_TrotterUnit5Adv_0_s_fu_2662            |TrotterUnit5Adv_0_s                      |        0|      7|  1608|  4318|    0|
    |grp_TrotterUnit5Adv_1_s_fu_2680            |TrotterUnit5Adv_1_s                      |        0|      7|  1608|  4318|    0|
    |grp_TrotterUnit5Adv_2_s_fu_2697            |TrotterUnit5Adv_2_s                      |        0|      7|  1608|  4318|    0|
    |grp_TrotterUnit5Adv_3_s_fu_2714            |TrotterUnit5Adv_3_s                      |        0|      7|  1608|  4318|    0|
    |grp_TrotterUnit5Adv_4_s_fu_2731            |TrotterUnit5Adv_4_s                      |        0|      7|  1608|  4318|    0|
    |grp_TrotterUnit5Adv_5_s_fu_2748            |TrotterUnit5Adv_5_s                      |        0|      7|  1608|  4318|    0|
    |grp_TrotterUnit5Adv_6_s_fu_2765            |TrotterUnit5Adv_6_s                      |        0|      7|  1608|  4318|    0|
    |grp_TrotterUnit5Adv_7_s_fu_2782            |TrotterUnit5Adv_7_s                      |        0|      7|  1608|  4318|    0|
    +-------------------------------------------+-----------------------------------------+---------+-------+------+------+-----+
    |Total                                      |                                         |       32|    142| 17776| 40312|    0|
    +-------------------------------------------+-----------------------------------------+---------+-------+------+------+-----+

    * DSP48E: 
    N/A

    * Memory: 
    +----------------+----------------------+---------+---+----+-----+------+-----+------+-------------+
    |     Memory     |        Module        | BRAM_18K| FF| LUT| URAM| Words| Bits| Banks| W*Bits*Banks|
    +----------------+----------------------+---------+---+----+-----+------+-----+------+-------------+
    |JcoupLocal_0_U  |QuantumMonteCarlofYi  |        2|  0|   0|    0|  1024|   32|     1|        32768|
    |JcoupLocal_1_U  |QuantumMonteCarlofYi  |        2|  0|   0|    0|  1024|   32|     1|        32768|
    |JcoupLocal_2_U  |QuantumMonteCarlofYi  |        2|  0|   0|    0|  1024|   32|     1|        32768|
    |JcoupLocal_3_U  |QuantumMonteCarlofYi  |        2|  0|   0|    0|  1024|   32|     1|        32768|
    |JcoupLocal_4_U  |QuantumMonteCarlofYi  |        2|  0|   0|    0|  1024|   32|     1|        32768|
    |JcoupLocal_5_U  |QuantumMonteCarlofYi  |        2|  0|   0|    0|  1024|   32|     1|        32768|
    |JcoupLocal_6_U  |QuantumMonteCarlofYi  |        2|  0|   0|    0|  1024|   32|     1|        32768|
    |JcoupLocal_7_U  |QuantumMonteCarlomb6  |        2|  0|   0|    0|  1024|   32|     1|        32768|
    +----------------+----------------------+---------+---+----+-----+------+-----+------+-------------+
    |Total           |                      |       16|  0|   0|    0|  8192|  256|     8|       262144|
    +----------------+----------------------+---------+---+----+-----+------+-----+------+-------------+

    * FIFO: 
    N/A

    * Expression: 
    +-----------------------------------+----------+-------+---+----+------------+------------+
    |           Variable Name           | Operation| DSP48E| FF| LUT| Bitwidth P0| Bitwidth P1|
    +-----------------------------------+----------+-------+---+----+------------+------------+
    |mul_ln8_fu_3487_p2                 |     *    |      3|  0|  22|          33|          32|
    |mul_ln9_1_fu_3555_p2               |     *    |      2|  0|  20|          15|          32|
    |mul_ln9_2_fu_3560_p2               |     *    |      1|  0|   7|          13|          18|
    |mul_ln9_fu_3545_p2                 |     *    |      1|  0|   7|          18|          18|
    |add_ln12_fu_3577_p2                |     +    |      0|  0|  39|          31|          32|
    |add_ln227_fu_2879_p2               |     +    |      0|  0|  39|          32|           3|
    |add_ln234_1_fu_2956_p2             |     +    |      0|  0|  12|          12|           3|
    |add_ln234_2_fu_3000_p2             |     +    |      0|  0|  12|          12|           3|
    |add_ln234_3_fu_3044_p2             |     +    |      0|  0|  12|          12|           4|
    |add_ln234_4_fu_3088_p2             |     +    |      0|  0|  12|          12|           4|
    |add_ln234_5_fu_3111_p2             |     +    |      0|  0|  12|          12|           4|
    |add_ln234_6_fu_3211_p2             |     +    |      0|  0|  13|          11|           4|
    |add_ln234_fu_2914_p2               |     +    |      0|  0|  12|          12|           2|
    |add_ln275_1_fu_3861_p2             |     +    |      0|  0|  13|           5|          11|
    |add_ln275_2_fu_4033_p2             |     +    |      0|  0|  13|           5|          11|
    |add_ln275_3_fu_4205_p2             |     +    |      0|  0|  13|           5|          11|
    |add_ln275_4_fu_4377_p2             |     +    |      0|  0|  13|           5|          11|
    |add_ln275_5_fu_4549_p2             |     +    |      0|  0|  13|           5|          11|
    |add_ln275_6_fu_4721_p2             |     +    |      0|  0|  13|           5|          11|
    |add_ln275_fu_3689_p2               |     +    |      0|  0|  13|           5|          11|
    |add_ln9_1_fu_3565_p2               |     +    |      0|  0|  39|          32|          32|
    |add_ln9_fu_3550_p2                 |     +    |      0|  0|  39|          32|          32|
    |ctlStep_fu_2890_p2                 |     +    |      0|  0|  13|          11|           1|
    |j_fu_5433_p2                       |     +    |      0|  0|  13|          11|           5|
    |t_fu_3420_p2                       |     +    |      0|  0|  13|           4|           1|
    |sub_ln8_1_fu_3532_p2               |     -    |      0|  0|  39|           1|          32|
    |sub_ln8_fu_3503_p2                 |     -    |      0|  0|  72|           1|          65|
    |and_ln306_1_fu_4739_p2             |    and   |      0|  0|   2|           1|           1|
    |and_ln306_2_fu_4751_p2             |    and   |      0|  0|   2|           1|           1|
    |and_ln306_3_fu_4763_p2             |    and   |      0|  0|   2|           1|           1|
    |and_ln306_4_fu_4775_p2             |    and   |      0|  0|   2|           1|           1|
    |and_ln306_5_fu_4787_p2             |    and   |      0|  0|   2|           1|           1|
    |and_ln306_6_fu_4799_p2             |    and   |      0|  0|   2|           1|           1|
    |and_ln306_fu_4727_p2               |    and   |      0|  0|   2|           1|           1|
    |ap_block_state135                  |    and   |      0|  0|   2|           1|           1|
    |ap_block_state136                  |    and   |      0|  0|   2|           1|           1|
    |ap_block_state137                  |    and   |      0|  0|   2|           1|           1|
    |ap_block_state138                  |    and   |      0|  0|   2|           1|           1|
    |ap_block_state139                  |    and   |      0|  0|   2|           1|           1|
    |ap_block_state140                  |    and   |      0|  0|   2|           1|           1|
    |ap_block_state141                  |    and   |      0|  0|   2|           1|           1|
    |ap_block_state142                  |    and   |      0|  0|   2|           1|           1|
    |ap_block_state143                  |    and   |      0|  0|   2|           1|           1|
    |ap_block_state144                  |    and   |      0|  0|   2|           1|           1|
    |ap_block_state145                  |    and   |      0|  0|   2|           1|           1|
    |ap_block_state146                  |    and   |      0|  0|   2|           1|           1|
    |ap_block_state147                  |    and   |      0|  0|   2|           1|           1|
    |ap_block_state148                  |    and   |      0|  0|   2|           1|           1|
    |ap_block_state149                  |    and   |      0|  0|   2|           1|           1|
    |ap_block_state150                  |    and   |      0|  0|   2|           1|           1|
    |ap_predicate_op1763_read_state135  |    and   |      0|  0|   2|           1|           1|
    |icmp_ln224_fu_2884_p2              |   icmp   |      0|  0|  13|          11|          11|
    |icmp_ln227_fu_2904_p2              |   icmp   |      0|  0|  18|          32|          32|
    |icmp_ln235_1_fu_2924_p2            |   icmp   |      0|  0|  13|          11|           1|
    |icmp_ln235_2_fu_2930_p2            |   icmp   |      0|  0|  18|          32|          32|
    |icmp_ln235_3_fu_2974_p2            |   icmp   |      0|  0|  18|          32|          32|
    |icmp_ln235_4_fu_3018_p2            |   icmp   |      0|  0|  18|          32|          32|
    |icmp_ln235_5_fu_3062_p2            |   icmp   |      0|  0|  18|          32|          32|
    |icmp_ln235_6_fu_3106_p2            |   icmp   |      0|  0|  18|          32|          32|
    |icmp_ln235_7_fu_3129_p2            |   icmp   |      0|  0|  18|          32|          32|
    |icmp_ln235_8_fu_3229_p2            |   icmp   |      0|  0|  18|          32|          32|
    |icmp_ln235_fu_2909_p2              |   icmp   |      0|  0|  18|          32|          32|
    |icmp_ln264_fu_3414_p2              |   icmp   |      0|  0|  11|           4|           5|
    |icmp_ln275_1_fu_3835_p2            |   icmp   |      0|  0|  13|          11|          12|
    |icmp_ln275_2_fu_4007_p2            |   icmp   |      0|  0|  13|          11|          12|
    |icmp_ln275_3_fu_4179_p2            |   icmp   |      0|  0|  13|          11|          12|
    |icmp_ln275_4_fu_4351_p2            |   icmp   |      0|  0|  13|          11|          12|
    |icmp_ln275_5_fu_4523_p2            |   icmp   |      0|  0|  13|          11|          12|
    |icmp_ln275_6_fu_4695_p2            |   icmp   |      0|  0|  13|          11|          12|
    |icmp_ln275_fu_3663_p2              |   icmp   |      0|  0|  13|          11|          12|
    |icmp_ln299_fu_4963_p2              |   icmp   |      0|  0|  18|          32|          32|
    |icmp_ln314_10_fu_5195_p2           |   icmp   |      0|  0|  18|          32|          32|
    |icmp_ln314_11_fu_5213_p2           |   icmp   |      0|  0|  18|          32|          32|
    |icmp_ln314_12_fu_5231_p2           |   icmp   |      0|  0|  18|          32|          32|
    |icmp_ln314_13_fu_5249_p2           |   icmp   |      0|  0|  18|          32|          32|
    |icmp_ln314_14_fu_5267_p2           |   icmp   |      0|  0|  18|          32|          32|
    |icmp_ln314_1_fu_5033_p2            |   icmp   |      0|  0|  18|          32|          32|
    |icmp_ln314_2_fu_5051_p2            |   icmp   |      0|  0|  18|          32|          32|
    |icmp_ln314_3_fu_5069_p2            |   icmp   |      0|  0|  18|          32|          32|
    |icmp_ln314_4_fu_5087_p2            |   icmp   |      0|  0|  18|          32|          32|
    |icmp_ln314_5_fu_5105_p2            |   icmp   |      0|  0|  18|          32|          32|
    |icmp_ln314_6_fu_5123_p2            |   icmp   |      0|  0|  18|          32|          32|
    |icmp_ln314_7_fu_5141_p2            |   icmp   |      0|  0|  18|          32|          32|
    |icmp_ln314_8_fu_5159_p2            |   icmp   |      0|  0|  18|          32|          32|
    |icmp_ln314_9_fu_5177_p2            |   icmp   |      0|  0|  18|          32|          32|
    |icmp_ln314_fu_5015_p2              |   icmp   |      0|  0|  18|          32|          32|
    |ap_block_state152_on_subcall_done  |    or    |      0|  0|   2|           1|           1|
    |or_ln275_100_fu_4901_p2            |    or    |      0|  0|  10|          10|           4|
    |or_ln275_101_fu_4911_p2            |    or    |      0|  0|  10|          10|           4|
    |or_ln275_102_fu_4921_p2            |    or    |      0|  0|  10|          10|           4|
    |or_ln275_103_fu_4931_p2            |    or    |      0|  0|  10|          10|           4|
    |or_ln275_104_fu_4941_p2            |    or    |      0|  0|  10|          10|           4|
    |or_ln275_10_fu_3785_p2             |    or    |      0|  0|  10|          10|           4|
    |or_ln275_11_fu_3795_p2             |    or    |      0|  0|  10|          10|           4|
    |or_ln275_12_fu_3805_p2             |    or    |      0|  0|  10|          10|           4|
    |or_ln275_13_fu_3815_p2             |    or    |      0|  0|  10|          10|           4|
    |or_ln275_14_fu_3825_p2             |    or    |      0|  0|  10|          10|           4|
    |or_ln275_15_fu_3850_p2             |    or    |      0|  0|  10|          10|           1|
    |or_ln275_16_fu_3867_p2             |    or    |      0|  0|  10|          10|           2|
    |or_ln275_17_fu_3877_p2             |    or    |      0|  0|  10|          10|           2|
    |or_ln275_18_fu_3887_p2             |    or    |      0|  0|  10|          10|           3|
    |or_ln275_19_fu_3897_p2             |    or    |      0|  0|  10|          10|           3|
    |or_ln275_1_fu_3695_p2              |    or    |      0|  0|  10|          10|           2|
    |or_ln275_20_fu_3907_p2             |    or    |      0|  0|  10|          10|           3|
    |or_ln275_21_fu_3917_p2             |    or    |      0|  0|  10|          10|           3|
    |or_ln275_22_fu_3927_p2             |    or    |      0|  0|  10|          10|           4|
    |or_ln275_23_fu_3937_p2             |    or    |      0|  0|  10|          10|           4|
    |or_ln275_24_fu_3947_p2             |    or    |      0|  0|  10|          10|           4|
    |or_ln275_25_fu_3957_p2             |    or    |      0|  0|  10|          10|           4|
    |or_ln275_26_fu_3967_p2             |    or    |      0|  0|  10|          10|           4|
    |or_ln275_27_fu_3977_p2             |    or    |      0|  0|  10|          10|           4|
    |or_ln275_28_fu_3987_p2             |    or    |      0|  0|  10|          10|           4|
    |or_ln275_29_fu_3997_p2             |    or    |      0|  0|  10|          10|           4|
    |or_ln275_2_fu_3705_p2              |    or    |      0|  0|  10|          10|           2|
    |or_ln275_30_fu_4022_p2             |    or    |      0|  0|  10|          10|           1|
    |or_ln275_31_fu_4039_p2             |    or    |      0|  0|  10|          10|           2|
    |or_ln275_32_fu_4049_p2             |    or    |      0|  0|  10|          10|           2|
    |or_ln275_33_fu_4059_p2             |    or    |      0|  0|  10|          10|           3|
    |or_ln275_34_fu_4069_p2             |    or    |      0|  0|  10|          10|           3|
    |or_ln275_35_fu_4079_p2             |    or    |      0|  0|  10|          10|           3|
    |or_ln275_36_fu_4089_p2             |    or    |      0|  0|  10|          10|           3|
    |or_ln275_37_fu_4099_p2             |    or    |      0|  0|  10|          10|           4|
    |or_ln275_38_fu_4109_p2             |    or    |      0|  0|  10|          10|           4|
    |or_ln275_39_fu_4119_p2             |    or    |      0|  0|  10|          10|           4|
    |or_ln275_3_fu_3715_p2              |    or    |      0|  0|  10|          10|           3|
    |or_ln275_40_fu_4129_p2             |    or    |      0|  0|  10|          10|           4|
    |or_ln275_41_fu_4139_p2             |    or    |      0|  0|  10|          10|           4|
    |or_ln275_42_fu_4149_p2             |    or    |      0|  0|  10|          10|           4|
    |or_ln275_43_fu_4159_p2             |    or    |      0|  0|  10|          10|           4|
    |or_ln275_44_fu_4169_p2             |    or    |      0|  0|  10|          10|           4|
    |or_ln275_45_fu_4194_p2             |    or    |      0|  0|  10|          10|           1|
    |or_ln275_46_fu_4211_p2             |    or    |      0|  0|  10|          10|           2|
    |or_ln275_47_fu_4221_p2             |    or    |      0|  0|  10|          10|           2|
    |or_ln275_48_fu_4231_p2             |    or    |      0|  0|  10|          10|           3|
    |or_ln275_49_fu_4241_p2             |    or    |      0|  0|  10|          10|           3|
    |or_ln275_4_fu_3725_p2              |    or    |      0|  0|  10|          10|           3|
    |or_ln275_50_fu_4251_p2             |    or    |      0|  0|  10|          10|           3|
    |or_ln275_51_fu_4261_p2             |    or    |      0|  0|  10|          10|           3|
    |or_ln275_52_fu_4271_p2             |    or    |      0|  0|  10|          10|           4|
    |or_ln275_53_fu_4281_p2             |    or    |      0|  0|  10|          10|           4|
    |or_ln275_54_fu_4291_p2             |    or    |      0|  0|  10|          10|           4|
    |or_ln275_55_fu_4301_p2             |    or    |      0|  0|  10|          10|           4|
    |or_ln275_56_fu_4311_p2             |    or    |      0|  0|  10|          10|           4|
    |or_ln275_57_fu_4321_p2             |    or    |      0|  0|  10|          10|           4|
    |or_ln275_58_fu_4331_p2             |    or    |      0|  0|  10|          10|           4|
    |or_ln275_59_fu_4341_p2             |    or    |      0|  0|  10|          10|           4|
    |or_ln275_5_fu_3735_p2              |    or    |      0|  0|  10|          10|           3|
    |or_ln275_60_fu_4366_p2             |    or    |      0|  0|  10|          10|           1|
    |or_ln275_61_fu_4383_p2             |    or    |      0|  0|  10|          10|           2|
    |or_ln275_62_fu_4393_p2             |    or    |      0|  0|  10|          10|           2|
    |or_ln275_63_fu_4403_p2             |    or    |      0|  0|  10|          10|           3|
    |or_ln275_64_fu_4413_p2             |    or    |      0|  0|  10|          10|           3|
    |or_ln275_65_fu_4423_p2             |    or    |      0|  0|  10|          10|           3|
    |or_ln275_66_fu_4433_p2             |    or    |      0|  0|  10|          10|           3|
    |or_ln275_67_fu_4443_p2             |    or    |      0|  0|  10|          10|           4|
    |or_ln275_68_fu_4453_p2             |    or    |      0|  0|  10|          10|           4|
    |or_ln275_69_fu_4463_p2             |    or    |      0|  0|  10|          10|           4|
    |or_ln275_6_fu_3745_p2              |    or    |      0|  0|  10|          10|           3|
    |or_ln275_70_fu_4473_p2             |    or    |      0|  0|  10|          10|           4|
    |or_ln275_71_fu_4483_p2             |    or    |      0|  0|  10|          10|           4|
    |or_ln275_72_fu_4493_p2             |    or    |      0|  0|  10|          10|           4|
    |or_ln275_73_fu_4503_p2             |    or    |      0|  0|  10|          10|           4|
    |or_ln275_74_fu_4513_p2             |    or    |      0|  0|  10|          10|           4|
    |or_ln275_75_fu_4538_p2             |    or    |      0|  0|  10|          10|           1|
    |or_ln275_76_fu_4555_p2             |    or    |      0|  0|  10|          10|           2|
    |or_ln275_77_fu_4565_p2             |    or    |      0|  0|  10|          10|           2|
    |or_ln275_78_fu_4575_p2             |    or    |      0|  0|  10|          10|           3|
    |or_ln275_79_fu_4585_p2             |    or    |      0|  0|  10|          10|           3|
    |or_ln275_7_fu_3755_p2              |    or    |      0|  0|  10|          10|           4|
    |or_ln275_80_fu_4595_p2             |    or    |      0|  0|  10|          10|           3|
    |or_ln275_81_fu_4605_p2             |    or    |      0|  0|  10|          10|           3|
    |or_ln275_82_fu_4615_p2             |    or    |      0|  0|  10|          10|           4|
    |or_ln275_83_fu_4625_p2             |    or    |      0|  0|  10|          10|           4|
    |or_ln275_84_fu_4635_p2             |    or    |      0|  0|  10|          10|           4|
    |or_ln275_85_fu_4645_p2             |    or    |      0|  0|  10|          10|           4|
    |or_ln275_86_fu_4655_p2             |    or    |      0|  0|  10|          10|           4|
    |or_ln275_87_fu_4665_p2             |    or    |      0|  0|  10|          10|           4|
    |or_ln275_88_fu_4675_p2             |    or    |      0|  0|  10|          10|           4|
    |or_ln275_89_fu_4685_p2             |    or    |      0|  0|  10|          10|           4|
    |or_ln275_8_fu_3765_p2              |    or    |      0|  0|  10|          10|           4|
    |or_ln275_90_fu_4710_p2             |    or    |      0|  0|  10|          10|           1|
    |or_ln275_91_fu_4811_p2             |    or    |      0|  0|  10|          10|           2|
    |or_ln275_92_fu_4821_p2             |    or    |      0|  0|  10|          10|           2|
    |or_ln275_93_fu_4831_p2             |    or    |      0|  0|  10|          10|           3|
    |or_ln275_94_fu_4841_p2             |    or    |      0|  0|  10|          10|           3|
    |or_ln275_95_fu_4851_p2             |    or    |      0|  0|  10|          10|           3|
    |or_ln275_96_fu_4861_p2             |    or    |      0|  0|  10|          10|           3|
    |or_ln275_97_fu_4871_p2             |    or    |      0|  0|  10|          10|           4|
    |or_ln275_98_fu_4881_p2             |    or    |      0|  0|  10|          10|           4|
    |or_ln275_99_fu_4891_p2             |    or    |      0|  0|  10|          10|           4|
    |or_ln275_9_fu_3775_p2              |    or    |      0|  0|  10|          10|           4|
    |or_ln275_fu_3678_p2                |    or    |      0|  0|  10|          10|           1|
    |or_ln314_10_fu_5186_p2             |    or    |      0|  0|  10|          10|           4|
    |or_ln314_11_fu_5204_p2             |    or    |      0|  0|  10|          10|           4|
    |or_ln314_12_fu_5222_p2             |    or    |      0|  0|  10|          10|           4|
    |or_ln314_13_fu_5240_p2             |    or    |      0|  0|  10|          10|           4|
    |or_ln314_14_fu_5258_p2             |    or    |      0|  0|  10|          10|           4|
    |or_ln314_1_fu_5024_p2              |    or    |      0|  0|  10|          10|           2|
    |or_ln314_2_fu_5042_p2              |    or    |      0|  0|  10|          10|           2|
    |or_ln314_3_fu_5060_p2              |    or    |      0|  0|  10|          10|           3|
    |or_ln314_4_fu_5078_p2              |    or    |      0|  0|  10|          10|           3|
    |or_ln314_5_fu_5096_p2              |    or    |      0|  0|  10|          10|           3|
    |or_ln314_6_fu_5114_p2              |    or    |      0|  0|  10|          10|           3|
    |or_ln314_7_fu_5132_p2              |    or    |      0|  0|  10|          10|           4|
    |or_ln314_8_fu_5150_p2              |    or    |      0|  0|  10|          10|           4|
    |or_ln314_9_fu_5168_p2              |    or    |      0|  0|  10|          10|           4|
    |or_ln314_fu_5005_p2                |    or    |      0|  0|  10|          10|           1|
    |iPre_0_1_fu_3184_p3                |  select  |      0|  0|  11|           1|          11|
    |iPre_1_1_fu_2943_p3                |  select  |      0|  0|  11|           1|          11|
    |iPre_1_2_fu_4731_p3                |  select  |      0|  0|  11|           1|          11|
    |iPre_2_1_fu_2987_p3                |  select  |      0|  0|  11|           1|           2|
    |iPre_2_2_fu_4743_p3                |  select  |      0|  0|  11|           1|          11|
    |iPre_3_1_fu_3031_p3                |  select  |      0|  0|  11|           1|           2|
    |iPre_3_2_fu_4755_p3                |  select  |      0|  0|  11|           1|          11|
    |iPre_4_1_fu_3075_p3                |  select  |      0|  0|  11|           1|           3|
    |iPre_4_2_fu_4767_p3                |  select  |      0|  0|  11|           1|          11|
    |iPre_5_1_fu_3199_p3                |  select  |      0|  0|  11|           1|           3|
    |iPre_5_2_fu_4779_p3                |  select  |      0|  0|  11|           1|          11|
    |iPre_6_1_fu_3142_p3                |  select  |      0|  0|  11|           1|           3|
    |iPre_6_2_fu_4791_p3                |  select  |      0|  0|  11|           1|          11|
    |iPre_7_1_fu_3242_p3                |  select  |      0|  0|  11|           1|           3|
    |iPre_7_2_fu_4803_p3                |  select  |      0|  0|  11|           1|          11|
    |k_fu_3538_p3                       |  select  |      0|  0|  32|           1|          32|
    |phitmp_1_fu_2935_p3                |  select  |      0|  0|  11|           1|          11|
    |phitmp_2_fu_2979_p3                |  select  |      0|  0|  11|           1|          11|
    |phitmp_3_fu_3023_p3                |  select  |      0|  0|  11|           1|          11|
    |phitmp_4_fu_3067_p3                |  select  |      0|  0|  11|           1|          11|
    |phitmp_5_fu_3192_p3                |  select  |      0|  0|  11|           1|          11|
    |phitmp_6_fu_3134_p3                |  select  |      0|  0|  11|           1|          11|
    |phitmp_7_fu_3234_p3                |  select  |      0|  0|  11|           1|          11|
    |seed_6_1_fu_3583_p3                |  select  |      0|  0|  32|           1|          32|
    |select_ln8_fu_3525_p3              |  select  |      0|  0|  32|           1|          32|
    |ap_enable_pp0                      |    xor   |      0|  0|   2|           1|           2|
    |ap_enable_reg_pp0_iter1            |    xor   |      0|  0|   2|           2|           1|
    |xor_ln235_1_fu_3324_p2             |    xor   |      0|  0|   2|           1|           2|
    |xor_ln235_2_fu_3329_p2             |    xor   |      0|  0|   2|           1|           2|
    |xor_ln235_3_fu_3334_p2             |    xor   |      0|  0|   2|           1|           2|
    |xor_ln235_4_fu_3339_p2             |    xor   |      0|  0|   2|           1|           2|
    |xor_ln235_5_fu_3344_p2             |    xor   |      0|  0|   2|           1|           2|
    |xor_ln235_fu_3319_p2               |    xor   |      0|  0|   2|           1|           2|
    +-----------------------------------+----------+-------+---+----+------------+------------+
    |Total                              |          |      7|  0|2720|        2514|        2025|
    +-----------------------------------+----------+-------+---+----+------------+------------+

    * Multiplexer: 
    +--------------------------+-----+-----------+-----+-----------+
    |           Name           | LUT | Input Size| Bits| Total Bits|
    +--------------------------+-----+-----------+-----+-----------+
    |JcoupLocal_0_address0     |   89|         18|   10|        180|
    |JcoupLocal_0_address1     |   85|         17|   10|        170|
    |JcoupLocal_0_ce0          |   15|          3|    1|          3|
    |JcoupLocal_1_address0     |   89|         18|   10|        180|
    |JcoupLocal_1_address1     |   85|         17|   10|        170|
    |JcoupLocal_1_ce0          |   15|          3|    1|          3|
    |JcoupLocal_2_address0     |   89|         18|   10|        180|
    |JcoupLocal_2_address1     |   85|         17|   10|        170|
    |JcoupLocal_2_ce0          |   15|          3|    1|          3|
    |JcoupLocal_3_address0     |   89|         18|   10|        180|
    |JcoupLocal_3_address1     |   85|         17|   10|        170|
    |JcoupLocal_3_ce0          |   15|          3|    1|          3|
    |JcoupLocal_4_address0     |   89|         18|   10|        180|
    |JcoupLocal_4_address1     |   85|         17|   10|        170|
    |JcoupLocal_4_ce0          |   15|          3|    1|          3|
    |JcoupLocal_5_address0     |   89|         18|   10|        180|
    |JcoupLocal_5_address1     |   85|         17|   10|        170|
    |JcoupLocal_5_ce0          |   15|          3|    1|          3|
    |JcoupLocal_6_address0     |   89|         18|   10|        180|
    |JcoupLocal_6_address1     |   85|         17|   10|        170|
    |JcoupLocal_6_ce0          |   15|          3|    1|          3|
    |JcoupLocal_7_address0     |   47|         10|   10|        100|
    |JcoupLocal_7_address1     |   44|          9|   10|         90|
    |JcoupLocal_7_ce0          |   15|          3|    1|          3|
    |Jcoup_V_TDATA_blk_n       |    9|          2|    1|          2|
    |ap_NS_fsm                 |  397|         91|    1|         91|
    |ap_enable_reg_pp0_iter1   |    9|          2|    1|          2|
    |ap_enable_reg_pp0_iter62  |    9|          2|    1|          2|
    |ctlStep_0_reg_2550        |    9|          2|   11|         22|
    |dH_0_fu_310               |    9|          2|   32|         64|
    |dH_1_fu_314               |    9|          2|   32|         64|
    |dH_2_fu_318               |    9|          2|   32|         64|
    |dH_3_fu_322               |    9|          2|   32|         64|
    |dH_4_fu_326               |    9|          2|   32|         64|
    |dH_5_fu_330               |    9|          2|   32|         64|
    |dH_6_fu_334               |    9|          2|   32|         64|
    |dH_7_fu_338               |    9|          2|   32|         64|
    |iPre_1_fu_410             |    9|          2|   11|         22|
    |iPre_2_fu_414             |    9|          2|   11|         22|
    |iPre_3_fu_418             |    9|          2|   11|         22|
    |iPre_4_fu_422             |    9|          2|   11|         22|
    |iPre_5_fu_426             |    9|          2|   11|         22|
    |iPre_6_fu_430             |    9|          2|   11|         22|
    |iPre_7_fu_434             |    9|          2|   11|         22|
    |j_assign_reg_2650         |    9|          2|   11|         22|
    |k_0_0_0_reg_2573          |    9|          2|   11|         22|
    |k_0_1_0_reg_2584          |    9|          2|   11|         22|
    |k_0_2_0_reg_2595          |    9|          2|   11|         22|
    |k_0_3_0_reg_2606          |    9|          2|   11|         22|
    |k_0_4_0_reg_2617          |    9|          2|   11|         22|
    |k_0_5_0_reg_2628          |    9|          2|   11|         22|
    |k_0_6_0_reg_2639          |    9|          2|   11|         22|
    |seed_0_fu_470             |    9|          2|   32|         64|
    |seed_1_fu_474             |    9|          2|   32|         64|
    |seed_2_fu_478             |    9|          2|   32|         64|
    |seed_3_fu_482             |    9|          2|   32|         64|
    |seed_4_fu_486             |    9|          2|   32|         64|
    |seed_5_fu_490             |    9|          2|   32|         64|
    |seed_6_fu_494             |    9|          2|   32|         64|
    |seed_7_fu_498             |    9|          2|   32|         64|
    |t5_0_reg_2562             |    9|          2|    4|          8|
    |trotters_0_address0       |   21|          4|   10|         40|
    |trotters_0_ce0            |   15|          3|    1|          3|
    |trotters_0_we0            |    9|          2|    1|          2|
    |trotters_1_address0       |   15|          3|   10|         30|
    |trotters_1_ce0            |   15|          3|    1|          3|
    |trotters_1_we0            |    9|          2|    1|          2|
    |trotters_2_address0       |   21|          4|   10|         40|
    |trotters_2_ce0            |   15|          3|    1|          3|
    |trotters_2_we0            |    9|          2|    1|          2|
    |trotters_3_address0       |   21|          4|   10|         40|
    |trotters_3_ce0            |   15|          3|    1|          3|
    |trotters_3_we0            |    9|          2|    1|          2|
    |trotters_4_address0       |   21|          4|   10|         40|
    |trotters_4_ce0            |   15|          3|    1|          3|
    |trotters_4_we0            |    9|          2|    1|          2|
    |trotters_5_address0       |   21|          4|   10|         40|
    |trotters_5_ce0            |   15|          3|    1|          3|
    |trotters_5_we0            |    9|          2|    1|          2|
    |trotters_6_address0       |   15|          3|   10|         30|
    |trotters_6_ce0            |   15|          3|    1|          3|
    |trotters_6_we0            |    9|          2|    1|          2|
    |trotters_7_address0       |   21|          4|   10|         40|
    |trotters_7_ce0            |   15|          3|    1|          3|
    |trotters_7_we0            |    9|          2|    1|          2|
    +--------------------------+-----+-----------+-----+-----------+
    |Total                     | 2498|        521|  960|       4485|
    +--------------------------+-----+-----------+-----+-----------+

    * Register: 
    +----------------------------------------------+----+----+-----+-----------+
    |                     Name                     | FF | LUT| Bits| Const Bits|
    +----------------------------------------------+----+----+-----+-----------+
    |Beta_read_reg_5479                            |  32|   0|   32|          0|
    |add_ln227_reg_5853                            |  32|   0|   32|          0|
    |add_ln275_1_reg_6441                          |  11|   0|   11|          0|
    |add_ln275_2_reg_6627                          |  11|   0|   11|          0|
    |add_ln275_3_reg_6813                          |  11|   0|   11|          0|
    |add_ln275_4_reg_6999                          |  11|   0|   11|          0|
    |add_ln275_5_reg_7185                          |  11|   0|   11|          0|
    |add_ln275_6_reg_7371                          |  11|   0|   11|          0|
    |add_ln275_reg_6255                            |  11|   0|   11|          0|
    |add_ln9_reg_6151                              |  32|   0|   32|          0|
    |ap_CS_fsm                                     |  90|   0|   90|          0|
    |ap_enable_reg_pp0_iter0                       |   1|   0|    1|          0|
    |ap_enable_reg_pp0_iter1                       |   1|   0|    1|          0|
    |ap_enable_reg_pp0_iter10                      |   1|   0|    1|          0|
    |ap_enable_reg_pp0_iter11                      |   1|   0|    1|          0|
    |ap_enable_reg_pp0_iter12                      |   1|   0|    1|          0|
    |ap_enable_reg_pp0_iter13                      |   1|   0|    1|          0|
    |ap_enable_reg_pp0_iter14                      |   1|   0|    1|          0|
    |ap_enable_reg_pp0_iter15                      |   1|   0|    1|          0|
    |ap_enable_reg_pp0_iter16                      |   1|   0|    1|          0|
    |ap_enable_reg_pp0_iter17                      |   1|   0|    1|          0|
    |ap_enable_reg_pp0_iter18                      |   1|   0|    1|          0|
    |ap_enable_reg_pp0_iter19                      |   1|   0|    1|          0|
    |ap_enable_reg_pp0_iter2                       |   1|   0|    1|          0|
    |ap_enable_reg_pp0_iter20                      |   1|   0|    1|          0|
    |ap_enable_reg_pp0_iter21                      |   1|   0|    1|          0|
    |ap_enable_reg_pp0_iter22                      |   1|   0|    1|          0|
    |ap_enable_reg_pp0_iter23                      |   1|   0|    1|          0|
    |ap_enable_reg_pp0_iter24                      |   1|   0|    1|          0|
    |ap_enable_reg_pp0_iter25                      |   1|   0|    1|          0|
    |ap_enable_reg_pp0_iter26                      |   1|   0|    1|          0|
    |ap_enable_reg_pp0_iter27                      |   1|   0|    1|          0|
    |ap_enable_reg_pp0_iter28                      |   1|   0|    1|          0|
    |ap_enable_reg_pp0_iter29                      |   1|   0|    1|          0|
    |ap_enable_reg_pp0_iter3                       |   1|   0|    1|          0|
    |ap_enable_reg_pp0_iter30                      |   1|   0|    1|          0|
    |ap_enable_reg_pp0_iter31                      |   1|   0|    1|          0|
    |ap_enable_reg_pp0_iter32                      |   1|   0|    1|          0|
    |ap_enable_reg_pp0_iter33                      |   1|   0|    1|          0|
    |ap_enable_reg_pp0_iter34                      |   1|   0|    1|          0|
    |ap_enable_reg_pp0_iter35                      |   1|   0|    1|          0|
    |ap_enable_reg_pp0_iter36                      |   1|   0|    1|          0|
    |ap_enable_reg_pp0_iter37                      |   1|   0|    1|          0|
    |ap_enable_reg_pp0_iter38                      |   1|   0|    1|          0|
    |ap_enable_reg_pp0_iter39                      |   1|   0|    1|          0|
    |ap_enable_reg_pp0_iter4                       |   1|   0|    1|          0|
    |ap_enable_reg_pp0_iter40                      |   1|   0|    1|          0|
    |ap_enable_reg_pp0_iter41                      |   1|   0|    1|          0|
    |ap_enable_reg_pp0_iter42                      |   1|   0|    1|          0|
    |ap_enable_reg_pp0_iter43                      |   1|   0|    1|          0|
    |ap_enable_reg_pp0_iter44                      |   1|   0|    1|          0|
    |ap_enable_reg_pp0_iter45                      |   1|   0|    1|          0|
    |ap_enable_reg_pp0_iter46                      |   1|   0|    1|          0|
    |ap_enable_reg_pp0_iter47                      |   1|   0|    1|          0|
    |ap_enable_reg_pp0_iter48                      |   1|   0|    1|          0|
    |ap_enable_reg_pp0_iter49                      |   1|   0|    1|          0|
    |ap_enable_reg_pp0_iter5                       |   1|   0|    1|          0|
    |ap_enable_reg_pp0_iter50                      |   1|   0|    1|          0|
    |ap_enable_reg_pp0_iter51                      |   1|   0|    1|          0|
    |ap_enable_reg_pp0_iter52                      |   1|   0|    1|          0|
    |ap_enable_reg_pp0_iter53                      |   1|   0|    1|          0|
    |ap_enable_reg_pp0_iter54                      |   1|   0|    1|          0|
    |ap_enable_reg_pp0_iter55                      |   1|   0|    1|          0|
    |ap_enable_reg_pp0_iter56                      |   1|   0|    1|          0|
    |ap_enable_reg_pp0_iter57                      |   1|   0|    1|          0|
    |ap_enable_reg_pp0_iter58                      |   1|   0|    1|          0|
    |ap_enable_reg_pp0_iter59                      |   1|   0|    1|          0|
    |ap_enable_reg_pp0_iter6                       |   1|   0|    1|          0|
    |ap_enable_reg_pp0_iter60                      |   1|   0|    1|          0|
    |ap_enable_reg_pp0_iter61                      |   1|   0|    1|          0|
    |ap_enable_reg_pp0_iter62                      |   1|   0|    1|          0|
    |ap_enable_reg_pp0_iter7                       |   1|   0|    1|          0|
    |ap_enable_reg_pp0_iter8                       |   1|   0|    1|          0|
    |ap_enable_reg_pp0_iter9                       |   1|   0|    1|          0|
    |ctlStep_0_reg_2550                            |  11|   0|   11|          0|
    |ctlStep_reg_5861                              |  11|   0|   11|          0|
    |dHTunnel_reg_5841                             |  32|   0|   32|          0|
    |dH_0_fu_310                                   |  32|   0|   32|          0|
    |dH_1_fu_314                                   |  32|   0|   32|          0|
    |dH_2_fu_318                                   |  32|   0|   32|          0|
    |dH_3_fu_322                                   |  32|   0|   32|          0|
    |dH_4_fu_326                                   |  32|   0|   32|          0|
    |dH_5_fu_330                                   |  32|   0|   32|          0|
    |dH_6_fu_334                                   |  32|   0|   32|          0|
    |dH_7_fu_338                                   |  32|   0|   32|          0|
    |down_trotter_1_fu_378                         |   1|   0|    1|          0|
    |down_trotter_2_fu_382                         |   1|   0|    1|          0|
    |down_trotter_3_fu_386                         |   1|   0|    1|          0|
    |down_trotter_4_fu_390                         |   1|   0|    1|          0|
    |down_trotter_5_fu_394                         |   1|   0|    1|          0|
    |down_trotter_6_fu_398                         |   1|   0|    1|          0|
    |down_trotter_7_fu_402                         |   1|   0|    1|          0|
    |empty_106_reg_6227                            |  10|   0|   10|          0|
    |empty_124_reg_6413                            |  10|   0|   10|          0|
    |empty_142_reg_6599                            |  10|   0|   10|          0|
    |empty_160_reg_6785                            |  10|   0|   10|          0|
    |empty_178_reg_6971                            |  10|   0|   10|          0|
    |empty_196_reg_7157                            |  10|   0|   10|          0|
    |empty_214_reg_7343                            |  10|   0|   10|          0|
    |grp_TrotterUnit5Adv_0_s_fu_2662_ap_start_reg  |   1|   0|    1|          0|
    |grp_TrotterUnit5Adv_1_s_fu_2680_ap_start_reg  |   1|   0|    1|          0|
    |grp_TrotterUnit5Adv_2_s_fu_2697_ap_start_reg  |   1|   0|    1|          0|
    |grp_TrotterUnit5Adv_3_s_fu_2714_ap_start_reg  |   1|   0|    1|          0|
    |grp_TrotterUnit5Adv_4_s_fu_2731_ap_start_reg  |   1|   0|    1|          0|
    |grp_TrotterUnit5Adv_5_s_fu_2748_ap_start_reg  |   1|   0|    1|          0|
    |grp_TrotterUnit5Adv_6_s_fu_2765_ap_start_reg  |   1|   0|    1|          0|
    |grp_TrotterUnit5Adv_7_s_fu_2782_ap_start_reg  |   1|   0|    1|          0|
    |iPre_0_1_reg_5999                             |  11|   0|   11|          0|
    |iPre_1_2_reg_7376                             |  11|   0|   11|          0|
    |iPre_1_fu_410                                 |  11|   0|   11|          0|
    |iPre_2_2_reg_7381                             |  11|   0|   11|          0|
    |iPre_2_fu_414                                 |  11|   0|   11|          0|
    |iPre_3_2_reg_7386                             |  11|   0|   11|          0|
    |iPre_3_fu_418                                 |  11|   0|   11|          0|
    |iPre_4_2_reg_7391                             |  11|   0|   11|          0|
    |iPre_4_fu_422                                 |  11|   0|   11|          0|
    |iPre_5_2_reg_7396                             |  11|   0|   11|          0|
    |iPre_5_fu_426                                 |  11|   0|   11|          0|
    |iPre_6_2_reg_7401                             |  11|   0|   11|          0|
    |iPre_6_fu_430                                 |  11|   0|   11|          0|
    |iPre_7_2_reg_7406                             |  11|   0|   11|          0|
    |iPre_7_fu_434                                 |  11|   0|   11|          0|
    |icmp_ln235_1_reg_5874                         |   1|   0|    1|          0|
    |icmp_ln235_2_reg_5879                         |   1|   0|    1|          0|
    |icmp_ln235_3_reg_5889                         |   1|   0|    1|          0|
    |icmp_ln235_4_reg_5899                         |   1|   0|    1|          0|
    |icmp_ln235_5_reg_5909                         |   1|   0|    1|          0|
    |icmp_ln235_6_reg_5920                         |   1|   0|    1|          0|
    |icmp_ln235_7_reg_5931                         |   1|   0|    1|          0|
    |icmp_ln235_8_reg_6010                         |   1|   0|    1|          0|
    |icmp_ln235_reg_5869                           |   1|   0|    1|          0|
    |icmp_ln314_10_reg_7670                        |   1|   0|    1|          0|
    |icmp_ln314_11_reg_7679                        |   1|   0|    1|          0|
    |icmp_ln314_12_reg_7688                        |   1|   0|    1|          0|
    |icmp_ln314_13_reg_7697                        |   1|   0|    1|          0|
    |icmp_ln314_14_reg_7706                        |   1|   0|    1|          0|
    |icmp_ln314_1_reg_7589                         |   1|   0|    1|          0|
    |icmp_ln314_2_reg_7598                         |   1|   0|    1|          0|
    |icmp_ln314_3_reg_7607                         |   1|   0|    1|          0|
    |icmp_ln314_4_reg_7616                         |   1|   0|    1|          0|
    |icmp_ln314_5_reg_7625                         |   1|   0|    1|          0|
    |icmp_ln314_6_reg_7634                         |   1|   0|    1|          0|
    |icmp_ln314_7_reg_7643                         |   1|   0|    1|          0|
    |icmp_ln314_8_reg_7652                         |   1|   0|    1|          0|
    |icmp_ln314_9_reg_7661                         |   1|   0|    1|          0|
    |icmp_ln314_reg_7580                           |   1|   0|    1|          0|
    |j_assign_reg_2650                             |  11|   0|   11|          0|
    |j_reg_7906                                    |  11|   0|   11|          0|
    |k_0_0_0_reg_2573                              |  11|   0|   11|          0|
    |k_0_1_0_reg_2584                              |  11|   0|   11|          0|
    |k_0_2_0_reg_2595                              |  11|   0|   11|          0|
    |k_0_3_0_reg_2606                              |  11|   0|   11|          0|
    |k_0_4_0_reg_2617                              |  11|   0|   11|          0|
    |k_0_5_0_reg_2628                              |  11|   0|   11|          0|
    |k_0_6_0_reg_2639                              |  11|   0|   11|          0|
    |k_reg_6145                                    |  32|   0|   32|          0|
    |k_reg_6145_pp0_iter3_reg                      |  32|   0|   32|          0|
    |logRandomNumber_0_fu_438                      |  32|   0|   32|          0|
    |logRandomNumber_1_fu_442                      |  32|   0|   32|          0|
    |logRandomNumber_2_fu_446                      |  32|   0|   32|          0|
    |logRandomNumber_3_fu_450                      |  32|   0|   32|          0|
    |logRandomNumber_4_fu_454                      |  32|   0|   32|          0|
    |logRandomNumber_5_fu_458                      |  32|   0|   32|          0|
    |logRandomNumber_6_fu_462                      |  32|   0|   32|          0|
    |logRandomNumber_7_fu_466                      |  32|   0|   32|          0|
    |mul_ln8_reg_6135                              |  65|   0|   65|          0|
    |mul_ln9_1_reg_6156                            |  32|   0|   32|          0|
    |mul_ln9_2_reg_6161                            |  32|   0|   32|          0|
    |nSpin_read_reg_5496                           |  32|   0|   32|          0|
    |or_ln314_10_reg_7665                          |   7|   0|   10|          3|
    |or_ln314_11_reg_7674                          |   8|   0|   10|          2|
    |or_ln314_12_reg_7683                          |   7|   0|   10|          3|
    |or_ln314_13_reg_7692                          |   7|   0|   10|          3|
    |or_ln314_14_reg_7701                          |   6|   0|   10|          4|
    |or_ln314_1_reg_7584                           |   9|   0|   10|          1|
    |or_ln314_2_reg_7593                           |   8|   0|   10|          2|
    |or_ln314_3_reg_7602                           |   9|   0|   10|          1|
    |or_ln314_4_reg_7611                           |   8|   0|   10|          2|
    |or_ln314_5_reg_7620                           |   8|   0|   10|          2|
    |or_ln314_6_reg_7629                           |   7|   0|   10|          3|
    |or_ln314_7_reg_7638                           |   9|   0|   10|          1|
    |or_ln314_8_reg_7647                           |   8|   0|   10|          2|
    |or_ln314_9_reg_7656                           |   8|   0|   10|          2|
    |or_ln314_reg_7575                             |   9|   0|   10|          1|
    |r_reg_6194                                    |  32|   0|   32|          0|
    |seed_0_fu_470                                 |  32|   0|   32|          0|
    |seed_1_fu_474                                 |  32|   0|   32|          0|
    |seed_2_fu_478                                 |  32|   0|   32|          0|
    |seed_3_fu_482                                 |  32|   0|   32|          0|
    |seed_4_fu_486                                 |  32|   0|   32|          0|
    |seed_5_fu_490                                 |  32|   0|   32|          0|
    |seed_6_1_reg_6166                             |  32|   0|   32|          0|
    |seed_6_fu_494                                 |  32|   0|   32|          0|
    |seed_7_fu_498                                 |  32|   0|   32|          0|
    |seed_read_assign_reg_6123                     |  32|   0|   32|          0|
    |t5_0_reg_2562                                 |   4|   0|    4|          0|
    |tmp_173_reg_5894                              |   1|   0|    1|          0|
    |tmp_174_reg_5904                              |   1|   0|    1|          0|
    |tmp_175_reg_5914                              |   1|   0|    1|          0|
    |tmp_176_reg_5926                              |   1|   0|    1|          0|
    |tmp_177_reg_6005                              |   1|   0|    1|          0|
    |tmp_178_reg_6129                              |   1|   0|    1|          0|
    |tmp_178_reg_6129_pp0_iter1_reg                |   1|   0|    1|          0|
    |tmp_180_reg_6140                              |  16|   0|   16|          0|
    |tmp_1_i_reg_6184                              |  64|   0|   64|          0|
    |tmp_2_i_reg_6189                              |  64|   0|   64|          0|
    |tmp_41_reg_6199                               |  64|   0|   64|          0|
    |tmp_42_reg_6204                               |  64|   0|   64|          0|
    |tmp_43_reg_6209                               |  64|   0|   64|          0|
    |tmp_i_reg_6179                                |  32|   0|   32|          0|
    |tmp_reg_5884                                  |   1|   0|    1|          0|
    |trunc_ln268_reg_6119                          |   3|   0|    3|          0|
    |trunc_ln295_reg_7557                          |  10|   0|   10|          0|
    |up_trotter_0_fu_342                           |   1|   0|    1|          0|
    |up_trotter_1_fu_346                           |   1|   0|    1|          0|
    |up_trotter_2_fu_350                           |   1|   0|    1|          0|
    |up_trotter_3_fu_354                           |   1|   0|    1|          0|
    |up_trotter_4_fu_358                           |   1|   0|    1|          0|
    |up_trotter_5_fu_362                           |   1|   0|    1|          0|
    |up_trotter_6_fu_366                           |   1|   0|    1|          0|
    |xor_ln235_1_reg_6085                          |   1|   0|    1|          0|
    |xor_ln235_2_reg_6090                          |   1|   0|    1|          0|
    |xor_ln235_3_reg_6095                          |   1|   0|    1|          0|
    |xor_ln235_4_reg_6100                          |   1|   0|    1|          0|
    |xor_ln235_5_reg_6105                          |   1|   0|    1|          0|
    |xor_ln235_reg_6080                            |   1|   0|    1|          0|
    |zext_ln245_3_reg_5946                         |  11|   0|   64|         53|
    |zext_ln245_4_reg_5952                         |  11|   0|   64|         53|
    |zext_ln245_6_reg_5958                         |  11|   0|   64|         53|
    |zext_ln278_100_reg_7431                       |   9|   0|   64|         55|
    |zext_ln278_101_reg_7441                       |   8|   0|   64|         56|
    |zext_ln278_102_reg_7451                       |   8|   0|   64|         56|
    |zext_ln278_103_reg_7461                       |   7|   0|   64|         57|
    |zext_ln278_104_reg_7471                       |   9|   0|   64|         55|
    |zext_ln278_105_reg_7481                       |   8|   0|   64|         56|
    |zext_ln278_106_reg_7491                       |   8|   0|   64|         56|
    |zext_ln278_107_reg_7501                       |   7|   0|   64|         57|
    |zext_ln278_108_reg_7511                       |   8|   0|   64|         56|
    |zext_ln278_109_reg_7521                       |   7|   0|   64|         57|
    |zext_ln278_10_reg_6340                        |   8|   0|   64|         56|
    |zext_ln278_110_reg_7531                       |   7|   0|   64|         57|
    |zext_ln278_111_reg_7541                       |   6|   0|   64|         58|
    |zext_ln278_11_reg_6350                        |   7|   0|   64|         57|
    |zext_ln278_12_reg_6360                        |   8|   0|   64|         56|
    |zext_ln278_13_reg_6370                        |   7|   0|   64|         57|
    |zext_ln278_14_reg_6380                        |   7|   0|   64|         57|
    |zext_ln278_15_reg_6390                        |   6|   0|   64|         58|
    |zext_ln278_16_reg_6403                        |  11|   0|   64|         53|
    |zext_ln278_17_reg_6431                        |   9|   0|   64|         55|
    |zext_ln278_18_reg_6446                        |   9|   0|   64|         55|
    |zext_ln278_19_reg_6456                        |   8|   0|   64|         56|
    |zext_ln278_1_reg_6245                         |   9|   0|   64|         55|
    |zext_ln278_20_reg_6466                        |   9|   0|   64|         55|
    |zext_ln278_21_reg_6476                        |   8|   0|   64|         56|
    |zext_ln278_22_reg_6486                        |   8|   0|   64|         56|
    |zext_ln278_23_reg_6496                        |   7|   0|   64|         57|
    |zext_ln278_24_reg_6506                        |   9|   0|   64|         55|
    |zext_ln278_25_reg_6516                        |   8|   0|   64|         56|
    |zext_ln278_26_reg_6526                        |   8|   0|   64|         56|
    |zext_ln278_27_reg_6536                        |   7|   0|   64|         57|
    |zext_ln278_28_reg_6546                        |   8|   0|   64|         56|
    |zext_ln278_29_reg_6556                        |   7|   0|   64|         57|
    |zext_ln278_2_reg_6260                         |   9|   0|   64|         55|
    |zext_ln278_30_reg_6566                        |   7|   0|   64|         57|
    |zext_ln278_31_reg_6576                        |   6|   0|   64|         58|
    |zext_ln278_32_reg_6589                        |  11|   0|   64|         53|
    |zext_ln278_33_reg_6617                        |   9|   0|   64|         55|
    |zext_ln278_34_reg_6632                        |   9|   0|   64|         55|
    |zext_ln278_35_reg_6642                        |   8|   0|   64|         56|
    |zext_ln278_36_reg_6652                        |   9|   0|   64|         55|
    |zext_ln278_37_reg_6662                        |   8|   0|   64|         56|
    |zext_ln278_38_reg_6672                        |   8|   0|   64|         56|
    |zext_ln278_39_reg_6682                        |   7|   0|   64|         57|
    |zext_ln278_3_reg_6270                         |   8|   0|   64|         56|
    |zext_ln278_40_reg_6692                        |   9|   0|   64|         55|
    |zext_ln278_41_reg_6702                        |   8|   0|   64|         56|
    |zext_ln278_42_reg_6712                        |   8|   0|   64|         56|
    |zext_ln278_43_reg_6722                        |   7|   0|   64|         57|
    |zext_ln278_44_reg_6732                        |   8|   0|   64|         56|
    |zext_ln278_45_reg_6742                        |   7|   0|   64|         57|
    |zext_ln278_46_reg_6752                        |   7|   0|   64|         57|
    |zext_ln278_47_reg_6762                        |   6|   0|   64|         58|
    |zext_ln278_48_reg_6775                        |  11|   0|   64|         53|
    |zext_ln278_49_reg_6803                        |   9|   0|   64|         55|
    |zext_ln278_4_reg_6280                         |   9|   0|   64|         55|
    |zext_ln278_50_reg_6818                        |   9|   0|   64|         55|
    |zext_ln278_51_reg_6828                        |   8|   0|   64|         56|
    |zext_ln278_52_reg_6838                        |   9|   0|   64|         55|
    |zext_ln278_53_reg_6848                        |   8|   0|   64|         56|
    |zext_ln278_54_reg_6858                        |   8|   0|   64|         56|
    |zext_ln278_55_reg_6868                        |   7|   0|   64|         57|
    |zext_ln278_56_reg_6878                        |   9|   0|   64|         55|
    |zext_ln278_57_reg_6888                        |   8|   0|   64|         56|
    |zext_ln278_58_reg_6898                        |   8|   0|   64|         56|
    |zext_ln278_59_reg_6908                        |   7|   0|   64|         57|
    |zext_ln278_5_reg_6290                         |   8|   0|   64|         56|
    |zext_ln278_60_reg_6918                        |   8|   0|   64|         56|
    |zext_ln278_61_reg_6928                        |   7|   0|   64|         57|
    |zext_ln278_62_reg_6938                        |   7|   0|   64|         57|
    |zext_ln278_63_reg_6948                        |   6|   0|   64|         58|
    |zext_ln278_64_reg_6961                        |  11|   0|   64|         53|
    |zext_ln278_65_reg_6989                        |   9|   0|   64|         55|
    |zext_ln278_66_reg_7004                        |   9|   0|   64|         55|
    |zext_ln278_67_reg_7014                        |   8|   0|   64|         56|
    |zext_ln278_68_reg_7024                        |   9|   0|   64|         55|
    |zext_ln278_69_reg_7034                        |   8|   0|   64|         56|
    |zext_ln278_6_reg_6300                         |   8|   0|   64|         56|
    |zext_ln278_70_reg_7044                        |   8|   0|   64|         56|
    |zext_ln278_71_reg_7054                        |   7|   0|   64|         57|
    |zext_ln278_72_reg_7064                        |   9|   0|   64|         55|
    |zext_ln278_73_reg_7074                        |   8|   0|   64|         56|
    |zext_ln278_74_reg_7084                        |   8|   0|   64|         56|
    |zext_ln278_75_reg_7094                        |   7|   0|   64|         57|
    |zext_ln278_76_reg_7104                        |   8|   0|   64|         56|
    |zext_ln278_77_reg_7114                        |   7|   0|   64|         57|
    |zext_ln278_78_reg_7124                        |   7|   0|   64|         57|
    |zext_ln278_79_reg_7134                        |   6|   0|   64|         58|
    |zext_ln278_7_reg_6310                         |   7|   0|   64|         57|
    |zext_ln278_80_reg_7147                        |  11|   0|   64|         53|
    |zext_ln278_81_reg_7175                        |   9|   0|   64|         55|
    |zext_ln278_82_reg_7190                        |   9|   0|   64|         55|
    |zext_ln278_83_reg_7200                        |   8|   0|   64|         56|
    |zext_ln278_84_reg_7210                        |   9|   0|   64|         55|
    |zext_ln278_85_reg_7220                        |   8|   0|   64|         56|
    |zext_ln278_86_reg_7230                        |   8|   0|   64|         56|
    |zext_ln278_87_reg_7240                        |   7|   0|   64|         57|
    |zext_ln278_88_reg_7250                        |   9|   0|   64|         55|
    |zext_ln278_89_reg_7260                        |   8|   0|   64|         56|
    |zext_ln278_8_reg_6320                         |   9|   0|   64|         55|
    |zext_ln278_90_reg_7270                        |   8|   0|   64|         56|
    |zext_ln278_91_reg_7280                        |   7|   0|   64|         57|
    |zext_ln278_92_reg_7290                        |   8|   0|   64|         56|
    |zext_ln278_93_reg_7300                        |   7|   0|   64|         57|
    |zext_ln278_94_reg_7310                        |   7|   0|   64|         57|
    |zext_ln278_95_reg_7320                        |   6|   0|   64|         58|
    |zext_ln278_96_reg_7333                        |  11|   0|   64|         53|
    |zext_ln278_97_reg_7361                        |   9|   0|   64|         55|
    |zext_ln278_98_reg_7411                        |   9|   0|   64|         55|
    |zext_ln278_99_reg_7421                        |   8|   0|   64|         56|
    |zext_ln278_9_reg_6330                         |   8|   0|   64|         56|
    |zext_ln278_reg_6217                           |  11|   0|   64|         53|
    |seed_read_assign_reg_6123                     |  64|  32|   32|          0|
    |trunc_ln268_reg_6119                          |  64|  64|    3|          0|
    +----------------------------------------------+----+----+-----+-----------+
    |Total                                         |3430|  96| 9793|       6456|
    +----------------------------------------------+----+----+-----+-----------+



================================================================
== Interface
================================================================
* Summary: 
+------------------------+-----+-----+------------+--------------------------+--------------+
|        RTL Ports       | Dir | Bits|  Protocol  |       Source Object      |    C Type    |
+------------------------+-----+-----+------------+--------------------------+--------------+
|s_axi_AXILiteS_AWVALID  |  in |    1|    s_axi   |         AXILiteS         |    scalar    |
|s_axi_AXILiteS_AWREADY  | out |    1|    s_axi   |         AXILiteS         |    scalar    |
|s_axi_AXILiteS_AWADDR   |  in |   16|    s_axi   |         AXILiteS         |    scalar    |
|s_axi_AXILiteS_WVALID   |  in |    1|    s_axi   |         AXILiteS         |    scalar    |
|s_axi_AXILiteS_WREADY   | out |    1|    s_axi   |         AXILiteS         |    scalar    |
|s_axi_AXILiteS_WDATA    |  in |   32|    s_axi   |         AXILiteS         |    scalar    |
|s_axi_AXILiteS_WSTRB    |  in |    4|    s_axi   |         AXILiteS         |    scalar    |
|s_axi_AXILiteS_ARVALID  |  in |    1|    s_axi   |         AXILiteS         |    scalar    |
|s_axi_AXILiteS_ARREADY  | out |    1|    s_axi   |         AXILiteS         |    scalar    |
|s_axi_AXILiteS_ARADDR   |  in |   16|    s_axi   |         AXILiteS         |    scalar    |
|s_axi_AXILiteS_RVALID   | out |    1|    s_axi   |         AXILiteS         |    scalar    |
|s_axi_AXILiteS_RREADY   |  in |    1|    s_axi   |         AXILiteS         |    scalar    |
|s_axi_AXILiteS_RDATA    | out |   32|    s_axi   |         AXILiteS         |    scalar    |
|s_axi_AXILiteS_RRESP    | out |    2|    s_axi   |         AXILiteS         |    scalar    |
|s_axi_AXILiteS_BVALID   | out |    1|    s_axi   |         AXILiteS         |    scalar    |
|s_axi_AXILiteS_BREADY   |  in |    1|    s_axi   |         AXILiteS         |    scalar    |
|s_axi_AXILiteS_BRESP    | out |    2|    s_axi   |         AXILiteS         |    scalar    |
|ap_clk                  |  in |    1| ap_ctrl_hs | QuantumMonteCarloOpt5Adv | return value |
|ap_rst_n                |  in |    1| ap_ctrl_hs | QuantumMonteCarloOpt5Adv | return value |
|interrupt               | out |    1| ap_ctrl_hs | QuantumMonteCarloOpt5Adv | return value |
|Jcoup_V_TDATA           |  in |   32|    axis    |          Jcoup_V         |    pointer   |
|Jcoup_V_TVALID          |  in |    1|    axis    |          Jcoup_V         |    pointer   |
|Jcoup_V_TREADY          | out |    1|    axis    |          Jcoup_V         |    pointer   |
+------------------------+-----+-----+------------+--------------------------+--------------+

