

================================================================
== Synthesis Summary Report of 'QuantumMonteCarloU50'
================================================================
+ General Information: 
    * Date:           Tue Nov  2 06:17:21 2021
    * Version:        2021.1 (Build 3247384 on Thu Jun 10 19:36:33 MDT 2021)
    * Project:        SQA-Vitis
    * Solution:       solution1 (Vitis Kernel Flow Target)
    * Product family: virtexuplus
    * Target device:  xcvu35p-fsvh2892-2-e
    

+ Performance & Resource Estimates: 
    
    PS: '+' for module; 'o' for loop; '*' for dataflow
    +------------------------------------------------------------------------------+--------+-------+----------+-----------+----------+----------+-------+----------+-----------+----------+--------------+--------------+-----+
    |                                    Modules                                   |  Issue |       | Latency  |  Latency  | Iteration|          |  Trip |          |           |          |              |              |     |
    |                                    & Loops                                   |  Type  | Slack | (cycles) |    (ns)   |  Latency | Interval | Count | Pipelined|   BRAM    |    DSP   |      FF      |      LUT     | URAM|
    +------------------------------------------------------------------------------+--------+-------+----------+-----------+----------+----------+-------+----------+-----------+----------+--------------+--------------+-----+
    |+ QuantumMonteCarloU50                                                        |  Timing|  -0.59|  39263905|  1.309e+08|         -|  39263906|      -|        no|  354 (13%)|  535 (8%)|  262437 (15%)|  127858 (14%)|    -|
    | + grp_QuantumMonteCarloU50_Pipeline_READ_TROTTERS_READ_TROTTERS_1_fu_1053    |       -|   0.00|      2051|  6.836e+03|         -|      2051|      -|        no|          -|         -|    1016 (~0%)|     581 (~0%)|    -|
    |  o READ_TROTTERS_READ_TROTTERS_1                                             |       -|   2.43|      2049|  6.829e+03|         3|         1|   2048|       yes|          -|         -|             -|             -|    -|
    | + grp_QuantumMonteCarloU50_Pipeline_PREFETCH_JCOUP_fu_1064                   |       -|   0.00|       843|  2.810e+03|         -|       843|      -|        no|          -|         -|    59740 (3%)|    4937 (~0%)|    -|
    |  o PREFETCH_JCOUP                                                            |      II|   2.43|       841|  2.803e+03|        77|         3|    256|       yes|          -|         -|             -|             -|    -|
    | + grp_QuantumMonteCarloU50_Pipeline_SHIFT_JCOUP_fu_1208                      |       -|   0.03|       258|    859.914|         -|       258|      -|        no|          -|         -|      69 (~0%)|      65 (~0%)|    -|
    |  o SHIFT_JCOUP                                                               |       -|   2.43|       256|    853.248|         2|         1|    256|       yes|          -|         -|             -|             -|    -|
    | + grp_QuantumMonteCarloU50_Pipeline_READ_JCOUP_fu_1348                       |       -|   0.00|       843|  2.810e+03|         -|       843|      -|        no|          -|         -|    59740 (3%)|    5051 (~0%)|    -|
    |  o READ_JCOUP                                                                |      II|   2.43|       841|  2.803e+03|        77|         3|    256|       yes|          -|         -|             -|             -|    -|
    | + grp_Run_fu_1493                                                            |  Timing|  -0.59|       754|  2.513e+03|         -|       754|      -|        no|    1 (~0%)|  128 (2%)|    31860 (1%)|    23090 (2%)|    -|
    |  + grp_Run_Pipeline_SUM_UP_fu_2581                                           |       -|   0.09|       568|  1.893e+03|         -|       568|      -|        no|          -|  120 (2%)|    27456 (1%)|    18444 (2%)|    -|
    |   o SUM_UP                                                                   |      II|   2.43|       566|  1.886e+03|        57|         2|    256|       yes|          -|         -|             -|             -|    -|
    | + grp_Run_fu_1500                                                            |  Timing|  -0.59|       754|  2.513e+03|         -|       754|      -|        no|    1 (~0%)|  128 (2%)|    31860 (1%)|    23090 (2%)|    -|
    |  + grp_Run_Pipeline_SUM_UP_fu_2581                                           |       -|   0.09|       568|  1.893e+03|         -|       568|      -|        no|          -|  120 (2%)|    27456 (1%)|    18444 (2%)|    -|
    |   o SUM_UP                                                                   |      II|   2.43|       566|  1.886e+03|        57|         2|    256|       yes|          -|         -|             -|             -|    -|
    | + grp_Run_fu_1507                                                            |  Timing|  -0.59|       754|  2.513e+03|         -|       754|      -|        no|    1 (~0%)|  128 (2%)|    31860 (1%)|    23090 (2%)|    -|
    |  + grp_Run_Pipeline_SUM_UP_fu_2581                                           |       -|   0.09|       568|  1.893e+03|         -|       568|      -|        no|          -|  120 (2%)|    27456 (1%)|    18444 (2%)|    -|
    |   o SUM_UP                                                                   |      II|   2.43|       566|  1.886e+03|        57|         2|    256|       yes|          -|         -|             -|             -|    -|
    | + grp_Run_fu_1514                                                            |  Timing|  -0.59|       754|  2.513e+03|         -|       754|      -|        no|    1 (~0%)|  128 (2%)|    31860 (1%)|    23090 (2%)|    -|
    |  + grp_Run_Pipeline_SUM_UP_fu_2581                                           |       -|   0.09|       568|  1.893e+03|         -|       568|      -|        no|          -|  120 (2%)|    27456 (1%)|    18444 (2%)|    -|
    |   o SUM_UP                                                                   |      II|   2.43|       566|  1.886e+03|        57|         2|    256|       yes|          -|         -|             -|             -|    -|
    | + grp_RunFinal_fu_1521                                                       |       -|   0.09|        22|     73.326|         -|        22|      -|        no|          -|   5 (~0%)|     794 (~0%)|     658 (~0%)|    -|
    | + grp_RunFinal_fu_1539                                                       |       -|   0.09|        22|     73.326|         -|        22|      -|        no|          -|   5 (~0%)|     794 (~0%)|     658 (~0%)|    -|
    | + grp_RunFinal_fu_1557                                                       |       -|   0.09|        22|     73.326|         -|        22|      -|        no|          -|   5 (~0%)|     794 (~0%)|     658 (~0%)|    -|
    | + grp_RunFinal_fu_1575                                                       |       -|   0.09|        22|     73.326|         -|        22|      -|        no|          -|   5 (~0%)|     794 (~0%)|     658 (~0%)|    -|
    | + grp_QuantumMonteCarloU50_Pipeline_WRITE_TROTTERS_WRITE_TROTTERS_1_fu_1593  |       -|   0.00|      2052|  6.839e+03|         -|      2052|      -|        no|          -|         -|    1125 (~0%)|    1005 (~0%)|    -|
    |  o WRITE_TROTTERS_WRITE_TROTTERS_1                                           |       -|   2.43|      2050|  6.833e+03|         4|         1|   2048|       yes|          -|         -|             -|             -|    -|
    | o LOOP_STAGE                                                                 |       -|   2.43|  39259658|  1.309e+08|      1198|         -|  32771|        no|          -|         -|             -|             -|    -|
    +------------------------------------------------------------------------------+--------+-------+----------+-----------+----------+----------+-------+----------+-----------+----------+--------------+--------------+-----+


================================================================
== HW Interfaces
================================================================
* M_AXI
+-------------+--------------+---------------+---------+--------+----------+-----------+--------------+--------------+-------------+-------------+
| Interface   | Data Width   | Address Width | Latency | Offset | Register | Max Widen | Max Read     | Max Write    | Num Read    | Num Write   |
|             | (SW->HW)     |               |         |        |          | Bitwidth  | Burst Length | Burst Length | Outstanding | Outstanding |
+-------------+--------------+---------------+---------+--------+----------+-----------+--------------+--------------+-------------+-------------+
| m_axi_gmem0 | 64 -> 512    | 64            | 64      | slave  | 0        | 512       | 16           | 16           | 16          | 16          |
| m_axi_gmem1 | 2048 -> 1024 | 64            | 64      | slave  | 0        | 512       | 16           | 16           | 16          | 16          |
| m_axi_gmem2 | 2048 -> 1024 | 64            | 64      | slave  | 0        | 512       | 16           | 16           | 16          | 16          |
| m_axi_gmem3 | 32 -> 32     | 64            | 64      | slave  | 0        | 512       | 16           | 16           | 16          | 16          |
| m_axi_gmem4 | 32 -> 32     | 64            | 64      | slave  | 0        | 512       | 16           | 16           | 16          | 16          |
+-------------+--------------+---------------+---------+--------+----------+-----------+--------------+--------------+-------------+-------------+

* S_AXILITE
+---------------+------------+---------------+--------+----------+
| Interface     | Data Width | Address Width | Offset | Register |
+---------------+------------+---------------+--------+----------+
| s_axi_control | 32         | 7             | 16     | 0        |
+---------------+------------+---------------+--------+----------+

* TOP LEVEL CONTROL
+-----------+---------------+-----------+
| Interface | Type          | Ports     |
+-----------+---------------+-----------+
| ap_clk    | clock         | ap_clk    |
| ap_rst_n  | reset         | ap_rst_n  |
| interrupt | interrupt     | interrupt |
| ap_ctrl   | ap_ctrl_chain |           |
+-----------+---------------+-----------+


================================================================
== SW I/O Information
================================================================
* Top Function Arguments
+----------+-----------+---------------+
| Argument | Direction | Datatype      |
+----------+-----------+---------------+
| trotters | inout     | ap_uint<64>*  |
| jcoup_0  | in        |  const *      |
| jcoup_1  | in        |  const *      |
| h        | in        | float const * |
| jperp    | in        | float const   |
| beta     | in        | float const   |
| log_rand | in        | float const * |
+----------+-----------+---------------+

* SW-to-HW Mapping
+----------+--------------------------+-----------+----------+-----------------------+
| Argument | HW Name                  | HW Type   | HW Usage | HW Info               |
+----------+--------------------------+-----------+----------+-----------------------+
| trotters | m_axi_gmem0              | interface |          |                       |
| trotters | s_axi_control trotters_1 | register  | offset   | offset=0x10, range=32 |
| trotters | s_axi_control trotters_2 | register  | offset   | offset=0x14, range=32 |
| jcoup_0  | m_axi_gmem1              | interface |          |                       |
| jcoup_0  | s_axi_control jcoup_0_1  | register  | offset   | offset=0x1c, range=32 |
| jcoup_0  | s_axi_control jcoup_0_2  | register  | offset   | offset=0x20, range=32 |
| jcoup_1  | m_axi_gmem2              | interface |          |                       |
| jcoup_1  | s_axi_control jcoup_1_1  | register  | offset   | offset=0x28, range=32 |
| jcoup_1  | s_axi_control jcoup_1_2  | register  | offset   | offset=0x2c, range=32 |
| h        | m_axi_gmem3              | interface |          |                       |
| h        | s_axi_control h_1        | register  | offset   | offset=0x34, range=32 |
| h        | s_axi_control h_2        | register  | offset   | offset=0x38, range=32 |
| jperp    | s_axi_control jperp      | register  |          | offset=0x40, range=32 |
| beta     | s_axi_control beta       | register  |          | offset=0x48, range=32 |
| log_rand | m_axi_gmem4              | interface |          |                       |
| log_rand | s_axi_control log_rand_1 | register  | offset   | offset=0x50, range=32 |
| log_rand | s_axi_control log_rand_2 | register  | offset   | offset=0x54, range=32 |
+----------+--------------------------+-----------+----------+-----------------------+


================================================================
== M_AXI Burst Information
================================================================
* Burst Summary
+--------------+---------------------------------------------------------------------------------------------------------------------------------------------------------------------------------------------------------------------------------+-----------------------------------------------------------------+
| HW Interface | Message                                                                                                                                                                                                                         | Location                                                        |
+--------------+---------------------------------------------------------------------------------------------------------------------------------------------------------------------------------------------------------------------------------+-----------------------------------------------------------------+
| m_axi_gmem0  | Multiple burst reads of length 256 and bit width 512. These bursts requests might be further partitioned into multiple requests during RTL generation, based on max_read_burst_length or max_write_burst_length settings.       | Simulated-Quantum-Annealing/vitis/src/kernel/qmc_u50.cpp:258:5  |
| m_axi_gmem1  | Multiple burst reads of variable length and bit width 1024. These bursts requests might be further partitioned into multiple requests during RTL generation, based on max_read_burst_length or max_write_burst_length settings. | Simulated-Quantum-Annealing/vitis/src/kernel/qmc_u50.cpp:269:26 |
| m_axi_gmem2  | Multiple burst reads of variable length and bit width 1024. These bursts requests might be further partitioned into multiple requests during RTL generation, based on max_read_burst_length or max_write_burst_length settings. | Simulated-Quantum-Annealing/vitis/src/kernel/qmc_u50.cpp:270:33 |
| m_axi_gmem1  | Multiple burst reads of variable length and bit width 1024. These bursts requests might be further partitioned into multiple requests during RTL generation, based on max_read_burst_length or max_write_burst_length settings. | Simulated-Quantum-Annealing/vitis/src/kernel/qmc_u50.cpp:334:26 |
| m_axi_gmem2  | Multiple burst reads of variable length and bit width 1024. These bursts requests might be further partitioned into multiple requests during RTL generation, based on max_read_burst_length or max_write_burst_length settings. | Simulated-Quantum-Annealing/vitis/src/kernel/qmc_u50.cpp:335:37 |
| m_axi_gmem0  | Multiple burst writes of length 256 and bit width 512. These bursts requests might be further partitioned into multiple requests during RTL generation, based on max_read_burst_length or max_write_burst_length settings.      | Simulated-Quantum-Annealing/vitis/src/kernel/qmc_u50.cpp:356:5  |
+--------------+---------------------------------------------------------------------------------------------------------------------------------------------------------------------------------------------------------------------------------+-----------------------------------------------------------------+

* Bursts and Widening Missed
+--------------+----------+--------------------------------------------------------------------------------+------------+-----------------------------------------------------------------+
| HW Interface | Variable | Problem                                                                        | Resolution | Location                                                        |
+--------------+----------+--------------------------------------------------------------------------------+------------+-----------------------------------------------------------------+
| m_axi_gmem1  | jcoup_0  | Alignment is insufficient, current alignment is 64 byte(s) but 256 is required | 214-228    | Simulated-Quantum-Annealing/vitis/src/kernel/qmc_u50.cpp:334:26 |
| m_axi_gmem2  | jcoup_1  | Alignment is insufficient, current alignment is 64 byte(s) but 256 is required | 214-228    | Simulated-Quantum-Annealing/vitis/src/kernel/qmc_u50.cpp:335:37 |
| m_axi_gmem1  | jcoup_0  | Alignment is insufficient, current alignment is 64 byte(s) but 256 is required | 214-228    | Simulated-Quantum-Annealing/vitis/src/kernel/qmc_u50.cpp:269:26 |
| m_axi_gmem2  | jcoup_1  | Alignment is insufficient, current alignment is 64 byte(s) but 256 is required | 214-228    | Simulated-Quantum-Annealing/vitis/src/kernel/qmc_u50.cpp:270:33 |
+--------------+----------+--------------------------------------------------------------------------------+------------+-----------------------------------------------------------------+

    * Resolution URL: www.xilinx.com/cgi-bin/docs/rdoc?v=2021.1;t=hls+guidance;d=XXX-YYY.html (replace XXX-YYY with column value)

