

================================================================
== Vitis HLS Report for 'QuantumMonteCarloU50_Pipeline_WRITE_TROTTERS_WRITE_TROTTERS_1'
================================================================
* Date:           Tue Nov  2 06:17:04 2021

* Version:        2021.1 (Build 3247384 on Thu Jun 10 19:36:33 MDT 2021)
* Project:        SQA-Vitis
* Solution:       solution1 (Vitis Kernel Flow Target)
* Product family: virtexuplus
* Target device:  xcvu35p-fsvh2892-2-e


================================================================
== Performance Estimates
================================================================
+ Timing: 
    * Summary: 
    +--------+---------+----------+------------+
    |  Clock |  Target | Estimated| Uncertainty|
    +--------+---------+----------+------------+
    |ap_clk  |  3.33 ns|  2.433 ns|     0.90 ns|
    +--------+---------+----------+------------+

+ Latency: 
    * Summary: 
    +---------+---------+----------+----------+------+------+---------+
    |  Latency (cycles) |  Latency (absolute) |   Interval  | Pipeline|
    |   min   |   max   |    min   |    max   |  min |  max |   Type  |
    +---------+---------+----------+----------+------+------+---------+
    |     2052|     2052|  6.839 us|  6.839 us|  2052|  2052|       no|
    +---------+---------+----------+----------+------+------+---------+

    + Detail: 
        * Instance: 
        N/A

        * Loop: 
        +-----------------------------------+---------+---------+----------+-----------+-----------+------+----------+
        |                                   |  Latency (cycles) | Iteration|  Initiation Interval  | Trip |          |
        |             Loop Name             |   min   |   max   |  Latency |  achieved |   target  | Count| Pipelined|
        +-----------------------------------+---------+---------+----------+-----------+-----------+------+----------+
        |- WRITE_TROTTERS_WRITE_TROTTERS_1  |     2050|     2050|         4|          1|          1|  2048|       yes|
        +-----------------------------------+---------+---------+----------+-----------+-----------+------+----------+



================================================================
== Utilization Estimates
================================================================
* Summary: 
+---------------------+---------+------+---------+--------+-----+
|         Name        | BRAM_18K|  DSP |    FF   |   LUT  | URAM|
+---------------------+---------+------+---------+--------+-----+
|DSP                  |        -|     -|        -|       -|    -|
|Expression           |        -|     -|        0|     872|    -|
|FIFO                 |        -|     -|        -|       -|    -|
|Instance             |        -|     -|        0|      20|    -|
|Memory               |        -|     -|        -|       -|    -|
|Multiplexer          |        -|     -|        -|      81|    -|
|Register             |        -|     -|     1125|      32|    -|
+---------------------+---------+------+---------+--------+-----+
|Total                |        0|     0|     1125|    1005|    0|
+---------------------+---------+------+---------+--------+-----+
|Available SLR        |     1344|  2976|   871680|  435840|  320|
+---------------------+---------+------+---------+--------+-----+
|Utilization SLR (%)  |        0|     0|       ~0|      ~0|    0|
+---------------------+---------+------+---------+--------+-----+
|Available            |     2688|  5952|  1743360|  871680|  640|
+---------------------+---------+------+---------+--------+-----+
|Utilization (%)      |        0|     0|       ~0|      ~0|    0|
+---------------------+---------+------+---------+--------+-----+

+ Detail: 
    * Instance: 
    +--------------------+---------------+---------+----+---+----+-----+
    |      Instance      |     Module    | BRAM_18K| DSP| FF| LUT| URAM|
    +--------------------+---------------+---------+----+---+----+-----+
    |mux_42_64_1_1_U517  |mux_42_64_1_1  |        0|   0|  0|  20|    0|
    +--------------------+---------------+---------+----+---+----+-----+
    |Total               |               |        0|   0|  0|  20|    0|
    +--------------------+---------------+---------+----+---+----+-----+

    * DSP: 
    N/A

    * Memory: 
    N/A

    * FIFO: 
    N/A

    * Expression: 
    +---------------------------+----------+----+---+-----+------------+------------+
    |       Variable Name       | Operation| DSP| FF| LUT | Bitwidth P0| Bitwidth P1|
    +---------------------------+----------+----+---+-----+------------+------------+
    |add_ln356_1_fu_257_p2      |         +|   0|  0|   10|           3|           1|
    |add_ln356_fu_197_p2        |         +|   0|  0|   19|          12|           1|
    |add_ln358_fu_238_p2        |         +|   0|  0|   17|          10|           1|
    |ap_block_pp0_stage0_11001  |       and|   0|  0|    2|           1|           1|
    |ap_block_state4_io         |       and|   0|  0|    2|           1|           1|
    |icmp_ln356_fu_191_p2       |      icmp|   0|  0|   12|          12|          13|
    |icmp_ln358_fu_206_p2       |      icmp|   0|  0|   11|          10|          11|
    |icmp_ln360_fu_232_p2       |      icmp|   0|  0|    8|           3|           2|
    |select_ln356_1_fu_301_p3   |    select|   0|  0|  388|           1|           1|
    |select_ln356_2_fu_263_p3   |    select|   0|  0|    3|           1|           3|
    |select_ln356_fu_212_p3     |    select|   0|  0|   10|           1|           1|
    |select_ln360_fu_332_p3     |    select|   0|  0|  388|           1|           1|
    |ap_enable_pp0              |       xor|   0|  0|    2|           1|           2|
    +---------------------------+----------+----+---+-----+------------+------------+
    |Total                      |          |   0|  0|  872|          57|          39|
    +---------------------------+----------+----+---+-----+------------+------------+

    * Multiplexer: 
    +---------------------------------------+----+-----------+-----+-----------+
    |                  Name                 | LUT| Input Size| Bits| Total Bits|
    +---------------------------------------+----+-----------+-----+-----------+
    |ap_done_int                            |   9|          2|    1|          2|
    |ap_enable_reg_pp0_iter3                |   9|          2|    1|          2|
    |ap_sig_allocacmp_indvar_flatten7_load  |   9|          2|   12|         24|
    |ap_sig_allocacmp_ofst_load             |   9|          2|   10|         20|
    |gmem0_blk_n_W                          |   9|          2|    1|          2|
    |indvar_flatten7_fu_94                  |   9|          2|   12|         24|
    |ofst_fu_86                             |   9|          2|   10|         20|
    |phi_ln360_fu_82                        |   9|          2|  448|        896|
    |t_fu_90                                |   9|          2|    3|          6|
    +---------------------------------------+----+-----------+-----+-----------+
    |Total                                  |  81|         18|  498|        996|
    +---------------------------------------+----+-----------+-----+-----------+

    * Register: 
    +----------------------------------+-----+----+-----+-----------+
    |               Name               |  FF | LUT| Bits| Const Bits|
    +----------------------------------+-----+----+-----+-----------+
    |ap_CS_fsm                         |    1|   0|    1|          0|
    |ap_done_reg                       |    1|   0|    1|          0|
    |ap_enable_reg_pp0_iter1           |    1|   0|    1|          0|
    |ap_enable_reg_pp0_iter2           |    1|   0|    1|          0|
    |ap_enable_reg_pp0_iter3           |    1|   0|    1|          0|
    |ap_loop_exit_ready_pp0_iter1_reg  |    1|   0|    1|          0|
    |ap_loop_exit_ready_pp0_iter2_reg  |    1|   0|    1|          0|
    |icmp_ln356_reg_377                |    1|   0|    1|          0|
    |icmp_ln356_reg_377_pp0_iter1_reg  |    1|   0|    1|          0|
    |icmp_ln358_reg_381                |    1|   0|    1|          0|
    |icmp_ln358_reg_381_pp0_iter1_reg  |    1|   0|    1|          0|
    |icmp_ln360_reg_407                |    1|   0|    1|          0|
    |indvar_flatten7_fu_94             |   12|   0|   12|          0|
    |ofst_fu_86                        |   10|   0|   10|          0|
    |or_ln_reg_423                     |  512|   0|  512|          0|
    |phi_ln360_fu_82                   |  448|   0|  448|          0|
    |t_fu_90                           |    3|   0|    3|          0|
    |tmp_reg_412                       |   64|   0|   64|          0|
    |icmp_ln360_reg_407                |   64|  32|    1|          0|
    +----------------------------------+-----+----+-----+-----------+
    |Total                             | 1125|  32| 1062|          0|
    +----------------------------------+-----+----+-----+-----------+



================================================================
== Interface
================================================================
* Summary: 
+-----------------------------+-----+-----+------------+---------------------------------------------------------------+--------------+
|          RTL Ports          | Dir | Bits|  Protocol  |                         Source Object                         |    C Type    |
+-----------------------------+-----+-----+------------+---------------------------------------------------------------+--------------+
|ap_clk                       |   in|    1|  ap_ctrl_hs|  QuantumMonteCarloU50_Pipeline_WRITE_TROTTERS_WRITE_TROTTERS_1|  return value|
|ap_rst                       |   in|    1|  ap_ctrl_hs|  QuantumMonteCarloU50_Pipeline_WRITE_TROTTERS_WRITE_TROTTERS_1|  return value|
|ap_start                     |   in|    1|  ap_ctrl_hs|  QuantumMonteCarloU50_Pipeline_WRITE_TROTTERS_WRITE_TROTTERS_1|  return value|
|ap_done                      |  out|    1|  ap_ctrl_hs|  QuantumMonteCarloU50_Pipeline_WRITE_TROTTERS_WRITE_TROTTERS_1|  return value|
|ap_idle                      |  out|    1|  ap_ctrl_hs|  QuantumMonteCarloU50_Pipeline_WRITE_TROTTERS_WRITE_TROTTERS_1|  return value|
|ap_ready                     |  out|    1|  ap_ctrl_hs|  QuantumMonteCarloU50_Pipeline_WRITE_TROTTERS_WRITE_TROTTERS_1|  return value|
|m_axi_gmem0_AWVALID          |  out|    1|       m_axi|                                                          gmem0|       pointer|
|m_axi_gmem0_AWREADY          |   in|    1|       m_axi|                                                          gmem0|       pointer|
|m_axi_gmem0_AWADDR           |  out|   64|       m_axi|                                                          gmem0|       pointer|
|m_axi_gmem0_AWID             |  out|    1|       m_axi|                                                          gmem0|       pointer|
|m_axi_gmem0_AWLEN            |  out|   32|       m_axi|                                                          gmem0|       pointer|
|m_axi_gmem0_AWSIZE           |  out|    3|       m_axi|                                                          gmem0|       pointer|
|m_axi_gmem0_AWBURST          |  out|    2|       m_axi|                                                          gmem0|       pointer|
|m_axi_gmem0_AWLOCK           |  out|    2|       m_axi|                                                          gmem0|       pointer|
|m_axi_gmem0_AWCACHE          |  out|    4|       m_axi|                                                          gmem0|       pointer|
|m_axi_gmem0_AWPROT           |  out|    3|       m_axi|                                                          gmem0|       pointer|
|m_axi_gmem0_AWQOS            |  out|    4|       m_axi|                                                          gmem0|       pointer|
|m_axi_gmem0_AWREGION         |  out|    4|       m_axi|                                                          gmem0|       pointer|
|m_axi_gmem0_AWUSER           |  out|    1|       m_axi|                                                          gmem0|       pointer|
|m_axi_gmem0_WVALID           |  out|    1|       m_axi|                                                          gmem0|       pointer|
|m_axi_gmem0_WREADY           |   in|    1|       m_axi|                                                          gmem0|       pointer|
|m_axi_gmem0_WDATA            |  out|  512|       m_axi|                                                          gmem0|       pointer|
|m_axi_gmem0_WSTRB            |  out|   64|       m_axi|                                                          gmem0|       pointer|
|m_axi_gmem0_WLAST            |  out|    1|       m_axi|                                                          gmem0|       pointer|
|m_axi_gmem0_WID              |  out|    1|       m_axi|                                                          gmem0|       pointer|
|m_axi_gmem0_WUSER            |  out|    1|       m_axi|                                                          gmem0|       pointer|
|m_axi_gmem0_ARVALID          |  out|    1|       m_axi|                                                          gmem0|       pointer|
|m_axi_gmem0_ARREADY          |   in|    1|       m_axi|                                                          gmem0|       pointer|
|m_axi_gmem0_ARADDR           |  out|   64|       m_axi|                                                          gmem0|       pointer|
|m_axi_gmem0_ARID             |  out|    1|       m_axi|                                                          gmem0|       pointer|
|m_axi_gmem0_ARLEN            |  out|   32|       m_axi|                                                          gmem0|       pointer|
|m_axi_gmem0_ARSIZE           |  out|    3|       m_axi|                                                          gmem0|       pointer|
|m_axi_gmem0_ARBURST          |  out|    2|       m_axi|                                                          gmem0|       pointer|
|m_axi_gmem0_ARLOCK           |  out|    2|       m_axi|                                                          gmem0|       pointer|
|m_axi_gmem0_ARCACHE          |  out|    4|       m_axi|                                                          gmem0|       pointer|
|m_axi_gmem0_ARPROT           |  out|    3|       m_axi|                                                          gmem0|       pointer|
|m_axi_gmem0_ARQOS            |  out|    4|       m_axi|                                                          gmem0|       pointer|
|m_axi_gmem0_ARREGION         |  out|    4|       m_axi|                                                          gmem0|       pointer|
|m_axi_gmem0_ARUSER           |  out|    1|       m_axi|                                                          gmem0|       pointer|
|m_axi_gmem0_RVALID           |   in|    1|       m_axi|                                                          gmem0|       pointer|
|m_axi_gmem0_RREADY           |  out|    1|       m_axi|                                                          gmem0|       pointer|
|m_axi_gmem0_RDATA            |   in|  512|       m_axi|                                                          gmem0|       pointer|
|m_axi_gmem0_RLAST            |   in|    1|       m_axi|                                                          gmem0|       pointer|
|m_axi_gmem0_RID              |   in|    1|       m_axi|                                                          gmem0|       pointer|
|m_axi_gmem0_RUSER            |   in|    1|       m_axi|                                                          gmem0|       pointer|
|m_axi_gmem0_RRESP            |   in|    2|       m_axi|                                                          gmem0|       pointer|
|m_axi_gmem0_BVALID           |   in|    1|       m_axi|                                                          gmem0|       pointer|
|m_axi_gmem0_BREADY           |  out|    1|       m_axi|                                                          gmem0|       pointer|
|m_axi_gmem0_BRESP            |   in|    2|       m_axi|                                                          gmem0|       pointer|
|m_axi_gmem0_BID              |   in|    1|       m_axi|                                                          gmem0|       pointer|
|m_axi_gmem0_BUSER            |   in|    1|       m_axi|                                                          gmem0|       pointer|
|sext_ln258                   |   in|   58|     ap_none|                                                     sext_ln258|        scalar|
|trotters_local_V_0_address0  |  out|    9|   ap_memory|                                             trotters_local_V_0|         array|
|trotters_local_V_0_ce0       |  out|    1|   ap_memory|                                             trotters_local_V_0|         array|
|trotters_local_V_0_q0        |   in|   64|   ap_memory|                                             trotters_local_V_0|         array|
|trotters_local_V_1_address0  |  out|    9|   ap_memory|                                             trotters_local_V_1|         array|
|trotters_local_V_1_ce0       |  out|    1|   ap_memory|                                             trotters_local_V_1|         array|
|trotters_local_V_1_q0        |   in|   64|   ap_memory|                                             trotters_local_V_1|         array|
|trotters_local_V_2_address0  |  out|    9|   ap_memory|                                             trotters_local_V_2|         array|
|trotters_local_V_2_ce0       |  out|    1|   ap_memory|                                             trotters_local_V_2|         array|
|trotters_local_V_2_q0        |   in|   64|   ap_memory|                                             trotters_local_V_2|         array|
|trotters_local_V_3_address0  |  out|    9|   ap_memory|                                             trotters_local_V_3|         array|
|trotters_local_V_3_ce0       |  out|    1|   ap_memory|                                             trotters_local_V_3|         array|
|trotters_local_V_3_q0        |   in|   64|   ap_memory|                                             trotters_local_V_3|         array|
+-----------------------------+-----+-----+------------+---------------------------------------------------------------+--------------+

