

================================================================
== Vitis HLS Report for 'Run_Pipeline_SUM_UP'
================================================================
* Date:           Tue Nov  2 06:16:50 2021

* Version:        2021.1 (Build 3247384 on Thu Jun 10 19:36:33 MDT 2021)
* Project:        SQA-Vitis
* Solution:       solution1 (Vitis Kernel Flow Target)
* Product family: virtexuplus
* Target device:  xcvu35p-fsvh2892-2-e


================================================================
== Performance Estimates
================================================================
+ Timing: 
    * Summary: 
    +--------+---------+----------+------------+
    |  Clock |  Target | Estimated| Uncertainty|
    +--------+---------+----------+------------+
    |ap_clk  |  3.33 ns|  2.342 ns|     0.90 ns|
    +--------+---------+----------+------------+

+ Latency: 
    * Summary: 
    +---------+---------+----------+----------+-----+-----+---------+
    |  Latency (cycles) |  Latency (absolute) |  Interval | Pipeline|
    |   min   |   max   |    min   |    max   | min | max |   Type  |
    +---------+---------+----------+----------+-----+-----+---------+
    |      568|      568|  1.893 us|  1.893 us|  568|  568|       no|
    +---------+---------+----------+----------+-----+-----+---------+

    + Detail: 
        * Instance: 
        N/A

        * Loop: 
        +----------+---------+---------+----------+-----------+-----------+------+----------+
        |          |  Latency (cycles) | Iteration|  Initiation Interval  | Trip |          |
        | Loop Name|   min   |   max   |  Latency |  achieved |   target  | Count| Pipelined|
        +----------+---------+---------+----------+-----------+-----------+------+----------+
        |- SUM_UP  |      566|      566|        57|          2|          1|   256|       yes|
        +----------+---------+---------+----------+-----------+-----------+------+----------+



================================================================
== Utilization Estimates
================================================================
* Summary: 
+---------------------+---------+------+---------+--------+-----+
|         Name        | BRAM_18K|  DSP |    FF   |   LUT  | URAM|
+---------------------+---------+------+---------+--------+-----+
|DSP                  |        -|     -|        -|       -|    -|
|Expression           |        -|     -|        0|    4407|    -|
|FIFO                 |        -|     -|        -|       -|    -|
|Instance             |        -|   120|    19080|   11880|    -|
|Memory               |        -|     -|        -|       -|    -|
|Multiplexer          |        -|     -|        -|    2093|    -|
|Register             |        -|     -|     8376|      64|    -|
+---------------------+---------+------+---------+--------+-----+
|Total                |        0|   120|    27456|   18444|    0|
+---------------------+---------+------+---------+--------+-----+
|Available SLR        |     1344|  2976|   871680|  435840|  320|
+---------------------+---------+------+---------+--------+-----+
|Utilization SLR (%)  |        0|     4|        3|       4|    0|
+---------------------+---------+------+---------+--------+-----+
|Available            |     2688|  5952|  1743360|  871680|  640|
+---------------------+---------+------+---------+--------+-----+
|Utilization (%)      |        0|     2|        1|       2|    0|
+---------------------+---------+------+---------+--------+-----+

+ Detail: 
    * Instance: 
    +-------------------------------------+--------------------------------+---------+----+-----+-----+-----+
    |               Instance              |             Module             | BRAM_18K| DSP|  FF | LUT | URAM|
    +-------------------------------------+--------------------------------+---------+----+-----+-----+-----+
    |fadd_32ns_32ns_32_7_full_dsp_1_U424  |fadd_32ns_32ns_32_7_full_dsp_1  |        0|   2|  318|  198|    0|
    |fadd_32ns_32ns_32_7_full_dsp_1_U425  |fadd_32ns_32ns_32_7_full_dsp_1  |        0|   2|  318|  198|    0|
    |fadd_32ns_32ns_32_7_full_dsp_1_U426  |fadd_32ns_32ns_32_7_full_dsp_1  |        0|   2|  318|  198|    0|
    |fadd_32ns_32ns_32_7_full_dsp_1_U427  |fadd_32ns_32ns_32_7_full_dsp_1  |        0|   2|  318|  198|    0|
    |fadd_32ns_32ns_32_7_full_dsp_1_U428  |fadd_32ns_32ns_32_7_full_dsp_1  |        0|   2|  318|  198|    0|
    |fadd_32ns_32ns_32_7_full_dsp_1_U429  |fadd_32ns_32ns_32_7_full_dsp_1  |        0|   2|  318|  198|    0|
    |fadd_32ns_32ns_32_7_full_dsp_1_U430  |fadd_32ns_32ns_32_7_full_dsp_1  |        0|   2|  318|  198|    0|
    |fadd_32ns_32ns_32_7_full_dsp_1_U431  |fadd_32ns_32ns_32_7_full_dsp_1  |        0|   2|  318|  198|    0|
    |fadd_32ns_32ns_32_7_full_dsp_1_U432  |fadd_32ns_32ns_32_7_full_dsp_1  |        0|   2|  318|  198|    0|
    |fadd_32ns_32ns_32_7_full_dsp_1_U433  |fadd_32ns_32ns_32_7_full_dsp_1  |        0|   2|  318|  198|    0|
    |fadd_32ns_32ns_32_7_full_dsp_1_U434  |fadd_32ns_32ns_32_7_full_dsp_1  |        0|   2|  318|  198|    0|
    |fadd_32ns_32ns_32_7_full_dsp_1_U435  |fadd_32ns_32ns_32_7_full_dsp_1  |        0|   2|  318|  198|    0|
    |fadd_32ns_32ns_32_7_full_dsp_1_U436  |fadd_32ns_32ns_32_7_full_dsp_1  |        0|   2|  318|  198|    0|
    |fadd_32ns_32ns_32_7_full_dsp_1_U437  |fadd_32ns_32ns_32_7_full_dsp_1  |        0|   2|  318|  198|    0|
    |fadd_32ns_32ns_32_7_full_dsp_1_U438  |fadd_32ns_32ns_32_7_full_dsp_1  |        0|   2|  318|  198|    0|
    |fadd_32ns_32ns_32_7_full_dsp_1_U439  |fadd_32ns_32ns_32_7_full_dsp_1  |        0|   2|  318|  198|    0|
    |fadd_32ns_32ns_32_7_full_dsp_1_U440  |fadd_32ns_32ns_32_7_full_dsp_1  |        0|   2|  318|  198|    0|
    |fadd_32ns_32ns_32_7_full_dsp_1_U441  |fadd_32ns_32ns_32_7_full_dsp_1  |        0|   2|  318|  198|    0|
    |fadd_32ns_32ns_32_7_full_dsp_1_U442  |fadd_32ns_32ns_32_7_full_dsp_1  |        0|   2|  318|  198|    0|
    |fadd_32ns_32ns_32_7_full_dsp_1_U443  |fadd_32ns_32ns_32_7_full_dsp_1  |        0|   2|  318|  198|    0|
    |fadd_32ns_32ns_32_7_full_dsp_1_U444  |fadd_32ns_32ns_32_7_full_dsp_1  |        0|   2|  318|  198|    0|
    |fadd_32ns_32ns_32_7_full_dsp_1_U445  |fadd_32ns_32ns_32_7_full_dsp_1  |        0|   2|  318|  198|    0|
    |fadd_32ns_32ns_32_7_full_dsp_1_U446  |fadd_32ns_32ns_32_7_full_dsp_1  |        0|   2|  318|  198|    0|
    |fadd_32ns_32ns_32_7_full_dsp_1_U447  |fadd_32ns_32ns_32_7_full_dsp_1  |        0|   2|  318|  198|    0|
    |fadd_32ns_32ns_32_7_full_dsp_1_U448  |fadd_32ns_32ns_32_7_full_dsp_1  |        0|   2|  318|  198|    0|
    |fadd_32ns_32ns_32_7_full_dsp_1_U449  |fadd_32ns_32ns_32_7_full_dsp_1  |        0|   2|  318|  198|    0|
    |fadd_32ns_32ns_32_7_full_dsp_1_U450  |fadd_32ns_32ns_32_7_full_dsp_1  |        0|   2|  318|  198|    0|
    |fadd_32ns_32ns_32_7_full_dsp_1_U451  |fadd_32ns_32ns_32_7_full_dsp_1  |        0|   2|  318|  198|    0|
    |fadd_32ns_32ns_32_7_full_dsp_1_U452  |fadd_32ns_32ns_32_7_full_dsp_1  |        0|   2|  318|  198|    0|
    |fadd_32ns_32ns_32_7_full_dsp_1_U453  |fadd_32ns_32ns_32_7_full_dsp_1  |        0|   2|  318|  198|    0|
    |fadd_32ns_32ns_32_7_full_dsp_1_U454  |fadd_32ns_32ns_32_7_full_dsp_1  |        0|   2|  318|  198|    0|
    |fadd_32ns_32ns_32_7_full_dsp_1_U455  |fadd_32ns_32ns_32_7_full_dsp_1  |        0|   2|  318|  198|    0|
    |fadd_32ns_32ns_32_7_full_dsp_1_U456  |fadd_32ns_32ns_32_7_full_dsp_1  |        0|   2|  318|  198|    0|
    |fadd_32ns_32ns_32_7_full_dsp_1_U457  |fadd_32ns_32ns_32_7_full_dsp_1  |        0|   2|  318|  198|    0|
    |fadd_32ns_32ns_32_7_full_dsp_1_U458  |fadd_32ns_32ns_32_7_full_dsp_1  |        0|   2|  318|  198|    0|
    |fadd_32ns_32ns_32_7_full_dsp_1_U459  |fadd_32ns_32ns_32_7_full_dsp_1  |        0|   2|  318|  198|    0|
    |fadd_32ns_32ns_32_7_full_dsp_1_U460  |fadd_32ns_32ns_32_7_full_dsp_1  |        0|   2|  318|  198|    0|
    |fadd_32ns_32ns_32_7_full_dsp_1_U461  |fadd_32ns_32ns_32_7_full_dsp_1  |        0|   2|  318|  198|    0|
    |fadd_32ns_32ns_32_7_full_dsp_1_U462  |fadd_32ns_32ns_32_7_full_dsp_1  |        0|   2|  318|  198|    0|
    |fadd_32ns_32ns_32_7_full_dsp_1_U463  |fadd_32ns_32ns_32_7_full_dsp_1  |        0|   2|  318|  198|    0|
    |fadd_32ns_32ns_32_7_full_dsp_1_U464  |fadd_32ns_32ns_32_7_full_dsp_1  |        0|   2|  318|  198|    0|
    |fadd_32ns_32ns_32_7_full_dsp_1_U465  |fadd_32ns_32ns_32_7_full_dsp_1  |        0|   2|  318|  198|    0|
    |fadd_32ns_32ns_32_7_full_dsp_1_U466  |fadd_32ns_32ns_32_7_full_dsp_1  |        0|   2|  318|  198|    0|
    |fadd_32ns_32ns_32_7_full_dsp_1_U467  |fadd_32ns_32ns_32_7_full_dsp_1  |        0|   2|  318|  198|    0|
    |fadd_32ns_32ns_32_7_full_dsp_1_U468  |fadd_32ns_32ns_32_7_full_dsp_1  |        0|   2|  318|  198|    0|
    |fadd_32ns_32ns_32_7_full_dsp_1_U469  |fadd_32ns_32ns_32_7_full_dsp_1  |        0|   2|  318|  198|    0|
    |fadd_32ns_32ns_32_7_full_dsp_1_U470  |fadd_32ns_32ns_32_7_full_dsp_1  |        0|   2|  318|  198|    0|
    |fadd_32ns_32ns_32_7_full_dsp_1_U471  |fadd_32ns_32ns_32_7_full_dsp_1  |        0|   2|  318|  198|    0|
    |fadd_32ns_32ns_32_7_full_dsp_1_U472  |fadd_32ns_32ns_32_7_full_dsp_1  |        0|   2|  318|  198|    0|
    |fadd_32ns_32ns_32_7_full_dsp_1_U473  |fadd_32ns_32ns_32_7_full_dsp_1  |        0|   2|  318|  198|    0|
    |fadd_32ns_32ns_32_7_full_dsp_1_U474  |fadd_32ns_32ns_32_7_full_dsp_1  |        0|   2|  318|  198|    0|
    |fadd_32ns_32ns_32_7_full_dsp_1_U475  |fadd_32ns_32ns_32_7_full_dsp_1  |        0|   2|  318|  198|    0|
    |fadd_32ns_32ns_32_7_full_dsp_1_U476  |fadd_32ns_32ns_32_7_full_dsp_1  |        0|   2|  318|  198|    0|
    |fadd_32ns_32ns_32_7_full_dsp_1_U477  |fadd_32ns_32ns_32_7_full_dsp_1  |        0|   2|  318|  198|    0|
    |fadd_32ns_32ns_32_7_full_dsp_1_U478  |fadd_32ns_32ns_32_7_full_dsp_1  |        0|   2|  318|  198|    0|
    |fadd_32ns_32ns_32_7_full_dsp_1_U479  |fadd_32ns_32ns_32_7_full_dsp_1  |        0|   2|  318|  198|    0|
    |fadd_32ns_32ns_32_7_full_dsp_1_U480  |fadd_32ns_32ns_32_7_full_dsp_1  |        0|   2|  318|  198|    0|
    |fadd_32ns_32ns_32_7_full_dsp_1_U481  |fadd_32ns_32ns_32_7_full_dsp_1  |        0|   2|  318|  198|    0|
    |fadd_32ns_32ns_32_7_full_dsp_1_U482  |fadd_32ns_32ns_32_7_full_dsp_1  |        0|   2|  318|  198|    0|
    |fadd_32ns_32ns_32_7_full_dsp_1_U483  |fadd_32ns_32ns_32_7_full_dsp_1  |        0|   2|  318|  198|    0|
    +-------------------------------------+--------------------------------+---------+----+-----+-----+-----+
    |Total                                |                                |        0| 120|19080|11880|    0|
    +-------------------------------------+--------------------------------+---------+----+-----+-----+-----+

    * DSP: 
    N/A

    * Memory: 
    N/A

    * FIFO: 
    N/A

    * Expression: 
    +-------------------------+----------+----+---+----+------------+------------+
    |      Variable Name      | Operation| DSP| FF| LUT| Bitwidth P0| Bitwidth P1|
    +-------------------------+----------+----+---+----+------------+------------+
    |add_ln133_1_fu_13484_p2  |         +|   0|  0|  17|          10|           2|
    |add_ln133_fu_13449_p2    |         +|   0|  0|  16|           9|           1|
    |icmp_ln132_fu_13443_p2   |      icmp|   0|  0|  11|           9|          10|
    |empty_464_fu_13473_p2    |        or|   0|  0|   9|           9|           1|
    |tmp_108_fu_14132_p3      |    select|   0|  0|  32|           1|          32|
    |tmp_10_fu_13582_p3       |    select|   0|  0|  32|           1|          32|
    |tmp_117_fu_14182_p3      |    select|   0|  0|  32|           1|          32|
    |tmp_126_fu_14232_p3      |    select|   0|  0|  32|           1|          32|
    |tmp_135_fu_14282_p3      |    select|   0|  0|  32|           1|          32|
    |tmp_144_fu_14332_p3      |    select|   0|  0|  32|           1|          32|
    |tmp_153_fu_14382_p3      |    select|   0|  0|  32|           1|          32|
    |tmp_162_fu_14432_p3      |    select|   0|  0|  32|           1|          32|
    |tmp_171_fu_14482_p3      |    select|   0|  0|  32|           1|          32|
    |tmp_180_fu_14532_p3      |    select|   0|  0|  32|           1|          32|
    |tmp_189_fu_14582_p3      |    select|   0|  0|  32|           1|          32|
    |tmp_18_fu_13632_p3       |    select|   0|  0|  32|           1|          32|
    |tmp_198_fu_14632_p3      |    select|   0|  0|  32|           1|          32|
    |tmp_207_fu_14682_p3      |    select|   0|  0|  32|           1|          32|
    |tmp_216_fu_14732_p3      |    select|   0|  0|  32|           1|          32|
    |tmp_225_fu_14782_p3      |    select|   0|  0|  32|           1|          32|
    |tmp_234_fu_14832_p3      |    select|   0|  0|  32|           1|          32|
    |tmp_243_fu_14882_p3      |    select|   0|  0|  32|           1|          32|
    |tmp_252_fu_14932_p3      |    select|   0|  0|  32|           1|          32|
    |tmp_261_fu_14982_p3      |    select|   0|  0|  32|           1|          32|
    |tmp_270_fu_15032_p3      |    select|   0|  0|  32|           1|          32|
    |tmp_279_fu_15082_p3      |    select|   0|  0|  32|           1|          32|
    |tmp_27_fu_13682_p3       |    select|   0|  0|  32|           1|          32|
    |tmp_288_fu_15132_p3      |    select|   0|  0|  32|           1|          32|
    |tmp_297_fu_15182_p3      |    select|   0|  0|  32|           1|          32|
    |tmp_306_fu_15232_p3      |    select|   0|  0|  32|           1|          32|
    |tmp_315_fu_15282_p3      |    select|   0|  0|  32|           1|          32|
    |tmp_324_fu_15332_p3      |    select|   0|  0|  32|           1|          32|
    |tmp_333_fu_15382_p3      |    select|   0|  0|  32|           1|          32|
    |tmp_342_fu_15432_p3      |    select|   0|  0|  32|           1|          32|
    |tmp_351_fu_15482_p3      |    select|   0|  0|  32|           1|          32|
    |tmp_360_fu_15532_p3      |    select|   0|  0|  32|           1|          32|
    |tmp_369_fu_15582_p3      |    select|   0|  0|  32|           1|          32|
    |tmp_36_fu_13732_p3       |    select|   0|  0|  32|           1|          32|
    |tmp_378_fu_15632_p3      |    select|   0|  0|  32|           1|          32|
    |tmp_387_fu_15682_p3      |    select|   0|  0|  32|           1|          32|
    |tmp_394_fu_15732_p3      |    select|   0|  0|  32|           1|          32|
    |tmp_400_fu_15782_p3      |    select|   0|  0|  32|           1|          32|
    |tmp_406_fu_15832_p3      |    select|   0|  0|  32|           1|          32|
    |tmp_412_fu_15882_p3      |    select|   0|  0|  32|           1|          32|
    |tmp_418_fu_15932_p3      |    select|   0|  0|  32|           1|          32|
    |tmp_424_fu_15982_p3      |    select|   0|  0|  32|           1|          32|
    |tmp_430_fu_16032_p3      |    select|   0|  0|  32|           1|          32|
    |tmp_436_fu_16082_p3      |    select|   0|  0|  32|           1|          32|
    |tmp_453_fu_16132_p3      |    select|   0|  0|  32|           1|          32|
    |tmp_45_fu_13782_p3       |    select|   0|  0|  32|           1|          32|
    |tmp_522_fu_16182_p3      |    select|   0|  0|  32|           1|          32|
    |tmp_528_fu_16232_p3      |    select|   0|  0|  32|           1|          32|
    |tmp_534_fu_16282_p3      |    select|   0|  0|  32|           1|          32|
    |tmp_540_fu_16332_p3      |    select|   0|  0|  32|           1|          32|
    |tmp_546_fu_16382_p3      |    select|   0|  0|  32|           1|          32|
    |tmp_54_fu_13832_p3       |    select|   0|  0|  32|           1|          32|
    |tmp_552_fu_16432_p3      |    select|   0|  0|  32|           1|          32|
    |tmp_558_fu_16482_p3      |    select|   0|  0|  32|           1|          32|
    |tmp_564_fu_16532_p3      |    select|   0|  0|  32|           1|          32|
    |tmp_570_fu_16582_p3      |    select|   0|  0|  32|           1|          32|
    |tmp_576_fu_16632_p3      |    select|   0|  0|  32|           1|          32|
    |tmp_582_fu_16682_p3      |    select|   0|  0|  32|           1|          32|
    |tmp_587_fu_16722_p3      |    select|   0|  0|  32|           1|          32|
    |tmp_593_fu_16772_p3      |    select|   0|  0|  32|           1|          32|
    |tmp_599_fu_16822_p3      |    select|   0|  0|  32|           1|          32|
    |tmp_605_fu_16872_p3      |    select|   0|  0|  32|           1|          32|
    |tmp_611_fu_16922_p3      |    select|   0|  0|  32|           1|          32|
    |tmp_617_fu_16972_p3      |    select|   0|  0|  32|           1|          32|
    |tmp_623_fu_17022_p3      |    select|   0|  0|  32|           1|          32|
    |tmp_629_fu_17072_p3      |    select|   0|  0|  32|           1|          32|
    |tmp_635_fu_17122_p3      |    select|   0|  0|  32|           1|          32|
    |tmp_63_fu_13882_p3       |    select|   0|  0|  32|           1|          32|
    |tmp_641_fu_17172_p3      |    select|   0|  0|  32|           1|          32|
    |tmp_647_fu_17222_p3      |    select|   0|  0|  32|           1|          32|
    |tmp_653_fu_17272_p3      |    select|   0|  0|  32|           1|          32|
    |tmp_659_fu_17322_p3      |    select|   0|  0|  32|           1|          32|
    |tmp_665_fu_17372_p3      |    select|   0|  0|  32|           1|          32|
    |tmp_671_fu_17422_p3      |    select|   0|  0|  32|           1|          32|
    |tmp_677_fu_17472_p3      |    select|   0|  0|  32|           1|          32|
    |tmp_683_fu_17522_p3      |    select|   0|  0|  32|           1|          32|
    |tmp_689_fu_17572_p3      |    select|   0|  0|  32|           1|          32|
    |tmp_695_fu_17622_p3      |    select|   0|  0|  32|           1|          32|
    |tmp_701_fu_17672_p3      |    select|   0|  0|  32|           1|          32|
    |tmp_707_fu_17722_p3      |    select|   0|  0|  32|           1|          32|
    |tmp_713_fu_17772_p3      |    select|   0|  0|  32|           1|          32|
    |tmp_719_fu_17822_p3      |    select|   0|  0|  32|           1|          32|
    |tmp_725_fu_17872_p3      |    select|   0|  0|  32|           1|          32|
    |tmp_72_fu_13932_p3       |    select|   0|  0|  32|           1|          32|
    |tmp_731_fu_17922_p3      |    select|   0|  0|  32|           1|          32|
    |tmp_737_fu_17972_p3      |    select|   0|  0|  32|           1|          32|
    |tmp_743_fu_18022_p3      |    select|   0|  0|  32|           1|          32|
    |tmp_749_fu_18072_p3      |    select|   0|  0|  32|           1|          32|
    |tmp_755_fu_18122_p3      |    select|   0|  0|  32|           1|          32|
    |tmp_761_fu_18172_p3      |    select|   0|  0|  32|           1|          32|
    |tmp_767_fu_18222_p3      |    select|   0|  0|  32|           1|          32|
    |tmp_773_fu_18272_p3      |    select|   0|  0|  32|           1|          32|
    |tmp_779_fu_18322_p3      |    select|   0|  0|  32|           1|          32|
    |tmp_785_fu_18372_p3      |    select|   0|  0|  32|           1|          32|
    |tmp_791_fu_18422_p3      |    select|   0|  0|  32|           1|          32|
    |tmp_797_fu_18472_p3      |    select|   0|  0|  32|           1|          32|
    |tmp_803_fu_18522_p3      |    select|   0|  0|  32|           1|          32|
    |tmp_809_fu_18572_p3      |    select|   0|  0|  32|           1|          32|
    |tmp_815_fu_18622_p3      |    select|   0|  0|  32|           1|          32|
    |tmp_81_fu_13982_p3       |    select|   0|  0|  32|           1|          32|
    |tmp_821_fu_18672_p3      |    select|   0|  0|  32|           1|          32|
    |tmp_827_fu_18722_p3      |    select|   0|  0|  32|           1|          32|
    |tmp_833_fu_18772_p3      |    select|   0|  0|  32|           1|          32|
    |tmp_839_fu_18822_p3      |    select|   0|  0|  32|           1|          32|
    |tmp_845_fu_18872_p3      |    select|   0|  0|  32|           1|          32|
    |tmp_851_fu_18922_p3      |    select|   0|  0|  32|           1|          32|
    |tmp_857_fu_18972_p3      |    select|   0|  0|  32|           1|          32|
    |tmp_863_fu_19022_p3      |    select|   0|  0|  32|           1|          32|
    |tmp_869_fu_19072_p3      |    select|   0|  0|  32|           1|          32|
    |tmp_875_fu_19122_p3      |    select|   0|  0|  32|           1|          32|
    |tmp_881_fu_19172_p3      |    select|   0|  0|  32|           1|          32|
    |tmp_887_fu_19222_p3      |    select|   0|  0|  32|           1|          32|
    |tmp_893_fu_19272_p3      |    select|   0|  0|  32|           1|          32|
    |tmp_899_fu_19322_p3      |    select|   0|  0|  32|           1|          32|
    |tmp_905_fu_19372_p3      |    select|   0|  0|  32|           1|          32|
    |tmp_90_fu_14032_p3       |    select|   0|  0|  32|           1|          32|
    |tmp_911_fu_19422_p3      |    select|   0|  0|  32|           1|          32|
    |tmp_917_fu_19472_p3      |    select|   0|  0|  32|           1|          32|
    |tmp_923_fu_19522_p3      |    select|   0|  0|  32|           1|          32|
    |tmp_929_fu_19572_p3      |    select|   0|  0|  32|           1|          32|
    |tmp_935_fu_19622_p3      |    select|   0|  0|  32|           1|          32|
    |tmp_941_fu_19672_p3      |    select|   0|  0|  32|           1|          32|
    |tmp_947_fu_19722_p3      |    select|   0|  0|  32|           1|          32|
    |tmp_953_fu_19772_p3      |    select|   0|  0|  32|           1|          32|
    |tmp_959_fu_19822_p3      |    select|   0|  0|  32|           1|          32|
    |tmp_965_fu_19872_p3      |    select|   0|  0|  32|           1|          32|
    |tmp_99_fu_14082_p3       |    select|   0|  0|  32|           1|          32|
    |tmp_fu_13532_p3          |    select|   0|  0|  32|           1|          32|
    |ap_enable_pp0            |       xor|   0|  0|   2|           1|           2|
    |p_Repl2_100_fu_18506_p2  |       xor|   0|  0|   2|           1|           2|
    |p_Repl2_101_fu_18556_p2  |       xor|   0|  0|   2|           1|           2|
    |p_Repl2_102_fu_18606_p2  |       xor|   0|  0|   2|           1|           2|
    |p_Repl2_103_fu_18656_p2  |       xor|   0|  0|   2|           1|           2|
    |p_Repl2_104_fu_18706_p2  |       xor|   0|  0|   2|           1|           2|
    |p_Repl2_105_fu_18756_p2  |       xor|   0|  0|   2|           1|           2|
    |p_Repl2_106_fu_18806_p2  |       xor|   0|  0|   2|           1|           2|
    |p_Repl2_107_fu_18856_p2  |       xor|   0|  0|   2|           1|           2|
    |p_Repl2_108_fu_18906_p2  |       xor|   0|  0|   2|           1|           2|
    |p_Repl2_109_fu_18956_p2  |       xor|   0|  0|   2|           1|           2|
    |p_Repl2_10_fu_14016_p2   |       xor|   0|  0|   2|           1|           2|
    |p_Repl2_110_fu_19006_p2  |       xor|   0|  0|   2|           1|           2|
    |p_Repl2_111_fu_19056_p2  |       xor|   0|  0|   2|           1|           2|
    |p_Repl2_112_fu_19106_p2  |       xor|   0|  0|   2|           1|           2|
    |p_Repl2_113_fu_19156_p2  |       xor|   0|  0|   2|           1|           2|
    |p_Repl2_114_fu_19206_p2  |       xor|   0|  0|   2|           1|           2|
    |p_Repl2_115_fu_19256_p2  |       xor|   0|  0|   2|           1|           2|
    |p_Repl2_116_fu_19306_p2  |       xor|   0|  0|   2|           1|           2|
    |p_Repl2_117_fu_19356_p2  |       xor|   0|  0|   2|           1|           2|
    |p_Repl2_118_fu_19406_p2  |       xor|   0|  0|   2|           1|           2|
    |p_Repl2_119_fu_19456_p2  |       xor|   0|  0|   2|           1|           2|
    |p_Repl2_11_fu_14066_p2   |       xor|   0|  0|   2|           1|           2|
    |p_Repl2_120_fu_19506_p2  |       xor|   0|  0|   2|           1|           2|
    |p_Repl2_121_fu_19556_p2  |       xor|   0|  0|   2|           1|           2|
    |p_Repl2_122_fu_19606_p2  |       xor|   0|  0|   2|           1|           2|
    |p_Repl2_123_fu_19656_p2  |       xor|   0|  0|   2|           1|           2|
    |p_Repl2_124_fu_19706_p2  |       xor|   0|  0|   2|           1|           2|
    |p_Repl2_125_fu_19756_p2  |       xor|   0|  0|   2|           1|           2|
    |p_Repl2_126_fu_19806_p2  |       xor|   0|  0|   2|           1|           2|
    |p_Repl2_127_fu_19856_p2  |       xor|   0|  0|   2|           1|           2|
    |p_Repl2_12_fu_14116_p2   |       xor|   0|  0|   2|           1|           2|
    |p_Repl2_13_fu_14166_p2   |       xor|   0|  0|   2|           1|           2|
    |p_Repl2_14_fu_14216_p2   |       xor|   0|  0|   2|           1|           2|
    |p_Repl2_15_fu_14266_p2   |       xor|   0|  0|   2|           1|           2|
    |p_Repl2_16_fu_14316_p2   |       xor|   0|  0|   2|           1|           2|
    |p_Repl2_17_fu_14366_p2   |       xor|   0|  0|   2|           1|           2|
    |p_Repl2_18_fu_14416_p2   |       xor|   0|  0|   2|           1|           2|
    |p_Repl2_19_fu_14466_p2   |       xor|   0|  0|   2|           1|           2|
    |p_Repl2_1_fu_13566_p2    |       xor|   0|  0|   2|           1|           2|
    |p_Repl2_20_fu_14516_p2   |       xor|   0|  0|   2|           1|           2|
    |p_Repl2_21_fu_14566_p2   |       xor|   0|  0|   2|           1|           2|
    |p_Repl2_22_fu_14616_p2   |       xor|   0|  0|   2|           1|           2|
    |p_Repl2_23_fu_14666_p2   |       xor|   0|  0|   2|           1|           2|
    |p_Repl2_24_fu_14716_p2   |       xor|   0|  0|   2|           1|           2|
    |p_Repl2_25_fu_14766_p2   |       xor|   0|  0|   2|           1|           2|
    |p_Repl2_26_fu_14816_p2   |       xor|   0|  0|   2|           1|           2|
    |p_Repl2_27_fu_14866_p2   |       xor|   0|  0|   2|           1|           2|
    |p_Repl2_28_fu_14916_p2   |       xor|   0|  0|   2|           1|           2|
    |p_Repl2_29_fu_14966_p2   |       xor|   0|  0|   2|           1|           2|
    |p_Repl2_2_fu_13616_p2    |       xor|   0|  0|   2|           1|           2|
    |p_Repl2_30_fu_15016_p2   |       xor|   0|  0|   2|           1|           2|
    |p_Repl2_31_fu_15066_p2   |       xor|   0|  0|   2|           1|           2|
    |p_Repl2_32_fu_15116_p2   |       xor|   0|  0|   2|           1|           2|
    |p_Repl2_33_fu_15166_p2   |       xor|   0|  0|   2|           1|           2|
    |p_Repl2_34_fu_15216_p2   |       xor|   0|  0|   2|           1|           2|
    |p_Repl2_35_fu_15266_p2   |       xor|   0|  0|   2|           1|           2|
    |p_Repl2_36_fu_15316_p2   |       xor|   0|  0|   2|           1|           2|
    |p_Repl2_37_fu_15366_p2   |       xor|   0|  0|   2|           1|           2|
    |p_Repl2_38_fu_15416_p2   |       xor|   0|  0|   2|           1|           2|
    |p_Repl2_39_fu_15466_p2   |       xor|   0|  0|   2|           1|           2|
    |p_Repl2_3_fu_13666_p2    |       xor|   0|  0|   2|           1|           2|
    |p_Repl2_40_fu_15516_p2   |       xor|   0|  0|   2|           1|           2|
    |p_Repl2_41_fu_15566_p2   |       xor|   0|  0|   2|           1|           2|
    |p_Repl2_42_fu_15616_p2   |       xor|   0|  0|   2|           1|           2|
    |p_Repl2_43_fu_15666_p2   |       xor|   0|  0|   2|           1|           2|
    |p_Repl2_44_fu_15716_p2   |       xor|   0|  0|   2|           1|           2|
    |p_Repl2_45_fu_15766_p2   |       xor|   0|  0|   2|           1|           2|
    |p_Repl2_46_fu_15816_p2   |       xor|   0|  0|   2|           1|           2|
    |p_Repl2_47_fu_15866_p2   |       xor|   0|  0|   2|           1|           2|
    |p_Repl2_48_fu_15916_p2   |       xor|   0|  0|   2|           1|           2|
    |p_Repl2_49_fu_15966_p2   |       xor|   0|  0|   2|           1|           2|
    |p_Repl2_4_fu_13716_p2    |       xor|   0|  0|   2|           1|           2|
    |p_Repl2_50_fu_16016_p2   |       xor|   0|  0|   2|           1|           2|
    |p_Repl2_51_fu_16066_p2   |       xor|   0|  0|   2|           1|           2|
    |p_Repl2_52_fu_16116_p2   |       xor|   0|  0|   2|           1|           2|
    |p_Repl2_53_fu_16166_p2   |       xor|   0|  0|   2|           1|           2|
    |p_Repl2_54_fu_16216_p2   |       xor|   0|  0|   2|           1|           2|
    |p_Repl2_55_fu_16266_p2   |       xor|   0|  0|   2|           1|           2|
    |p_Repl2_56_fu_16316_p2   |       xor|   0|  0|   2|           1|           2|
    |p_Repl2_57_fu_16366_p2   |       xor|   0|  0|   2|           1|           2|
    |p_Repl2_58_fu_16416_p2   |       xor|   0|  0|   2|           1|           2|
    |p_Repl2_59_fu_16466_p2   |       xor|   0|  0|   2|           1|           2|
    |p_Repl2_5_fu_13766_p2    |       xor|   0|  0|   2|           1|           2|
    |p_Repl2_60_fu_16516_p2   |       xor|   0|  0|   2|           1|           2|
    |p_Repl2_61_fu_16566_p2   |       xor|   0|  0|   2|           1|           2|
    |p_Repl2_62_fu_16616_p2   |       xor|   0|  0|   2|           1|           2|
    |p_Repl2_63_fu_16666_p2   |       xor|   0|  0|   2|           1|           2|
    |p_Repl2_64_fu_16706_p2   |       xor|   0|  0|   2|           1|           2|
    |p_Repl2_65_fu_16756_p2   |       xor|   0|  0|   2|           1|           2|
    |p_Repl2_66_fu_16806_p2   |       xor|   0|  0|   2|           1|           2|
    |p_Repl2_67_fu_16856_p2   |       xor|   0|  0|   2|           1|           2|
    |p_Repl2_68_fu_16906_p2   |       xor|   0|  0|   2|           1|           2|
    |p_Repl2_69_fu_16956_p2   |       xor|   0|  0|   2|           1|           2|
    |p_Repl2_6_fu_13816_p2    |       xor|   0|  0|   2|           1|           2|
    |p_Repl2_70_fu_17006_p2   |       xor|   0|  0|   2|           1|           2|
    |p_Repl2_71_fu_17056_p2   |       xor|   0|  0|   2|           1|           2|
    |p_Repl2_72_fu_17106_p2   |       xor|   0|  0|   2|           1|           2|
    |p_Repl2_73_fu_17156_p2   |       xor|   0|  0|   2|           1|           2|
    |p_Repl2_74_fu_17206_p2   |       xor|   0|  0|   2|           1|           2|
    |p_Repl2_75_fu_17256_p2   |       xor|   0|  0|   2|           1|           2|
    |p_Repl2_76_fu_17306_p2   |       xor|   0|  0|   2|           1|           2|
    |p_Repl2_77_fu_17356_p2   |       xor|   0|  0|   2|           1|           2|
    |p_Repl2_78_fu_17406_p2   |       xor|   0|  0|   2|           1|           2|
    |p_Repl2_79_fu_17456_p2   |       xor|   0|  0|   2|           1|           2|
    |p_Repl2_7_fu_13866_p2    |       xor|   0|  0|   2|           1|           2|
    |p_Repl2_80_fu_17506_p2   |       xor|   0|  0|   2|           1|           2|
    |p_Repl2_81_fu_17556_p2   |       xor|   0|  0|   2|           1|           2|
    |p_Repl2_82_fu_17606_p2   |       xor|   0|  0|   2|           1|           2|
    |p_Repl2_83_fu_17656_p2   |       xor|   0|  0|   2|           1|           2|
    |p_Repl2_84_fu_17706_p2   |       xor|   0|  0|   2|           1|           2|
    |p_Repl2_85_fu_17756_p2   |       xor|   0|  0|   2|           1|           2|
    |p_Repl2_86_fu_17806_p2   |       xor|   0|  0|   2|           1|           2|
    |p_Repl2_87_fu_17856_p2   |       xor|   0|  0|   2|           1|           2|
    |p_Repl2_88_fu_17906_p2   |       xor|   0|  0|   2|           1|           2|
    |p_Repl2_89_fu_17956_p2   |       xor|   0|  0|   2|           1|           2|
    |p_Repl2_8_fu_13916_p2    |       xor|   0|  0|   2|           1|           2|
    |p_Repl2_90_fu_18006_p2   |       xor|   0|  0|   2|           1|           2|
    |p_Repl2_91_fu_18056_p2   |       xor|   0|  0|   2|           1|           2|
    |p_Repl2_92_fu_18106_p2   |       xor|   0|  0|   2|           1|           2|
    |p_Repl2_93_fu_18156_p2   |       xor|   0|  0|   2|           1|           2|
    |p_Repl2_94_fu_18206_p2   |       xor|   0|  0|   2|           1|           2|
    |p_Repl2_95_fu_18256_p2   |       xor|   0|  0|   2|           1|           2|
    |p_Repl2_96_fu_18306_p2   |       xor|   0|  0|   2|           1|           2|
    |p_Repl2_97_fu_18356_p2   |       xor|   0|  0|   2|           1|           2|
    |p_Repl2_98_fu_18406_p2   |       xor|   0|  0|   2|           1|           2|
    |p_Repl2_99_fu_18456_p2   |       xor|   0|  0|   2|           1|           2|
    |p_Repl2_9_fu_13966_p2    |       xor|   0|  0|   2|           1|           2|
    |p_Repl2_s_fu_13516_p2    |       xor|   0|  0|   2|           1|           2|
    +-------------------------+----------+----+---+----+------------+------------+
    |Total                    |          |   0|  0|4407|         294|        4368|
    +-------------------------+----------+----+---+----+------------+------------+

    * Multiplexer: 
    +-----------------------------------+----+-----------+-----+-----------+
    |                Name               | LUT| Input Size| Bits| Total Bits|
    +-----------------------------------+----+-----------+-----+-----------+
    |ap_NS_fsm                          |  14|          3|    1|          3|
    |ap_done_int                        |   9|          2|    1|          2|
    |ap_enable_reg_pp0_iter0            |   9|          2|    1|          2|
    |ap_enable_reg_pp0_iter1            |   9|          2|    1|          2|
    |ap_enable_reg_pp0_iter28           |   9|          2|    1|          2|
    |ap_loop_exit_ready_pp0_iter10_reg  |   9|          2|    1|          2|
    |ap_loop_exit_ready_pp0_iter11_reg  |   9|          2|    1|          2|
    |ap_loop_exit_ready_pp0_iter12_reg  |   9|          2|    1|          2|
    |ap_loop_exit_ready_pp0_iter13_reg  |   9|          2|    1|          2|
    |ap_loop_exit_ready_pp0_iter14_reg  |   9|          2|    1|          2|
    |ap_loop_exit_ready_pp0_iter15_reg  |   9|          2|    1|          2|
    |ap_loop_exit_ready_pp0_iter16_reg  |   9|          2|    1|          2|
    |ap_loop_exit_ready_pp0_iter17_reg  |   9|          2|    1|          2|
    |ap_loop_exit_ready_pp0_iter18_reg  |   9|          2|    1|          2|
    |ap_loop_exit_ready_pp0_iter19_reg  |   9|          2|    1|          2|
    |ap_loop_exit_ready_pp0_iter1_reg   |   9|          2|    1|          2|
    |ap_loop_exit_ready_pp0_iter20_reg  |   9|          2|    1|          2|
    |ap_loop_exit_ready_pp0_iter21_reg  |   9|          2|    1|          2|
    |ap_loop_exit_ready_pp0_iter22_reg  |   9|          2|    1|          2|
    |ap_loop_exit_ready_pp0_iter23_reg  |   9|          2|    1|          2|
    |ap_loop_exit_ready_pp0_iter24_reg  |   9|          2|    1|          2|
    |ap_loop_exit_ready_pp0_iter25_reg  |   9|          2|    1|          2|
    |ap_loop_exit_ready_pp0_iter26_reg  |   9|          2|    1|          2|
    |ap_loop_exit_ready_pp0_iter27_reg  |   9|          2|    1|          2|
    |ap_loop_exit_ready_pp0_iter2_reg   |   9|          2|    1|          2|
    |ap_loop_exit_ready_pp0_iter3_reg   |   9|          2|    1|          2|
    |ap_loop_exit_ready_pp0_iter4_reg   |   9|          2|    1|          2|
    |ap_loop_exit_ready_pp0_iter5_reg   |   9|          2|    1|          2|
    |ap_loop_exit_ready_pp0_iter6_reg   |   9|          2|    1|          2|
    |ap_loop_exit_ready_pp0_iter7_reg   |   9|          2|    1|          2|
    |ap_loop_exit_ready_pp0_iter8_reg   |   9|          2|    1|          2|
    |ap_loop_exit_ready_pp0_iter9_reg   |   9|          2|    1|          2|
    |ap_sig_allocacmp_ofst_1            |   9|          2|    9|         18|
    |ap_sig_allocacmp_pack_ofst_load    |   9|          2|   10|         20|
    |grp_fu_504_p0                      |  14|          3|   32|         96|
    |grp_fu_504_p1                      |  14|          3|   32|         96|
    |grp_fu_505_p0                      |  14|          3|   32|         96|
    |grp_fu_505_p1                      |  14|          3|   32|         96|
    |grp_fu_506_p0                      |  14|          3|   32|         96|
    |grp_fu_506_p1                      |  14|          3|   32|         96|
    |grp_fu_507_p0                      |  14|          3|   32|         96|
    |grp_fu_507_p1                      |  14|          3|   32|         96|
    |grp_fu_508_p0                      |  14|          3|   32|         96|
    |grp_fu_508_p1                      |  14|          3|   32|         96|
    |grp_fu_509_p0                      |  14|          3|   32|         96|
    |grp_fu_509_p1                      |  14|          3|   32|         96|
    |grp_fu_510_p0                      |  14|          3|   32|         96|
    |grp_fu_510_p1                      |  14|          3|   32|         96|
    |grp_fu_511_p0                      |  14|          3|   32|         96|
    |grp_fu_511_p1                      |  14|          3|   32|         96|
    |grp_fu_512_p0                      |  14|          3|   32|         96|
    |grp_fu_512_p1                      |  14|          3|   32|         96|
    |grp_fu_513_p0                      |  14|          3|   32|         96|
    |grp_fu_513_p1                      |  14|          3|   32|         96|
    |grp_fu_514_p0                      |  14|          3|   32|         96|
    |grp_fu_514_p1                      |  14|          3|   32|         96|
    |grp_fu_515_p0                      |  14|          3|   32|         96|
    |grp_fu_515_p1                      |  14|          3|   32|         96|
    |grp_fu_516_p0                      |  14|          3|   32|         96|
    |grp_fu_516_p1                      |  14|          3|   32|         96|
    |grp_fu_517_p0                      |  14|          3|   32|         96|
    |grp_fu_517_p1                      |  14|          3|   32|         96|
    |grp_fu_518_p0                      |  14|          3|   32|         96|
    |grp_fu_518_p1                      |  14|          3|   32|         96|
    |grp_fu_519_p0                      |  14|          3|   32|         96|
    |grp_fu_519_p1                      |  14|          3|   32|         96|
    |grp_fu_520_p0                      |  14|          3|   32|         96|
    |grp_fu_520_p1                      |  14|          3|   32|         96|
    |grp_fu_521_p0                      |  14|          3|   32|         96|
    |grp_fu_521_p1                      |  14|          3|   32|         96|
    |grp_fu_522_p0                      |  14|          3|   32|         96|
    |grp_fu_522_p1                      |  14|          3|   32|         96|
    |grp_fu_523_p0                      |  14|          3|   32|         96|
    |grp_fu_523_p1                      |  14|          3|   32|         96|
    |grp_fu_524_p0                      |  14|          3|   32|         96|
    |grp_fu_524_p1                      |  14|          3|   32|         96|
    |grp_fu_525_p0                      |  14|          3|   32|         96|
    |grp_fu_525_p1                      |  14|          3|   32|         96|
    |grp_fu_527_p0                      |  14|          3|   32|         96|
    |grp_fu_527_p1                      |  14|          3|   32|         96|
    |grp_fu_528_p0                      |  14|          3|   32|         96|
    |grp_fu_528_p1                      |  14|          3|   32|         96|
    |grp_fu_529_p0                      |  14|          3|   32|         96|
    |grp_fu_529_p1                      |  14|          3|   32|         96|
    |grp_fu_530_p0                      |  14|          3|   32|         96|
    |grp_fu_530_p1                      |  14|          3|   32|         96|
    |grp_fu_531_p0                      |  14|          3|   32|         96|
    |grp_fu_531_p1                      |  14|          3|   32|         96|
    |grp_fu_532_p0                      |  14|          3|   32|         96|
    |grp_fu_532_p1                      |  14|          3|   32|         96|
    |grp_fu_533_p0                      |  14|          3|   32|         96|
    |grp_fu_533_p1                      |  14|          3|   32|         96|
    |grp_fu_534_p0                      |  14|          3|   32|         96|
    |grp_fu_534_p1                      |  14|          3|   32|         96|
    |grp_fu_535_p0                      |  14|          3|   32|         96|
    |grp_fu_535_p1                      |  14|          3|   32|         96|
    |grp_fu_536_p0                      |  14|          3|   32|         96|
    |grp_fu_536_p1                      |  14|          3|   32|         96|
    |grp_fu_537_p0                      |  14|          3|   32|         96|
    |grp_fu_537_p1                      |  14|          3|   32|         96|
    |grp_fu_538_p0                      |  14|          3|   32|         96|
    |grp_fu_538_p1                      |  14|          3|   32|         96|
    |grp_fu_539_p0                      |  14|          3|   32|         96|
    |grp_fu_539_p1                      |  14|          3|   32|         96|
    |grp_fu_540_p0                      |  14|          3|   32|         96|
    |grp_fu_540_p1                      |  14|          3|   32|         96|
    |grp_fu_541_p0                      |  14|          3|   32|         96|
    |grp_fu_541_p1                      |  14|          3|   32|         96|
    |grp_fu_542_p0                      |  14|          3|   32|         96|
    |grp_fu_542_p1                      |  14|          3|   32|         96|
    |grp_fu_543_p0                      |  14|          3|   32|         96|
    |grp_fu_543_p1                      |  14|          3|   32|         96|
    |grp_fu_544_p0                      |  14|          3|   32|         96|
    |grp_fu_544_p1                      |  14|          3|   32|         96|
    |grp_fu_545_p0                      |  14|          3|   32|         96|
    |grp_fu_545_p1                      |  14|          3|   32|         96|
    |grp_fu_546_p0                      |  14|          3|   32|         96|
    |grp_fu_546_p1                      |  14|          3|   32|         96|
    |grp_fu_547_p0                      |  14|          3|   32|         96|
    |grp_fu_547_p1                      |  14|          3|   32|         96|
    |grp_fu_548_p0                      |  14|          3|   32|         96|
    |grp_fu_548_p1                      |  14|          3|   32|         96|
    |grp_fu_549_p0                      |  14|          3|   32|         96|
    |grp_fu_549_p1                      |  14|          3|   32|         96|
    |grp_fu_550_p0                      |  14|          3|   32|         96|
    |grp_fu_550_p1                      |  14|          3|   32|         96|
    |grp_fu_551_p0                      |  14|          3|   32|         96|
    |grp_fu_551_p1                      |  14|          3|   32|         96|
    |grp_fu_552_p0                      |  14|          3|   32|         96|
    |grp_fu_552_p1                      |  14|          3|   32|         96|
    |grp_fu_553_p0                      |  14|          3|   32|         96|
    |grp_fu_553_p1                      |  14|          3|   32|         96|
    |grp_fu_554_p0                      |  14|          3|   32|         96|
    |grp_fu_554_p1                      |  14|          3|   32|         96|
    |grp_fu_555_p0                      |  14|          3|   32|         96|
    |grp_fu_555_p1                      |  14|          3|   32|         96|
    |grp_fu_556_p0                      |  14|          3|   32|         96|
    |grp_fu_556_p1                      |  14|          3|   32|         96|
    |grp_fu_557_p0                      |  14|          3|   32|         96|
    |grp_fu_557_p1                      |  14|          3|   32|         96|
    |grp_fu_558_p0                      |  14|          3|   32|         96|
    |grp_fu_558_p1                      |  14|          3|   32|         96|
    |grp_fu_559_p0                      |  14|          3|   32|         96|
    |grp_fu_559_p1                      |  14|          3|   32|         96|
    |grp_fu_560_p0                      |  14|          3|   32|         96|
    |grp_fu_560_p1                      |  14|          3|   32|         96|
    |grp_fu_561_p0                      |  14|          3|   32|         96|
    |grp_fu_561_p1                      |  14|          3|   32|         96|
    |grp_fu_562_p0                      |  14|          3|   32|         96|
    |grp_fu_562_p1                      |  14|          3|   32|         96|
    |grp_fu_563_p0                      |  14|          3|   32|         96|
    |grp_fu_563_p1                      |  14|          3|   32|         96|
    |grp_fu_564_p0                      |  14|          3|   32|         96|
    |grp_fu_564_p1                      |  14|          3|   32|         96|
    |grp_fu_565_p0                      |  14|          3|   32|         96|
    |grp_fu_565_p1                      |  14|          3|   32|         96|
    |grp_fu_566_p0                      |  14|          3|   32|         96|
    |grp_fu_566_p1                      |  14|          3|   32|         96|
    |grp_fu_567_p0                      |  14|          3|   32|         96|
    |grp_fu_567_p1                      |  14|          3|   32|         96|
    |ofst_fu_432                        |   9|          2|    9|         18|
    |pack_ofst_fu_436                   |   9|          2|   10|         20|
    +-----------------------------------+----+-----------+-----+-----------+
    |Total                              |2093|        451| 4102|      12237|
    +-----------------------------------+----+-----------+-----+-----------+

    * Register: 
    +-----------------------------------+----+----+-----+-----------+
    |                Name               | FF | LUT| Bits| Const Bits|
    +-----------------------------------+----+----+-----+-----------+
    |ap_CS_fsm                          |   2|   0|    2|          0|
    |ap_done_reg                        |   1|   0|    1|          0|
    |ap_enable_reg_pp0_iter0_reg        |   1|   0|    1|          0|
    |ap_enable_reg_pp0_iter1            |   1|   0|    1|          0|
    |ap_enable_reg_pp0_iter10           |   1|   0|    1|          0|
    |ap_enable_reg_pp0_iter11           |   1|   0|    1|          0|
    |ap_enable_reg_pp0_iter12           |   1|   0|    1|          0|
    |ap_enable_reg_pp0_iter13           |   1|   0|    1|          0|
    |ap_enable_reg_pp0_iter14           |   1|   0|    1|          0|
    |ap_enable_reg_pp0_iter15           |   1|   0|    1|          0|
    |ap_enable_reg_pp0_iter16           |   1|   0|    1|          0|
    |ap_enable_reg_pp0_iter17           |   1|   0|    1|          0|
    |ap_enable_reg_pp0_iter18           |   1|   0|    1|          0|
    |ap_enable_reg_pp0_iter19           |   1|   0|    1|          0|
    |ap_enable_reg_pp0_iter2            |   1|   0|    1|          0|
    |ap_enable_reg_pp0_iter20           |   1|   0|    1|          0|
    |ap_enable_reg_pp0_iter21           |   1|   0|    1|          0|
    |ap_enable_reg_pp0_iter22           |   1|   0|    1|          0|
    |ap_enable_reg_pp0_iter23           |   1|   0|    1|          0|
    |ap_enable_reg_pp0_iter24           |   1|   0|    1|          0|
    |ap_enable_reg_pp0_iter25           |   1|   0|    1|          0|
    |ap_enable_reg_pp0_iter26           |   1|   0|    1|          0|
    |ap_enable_reg_pp0_iter27           |   1|   0|    1|          0|
    |ap_enable_reg_pp0_iter28           |   1|   0|    1|          0|
    |ap_enable_reg_pp0_iter3            |   1|   0|    1|          0|
    |ap_enable_reg_pp0_iter4            |   1|   0|    1|          0|
    |ap_enable_reg_pp0_iter5            |   1|   0|    1|          0|
    |ap_enable_reg_pp0_iter6            |   1|   0|    1|          0|
    |ap_enable_reg_pp0_iter7            |   1|   0|    1|          0|
    |ap_enable_reg_pp0_iter8            |   1|   0|    1|          0|
    |ap_enable_reg_pp0_iter9            |   1|   0|    1|          0|
    |ap_loop_exit_ready_pp0_iter10_reg  |   1|   0|    1|          0|
    |ap_loop_exit_ready_pp0_iter11_reg  |   1|   0|    1|          0|
    |ap_loop_exit_ready_pp0_iter12_reg  |   1|   0|    1|          0|
    |ap_loop_exit_ready_pp0_iter13_reg  |   1|   0|    1|          0|
    |ap_loop_exit_ready_pp0_iter14_reg  |   1|   0|    1|          0|
    |ap_loop_exit_ready_pp0_iter15_reg  |   1|   0|    1|          0|
    |ap_loop_exit_ready_pp0_iter16_reg  |   1|   0|    1|          0|
    |ap_loop_exit_ready_pp0_iter17_reg  |   1|   0|    1|          0|
    |ap_loop_exit_ready_pp0_iter18_reg  |   1|   0|    1|          0|
    |ap_loop_exit_ready_pp0_iter19_reg  |   1|   0|    1|          0|
    |ap_loop_exit_ready_pp0_iter1_reg   |   1|   0|    1|          0|
    |ap_loop_exit_ready_pp0_iter20_reg  |   1|   0|    1|          0|
    |ap_loop_exit_ready_pp0_iter21_reg  |   1|   0|    1|          0|
    |ap_loop_exit_ready_pp0_iter22_reg  |   1|   0|    1|          0|
    |ap_loop_exit_ready_pp0_iter23_reg  |   1|   0|    1|          0|
    |ap_loop_exit_ready_pp0_iter24_reg  |   1|   0|    1|          0|
    |ap_loop_exit_ready_pp0_iter25_reg  |   1|   0|    1|          0|
    |ap_loop_exit_ready_pp0_iter26_reg  |   1|   0|    1|          0|
    |ap_loop_exit_ready_pp0_iter27_reg  |   1|   0|    1|          0|
    |ap_loop_exit_ready_pp0_iter2_reg   |   1|   0|    1|          0|
    |ap_loop_exit_ready_pp0_iter3_reg   |   1|   0|    1|          0|
    |ap_loop_exit_ready_pp0_iter4_reg   |   1|   0|    1|          0|
    |ap_loop_exit_ready_pp0_iter5_reg   |   1|   0|    1|          0|
    |ap_loop_exit_ready_pp0_iter6_reg   |   1|   0|    1|          0|
    |ap_loop_exit_ready_pp0_iter7_reg   |   1|   0|    1|          0|
    |ap_loop_exit_ready_pp0_iter8_reg   |   1|   0|    1|          0|
    |ap_loop_exit_ready_pp0_iter9_reg   |   1|   0|    1|          0|
    |fp_buffer_100_reg_22055            |  32|   0|   32|          0|
    |fp_buffer_101_reg_22060            |  32|   0|   32|          0|
    |fp_buffer_102_reg_22065            |  32|   0|   32|          0|
    |fp_buffer_103_reg_22070            |  32|   0|   32|          0|
    |fp_buffer_104_reg_22075            |  32|   0|   32|          0|
    |fp_buffer_105_reg_22080            |  32|   0|   32|          0|
    |fp_buffer_106_reg_22085            |  32|   0|   32|          0|
    |fp_buffer_107_reg_22090            |  32|   0|   32|          0|
    |fp_buffer_108_reg_22095            |  32|   0|   32|          0|
    |fp_buffer_109_reg_22100            |  32|   0|   32|          0|
    |fp_buffer_110_reg_22105            |  32|   0|   32|          0|
    |fp_buffer_111_reg_22110            |  32|   0|   32|          0|
    |fp_buffer_112_reg_22195            |  32|   0|   32|          0|
    |fp_buffer_113_reg_22200            |  32|   0|   32|          0|
    |fp_buffer_114_reg_22205            |  32|   0|   32|          0|
    |fp_buffer_115_reg_22210            |  32|   0|   32|          0|
    |fp_buffer_116_reg_22215            |  32|   0|   32|          0|
    |fp_buffer_117_reg_22220            |  32|   0|   32|          0|
    |fp_buffer_118_reg_22225            |  32|   0|   32|          0|
    |fp_buffer_119_reg_22230            |  32|   0|   32|          0|
    |fp_buffer_120_reg_22275            |  32|   0|   32|          0|
    |fp_buffer_121_reg_22280            |  32|   0|   32|          0|
    |fp_buffer_122_reg_22285            |  32|   0|   32|          0|
    |fp_buffer_123_reg_22290            |  32|   0|   32|          0|
    |fp_buffer_124_reg_22315            |  32|   0|   32|          0|
    |fp_buffer_125_reg_22320            |  32|   0|   32|          0|
    |fp_buffer_126_reg_22335            |  32|   0|   32|          0|
    |fp_buffer_191_reg_21875            |  32|   0|   32|          0|
    |fp_buffer_192_reg_21880            |  32|   0|   32|          0|
    |fp_buffer_193_reg_21885            |  32|   0|   32|          0|
    |fp_buffer_194_reg_21890            |  32|   0|   32|          0|
    |fp_buffer_195_reg_21895            |  32|   0|   32|          0|
    |fp_buffer_196_reg_21900            |  32|   0|   32|          0|
    |fp_buffer_197_reg_21905            |  32|   0|   32|          0|
    |fp_buffer_198_reg_21910            |  32|   0|   32|          0|
    |fp_buffer_199_reg_21915            |  32|   0|   32|          0|
    |fp_buffer_200_reg_21920            |  32|   0|   32|          0|
    |fp_buffer_201_reg_21925            |  32|   0|   32|          0|
    |fp_buffer_202_reg_21930            |  32|   0|   32|          0|
    |fp_buffer_203_reg_21935            |  32|   0|   32|          0|
    |fp_buffer_204_reg_21940            |  32|   0|   32|          0|
    |fp_buffer_205_reg_21945            |  32|   0|   32|          0|
    |fp_buffer_206_reg_21950            |  32|   0|   32|          0|
    |fp_buffer_207_reg_21955            |  32|   0|   32|          0|
    |fp_buffer_208_reg_21960            |  32|   0|   32|          0|
    |fp_buffer_209_reg_21965            |  32|   0|   32|          0|
    |fp_buffer_210_reg_21970            |  32|   0|   32|          0|
    |fp_buffer_211_reg_21975            |  32|   0|   32|          0|
    |fp_buffer_212_reg_21980            |  32|   0|   32|          0|
    |fp_buffer_213_reg_21985            |  32|   0|   32|          0|
    |fp_buffer_214_reg_21990            |  32|   0|   32|          0|
    |fp_buffer_215_reg_21995            |  32|   0|   32|          0|
    |fp_buffer_216_reg_22000            |  32|   0|   32|          0|
    |fp_buffer_217_reg_22005            |  32|   0|   32|          0|
    |fp_buffer_218_reg_22010            |  32|   0|   32|          0|
    |fp_buffer_219_reg_22015            |  32|   0|   32|          0|
    |fp_buffer_220_reg_22020            |  32|   0|   32|          0|
    |fp_buffer_221_reg_22025            |  32|   0|   32|          0|
    |fp_buffer_222_reg_22030            |  32|   0|   32|          0|
    |fp_buffer_223_reg_22115            |  32|   0|   32|          0|
    |fp_buffer_224_reg_22120            |  32|   0|   32|          0|
    |fp_buffer_225_reg_22125            |  32|   0|   32|          0|
    |fp_buffer_226_reg_22130            |  32|   0|   32|          0|
    |fp_buffer_227_reg_22135            |  32|   0|   32|          0|
    |fp_buffer_228_reg_22140            |  32|   0|   32|          0|
    |fp_buffer_229_reg_22145            |  32|   0|   32|          0|
    |fp_buffer_230_reg_22150            |  32|   0|   32|          0|
    |fp_buffer_231_reg_22155            |  32|   0|   32|          0|
    |fp_buffer_232_reg_22160            |  32|   0|   32|          0|
    |fp_buffer_233_reg_22165            |  32|   0|   32|          0|
    |fp_buffer_234_reg_22170            |  32|   0|   32|          0|
    |fp_buffer_235_reg_22175            |  32|   0|   32|          0|
    |fp_buffer_236_reg_22180            |  32|   0|   32|          0|
    |fp_buffer_237_reg_22185            |  32|   0|   32|          0|
    |fp_buffer_238_reg_22190            |  32|   0|   32|          0|
    |fp_buffer_239_reg_22235            |  32|   0|   32|          0|
    |fp_buffer_240_reg_22240            |  32|   0|   32|          0|
    |fp_buffer_241_reg_22245            |  32|   0|   32|          0|
    |fp_buffer_242_reg_22250            |  32|   0|   32|          0|
    |fp_buffer_243_reg_22255            |  32|   0|   32|          0|
    |fp_buffer_244_reg_22260            |  32|   0|   32|          0|
    |fp_buffer_245_reg_22265            |  32|   0|   32|          0|
    |fp_buffer_246_reg_22270            |  32|   0|   32|          0|
    |fp_buffer_247_reg_22295            |  32|   0|   32|          0|
    |fp_buffer_248_reg_22300            |  32|   0|   32|          0|
    |fp_buffer_249_reg_22305            |  32|   0|   32|          0|
    |fp_buffer_250_reg_22310            |  32|   0|   32|          0|
    |fp_buffer_251_reg_22325            |  32|   0|   32|          0|
    |fp_buffer_252_reg_22330            |  32|   0|   32|          0|
    |fp_buffer_253_reg_22340            |  32|   0|   32|          0|
    |fp_buffer_254_reg_22345            |  32|   0|   32|          0|
    |fp_buffer_64_reg_21715             |  32|   0|   32|          0|
    |fp_buffer_65_reg_21720             |  32|   0|   32|          0|
    |fp_buffer_66_reg_21725             |  32|   0|   32|          0|
    |fp_buffer_67_reg_21730             |  32|   0|   32|          0|
    |fp_buffer_68_reg_21735             |  32|   0|   32|          0|
    |fp_buffer_69_reg_21740             |  32|   0|   32|          0|
    |fp_buffer_70_reg_21745             |  32|   0|   32|          0|
    |fp_buffer_71_reg_21750             |  32|   0|   32|          0|
    |fp_buffer_72_reg_21755             |  32|   0|   32|          0|
    |fp_buffer_73_reg_21760             |  32|   0|   32|          0|
    |fp_buffer_74_reg_21765             |  32|   0|   32|          0|
    |fp_buffer_75_reg_21770             |  32|   0|   32|          0|
    |fp_buffer_76_reg_21775             |  32|   0|   32|          0|
    |fp_buffer_77_reg_21780             |  32|   0|   32|          0|
    |fp_buffer_78_reg_21785             |  32|   0|   32|          0|
    |fp_buffer_79_reg_21790             |  32|   0|   32|          0|
    |fp_buffer_80_reg_21795             |  32|   0|   32|          0|
    |fp_buffer_81_reg_21800             |  32|   0|   32|          0|
    |fp_buffer_82_reg_21805             |  32|   0|   32|          0|
    |fp_buffer_83_reg_21810             |  32|   0|   32|          0|
    |fp_buffer_84_reg_21815             |  32|   0|   32|          0|
    |fp_buffer_85_reg_21820             |  32|   0|   32|          0|
    |fp_buffer_86_reg_21825             |  32|   0|   32|          0|
    |fp_buffer_87_reg_21830             |  32|   0|   32|          0|
    |fp_buffer_88_reg_21835             |  32|   0|   32|          0|
    |fp_buffer_89_reg_21840             |  32|   0|   32|          0|
    |fp_buffer_90_reg_21845             |  32|   0|   32|          0|
    |fp_buffer_91_reg_21850             |  32|   0|   32|          0|
    |fp_buffer_92_reg_21855             |  32|   0|   32|          0|
    |fp_buffer_93_reg_21860             |  32|   0|   32|          0|
    |fp_buffer_94_reg_21865             |  32|   0|   32|          0|
    |fp_buffer_95_reg_21870             |  32|   0|   32|          0|
    |fp_buffer_96_reg_22035             |  32|   0|   32|          0|
    |fp_buffer_97_reg_22040             |  32|   0|   32|          0|
    |fp_buffer_98_reg_22045             |  32|   0|   32|          0|
    |fp_buffer_99_reg_22050             |  32|   0|   32|          0|
    |icmp_ln132_reg_20406               |   1|   0|    1|          0|
    |ofst_fu_432                        |   9|   0|    9|          0|
    |pack_ofst_fu_436                   |  10|   0|   10|          0|
    |tmp_108_reg_20495                  |  32|   0|   32|          0|
    |tmp_10_reg_20440                   |  32|   0|   32|          0|
    |tmp_117_reg_20500                  |  32|   0|   32|          0|
    |tmp_126_reg_20505                  |  32|   0|   32|          0|
    |tmp_135_reg_20510                  |  32|   0|   32|          0|
    |tmp_144_reg_20515                  |  32|   0|   32|          0|
    |tmp_153_reg_20520                  |  32|   0|   32|          0|
    |tmp_162_reg_20525                  |  32|   0|   32|          0|
    |tmp_171_reg_20530                  |  32|   0|   32|          0|
    |tmp_180_reg_20535                  |  32|   0|   32|          0|
    |tmp_189_reg_20540                  |  32|   0|   32|          0|
    |tmp_18_reg_20445                   |  32|   0|   32|          0|
    |tmp_198_reg_20545                  |  32|   0|   32|          0|
    |tmp_207_reg_20550                  |  32|   0|   32|          0|
    |tmp_216_reg_20555                  |  32|   0|   32|          0|
    |tmp_225_reg_20560                  |  32|   0|   32|          0|
    |tmp_234_reg_20565                  |  32|   0|   32|          0|
    |tmp_243_reg_20570                  |  32|   0|   32|          0|
    |tmp_252_reg_20575                  |  32|   0|   32|          0|
    |tmp_261_reg_20580                  |  32|   0|   32|          0|
    |tmp_270_reg_20585                  |  32|   0|   32|          0|
    |tmp_279_reg_20590                  |  32|   0|   32|          0|
    |tmp_27_reg_20450                   |  32|   0|   32|          0|
    |tmp_288_reg_20595                  |  32|   0|   32|          0|
    |tmp_297_reg_20600                  |  32|   0|   32|          0|
    |tmp_306_reg_20605                  |  32|   0|   32|          0|
    |tmp_315_reg_20610                  |  32|   0|   32|          0|
    |tmp_324_reg_20615                  |  32|   0|   32|          0|
    |tmp_333_reg_20620                  |  32|   0|   32|          0|
    |tmp_342_reg_20625                  |  32|   0|   32|          0|
    |tmp_351_reg_20630                  |  32|   0|   32|          0|
    |tmp_360_reg_20635                  |  32|   0|   32|          0|
    |tmp_369_reg_20640                  |  32|   0|   32|          0|
    |tmp_36_reg_20455                   |  32|   0|   32|          0|
    |tmp_378_reg_20645                  |  32|   0|   32|          0|
    |tmp_387_reg_20650                  |  32|   0|   32|          0|
    |tmp_394_reg_20655                  |  32|   0|   32|          0|
    |tmp_400_reg_20660                  |  32|   0|   32|          0|
    |tmp_406_reg_20665                  |  32|   0|   32|          0|
    |tmp_412_reg_20670                  |  32|   0|   32|          0|
    |tmp_418_reg_20675                  |  32|   0|   32|          0|
    |tmp_424_reg_20680                  |  32|   0|   32|          0|
    |tmp_430_reg_20685                  |  32|   0|   32|          0|
    |tmp_436_reg_20690                  |  32|   0|   32|          0|
    |tmp_453_reg_20695                  |  32|   0|   32|          0|
    |tmp_45_reg_20460                   |  32|   0|   32|          0|
    |tmp_522_reg_20700                  |  32|   0|   32|          0|
    |tmp_528_reg_20705                  |  32|   0|   32|          0|
    |tmp_534_reg_20710                  |  32|   0|   32|          0|
    |tmp_540_reg_20715                  |  32|   0|   32|          0|
    |tmp_546_reg_20720                  |  32|   0|   32|          0|
    |tmp_54_reg_20465                   |  32|   0|   32|          0|
    |tmp_552_reg_20725                  |  32|   0|   32|          0|
    |tmp_558_reg_20730                  |  32|   0|   32|          0|
    |tmp_564_reg_20735                  |  32|   0|   32|          0|
    |tmp_570_reg_20740                  |  32|   0|   32|          0|
    |tmp_576_reg_20745                  |  32|   0|   32|          0|
    |tmp_582_reg_20750                  |  32|   0|   32|          0|
    |tmp_587_reg_20755                  |  32|   0|   32|          0|
    |tmp_593_reg_20760                  |  32|   0|   32|          0|
    |tmp_599_reg_20765                  |  32|   0|   32|          0|
    |tmp_605_reg_20770                  |  32|   0|   32|          0|
    |tmp_611_reg_20775                  |  32|   0|   32|          0|
    |tmp_617_reg_20780                  |  32|   0|   32|          0|
    |tmp_623_reg_20785                  |  32|   0|   32|          0|
    |tmp_629_reg_20790                  |  32|   0|   32|          0|
    |tmp_635_reg_20795                  |  32|   0|   32|          0|
    |tmp_63_reg_20470                   |  32|   0|   32|          0|
    |tmp_641_reg_20800                  |  32|   0|   32|          0|
    |tmp_647_reg_20805                  |  32|   0|   32|          0|
    |tmp_653_reg_20810                  |  32|   0|   32|          0|
    |tmp_659_reg_20815                  |  32|   0|   32|          0|
    |tmp_665_reg_20820                  |  32|   0|   32|          0|
    |tmp_671_reg_20825                  |  32|   0|   32|          0|
    |tmp_677_reg_20830                  |  32|   0|   32|          0|
    |tmp_683_reg_20835                  |  32|   0|   32|          0|
    |tmp_689_reg_20840                  |  32|   0|   32|          0|
    |tmp_695_reg_20845                  |  32|   0|   32|          0|
    |tmp_701_reg_20850                  |  32|   0|   32|          0|
    |tmp_707_reg_20855                  |  32|   0|   32|          0|
    |tmp_713_reg_20860                  |  32|   0|   32|          0|
    |tmp_719_reg_20865                  |  32|   0|   32|          0|
    |tmp_725_reg_20870                  |  32|   0|   32|          0|
    |tmp_72_reg_20475                   |  32|   0|   32|          0|
    |tmp_731_reg_20875                  |  32|   0|   32|          0|
    |tmp_737_reg_20880                  |  32|   0|   32|          0|
    |tmp_743_reg_20885                  |  32|   0|   32|          0|
    |tmp_749_reg_20890                  |  32|   0|   32|          0|
    |tmp_755_reg_20895                  |  32|   0|   32|          0|
    |tmp_761_reg_20900                  |  32|   0|   32|          0|
    |tmp_767_reg_20905                  |  32|   0|   32|          0|
    |tmp_773_reg_20910                  |  32|   0|   32|          0|
    |tmp_779_reg_20915                  |  32|   0|   32|          0|
    |tmp_785_reg_20920                  |  32|   0|   32|          0|
    |tmp_791_reg_20925                  |  32|   0|   32|          0|
    |tmp_797_reg_20930                  |  32|   0|   32|          0|
    |tmp_803_reg_20935                  |  32|   0|   32|          0|
    |tmp_809_reg_20940                  |  32|   0|   32|          0|
    |tmp_815_reg_20945                  |  32|   0|   32|          0|
    |tmp_81_reg_20480                   |  32|   0|   32|          0|
    |tmp_821_reg_20950                  |  32|   0|   32|          0|
    |tmp_827_reg_20955                  |  32|   0|   32|          0|
    |tmp_833_reg_20960                  |  32|   0|   32|          0|
    |tmp_839_reg_20965                  |  32|   0|   32|          0|
    |tmp_845_reg_20970                  |  32|   0|   32|          0|
    |tmp_851_reg_20975                  |  32|   0|   32|          0|
    |tmp_857_reg_20980                  |  32|   0|   32|          0|
    |tmp_863_reg_20985                  |  32|   0|   32|          0|
    |tmp_869_reg_20990                  |  32|   0|   32|          0|
    |tmp_875_reg_20995                  |  32|   0|   32|          0|
    |tmp_881_reg_21000                  |  32|   0|   32|          0|
    |tmp_887_reg_21005                  |  32|   0|   32|          0|
    |tmp_893_reg_21010                  |  32|   0|   32|          0|
    |tmp_899_reg_21015                  |  32|   0|   32|          0|
    |tmp_905_reg_21020                  |  32|   0|   32|          0|
    |tmp_90_reg_20485                   |  32|   0|   32|          0|
    |tmp_911_reg_21025                  |  32|   0|   32|          0|
    |tmp_917_reg_21030                  |  32|   0|   32|          0|
    |tmp_923_reg_21035                  |  32|   0|   32|          0|
    |tmp_929_reg_21040                  |  32|   0|   32|          0|
    |tmp_935_reg_21045                  |  32|   0|   32|          0|
    |tmp_941_reg_21050                  |  32|   0|   32|          0|
    |tmp_947_reg_21055                  |  32|   0|   32|          0|
    |tmp_953_reg_21060                  |  32|   0|   32|          0|
    |tmp_959_reg_21065                  |  32|   0|   32|          0|
    |tmp_965_reg_21070                  |  32|   0|   32|          0|
    |tmp_99_reg_20490                   |  32|   0|   32|          0|
    |tmp_reg_20435                      |  32|   0|   32|          0|
    |zext_ln132_reg_20410               |   9|   0|   64|         55|
    |icmp_ln132_reg_20406               |  64|  32|    1|          0|
    |zext_ln132_reg_20410               |  64|  32|   64|         55|
    +-----------------------------------+----+----+-----+-----------+
    |Total                              |8376|  64| 8368|        110|
    +-----------------------------------+----+----+-----+-----------+



================================================================
== Interface
================================================================
* Summary: 
+-------------------------+-----+------+------------+---------------------+--------------+
|        RTL Ports        | Dir | Bits |  Protocol  |    Source Object    |    C Type    |
+-------------------------+-----+------+------------+---------------------+--------------+
|ap_clk                   |   in|     1|  ap_ctrl_hs|  Run_Pipeline_SUM_UP|  return value|
|ap_rst                   |   in|     1|  ap_ctrl_hs|  Run_Pipeline_SUM_UP|  return value|
|ap_start                 |   in|     1|  ap_ctrl_hs|  Run_Pipeline_SUM_UP|  return value|
|ap_done                  |  out|     1|  ap_ctrl_hs|  Run_Pipeline_SUM_UP|  return value|
|ap_idle                  |  out|     1|  ap_ctrl_hs|  Run_Pipeline_SUM_UP|  return value|
|ap_ready                 |  out|     1|  ap_ctrl_hs|  Run_Pipeline_SUM_UP|  return value|
|grp_fu_2593_p_din0       |  out|    32|  ap_ctrl_hs|  Run_Pipeline_SUM_UP|  return value|
|grp_fu_2593_p_din1       |  out|    32|  ap_ctrl_hs|  Run_Pipeline_SUM_UP|  return value|
|grp_fu_2593_p_opcode     |  out|     2|  ap_ctrl_hs|  Run_Pipeline_SUM_UP|  return value|
|grp_fu_2593_p_dout0      |   in|    32|  ap_ctrl_hs|  Run_Pipeline_SUM_UP|  return value|
|grp_fu_2593_p_ce         |  out|     1|  ap_ctrl_hs|  Run_Pipeline_SUM_UP|  return value|
|grp_fu_2597_p_din0       |  out|    32|  ap_ctrl_hs|  Run_Pipeline_SUM_UP|  return value|
|grp_fu_2597_p_din1       |  out|    32|  ap_ctrl_hs|  Run_Pipeline_SUM_UP|  return value|
|grp_fu_2597_p_opcode     |  out|     2|  ap_ctrl_hs|  Run_Pipeline_SUM_UP|  return value|
|grp_fu_2597_p_dout0      |   in|    32|  ap_ctrl_hs|  Run_Pipeline_SUM_UP|  return value|
|grp_fu_2597_p_ce         |  out|     1|  ap_ctrl_hs|  Run_Pipeline_SUM_UP|  return value|
|grp_fu_2601_p_din0       |  out|    32|  ap_ctrl_hs|  Run_Pipeline_SUM_UP|  return value|
|grp_fu_2601_p_din1       |  out|    32|  ap_ctrl_hs|  Run_Pipeline_SUM_UP|  return value|
|grp_fu_2601_p_opcode     |  out|     2|  ap_ctrl_hs|  Run_Pipeline_SUM_UP|  return value|
|grp_fu_2601_p_dout0      |   in|    32|  ap_ctrl_hs|  Run_Pipeline_SUM_UP|  return value|
|grp_fu_2601_p_ce         |  out|     1|  ap_ctrl_hs|  Run_Pipeline_SUM_UP|  return value|
|grp_fu_2605_p_din0       |  out|    32|  ap_ctrl_hs|  Run_Pipeline_SUM_UP|  return value|
|grp_fu_2605_p_din1       |  out|    32|  ap_ctrl_hs|  Run_Pipeline_SUM_UP|  return value|
|grp_fu_2605_p_opcode     |  out|     2|  ap_ctrl_hs|  Run_Pipeline_SUM_UP|  return value|
|grp_fu_2605_p_dout0      |   in|    32|  ap_ctrl_hs|  Run_Pipeline_SUM_UP|  return value|
|grp_fu_2605_p_ce         |  out|     1|  ap_ctrl_hs|  Run_Pipeline_SUM_UP|  return value|
|trotters_local_address0  |  out|     9|   ap_memory|       trotters_local|         array|
|trotters_local_ce0       |  out|     1|   ap_memory|       trotters_local|         array|
|trotters_local_q0        |   in|    64|   ap_memory|       trotters_local|         array|
|trotters_local_address1  |  out|     9|   ap_memory|       trotters_local|         array|
|trotters_local_ce1       |  out|     1|   ap_memory|       trotters_local|         array|
|trotters_local_q1        |   in|    64|   ap_memory|       trotters_local|         array|
|jcoup_local_0_address0   |  out|     8|   ap_memory|        jcoup_local_0|         array|
|jcoup_local_0_ce0        |  out|     1|   ap_memory|        jcoup_local_0|         array|
|jcoup_local_0_q0         |   in|  2048|   ap_memory|        jcoup_local_0|         array|
|jcoup_local_1_address0   |  out|     8|   ap_memory|        jcoup_local_1|         array|
|jcoup_local_1_ce0        |  out|     1|   ap_memory|        jcoup_local_1|         array|
|jcoup_local_1_q0         |   in|  2048|   ap_memory|        jcoup_local_1|         array|
|dh_tmp_address0          |  out|     8|   ap_memory|               dh_tmp|         array|
|dh_tmp_ce0               |  out|     1|   ap_memory|               dh_tmp|         array|
|dh_tmp_we0               |  out|     1|   ap_memory|               dh_tmp|         array|
|dh_tmp_d0                |  out|    32|   ap_memory|               dh_tmp|         array|
+-------------------------+-----+------+------------+---------------------+--------------+

