

================================================================
== Synthesis Summary Report of 'QuantumMonteCarloU50'
================================================================
+ General Information: 
    * Date:           Tue Nov  2 07:50:11 2021
    * Version:        2021.1 (Build 3247384 on Thu Jun 10 19:36:33 MDT 2021)
    * Project:        SQA-Vitis
    * Solution:       solution1 (Vitis Kernel Flow Target)
    * Product family: virtexuplus
    * Target device:  xcvu35p-fsvh2892-2-e
    

+ Performance & Resource Estimates: 
    
    PS: '+' for module; 'o' for loop; '*' for dataflow
    +------------------------------------------------------------------------------+--------+-------+---------+-----------+----------+---------+------+----------+-----------+------------+---------------+--------------+-----+
    |                                    Modules                                   |  Issue |       | Latency |  Latency  | Iteration|         | Trip |          |           |            |               |              |     |
    |                                    & Loops                                   |  Type  | Slack | (cycles)|    (ns)   |  Latency | Interval| Count| Pipelined|   BRAM    |     DSP    |       FF      |      LUT     | URAM|
    +------------------------------------------------------------------------------+--------+-------+---------+-----------+----------+---------+------+----------+-----------+------------+---------------+--------------+-----+
    |+ QuantumMonteCarloU50                                                        |  Timing|  -0.45|  3766254|  1.255e+07|         -|  3766255|     -|        no|  726 (27%)|  4259 (71%)|  1127073 (64%)|  730753 (83%)|    -|
    | + grp_QuantumMonteCarloU50_Pipeline_READ_TROTTERS_READ_TROTTERS_1_fu_3121    |       -|   0.00|     4099|  1.366e+04|         -|     4099|     -|        no|          -|           -|     1014 (~0%)|     584 (~0%)|    -|
    |  o READ_TROTTERS_READ_TROTTERS_1                                             |       -|   2.43|     4097|  1.366e+04|         3|        1|  4096|       yes|          -|           -|              -|             -|    -|
    | + grp_QuantumMonteCarloU50_Pipeline_PREFETCH_JCOUP_fu_3160                   |       -|   0.00|      266|    886.578|         -|      266|     -|        no|          -|           -|     55638 (3%)|    4935 (~0%)|    -|
    |  o PREFETCH_JCOUP                                                            |      II|   2.43|      264|    879.912|        76|        3|    64|       yes|          -|           -|              -|             -|    -|
    | + grp_QuantumMonteCarloU50_Pipeline_SHIFT_JCOUP_fu_3304                      |       -|   0.03|       66|    219.978|         -|       66|     -|        no|          -|           -|      389 (~0%)|      63 (~0%)|    -|
    |  o SHIFT_JCOUP                                                               |       -|   2.43|       64|    213.312|         2|        1|    64|       yes|          -|           -|              -|             -|    -|
    | + grp_QuantumMonteCarloU50_Pipeline_READ_JCOUP_fu_3500                       |       -|   0.00|      266|    886.578|         -|      266|     -|        no|          -|           -|     55638 (3%)|    5049 (~0%)|    -|
    |  o READ_JCOUP                                                                |      II|   2.43|      264|    879.912|        76|        3|    64|       yes|          -|           -|              -|             -|    -|
    | + grp_Run_fu_3645                                                            |  Timing|  -0.45|      260|    866.580|         -|      260|     -|        no|          -|    128 (2%)|     30208 (1%)|    20668 (2%)|    -|
    |  + grp_Run_Pipeline_SUM_UP_fu_661                                            |       -|   0.09|      184|    613.272|         -|      184|     -|        no|          -|    118 (1%)|     27132 (1%)|    18240 (2%)|    -|
    |   o SUM_UP                                                                   |      II|   2.43|      182|    606.606|        57|        2|    64|       yes|          -|           -|              -|             -|    -|
    | + grp_Run_fu_3652                                                            |  Timing|  -0.45|      260|    866.580|         -|      260|     -|        no|          -|    128 (2%)|     30208 (1%)|    20668 (2%)|    -|
    |  + grp_Run_Pipeline_SUM_UP_fu_661                                            |       -|   0.09|      184|    613.272|         -|      184|     -|        no|          -|    118 (1%)|     27132 (1%)|    18240 (2%)|    -|
    |   o SUM_UP                                                                   |      II|   2.43|      182|    606.606|        57|        2|    64|       yes|          -|           -|              -|             -|    -|
    | + grp_Run_fu_3659                                                            |  Timing|  -0.45|      260|    866.580|         -|      260|     -|        no|          -|    128 (2%)|     30208 (1%)|    20668 (2%)|    -|
    |  + grp_Run_Pipeline_SUM_UP_fu_661                                            |       -|   0.09|      184|    613.272|         -|      184|     -|        no|          -|    118 (1%)|     27132 (1%)|    18240 (2%)|    -|
    |   o SUM_UP                                                                   |      II|   2.43|      182|    606.606|        57|        2|    64|       yes|          -|           -|              -|             -|    -|
    | + grp_Run_fu_3666                                                            |  Timing|  -0.45|      260|    866.580|         -|      260|     -|        no|          -|    128 (2%)|     30208 (1%)|    20668 (2%)|    -|
    |  + grp_Run_Pipeline_SUM_UP_fu_661                                            |       -|   0.09|      184|    613.272|         -|      184|     -|        no|          -|    118 (1%)|     27132 (1%)|    18240 (2%)|    -|
    |   o SUM_UP                                                                   |      II|   2.43|      182|    606.606|        57|        2|    64|       yes|          -|           -|              -|             -|    -|
    | + grp_Run_fu_3673                                                            |  Timing|  -0.45|      260|    866.580|         -|      260|     -|        no|          -|    128 (2%)|     30208 (1%)|    20668 (2%)|    -|
    |  + grp_Run_Pipeline_SUM_UP_fu_661                                            |       -|   0.09|      184|    613.272|         -|      184|     -|        no|          -|    118 (1%)|     27132 (1%)|    18240 (2%)|    -|
    |   o SUM_UP                                                                   |      II|   2.43|      182|    606.606|        57|        2|    64|       yes|          -|           -|              -|             -|    -|
    | + grp_Run_fu_3680                                                            |  Timing|  -0.45|      260|    866.580|         -|      260|     -|        no|          -|    128 (2%)|     30208 (1%)|    20668 (2%)|    -|
    |  + grp_Run_Pipeline_SUM_UP_fu_661                                            |       -|   0.09|      184|    613.272|         -|      184|     -|        no|          -|    118 (1%)|     27132 (1%)|    18240 (2%)|    -|
    |   o SUM_UP                                                                   |      II|   2.43|      182|    606.606|        57|        2|    64|       yes|          -|           -|              -|             -|    -|
    | + grp_Run_fu_3687                                                            |  Timing|  -0.45|      260|    866.580|         -|      260|     -|        no|          -|    128 (2%)|     30208 (1%)|    20668 (2%)|    -|
    |  + grp_Run_Pipeline_SUM_UP_fu_661                                            |       -|   0.09|      184|    613.272|         -|      184|     -|        no|          -|    118 (1%)|     27132 (1%)|    18240 (2%)|    -|
    |   o SUM_UP                                                                   |      II|   2.43|      182|    606.606|        57|        2|    64|       yes|          -|           -|              -|             -|    -|
    | + grp_Run_fu_3694                                                            |  Timing|  -0.45|      260|    866.580|         -|      260|     -|        no|          -|    128 (2%)|     30208 (1%)|    20668 (2%)|    -|
    |  + grp_Run_Pipeline_SUM_UP_fu_661                                            |       -|   0.09|      184|    613.272|         -|      184|     -|        no|          -|    118 (1%)|     27132 (1%)|    18240 (2%)|    -|
    |   o SUM_UP                                                                   |      II|   2.43|      182|    606.606|        57|        2|    64|       yes|          -|           -|              -|             -|    -|
    | + grp_Run_fu_3701                                                            |  Timing|  -0.45|      260|    866.580|         -|      260|     -|        no|          -|    128 (2%)|     30208 (1%)|    20668 (2%)|    -|
    |  + grp_Run_Pipeline_SUM_UP_fu_661                                            |       -|   0.09|      184|    613.272|         -|      184|     -|        no|          -|    118 (1%)|     27132 (1%)|    18240 (2%)|    -|
    |   o SUM_UP                                                                   |      II|   2.43|      182|    606.606|        57|        2|    64|       yes|          -|           -|              -|             -|    -|
    | + grp_Run_fu_3708                                                            |  Timing|  -0.45|      260|    866.580|         -|      260|     -|        no|          -|    128 (2%)|     30208 (1%)|    20668 (2%)|    -|
    |  + grp_Run_Pipeline_SUM_UP_fu_661                                            |       -|   0.09|      184|    613.272|         -|      184|     -|        no|          -|    118 (1%)|     27132 (1%)|    18240 (2%)|    -|
    |   o SUM_UP                                                                   |      II|   2.43|      182|    606.606|        57|        2|    64|       yes|          -|           -|              -|             -|    -|
    | + grp_Run_fu_3715                                                            |  Timing|  -0.45|      260|    866.580|         -|      260|     -|        no|          -|    128 (2%)|     30208 (1%)|    20668 (2%)|    -|
    |  + grp_Run_Pipeline_SUM_UP_fu_661                                            |       -|   0.09|      184|    613.272|         -|      184|     -|        no|          -|    118 (1%)|     27132 (1%)|    18240 (2%)|    -|
    |   o SUM_UP                                                                   |      II|   2.43|      182|    606.606|        57|        2|    64|       yes|          -|           -|              -|             -|    -|
    | + grp_Run_fu_3722                                                            |  Timing|  -0.45|      260|    866.580|         -|      260|     -|        no|          -|    128 (2%)|     30208 (1%)|    20668 (2%)|    -|
    |  + grp_Run_Pipeline_SUM_UP_fu_661                                            |       -|   0.09|      184|    613.272|         -|      184|     -|        no|          -|    118 (1%)|     27132 (1%)|    18240 (2%)|    -|
    |   o SUM_UP                                                                   |      II|   2.43|      182|    606.606|        57|        2|    64|       yes|          -|           -|              -|             -|    -|
    | + grp_Run_fu_3729                                                            |  Timing|  -0.45|      260|    866.580|         -|      260|     -|        no|          -|    128 (2%)|     30208 (1%)|    20668 (2%)|    -|
    |  + grp_Run_Pipeline_SUM_UP_fu_661                                            |       -|   0.09|      184|    613.272|         -|      184|     -|        no|          -|    118 (1%)|     27132 (1%)|    18240 (2%)|    -|
    |   o SUM_UP                                                                   |      II|   2.43|      182|    606.606|        57|        2|    64|       yes|          -|           -|              -|             -|    -|
    | + grp_Run_fu_3736                                                            |  Timing|  -0.45|      260|    866.580|         -|      260|     -|        no|          -|    128 (2%)|     30208 (1%)|    20668 (2%)|    -|
    |  + grp_Run_Pipeline_SUM_UP_fu_661                                            |       -|   0.09|      184|    613.272|         -|      184|     -|        no|          -|    118 (1%)|     27132 (1%)|    18240 (2%)|    -|
    |   o SUM_UP                                                                   |      II|   2.43|      182|    606.606|        57|        2|    64|       yes|          -|           -|              -|             -|    -|
    | + grp_Run_fu_3743                                                            |  Timing|  -0.45|      260|    866.580|         -|      260|     -|        no|          -|    128 (2%)|     30208 (1%)|    20668 (2%)|    -|
    |  + grp_Run_Pipeline_SUM_UP_fu_661                                            |       -|   0.09|      184|    613.272|         -|      184|     -|        no|          -|    118 (1%)|     27132 (1%)|    18240 (2%)|    -|
    |   o SUM_UP                                                                   |      II|   2.43|      182|    606.606|        57|        2|    64|       yes|          -|           -|              -|             -|    -|
    | + grp_Run_fu_3750                                                            |  Timing|  -0.45|      260|    866.580|         -|      260|     -|        no|          -|    128 (2%)|     30208 (1%)|    20668 (2%)|    -|
    |  + grp_Run_Pipeline_SUM_UP_fu_661                                            |       -|   0.09|      184|    613.272|         -|      184|     -|        no|          -|    118 (1%)|     27132 (1%)|    18240 (2%)|    -|
    |   o SUM_UP                                                                   |      II|   2.43|      182|    606.606|        57|        2|    64|       yes|          -|           -|              -|             -|    -|
    | + grp_Run_fu_3757                                                            |  Timing|  -0.45|      260|    866.580|         -|      260|     -|        no|          -|    128 (2%)|     30208 (1%)|    20668 (2%)|    -|
    |  + grp_Run_Pipeline_SUM_UP_fu_661                                            |       -|   0.09|      184|    613.272|         -|      184|     -|        no|          -|    118 (1%)|     27132 (1%)|    18240 (2%)|    -|
    |   o SUM_UP                                                                   |      II|   2.43|      182|    606.606|        57|        2|    64|       yes|          -|           -|              -|             -|    -|
    | + grp_Run_fu_3764                                                            |  Timing|  -0.45|      260|    866.580|         -|      260|     -|        no|          -|    128 (2%)|     30208 (1%)|    20668 (2%)|    -|
    |  + grp_Run_Pipeline_SUM_UP_fu_661                                            |       -|   0.09|      184|    613.272|         -|      184|     -|        no|          -|    118 (1%)|     27132 (1%)|    18240 (2%)|    -|
    |   o SUM_UP                                                                   |      II|   2.43|      182|    606.606|        57|        2|    64|       yes|          -|           -|              -|             -|    -|
    | + grp_Run_fu_3771                                                            |  Timing|  -0.45|      260|    866.580|         -|      260|     -|        no|          -|    128 (2%)|     30208 (1%)|    20668 (2%)|    -|
    |  + grp_Run_Pipeline_SUM_UP_fu_661                                            |       -|   0.09|      184|    613.272|         -|      184|     -|        no|          -|    118 (1%)|     27132 (1%)|    18240 (2%)|    -|
    |   o SUM_UP                                                                   |      II|   2.43|      182|    606.606|        57|        2|    64|       yes|          -|           -|              -|             -|    -|
    | + grp_Run_fu_3778                                                            |  Timing|  -0.45|      260|    866.580|         -|      260|     -|        no|          -|    128 (2%)|     30208 (1%)|    20668 (2%)|    -|
    |  + grp_Run_Pipeline_SUM_UP_fu_661                                            |       -|   0.09|      184|    613.272|         -|      184|     -|        no|          -|    118 (1%)|     27132 (1%)|    18240 (2%)|    -|
    |   o SUM_UP                                                                   |      II|   2.43|      182|    606.606|        57|        2|    64|       yes|          -|           -|              -|             -|    -|
    | + grp_Run_fu_3785                                                            |  Timing|  -0.45|      260|    866.580|         -|      260|     -|        no|          -|    128 (2%)|     30208 (1%)|    20668 (2%)|    -|
    |  + grp_Run_Pipeline_SUM_UP_fu_661                                            |       -|   0.09|      184|    613.272|         -|      184|     -|        no|          -|    118 (1%)|     27132 (1%)|    18240 (2%)|    -|
    |   o SUM_UP                                                                   |      II|   2.43|      182|    606.606|        57|        2|    64|       yes|          -|           -|              -|             -|    -|
    | + grp_Run_fu_3792                                                            |  Timing|  -0.45|      260|    866.580|         -|      260|     -|        no|          -|    128 (2%)|     30208 (1%)|    20668 (2%)|    -|
    |  + grp_Run_Pipeline_SUM_UP_fu_661                                            |       -|   0.09|      184|    613.272|         -|      184|     -|        no|          -|    118 (1%)|     27132 (1%)|    18240 (2%)|    -|
    |   o SUM_UP                                                                   |      II|   2.43|      182|    606.606|        57|        2|    64|       yes|          -|           -|              -|             -|    -|
    | + grp_Run_fu_3799                                                            |  Timing|  -0.45|      260|    866.580|         -|      260|     -|        no|          -|    128 (2%)|     30208 (1%)|    20668 (2%)|    -|
    |  + grp_Run_Pipeline_SUM_UP_fu_661                                            |       -|   0.09|      184|    613.272|         -|      184|     -|        no|          -|    118 (1%)|     27132 (1%)|    18240 (2%)|    -|
    |   o SUM_UP                                                                   |      II|   2.43|      182|    606.606|        57|        2|    64|       yes|          -|           -|              -|             -|    -|
    | + grp_Run_fu_3806                                                            |  Timing|  -0.45|      260|    866.580|         -|      260|     -|        no|          -|    128 (2%)|     30208 (1%)|    20668 (2%)|    -|
    |  + grp_Run_Pipeline_SUM_UP_fu_661                                            |       -|   0.09|      184|    613.272|         -|      184|     -|        no|          -|    118 (1%)|     27132 (1%)|    18240 (2%)|    -|
    |   o SUM_UP                                                                   |      II|   2.43|      182|    606.606|        57|        2|    64|       yes|          -|           -|              -|             -|    -|
    | + grp_Run_fu_3813                                                            |  Timing|  -0.45|      260|    866.580|         -|      260|     -|        no|          -|    128 (2%)|     30208 (1%)|    20668 (2%)|    -|
    |  + grp_Run_Pipeline_SUM_UP_fu_661                                            |       -|   0.09|      184|    613.272|         -|      184|     -|        no|          -|    118 (1%)|     27132 (1%)|    18240 (2%)|    -|
    |   o SUM_UP                                                                   |      II|   2.43|      182|    606.606|        57|        2|    64|       yes|          -|           -|              -|             -|    -|
    | + grp_Run_fu_3820                                                            |  Timing|  -0.45|      260|    866.580|         -|      260|     -|        no|          -|    128 (2%)|     30208 (1%)|    20668 (2%)|    -|
    |  + grp_Run_Pipeline_SUM_UP_fu_661                                            |       -|   0.09|      184|    613.272|         -|      184|     -|        no|          -|    118 (1%)|     27132 (1%)|    18240 (2%)|    -|
    |   o SUM_UP                                                                   |      II|   2.43|      182|    606.606|        57|        2|    64|       yes|          -|           -|              -|             -|    -|
    | + grp_Run_fu_3827                                                            |  Timing|  -0.45|      260|    866.580|         -|      260|     -|        no|          -|    128 (2%)|     30208 (1%)|    20668 (2%)|    -|
    |  + grp_Run_Pipeline_SUM_UP_fu_661                                            |       -|   0.09|      184|    613.272|         -|      184|     -|        no|          -|    118 (1%)|     27132 (1%)|    18240 (2%)|    -|
    |   o SUM_UP                                                                   |      II|   2.43|      182|    606.606|        57|        2|    64|       yes|          -|           -|              -|             -|    -|
    | + grp_Run_fu_3834                                                            |  Timing|  -0.45|      260|    866.580|         -|      260|     -|        no|          -|    128 (2%)|     30208 (1%)|    20668 (2%)|    -|
    |  + grp_Run_Pipeline_SUM_UP_fu_661                                            |       -|   0.09|      184|    613.272|         -|      184|     -|        no|          -|    118 (1%)|     27132 (1%)|    18240 (2%)|    -|
    |   o SUM_UP                                                                   |      II|   2.43|      182|    606.606|        57|        2|    64|       yes|          -|           -|              -|             -|    -|
    | + grp_Run_fu_3841                                                            |  Timing|  -0.45|      260|    866.580|         -|      260|     -|        no|          -|    128 (2%)|     30208 (1%)|    20668 (2%)|    -|
    |  + grp_Run_Pipeline_SUM_UP_fu_661                                            |       -|   0.09|      184|    613.272|         -|      184|     -|        no|          -|    118 (1%)|     27132 (1%)|    18240 (2%)|    -|
    |   o SUM_UP                                                                   |      II|   2.43|      182|    606.606|        57|        2|    64|       yes|          -|           -|              -|             -|    -|
    | + grp_Run_fu_3848                                                            |  Timing|  -0.45|      260|    866.580|         -|      260|     -|        no|          -|    128 (2%)|     30208 (1%)|    20668 (2%)|    -|
    |  + grp_Run_Pipeline_SUM_UP_fu_661                                            |       -|   0.09|      184|    613.272|         -|      184|     -|        no|          -|    118 (1%)|     27132 (1%)|    18240 (2%)|    -|
    |   o SUM_UP                                                                   |      II|   2.43|      182|    606.606|        57|        2|    64|       yes|          -|           -|              -|             -|    -|
    | + grp_Run_fu_3855                                                            |  Timing|  -0.45|      260|    866.580|         -|      260|     -|        no|          -|    128 (2%)|     30208 (1%)|    20668 (2%)|    -|
    |  + grp_Run_Pipeline_SUM_UP_fu_661                                            |       -|   0.09|      184|    613.272|         -|      184|     -|        no|          -|    118 (1%)|     27132 (1%)|    18240 (2%)|    -|
    |   o SUM_UP                                                                   |      II|   2.43|      182|    606.606|        57|        2|    64|       yes|          -|           -|              -|             -|    -|
    | + grp_Run_fu_3862                                                            |  Timing|  -0.45|      260|    866.580|         -|      260|     -|        no|          -|    128 (2%)|     30208 (1%)|    20668 (2%)|    -|
    |  + grp_Run_Pipeline_SUM_UP_fu_661                                            |       -|   0.09|      184|    613.272|         -|      184|     -|        no|          -|    118 (1%)|     27132 (1%)|    18240 (2%)|    -|
    |   o SUM_UP                                                                   |      II|   2.43|      182|    606.606|        57|        2|    64|       yes|          -|           -|              -|             -|    -|
    | + grp_RunFinal_fu_3869                                                       |       -|   0.09|       22|     73.326|         -|       22|     -|        no|          -|     5 (~0%)|      792 (~0%)|     656 (~0%)|    -|
    | + grp_RunFinal_fu_3887                                                       |       -|   0.09|       22|     73.326|         -|       22|     -|        no|          -|     5 (~0%)|      792 (~0%)|     656 (~0%)|    -|
    | + grp_RunFinal_fu_3905                                                       |       -|   0.09|       22|     73.326|         -|       22|     -|        no|          -|     5 (~0%)|      792 (~0%)|     656 (~0%)|    -|
    | + grp_RunFinal_fu_3923                                                       |       -|   0.09|       22|     73.326|         -|       22|     -|        no|          -|     5 (~0%)|      792 (~0%)|     656 (~0%)|    -|
    | + grp_RunFinal_fu_3941                                                       |       -|   0.09|       22|     73.326|         -|       22|     -|        no|          -|     5 (~0%)|      792 (~0%)|     656 (~0%)|    -|
    | + grp_RunFinal_fu_3959                                                       |       -|   0.09|       22|     73.326|         -|       22|     -|        no|          -|     5 (~0%)|      792 (~0%)|     656 (~0%)|    -|
    | + grp_RunFinal_fu_3977                                                       |       -|   0.09|       22|     73.326|         -|       22|     -|        no|          -|     5 (~0%)|      792 (~0%)|     656 (~0%)|    -|
    | + grp_RunFinal_fu_3995                                                       |       -|   0.09|       22|     73.326|         -|       22|     -|        no|          -|     5 (~0%)|      792 (~0%)|     656 (~0%)|    -|
    | + grp_RunFinal_fu_4013                                                       |       -|   0.09|       22|     73.326|         -|       22|     -|        no|          -|     5 (~0%)|      792 (~0%)|     656 (~0%)|    -|
    | + grp_RunFinal_fu_4031                                                       |       -|   0.09|       22|     73.326|         -|       22|     -|        no|          -|     5 (~0%)|      792 (~0%)|     656 (~0%)|    -|
    | + grp_RunFinal_fu_4049                                                       |       -|   0.09|       22|     73.326|         -|       22|     -|        no|          -|     5 (~0%)|      792 (~0%)|     656 (~0%)|    -|
    | + grp_RunFinal_fu_4067                                                       |       -|   0.09|       22|     73.326|         -|       22|     -|        no|          -|     5 (~0%)|      792 (~0%)|     656 (~0%)|    -|
    | + grp_RunFinal_fu_4085                                                       |       -|   0.09|       22|     73.326|         -|       22|     -|        no|          -|     5 (~0%)|      792 (~0%)|     656 (~0%)|    -|
    | + grp_RunFinal_fu_4103                                                       |       -|   0.09|       22|     73.326|         -|       22|     -|        no|          -|     5 (~0%)|      792 (~0%)|     656 (~0%)|    -|
    | + grp_RunFinal_fu_4121                                                       |       -|   0.09|       22|     73.326|         -|       22|     -|        no|          -|     5 (~0%)|      792 (~0%)|     656 (~0%)|    -|
    | + grp_RunFinal_fu_4139                                                       |       -|   0.09|       22|     73.326|         -|       22|     -|        no|          -|     5 (~0%)|      792 (~0%)|     656 (~0%)|    -|
    | + grp_RunFinal_fu_4157                                                       |       -|   0.09|       22|     73.326|         -|       22|     -|        no|          -|     5 (~0%)|      792 (~0%)|     656 (~0%)|    -|
    | + grp_RunFinal_fu_4175                                                       |       -|   0.09|       22|     73.326|         -|       22|     -|        no|          -|     5 (~0%)|      792 (~0%)|     656 (~0%)|    -|
    | + grp_RunFinal_fu_4193                                                       |       -|   0.09|       22|     73.326|         -|       22|     -|        no|          -|     5 (~0%)|      792 (~0%)|     656 (~0%)|    -|
    | + grp_RunFinal_fu_4211                                                       |       -|   0.09|       22|     73.326|         -|       22|     -|        no|          -|     5 (~0%)|      792 (~0%)|     656 (~0%)|    -|
    | + grp_RunFinal_fu_4229                                                       |       -|   0.09|       22|     73.326|         -|       22|     -|        no|          -|     5 (~0%)|      792 (~0%)|     656 (~0%)|    -|
    | + grp_RunFinal_fu_4247                                                       |       -|   0.09|       22|     73.326|         -|       22|     -|        no|          -|     5 (~0%)|      792 (~0%)|     656 (~0%)|    -|
    | + grp_RunFinal_fu_4265                                                       |       -|   0.09|       22|     73.326|         -|       22|     -|        no|          -|     5 (~0%)|      792 (~0%)|     656 (~0%)|    -|
    | + grp_RunFinal_fu_4283                                                       |       -|   0.09|       22|     73.326|         -|       22|     -|        no|          -|     5 (~0%)|      792 (~0%)|     656 (~0%)|    -|
    | + grp_RunFinal_fu_4301                                                       |       -|   0.09|       22|     73.326|         -|       22|     -|        no|          -|     5 (~0%)|      792 (~0%)|     656 (~0%)|    -|
    | + grp_RunFinal_fu_4319                                                       |       -|   0.09|       22|     73.326|         -|       22|     -|        no|          -|     5 (~0%)|      792 (~0%)|     656 (~0%)|    -|
    | + grp_RunFinal_fu_4337                                                       |       -|   0.09|       22|     73.326|         -|       22|     -|        no|          -|     5 (~0%)|      792 (~0%)|     656 (~0%)|    -|
    | + grp_RunFinal_fu_4355                                                       |       -|   0.09|       22|     73.326|         -|       22|     -|        no|          -|     5 (~0%)|      792 (~0%)|     656 (~0%)|    -|
    | + grp_RunFinal_fu_4373                                                       |       -|   0.09|       22|     73.326|         -|       22|     -|        no|          -|     5 (~0%)|      792 (~0%)|     656 (~0%)|    -|
    | + grp_RunFinal_fu_4391                                                       |       -|   0.09|       22|     73.326|         -|       22|     -|        no|          -|     5 (~0%)|      792 (~0%)|     656 (~0%)|    -|
    | + grp_RunFinal_fu_4409                                                       |       -|   0.09|       22|     73.326|         -|       22|     -|        no|          -|     5 (~0%)|      792 (~0%)|     656 (~0%)|    -|
    | + grp_RunFinal_fu_4427                                                       |       -|   0.09|       22|     73.326|         -|       22|     -|        no|          -|     5 (~0%)|      792 (~0%)|     656 (~0%)|    -|
    | + grp_QuantumMonteCarloU50_Pipeline_WRITE_TROTTERS_WRITE_TROTTERS_1_fu_4445  |       -|   0.00|     4100|  1.367e+04|         -|     4100|     -|        no|          -|           -|     1127 (~0%)|    1136 (~0%)|    -|
    |  o WRITE_TROTTERS_WRITE_TROTTERS_1                                           |       -|   2.43|     4098|  1.366e+04|         4|        1|  4096|       yes|          -|           -|              -|             -|    -|
    | o LOOP_STAGE                                                                 |       -|   2.43|  3757911|  1.253e+07|       457|        -|  8223|        no|          -|           -|              -|             -|    -|
    +------------------------------------------------------------------------------+--------+-------+---------+-----------+----------+---------+------+----------+-----------+------------+---------------+--------------+-----+


================================================================
== HW Interfaces
================================================================
* M_AXI
+-------------+--------------+---------------+---------+--------+----------+-----------+--------------+--------------+-------------+-------------+
| Interface   | Data Width   | Address Width | Latency | Offset | Register | Max Widen | Max Read     | Max Write    | Num Read    | Num Write   |
|             | (SW->HW)     |               |         |        |          | Bitwidth  | Burst Length | Burst Length | Outstanding | Outstanding |
+-------------+--------------+---------------+---------+--------+----------+-----------+--------------+--------------+-------------+-------------+
| m_axi_gmem0 | 64 -> 512    | 64            | 64      | slave  | 0        | 512       | 16           | 16           | 16          | 16          |
| m_axi_gmem1 | 2048 -> 1024 | 64            | 64      | slave  | 0        | 512       | 16           | 16           | 16          | 16          |
| m_axi_gmem2 | 2048 -> 1024 | 64            | 64      | slave  | 0        | 512       | 16           | 16           | 16          | 16          |
| m_axi_gmem3 | 32 -> 32     | 64            | 64      | slave  | 0        | 512       | 16           | 16           | 16          | 16          |
| m_axi_gmem4 | 32 -> 32     | 64            | 64      | slave  | 0        | 512       | 16           | 16           | 16          | 16          |
+-------------+--------------+---------------+---------+--------+----------+-----------+--------------+--------------+-------------+-------------+

* S_AXILITE
+---------------+------------+---------------+--------+----------+
| Interface     | Data Width | Address Width | Offset | Register |
+---------------+------------+---------------+--------+----------+
| s_axi_control | 32         | 7             | 16     | 0        |
+---------------+------------+---------------+--------+----------+

* TOP LEVEL CONTROL
+-----------+---------------+-----------+
| Interface | Type          | Ports     |
+-----------+---------------+-----------+
| ap_clk    | clock         | ap_clk    |
| ap_rst_n  | reset         | ap_rst_n  |
| interrupt | interrupt     | interrupt |
| ap_ctrl   | ap_ctrl_chain |           |
+-----------+---------------+-----------+


================================================================
== SW I/O Information
================================================================
* Top Function Arguments
+----------+-----------+---------------+
| Argument | Direction | Datatype      |
+----------+-----------+---------------+
| trotters | inout     | ap_uint<64>*  |
| jcoup_0  | in        |  const *      |
| jcoup_1  | in        |  const *      |
| h        | in        | float const * |
| jperp    | in        | float const   |
| beta     | in        | float const   |
| log_rand | in        | float const * |
+----------+-----------+---------------+

* SW-to-HW Mapping
+----------+--------------------------+-----------+----------+-----------------------+
| Argument | HW Name                  | HW Type   | HW Usage | HW Info               |
+----------+--------------------------+-----------+----------+-----------------------+
| trotters | m_axi_gmem0              | interface |          |                       |
| trotters | s_axi_control trotters_1 | register  | offset   | offset=0x10, range=32 |
| trotters | s_axi_control trotters_2 | register  | offset   | offset=0x14, range=32 |
| jcoup_0  | m_axi_gmem1              | interface |          |                       |
| jcoup_0  | s_axi_control jcoup_0_1  | register  | offset   | offset=0x1c, range=32 |
| jcoup_0  | s_axi_control jcoup_0_2  | register  | offset   | offset=0x20, range=32 |
| jcoup_1  | m_axi_gmem2              | interface |          |                       |
| jcoup_1  | s_axi_control jcoup_1_1  | register  | offset   | offset=0x28, range=32 |
| jcoup_1  | s_axi_control jcoup_1_2  | register  | offset   | offset=0x2c, range=32 |
| h        | m_axi_gmem3              | interface |          |                       |
| h        | s_axi_control h_1        | register  | offset   | offset=0x34, range=32 |
| h        | s_axi_control h_2        | register  | offset   | offset=0x38, range=32 |
| jperp    | s_axi_control jperp      | register  |          | offset=0x40, range=32 |
| beta     | s_axi_control beta       | register  |          | offset=0x48, range=32 |
| log_rand | m_axi_gmem4              | interface |          |                       |
| log_rand | s_axi_control log_rand_1 | register  | offset   | offset=0x50, range=32 |
| log_rand | s_axi_control log_rand_2 | register  | offset   | offset=0x54, range=32 |
+----------+--------------------------+-----------+----------+-----------------------+


================================================================
== M_AXI Burst Information
================================================================
* Burst Summary
+--------------+---------------------------------------------------------------------------------------------------------------------------------------------------------------------------------------------------------------------------------+-----------------------------------------------------------------+
| HW Interface | Message                                                                                                                                                                                                                         | Location                                                        |
+--------------+---------------------------------------------------------------------------------------------------------------------------------------------------------------------------------------------------------------------------------+-----------------------------------------------------------------+
| m_axi_gmem0  | Multiple burst reads of length 512 and bit width 512. These bursts requests might be further partitioned into multiple requests during RTL generation, based on max_read_burst_length or max_write_burst_length settings.       | Simulated-Quantum-Annealing/vitis/src/kernel/qmc_u50.cpp:258:5  |
| m_axi_gmem1  | Multiple burst reads of variable length and bit width 1024. These bursts requests might be further partitioned into multiple requests during RTL generation, based on max_read_burst_length or max_write_burst_length settings. | Simulated-Quantum-Annealing/vitis/src/kernel/qmc_u50.cpp:269:26 |
| m_axi_gmem2  | Multiple burst reads of variable length and bit width 1024. These bursts requests might be further partitioned into multiple requests during RTL generation, based on max_read_burst_length or max_write_burst_length settings. | Simulated-Quantum-Annealing/vitis/src/kernel/qmc_u50.cpp:270:33 |
| m_axi_gmem1  | Multiple burst reads of variable length and bit width 1024. These bursts requests might be further partitioned into multiple requests during RTL generation, based on max_read_burst_length or max_write_burst_length settings. | Simulated-Quantum-Annealing/vitis/src/kernel/qmc_u50.cpp:334:26 |
| m_axi_gmem2  | Multiple burst reads of variable length and bit width 1024. These bursts requests might be further partitioned into multiple requests during RTL generation, based on max_read_burst_length or max_write_burst_length settings. | Simulated-Quantum-Annealing/vitis/src/kernel/qmc_u50.cpp:335:37 |
| m_axi_gmem0  | Multiple burst writes of length 512 and bit width 512. These bursts requests might be further partitioned into multiple requests during RTL generation, based on max_read_burst_length or max_write_burst_length settings.      | Simulated-Quantum-Annealing/vitis/src/kernel/qmc_u50.cpp:356:5  |
+--------------+---------------------------------------------------------------------------------------------------------------------------------------------------------------------------------------------------------------------------------+-----------------------------------------------------------------+

* Bursts and Widening Missed
+--------------+----------+--------------------------------------------------------------------------------+------------+-----------------------------------------------------------------+
| HW Interface | Variable | Problem                                                                        | Resolution | Location                                                        |
+--------------+----------+--------------------------------------------------------------------------------+------------+-----------------------------------------------------------------+
| m_axi_gmem1  | jcoup_0  | Alignment is insufficient, current alignment is 64 byte(s) but 256 is required | 214-228    | Simulated-Quantum-Annealing/vitis/src/kernel/qmc_u50.cpp:334:26 |
| m_axi_gmem2  | jcoup_1  | Alignment is insufficient, current alignment is 64 byte(s) but 256 is required | 214-228    | Simulated-Quantum-Annealing/vitis/src/kernel/qmc_u50.cpp:335:37 |
| m_axi_gmem1  | jcoup_0  | Alignment is insufficient, current alignment is 64 byte(s) but 256 is required | 214-228    | Simulated-Quantum-Annealing/vitis/src/kernel/qmc_u50.cpp:269:26 |
| m_axi_gmem2  | jcoup_1  | Alignment is insufficient, current alignment is 64 byte(s) but 256 is required | 214-228    | Simulated-Quantum-Annealing/vitis/src/kernel/qmc_u50.cpp:270:33 |
+--------------+----------+--------------------------------------------------------------------------------+------------+-----------------------------------------------------------------+

    * Resolution URL: www.xilinx.com/cgi-bin/docs/rdoc?v=2021.1;t=hls+guidance;d=XXX-YYY.html (replace XXX-YYY with column value)

