

================================================================
== Vitis HLS Report for 'QuantumMonteCarloU50_Pipeline_READ_TROTTERS_READ_TROTTERS_1'
================================================================
* Date:           Tue Nov  2 07:48:55 2021

* Version:        2021.1 (Build 3247384 on Thu Jun 10 19:36:33 MDT 2021)
* Project:        SQA-Vitis
* Solution:       solution1 (Vitis Kernel Flow Target)
* Product family: virtexuplus
* Target device:  xcvu35p-fsvh2892-2-e


================================================================
== Performance Estimates
================================================================
+ Timing: 
    * Summary: 
    +--------+---------+----------+------------+
    |  Clock |  Target | Estimated| Uncertainty|
    +--------+---------+----------+------------+
    |ap_clk  |  3.33 ns|  2.433 ns|     0.90 ns|
    +--------+---------+----------+------------+

+ Latency: 
    * Summary: 
    +---------+---------+-----------+-----------+------+------+---------+
    |  Latency (cycles) |   Latency (absolute)  |   Interval  | Pipeline|
    |   min   |   max   |    min    |    max    |  min |  max |   Type  |
    +---------+---------+-----------+-----------+------+------+---------+
    |     4099|     4099|  13.662 us|  13.662 us|  4099|  4099|       no|
    +---------+---------+-----------+-----------+------+------+---------+

    + Detail: 
        * Instance: 
        N/A

        * Loop: 
        +---------------------------------+---------+---------+----------+-----------+-----------+------+----------+
        |                                 |  Latency (cycles) | Iteration|  Initiation Interval  | Trip |          |
        |            Loop Name            |   min   |   max   |  Latency |  achieved |   target  | Count| Pipelined|
        +---------------------------------+---------+---------+----------+-----------+-----------+------+----------+
        |- READ_TROTTERS_READ_TROTTERS_1  |     4097|     4097|         3|          1|          1|  4096|       yes|
        +---------------------------------+---------+---------+----------+-----------+-----------+------+----------+



================================================================
== Utilization Estimates
================================================================
* Summary: 
+---------------------+---------+------+---------+--------+-----+
|         Name        | BRAM_18K|  DSP |    FF   |   LUT  | URAM|
+---------------------+---------+------+---------+--------+-----+
|DSP                  |        -|     -|        -|       -|    -|
|Expression           |        -|     -|        0|     489|    -|
|FIFO                 |        -|     -|        -|       -|    -|
|Instance             |        -|     -|        -|       -|    -|
|Memory               |        -|     -|        -|       -|    -|
|Multiplexer          |        -|     -|        -|      95|    -|
|Register             |        -|     -|     1014|       -|    -|
+---------------------+---------+------+---------+--------+-----+
|Total                |        0|     0|     1014|     584|    0|
+---------------------+---------+------+---------+--------+-----+
|Available SLR        |     1344|  2976|   871680|  435840|  320|
+---------------------+---------+------+---------+--------+-----+
|Utilization SLR (%)  |        0|     0|       ~0|      ~0|    0|
+---------------------+---------+------+---------+--------+-----+
|Available            |     2688|  5952|  1743360|  871680|  640|
+---------------------+---------+------+---------+--------+-----+
|Utilization (%)      |        0|     0|       ~0|      ~0|    0|
+---------------------+---------+------+---------+--------+-----+

+ Detail: 
    * Instance: 
    N/A

    * DSP: 
    N/A

    * Memory: 
    N/A

    * FIFO: 
    N/A

    * Expression: 
    +----------------------------------+----------+----+---+-----+------------+------------+
    |           Variable Name          | Operation| DSP| FF| LUT | Bitwidth P0| Bitwidth P1|
    +----------------------------------+----------+----+---+-----+------------+------------+
    |add_ln258_1_fu_745_p2             |         +|   0|  0|   13|           6|           1|
    |add_ln258_fu_677_p2               |         +|   0|  0|   20|          13|           1|
    |add_ln260_fu_710_p2               |         +|   0|  0|   15|           8|           1|
    |ap_block_pp0_stage0_11001         |       and|   0|  0|    2|           1|           1|
    |ap_block_state2_pp0_stage0_iter1  |       and|   0|  0|    2|           1|           1|
    |ap_predicate_op31_read_state2     |       and|   0|  0|    2|           1|           1|
    |icmp_ln258_fu_671_p2              |      icmp|   0|  0|   12|          13|          14|
    |icmp_ln260_fu_686_p2              |      icmp|   0|  0|   11|           8|           9|
    |icmp_ln262_fu_704_p2              |      icmp|   0|  0|    8|           3|           1|
    |select_ln258_1_fu_738_p3          |    select|   0|  0|  388|           1|           1|
    |select_ln258_2_fu_751_p3          |    select|   0|  0|    6|           1|           6|
    |select_ln258_fu_692_p3            |    select|   0|  0|    8|           1|           1|
    |ap_enable_pp0                     |       xor|   0|  0|    2|           1|           2|
    +----------------------------------+----------+----+---+-----+------------+------------+
    |Total                             |          |   0|  0|  489|          58|          40|
    +----------------------------------+----------+----+---+-----+------------+------------+

    * Multiplexer: 
    +--------------------------------------+----+-----------+-----+-----------+
    |                 Name                 | LUT| Input Size| Bits| Total Bits|
    +--------------------------------------+----+-----------+-----+-----------+
    |ap_done_int                           |   9|          2|    1|          2|
    |ap_enable_reg_pp0_iter2               |   9|          2|    1|          2|
    |ap_phi_mux_empty_phi_fu_638_p4        |  14|          3|  512|       1536|
    |ap_sig_allocacmp_indvar_flatten_load  |   9|          2|   13|         26|
    |ap_sig_allocacmp_ofst_1_load          |   9|          2|    8|         16|
    |gmem0_blk_n_R                         |   9|          2|    1|          2|
    |indvar_flatten_fu_204                 |   9|          2|   13|         26|
    |ofst_1_fu_196                         |   9|          2|    8|         16|
    |shiftreg3848_fu_192                   |   9|          2|  448|        896|
    |t_fu_200                              |   9|          2|    6|         12|
    +--------------------------------------+----+-----------+-----+-----------+
    |Total                                 |  95|         21| 1011|       2534|
    +--------------------------------------+----+-----------+-----+-----------+

    * Register: 
    +------------------------------------+-----+----+-----+-----------+
    |                Name                |  FF | LUT| Bits| Const Bits|
    +------------------------------------+-----+----+-----+-----------+
    |ap_CS_fsm                           |    1|   0|    1|          0|
    |ap_done_reg                         |    1|   0|    1|          0|
    |ap_enable_reg_pp0_iter1             |    1|   0|    1|          0|
    |ap_enable_reg_pp0_iter2             |    1|   0|    1|          0|
    |ap_loop_exit_ready_pp0_iter1_reg    |    1|   0|    1|          0|
    |gmem0_addr_read_reg_910             |  512|   0|  512|          0|
    |icmp_ln258_reg_891                  |    1|   0|    1|          0|
    |icmp_ln258_reg_891_pp0_iter1_reg    |    1|   0|    1|          0|
    |icmp_ln260_reg_895                  |    1|   0|    1|          0|
    |icmp_ln260_reg_895_pp0_iter1_reg    |    1|   0|    1|          0|
    |icmp_ln262_reg_906                  |    1|   0|    1|          0|
    |icmp_ln262_reg_906_pp0_iter1_reg    |    1|   0|    1|          0|
    |indvar_flatten_fu_204               |   13|   0|   13|          0|
    |ofst_1_fu_196                       |    8|   0|    8|          0|
    |select_ln258_reg_901                |    8|   0|    8|          0|
    |select_ln258_reg_901_pp0_iter1_reg  |    8|   0|    8|          0|
    |shiftreg3848_fu_192                 |  448|   0|  448|          0|
    |t_fu_200                            |    6|   0|    6|          0|
    +------------------------------------+-----+----+-----+-----------+
    |Total                               | 1014|   0| 1014|          0|
    +------------------------------------+-----+----+-----+-----------+



================================================================
== Interface
================================================================
* Summary: 
+------------------------------+-----+-----+------------+-------------------------------------------------------------+--------------+
|           RTL Ports          | Dir | Bits|  Protocol  |                        Source Object                        |    C Type    |
+------------------------------+-----+-----+------------+-------------------------------------------------------------+--------------+
|ap_clk                        |   in|    1|  ap_ctrl_hs|  QuantumMonteCarloU50_Pipeline_READ_TROTTERS_READ_TROTTERS_1|  return value|
|ap_rst                        |   in|    1|  ap_ctrl_hs|  QuantumMonteCarloU50_Pipeline_READ_TROTTERS_READ_TROTTERS_1|  return value|
|ap_start                      |   in|    1|  ap_ctrl_hs|  QuantumMonteCarloU50_Pipeline_READ_TROTTERS_READ_TROTTERS_1|  return value|
|ap_done                       |  out|    1|  ap_ctrl_hs|  QuantumMonteCarloU50_Pipeline_READ_TROTTERS_READ_TROTTERS_1|  return value|
|ap_idle                       |  out|    1|  ap_ctrl_hs|  QuantumMonteCarloU50_Pipeline_READ_TROTTERS_READ_TROTTERS_1|  return value|
|ap_ready                      |  out|    1|  ap_ctrl_hs|  QuantumMonteCarloU50_Pipeline_READ_TROTTERS_READ_TROTTERS_1|  return value|
|m_axi_gmem0_AWVALID           |  out|    1|       m_axi|                                                        gmem0|       pointer|
|m_axi_gmem0_AWREADY           |   in|    1|       m_axi|                                                        gmem0|       pointer|
|m_axi_gmem0_AWADDR            |  out|   64|       m_axi|                                                        gmem0|       pointer|
|m_axi_gmem0_AWID              |  out|    1|       m_axi|                                                        gmem0|       pointer|
|m_axi_gmem0_AWLEN             |  out|   32|       m_axi|                                                        gmem0|       pointer|
|m_axi_gmem0_AWSIZE            |  out|    3|       m_axi|                                                        gmem0|       pointer|
|m_axi_gmem0_AWBURST           |  out|    2|       m_axi|                                                        gmem0|       pointer|
|m_axi_gmem0_AWLOCK            |  out|    2|       m_axi|                                                        gmem0|       pointer|
|m_axi_gmem0_AWCACHE           |  out|    4|       m_axi|                                                        gmem0|       pointer|
|m_axi_gmem0_AWPROT            |  out|    3|       m_axi|                                                        gmem0|       pointer|
|m_axi_gmem0_AWQOS             |  out|    4|       m_axi|                                                        gmem0|       pointer|
|m_axi_gmem0_AWREGION          |  out|    4|       m_axi|                                                        gmem0|       pointer|
|m_axi_gmem0_AWUSER            |  out|    1|       m_axi|                                                        gmem0|       pointer|
|m_axi_gmem0_WVALID            |  out|    1|       m_axi|                                                        gmem0|       pointer|
|m_axi_gmem0_WREADY            |   in|    1|       m_axi|                                                        gmem0|       pointer|
|m_axi_gmem0_WDATA             |  out|  512|       m_axi|                                                        gmem0|       pointer|
|m_axi_gmem0_WSTRB             |  out|   64|       m_axi|                                                        gmem0|       pointer|
|m_axi_gmem0_WLAST             |  out|    1|       m_axi|                                                        gmem0|       pointer|
|m_axi_gmem0_WID               |  out|    1|       m_axi|                                                        gmem0|       pointer|
|m_axi_gmem0_WUSER             |  out|    1|       m_axi|                                                        gmem0|       pointer|
|m_axi_gmem0_ARVALID           |  out|    1|       m_axi|                                                        gmem0|       pointer|
|m_axi_gmem0_ARREADY           |   in|    1|       m_axi|                                                        gmem0|       pointer|
|m_axi_gmem0_ARADDR            |  out|   64|       m_axi|                                                        gmem0|       pointer|
|m_axi_gmem0_ARID              |  out|    1|       m_axi|                                                        gmem0|       pointer|
|m_axi_gmem0_ARLEN             |  out|   32|       m_axi|                                                        gmem0|       pointer|
|m_axi_gmem0_ARSIZE            |  out|    3|       m_axi|                                                        gmem0|       pointer|
|m_axi_gmem0_ARBURST           |  out|    2|       m_axi|                                                        gmem0|       pointer|
|m_axi_gmem0_ARLOCK            |  out|    2|       m_axi|                                                        gmem0|       pointer|
|m_axi_gmem0_ARCACHE           |  out|    4|       m_axi|                                                        gmem0|       pointer|
|m_axi_gmem0_ARPROT            |  out|    3|       m_axi|                                                        gmem0|       pointer|
|m_axi_gmem0_ARQOS             |  out|    4|       m_axi|                                                        gmem0|       pointer|
|m_axi_gmem0_ARREGION          |  out|    4|       m_axi|                                                        gmem0|       pointer|
|m_axi_gmem0_ARUSER            |  out|    1|       m_axi|                                                        gmem0|       pointer|
|m_axi_gmem0_RVALID            |   in|    1|       m_axi|                                                        gmem0|       pointer|
|m_axi_gmem0_RREADY            |  out|    1|       m_axi|                                                        gmem0|       pointer|
|m_axi_gmem0_RDATA             |   in|  512|       m_axi|                                                        gmem0|       pointer|
|m_axi_gmem0_RLAST             |   in|    1|       m_axi|                                                        gmem0|       pointer|
|m_axi_gmem0_RID               |   in|    1|       m_axi|                                                        gmem0|       pointer|
|m_axi_gmem0_RUSER             |   in|    1|       m_axi|                                                        gmem0|       pointer|
|m_axi_gmem0_RRESP             |   in|    2|       m_axi|                                                        gmem0|       pointer|
|m_axi_gmem0_BVALID            |   in|    1|       m_axi|                                                        gmem0|       pointer|
|m_axi_gmem0_BREADY            |  out|    1|       m_axi|                                                        gmem0|       pointer|
|m_axi_gmem0_BRESP             |   in|    2|       m_axi|                                                        gmem0|       pointer|
|m_axi_gmem0_BID               |   in|    1|       m_axi|                                                        gmem0|       pointer|
|m_axi_gmem0_BUSER             |   in|    1|       m_axi|                                                        gmem0|       pointer|
|sext_ln258                    |   in|   58|     ap_none|                                                   sext_ln258|        scalar|
|trotters_local_V_0_address0   |  out|    7|   ap_memory|                                           trotters_local_V_0|         array|
|trotters_local_V_0_ce0        |  out|    1|   ap_memory|                                           trotters_local_V_0|         array|
|trotters_local_V_0_we0        |  out|    1|   ap_memory|                                           trotters_local_V_0|         array|
|trotters_local_V_0_d0         |  out|   64|   ap_memory|                                           trotters_local_V_0|         array|
|trotters_local_V_1_address0   |  out|    7|   ap_memory|                                           trotters_local_V_1|         array|
|trotters_local_V_1_ce0        |  out|    1|   ap_memory|                                           trotters_local_V_1|         array|
|trotters_local_V_1_we0        |  out|    1|   ap_memory|                                           trotters_local_V_1|         array|
|trotters_local_V_1_d0         |  out|   64|   ap_memory|                                           trotters_local_V_1|         array|
|trotters_local_V_2_address0   |  out|    7|   ap_memory|                                           trotters_local_V_2|         array|
|trotters_local_V_2_ce0        |  out|    1|   ap_memory|                                           trotters_local_V_2|         array|
|trotters_local_V_2_we0        |  out|    1|   ap_memory|                                           trotters_local_V_2|         array|
|trotters_local_V_2_d0         |  out|   64|   ap_memory|                                           trotters_local_V_2|         array|
|trotters_local_V_3_address0   |  out|    7|   ap_memory|                                           trotters_local_V_3|         array|
|trotters_local_V_3_ce0        |  out|    1|   ap_memory|                                           trotters_local_V_3|         array|
|trotters_local_V_3_we0        |  out|    1|   ap_memory|                                           trotters_local_V_3|         array|
|trotters_local_V_3_d0         |  out|   64|   ap_memory|                                           trotters_local_V_3|         array|
|trotters_local_V_4_address0   |  out|    7|   ap_memory|                                           trotters_local_V_4|         array|
|trotters_local_V_4_ce0        |  out|    1|   ap_memory|                                           trotters_local_V_4|         array|
|trotters_local_V_4_we0        |  out|    1|   ap_memory|                                           trotters_local_V_4|         array|
|trotters_local_V_4_d0         |  out|   64|   ap_memory|                                           trotters_local_V_4|         array|
|trotters_local_V_5_address0   |  out|    7|   ap_memory|                                           trotters_local_V_5|         array|
|trotters_local_V_5_ce0        |  out|    1|   ap_memory|                                           trotters_local_V_5|         array|
|trotters_local_V_5_we0        |  out|    1|   ap_memory|                                           trotters_local_V_5|         array|
|trotters_local_V_5_d0         |  out|   64|   ap_memory|                                           trotters_local_V_5|         array|
|trotters_local_V_6_address0   |  out|    7|   ap_memory|                                           trotters_local_V_6|         array|
|trotters_local_V_6_ce0        |  out|    1|   ap_memory|                                           trotters_local_V_6|         array|
|trotters_local_V_6_we0        |  out|    1|   ap_memory|                                           trotters_local_V_6|         array|
|trotters_local_V_6_d0         |  out|   64|   ap_memory|                                           trotters_local_V_6|         array|
|trotters_local_V_7_address0   |  out|    7|   ap_memory|                                           trotters_local_V_7|         array|
|trotters_local_V_7_ce0        |  out|    1|   ap_memory|                                           trotters_local_V_7|         array|
|trotters_local_V_7_we0        |  out|    1|   ap_memory|                                           trotters_local_V_7|         array|
|trotters_local_V_7_d0         |  out|   64|   ap_memory|                                           trotters_local_V_7|         array|
|trotters_local_V_8_address0   |  out|    7|   ap_memory|                                           trotters_local_V_8|         array|
|trotters_local_V_8_ce0        |  out|    1|   ap_memory|                                           trotters_local_V_8|         array|
|trotters_local_V_8_we0        |  out|    1|   ap_memory|                                           trotters_local_V_8|         array|
|trotters_local_V_8_d0         |  out|   64|   ap_memory|                                           trotters_local_V_8|         array|
|trotters_local_V_9_address0   |  out|    7|   ap_memory|                                           trotters_local_V_9|         array|
|trotters_local_V_9_ce0        |  out|    1|   ap_memory|                                           trotters_local_V_9|         array|
|trotters_local_V_9_we0        |  out|    1|   ap_memory|                                           trotters_local_V_9|         array|
|trotters_local_V_9_d0         |  out|   64|   ap_memory|                                           trotters_local_V_9|         array|
|trotters_local_V_10_address0  |  out|    7|   ap_memory|                                          trotters_local_V_10|         array|
|trotters_local_V_10_ce0       |  out|    1|   ap_memory|                                          trotters_local_V_10|         array|
|trotters_local_V_10_we0       |  out|    1|   ap_memory|                                          trotters_local_V_10|         array|
|trotters_local_V_10_d0        |  out|   64|   ap_memory|                                          trotters_local_V_10|         array|
|trotters_local_V_11_address0  |  out|    7|   ap_memory|                                          trotters_local_V_11|         array|
|trotters_local_V_11_ce0       |  out|    1|   ap_memory|                                          trotters_local_V_11|         array|
|trotters_local_V_11_we0       |  out|    1|   ap_memory|                                          trotters_local_V_11|         array|
|trotters_local_V_11_d0        |  out|   64|   ap_memory|                                          trotters_local_V_11|         array|
|trotters_local_V_12_address0  |  out|    7|   ap_memory|                                          trotters_local_V_12|         array|
|trotters_local_V_12_ce0       |  out|    1|   ap_memory|                                          trotters_local_V_12|         array|
|trotters_local_V_12_we0       |  out|    1|   ap_memory|                                          trotters_local_V_12|         array|
|trotters_local_V_12_d0        |  out|   64|   ap_memory|                                          trotters_local_V_12|         array|
|trotters_local_V_13_address0  |  out|    7|   ap_memory|                                          trotters_local_V_13|         array|
|trotters_local_V_13_ce0       |  out|    1|   ap_memory|                                          trotters_local_V_13|         array|
|trotters_local_V_13_we0       |  out|    1|   ap_memory|                                          trotters_local_V_13|         array|
|trotters_local_V_13_d0        |  out|   64|   ap_memory|                                          trotters_local_V_13|         array|
|trotters_local_V_14_address0  |  out|    7|   ap_memory|                                          trotters_local_V_14|         array|
|trotters_local_V_14_ce0       |  out|    1|   ap_memory|                                          trotters_local_V_14|         array|
|trotters_local_V_14_we0       |  out|    1|   ap_memory|                                          trotters_local_V_14|         array|
|trotters_local_V_14_d0        |  out|   64|   ap_memory|                                          trotters_local_V_14|         array|
|trotters_local_V_15_address0  |  out|    7|   ap_memory|                                          trotters_local_V_15|         array|
|trotters_local_V_15_ce0       |  out|    1|   ap_memory|                                          trotters_local_V_15|         array|
|trotters_local_V_15_we0       |  out|    1|   ap_memory|                                          trotters_local_V_15|         array|
|trotters_local_V_15_d0        |  out|   64|   ap_memory|                                          trotters_local_V_15|         array|
|trotters_local_V_16_address0  |  out|    7|   ap_memory|                                          trotters_local_V_16|         array|
|trotters_local_V_16_ce0       |  out|    1|   ap_memory|                                          trotters_local_V_16|         array|
|trotters_local_V_16_we0       |  out|    1|   ap_memory|                                          trotters_local_V_16|         array|
|trotters_local_V_16_d0        |  out|   64|   ap_memory|                                          trotters_local_V_16|         array|
|trotters_local_V_17_address0  |  out|    7|   ap_memory|                                          trotters_local_V_17|         array|
|trotters_local_V_17_ce0       |  out|    1|   ap_memory|                                          trotters_local_V_17|         array|
|trotters_local_V_17_we0       |  out|    1|   ap_memory|                                          trotters_local_V_17|         array|
|trotters_local_V_17_d0        |  out|   64|   ap_memory|                                          trotters_local_V_17|         array|
|trotters_local_V_18_address0  |  out|    7|   ap_memory|                                          trotters_local_V_18|         array|
|trotters_local_V_18_ce0       |  out|    1|   ap_memory|                                          trotters_local_V_18|         array|
|trotters_local_V_18_we0       |  out|    1|   ap_memory|                                          trotters_local_V_18|         array|
|trotters_local_V_18_d0        |  out|   64|   ap_memory|                                          trotters_local_V_18|         array|
|trotters_local_V_19_address0  |  out|    7|   ap_memory|                                          trotters_local_V_19|         array|
|trotters_local_V_19_ce0       |  out|    1|   ap_memory|                                          trotters_local_V_19|         array|
|trotters_local_V_19_we0       |  out|    1|   ap_memory|                                          trotters_local_V_19|         array|
|trotters_local_V_19_d0        |  out|   64|   ap_memory|                                          trotters_local_V_19|         array|
|trotters_local_V_20_address0  |  out|    7|   ap_memory|                                          trotters_local_V_20|         array|
|trotters_local_V_20_ce0       |  out|    1|   ap_memory|                                          trotters_local_V_20|         array|
|trotters_local_V_20_we0       |  out|    1|   ap_memory|                                          trotters_local_V_20|         array|
|trotters_local_V_20_d0        |  out|   64|   ap_memory|                                          trotters_local_V_20|         array|
|trotters_local_V_21_address0  |  out|    7|   ap_memory|                                          trotters_local_V_21|         array|
|trotters_local_V_21_ce0       |  out|    1|   ap_memory|                                          trotters_local_V_21|         array|
|trotters_local_V_21_we0       |  out|    1|   ap_memory|                                          trotters_local_V_21|         array|
|trotters_local_V_21_d0        |  out|   64|   ap_memory|                                          trotters_local_V_21|         array|
|trotters_local_V_22_address0  |  out|    7|   ap_memory|                                          trotters_local_V_22|         array|
|trotters_local_V_22_ce0       |  out|    1|   ap_memory|                                          trotters_local_V_22|         array|
|trotters_local_V_22_we0       |  out|    1|   ap_memory|                                          trotters_local_V_22|         array|
|trotters_local_V_22_d0        |  out|   64|   ap_memory|                                          trotters_local_V_22|         array|
|trotters_local_V_23_address0  |  out|    7|   ap_memory|                                          trotters_local_V_23|         array|
|trotters_local_V_23_ce0       |  out|    1|   ap_memory|                                          trotters_local_V_23|         array|
|trotters_local_V_23_we0       |  out|    1|   ap_memory|                                          trotters_local_V_23|         array|
|trotters_local_V_23_d0        |  out|   64|   ap_memory|                                          trotters_local_V_23|         array|
|trotters_local_V_24_address0  |  out|    7|   ap_memory|                                          trotters_local_V_24|         array|
|trotters_local_V_24_ce0       |  out|    1|   ap_memory|                                          trotters_local_V_24|         array|
|trotters_local_V_24_we0       |  out|    1|   ap_memory|                                          trotters_local_V_24|         array|
|trotters_local_V_24_d0        |  out|   64|   ap_memory|                                          trotters_local_V_24|         array|
|trotters_local_V_25_address0  |  out|    7|   ap_memory|                                          trotters_local_V_25|         array|
|trotters_local_V_25_ce0       |  out|    1|   ap_memory|                                          trotters_local_V_25|         array|
|trotters_local_V_25_we0       |  out|    1|   ap_memory|                                          trotters_local_V_25|         array|
|trotters_local_V_25_d0        |  out|   64|   ap_memory|                                          trotters_local_V_25|         array|
|trotters_local_V_26_address0  |  out|    7|   ap_memory|                                          trotters_local_V_26|         array|
|trotters_local_V_26_ce0       |  out|    1|   ap_memory|                                          trotters_local_V_26|         array|
|trotters_local_V_26_we0       |  out|    1|   ap_memory|                                          trotters_local_V_26|         array|
|trotters_local_V_26_d0        |  out|   64|   ap_memory|                                          trotters_local_V_26|         array|
|trotters_local_V_27_address0  |  out|    7|   ap_memory|                                          trotters_local_V_27|         array|
|trotters_local_V_27_ce0       |  out|    1|   ap_memory|                                          trotters_local_V_27|         array|
|trotters_local_V_27_we0       |  out|    1|   ap_memory|                                          trotters_local_V_27|         array|
|trotters_local_V_27_d0        |  out|   64|   ap_memory|                                          trotters_local_V_27|         array|
|trotters_local_V_28_address0  |  out|    7|   ap_memory|                                          trotters_local_V_28|         array|
|trotters_local_V_28_ce0       |  out|    1|   ap_memory|                                          trotters_local_V_28|         array|
|trotters_local_V_28_we0       |  out|    1|   ap_memory|                                          trotters_local_V_28|         array|
|trotters_local_V_28_d0        |  out|   64|   ap_memory|                                          trotters_local_V_28|         array|
|trotters_local_V_29_address0  |  out|    7|   ap_memory|                                          trotters_local_V_29|         array|
|trotters_local_V_29_ce0       |  out|    1|   ap_memory|                                          trotters_local_V_29|         array|
|trotters_local_V_29_we0       |  out|    1|   ap_memory|                                          trotters_local_V_29|         array|
|trotters_local_V_29_d0        |  out|   64|   ap_memory|                                          trotters_local_V_29|         array|
|trotters_local_V_30_address0  |  out|    7|   ap_memory|                                          trotters_local_V_30|         array|
|trotters_local_V_30_ce0       |  out|    1|   ap_memory|                                          trotters_local_V_30|         array|
|trotters_local_V_30_we0       |  out|    1|   ap_memory|                                          trotters_local_V_30|         array|
|trotters_local_V_30_d0        |  out|   64|   ap_memory|                                          trotters_local_V_30|         array|
|trotters_local_V_31_address0  |  out|    7|   ap_memory|                                          trotters_local_V_31|         array|
|trotters_local_V_31_ce0       |  out|    1|   ap_memory|                                          trotters_local_V_31|         array|
|trotters_local_V_31_we0       |  out|    1|   ap_memory|                                          trotters_local_V_31|         array|
|trotters_local_V_31_d0        |  out|   64|   ap_memory|                                          trotters_local_V_31|         array|
+------------------------------+-----+-----+------------+-------------------------------------------------------------+--------------+

