

================================================================
== Vitis HLS Report for 'QuantumMonteCarloU50_Pipeline_READ_TROTTERS_READ_TROTTERS_1'
================================================================
* Date:           Sat Sep 25 00:07:25 2021

* Version:        2021.1 (Build 3247384 on Thu Jun 10 19:36:33 MDT 2021)
* Project:        SQA-Vitis
* Solution:       solution1 (Vitis Kernel Flow Target)
* Product family: virtexuplus
* Target device:  xcvu35p-fsvh2892-2-e


================================================================
== Performance Estimates
================================================================
+ Timing: 
    * Summary: 
    +--------+---------+----------+------------+
    |  Clock |  Target | Estimated| Uncertainty|
    +--------+---------+----------+------------+
    |ap_clk  |  3.33 ns|  2.433 ns|     0.90 ns|
    +--------+---------+----------+------------+

+ Latency: 
    * Summary: 
    +---------+---------+----------+----------+-----+-----+---------+
    |  Latency (cycles) |  Latency (absolute) |  Interval | Pipeline|
    |   min   |   max   |    min   |    max   | min | max |   Type  |
    +---------+---------+----------+----------+-----+-----+---------+
    |      515|      515|  1.716 us|  1.716 us|  515|  515|       no|
    +---------+---------+----------+----------+-----+-----+---------+

    + Detail: 
        * Instance: 
        N/A

        * Loop: 
        +---------------------------------+---------+---------+----------+-----------+-----------+------+----------+
        |                                 |  Latency (cycles) | Iteration|  Initiation Interval  | Trip |          |
        |            Loop Name            |   min   |   max   |  Latency |  achieved |   target  | Count| Pipelined|
        +---------------------------------+---------+---------+----------+-----------+-----------+------+----------+
        |- READ_TROTTERS_READ_TROTTERS_1  |      513|      513|         3|          1|          1|   512|       yes|
        +---------------------------------+---------+---------+----------+-----------+-----------+------+----------+



================================================================
== Utilization Estimates
================================================================
* Summary: 
+---------------------+---------+------+---------+--------+-----+
|         Name        | BRAM_18K|  DSP |    FF   |   LUT  | URAM|
+---------------------+---------+------+---------+--------+-----+
|DSP                  |        -|     -|        -|       -|    -|
|Expression           |        -|     -|        0|     480|    -|
|FIFO                 |        -|     -|        -|       -|    -|
|Instance             |        -|     -|        -|       -|    -|
|Memory               |        -|     -|        -|       -|    -|
|Multiplexer          |        -|     -|        -|     104|    -|
|Register             |        -|     -|     1010|       -|    -|
+---------------------+---------+------+---------+--------+-----+
|Total                |        0|     0|     1010|     584|    0|
+---------------------+---------+------+---------+--------+-----+
|Available SLR        |     1344|  2976|   871680|  435840|  320|
+---------------------+---------+------+---------+--------+-----+
|Utilization SLR (%)  |        0|     0|       ~0|      ~0|    0|
+---------------------+---------+------+---------+--------+-----+
|Available            |     2688|  5952|  1743360|  871680|  640|
+---------------------+---------+------+---------+--------+-----+
|Utilization (%)      |        0|     0|       ~0|      ~0|    0|
+---------------------+---------+------+---------+--------+-----+

+ Detail: 
    * Instance: 
    N/A

    * DSP: 
    N/A

    * Memory: 
    N/A

    * FIFO: 
    N/A

    * Expression: 
    +----------------------------------+----------+----+---+-----+------------+------------+
    |           Variable Name          | Operation| DSP| FF| LUT | Bitwidth P0| Bitwidth P1|
    +----------------------------------+----------+----+---+-----+------------+------------+
    |add_ln260_1_fu_417_p2             |         +|   0|  0|   12|           4|           1|
    |add_ln260_fu_391_p2               |         +|   0|  0|   17|          10|           1|
    |add_ln262_fu_459_p2               |         +|   0|  0|   14|           7|           1|
    |ap_block_pp0_stage0_11001         |       and|   0|  0|    2|           1|           1|
    |ap_block_state2_pp0_stage0_iter1  |       and|   0|  0|    2|           1|           1|
    |ap_predicate_op55_read_state2     |       and|   0|  0|    2|           1|           1|
    |icmp_ln260_fu_385_p2              |      icmp|   0|  0|   11|          10|          11|
    |icmp_ln262_fu_403_p2              |      icmp|   0|  0|   11|           7|           8|
    |icmp_ln264_fu_453_p2              |      icmp|   0|  0|    8|           3|           1|
    |select_ln260_1_fu_489_p3          |    select|   0|  0|  388|           1|           1|
    |select_ln260_2_fu_423_p3          |    select|   0|  0|    4|           1|           4|
    |select_ln260_fu_409_p3            |    select|   0|  0|    7|           1|           1|
    |ap_enable_pp0                     |       xor|   0|  0|    2|           1|           2|
    +----------------------------------+----------+----+---+-----+------------+------------+
    |Total                             |          |   0|  0|  480|          48|          34|
    +----------------------------------+----------+----+---+-----+------------+------------+

    * Multiplexer: 
    +--------------------------------------+----+-----------+-----+-----------+
    |                 Name                 | LUT| Input Size| Bits| Total Bits|
    +--------------------------------------+----+-----------+-----+-----------+
    |ap_done_int                           |   9|          2|    1|          2|
    |ap_enable_reg_pp0_iter2               |   9|          2|    1|          2|
    |ap_phi_mux_empty_phi_fu_352_p4        |  14|          3|  512|       1536|
    |ap_sig_allocacmp_indvar_flatten_load  |   9|          2|   10|         20|
    |ap_sig_allocacmp_ofst_load            |   9|          2|    7|         14|
    |ap_sig_allocacmp_t_load               |   9|          2|    4|          8|
    |gmem0_blk_n_R                         |   9|          2|    1|          2|
    |indvar_flatten_fu_126                 |   9|          2|   10|         20|
    |ofst_fu_118                           |   9|          2|    7|         14|
    |shiftreg389_fu_114                    |   9|          2|  448|        896|
    |t_fu_122                              |   9|          2|    4|          8|
    +--------------------------------------+----+-----------+-----+-----------+
    |Total                                 | 104|         23| 1005|       2522|
    +--------------------------------------+----+-----------+-----+-----------+

    * Register: 
    +------------------------------------+-----+----+-----+-----------+
    |                Name                |  FF | LUT| Bits| Const Bits|
    +------------------------------------+-----+----+-----+-----------+
    |ap_CS_fsm                           |    1|   0|    1|          0|
    |ap_done_reg                         |    1|   0|    1|          0|
    |ap_enable_reg_pp0_iter1             |    1|   0|    1|          0|
    |ap_enable_reg_pp0_iter2             |    1|   0|    1|          0|
    |ap_loop_exit_ready_pp0_iter1_reg    |    1|   0|    1|          0|
    |gmem0_addr_read_reg_614             |  512|   0|  512|          0|
    |icmp_ln260_reg_588                  |    1|   0|    1|          0|
    |icmp_ln260_reg_588_pp0_iter1_reg    |    1|   0|    1|          0|
    |icmp_ln262_reg_592                  |    1|   0|    1|          0|
    |icmp_ln262_reg_592_pp0_iter1_reg    |    1|   0|    1|          0|
    |icmp_ln264_reg_610                  |    1|   0|    1|          0|
    |icmp_ln264_reg_610_pp0_iter1_reg    |    1|   0|    1|          0|
    |indvar_flatten_fu_126               |   10|   0|   10|          0|
    |lshr_ln264_1_reg_605                |    5|   0|    5|          0|
    |lshr_ln264_1_reg_605_pp0_iter1_reg  |    5|   0|    5|          0|
    |ofst_fu_118                         |    7|   0|    7|          0|
    |shiftreg389_fu_114                  |  448|   0|  448|          0|
    |t_fu_122                            |    4|   0|    4|          0|
    |trunc_ln260_reg_597                 |    3|   0|    3|          0|
    |trunc_ln260_reg_597_pp0_iter1_reg   |    3|   0|    3|          0|
    |trunc_ln264_reg_601                 |    1|   0|    1|          0|
    |trunc_ln264_reg_601_pp0_iter1_reg   |    1|   0|    1|          0|
    +------------------------------------+-----+----+-----+-----------+
    |Total                               | 1010|   0| 1010|          0|
    +------------------------------------+-----+----+-----+-----------+



================================================================
== Interface
================================================================
* Summary: 
+-------------------------------+-----+-----+------------+-------------------------------------------------------------+--------------+
|           RTL Ports           | Dir | Bits|  Protocol  |                        Source Object                        |    C Type    |
+-------------------------------+-----+-----+------------+-------------------------------------------------------------+--------------+
|ap_clk                         |   in|    1|  ap_ctrl_hs|  QuantumMonteCarloU50_Pipeline_READ_TROTTERS_READ_TROTTERS_1|  return value|
|ap_rst                         |   in|    1|  ap_ctrl_hs|  QuantumMonteCarloU50_Pipeline_READ_TROTTERS_READ_TROTTERS_1|  return value|
|ap_start                       |   in|    1|  ap_ctrl_hs|  QuantumMonteCarloU50_Pipeline_READ_TROTTERS_READ_TROTTERS_1|  return value|
|ap_done                        |  out|    1|  ap_ctrl_hs|  QuantumMonteCarloU50_Pipeline_READ_TROTTERS_READ_TROTTERS_1|  return value|
|ap_idle                        |  out|    1|  ap_ctrl_hs|  QuantumMonteCarloU50_Pipeline_READ_TROTTERS_READ_TROTTERS_1|  return value|
|ap_ready                       |  out|    1|  ap_ctrl_hs|  QuantumMonteCarloU50_Pipeline_READ_TROTTERS_READ_TROTTERS_1|  return value|
|m_axi_gmem0_AWVALID            |  out|    1|       m_axi|                                                        gmem0|       pointer|
|m_axi_gmem0_AWREADY            |   in|    1|       m_axi|                                                        gmem0|       pointer|
|m_axi_gmem0_AWADDR             |  out|   64|       m_axi|                                                        gmem0|       pointer|
|m_axi_gmem0_AWID               |  out|    1|       m_axi|                                                        gmem0|       pointer|
|m_axi_gmem0_AWLEN              |  out|   32|       m_axi|                                                        gmem0|       pointer|
|m_axi_gmem0_AWSIZE             |  out|    3|       m_axi|                                                        gmem0|       pointer|
|m_axi_gmem0_AWBURST            |  out|    2|       m_axi|                                                        gmem0|       pointer|
|m_axi_gmem0_AWLOCK             |  out|    2|       m_axi|                                                        gmem0|       pointer|
|m_axi_gmem0_AWCACHE            |  out|    4|       m_axi|                                                        gmem0|       pointer|
|m_axi_gmem0_AWPROT             |  out|    3|       m_axi|                                                        gmem0|       pointer|
|m_axi_gmem0_AWQOS              |  out|    4|       m_axi|                                                        gmem0|       pointer|
|m_axi_gmem0_AWREGION           |  out|    4|       m_axi|                                                        gmem0|       pointer|
|m_axi_gmem0_AWUSER             |  out|    1|       m_axi|                                                        gmem0|       pointer|
|m_axi_gmem0_WVALID             |  out|    1|       m_axi|                                                        gmem0|       pointer|
|m_axi_gmem0_WREADY             |   in|    1|       m_axi|                                                        gmem0|       pointer|
|m_axi_gmem0_WDATA              |  out|  512|       m_axi|                                                        gmem0|       pointer|
|m_axi_gmem0_WSTRB              |  out|   64|       m_axi|                                                        gmem0|       pointer|
|m_axi_gmem0_WLAST              |  out|    1|       m_axi|                                                        gmem0|       pointer|
|m_axi_gmem0_WID                |  out|    1|       m_axi|                                                        gmem0|       pointer|
|m_axi_gmem0_WUSER              |  out|    1|       m_axi|                                                        gmem0|       pointer|
|m_axi_gmem0_ARVALID            |  out|    1|       m_axi|                                                        gmem0|       pointer|
|m_axi_gmem0_ARREADY            |   in|    1|       m_axi|                                                        gmem0|       pointer|
|m_axi_gmem0_ARADDR             |  out|   64|       m_axi|                                                        gmem0|       pointer|
|m_axi_gmem0_ARID               |  out|    1|       m_axi|                                                        gmem0|       pointer|
|m_axi_gmem0_ARLEN              |  out|   32|       m_axi|                                                        gmem0|       pointer|
|m_axi_gmem0_ARSIZE             |  out|    3|       m_axi|                                                        gmem0|       pointer|
|m_axi_gmem0_ARBURST            |  out|    2|       m_axi|                                                        gmem0|       pointer|
|m_axi_gmem0_ARLOCK             |  out|    2|       m_axi|                                                        gmem0|       pointer|
|m_axi_gmem0_ARCACHE            |  out|    4|       m_axi|                                                        gmem0|       pointer|
|m_axi_gmem0_ARPROT             |  out|    3|       m_axi|                                                        gmem0|       pointer|
|m_axi_gmem0_ARQOS              |  out|    4|       m_axi|                                                        gmem0|       pointer|
|m_axi_gmem0_ARREGION           |  out|    4|       m_axi|                                                        gmem0|       pointer|
|m_axi_gmem0_ARUSER             |  out|    1|       m_axi|                                                        gmem0|       pointer|
|m_axi_gmem0_RVALID             |   in|    1|       m_axi|                                                        gmem0|       pointer|
|m_axi_gmem0_RREADY             |  out|    1|       m_axi|                                                        gmem0|       pointer|
|m_axi_gmem0_RDATA              |   in|  512|       m_axi|                                                        gmem0|       pointer|
|m_axi_gmem0_RLAST              |   in|    1|       m_axi|                                                        gmem0|       pointer|
|m_axi_gmem0_RID                |   in|    1|       m_axi|                                                        gmem0|       pointer|
|m_axi_gmem0_RUSER              |   in|    1|       m_axi|                                                        gmem0|       pointer|
|m_axi_gmem0_RRESP              |   in|    2|       m_axi|                                                        gmem0|       pointer|
|m_axi_gmem0_BVALID             |   in|    1|       m_axi|                                                        gmem0|       pointer|
|m_axi_gmem0_BREADY             |  out|    1|       m_axi|                                                        gmem0|       pointer|
|m_axi_gmem0_BRESP              |   in|    2|       m_axi|                                                        gmem0|       pointer|
|m_axi_gmem0_BID                |   in|    1|       m_axi|                                                        gmem0|       pointer|
|m_axi_gmem0_BUSER              |   in|    1|       m_axi|                                                        gmem0|       pointer|
|sext_ln260                     |   in|   58|     ap_none|                                                   sext_ln260|        scalar|
|trotters_local_V_0_0_address0  |  out|    5|   ap_memory|                                         trotters_local_V_0_0|         array|
|trotters_local_V_0_0_ce0       |  out|    1|   ap_memory|                                         trotters_local_V_0_0|         array|
|trotters_local_V_0_0_we0       |  out|    1|   ap_memory|                                         trotters_local_V_0_0|         array|
|trotters_local_V_0_0_d0        |  out|   64|   ap_memory|                                         trotters_local_V_0_0|         array|
|trotters_local_V_0_1_address0  |  out|    5|   ap_memory|                                         trotters_local_V_0_1|         array|
|trotters_local_V_0_1_ce0       |  out|    1|   ap_memory|                                         trotters_local_V_0_1|         array|
|trotters_local_V_0_1_we0       |  out|    1|   ap_memory|                                         trotters_local_V_0_1|         array|
|trotters_local_V_0_1_d0        |  out|   64|   ap_memory|                                         trotters_local_V_0_1|         array|
|trotters_local_V_1_0_address0  |  out|    5|   ap_memory|                                         trotters_local_V_1_0|         array|
|trotters_local_V_1_0_ce0       |  out|    1|   ap_memory|                                         trotters_local_V_1_0|         array|
|trotters_local_V_1_0_we0       |  out|    1|   ap_memory|                                         trotters_local_V_1_0|         array|
|trotters_local_V_1_0_d0        |  out|   64|   ap_memory|                                         trotters_local_V_1_0|         array|
|trotters_local_V_1_1_address0  |  out|    5|   ap_memory|                                         trotters_local_V_1_1|         array|
|trotters_local_V_1_1_ce0       |  out|    1|   ap_memory|                                         trotters_local_V_1_1|         array|
|trotters_local_V_1_1_we0       |  out|    1|   ap_memory|                                         trotters_local_V_1_1|         array|
|trotters_local_V_1_1_d0        |  out|   64|   ap_memory|                                         trotters_local_V_1_1|         array|
|trotters_local_V_2_0_address0  |  out|    5|   ap_memory|                                         trotters_local_V_2_0|         array|
|trotters_local_V_2_0_ce0       |  out|    1|   ap_memory|                                         trotters_local_V_2_0|         array|
|trotters_local_V_2_0_we0       |  out|    1|   ap_memory|                                         trotters_local_V_2_0|         array|
|trotters_local_V_2_0_d0        |  out|   64|   ap_memory|                                         trotters_local_V_2_0|         array|
|trotters_local_V_2_1_address0  |  out|    5|   ap_memory|                                         trotters_local_V_2_1|         array|
|trotters_local_V_2_1_ce0       |  out|    1|   ap_memory|                                         trotters_local_V_2_1|         array|
|trotters_local_V_2_1_we0       |  out|    1|   ap_memory|                                         trotters_local_V_2_1|         array|
|trotters_local_V_2_1_d0        |  out|   64|   ap_memory|                                         trotters_local_V_2_1|         array|
|trotters_local_V_3_0_address0  |  out|    5|   ap_memory|                                         trotters_local_V_3_0|         array|
|trotters_local_V_3_0_ce0       |  out|    1|   ap_memory|                                         trotters_local_V_3_0|         array|
|trotters_local_V_3_0_we0       |  out|    1|   ap_memory|                                         trotters_local_V_3_0|         array|
|trotters_local_V_3_0_d0        |  out|   64|   ap_memory|                                         trotters_local_V_3_0|         array|
|trotters_local_V_3_1_address0  |  out|    5|   ap_memory|                                         trotters_local_V_3_1|         array|
|trotters_local_V_3_1_ce0       |  out|    1|   ap_memory|                                         trotters_local_V_3_1|         array|
|trotters_local_V_3_1_we0       |  out|    1|   ap_memory|                                         trotters_local_V_3_1|         array|
|trotters_local_V_3_1_d0        |  out|   64|   ap_memory|                                         trotters_local_V_3_1|         array|
|trotters_local_V_4_0_address0  |  out|    5|   ap_memory|                                         trotters_local_V_4_0|         array|
|trotters_local_V_4_0_ce0       |  out|    1|   ap_memory|                                         trotters_local_V_4_0|         array|
|trotters_local_V_4_0_we0       |  out|    1|   ap_memory|                                         trotters_local_V_4_0|         array|
|trotters_local_V_4_0_d0        |  out|   64|   ap_memory|                                         trotters_local_V_4_0|         array|
|trotters_local_V_4_1_address0  |  out|    5|   ap_memory|                                         trotters_local_V_4_1|         array|
|trotters_local_V_4_1_ce0       |  out|    1|   ap_memory|                                         trotters_local_V_4_1|         array|
|trotters_local_V_4_1_we0       |  out|    1|   ap_memory|                                         trotters_local_V_4_1|         array|
|trotters_local_V_4_1_d0        |  out|   64|   ap_memory|                                         trotters_local_V_4_1|         array|
|trotters_local_V_5_0_address0  |  out|    5|   ap_memory|                                         trotters_local_V_5_0|         array|
|trotters_local_V_5_0_ce0       |  out|    1|   ap_memory|                                         trotters_local_V_5_0|         array|
|trotters_local_V_5_0_we0       |  out|    1|   ap_memory|                                         trotters_local_V_5_0|         array|
|trotters_local_V_5_0_d0        |  out|   64|   ap_memory|                                         trotters_local_V_5_0|         array|
|trotters_local_V_5_1_address0  |  out|    5|   ap_memory|                                         trotters_local_V_5_1|         array|
|trotters_local_V_5_1_ce0       |  out|    1|   ap_memory|                                         trotters_local_V_5_1|         array|
|trotters_local_V_5_1_we0       |  out|    1|   ap_memory|                                         trotters_local_V_5_1|         array|
|trotters_local_V_5_1_d0        |  out|   64|   ap_memory|                                         trotters_local_V_5_1|         array|
|trotters_local_V_6_0_address0  |  out|    5|   ap_memory|                                         trotters_local_V_6_0|         array|
|trotters_local_V_6_0_ce0       |  out|    1|   ap_memory|                                         trotters_local_V_6_0|         array|
|trotters_local_V_6_0_we0       |  out|    1|   ap_memory|                                         trotters_local_V_6_0|         array|
|trotters_local_V_6_0_d0        |  out|   64|   ap_memory|                                         trotters_local_V_6_0|         array|
|trotters_local_V_6_1_address0  |  out|    5|   ap_memory|                                         trotters_local_V_6_1|         array|
|trotters_local_V_6_1_ce0       |  out|    1|   ap_memory|                                         trotters_local_V_6_1|         array|
|trotters_local_V_6_1_we0       |  out|    1|   ap_memory|                                         trotters_local_V_6_1|         array|
|trotters_local_V_6_1_d0        |  out|   64|   ap_memory|                                         trotters_local_V_6_1|         array|
|trotters_local_V_7_0_address0  |  out|    5|   ap_memory|                                         trotters_local_V_7_0|         array|
|trotters_local_V_7_0_ce0       |  out|    1|   ap_memory|                                         trotters_local_V_7_0|         array|
|trotters_local_V_7_0_we0       |  out|    1|   ap_memory|                                         trotters_local_V_7_0|         array|
|trotters_local_V_7_0_d0        |  out|   64|   ap_memory|                                         trotters_local_V_7_0|         array|
|trotters_local_V_7_1_address0  |  out|    5|   ap_memory|                                         trotters_local_V_7_1|         array|
|trotters_local_V_7_1_ce0       |  out|    1|   ap_memory|                                         trotters_local_V_7_1|         array|
|trotters_local_V_7_1_we0       |  out|    1|   ap_memory|                                         trotters_local_V_7_1|         array|
|trotters_local_V_7_1_d0        |  out|   64|   ap_memory|                                         trotters_local_V_7_1|         array|
+-------------------------------+-----+-----+------------+-------------------------------------------------------------+--------------+

