

================================================================
== Vitis HLS Report for 'QuantumMonteCarloU50_Pipeline_SHIFT_JCOUP'
================================================================
* Date:           Tue Aug 24 11:13:45 2021

* Version:        2021.1 (Build 3247384 on Thu Jun 10 19:36:07 MDT 2021)
* Project:        QuantumMonteCarloU50
* Solution:       solution (Vitis Kernel Flow Target)
* Product family: virtexuplus
* Target device:  xcu50-fsvh2104-2-e


================================================================
== Performance Estimates
================================================================
+ Timing: 
    * Summary: 
    +--------+---------+----------+------------+
    |  Clock |  Target | Estimated| Uncertainty|
    +--------+---------+----------+------------+
    |ap_clk  |  3.33 ns|  2.400 ns|     0.90 ns|
    +--------+---------+----------+------------+

+ Latency: 
    * Summary: 
    +---------+---------+-----------+-----------+-----+-----+---------+
    |  Latency (cycles) |   Latency (absolute)  |  Interval | Pipeline|
    |   min   |   max   |    min    |    max    | min | max |   Type  |
    +---------+---------+-----------+-----------+-----+-----+---------+
    |       10|       10|  33.330 ns|  33.330 ns|   10|   10|       no|
    +---------+---------+-----------+-----------+-----+-----+---------+

    + Detail: 
        * Instance: 
        N/A

        * Loop: 
        +---------------+---------+---------+----------+-----------+-----------+------+----------+
        |               |  Latency (cycles) | Iteration|  Initiation Interval  | Trip |          |
        |   Loop Name   |   min   |   max   |  Latency |  achieved |   target  | Count| Pipelined|
        +---------------+---------+---------+----------+-----------+-----------+------+----------+
        |- SHIFT_JCOUP  |        8|        8|         2|          1|          1|     8|       yes|
        +---------------+---------+---------+----------+-----------+-----------+------+----------+



================================================================
== Utilization Estimates
================================================================
* Summary: 
+---------------------+---------+------+---------+--------+-----+
|         Name        | BRAM_18K|  DSP |    FF   |   LUT  | URAM|
+---------------------+---------+------+---------+--------+-----+
|DSP                  |        -|     -|        -|       -|    -|
|Expression           |        -|     -|        0|      23|    -|
|FIFO                 |        -|     -|        -|       -|    -|
|Instance             |        -|     -|        -|       -|    -|
|Memory               |        -|     -|        -|       -|    -|
|Multiplexer          |        -|     -|        -|      36|    -|
|Register             |        -|     -|       17|       -|    -|
+---------------------+---------+------+---------+--------+-----+
|Total                |        0|     0|       17|      59|    0|
+---------------------+---------+------+---------+--------+-----+
|Available SLR        |     1344|  2976|   871680|  435840|  320|
+---------------------+---------+------+---------+--------+-----+
|Utilization SLR (%)  |        0|     0|       ~0|      ~0|    0|
+---------------------+---------+------+---------+--------+-----+
|Available            |     2688|  5952|  1743360|  871680|  640|
+---------------------+---------+------+---------+--------+-----+
|Utilization (%)      |        0|     0|       ~0|      ~0|    0|
+---------------------+---------+------+---------+--------+-----+

+ Detail: 
    * Instance: 
    N/A

    * DSP: 
    N/A

    * Memory: 
    N/A

    * FIFO: 
    N/A

    * Expression: 
    +----------------------+----------+----+---+----+------------+------------+
    |     Variable Name    | Operation| DSP| FF| LUT| Bitwidth P0| Bitwidth P1|
    +----------------------+----------+----+---+----+------------+------------+
    |add_ln273_fu_127_p2   |         +|   0|  0|  12|           4|           1|
    |icmp_ln272_fu_121_p2  |      icmp|   0|  0|   9|           4|           5|
    |ap_enable_pp0         |       xor|   0|  0|   2|           1|           2|
    +----------------------+----------+----+---+----+------------+------------+
    |Total                 |          |   0|  0|  23|           9|           8|
    +----------------------+----------+----+---+----+------------+------------+

    * Multiplexer: 
    +-----------------------------+----+-----------+-----+-----------+
    |             Name            | LUT| Input Size| Bits| Total Bits|
    +-----------------------------+----+-----------+-----+-----------+
    |ap_done_int                  |   9|          2|    1|          2|
    |ap_enable_reg_pp0_iter1      |   9|          2|    1|          2|
    |ap_sig_allocacmp_packOfst_1  |   9|          2|    4|          8|
    |packOfst_fu_42               |   9|          2|    4|          8|
    +-----------------------------+----+-----------+-----+-----------+
    |Total                        |  36|          8|   10|         20|
    +-----------------------------+----+-----------+-----+-----------+

    * Register: 
    +---------------------------+---+----+-----+-----------+
    |            Name           | FF| LUT| Bits| Const Bits|
    +---------------------------+---+----+-----+-----------+
    |JcoupLocal_1_addr_reg_166  |  3|   0|    3|          0|
    |JcoupLocal_2_addr_reg_160  |  3|   0|    3|          0|
    |ap_CS_fsm                  |  1|   0|    1|          0|
    |ap_done_reg                |  1|   0|    1|          0|
    |ap_enable_reg_pp0_iter1    |  1|   0|    1|          0|
    |packOfst_fu_42             |  4|   0|    4|          0|
    |zext_ln272_reg_155         |  4|   0|   64|         60|
    +---------------------------+---+----+-----+-----------+
    |Total                      | 17|   0|   77|         60|
    +---------------------------+---+----+-----+-----------+



================================================================
== Interface
================================================================
* Summary: 
+-----------------------+-----+-------+------------+-------------------------------------------+--------------+
|       RTL Ports       | Dir |  Bits |  Protocol  |               Source Object               |    C Type    |
+-----------------------+-----+-------+------------+-------------------------------------------+--------------+
|ap_clk                 |   in|      1|  ap_ctrl_hs|  QuantumMonteCarloU50_Pipeline_SHIFT_JCOUP|  return value|
|ap_rst                 |   in|      1|  ap_ctrl_hs|  QuantumMonteCarloU50_Pipeline_SHIFT_JCOUP|  return value|
|ap_start               |   in|      1|  ap_ctrl_hs|  QuantumMonteCarloU50_Pipeline_SHIFT_JCOUP|  return value|
|ap_done                |  out|      1|  ap_ctrl_hs|  QuantumMonteCarloU50_Pipeline_SHIFT_JCOUP|  return value|
|ap_idle                |  out|      1|  ap_ctrl_hs|  QuantumMonteCarloU50_Pipeline_SHIFT_JCOUP|  return value|
|ap_ready               |  out|      1|  ap_ctrl_hs|  QuantumMonteCarloU50_Pipeline_SHIFT_JCOUP|  return value|
|JcoupLocal_2_address0  |  out|      3|   ap_memory|                               JcoupLocal_2|         array|
|JcoupLocal_2_ce0       |  out|      1|   ap_memory|                               JcoupLocal_2|         array|
|JcoupLocal_2_q0        |   in|  16384|   ap_memory|                               JcoupLocal_2|         array|
|JcoupLocal_2_address1  |  out|      3|   ap_memory|                               JcoupLocal_2|         array|
|JcoupLocal_2_ce1       |  out|      1|   ap_memory|                               JcoupLocal_2|         array|
|JcoupLocal_2_we1       |  out|      1|   ap_memory|                               JcoupLocal_2|         array|
|JcoupLocal_2_d1        |  out|  16384|   ap_memory|                               JcoupLocal_2|         array|
|JcoupLocal_3_address1  |  out|      3|   ap_memory|                               JcoupLocal_3|         array|
|JcoupLocal_3_ce1       |  out|      1|   ap_memory|                               JcoupLocal_3|         array|
|JcoupLocal_3_we1       |  out|      1|   ap_memory|                               JcoupLocal_3|         array|
|JcoupLocal_3_d1        |  out|  16384|   ap_memory|                               JcoupLocal_3|         array|
|JcoupLocal_1_address0  |  out|      3|   ap_memory|                               JcoupLocal_1|         array|
|JcoupLocal_1_ce0       |  out|      1|   ap_memory|                               JcoupLocal_1|         array|
|JcoupLocal_1_q0        |   in|  16384|   ap_memory|                               JcoupLocal_1|         array|
|JcoupLocal_1_address1  |  out|      3|   ap_memory|                               JcoupLocal_1|         array|
|JcoupLocal_1_ce1       |  out|      1|   ap_memory|                               JcoupLocal_1|         array|
|JcoupLocal_1_we1       |  out|      1|   ap_memory|                               JcoupLocal_1|         array|
|JcoupLocal_1_d1        |  out|  16384|   ap_memory|                               JcoupLocal_1|         array|
|JcoupLocal_0_address0  |  out|      3|   ap_memory|                               JcoupLocal_0|         array|
|JcoupLocal_0_ce0       |  out|      1|   ap_memory|                               JcoupLocal_0|         array|
|JcoupLocal_0_q0        |   in|  16384|   ap_memory|                               JcoupLocal_0|         array|
+-----------------------+-----+-------+------------+-------------------------------------------+--------------+

============================================================
+ Verbose Summary: Synthesis Manager
============================================================
InlineROM: 1
ExposeGlobal: 0
============================================================
+ Verbose Summary: CDFG Model
============================================================
IsTopModel: 0
ResetActiveHigh: 1
IsCombinational: 2
IsDatapathOnly: 2
HasWiredReturn: 1
HasMFsm: 2
HasVarLatency: 1
IsPipeline: 0
IsRtlPipelined: 0
IsInstanceOverlapped: 0
IsDontTouch: 0
HasImplIP: 0
IsGatedGlobalClock: 0

+ Individual pipeline summary: 
  * Pipeline-0: initiation interval (II) = 1, depth = 2


============================================================
+ Verbose Summary: Schedule
============================================================
* Number of FSM states : 2
* Pipeline : 1
  Pipeline-0 : II = 1, D = 2, States = { 1 2 }
* Dataflow Pipeline: 0

* FSM state transitions: 
1 --> 2 
2 --> 

* FSM state operations: 

State 1 <SV = 0> <Delay = 1.20>
ST_1 : Operation 5 [1/1] (0.00ns)   --->   "%packOfst = alloca i32 1"   --->   Operation 5 'alloca' 'packOfst' <Predicate = true> <Delay = 0.00>
ST_1 : Operation 6 [1/1] (0.00ns)   --->   "%specmemcore_ln0 = specmemcore void @_ssdm_op_SpecMemCore, i16384 %JcoupLocal_3, i64 666, i64 22, i64 18446744073709551615"   --->   Operation 6 'specmemcore' 'specmemcore_ln0' <Predicate = true> <Delay = 0.00>
ST_1 : Operation 7 [1/1] (0.00ns)   --->   "%specmemcore_ln0 = specmemcore void @_ssdm_op_SpecMemCore, i16384 %JcoupLocal_2, i64 666, i64 22, i64 18446744073709551615"   --->   Operation 7 'specmemcore' 'specmemcore_ln0' <Predicate = true> <Delay = 0.00>
ST_1 : Operation 8 [1/1] (0.00ns)   --->   "%specmemcore_ln0 = specmemcore void @_ssdm_op_SpecMemCore, i16384 %JcoupLocal_1, i64 666, i64 22, i64 18446744073709551615"   --->   Operation 8 'specmemcore' 'specmemcore_ln0' <Predicate = true> <Delay = 0.00>
ST_1 : Operation 9 [1/1] (0.00ns)   --->   "%specmemcore_ln0 = specmemcore void @_ssdm_op_SpecMemCore, i16384 %JcoupLocal_0, i64 666, i64 22, i64 18446744073709551615"   --->   Operation 9 'specmemcore' 'specmemcore_ln0' <Predicate = true> <Delay = 0.00>
ST_1 : Operation 10 [1/1] (0.38ns)   --->   "%store_ln0 = store i4 0, i4 %packOfst"   --->   Operation 10 'store' 'store_ln0' <Predicate = true> <Delay = 0.38>
ST_1 : Operation 11 [1/1] (0.00ns)   --->   "%br_ln0 = br void"   --->   Operation 11 'br' 'br_ln0' <Predicate = true> <Delay = 0.00>
ST_1 : Operation 12 [1/1] (0.00ns)   --->   "%packOfst_1 = load i4 %packOfst" [/home/edci/workspace/SQA_kernels/src/qmc.cpp:273]   --->   Operation 12 'load' 'packOfst_1' <Predicate = true> <Delay = 0.00>
ST_1 : Operation 13 [1/1] (0.65ns)   --->   "%icmp_ln272 = icmp_eq  i4 %packOfst_1, i4 8" [/home/edci/workspace/SQA_kernels/src/qmc.cpp:272]   --->   Operation 13 'icmp' 'icmp_ln272' <Predicate = true> <Delay = 0.65> <CoreInst = "Cmp">   --->   Core 9 'Cmp' <Latency = 0> <II = 1> <Delay = 0.63> <FuncUnit> <Opcode : 'icmp'> <InPorts = 2> <OutPorts = 1>
ST_1 : Operation 14 [1/1] (0.00ns)   --->   "%empty = speclooptripcount i32 @_ssdm_op_SpecLoopTripCount, i64 8, i64 8, i64 8"   --->   Operation 14 'speclooptripcount' 'empty' <Predicate = true> <Delay = 0.00>
ST_1 : Operation 15 [1/1] (0.70ns)   --->   "%add_ln273 = add i4 %packOfst_1, i4 1" [/home/edci/workspace/SQA_kernels/src/qmc.cpp:273]   --->   Operation 15 'add' 'add_ln273' <Predicate = true> <Delay = 0.70> <CoreInst = "Adder">   --->   Core 1 'Adder' <Latency = 0> <II = 1> <Delay = 0.70> <FuncUnit> <Opcode : 'add' 'sub'> <InPorts = 2> <OutPorts = 1>
ST_1 : Operation 16 [1/1] (0.00ns)   --->   "%br_ln272 = br i1 %icmp_ln272, void %.split6, void %.exitStub" [/home/edci/workspace/SQA_kernels/src/qmc.cpp:272]   --->   Operation 16 'br' 'br_ln272' <Predicate = true> <Delay = 0.00>
ST_1 : Operation 17 [1/1] (0.00ns)   --->   "%zext_ln272 = zext i4 %packOfst_1" [/home/edci/workspace/SQA_kernels/src/qmc.cpp:272]   --->   Operation 17 'zext' 'zext_ln272' <Predicate = (!icmp_ln272)> <Delay = 0.00>
ST_1 : Operation 18 [1/1] (0.00ns)   --->   "%JcoupLocal_2_addr = getelementptr i16384 %JcoupLocal_2, i64 0, i64 %zext_ln272" [/home/edci/workspace/SQA_kernels/src/qmc.cpp:280]   --->   Operation 18 'getelementptr' 'JcoupLocal_2_addr' <Predicate = (!icmp_ln272)> <Delay = 0.00>
ST_1 : Operation 19 [2/2] (1.20ns)   --->   "%JcoupLocal_2_load = load i3 %JcoupLocal_2_addr" [/home/edci/workspace/SQA_kernels/src/qmc.cpp:280]   --->   Operation 19 'load' 'JcoupLocal_2_load' <Predicate = (!icmp_ln272)> <Delay = 1.20> <CoreInst = "RAM_2P_BRAM">   --->   Core 94 'RAM_2P_BRAM' <Latency = 1> <II = 1> <Delay = 1.20> <Storage> <Opcode : 'load' 'store'> <Ports = 2> <Width = 16384> <Depth = 8> <RAM>
ST_1 : Operation 20 [1/1] (0.00ns)   --->   "%JcoupLocal_1_addr = getelementptr i16384 %JcoupLocal_1, i64 0, i64 %zext_ln272" [/home/edci/workspace/SQA_kernels/src/qmc.cpp:280]   --->   Operation 20 'getelementptr' 'JcoupLocal_1_addr' <Predicate = (!icmp_ln272)> <Delay = 0.00>
ST_1 : Operation 21 [2/2] (1.20ns)   --->   "%JcoupLocal_1_load = load i3 %JcoupLocal_1_addr" [/home/edci/workspace/SQA_kernels/src/qmc.cpp:280]   --->   Operation 21 'load' 'JcoupLocal_1_load' <Predicate = (!icmp_ln272)> <Delay = 1.20> <CoreInst = "RAM_2P_BRAM">   --->   Core 94 'RAM_2P_BRAM' <Latency = 1> <II = 1> <Delay = 1.20> <Storage> <Opcode : 'load' 'store'> <Ports = 2> <Width = 16384> <Depth = 8> <RAM>
ST_1 : Operation 22 [1/1] (0.00ns)   --->   "%JcoupLocal_0_addr = getelementptr i16384 %JcoupLocal_0, i64 0, i64 %zext_ln272" [/home/edci/workspace/SQA_kernels/src/qmc.cpp:280]   --->   Operation 22 'getelementptr' 'JcoupLocal_0_addr' <Predicate = (!icmp_ln272)> <Delay = 0.00>
ST_1 : Operation 23 [2/2] (1.20ns)   --->   "%JcoupLocal_0_load = load i3 %JcoupLocal_0_addr" [/home/edci/workspace/SQA_kernels/src/qmc.cpp:280]   --->   Operation 23 'load' 'JcoupLocal_0_load' <Predicate = (!icmp_ln272)> <Delay = 1.20> <CoreInst = "RAM_2P_BRAM">   --->   Core 94 'RAM_2P_BRAM' <Latency = 1> <II = 1> <Delay = 1.20> <Storage> <Opcode : 'load' 'store'> <Ports = 2> <Width = 16384> <Depth = 8> <RAM>
ST_1 : Operation 24 [1/1] (0.38ns)   --->   "%store_ln273 = store i4 %add_ln273, i4 %packOfst" [/home/edci/workspace/SQA_kernels/src/qmc.cpp:273]   --->   Operation 24 'store' 'store_ln273' <Predicate = (!icmp_ln272)> <Delay = 0.38>
ST_1 : Operation 35 [1/1] (0.00ns)   --->   "%ret_ln0 = ret"   --->   Operation 35 'ret' 'ret_ln0' <Predicate = (icmp_ln272)> <Delay = 0.00>

State 2 <SV = 1> <Delay = 2.40>
ST_2 : Operation 25 [1/1] (0.00ns)   --->   "%specpipeline_ln272 = specpipeline void @_ssdm_op_SpecPipeline, i32 4294967295, i32 0, i32 0, i32 0, void @empty_3" [/home/edci/workspace/SQA_kernels/src/qmc.cpp:272]   --->   Operation 25 'specpipeline' 'specpipeline_ln272' <Predicate = true> <Delay = 0.00>
ST_2 : Operation 26 [1/1] (0.00ns)   --->   "%specloopname_ln272 = specloopname void @_ssdm_op_SpecLoopName, void @empty_21" [/home/edci/workspace/SQA_kernels/src/qmc.cpp:272]   --->   Operation 26 'specloopname' 'specloopname_ln272' <Predicate = true> <Delay = 0.00>
ST_2 : Operation 27 [1/2] (1.20ns)   --->   "%JcoupLocal_2_load = load i3 %JcoupLocal_2_addr" [/home/edci/workspace/SQA_kernels/src/qmc.cpp:280]   --->   Operation 27 'load' 'JcoupLocal_2_load' <Predicate = true> <Delay = 1.20> <CoreInst = "RAM_2P_BRAM">   --->   Core 94 'RAM_2P_BRAM' <Latency = 1> <II = 1> <Delay = 1.20> <Storage> <Opcode : 'load' 'store'> <Ports = 2> <Width = 16384> <Depth = 8> <RAM>
ST_2 : Operation 28 [1/1] (0.00ns)   --->   "%JcoupLocal_3_addr = getelementptr i16384 %JcoupLocal_3, i64 0, i64 %zext_ln272" [/home/edci/workspace/SQA_kernels/src/qmc.cpp:279]   --->   Operation 28 'getelementptr' 'JcoupLocal_3_addr' <Predicate = true> <Delay = 0.00>
ST_2 : Operation 29 [1/1] (1.20ns)   --->   "%store_ln279 = store i16384 %JcoupLocal_2_load, i3 %JcoupLocal_3_addr" [/home/edci/workspace/SQA_kernels/src/qmc.cpp:279]   --->   Operation 29 'store' 'store_ln279' <Predicate = true> <Delay = 1.20> <CoreInst = "RAM_2P_BRAM">   --->   Core 94 'RAM_2P_BRAM' <Latency = 1> <II = 1> <Delay = 1.20> <Storage> <Opcode : 'load' 'store'> <Ports = 2> <Width = 16384> <Depth = 8> <RAM>
ST_2 : Operation 30 [1/2] (1.20ns)   --->   "%JcoupLocal_1_load = load i3 %JcoupLocal_1_addr" [/home/edci/workspace/SQA_kernels/src/qmc.cpp:280]   --->   Operation 30 'load' 'JcoupLocal_1_load' <Predicate = true> <Delay = 1.20> <CoreInst = "RAM_2P_BRAM">   --->   Core 94 'RAM_2P_BRAM' <Latency = 1> <II = 1> <Delay = 1.20> <Storage> <Opcode : 'load' 'store'> <Ports = 2> <Width = 16384> <Depth = 8> <RAM>
ST_2 : Operation 31 [1/1] (1.20ns)   --->   "%store_ln279 = store i16384 %JcoupLocal_1_load, i3 %JcoupLocal_2_addr" [/home/edci/workspace/SQA_kernels/src/qmc.cpp:279]   --->   Operation 31 'store' 'store_ln279' <Predicate = true> <Delay = 1.20> <CoreInst = "RAM_2P_BRAM">   --->   Core 94 'RAM_2P_BRAM' <Latency = 1> <II = 1> <Delay = 1.20> <Storage> <Opcode : 'load' 'store'> <Ports = 2> <Width = 16384> <Depth = 8> <RAM>
ST_2 : Operation 32 [1/2] (1.20ns)   --->   "%JcoupLocal_0_load = load i3 %JcoupLocal_0_addr" [/home/edci/workspace/SQA_kernels/src/qmc.cpp:280]   --->   Operation 32 'load' 'JcoupLocal_0_load' <Predicate = true> <Delay = 1.20> <CoreInst = "RAM_2P_BRAM">   --->   Core 94 'RAM_2P_BRAM' <Latency = 1> <II = 1> <Delay = 1.20> <Storage> <Opcode : 'load' 'store'> <Ports = 2> <Width = 16384> <Depth = 8> <RAM>
ST_2 : Operation 33 [1/1] (1.20ns)   --->   "%store_ln279 = store i16384 %JcoupLocal_0_load, i3 %JcoupLocal_1_addr" [/home/edci/workspace/SQA_kernels/src/qmc.cpp:279]   --->   Operation 33 'store' 'store_ln279' <Predicate = true> <Delay = 1.20> <CoreInst = "RAM_2P_BRAM">   --->   Core 94 'RAM_2P_BRAM' <Latency = 1> <II = 1> <Delay = 1.20> <Storage> <Opcode : 'load' 'store'> <Ports = 2> <Width = 16384> <Depth = 8> <RAM>
ST_2 : Operation 34 [1/1] (0.00ns)   --->   "%br_ln0 = br void"   --->   Operation 34 'br' 'br_ln0' <Predicate = true> <Delay = 0.00>


============================================================
+ Verbose Summary: Binding
============================================================
STG Binding: 
---------------- STG Properties BEGIN ----------------
- Is combinational: 0
- Is one-state seq: 0
- Is datapath-only: 0
- Is pipelined: 0
- Is top level: 0
Port [ Return ] is wired: 1; IO mode=ap_ctrl_hs:ce=0
Port [ JcoupLocal_2]:  wired=1; compound=1; hidden=0; nouse=0; global=0; static=0; extern=0; dir=2; type=1; pingpong=0; private_global=0; MemPort=[10]; IO mode=ap_memory:ce=0
Port [ JcoupLocal_3]:  wired=1; compound=1; hidden=0; nouse=0; global=0; static=0; extern=0; dir=1; type=1; pingpong=0; private_global=0; MemPort=[30]; IO mode=ap_memory:ce=0
Port [ JcoupLocal_1]:  wired=1; compound=1; hidden=0; nouse=0; global=0; static=0; extern=0; dir=2; type=1; pingpong=0; private_global=0; MemPort=[10]; IO mode=ap_memory:ce=0
Port [ JcoupLocal_0]:  wired=1; compound=1; hidden=0; nouse=0; global=0; static=0; extern=0; dir=0; type=1; pingpong=0; private_global=0; MemPort=[13]; IO mode=ap_memory:ce=0
---------------- STG Properties END ------------------

---------------- Datapath Model BEGIN ----------------

<LifeTime>
<method=bitvector/>
packOfst           (alloca           ) [ 010]
specmemcore_ln0    (specmemcore      ) [ 000]
specmemcore_ln0    (specmemcore      ) [ 000]
specmemcore_ln0    (specmemcore      ) [ 000]
specmemcore_ln0    (specmemcore      ) [ 000]
store_ln0          (store            ) [ 000]
br_ln0             (br               ) [ 000]
packOfst_1         (load             ) [ 000]
icmp_ln272         (icmp             ) [ 010]
empty              (speclooptripcount) [ 000]
add_ln273          (add              ) [ 000]
br_ln272           (br               ) [ 000]
zext_ln272         (zext             ) [ 011]
JcoupLocal_2_addr  (getelementptr    ) [ 011]
JcoupLocal_1_addr  (getelementptr    ) [ 011]
JcoupLocal_0_addr  (getelementptr    ) [ 011]
store_ln273        (store            ) [ 000]
specpipeline_ln272 (specpipeline     ) [ 000]
specloopname_ln272 (specloopname     ) [ 000]
JcoupLocal_2_load  (load             ) [ 000]
JcoupLocal_3_addr  (getelementptr    ) [ 000]
store_ln279        (store            ) [ 000]
JcoupLocal_1_load  (load             ) [ 000]
store_ln279        (store            ) [ 000]
JcoupLocal_0_load  (load             ) [ 000]
store_ln279        (store            ) [ 000]
br_ln0             (br               ) [ 000]
ret_ln0            (ret              ) [ 000]
</LifeTime>

<model>

<comp_list>
<comp id="0" class="1000" name="JcoupLocal_2">
<pin_list>
<pin id="1" dir="1" index="0" bw="1" slack="0"/>
</pin_list>
<bind>
<StgValue><ssdm name="JcoupLocal_2"/><MemPortTyVec>1 0 </MemPortTyVec>
</StgValue>
</bind>
</comp>

<comp id="2" class="1000" name="JcoupLocal_3">
<pin_list>
<pin id="3" dir="1" index="0" bw="1" slack="0"/>
</pin_list>
<bind>
<StgValue><ssdm name="JcoupLocal_3"/><MemPortTyVec>3 0 </MemPortTyVec>
</StgValue>
</bind>
</comp>

<comp id="4" class="1000" name="JcoupLocal_1">
<pin_list>
<pin id="5" dir="1" index="0" bw="1" slack="0"/>
</pin_list>
<bind>
<StgValue><ssdm name="JcoupLocal_1"/><MemPortTyVec>1 0 </MemPortTyVec>
</StgValue>
</bind>
</comp>

<comp id="6" class="1000" name="JcoupLocal_0">
<pin_list>
<pin id="7" dir="1" index="0" bw="1" slack="0"/>
</pin_list>
<bind>
<StgValue><ssdm name="JcoupLocal_0"/><MemPortTyVec>1 3 </MemPortTyVec>
</StgValue>
</bind>
</comp>

<comp id="8" class="1001" name="const_8">
<pin_list>
<pin id="9" dir="1" index="0" bw="1" slack="0"/>
</pin_list>
<bind>
<StgValue><ssdm name=""/></StgValue>
</bind>
</comp>

<comp id="10" class="1001" name="const_10">
<pin_list>
<pin id="11" dir="1" index="0" bw="1" slack="2147483647"/>
</pin_list>
<bind>
<StgValue><ssdm name="_ssdm_op_SpecMemCore"/></StgValue>
</bind>
</comp>

<comp id="12" class="1001" name="const_12">
<pin_list>
<pin id="13" dir="1" index="0" bw="1" slack="2147483647"/>
</pin_list>
<bind>
<StgValue><ssdm name=""/></StgValue>
</bind>
</comp>

<comp id="14" class="1001" name="const_14">
<pin_list>
<pin id="15" dir="1" index="0" bw="1" slack="2147483647"/>
</pin_list>
<bind>
<StgValue><ssdm name=""/></StgValue>
</bind>
</comp>

<comp id="16" class="1001" name="const_16">
<pin_list>
<pin id="17" dir="1" index="0" bw="1" slack="2147483647"/>
</pin_list>
<bind>
<StgValue><ssdm name=""/></StgValue>
</bind>
</comp>

<comp id="18" class="1001" name="const_18">
<pin_list>
<pin id="19" dir="1" index="0" bw="1" slack="0"/>
</pin_list>
<bind>
<StgValue><ssdm name=""/></StgValue>
</bind>
</comp>

<comp id="20" class="1001" name="const_20">
<pin_list>
<pin id="21" dir="1" index="0" bw="1" slack="0"/>
</pin_list>
<bind>
<StgValue><ssdm name=""/></StgValue>
</bind>
</comp>

<comp id="22" class="1001" name="const_22">
<pin_list>
<pin id="23" dir="1" index="0" bw="1" slack="2147483647"/>
</pin_list>
<bind>
<StgValue><ssdm name="_ssdm_op_SpecLoopTripCount"/></StgValue>
</bind>
</comp>

<comp id="24" class="1001" name="const_24">
<pin_list>
<pin id="25" dir="1" index="0" bw="1" slack="2147483647"/>
</pin_list>
<bind>
<StgValue><ssdm name=""/></StgValue>
</bind>
</comp>

<comp id="26" class="1001" name="const_26">
<pin_list>
<pin id="27" dir="1" index="0" bw="1" slack="0"/>
</pin_list>
<bind>
<StgValue><ssdm name=""/></StgValue>
</bind>
</comp>

<comp id="28" class="1001" name="const_28">
<pin_list>
<pin id="29" dir="1" index="0" bw="1" slack="0"/>
</pin_list>
<bind>
<StgValue><ssdm name=""/></StgValue>
</bind>
</comp>

<comp id="30" class="1001" name="const_30">
<pin_list>
<pin id="31" dir="1" index="0" bw="1" slack="2147483647"/>
</pin_list>
<bind>
<StgValue><ssdm name="_ssdm_op_SpecPipeline"/></StgValue>
</bind>
</comp>

<comp id="32" class="1001" name="const_32">
<pin_list>
<pin id="33" dir="1" index="0" bw="1" slack="2147483647"/>
</pin_list>
<bind>
<StgValue><ssdm name=""/></StgValue>
</bind>
</comp>

<comp id="34" class="1001" name="const_34">
<pin_list>
<pin id="35" dir="1" index="0" bw="1" slack="2147483647"/>
</pin_list>
<bind>
<StgValue><ssdm name=""/></StgValue>
</bind>
</comp>

<comp id="36" class="1001" name="const_36">
<pin_list>
<pin id="37" dir="1" index="0" bw="1" slack="2147483647"/>
</pin_list>
<bind>
<StgValue><ssdm name="empty_3"/></StgValue>
</bind>
</comp>

<comp id="38" class="1001" name="const_38">
<pin_list>
<pin id="39" dir="1" index="0" bw="1" slack="2147483647"/>
</pin_list>
<bind>
<StgValue><ssdm name="_ssdm_op_SpecLoopName"/></StgValue>
</bind>
</comp>

<comp id="40" class="1001" name="const_40">
<pin_list>
<pin id="41" dir="1" index="0" bw="1" slack="2147483647"/>
</pin_list>
<bind>
<StgValue><ssdm name="empty_21"/></StgValue>
</bind>
</comp>

<comp id="42" class="1004" name="packOfst_fu_42">
<pin_list>
<pin id="43" dir="0" index="0" bw="1" slack="0"/>
<pin id="44" dir="1" index="1" bw="4" slack="0"/>
</pin_list>
<bind>
<opcode="alloca(26) " fcode="alloca"/>
<opset="packOfst/1 "/>
</bind>
</comp>

<comp id="46" class="1004" name="JcoupLocal_2_addr_gep_fu_46">
<pin_list>
<pin id="47" dir="0" index="0" bw="16384" slack="0"/>
<pin id="48" dir="0" index="1" bw="1" slack="0"/>
<pin id="49" dir="0" index="2" bw="4" slack="0"/>
<pin id="50" dir="1" index="3" bw="3" slack="0"/>
</pin_list>
<bind>
<opcode="getelementptr(29) " fcode="getelementptr"/>
<opset="JcoupLocal_2_addr/1 "/>
</bind>
</comp>

<comp id="53" class="1004" name="grp_access_fu_53">
<pin_list>
<pin id="54" dir="0" index="0" bw="3" slack="0"/>
<pin id="55" dir="0" index="1" bw="16384" slack="2147483647"/>
<pin id="56" dir="0" index="2" bw="0" slack="1"/>
<pin id="103" dir="0" index="4" bw="3" slack="0"/>
<pin id="104" dir="0" index="5" bw="16384" slack="2147483647"/>
<pin id="105" dir="0" index="6" bw="0" slack="2147483647"/>
<pin id="57" dir="1" index="3" bw="16384" slack="0"/>
<pin id="106" dir="1" index="7" bw="16384" slack="2147483647"/>
</pin_list>
<bind>
<opcode="load(27) store(28) " fcode="store"/>
<opset="JcoupLocal_2_load/1 store_ln279/2 "/>
</bind>
</comp>

<comp id="59" class="1004" name="JcoupLocal_1_addr_gep_fu_59">
<pin_list>
<pin id="60" dir="0" index="0" bw="16384" slack="0"/>
<pin id="61" dir="0" index="1" bw="1" slack="0"/>
<pin id="62" dir="0" index="2" bw="4" slack="0"/>
<pin id="63" dir="1" index="3" bw="3" slack="0"/>
</pin_list>
<bind>
<opcode="getelementptr(29) " fcode="getelementptr"/>
<opset="JcoupLocal_1_addr/1 "/>
</bind>
</comp>

<comp id="66" class="1004" name="grp_access_fu_66">
<pin_list>
<pin id="67" dir="0" index="0" bw="3" slack="0"/>
<pin id="68" dir="0" index="1" bw="16384" slack="2147483647"/>
<pin id="69" dir="0" index="2" bw="0" slack="1"/>
<pin id="108" dir="0" index="4" bw="3" slack="0"/>
<pin id="109" dir="0" index="5" bw="16384" slack="2147483647"/>
<pin id="110" dir="0" index="6" bw="0" slack="2147483647"/>
<pin id="70" dir="1" index="3" bw="16384" slack="0"/>
<pin id="111" dir="1" index="7" bw="16384" slack="2147483647"/>
</pin_list>
<bind>
<opcode="load(27) store(28) " fcode="store"/>
<opset="JcoupLocal_1_load/1 store_ln279/2 "/>
</bind>
</comp>

<comp id="72" class="1004" name="JcoupLocal_0_addr_gep_fu_72">
<pin_list>
<pin id="73" dir="0" index="0" bw="16384" slack="0"/>
<pin id="74" dir="0" index="1" bw="1" slack="0"/>
<pin id="75" dir="0" index="2" bw="4" slack="0"/>
<pin id="76" dir="1" index="3" bw="3" slack="0"/>
</pin_list>
<bind>
<opcode="getelementptr(29) " fcode="getelementptr"/>
<opset="JcoupLocal_0_addr/1 "/>
</bind>
</comp>

<comp id="79" class="1004" name="grp_access_fu_79">
<pin_list>
<pin id="80" dir="0" index="0" bw="3" slack="0"/>
<pin id="81" dir="0" index="1" bw="16384" slack="2147483647"/>
<pin id="82" dir="0" index="2" bw="0" slack="2147483647"/>
<pin id="83" dir="1" index="3" bw="16384" slack="0"/>
</pin_list>
<bind>
<opcode="load(27) " fcode="load"/>
<opset="JcoupLocal_0_load/1 "/>
</bind>
</comp>

<comp id="85" class="1004" name="JcoupLocal_3_addr_gep_fu_85">
<pin_list>
<pin id="86" dir="0" index="0" bw="16384" slack="0"/>
<pin id="87" dir="0" index="1" bw="1" slack="0"/>
<pin id="88" dir="0" index="2" bw="4" slack="1"/>
<pin id="89" dir="1" index="3" bw="3" slack="0"/>
</pin_list>
<bind>
<opcode="getelementptr(29) " fcode="getelementptr"/>
<opset="JcoupLocal_3_addr/2 "/>
</bind>
</comp>

<comp id="92" class="1004" name="store_ln279_access_fu_92">
<pin_list>
<pin id="93" dir="0" index="0" bw="3" slack="2147483647"/>
<pin id="94" dir="0" index="1" bw="16384" slack="2147483647"/>
<pin id="95" dir="0" index="2" bw="0" slack="0"/>
<pin id="97" dir="0" index="4" bw="3" slack="0"/>
<pin id="98" dir="0" index="5" bw="16384" slack="2147483647"/>
<pin id="99" dir="0" index="6" bw="0" slack="2147483647"/>
<pin id="96" dir="1" index="3" bw="16384" slack="2147483647"/>
<pin id="100" dir="1" index="7" bw="16384" slack="2147483647"/>
</pin_list>
<bind>
<opcode="store(28) " fcode="store"/>
<opset="store_ln279/2 "/>
</bind>
</comp>

<comp id="113" class="1004" name="store_ln0_store_fu_113">
<pin_list>
<pin id="114" dir="0" index="0" bw="1" slack="0"/>
<pin id="115" dir="0" index="1" bw="4" slack="0"/>
<pin id="116" dir="1" index="2" bw="0" slack="2147483647"/>
</pin_list>
<bind>
<opcode="store(28) " fcode="store"/>
<opset="store_ln0/1 "/>
</bind>
</comp>

<comp id="118" class="1004" name="packOfst_1_load_fu_118">
<pin_list>
<pin id="119" dir="0" index="0" bw="4" slack="0"/>
<pin id="120" dir="1" index="1" bw="4" slack="0"/>
</pin_list>
<bind>
<opcode="load(27) " fcode="load"/>
<opset="packOfst_1/1 "/>
</bind>
</comp>

<comp id="121" class="1004" name="icmp_ln272_fu_121">
<pin_list>
<pin id="122" dir="0" index="0" bw="4" slack="0"/>
<pin id="123" dir="0" index="1" bw="4" slack="0"/>
<pin id="124" dir="1" index="2" bw="1" slack="2147483647"/>
</pin_list>
<bind>
<opcode="icmp(45) " fcode="icmp"/>
<opset="icmp_ln272/1 "/>
</bind>
</comp>

<comp id="127" class="1004" name="add_ln273_fu_127">
<pin_list>
<pin id="128" dir="0" index="0" bw="4" slack="0"/>
<pin id="129" dir="0" index="1" bw="1" slack="0"/>
<pin id="130" dir="1" index="2" bw="4" slack="0"/>
</pin_list>
<bind>
<opcode="add(8) " fcode="add"/>
<opset="add_ln273/1 "/>
</bind>
</comp>

<comp id="133" class="1004" name="zext_ln272_fu_133">
<pin_list>
<pin id="134" dir="0" index="0" bw="4" slack="0"/>
<pin id="135" dir="1" index="1" bw="64" slack="0"/>
</pin_list>
<bind>
<opcode="zext(34) " fcode="zext"/>
<opset="zext_ln272/1 "/>
</bind>
</comp>

<comp id="140" class="1004" name="store_ln273_store_fu_140">
<pin_list>
<pin id="141" dir="0" index="0" bw="4" slack="0"/>
<pin id="142" dir="0" index="1" bw="4" slack="0"/>
<pin id="143" dir="1" index="2" bw="0" slack="2147483647"/>
</pin_list>
<bind>
<opcode="store(28) " fcode="store"/>
<opset="store_ln273/1 "/>
</bind>
</comp>

<comp id="145" class="1005" name="packOfst_reg_145">
<pin_list>
<pin id="146" dir="0" index="0" bw="4" slack="0"/>
<pin id="147" dir="1" index="1" bw="4" slack="0"/>
</pin_list>
<bind>
<opset="packOfst "/>
</bind>
</comp>

<comp id="155" class="1005" name="zext_ln272_reg_155">
<pin_list>
<pin id="156" dir="0" index="0" bw="64" slack="1"/>
<pin id="157" dir="1" index="1" bw="64" slack="1"/>
</pin_list>
<bind>
<opset="zext_ln272 "/>
</bind>
</comp>

<comp id="160" class="1005" name="JcoupLocal_2_addr_reg_160">
<pin_list>
<pin id="161" dir="0" index="0" bw="3" slack="1"/>
<pin id="162" dir="1" index="1" bw="3" slack="1"/>
</pin_list>
<bind>
<opset="JcoupLocal_2_addr "/>
</bind>
</comp>

<comp id="166" class="1005" name="JcoupLocal_1_addr_reg_166">
<pin_list>
<pin id="167" dir="0" index="0" bw="3" slack="1"/>
<pin id="168" dir="1" index="1" bw="3" slack="1"/>
</pin_list>
<bind>
<opset="JcoupLocal_1_addr "/>
</bind>
</comp>

<comp id="172" class="1005" name="JcoupLocal_0_addr_reg_172">
<pin_list>
<pin id="173" dir="0" index="0" bw="3" slack="1"/>
<pin id="174" dir="1" index="1" bw="3" slack="1"/>
</pin_list>
<bind>
<opset="JcoupLocal_0_addr "/>
</bind>
</comp>

</comp_list>

<net_list>
<net id="45"><net_src comp="8" pin="0"/><net_sink comp="42" pin=0"/></net>

<net id="51"><net_src comp="0" pin="0"/><net_sink comp="46" pin=0"/></net>

<net id="52"><net_src comp="28" pin="0"/><net_sink comp="46" pin=1"/></net>

<net id="58"><net_src comp="46" pin="3"/><net_sink comp="53" pin=0"/></net>

<net id="64"><net_src comp="4" pin="0"/><net_sink comp="59" pin=0"/></net>

<net id="65"><net_src comp="28" pin="0"/><net_sink comp="59" pin=1"/></net>

<net id="71"><net_src comp="59" pin="3"/><net_sink comp="66" pin=0"/></net>

<net id="77"><net_src comp="6" pin="0"/><net_sink comp="72" pin=0"/></net>

<net id="78"><net_src comp="28" pin="0"/><net_sink comp="72" pin=1"/></net>

<net id="84"><net_src comp="72" pin="3"/><net_sink comp="79" pin=0"/></net>

<net id="90"><net_src comp="2" pin="0"/><net_sink comp="85" pin=0"/></net>

<net id="91"><net_src comp="28" pin="0"/><net_sink comp="85" pin=1"/></net>

<net id="101"><net_src comp="53" pin="3"/><net_sink comp="92" pin=4"/></net>

<net id="102"><net_src comp="85" pin="3"/><net_sink comp="92" pin=2"/></net>

<net id="107"><net_src comp="66" pin="3"/><net_sink comp="53" pin=4"/></net>

<net id="112"><net_src comp="79" pin="3"/><net_sink comp="66" pin=4"/></net>

<net id="117"><net_src comp="18" pin="0"/><net_sink comp="113" pin=0"/></net>

<net id="125"><net_src comp="118" pin="1"/><net_sink comp="121" pin=0"/></net>

<net id="126"><net_src comp="20" pin="0"/><net_sink comp="121" pin=1"/></net>

<net id="131"><net_src comp="118" pin="1"/><net_sink comp="127" pin=0"/></net>

<net id="132"><net_src comp="26" pin="0"/><net_sink comp="127" pin=1"/></net>

<net id="136"><net_src comp="118" pin="1"/><net_sink comp="133" pin=0"/></net>

<net id="137"><net_src comp="133" pin="1"/><net_sink comp="46" pin=2"/></net>

<net id="138"><net_src comp="133" pin="1"/><net_sink comp="59" pin=2"/></net>

<net id="139"><net_src comp="133" pin="1"/><net_sink comp="72" pin=2"/></net>

<net id="144"><net_src comp="127" pin="2"/><net_sink comp="140" pin=0"/></net>

<net id="148"><net_src comp="42" pin="1"/><net_sink comp="145" pin=0"/></net>

<net id="149"><net_src comp="145" pin="1"/><net_sink comp="113" pin=1"/></net>

<net id="150"><net_src comp="145" pin="1"/><net_sink comp="118" pin=0"/></net>

<net id="151"><net_src comp="145" pin="1"/><net_sink comp="140" pin=1"/></net>

<net id="158"><net_src comp="133" pin="1"/><net_sink comp="155" pin=0"/></net>

<net id="159"><net_src comp="155" pin="1"/><net_sink comp="85" pin=2"/></net>

<net id="163"><net_src comp="46" pin="3"/><net_sink comp="160" pin=0"/></net>

<net id="164"><net_src comp="160" pin="1"/><net_sink comp="53" pin=0"/></net>

<net id="165"><net_src comp="160" pin="1"/><net_sink comp="53" pin=2"/></net>

<net id="169"><net_src comp="59" pin="3"/><net_sink comp="166" pin=0"/></net>

<net id="170"><net_src comp="166" pin="1"/><net_sink comp="66" pin=0"/></net>

<net id="171"><net_src comp="166" pin="1"/><net_sink comp="66" pin=2"/></net>

<net id="175"><net_src comp="72" pin="3"/><net_sink comp="172" pin=0"/></net>

<net id="176"><net_src comp="172" pin="1"/><net_sink comp="79" pin=0"/></net>

</net_list>

</model> 
---------------- Datapath Model END ------------------

* FSMD analyzer results:
  - Output states:
	Port: JcoupLocal_2 | {2 }
	Port: JcoupLocal_3 | {2 }
	Port: JcoupLocal_1 | {2 }
 - Input state : 
	Port: QuantumMonteCarloU50_Pipeline_SHIFT_JCOUP : JcoupLocal_2 | {1 2 }
	Port: QuantumMonteCarloU50_Pipeline_SHIFT_JCOUP : JcoupLocal_1 | {1 2 }
	Port: QuantumMonteCarloU50_Pipeline_SHIFT_JCOUP : JcoupLocal_0 | {1 2 }
  - Chain level:
	State 1
		store_ln0 : 1
		packOfst_1 : 1
		icmp_ln272 : 2
		add_ln273 : 2
		br_ln272 : 3
		zext_ln272 : 2
		JcoupLocal_2_addr : 3
		JcoupLocal_2_load : 4
		JcoupLocal_1_addr : 3
		JcoupLocal_1_load : 4
		JcoupLocal_0_addr : 3
		JcoupLocal_0_load : 4
		store_ln273 : 3
	State 2
		store_ln279 : 1
		store_ln279 : 1
		store_ln279 : 1


============================================================
+ Verbose Summary: Datapath Resource usage 
============================================================

* Functional unit list:
|----------|-------------------|---------|---------|
| Operation|  Functional Unit  |    FF   |   LUT   |
|----------|-------------------|---------|---------|
|    add   |  add_ln273_fu_127 |    0    |    12   |
|----------|-------------------|---------|---------|
|   icmp   | icmp_ln272_fu_121 |    0    |    9    |
|----------|-------------------|---------|---------|
|   zext   | zext_ln272_fu_133 |    0    |    0    |
|----------|-------------------|---------|---------|
|   Total  |                   |    0    |    21   |
|----------|-------------------|---------|---------|

Memories:
N/A

* Register list:
+-------------------------+--------+
|                         |   FF   |
+-------------------------+--------+
|JcoupLocal_0_addr_reg_172|    3   |
|JcoupLocal_1_addr_reg_166|    3   |
|JcoupLocal_2_addr_reg_160|    3   |
|     packOfst_reg_145    |    4   |
|    zext_ln272_reg_155   |   64   |
+-------------------------+--------+
|          Total          |   77   |
+-------------------------+--------+

* Multiplexer (MUX) list: 
|------------------|------|------|------|--------||---------||---------|
|       Comp       |  Pin | Size |  BW  | S x BW ||  Delay  ||   LUT   |
|------------------|------|------|------|--------||---------||---------|
| grp_access_fu_53 |  p0  |   2  |   3  |    6   ||    9    |
| grp_access_fu_66 |  p0  |   2  |   3  |    6   ||    9    |
| grp_access_fu_79 |  p0  |   2  |   3  |    6   ||    9    |
|------------------|------|------|------|--------||---------||---------|
|       Total      |      |      |      |   18   ||  1.161  ||    27   |
|------------------|------|------|------|--------||---------||---------|



* Summary:
+-----------+--------+--------+--------+
|           |  Delay |   FF   |   LUT  |
+-----------+--------+--------+--------+
|  Function |    -   |    0   |   21   |
|   Memory  |    -   |    -   |    -   |
|Multiplexer|    1   |    -   |   27   |
|  Register |    -   |   77   |    -   |
+-----------+--------+--------+--------+
|   Total   |    1   |   77   |   48   |
+-----------+--------+--------+--------+
